(transform N7datalog13mk_coi_filterE...no-op 0s)
(transform N7datalog25mk_interp_tail_simplifierE...9 rules 0.033s)
(transform N7datalog27mk_quantifier_instantiationE...no-op 0s)
(transform N7datalog8mk_scaleE...no-op 0s)
(transform N7datalog18mk_karr_invariantsE...no-op 0s)
(transform N7datalog14mk_array_blastE...no-op 0s)
(transform N7datalog16mk_elim_term_iteE...no-op 0s)
(transform N7datalog22mk_subsumption_checkerE...8 rules 0.007s)
(transform N7datalog12mk_bit_blastE...no-op 0s)
(transform N7datalog15mk_rule_inlinerE...no-op 0s)
(transform N7datalog13mk_coi_filterE...no-op 0s)
(transform N7datalog25mk_interp_tail_simplifierE...8 rules 0.002s)
(transform N7datalog22mk_subsumption_checkerE...no-op 0s)
(transform N7datalog15mk_rule_inlinerE...no-op 0s)
(transform N7datalog13mk_coi_filterE...no-op 0s)
(transform N7datalog25mk_interp_tail_simplifierE...8 rules 0.002s)
(transform N7datalog22mk_subsumption_checkerE...no-op 0s)
(transform N7datalog15mk_rule_inlinerE...no-op 0s)
(transform N7datalog22mk_subsumption_checkerE...no-op 0s)
(transform N7datalog15mk_rule_inlinerE...no-op 0s)
(transform N7datalog22mk_subsumption_checkerE...no-op 0s)
(transform N7datalog15mk_rule_inlinerE...no-op 0s)
(transform N7datalog22mk_subsumption_checkerE...no-op 0s)
expand: query!0 (0, 0) FAR  w(0) 1. F 0.00
(spacer::context::check_reachability :time 0.00 :before-memory 13.76 :after-memory 13.96)
Entering level 1
expand: query!0 (1, 0) FAR  w(0) 1.
	create_child: main@entry!_BAD (0, 1) FAR 1 U 0.00
expand: main@entry!_BAD (0, 0) FAR  w(0) 1. F 0.01
expand: query!0 (1, 0) FAR  w(0) 1. F 0.00
(spacer::context::check_reachability :time 0.01 :before-memory 13.96 :after-memory 15.11)
Propagating: 0 1  ! 2 
(spacer::context::propagate :time 0.00 :before-memory 15.11 :after-memory 15.40)
Entering level 2
expand: query!0 (2, 0) FAR  w(0) 1.
	create_child: main@entry!_BAD (1, 2) FAR 1 U 0.00
expand: main@entry!_BAD (1, 0) FAR  w(0) 1.
	create_child: main@entry (0, 2) FAR 1 U 0.00
expand: main@entry (0, 0) FAR  w(0) 1. F 0.01
expand: main@entry!_BAD (1, 0) FAR  w(0) 1. F 0.00
expand: query!0 (2, 0) FAR  w(0) 1. F 0.00
(spacer::context::check_reachability :time 0.01 :before-memory 15.40 :after-memory 17.30)
Propagating: 0 1 2  ! 3 
(spacer::context::propagate :time 0.00 :before-memory 17.30 :after-memory 17.39)
Entering level 3
expand: query!0 (3, 0) FAR  w(0) 1.
	create_child: main@entry!_BAD (2, 3) FAR 1 U 0.00
expand: main@entry!_BAD (2, 0) FAR  w(0) 1.
	create_child: main@entry (1, 3) FAR 1 U 0.00
expand: main@entry (1, 0) FAR  w(0) 1.
	create_child: main@_58 (0, 3) FAR 25077 U 0.00
expand: main@_58 (0, 0) FAR  w(0) 25077. F 0.00
expand: main@entry (1, 0) FAR  w(0) 1. F 0.00
expand: main@entry!_BAD (2, 0) FAR  w(0) 1. F 0.00
expand: query!0 (3, 0) FAR  w(0) 1. F 0.00
(spacer::context::check_reachability :time 0.01 :before-memory 17.39 :after-memory 18.19)
Propagating: 0 1 2 3  ! 4 
(spacer::context::propagate :time 0.00 :before-memory 18.19 :after-memory 18.19)
Entering level 4
expand: query!0 (4, 0) FAR  w(0) 1.
	create_child: main@entry!_BAD (3, 4) FAR 1 U 0.00
expand: main@entry!_BAD (3, 0) FAR  w(0) 1.
	create_child: main@entry (2, 4) FAR 1 U 0.00
expand: main@entry (2, 0) FAR  w(0) 1.
	create_child: main@_58 (1, 4) FAR 25077 U 0.00
expand: main@_58 (1, 0) FAR  w(0) 25077.
	create_child: main@_58!_Cond (0, 4) FAR 26320 U 0.00
expand: main@_58!_Cond (0, 0) FAR  w(0) 26320. F 0.01
expand: main@_58 (1, 0) FAR  w(0) 25077. F 0.00
expand: main@entry (2, 0) FAR  w(0) 1. F 0.00
expand: main@entry!_BAD (3, 0) FAR  w(0) 1. F 0.00
expand: query!0 (4, 0) FAR  w(0) 1. F 0.00
(spacer::context::check_reachability :time 0.02 :before-memory 18.19 :after-memory 21.20)
Propagating: 0 1 2 3 4  ! 5 
(spacer::context::propagate :time 0.01 :before-memory 21.20 :after-memory 21.99)
Entering level 5
expand: query!0 (5, 0) FAR  w(0) 1.
	create_child: main@entry!_BAD (4, 5) FAR 1 U 0.00
expand: main@entry!_BAD (4, 0) FAR  w(0) 1.
	create_child: main@entry (3, 5) FAR 1 U 0.00
expand: main@entry (3, 0) FAR  w(0) 1.
	create_child: main@_58 (2, 5) FAR 25077 U 0.00
expand: main@_58 (2, 0) FAR  w(0) 25077.
	create_child: main@_58!_Cond (1, 5) FAR 26320 U 0.00
expand: main@_58!_Cond (1, 0) FAR  w(0) 26320(smt.stats :restarts  :decisions   :clauses/bin    :simplify   :memory)
(smt.stats      :conflicts  :propagations   :lemmas     :deletions   )
(smt.stats    0    133   6054  20245  4318/0   289     0    0   22.92)
.
	create_child: main@.critedge.i.i.i (0, 5) FAR 42501 UNDEF 0.06
expand: main@.critedge.i.i.i (0, 0) FAR  w(0) 42501. UNDEF 0.02
expand: main@.critedge.i.i.i (0, 0) FAR  w(1) 42501.
	create_child: main@_71 (0, 5) FAR 49534 X 0.02
expand: main@_71 (0, 0) FAR  w(0) 49534. T 0.01
is-reachable: main@_58!_Cond (1, 0) FAR 26320 F 0.01
expand: main@_58!_Cond (1, 0) FAR  w(1) 26320. T 0.01
is-reachable: main@_58 (2, 0) FAR 25077 F 0.00
expand: main@_58 (2, 0) FAR  w(1) 25077. T 0.00
is-reachable: main@entry (3, 0) FAR 1 F 0.00
expand: main@entry (3, 0) FAR  w(1) 1. T 0.00
is-reachable: main@entry!_BAD (4, 0) FAR 1 T 0.00
is-reachable: query!0 (5, 0) FAR 1 T 0.00
(spacer::context::check_reachability :time 0.14 :before-memory 21.99 :after-memory 32.40)
