(transform N7datalog13mk_coi_filterE...no-op 0s)
(transform N7datalog25mk_interp_tail_simplifierE...9 rules 0.032s)
(transform N7datalog27mk_quantifier_instantiationE...no-op 0s)
(transform N7datalog8mk_scaleE...no-op 0s)
(transform N7datalog18mk_karr_invariantsE...no-op 0s)
(transform N7datalog14mk_array_blastE...no-op 0s)
(transform N7datalog16mk_elim_term_iteE...no-op 0s)
(transform N7datalog22mk_subsumption_checkerE...8 rules 0.004s)
(transform N7datalog12mk_bit_blastE...no-op 0s)
(transform N7datalog15mk_rule_inlinerE...no-op 0s)
(transform N7datalog13mk_coi_filterE...no-op 0s)
(transform N7datalog25mk_interp_tail_simplifierE...8 rules 0.002s)
(transform N7datalog22mk_subsumption_checkerE...no-op 0s)
(transform N7datalog15mk_rule_inlinerE...no-op 0s)
(transform N7datalog13mk_coi_filterE...no-op 0s)
(transform N7datalog25mk_interp_tail_simplifierE...8 rules 0.002s)
(transform N7datalog22mk_subsumption_checkerE...no-op 0s)
(transform N7datalog15mk_rule_inlinerE...no-op 0s)
(transform N7datalog22mk_subsumption_checkerE...no-op 0s)
(transform N7datalog15mk_rule_inlinerE...no-op 0s)
(transform N7datalog22mk_subsumption_checkerE...no-op 0s)
(transform N7datalog15mk_rule_inlinerE...no-op 0s)
(transform N7datalog22mk_subsumption_checkerE...no-op 0s)
expand: query!0 (0, 0) FAR  w(0) 1. F 0.00
(spacer::context::check_reachability :time 0.00 :before-memory 13.61 :after-memory 13.80)
Entering level 1
expand: query!0 (1, 0) FAR  w(0) 1.
	create_child: main@entry!_BAD (0, 1) FAR 1 U 0.00
expand: main@entry!_BAD (0, 0) FAR  w(0) 1. F 0.01
expand: query!0 (1, 0) FAR  w(0) 1. F 0.00
(spacer::context::check_reachability :time 0.01 :before-memory 13.80 :after-memory 14.91)
Propagating: 0 1  ! 2 
(spacer::context::propagate :time 0.00 :before-memory 14.91 :after-memory 15.20)
Entering level 2
expand: query!0 (2, 0) FAR  w(0) 1.
	create_child: main@entry!_BAD (1, 2) FAR 1 U 0.00
expand: main@entry!_BAD (1, 0) FAR  w(0) 1.
	create_child: main@entry (0, 2) FAR 1 U 0.00
expand: main@entry (0, 0) FAR  w(0) 1. F 0.01
expand: main@entry!_BAD (1, 0) FAR  w(0) 1. F 0.00
expand: query!0 (2, 0) FAR  w(0) 1. F 0.00
(spacer::context::check_reachability :time 0.01 :before-memory 15.20 :after-memory 17.33)
Propagating: 0 1 2  ! 3 
(spacer::context::propagate :time 0.00 :before-memory 17.33 :after-memory 17.52)
Entering level 3
expand: query!0 (3, 0) FAR  w(0) 1.
	create_child: main@entry!_BAD (2, 3) FAR 1 U 0.00
expand: main@entry!_BAD (2, 0) FAR  w(0) 1.
	create_child: main@entry (1, 3) FAR 1 U 0.00
expand: main@entry (1, 0) FAR  w(0) 1.
	create_child: main@.critedge1 (0, 3) FAR 24058 UNDEF 0.01
expand: main@.critedge1 (0, 0) FAR  w(0) 24058. F 0.00
expand: main@entry (1, 0) FAR  w(0) 1. F 0.00
expand: main@entry!_BAD (2, 0) FAR  w(0) 1. F 0.00
expand: query!0 (3, 0) FAR  w(0) 1. F 0.00
(spacer::context::check_reachability :time 0.02 :before-memory 17.52 :after-memory 18.25)
Propagating: 0 1 2 3  ! 4 
(spacer::context::propagate :time 0.00 :before-memory 18.25 :after-memory 18.25)
Entering level 4
expand: query!0 (4, 0) FAR  w(0) 1.
	create_child: main@entry!_BAD (3, 4) FAR 1 U 0.00
expand: main@entry!_BAD (3, 0) FAR  w(0) 1.
	create_child: main@entry (2, 4) FAR 1 U 0.00
expand: main@entry (2, 0) FAR  w(0) 1.
	create_child: main@.critedge1 (1, 4) FAR 24058 UNDEF 0.01
expand: main@.critedge1 (1, 0) FAR  w(0) 24058.
	create_child: main@.critedge1!_Cond (0, 4) FAR 25409 U 0.00
expand: main@.critedge1!_Cond (0, 0) FAR  w(0) 25409. F 0.01
expand: main@.critedge1 (1, 0) FAR  w(0) 24058. F 0.00
expand: main@entry (2, 0) FAR  w(0) 1. F 0.00
expand: main@entry!_BAD (3, 0) FAR  w(0) 1. F 0.00
expand: query!0 (4, 0) FAR  w(0) 1. F 0.00
(spacer::context::check_reachability :time 0.03 :before-memory 18.25 :after-memory 20.82)
Propagating: 0 1 2 3 4  ! 5 
(spacer::context::propagate :time 0.01 :before-memory 20.82 :after-memory 21.41)
Entering level 5
expand: query!0 (5, 0) FAR  w(0) 1.
	create_child: main@entry!_BAD (4, 5) FAR 1 U 0.00
expand: main@entry!_BAD (4, 0) FAR  w(0) 1.
	create_child: main@entry (3, 5) FAR 1 U 0.00
expand: main@entry (3, 0) FAR  w(0) 1.
	create_child: main@.critedge1 (2, 5) FAR 24058 UNDEF 0.01
expand: main@.critedge1 (2, 0) FAR  w(0) 24058.
	create_child: main@.critedge1!_Cond (1, 5) FAR 25409 U 0.00
expand: main@.critedge1!_Cond (1, 0) FAR  w(0) 25409.
	create_child: main@.critedge.i.i.i (0, 5) FAR 38656 U 0.07
expand: main@.critedge.i.i.i (0, 0) FAR  w(0) 38656.
	create_child: main@_92 (0, 5) FAR 43070 X 0.03
expand: main@_92 (0, 0) FAR  w(0) 43070. F 0.06
expand: main@.critedge1!_Cond (1, 0) FAR  w(0) 25409.
	create_child: main@_92 (0, 5) FAR 51148 U 0.01
expand: main@_92 (0, 0) FAR  w(0) 51148. F 0.04
expand: main@.critedge1!_Cond (1, 0) FAR  w(0) 25409.
	create_child: main@_92 (0, 5) FAR 52100 U 0.01
expand: main@_92 (0, 0) FAR  w(0) 52100. F 0.04
expand: main@.critedge1!_Cond (1, 0) FAR  w(0) 25409.
	create_child: main@_92 (0, 5) FAR 53123 U 0.01
expand: main@_92 (0, 0) FAR  w(0) 53123. F 0.03
expand: main@.critedge1!_Cond (1, 0) FAR  w(0) 25409.
	create_child: main@.critedge.i.i.i (0, 5) FAR 54394 U 0.02
expand: main@.critedge.i.i.i (0, 0) FAR  w(0) 54394. F 0.03
expand: main@.critedge1!_Cond (1, 0) FAR  w(0) 25409.
	create_child: main@.critedge.i.i.i (0, 5) FAR 56207 U 0.01
expand: main@.critedge.i.i.i (0, 0) FAR  w(0) 56207. F 0.02
expand: main@.critedge1!_Cond (1, 0) FAR  w(0) 25409


FAILED TO FIND COEFFICIENT





FAILED TO FIND COEFFICIENT





FAILED TO FIND COEFFICIENT





FAILED TO FIND COEFFICIENT





FAILED TO FIND COEFFICIENT





FAILED TO FIND COEFFICIENT


. F 0.05
expand: main@.critedge1 (2, 0) FAR  w(0) 24058. F 0.01
expand: main@entry (3, 0) FAR  w(0) 1.
	create_child: main@.critedge1 (2, 5) FAR 58130 UNDEF 0.01
expand: main@.critedge1 (2, 0) FAR  w(0) 58130.
	create_child: main@.critedge1!_Cond (1, 5) FAR 58193 U 0.00
expand: main@.critedge1!_Cond (1, 0) FAR  w(0) 58193.
	create_child: main@.critedge.i.i.i (0, 5) FAR 58789 U 0.01
expand: main@.critedge.i.i.i (0, 0) FAR  w(0) 58789.
	create_child: main@_92 (0, 5) FAR 59208 X 0.01
expand: main@_92 (0, 0) FAR  w(0) 59208. F 0.04
expand: main@.critedge1!_Cond (1, 0) FAR  w(0) 58193.
	create_child: main@_92 (0, 5) FAR 59535 U 0.01
expand: main@_92 (0, 0) FAR  w(0) 59535. F 0.04
expand: main@.critedge1!_Cond (1, 0) FAR  w(0) 58193.
	create_child: main@_92 (0, 5) FAR 59049 U 0.01
expand: main@_92 (0, 0) FAR  w(0) 59049. F 0.04
expand: main@.critedge1!_Cond (1, 0) FAR  w(0) 58193.
	create_child: main@_92 (0, 5) FAR 59043 U 0.01
expand: main@_92 (0, 0) FAR  w(0) 59043. F 0.04
expand: main@.critedge1!_Cond (1, 0) FAR  w(0) 58193.
	create_child: main@.critedge.i.i.i (0, 5) FAR 60282 U 0.01
expand: main@.critedge.i.i.i (0, 0) FAR  w(0) 60282. F 0.02
expand: main@.critedge1!_Cond (1, 0) FAR  w(0) 58193


FAILED TO FIND COEFFICIENT





FAILED TO FIND COEFFICIENT





FAILED TO FIND COEFFICIENT





FAILED TO FIND COEFFICIENT





FAILED TO FIND COEFFICIENT





FAILED TO FIND COEFFICIENT


. F 0.05
expand: main@.critedge1 (2, 0) FAR  w(0) 58130


FAILED TO FIND COEFFICIENT





FAILED TO FIND COEFFICIENT





FAILED TO FIND COEFFICIENT





FAILED TO FIND COEFFICIENT


. F 0.01
expand: main@entry (3, 0) FAR  w(0) 1.
	create_child: main@.critedge1 (2, 5) FAR 58852 UNDEF 0.01
expand: main@.critedge1 (2, 0) FAR  w(0) 58852.
	create_child: main@.critedge1!_Cond (1, 5) FAR 60705 U 0.00
expand: main@.critedge1!_Cond (1, 0) FAR  w(0) 60705.
	create_child: main@.critedge.i.i.i (0, 5) FAR 61078 U 0.01
expand: main@.critedge.i.i.i (0, 0) FAR  w(0) 61078.
	create_child: main@_92 (0, 5) FAR 61495 X 0.01
expand: main@_92 (0, 0) FAR  w(0) 61495. F 0.04
expand: main@.critedge1!_Cond (1, 0) FAR  w(0) 60705.
	create_child: main@_92 (0, 5) FAR 61904 U 0.01
expand: main@_92 (0, 0) FAR  w(0) 61904. F 0.03
expand: main@.critedge1!_Cond (1, 0) FAR  w(0) 60705.
	create_child: main@_92 (0, 5) FAR 61610 U 0.01
expand: main@_92 (0, 0) FAR  w(0) 61610. F 0.03
expand: main@.critedge1!_Cond (1, 0) FAR  w(0) 60705.
	create_child: main@_92 (0, 5) FAR 62506 U 0.01
expand: main@_92 (0, 0) FAR  w(0) 62506. F 0.04
expand: main@.critedge1!_Cond (1, 0) FAR  w(0) 60705


FAILED TO FIND COEFFICIENT





FAILED TO FIND COEFFICIENT





FAILED TO FIND COEFFICIENT





FAILED TO FIND COEFFICIENT





FAILED TO FIND COEFFICIENT





FAILED TO FIND COEFFICIENT


. F 0.06
expand: main@.critedge1 (2, 0) FAR  w(0) 58852


FAILED TO FIND COEFFICIENT





FAILED TO FIND COEFFICIENT





FAILED TO FIND COEFFICIENT





FAILED TO FIND COEFFICIENT


. F 0.01
expand: main@entry (3, 0) FAR  w(0) 1.
	create_child: main@.critedge1 (2, 5) FAR 61481 U 0.01
expand: main@.critedge1 (2, 0) FAR  w(0) 61481.
	create_child: main@.critedge1!_Cond (1, 5) FAR 63095 U 0.00
expand: main@.critedge1!_Cond (1, 0) FAR  w(0) 63095.
	create_child: main@.critedge.i.i.i (0, 5) FAR 63652 U 0.01
expand: main@.critedge.i.i.i (0, 0) FAR  w(0) 63652. F 0.03
expand: main@.critedge1!_Cond (1, 0) FAR  w(0) 63095. F 0.02
expand: main@.critedge1 (2, 0) FAR  w(0) 61481. F 0.01
expand: main@entry (3, 0) FAR  w(0) 1.
	create_child: main@.critedge1 (2, 5) FAR 63963 U 0.01
expand: main@.critedge1 (2, 0) FAR  w(0) 63963.
	create_child: main@.critedge1!_Cond (1, 5) FAR 63893 U 0.00
expand: main@.critedge1!_Cond (1, 0) FAR  w(0) 63893.
	create_child: main@.critedge.i.i.i (0, 5) FAR 65078 U 0.01
expand: main@.critedge.i.i.i (0, 0) FAR  w(0) 65078. F 0.02
expand: main@.critedge1!_Cond (1, 0) FAR  w(0) 63893


FAILED TO FIND COEFFICIENT





FAILED TO FIND COEFFICIENT





FAILED TO FIND COEFFICIENT





FAILED TO FIND COEFFICIENT





FAILED TO FIND COEFFICIENT





FAILED TO FIND COEFFICIENT


. F 0.05
expand: main@.critedge1 (2, 0) FAR  w(0) 63963


FAILED TO FIND COEFFICIENT





FAILED TO FIND COEFFICIENT





FAILED TO FIND COEFFICIENT





FAILED TO FIND COEFFICIENT


. F 0.02
expand: main@entry (3, 0) FAR  w(0) 1.
	create_child: main@.critedge1 (2, 5) FAR 66017 U 0.01
expand: main@.critedge1 (2, 0) FAR  w(0) 66017.
	create_child: main@.critedge1!_Cond (1, 5) FAR 65932 U 0.00
expand: main@.critedge1!_Cond (1, 0) FAR  w(0) 65932.
	create_child: main@.critedge.i.i.i (0, 5) FAR 65306 U 0.01
expand: main@.critedge.i.i.i (0, 0) FAR  w(0) 65306. F 0.01
expand: main@.critedge1!_Cond (1, 0) FAR  w(0) 65932. F 0.01
expand: main@.critedge1 (2, 0) FAR  w(0) 66017. F 0.00
expand: main@entry (3, 0) FAR  w(0) 1.
	create_child: main@.critedge1 (2, 5) FAR 66694 UNDEF 0.01
expand: main@.critedge1 (2, 0) FAR  w(0) 66694.
	create_child: main@.critedge1!_Cond (1, 5) FAR 66460 U 0.00
expand: main@.critedge1!_Cond (1, 0) FAR  w(0) 66460.
	create_child: main@_92 (0, 5) FAR 66167 U 0.01
expand: main@_92 (0, 0) FAR  w(0) 66167. F 0.02
expand: main@.critedge1!_Cond (1, 0) FAR  w(0) 66460.
	create_child: main@_92 (0, 5) FAR 66215 U 0.01
expand: main@_92 (0, 0) FAR  w(0) 66215. F 0.02
expand: main@.critedge1!_Cond (1, 0) FAR  w(0) 66460.
	create_child: main@_92 (0, 5) FAR 67302 U 0.01
expand: main@_92 (0, 0) FAR  w(0) 67302. F 0.03
expand: main@.critedge1!_Cond (1, 0) FAR  w(0) 66460.
	create_child: main@_92 (0, 5) FAR 67873 U 0.01
expand: main@_92 (0, 0) FAR  w(0) 67873. F 0.02
expand: main@.critedge1!_Cond (1, 0) FAR  w(0) 66460


FAILED TO FIND COEFFICIENT





FAILED TO FIND COEFFICIENT





FAILED TO FIND COEFFICIENT





FAILED TO FIND COEFFICIENT





FAILED TO FIND COEFFICIENT





FAILED TO FIND COEFFICIENT


. F 0.05
expand: main@.critedge1 (2, 0) FAR  w(0) 66694


FAILED TO FIND COEFFICIENT





FAILED TO FIND COEFFICIENT





FAILED TO FIND COEFFICIENT





FAILED TO FIND COEFFICIENT


. F 0.02
expand: main@entry (3, 0) FAR  w(0) 1.
	create_child: main@.critedge1 (2, 5) FAR 67525 U 0.01
expand: main@.critedge1 (2, 0) FAR  w(0) 67525.
	create_child: main@.critedge1!_Cond (1, 5) FAR 67934 U 0.00
expand: main@.critedge1!_Cond (1, 0) FAR  w(0) 67934.
	create_child: main@.critedge.i.i.i (0, 5) FAR 69939 U 0.05
expand: main@.critedge.i.i.i (0, 0) FAR  w(0) 69939. F 0.04
expand: main@.critedge1!_Cond (1, 0) FAR  w(0) 67934


FAILED TO FIND COEFFICIENT





FAILED TO FIND COEFFICIENT





FAILED TO FIND COEFFICIENT





FAILED TO FIND COEFFICIENT





FAILED TO FIND COEFFICIENT





FAILED TO FIND COEFFICIENT





FAILED TO FIND COEFFICIENT





FAILED TO FIND COEFFICIENT





FAILED TO FIND COEFFICIENT





FAILED TO FIND COEFFICIENT





FAILED TO FIND COEFFICIENT





FAILED TO FIND COEFFICIENT





FAILED TO FIND COEFFICIENT





FAILED TO FIND COEFFICIENT





FAILED TO FIND COEFFICIENT





FAILED TO FIND COEFFICIENT





FAILED TO FIND COEFFICIENT





FAILED TO FIND COEFFICIENT





FAILED TO FIND COEFFICIENT





FAILED TO FIND COEFFICIENT





FAILED TO FIND COEFFICIENT





FAILED TO FIND COEFFICIENT





FAILED TO FIND COEFFICIENT





FAILED TO FIND COEFFICIENT





FAILED TO FIND COEFFICIENT


. F 0.07
expand: main@.critedge1 (2, 0) FAR  w(0) 67525


FAILED TO FIND COEFFICIENT





FAILED TO FIND COEFFICIENT





FAILED TO FIND COEFFICIENT





FAILED TO FIND COEFFICIENT





FAILED TO FIND COEFFICIENT





FAILED TO FIND COEFFICIENT


. F 0.01
expand: main@entry (3, 0) FAR  w(0) 1.
	create_child: main@.critedge1 (2, 5) FAR 74197 UNDEF 0.01
expand: main@.critedge1 (2, 0) FAR  w(0) 74197.
	create_child: main@.critedge1!_Cond (1, 5) FAR 74264 U 0.00
expand: main@.critedge1!_Cond (1, 0) FAR  w(0) 74264. T 0.01
is-reachable: main@.critedge1 (2, 0) FAR 74197 T 0.00
is-reachable: main@entry (3, 0) FAR 1 F 0.00
Deleting closed node: main@.critedge1(2, 5) 74197
expand: main@entry (3, 0) FAR  w(1) 1.
	create_child: main@.critedge1 (2, 5) FAR 74876 U 0.01
expand: main@.critedge1 (2, 0) FAR  w(0) 74876.
	create_child: main@.critedge1!_Cond (1, 5) FAR 75469 U 0.00
expand: main@.critedge1!_Cond (1, 0) FAR  w(0) 75469.
	create_child: main@.critedge.i.i.i (0, 5) FAR 75884 U 0.01
expand: main@.critedge.i.i.i (0, 0) FAR  w(0) 75884. F 0.01
expand: main@.critedge1!_Cond (1, 0) FAR  w(0) 75469. F 0.02
expand: main@.critedge1 (2, 0) FAR  w(0) 74876. F 0.01
expand: main@entry (3, 0) FAR  w(1) 1.
	create_child: main@.critedge1 (2, 5) FAR 76177 U 0.01
expand: main@.critedge1 (2, 0) FAR  w(0) 76177.
	create_child: main@.critedge1!_Cond (1, 5) FAR 76167 U 0.00
expand: main@.critedge1!_Cond (1, 0) FAR  w(0) 76167.
	create_child: main@.critedge.i.i.i (0, 5) FAR 76598 U 0.01
expand: main@.critedge.i.i.i (0, 0) FAR  w(0) 76598. F 0.01
expand: main@.critedge1!_Cond (1, 0) FAR  w(0) 76167. F 0.01
expand: main@.critedge1 (2, 0) FAR  w(0) 76177. F 0.01
expand: main@entry (3, 0) FAR  w(1) 1.
	create_child: main@.critedge1 (2, 5) FAR 76917 U 0.01
expand: main@.critedge1 (2, 0) FAR  w(0) 76917.
	create_child: main@.critedge1!_Cond (1, 5) FAR 75669 U 0.00
expand: main@.critedge1!_Cond (1, 0) FAR  w(0) 75669.
	create_child: main@.critedge.i.i.i (0, 5) FAR 77938 U 0.02
expand: main@.critedge.i.i.i (0, 0) FAR  w(0) 77938. F 0.03
expand: main@.critedge1!_Cond (1, 0) FAR  w(0) 75669.
	create_child: main@.critedge.i.i.i (0, 5) FAR 79207 U 0.01
expand: main@.critedge.i.i.i (0, 0) FAR  w(0) 79207. F 0.03
expand: main@.critedge1!_Cond (1, 0) FAR  w(0) 75669.
	create_child: main@.critedge.i.i.i (0, 5) FAR 79535 U 0.01
expand: main@.critedge.i.i.i (0, 0) FAR  w(0) 79535. F 0.02
expand: main@.critedge1!_Cond (1, 0) FAR  w(0) 75669.
	create_child: main@.critedge.i.i.i (0, 5) FAR 78548 U 0.01
expand: main@.critedge.i.i.i (0, 0) FAR  w(0) 78548. F 0.03
expand: main@.critedge1!_Cond (1, 0) FAR  w(0) 75669


FAILED TO FIND COEFFICIENT





FAILED TO FIND COEFFICIENT





FAILED TO FIND COEFFICIENT





FAILED TO FIND COEFFICIENT





FAILED TO FIND COEFFICIENT





FAILED TO FIND COEFFICIENT





FAILED TO FIND COEFFICIENT





FAILED TO FIND COEFFICIENT





FAILED TO FIND COEFFICIENT





FAILED TO FIND COEFFICIENT





FAILED TO FIND COEFFICIENT





FAILED TO FIND COEFFICIENT





FAILED TO FIND COEFFICIENT





FAILED TO FIND COEFFICIENT


. F 0.04
expand: main@.critedge1 (2, 0) FAR  w(0) 76917


FAILED TO FIND COEFFICIENT





FAILED TO FIND COEFFICIENT





FAILED TO FIND COEFFICIENT





FAILED TO FIND COEFFICIENT





FAILED TO FIND COEFFICIENT





FAILED TO FIND COEFFICIENT


. F 0.01
expand: main@entry (3, 0) FAR  w(1) 1.
	create_child: main@.critedge1 (2, 5) FAR 80742 U 0.01
expand: main@.critedge1 (2, 0) FAR  w(0) 80742.
	create_child: main@.critedge1!_Cond (1, 5) FAR 78371 U 0.00
expand: main@.critedge1!_Cond (1, 0) FAR  w(0) 78371.
	create_child: main@.critedge.i.i.i (0, 5) FAR 81403 U 0.01
expand: main@.critedge.i.i.i (0, 0) FAR  w(0) 81403. F 0.03
expand: main@.critedge1!_Cond (1, 0) FAR  w(0) 78371


FAILED TO FIND COEFFICIENT





FAILED TO FIND COEFFICIENT





FAILED TO FIND COEFFICIENT





FAILED TO FIND COEFFICIENT





FAILED TO FIND COEFFICIENT





FAILED TO FIND COEFFICIENT





FAILED TO FIND COEFFICIENT





FAILED TO FIND COEFFICIENT





FAILED TO FIND COEFFICIENT





FAILED TO FIND COEFFICIENT





FAILED TO FIND COEFFICIENT





FAILED TO FIND COEFFICIENT





FAILED TO FIND COEFFICIENT





FAILED TO FIND COEFFICIENT


. F 0.05
expand: main@.critedge1 (2, 0) FAR  w(0) 80742


FAILED TO FIND COEFFICIENT





FAILED TO FIND COEFFICIENT





FAILED TO FIND COEFFICIENT





FAILED TO FIND COEFFICIENT





FAILED TO FIND COEFFICIENT





FAILED TO FIND COEFFICIENT


. F 0.02
expand: main@entry (3, 0) FAR  w(1) 1.
	create_child: main@.critedge1 (2, 5) FAR 82167 U 0.01
expand: main@.critedge1 (2, 0) FAR  w(0) 82167.
	create_child: main@.critedge1!_Cond (1, 5) FAR 81686 U 0.00
expand: main@.critedge1!_Cond (1, 0) FAR  w(0) 81686.
	create_child: main@.critedge.i.i.i (0, 5) FAR 81862 U 0.01
expand: main@.critedge.i.i.i (0, 0) FAR  w(0) 81862. F 0.03
expand: main@.critedge1!_Cond (1, 0) FAR  w(0) 81686


FAILED TO FIND COEFFICIENT





FAILED TO FIND COEFFICIENT





FAILED TO FIND COEFFICIENT





FAILED TO FIND COEFFICIENT





FAILED TO FIND COEFFICIENT





FAILED TO FIND COEFFICIENT





FAILED TO FIND COEFFICIENT





FAILED TO FIND COEFFICIENT





FAILED TO FIND COEFFICIENT





FAILED TO FIND COEFFICIENT





FAILED TO FIND COEFFICIENT





FAILED TO FIND COEFFICIENT





FAILED TO FIND COEFFICIENT





FAILED TO FIND COEFFICIENT


. F 0.04
expand: main@.critedge1 (2, 0) FAR  w(0) 82167


FAILED TO FIND COEFFICIENT





FAILED TO FIND COEFFICIENT





FAILED TO FIND COEFFICIENT





FAILED TO FIND COEFFICIENT





FAILED TO FIND COEFFICIENT





FAILED TO FIND COEFFICIENT





FAILED TO FIND COEFFICIENT





FAILED TO FIND COEFFICIENT


. F 0.01
expand: main@entry (3, 0) FAR  w(1) 1.
	create_child: main@.critedge1 (2, 5) FAR 75777 U 0.01
expand: main@.critedge1 (2, 0) FAR  w(0) 75777.
	create_child: main@.critedge1!_Cond (1, 5) FAR 81855 U 0.00
expand: main@.critedge1!_Cond (1, 0) FAR  w(0) 81855.
	create_child: main@.critedge.i.i.i (0, 5) FAR 82183 U 0.01
expand: main@.critedge.i.i.i (0, 0) FAR  w(0) 82183. F 0.04
expand: main@.critedge1!_Cond (1, 0) FAR  w(0) 81855


FAILED TO FIND COEFFICIENT





FAILED TO FIND COEFFICIENT





FAILED TO FIND COEFFICIENT





FAILED TO FIND COEFFICIENT





FAILED TO FIND COEFFICIENT





FAILED TO FIND COEFFICIENT





FAILED TO FIND COEFFICIENT





FAILED TO FIND COEFFICIENT





FAILED TO FIND COEFFICIENT





FAILED TO FIND COEFFICIENT





FAILED TO FIND COEFFICIENT





FAILED TO FIND COEFFICIENT





FAILED TO FIND COEFFICIENT





FAILED TO FIND COEFFICIENT


. F 0.07
expand: main@.critedge1 (2, 0) FAR  w(0) 75777


FAILED TO FIND COEFFICIENT





FAILED TO FIND COEFFICIENT





FAILED TO FIND COEFFICIENT





FAILED TO FIND COEFFICIENT





FAILED TO FIND COEFFICIENT





FAILED TO FIND COEFFICIENT





FAILED TO FIND COEFFICIENT





FAILED TO FIND COEFFICIENT


. F 0.02
expand: main@entry (3, 0) FAR  w(1) 1. F 0.01
expand: main@entry!_BAD (4, 0) FAR  w(0) 1. F 0.00
expand: query!0 (5, 0) FAR  w(0) 1. F 0.00
(spacer::context::check_reachability :time 2.49 :before-memory 21.41 :after-memory 38.42)
Propagating: 0 1 2 
(spacer::context::propagate :time 0.00 :before-memory 38.42 :after-memory 38.32)
(define-fun main@entry!_BAD () Bool
  false)
(define-fun main@entry ((x!0 Int) (x!1 Int) (x!2 (Array Int Int)) (x!3 Int)) Bool
  false)
(define-fun main@.critedge.i.i.i ((x!0 (Array Int Int))
 (x!1 Int)
 (x!2 Int)
 (x!3 (Array Int Int))
 (x!4 Int)
 (x!5 (Array Int Int))
 (x!6 Int)
 (x!7 (Array Int Int))
 (x!8 Int)
 (x!9 (Array Int Int))
 (x!10 Int)
 (x!11 (Array Int Int))
 (x!12 Int)
 (x!13 (Array Int Int))
 (x!14 Int)
 (x!15 (Array Int Int))
 (x!16 (Array Int Int))
 (x!17 Int)
 (x!18 (Array Int Int))
 (x!19 Int)
 (x!20 (Array Int Int))
 (x!21 Int)
 (x!22 Int)
 (x!23 Int)
 (x!24 (Array Int Int))
 (x!25 Int)
 (x!26 (Array Int Int))
 (x!27 Int)) Bool
  (let ((a!1 (>= (+ (select x!24 x!25) (* (- 1) (select x!26 x!27))) 0))
        (a!2 (not (<= (select x!15 (+ 8 x!2)) 640)))
        (a!3 (select x!15 (+ x!2 (* 4 (select x!0 x!1)))))
        (a!4 (not (<= (select x!15 (+ 4 x!2)) 500)))
        (a!5 (not (<= (select x!15 (+ 12 x!2)) 740)))
        (a!6 (<= (+ (select x!5 x!6) (* (- 1) (select x!7 x!8))) 0))
        (a!8 (<= (+ (select x!24 x!25) (* (- 1) (select x!26 x!27))) 0))
        (a!11 (>= (+ (select x!7 x!8) (* (- 1) (select x!5 x!6))) 0))
        (a!12 (>= (+ (select x!26 x!27) (* (- 1) (select x!24 x!25))) 0))
        (a!14 (>= (+ (select x!7 x!8) (* (- 1) (select x!5 x!6))) 100))
        (a!15 (>= (+ (select x!5 x!6) (* (- 1) (select x!7 x!8))) (- 99)))
        (a!18 (not (>= (select x!15 (+ 4 x!2)) 500)))
        (a!22 (not (>= (select x!15 (+ 12 x!2)) 740)))
        (a!23 (not (>= (select x!15 (+ 8 x!2)) 640))))
  (let ((a!7 (or a!1
                 (<= (select x!16 x!17) 0)
                 a!2
                 (not (>= (select x!20 x!21) 601))
                 (not (<= (select x!18 x!19) 600))
                 (>= (+ (select x!7 x!8) (* (- 1) a!3)) 0)
                 (not (<= (select x!15 x!2) 400))
                 a!4
                 a!5
                 (<= x!22 0)
                 a!6
                 (not (= (select x!11 x!12) 0))
                 (<= (select x!13 x!14) 0)))
        (a!9 (or (not (= x!22 0))
                 a!8
                 (not (= (select x!0 x!1) 1))
                 (not (<= (select x!5 x!6) 499))))
        (a!10 (or (not (= x!22 0))
                  (not a!1)
                  (not (= (select x!0 x!1) 2))
                  (not (<= (select x!5 x!6) 639))))
        (a!13 (or (not (= x!22 0))
                  (not (= (select x!3 x!4) 0))
                  (not a!11)
                  (not a!12)))
        (a!16 (or a!1
                  (<= (select x!3 x!4) 0)
                  (<= (select x!16 x!17) 0)
                  a!2
                  (not (>= (select x!20 x!21) 601))
                  (not (<= (select x!18 x!19) 600))
                  (not (<= (select x!9 x!10) 0))
                  (>= (+ (select x!7 x!8) (* (- 1) a!3)) 0)
                  (not (<= (select x!15 x!2) 400))
                  (not a!15)
                  a!4
                  a!5
                  (<= x!22 0)))
        (a!17 (not (>= (+ (select x!7 x!8) (* (- 1) a!3)) 0)))
        (a!20 (or (not (= x!22 0))
                  (not a!12)
                  (not (>= (select x!7 x!8) 400))
                  (not (= (select x!0 x!1) 0))))
        (a!21 (or (not (= x!22 0))
                  (not a!12)
                  (not (<= a!3 740))
                  (not (>= (select x!7 x!8) 740))))
        (a!25 (or a!1
                  (<= (select x!3 x!4) 0)
                  (<= (select x!16 x!17) 0)
                  a!2
                  (not (>= (select x!20 x!21) 601))
                  (not (<= (select x!18 x!19) 600))
                  (>= (+ (select x!7 x!8) (* (- 1) a!3)) 0)
                  (not (<= (select x!15 x!2) 400))
                  (not a!15)
                  a!4
                  a!5
                  (<= x!22 0)
                  (not (= (select x!11 x!12) 0))
                  (<= (select x!13 x!14) 0)))
        (a!26 (or a!1
                  (<= (select x!16 x!17) 0)
                  a!2
                  (not (>= (select x!20 x!21) 601))
                  (not (<= (select x!18 x!19) 600))
                  (not (<= (select x!9 x!10) 0))
                  (>= (+ (select x!7 x!8) (* (- 1) a!3)) 0)
                  (not (<= (select x!15 x!2) 400))
                  a!4
                  a!5
                  (<= x!22 0)
                  a!6)))
  (let ((a!19 (or (not (= x!22 0))
                  (not (<= (select x!0 x!1) 1))
                  (not a!12)
                  a!17
                  a!18
                  (not (>= (select x!15 x!2) 400))))
        (a!24 (or (not (= x!22 0))
                  (not (>= (select x!0 x!1) 2))
                  (not a!12)
                  a!17
                  a!22
                  a!23)))
    (and a!7
         a!9
         a!10
         a!13
         (or (not (= x!22 0)) (not a!12) (not a!14))
         a!16
         (or (not (= x!22 0)) (not a!1) (<= (select x!3 x!4) 0) (not a!15))
         (or (not (= x!22 0)) (not a!1) a!6)
         a!19
         a!20
         a!21
         a!24
         a!25
         a!26)))))
(define-fun main@_92 ((x!0 (Array Int Int))
 (x!1 Int)
 (x!2 Int)
 (x!3 (Array Int Int))
 (x!4 Int)
 (x!5 (Array Int Int))
 (x!6 Int)
 (x!7 (Array Int Int))
 (x!8 Int)
 (x!9 (Array Int Int))
 (x!10 Int)
 (x!11 (Array Int Int))
 (x!12 Int)
 (x!13 (Array Int Int))
 (x!14 Int)
 (x!15 (Array Int Int))
 (x!16 (Array Int Int))
 (x!17 Int)
 (x!18 (Array Int Int))
 (x!19 Int)
 (x!20 (Array Int Int))
 (x!21 Int)
 (x!22 Int)
 (x!23 (Array Int Int))
 (x!24 Int)
 (x!25 (Array Int Int))
 (x!26 Int)) Bool
  (let ((a!1 (>= (+ (select x!7 x!8) (* (- 1) (select x!5 x!6))) 100))
        (a!3 (>= (+ (select x!7 x!8) (* (- 1) (select x!5 x!6))) 0))
        (a!5 (not (= (select x!15 (+ 12 x!2)) 740)))
        (a!7 (not (<= (select x!15 (+ 8 x!2)) 640)))
        (a!9 (not (<= (select x!15 (+ 4 x!2)) 500)))
        (a!15 (not (= (select x!15 (+ 4 x!2)) 500)))
        (a!16 (<= (+ (select x!5 x!6) (* (- 1) (select x!7 x!8))) (- 100))))
  (let ((a!2 (or (not a!1)
                 (not (= (select x!15 x!2) 400))
                 (not (= (select x!11 x!12) 0))
                 (not (>= (select x!20 x!21) 601))
                 (not (<= (select x!18 x!19) 600))
                 (<= (select x!16 x!17) 0)
                 (not (<= (select x!0 x!1) 0))
                 (<= (select x!13 x!14) 0)
                 (not (= x!22 0))))
        (a!4 (or (not (= (select x!15 x!2) 400))
                 (not (>= (select x!20 x!21) 601))
                 (not (<= (select x!9 x!10) 0))
                 (not (<= (select x!18 x!19) 600))
                 (<= (select x!16 x!17) 0)
                 (not a!3)
                 (not (= (select x!3 x!4) 0))
                 (not (<= (select x!0 x!1) 0))
                 (not (= x!22 0))))
        (a!6 (or (not (>= (select x!0 x!1) 3))
                 a!5
                 (not (>= (select x!20 x!21) 601))
                 (not (<= (select x!9 x!10) 0))
                 (not (<= (select x!18 x!19) 600))
                 (<= (select x!16 x!17) 0)
                 (not a!3)
                 (not (= (select x!3 x!4) 0))
                 (not (= x!22 0))))
        (a!8 (or (not (= (select x!0 x!1) 2))
                 a!7
                 (not (>= (select x!5 x!6) 640))
                 (not (>= (select x!20 x!21) 601))
                 (not (<= (select x!9 x!10) 0))
                 (not (<= (select x!18 x!19) 600))
                 (<= (select x!16 x!17) 0)
                 (not a!3)
                 (not (= (select x!3 x!4) 0))
                 (not (= x!22 0))))
        (a!10 (or (not (>= (select x!20 x!21) 601))
                  a!9
                  (not (<= (select x!9 x!10) 0))
                  (not (<= (select x!18 x!19) 600))
                  (<= (select x!16 x!17) 0)
                  (not (= (select x!0 x!1) 1))
                  (not a!3)
                  (not (= (select x!3 x!4) 0))
                  (not (>= (select x!5 x!6) 500))
                  (not (= x!22 0))))
        (a!11 (or (not (= (select x!0 x!1) 2))
                  (not a!1)
                  a!7
                  (not (>= (select x!5 x!6) 640))
                  (not (>= (select x!20 x!21) 601))
                  (not (<= (select x!9 x!10) 0))
                  (not (<= (select x!18 x!19) 600))
                  (<= (select x!16 x!17) 0)
                  (not (= x!22 0))))
        (a!12 (or (not (>= (select x!0 x!1) 3))
                  (not (= (select x!11 x!12) 0))
                  a!5
                  (not (>= (select x!20 x!21) 601))
                  (not (<= (select x!18 x!19) 600))
                  (<= (select x!16 x!17) 0)
                  (not a!3)
                  (not (= (select x!3 x!4) 0))
                  (<= (select x!13 x!14) 0)
                  (not (= x!22 0))))
        (a!13 (or (not a!1)
                  (not (>= (select x!0 x!1) 3))
                  a!5
                  (not (>= (select x!20 x!21) 601))
                  (not (<= (select x!9 x!10) 0))
                  (not (<= (select x!18 x!19) 600))
                  (<= (select x!16 x!17) 0)
                  (not (= x!22 0))))
        (a!14 (or (not a!1)
                  (not (= (select x!15 x!2) 400))
                  (not (>= (select x!20 x!21) 601))
                  (not (<= (select x!9 x!10) 0))
                  (not (<= (select x!18 x!19) 600))
                  (<= (select x!16 x!17) 0)
                  (not (<= (select x!0 x!1) 0))
                  (not (= x!22 0))))
        (a!17 (or a!15
                  (not (>= (select x!20 x!21) 601))
                  (not (<= (select x!9 x!10) 0))
                  (not (<= (select x!18 x!19) 600))
                  (<= (select x!16 x!17) 0)
                  (not (= (select x!0 x!1) 1))
                  (not a!16)
                  (not (= x!22 0))))
        (a!18 (or (not (= (select x!15 x!2) 400))
                  (not (= (select x!11 x!12) 0))
                  (not (>= (select x!20 x!21) 601))
                  (not (<= (select x!18 x!19) 600))
                  (<= (select x!16 x!17) 0)
                  (not a!3)
                  (not (= (select x!3 x!4) 0))
                  (not (<= (select x!0 x!1) 0))
                  (<= (select x!13 x!14) 0)
                  (not (= x!22 0))))
        (a!19 (or (not (= (select x!0 x!1) 2))
                  a!7
                  (not (>= (select x!5 x!6) 640))
                  (not (= (select x!11 x!12) 0))
                  (not (>= (select x!20 x!21) 601))
                  (not (<= (select x!18 x!19) 600))
                  (<= (select x!16 x!17) 0)
                  (not a!3)
                  (not (= (select x!3 x!4) 0))
                  (<= (select x!13 x!14) 0)
                  (not (= x!22 0))))
        (a!20 (or (not (= (select x!11 x!12) 0))
                  a!15
                  (not (>= (select x!20 x!21) 601))
                  (not (<= (select x!18 x!19) 600))
                  (<= (select x!16 x!17) 0)
                  (not (= (select x!0 x!1) 1))
                  (not a!3)
                  (not (= (select x!3 x!4) 0))
                  (<= (select x!13 x!14) 0)
                  (not (= x!22 0))))
        (a!21 (or (not a!1)
                  (not (>= (select x!0 x!1) 3))
                  (not (= (select x!11 x!12) 0))
                  a!5
                  (not (>= (select x!20 x!21) 601))
                  (not (<= (select x!18 x!19) 600))
                  (<= (select x!16 x!17) 0)
                  (<= (select x!13 x!14) 0)
                  (not (= x!22 0))))
        (a!22 (or (not a!1)
                  (not (= (select x!11 x!12) 0))
                  a!15
                  (not (>= (select x!20 x!21) 601))
                  (not (<= (select x!18 x!19) 600))
                  (<= (select x!16 x!17) 0)
                  (not (= (select x!0 x!1) 1))
                  (<= (select x!13 x!14) 0)
                  (not (= x!22 0))))
        (a!23 (or (not (= (select x!0 x!1) 2))
                  (not a!1)
                  a!7
                  (not (>= (select x!5 x!6) 640))
                  (not (= (select x!11 x!12) 0))
                  (not (>= (select x!20 x!21) 601))
                  (not (<= (select x!18 x!19) 600))
                  (<= (select x!16 x!17) 0)
                  (<= (select x!13 x!14) 0)
                  (not (= x!22 0)))))
    (and a!2
         a!4
         a!6
         a!8
         a!10
         a!11
         a!12
         a!13
         a!14
         a!17
         a!18
         a!19
         a!20
         a!21
         a!22
         a!23))))
(define-fun main@.critedge1 ((x!0 (Array Int Int))
 (x!1 Int)
 (x!2 Int)
 (x!3 (Array Int Int))
 (x!4 Int)
 (x!5 (Array Int Int))
 (x!6 Int)
 (x!7 (Array Int Int))
 (x!8 Int)
 (x!9 (Array Int Int))
 (x!10 Int)
 (x!11 (Array Int Int))
 (x!12 Int)
 (x!13 (Array Int Int))
 (x!14 Int)
 (x!15 (Array Int Int))
 (x!16 (Array Int Int))
 (x!17 Int)
 (x!18 (Array Int Int))
 (x!19 Int)
 (x!20 (Array Int Int))
 (x!21 Int)
 (x!22 Int)
 (x!23 Int)
 (x!24 (Array Int Int))
 (x!25 Int)
 (x!26 (Array Int Int))
 (x!27 Int)
 (x!28 Int)) Bool
  (let ((a!1 (<= (+ (select x!5 x!6) (* (- 1) (select x!7 x!8))) 0))
        (a!2 (not (<= (select x!15 (+ 4 x!2)) 500)))
        (a!3 (not (<= (select x!15 (+ 8 x!2)) 640)))
        (a!4 (<= (+ (select x!26 x!27) (* (- 1) (select x!24 x!25))) 0))
        (a!5 (select x!15 (+ x!2 (* 4 (select x!0 x!1)))))
        (a!6 (not (<= (select x!15 (+ 12 x!2)) 740)))
        (a!8 (not (= (select x!15 (+ 12 x!2)) 740)))
        (a!9 (>= (+ (select x!7 x!8) (* (- 1) (select x!5 x!6))) 0))
        (a!10 (<= (+ (select x!24 x!25) (* (- 1) (select x!26 x!27))) 0))
        (a!12 (not (= (select x!15 (+ 4 x!2)) 500)))
        (a!14 (>= (+ (select x!26 x!27) (* (- 1) (select x!24 x!25))) 0))
        (a!16 (>= (+ (select x!7 x!8) (* (- 1) (select x!5 x!6))) 100))
        (a!18 (>= (+ (select x!5 x!6) (* (- 1) (select x!7 x!8))) (- 99)))
        (a!19 (>= (+ (select x!24 x!25) (* (- 1) (select x!26 x!27))) 0))
        (a!23 (not (>= (select x!15 (+ 12 x!2)) 740)))
        (a!24 (not (>= (select x!15 (+ 4 x!2)) 500)))
        (a!25 (not (>= (select x!15 (+ 8 x!2)) 640))))
  (let ((a!7 (or a!1
                 (<= (select x!16 x!17) 0)
                 (not (>= (select x!20 x!21) 601))
                 (not (<= (select x!18 x!19) 600))
                 a!2
                 a!3
                 (<= (select x!13 x!14) 0)
                 (not (= (select x!11 x!12) 0))
                 a!4
                 (>= (+ (select x!7 x!8) (* (- 1) a!5)) 0)
                 (<= x!22 0)
                 a!6
                 (not (<= (select x!15 x!2) 400))))
        (a!11 (or (not (= (select x!3 x!4) 0))
                  (not (<= (select x!9 x!10) 0))
                  (<= (select x!16 x!17) 0)
                  (not (= (select x!15 x!2) 400))
                  (not (>= (select x!20 x!21) 601))
                  (not (= x!22 0))
                  (not (<= (select x!18 x!19) 600))
                  a!8
                  (not a!9)
                  a!10
                  a!2
                  a!3))
        (a!13 (or (not (= (select x!3 x!4) 0))
                  (<= (select x!16 x!17) 0)
                  (not (= (select x!15 x!2) 400))
                  (not (>= (select x!20 x!21) 601))
                  (not (= x!22 0))
                  (not (<= (select x!18 x!19) 600))
                  a!8
                  (not a!9)
                  a!3
                  a!12
                  (<= (select x!13 x!14) 0)
                  (not (= (select x!11 x!12) 0))))
        (a!15 (or (not (= (select x!3 x!4) 0))
                  (not (= x!22 0))
                  (not a!9)
                  (not a!14)))
        (a!17 (or (not (<= (select x!9 x!10) 0))
                  (<= (select x!16 x!17) 0)
                  (not (= (select x!15 x!2) 400))
                  (not (>= (select x!20 x!21) 601))
                  (not (= x!22 0))
                  (not (<= (select x!18 x!19) 600))
                  a!8
                  a!3
                  a!12
                  (not a!16)))
        (a!20 (or (<= (select x!16 x!17) 0)
                  (not (= (select x!15 x!2) 400))
                  (not (>= (select x!20 x!21) 601))
                  (not (= x!22 0))
                  (not (<= (select x!18 x!19) 600))
                  a!8
                  a!3
                  a!12
                  (not a!16)
                  (<= (select x!13 x!14) 0)
                  (not (= (select x!11 x!12) 0))))
        (a!21 (or (not (<= (select x!9 x!10) 0))
                  (<= (select x!16 x!17) 0)
                  (not (>= (select x!20 x!21) 601))
                  (not (<= (select x!18 x!19) 600))
                  a!2
                  a!3
                  (<= (select x!3 x!4) 0)
                  a!4
                  (>= (+ (select x!7 x!8) (* (- 1) a!5)) 0)
                  (<= x!22 0)
                  (not a!18)
                  a!6
                  (not (<= (select x!15 x!2) 400))))
        (a!22 (not (>= (+ (select x!7 x!8) (* (- 1) a!5)) 0)))
        (a!27 (or (<= (select x!16 x!17) 0)
                  (not (>= (select x!20 x!21) 601))
                  (not (<= (select x!18 x!19) 600))
                  a!2
                  a!3
                  (<= (select x!3 x!4) 0)
                  (<= (select x!13 x!14) 0)
                  (not (= (select x!11 x!12) 0))
                  a!4
                  (>= (+ (select x!7 x!8) (* (- 1) a!5)) 0)
                  (<= x!22 0)
                  (not a!18)
                  a!6
                  (not (<= (select x!15 x!2) 400))))
        (a!28 (or a!1
                  (not (<= (select x!9 x!10) 0))
                  (<= (select x!16 x!17) 0)
                  (not (>= (select x!20 x!21) 601))
                  (not (<= (select x!18 x!19) 600))
                  a!2
                  a!3
                  a!4
                  (>= (+ (select x!7 x!8) (* (- 1) a!5)) 0)
                  (<= x!22 0)
                  a!6
                  (not (<= (select x!15 x!2) 400)))))
  (let ((a!26 (or (not (= x!22 0))
                  (not a!14)
                  a!22
                  a!23
                  a!24
                  (not (>= (select x!15 x!2) 400))
                  a!25)))
    (and a!7
         a!11
         a!13
         a!15
         a!17
         (or (not (= x!22 0)) (<= (select x!3 x!4) 0) (not a!18) (not a!19))
         (or (not (= x!22 0)) (not a!16) (not a!14))
         a!20
         a!21
         (or a!1 (not (= x!22 0)) (not a!19))
         a!26
         a!27
         a!28)))))
(define-fun main@.critedge1!_Cond ((x!0 Int)
 (x!1 Int)
 (x!2 Int)
 (x!3 Int)
 (x!4 Int)
 (x!5 Int)
 (x!6 Int)
 (x!7 Int)
 (x!8 Int)
 (x!9 Int)
 (x!10 Int)
 (x!11 Int)
 (x!12 Int)
 (x!13 Int)
 (x!14 (Array Int Int))
 (x!15 (Array Int Int))
 (x!16 (Array Int Int))
 (x!17 (Array Int Int))
 (x!18 (Array Int Int))
 (x!19 (Array Int Int))
 (x!20 (Array Int Int))
 (x!21 (Array Int Int))
 (x!22 (Array Int Int))
 (x!23 (Array Int Int))
 (x!24 (Array Int Int))
 (x!25 (Array Int Int))
 (x!26 (Array Int Int))
 (x!27 Int)) Bool
  (let ((a!1 (<= (+ (select x!21 x!4) (* (- 1) (select x!22 x!5))) 0))
        (a!2 (not (<= (select x!26 (+ 4 x!1)) 500)))
        (a!3 (not (<= (select x!26 (+ 8 x!1)) 640)))
        (a!4 (select x!26 (+ x!1 (* 4 (select x!20 x!2)))))
        (a!5 (<= (+ (select x!19 x!8) (* (- 1) (select x!17 x!7))) 0))
        (a!6 (not (<= (select x!26 (+ 12 x!1)) 740)))
        (a!8 (not (= (select x!26 (+ 12 x!1)) 740)))
        (a!9 (<= (+ (select x!17 x!7) (* (- 1) (select x!19 x!8))) 0))
        (a!10 (>= (+ (select x!22 x!5) (* (- 1) (select x!21 x!4))) 0))
        (a!12 (not (= (select x!26 (+ 4 x!1)) 500)))
        (a!14 (>= (+ (select x!19 x!8) (* (- 1) (select x!17 x!7))) 0))
        (a!16 (>= (+ (select x!22 x!5) (* (- 1) (select x!21 x!4))) 100))
        (a!19 (>= (+ (select x!21 x!4) (* (- 1) (select x!22 x!5))) (- 99)))
        (a!21 (>= (+ (select x!17 x!7) (* (- 1) (select x!19 x!8))) 0))
        (a!23 (not (>= (select x!26 (+ 8 x!1)) 640)))
        (a!24 (not (>= (select x!26 (+ 12 x!1)) 740)))
        (a!25 (not (>= (select x!26 (+ 4 x!1)) 500))))
  (let ((a!7 (or a!1
                 (<= (select x!16 x!12) 0)
                 (<= (select x!15 x!9) 0)
                 (not (>= (select x!14 x!6) 601))
                 (not (<= (select x!18 x!10) 600))
                 a!2
                 a!3
                 (not (= (select x!23 x!13) 0))
                 (>= (+ (select x!22 x!5) (* (- 1) a!4)) 0)
                 a!5
                 (not (<= (select x!26 x!1) 400))
                 a!6
                 (<= x!27 0)))
        (a!11 (or (<= (select x!15 x!9) 0)
                  (not (>= (select x!14 x!6) 601))
                  a!8
                  (not (= (select x!25 x!3) 0))
                  (not (<= (select x!24 x!11) 0))
                  a!9
                  (not a!10)
                  (not (= (select x!26 x!1) 400))
                  (not (= x!27 0))
                  (not (<= (select x!18 x!10) 600))
                  a!2
                  a!3))
        (a!13 (or (<= (select x!16 x!12) 0)
                  (<= (select x!15 x!9) 0)
                  (not (>= (select x!14 x!6) 601))
                  a!8
                  (not (= (select x!25 x!3) 0))
                  (not a!10)
                  (not (= (select x!26 x!1) 400))
                  (not (= x!27 0))
                  (not (<= (select x!18 x!10) 600))
                  a!3
                  a!12
                  (not (= (select x!23 x!13) 0))))
        (a!15 (or (not a!14)
                  (not (= (select x!25 x!3) 0))
                  (not a!10)
                  (not (= x!27 0))))
        (a!17 (or (<= (select x!15 x!9) 0)
                  (not (>= (select x!14 x!6) 601))
                  a!8
                  (not (<= (select x!24 x!11) 0))
                  (not (= (select x!26 x!1) 400))
                  (not (= x!27 0))
                  (not (<= (select x!18 x!10) 600))
                  a!3
                  a!12
                  (not a!16)))
        (a!18 (or (<= (select x!16 x!12) 0)
                  (<= (select x!15 x!9) 0)
                  (not (>= (select x!14 x!6) 601))
                  a!8
                  (not (= (select x!26 x!1) 400))
                  (not (= x!27 0))
                  (not (<= (select x!18 x!10) 600))
                  a!3
                  a!12
                  (not a!16)
                  (not (= (select x!23 x!13) 0))))
        (a!20 (or (<= (select x!15 x!9) 0)
                  (not (>= (select x!14 x!6) 601))
                  (not (<= (select x!24 x!11) 0))
                  (not (<= (select x!18 x!10) 600))
                  a!2
                  a!3
                  (<= (select x!25 x!3) 0)
                  (>= (+ (select x!22 x!5) (* (- 1) a!4)) 0)
                  a!5
                  (not (<= (select x!26 x!1) 400))
                  a!6
                  (<= x!27 0)
                  (not a!19)))
        (a!22 (not (>= (+ (select x!22 x!5) (* (- 1) a!4)) 0)))
        (a!27 (or (<= (select x!16 x!12) 0)
                  (<= (select x!15 x!9) 0)
                  (not (>= (select x!14 x!6) 601))
                  (not (<= (select x!18 x!10) 600))
                  a!2
                  a!3
                  (<= (select x!25 x!3) 0)
                  (not (= (select x!23 x!13) 0))
                  (>= (+ (select x!22 x!5) (* (- 1) a!4)) 0)
                  a!5
                  (not (<= (select x!26 x!1) 400))
                  a!6
                  (<= x!27 0)
                  (not a!19)))
        (a!28 (or a!1
                  (<= (select x!15 x!9) 0)
                  (not (>= (select x!14 x!6) 601))
                  (not (<= (select x!24 x!11) 0))
                  (not (<= (select x!18 x!10) 600))
                  a!2
                  a!3
                  (>= (+ (select x!22 x!5) (* (- 1) a!4)) 0)
                  a!5
                  (not (<= (select x!26 x!1) 400))
                  a!6
                  (<= x!27 0))))
  (let ((a!26 (or (not a!14)
                  (not (= x!27 0))
                  a!22
                  a!23
                  a!24
                  (not (>= (select x!26 x!1) 400))
                  a!25)))
    (and a!7
         a!11
         a!13
         a!15
         a!17
         (or (not a!14) (not (= x!27 0)) (not a!16))
         a!18
         a!20
         (or (not (= x!27 0)) (<= (select x!25 x!3) 0) (not a!21) (not a!19))
         (or a!1 (not (= x!27 0)) (not a!21))
         a!26
         a!27
         a!28)))))
