(transform N7datalog13mk_coi_filterE...no-op 0s)
(transform N7datalog25mk_interp_tail_simplifierE...13 rules 0.036s)
(transform N7datalog27mk_quantifier_instantiationE...no-op 0s)
(transform N7datalog8mk_scaleE...no-op 0s)
(transform N7datalog18mk_karr_invariantsE...no-op 0s)
(transform N7datalog14mk_array_blastE...no-op 0s)
(transform N7datalog16mk_elim_term_iteE...no-op 0s)
(transform N7datalog22mk_subsumption_checkerE...12 rules 0.004s)
(transform N7datalog12mk_bit_blastE...no-op 0s)
(transform N7datalog15mk_rule_inlinerE...no-op 0s)
(transform N7datalog13mk_coi_filterE...no-op 0s)
(transform N7datalog25mk_interp_tail_simplifierE...12 rules 0.002s)
(transform N7datalog22mk_subsumption_checkerE...no-op 0s)
(transform N7datalog15mk_rule_inlinerE...no-op 0s)
(transform N7datalog13mk_coi_filterE...no-op 0s)
(transform N7datalog25mk_interp_tail_simplifierE...12 rules 0.002s)
(transform N7datalog22mk_subsumption_checkerE...no-op 0s)
(transform N7datalog15mk_rule_inlinerE...no-op 0s)
(transform N7datalog22mk_subsumption_checkerE...no-op 0s)
(transform N7datalog15mk_rule_inlinerE...no-op 0s)
(transform N7datalog22mk_subsumption_checkerE...no-op 0s)
(transform N7datalog15mk_rule_inlinerE...no-op 0s)
(transform N7datalog22mk_subsumption_checkerE...no-op 0s)
expand: query!0 (0, 0) FAR  w(0) 1. F 0.00
(spacer::context::check_reachability :time 0.00 :before-memory 17.66 :after-memory 17.85)
Entering level 1
expand: query!0 (1, 0) FAR  w(0) 1.
	create_child: main@entry!_BAD (0, 1) FAR 1 U 0.00
expand: main@entry!_BAD (0, 0) FAR  w(0) 1. F 0.01
expand: query!0 (1, 0) FAR  w(0) 1. F 0.00
(spacer::context::check_reachability :time 0.01 :before-memory 17.85 :after-memory 19.65)
Propagating: 0 1  ! 2 
(spacer::context::propagate :time 0.00 :before-memory 19.65 :after-memory 19.84)
Entering level 2
expand: query!0 (2, 0) FAR  w(0) 1.
	create_child: main@entry!_BAD (1, 2) FAR 1 U 0.00
expand: main@entry!_BAD (1, 0) FAR  w(0) 1.
	create_child: main@entry (0, 2) FAR 1 U 0.00
expand: main@entry (0, 0) FAR  w(0) 1. F 0.01
expand: main@entry!_BAD (1, 0) FAR  w(0) 1. F 0.00
expand: query!0 (2, 0) FAR  w(0) 1. F 0.00
(spacer::context::check_reachability :time 0.01 :before-memory 19.84 :after-memory 21.22)
Propagating: 0 1 2  ! 3 
(spacer::context::propagate :time 0.00 :before-memory 21.22 :after-memory 21.32)
Entering level 3
expand: query!0 (3, 0) FAR  w(0) 1.
	create_child: main@entry!_BAD (2, 3) FAR 1 U 0.00
expand: main@entry!_BAD (2, 0) FAR  w(0) 1.
	create_child: main@entry (1, 3) FAR 1 U 0.00
expand: main@entry (1, 0) FAR  w(0) 1.
	create_child: main@_58 (0, 3) FAR 26098 U 0.01
expand: main@_58 (0, 0) FAR  w(0) 26098. F 0.00
expand: main@entry (1, 0) FAR  w(0) 1. F 0.00
expand: main@entry!_BAD (2, 0) FAR  w(0) 1. F 0.00
expand: query!0 (3, 0) FAR  w(0) 1. F 0.00
(spacer::context::check_reachability :time 0.01 :before-memory 21.32 :after-memory 22.06)
Propagating: 0 1 2 3  ! 4 
(spacer::context::propagate :time 0.00 :before-memory 22.06 :after-memory 22.06)
Entering level 4
expand: query!0 (4, 0) FAR  w(0) 1.
	create_child: main@entry!_BAD (3, 4) FAR 1 U 0.00
expand: main@entry!_BAD (3, 0) FAR  w(0) 1.
	create_child: main@entry (2, 4) FAR 1 U 0.00
expand: main@entry (2, 0) FAR  w(0) 1.
	create_child: main@_58 (1, 4) FAR 26098 U 0.01
expand: main@_58 (1, 0) FAR  w(0) 26098.
	create_child: main@_58!_Cond (0, 4) FAR 27328 U 0.00
expand: main@_58!_Cond (0, 0) FAR  w(0) 27328. F 0.00
expand: main@_58 (1, 0) FAR  w(0) 26098. F 0.00
expand: main@entry (2, 0) FAR  w(0) 1. F 0.00
expand: main@entry!_BAD (3, 0) FAR  w(0) 1. F 0.00
expand: query!0 (4, 0) FAR  w(0) 1. F 0.00
(spacer::context::check_reachability :time 0.02 :before-memory 22.06 :after-memory 23.24)
Propagating: 0 1 2 3 4  ! 5 
(spacer::context::propagate :time 0.00 :before-memory 23.24 :after-memory 23.34)
Entering level 5
expand: query!0 (5, 0) FAR  w(0) 1.
	create_child: main@entry!_BAD (4, 5) FAR 1 U 0.00
expand: main@entry!_BAD (4, 0) FAR  w(0) 1.
	create_child: main@entry (3, 5) FAR 1 U 0.00
expand: main@entry (3, 0) FAR  w(0) 1.
	create_child: main@_58 (2, 5) FAR 26098 U 0.01
expand: main@_58 (2, 0) FAR  w(0) 26098.
	create_child: main@_58!_Cond (1, 5) FAR 27328 U 0.00
expand: main@_58!_Cond (1, 0) FAR  w(0) 27328.
	create_child: main@_61 (0, 5) FAR 28890 U 0.00
expand: main@_61 (0, 0) FAR  w(0) 28890. F 0.00
expand: main@_58!_Cond (1, 0) FAR  w(0) 27328. F 0.00
expand: main@_58 (2, 0) FAR  w(0) 26098. F 0.00
expand: main@entry (3, 0) FAR  w(0) 1. F 0.00
expand: main@entry!_BAD (4, 0) FAR  w(0) 1. F 0.00
expand: query!0 (5, 0) FAR  w(0) 1. F 0.00
(spacer::context::check_reachability :time 0.02 :before-memory 23.34 :after-memory 24.44)
Propagating: 0 1 2 3 4 5  ! 6 
(spacer::context::propagate :time 0.00 :before-memory 24.44 :after-memory 24.54)
Entering level 6
expand: query!0 (6, 0) FAR  w(0) 1.
	create_child: main@entry!_BAD (5, 6) FAR 1 U 0.00
expand: main@entry!_BAD (5, 0) FAR  w(0) 1.
	create_child: main@entry (4, 6) FAR 1 U 0.00
expand: main@entry (4, 0) FAR  w(0) 1.
	create_child: main@_58 (3, 6) FAR 26098 U 0.01
expand: main@_58 (3, 0) FAR  w(0) 26098.
	create_child: main@_58!_Cond (2, 6) FAR 27328 U 0.00
expand: main@_58!_Cond (2, 0) FAR  w(0) 27328.
	create_child: main@_61 (1, 6) FAR 28890 U 0.00
expand: main@_61 (1, 0) FAR  w(0) 28890.
	create_child: main@.critedge1 (0, 6) FAR 30884 U 0.00
expand: main@.critedge1 (0, 0) FAR  w(0) 30884. F 0.00
expand: main@_61 (1, 0) FAR  w(0) 28890. F 0.00
expand: main@_58!_Cond (2, 0) FAR  w(0) 27328. F 0.00
expand: main@_58 (3, 0) FAR  w(0) 26098. F 0.00
expand: main@entry (4, 0) FAR  w(0) 1. F 0.00
expand: main@entry!_BAD (5, 0) FAR  w(0) 1. F 0.00
expand: query!0 (6, 0) FAR  w(0) 1. F 0.00
(spacer::context::check_reachability :time 0.03 :before-memory 24.54 :after-memory 25.52)
Propagating: 0 1 2 3 4 5 6  ! 7 
(spacer::context::propagate :time 0.00 :before-memory 25.52 :after-memory 25.52)
Entering level 7
expand: query!0 (7, 0) FAR  w(0) 1.
	create_child: main@entry!_BAD (6, 7) FAR 1 U 0.00
expand: main@entry!_BAD (6, 0) FAR  w(0) 1.
	create_child: main@entry (5, 7) FAR 1 U 0.00
expand: main@entry (5, 0) FAR  w(0) 1.
	create_child: main@_58 (4, 7) FAR 26098 U 0.01
expand: main@_58 (4, 0) FAR  w(0) 26098.
	create_child: main@_58!_Cond (3, 7) FAR 27328 U 0.00
expand: main@_58!_Cond (3, 0) FAR  w(0) 27328.
	create_child: main@_61 (2, 7) FAR 28890 U 0.00
expand: main@_61 (2, 0) FAR  w(0) 28890.
	create_child: main@.critedge1 (1, 7) FAR 30884 U 0.00
expand: main@.critedge1 (1, 0) FAR  w(0) 30884.
	create_child: main@.critedge1!_Cond (0, 7) FAR 32487 U 0.00
expand: main@.critedge1!_Cond (0, 0) FAR  w(0) 32487. F 0.01
expand: main@.critedge1 (1, 0) FAR  w(0) 30884. F 0.00
expand: main@_61 (2, 0) FAR  w(0) 28890. F 0.00
expand: main@_58!_Cond (3, 0) FAR  w(0) 27328. F 0.00
expand: main@_58 (4, 0) FAR  w(0) 26098. F 0.00
expand: main@entry (5, 0) FAR  w(0) 1. F 0.00
expand: main@entry!_BAD (6, 0) FAR  w(0) 1. F 0.00
expand: query!0 (7, 0) FAR  w(0) 1. F 0.00
(spacer::context::check_reachability :time 0.03 :before-memory 25.52 :after-memory 28.86)
Propagating: 0 1 2 3 4 5 6 7  ! 8 
(spacer::context::propagate :time 0.02 :before-memory 28.86 :after-memory 29.70)
Entering level 8
expand: query!0 (8, 0) FAR  w(0) 1.
	create_child: main@entry!_BAD (7, 8) FAR 1 U 0.00
expand: main@entry!_BAD (7, 0) FAR  w(0) 1.
	create_child: main@entry (6, 8) FAR 1 U 0.00
expand: main@entry (6, 0) FAR  w(0) 1.
	create_child: main@_58 (5, 8) FAR 26098 U 0.00
expand: main@_58 (5, 0) FAR  w(0) 26098.
	create_child: main@_58!_Cond (4, 8) FAR 27328 U 0.00
expand: main@_58!_Cond (4, 0) FAR  w(0) 27328.
	create_child: main@_61 (3, 8) FAR 28890 U 0.00
expand: main@_61 (3, 0) FAR  w(0) 28890.
	create_child: main@.critedge1 (2, 8) FAR 30884 U 0.00
expand: main@.critedge1 (2, 0) FAR  w(0) 30884.
	create_child: main@.critedge1!_Cond (1, 8) FAR 32487 U 0.00
expand: main@.critedge1!_Cond (1, 0) FAR  w(0) 32487.
	create_child: main@_95 (0, 8) FAR 48425 U 0.06
expand: main@_95 (0, 0) FAR  w(0) 48425. F 0.05
expand: main@.critedge1!_Cond (1, 0) FAR  w(0) 32487


FAILED TO FIND COEFFICIENT





FAILED TO FIND COEFFICIENT


. F 0.05
expand: main@.critedge1 (2, 0) FAR  w(0) 30884


FAILED TO FIND COEFFICIENT





FAILED TO FIND COEFFICIENT


. F 0.01
expand: main@_61 (3, 0) FAR  w(0) 28890.
	create_child: main@.critedge1 (2, 8) FAR 58966 U 0.00
expand: main@.critedge1 (2, 0) FAR  w(0) 58966.
	create_child: main@.critedge1!_Cond (1, 8) FAR 59095 U 0.00
expand: main@.critedge1!_Cond (1, 0) FAR  w(0) 59095.
	create_child: main@_95 (0, 8) FAR 59874 U 0.01
expand: main@_95 (0, 0) FAR  w(0) 59874. F 0.01
expand: main@.critedge1!_Cond (1, 0) FAR  w(0) 59095. F 0.01
expand: main@.critedge1 (2, 0) FAR  w(0) 58966. F 0.00
expand: main@_61 (3, 0) FAR  w(0) 28890.
	create_child: main@.critedge1 (2, 8) FAR 60573 U 0.00
expand: main@.critedge1 (2, 0) FAR  w(0) 60573.
	create_child: main@.critedge1!_Cond (1, 8) FAR 60721 U 0.00
expand: main@.critedge1!_Cond (1, 0) FAR  w(0) 60721.
	create_child: main@_95 (0, 8) FAR 60964 UNDEF 0.01
expand: main@_95 (0, 0) FAR  w(0) 60964. UNDEF 0.01
expand: main@_95 (0, 0) FAR  w(1) 60964.
	create_child: main@_99 (0, 8) FAR 61946 X 0.03
expand: main@_99 (0, 0) FAR  w(0) 61946. T 0.01
is-reachable: main@.critedge1!_Cond (1, 0) FAR 60721 F 0.00
expand: main@.critedge1!_Cond (1, 0) FAR  w(1) 60721. T 0.01
is-reachable: main@.critedge1 (2, 0) FAR 60573 F 0.00
expand: main@.critedge1 (2, 0) FAR  w(1) 60573. T 0.00
is-reachable: main@_61 (3, 0) FAR 28890 F 0.00
expand: main@_61 (3, 0) FAR  w(1) 28890.
	create_child: main@_65 (3, 8) FAR 67508 X 0.00
expand: main@_65 (3, 0) FAR  w(0) 67508. T 0.01
is-reachable: main@_58!_Cond (4, 0) FAR 27328 T 0.00
is-reachable: main@_58 (5, 0) FAR 26098 T 0.00
is-reachable: main@entry (6, 0) FAR 1 F 0.00
Deleting closed node: main@_58!_Cond(4, 8) 27328
Deleting closed node: main@_58(5, 8) 26098
expand: main@entry (6, 0) FAR  w(1) 1. T 0.00
is-reachable: main@entry!_BAD (7, 0) FAR 1 T 0.00
is-reachable: query!0 (8, 0) FAR 1 T 0.00
(spacer::context::check_reachability :time 0.34 :before-memory 29.70 :after-memory 47.88)
