(transform N7datalog13mk_coi_filterE...no-op 0s)
(transform N7datalog25mk_interp_tail_simplifierE...10 rules 0.001s)
(transform N7datalog27mk_quantifier_instantiationE...no-op 0s)
(transform N7datalog8mk_scaleE...no-op 0s)
(transform N7datalog18mk_karr_invariantsE...no-op 0s)
(transform N7datalog14mk_array_blastE...no-op 0s)
(transform N7datalog16mk_elim_term_iteE...no-op 0s)
(transform N7datalog22mk_subsumption_checkerE...9 rules 0s)
(transform N7datalog12mk_bit_blastE...no-op 0s)
(transform N7datalog15mk_rule_inlinerE...no-op 0s)
(transform N7datalog13mk_coi_filterE...no-op 0s)
(transform N7datalog25mk_interp_tail_simplifierE...9 rules 0s)
(transform N7datalog22mk_subsumption_checkerE...no-op 0s)
(transform N7datalog15mk_rule_inlinerE...no-op 0s)
(transform N7datalog13mk_coi_filterE...no-op 0s)
(transform N7datalog25mk_interp_tail_simplifierE...9 rules 0s)
(transform N7datalog22mk_subsumption_checkerE...no-op 0s)
(transform N7datalog15mk_rule_inlinerE...no-op 0s)
(transform N7datalog22mk_subsumption_checkerE...no-op 0s)
(transform N7datalog15mk_rule_inlinerE...no-op 0s)
(transform N7datalog22mk_subsumption_checkerE...no-op 0s)
(transform N7datalog15mk_rule_inlinerE...no-op 0s)
(transform N7datalog22mk_subsumption_checkerE...no-op 0s)
expand: query!0 (0, 0) FAR  w(0) 1. F 0.00
(spacer::context::check_reachability :time 0.00 :before-memory 11.37 :after-memory 11.47)
Entering level 1
expand: query!0 (1, 0) FAR  w(0) 1.
	create_child: main@entry!_BAD (0, 1) FAR 1 U 0.00
expand: main@entry!_BAD (0, 0) FAR  w(0) 1. F 0.00
expand: query!0 (1, 0) FAR  w(0) 1. F 0.00
(spacer::context::check_reachability :time 0.00 :before-memory 11.47 :after-memory 11.57)
Propagating: 0 1  ! 2 
(spacer::context::propagate :time 0.00 :before-memory 11.57 :after-memory 11.57)
Entering level 2
expand: query!0 (2, 0) FAR  w(0) 1.
	create_child: main@entry!_BAD (1, 2) FAR 1 U 0.00
expand: main@entry!_BAD (1, 0) FAR  w(0) 1.
	create_child: main@entry (0, 2) FAR 1 U 0.00
expand: main@entry (0, 0) FAR  w(0) 1. F 0.00
expand: main@entry!_BAD (1, 0) FAR  w(0) 1. F 0.00
expand: query!0 (2, 0) FAR  w(0) 1. F 0.00
(spacer::context::check_reachability :time 0.00 :before-memory 11.57 :after-memory 11.76)
Propagating: 0 1 2  ! 3 
(spacer::context::propagate :time 0.00 :before-memory 11.76 :after-memory 11.76)
Entering level 3
expand: query!0 (3, 0) FAR  w(0) 1.
	create_child: main@entry!_BAD (2, 3) FAR 1 U 0.00
expand: main@entry!_BAD (2, 0) FAR  w(0) 1.
	create_child: main@entry (1, 3) FAR 1 U 0.00
expand: main@entry (1, 0) FAR  w(0) 1.
	create_child: main@entry!_Cond (0, 3) FAR 1463 U 0.00
expand: main@entry!_Cond (0, 0) FAR  w(0) 1463. F 0.00
expand: main@entry (1, 0) FAR  w(0) 1. F 0.00
expand: main@entry!_BAD (2, 0) FAR  w(0) 1. F 0.00
expand: query!0 (3, 0) FAR  w(0) 1. F 0.00
(spacer::context::check_reachability :time 0.00 :before-memory 11.76 :after-memory 12.05)
Propagating: 0 1 2 3  ! 4 
(spacer::context::propagate :time 0.00 :before-memory 12.05 :after-memory 12.05)
Entering level 4
expand: query!0 (4, 0) FAR  w(0) 1.
	create_child: main@entry!_BAD (3, 4) FAR 1 U 0.00
expand: main@entry!_BAD (3, 0) FAR  w(0) 1.
	create_child: main@entry (2, 4) FAR 1 U 0.00
expand: main@entry (2, 0) FAR  w(0) 1.
	create_child: main@entry!_Cond (1, 4) FAR 1463 U 0.00
expand: main@entry!_Cond (1, 0) FAR  w(0) 1463.
	create_child: main@_11 (0, 4) FAR 2138 U 0.00
expand: main@_11 (0, 0) FAR  w(0) 2138. F 0.00
expand: main@entry!_Cond (1, 0) FAR  w(0) 1463. F 0.00
expand: main@entry (2, 0) FAR  w(0) 1. F 0.00
expand: main@entry!_BAD (3, 0) FAR  w(0) 1. F 0.00
expand: query!0 (4, 0) FAR  w(0) 1. F 0.00
(spacer::context::check_reachability :time 0.00 :before-memory 12.05 :after-memory 12.53)
Propagating: 0 1 2 3 4  ! 5 
(spacer::context::propagate :time 0.00 :before-memory 12.53 :after-memory 12.53)
Entering level 5
expand: query!0 (5, 0) FAR  w(0) 1.
	create_child: main@entry!_BAD (4, 5) FAR 1 U 0.00
expand: main@entry!_BAD (4, 0) FAR  w(0) 1.
	create_child: main@entry (3, 5) FAR 1 U 0.00
expand: main@entry (3, 0) FAR  w(0) 1.
	create_child: main@entry!_Cond (2, 5) FAR 1463 U 0.00
expand: main@entry!_Cond (2, 0) FAR  w(0) 1463.
	create_child: main@_11 (1, 5) FAR 2138 U 0.00
expand: main@_11 (1, 0) FAR  w(0) 2138.
	create_child: main@.lr.ph (0, 5) FAR 3368 U 0.00
expand: main@.lr.ph (0, 0) FAR  w(0) 3368. F 0.00
expand: main@_11 (1, 0) FAR  w(0) 2138. F 0.00
expand: main@entry!_Cond (2, 0) FAR  w(0) 1463. F 0.00
expand: main@entry (3, 0) FAR  w(0) 1. F 0.00
expand: main@entry!_BAD (4, 0) FAR  w(0) 1. F 0.00
expand: query!0 (5, 0) FAR  w(0) 1. F 0.00
(spacer::context::check_reachability :time 0.01 :before-memory 12.53 :after-memory 13.01)
Propagating: 0 1 2 3 4 5  ! 6 
(spacer::context::propagate :time 0.00 :before-memory 13.01 :after-memory 13.01)
Entering level 6
expand: query!0 (6, 0) FAR  w(0) 1.
	create_child: main@entry!_BAD (5, 6) FAR 1 U 0.00
expand: main@entry!_BAD (5, 0) FAR  w(0) 1.
	create_child: main@entry (4, 6) FAR 1 U 0.00
expand: main@entry (4, 0) FAR  w(0) 1.
	create_child: main@entry!_Cond (3, 6) FAR 1463 U 0.00
expand: main@entry!_Cond (3, 0) FAR  w(0) 1463.
	create_child: main@_11 (2, 6) FAR 2138 U 0.00
expand: main@_11 (2, 0) FAR  w(0) 2138.
	create_child: main@.lr.ph (1, 6) FAR 3368 U 0.00
expand: main@.lr.ph (1, 0) FAR  w(0) 3368. F 0.00
expand: main@_11 (2, 0) FAR  w(0) 2138. F 0.00
expand: main@entry!_Cond (3, 0) FAR  w(0) 1463. F 0.00
expand: main@entry (4, 0) FAR  w(0) 1. F 0.00
expand: main@entry!_BAD (5, 0) FAR  w(0) 1. F 0.00
expand: query!0 (6, 0) FAR  w(0) 1. F 0.00
(spacer::context::check_reachability :time 0.01 :before-memory 13.01 :after-memory 13.20)
Propagating: 1 2 3 
(spacer::context::propagate :time 0.00 :before-memory 13.20 :after-memory 13.20)
(define-fun main@entry!_BAD () Bool
  false)
(define-fun main@entry!_Cond ((x!0 Int) (x!1 Int) (x!2 Int) (x!3 Int) (x!4 Int)) Bool
  (or (not (>= x!1 3)) (not (>= x!4 9))))
(define-fun main@entry ((x!0 Int) (x!1 Int) (x!2 Int)) Bool
  false)
(define-fun main@_11 ((x!0 Int) (x!1 Int) (x!2 Int) (x!3 Int)) Bool
  (or (not (>= x!1 3)) (not (>= x!3 9))))
(define-fun main@.lr.ph ((x!0 Int) (x!1 Int) (x!2 Int) (x!3 Int)) Bool
  (or (<= x!2 0) (not (>= x!1 9)) (not (>= x!3 3))))
(define-fun main@_9 ((x!0 Int) (x!1 Int) (x!2 Int) (x!3 Int)) Bool
  true)
