./repairExamples_01-08-20-11-08/forwardSl//sv-comp/ssh-simplified/s3_srvr_1_cil-2.fwd.sl:1.9: No set-logic command was given before this point.
./repairExamples_01-08-20-11-08/forwardSl//sv-comp/ssh-simplified/s3_srvr_1_cil-2.fwd.sl:1.9: cvc5 will make all theories available.
./repairExamples_01-08-20-11-08/forwardSl//sv-comp/ssh-simplified/s3_srvr_1_cil-2.fwd.sl:1.9: Consider setting a stricter logic for (likely) better performance.
./repairExamples_01-08-20-11-08/forwardSl//sv-comp/ssh-simplified/s3_srvr_1_cil-2.fwd.sl:1.9: To suppress this warning in the future use (set-logic ALL).
(
(define-fun verifier.error ((x0 Bool) (x1 Bool) (x2 Bool)) Bool true)
(define-fun mainventry ((x0 Int)) Bool true)
(define-fun mainvempty.loop ((x0 Bool) (x1 Int) (x2 Bool) (x3 Int) (x4 Int) (x5 Int) (x6 Bool) (x7 Int) (x8 Int) (x9 Bool) (x10 Bool) (x11 Bool) (x12 Int) (x13 Int) (x14 Int) (x15 Int) (x16 Int)) Bool true)
(define-fun mainvNodeBlock89.i.i.outer ((x0 Int) (x1 Int) (x2 Int) (x3 Bool) (x4 Int) (x5 Bool) (x6 Int) (x7 Int) (x8 Int) (x9 Bool) (x10 Int) (x11 Int) (x12 Bool) (x13 Bool) (x14 Bool) (x15 Int) (x16 Int) (x17 Int) (x18 Int)) Bool true)
(define-fun mainvNodeBlock89.i.i ((x0 Int) (x1 Int) (x2 Bool) (x3 Int) (x4 Bool) (x5 Int) (x6 Int) (x7 Int) (x8 Int) (x9 Bool) (x10 Int) (x11 Int) (x12 Bool) (x13 Bool) (x14 Bool) (x15 Int) (x16 Int) (x17 Int) (x18 Int)) Bool true)
(define-fun mainvNodeBlock87.i.i ((x0 Int) (x1 Int) (x2 Bool) (x3 Int) (x4 Bool) (x5 Int) (x6 Int) (x7 Int) (x8 Int) (x9 Bool) (x10 Int) (x11 Int) (x12 Bool) (x13 Bool) (x14 Bool) (x15 Int) (x16 Int) (x17 Int) (x18 Int)) Bool true)
(define-fun mainvNodeBlock85.i.i ((x0 Int) (x1 Int) (x2 Bool) (x3 Int) (x4 Bool) (x5 Int) (x6 Int) (x7 Int) (x8 Int) (x9 Bool) (x10 Int) (x11 Int) (x12 Bool) (x13 Bool) (x14 Bool) (x15 Int) (x16 Int) (x17 Int) (x18 Int)) Bool true)
(define-fun mainvLeafBlock83.i.i ((x0 Int) (x1 Int) (x2 Bool) (x3 Int) (x4 Bool) (x5 Int) (x6 Int) (x7 Int) (x8 Int) (x9 Bool) (x10 Int) (x11 Int) (x12 Bool) (x13 Bool) (x14 Bool) (x15 Int) (x16 Int) (x17 Int) (x18 Int)) Bool true)
(define-fun mainvLeafBlock81.i.i ((x0 Int) (x1 Int) (x2 Bool) (x3 Int) (x4 Bool) (x5 Int) (x6 Int) (x7 Int) (x8 Int) (x9 Bool) (x10 Int) (x11 Int) (x12 Bool) (x13 Bool) (x14 Bool) (x15 Int) (x16 Int) (x17 Int) (x18 Int)) Bool true)
(define-fun mainvLeafBlock79.i.i ((x0 Int) (x1 Int) (x2 Bool) (x3 Int) (x4 Bool) (x5 Int) (x6 Int) (x7 Int) (x8 Int) (x9 Bool) (x10 Int) (x11 Int) (x12 Bool) (x13 Bool) (x14 Bool) (x15 Int) (x16 Int) (x17 Int) (x18 Int)) Bool true)
(define-fun mainvNodeBlock.i.i ((x0 Int) (x1 Int) (x2 Bool) (x3 Int) (x4 Bool) (x5 Int) (x6 Int) (x7 Int) (x8 Int) (x9 Bool) (x10 Int) (x11 Int) (x12 Bool) (x13 Bool) (x14 Bool) (x15 Int) (x16 Int) (x17 Int) (x18 Int)) Bool true)
(define-fun mainvLeafBlock77.i.i ((x0 Int) (x1 Int) (x2 Bool) (x3 Int) (x4 Bool) (x5 Int) (x6 Int) (x7 Int) (x8 Int) (x9 Bool) (x10 Int) (x11 Int) (x12 Bool) (x13 Bool) (x14 Bool) (x15 Int) (x16 Int) (x17 Int) (x18 Int)) Bool true)
(define-fun mainvLeafBlock.i.i ((x0 Int) (x1 Int) (x2 Bool) (x3 Int) (x4 Bool) (x5 Int) (x6 Int) (x7 Int) (x8 Int) (x9 Bool) (x10 Int) (x11 Int) (x12 Bool) (x13 Bool) (x14 Bool) (x15 Int) (x16 Int) (x17 Int) (x18 Int)) Bool true)
(define-fun mainvNewDefault.i.i ((x0 Int) (x1 Int) (x2 Bool) (x3 Int) (x4 Bool) (x5 Int) (x6 Int) (x7 Int) (x8 Int) (x9 Bool) (x10 Int) (x11 Int) (x12 Bool) (x13 Bool) (x14 Bool) (x15 Int) (x16 Int) (x17 Int) (x18 Int)) Bool true)
(define-fun mainvNodeBlock96.i.i ((x0 Int) (x1 Int) (x2 Bool) (x3 Int) (x4 Bool) (x5 Int) (x6 Int) (x7 Int) (x8 Int) (x9 Int) (x10 Bool) (x11 Int) (x12 Int) (x13 Bool) (x14 Bool) (x15 Bool) (x16 Int) (x17 Int) (x18 Int) (x19 Int)) Bool true)
(define-fun mainvLeafBlock94.i.i ((x0 Int) (x1 Int) (x2 Bool) (x3 Int) (x4 Bool) (x5 Int) (x6 Int) (x7 Int) (x8 Int) (x9 Int) (x10 Bool) (x11 Int) (x12 Int) (x13 Bool) (x14 Bool) (x15 Bool) (x16 Int) (x17 Int) (x18 Int) (x19 Int)) Bool true)
(define-fun mainvLeafBlock92.i.i ((x0 Int) (x1 Int) (x2 Bool) (x3 Int) (x4 Bool) (x5 Int) (x6 Int) (x7 Int) (x8 Int) (x9 Int) (x10 Bool) (x11 Int) (x12 Int) (x13 Bool) (x14 Bool) (x15 Bool) (x16 Int) (x17 Int) (x18 Int) (x19 Int)) Bool true)
(define-fun mainvNewDefault91.i.i ((x0 Int) (x1 Int) (x2 Bool) (x3 Int) (x4 Bool) (x5 Int) (x6 Int) (x7 Int) (x8 Int) (x9 Int) (x10 Bool) (x11 Int) (x12 Int) (x13 Bool) (x14 Bool) (x15 Bool) (x16 Int) (x17 Int) (x18 Int) (x19 Int)) Bool true)
(define-fun mainvNodeBlock7 ((x0 Int) (x1 Int) (x2 Bool) (x3 Int) (x4 Bool) (x5 Int) (x6 Int) (x7 Int) (x8 Int) (x9 Int) (x10 Int) (x11 Bool) (x12 Int) (x13 Int) (x14 Bool) (x15 Bool) (x16 Bool) (x17 Int) (x18 Int) (x19 Int) (x20 Int)) Bool true)
(define-fun mainvNodeBlock5 ((x0 Int) (x1 Int) (x2 Bool) (x3 Int) (x4 Bool) (x5 Int) (x6 Int) (x7 Int) (x8 Int) (x9 Int) (x10 Int) (x11 Bool) (x12 Int) (x13 Int) (x14 Bool) (x15 Bool) (x16 Bool) (x17 Int) (x18 Int) (x19 Int) (x20 Int)) Bool true)
(define-fun mainvNodeBlock3 ((x0 Int) (x1 Int) (x2 Bool) (x3 Int) (x4 Bool) (x5 Int) (x6 Int) (x7 Int) (x8 Int) (x9 Int) (x10 Int) (x11 Bool) (x12 Int) (x13 Int) (x14 Bool) (x15 Bool) (x16 Bool) (x17 Int) (x18 Int) (x19 Int) (x20 Int)) Bool true)
(define-fun mainvLeafBlock1 ((x0 Int) (x1 Int) (x2 Bool) (x3 Int) (x4 Bool) (x5 Int) (x6 Int) (x7 Int) (x8 Int) (x9 Int) (x10 Int) (x11 Bool) (x12 Int) (x13 Int) (x14 Bool) (x15 Bool) (x16 Bool) (x17 Int) (x18 Int) (x19 Int) (x20 Int)) Bool true)
(define-fun mainv_98 ((x0 Int) (x1 Bool) (x2 Int) (x3 Bool) (x4 Int) (x5 Int) (x6 Int) (x7 Bool) (x8 Int) (x9 Int) (x10 Bool) (x11 Bool) (x12 Bool) (x13 Int) (x14 Int) (x15 Int) (x16 Int)) Bool true)
(define-fun mainv_94 ((x0 Int) (x1 Int) (x2 Bool) (x3 Int) (x4 Bool) (x5 Int) (x6 Int) (x7 Int) (x8 Bool) (x9 Int) (x10 Int) (x11 Bool) (x12 Bool) (x13 Bool) (x14 Int) (x15 Int) (x16 Int) (x17 Int)) Bool true)
(define-fun mainv_85 ((x0 Int) (x1 Int) (x2 Bool) (x3 Int) (x4 Bool) (x5 Int) (x6 Int) (x7 Int) (x8 Bool) (x9 Int) (x10 Int) (x11 Bool) (x12 Bool) (x13 Bool) (x14 Int) (x15 Int) (x16 Int) (x17 Int)) Bool true)
(define-fun mainvNodeBlock ((x0 Int) (x1 Int) (x2 Bool) (x3 Int) (x4 Bool) (x5 Int) (x6 Int) (x7 Int) (x8 Int) (x9 Int) (x10 Int) (x11 Bool) (x12 Int) (x13 Int) (x14 Bool) (x15 Bool) (x16 Bool) (x17 Int) (x18 Int) (x19 Int) (x20 Int)) Bool true)
(define-fun mainv_81 ((x0 Int) (x1 Int) (x2 Bool) (x3 Int) (x4 Bool) (x5 Int) (x6 Int) (x7 Int) (x8 Bool) (x9 Int) (x10 Int) (x11 Bool) (x12 Bool) (x13 Bool) (x14 Int) (x15 Int) (x16 Int) (x17 Int)) Bool true)
(define-fun mainvLeafBlock ((x0 Int) (x1 Int) (x2 Bool) (x3 Int) (x4 Bool) (x5 Int) (x6 Int) (x7 Int) (x8 Int) (x9 Int) (x10 Int) (x11 Bool) (x12 Int) (x13 Int) (x14 Bool) (x15 Bool) (x16 Bool) (x17 Int) (x18 Int) (x19 Int) (x20 Int)) Bool true)
(define-fun mainvNewDefault ((x0 Int) (x1 Int) (x2 Bool) (x3 Int) (x4 Bool) (x5 Int) (x6 Int) (x7 Int) (x8 Int) (x9 Int) (x10 Bool) (x11 Int) (x12 Int) (x13 Bool) (x14 Bool) (x15 Bool) (x16 Int) (x17 Int) (x18 Int) (x19 Int)) Bool true)
(define-fun mainv_61 ((x0 Int) (x1 Int) (x2 Bool) (x3 Int) (x4 Bool) (x5 Int) (x6 Int) (x7 Int) (x8 Int) (x9 Int) (x10 Bool) (x11 Int) (x12 Int) (x13 Bool) (x14 Bool) (x15 Bool) (x16 Int) (x17 Int) (x18 Int) (x19 Int)) Bool true)
(define-fun mainv_63 ((x0 Int) (x1 Int) (x2 Bool) (x3 Int) (x4 Bool) (x5 Int) (x6 Int) (x7 Int) (x8 Int) (x9 Bool) (x10 Int) (x11 Int) (x12 Bool) (x13 Bool) (x14 Bool) (x15 Int) (x16 Int) (x17 Int) (x18 Int)) Bool true)
(define-fun mainvNodeBlock22 ((x0 Int) (x1 Int) (x2 Bool) (x3 Int) (x4 Bool) (x5 Int) (x6 Int) (x7 Int) (x8 Int) (x9 Int) (x10 Bool) (x11 Int) (x12 Int) (x13 Bool) (x14 Bool) (x15 Bool) (x16 Int) (x17 Int) (x18 Int) (x19 Int)) Bool true)
(define-fun mainvNodeBlock20 ((x0 Int) (x1 Int) (x2 Bool) (x3 Int) (x4 Bool) (x5 Int) (x6 Int) (x7 Int) (x8 Int) (x9 Int) (x10 Bool) (x11 Int) (x12 Int) (x13 Bool) (x14 Bool) (x15 Bool) (x16 Int) (x17 Int) (x18 Int) (x19 Int)) Bool false)
(define-fun mainvNodeBlock18 ((x0 Int) (x1 Int) (x2 Bool) (x3 Int) (x4 Bool) (x5 Int) (x6 Int) (x7 Int) (x8 Int) (x9 Int) (x10 Bool) (x11 Int) (x12 Int) (x13 Bool) (x14 Bool) (x15 Bool) (x16 Int) (x17 Int) (x18 Int) (x19 Int)) Bool true)
(define-fun mainvLeafBlock16 ((x0 Int) (x1 Int) (x2 Bool) (x3 Int) (x4 Bool) (x5 Int) (x6 Int) (x7 Int) (x8 Int) (x9 Int) (x10 Bool) (x11 Int) (x12 Int) (x13 Bool) (x14 Bool) (x15 Bool) (x16 Int) (x17 Int) (x18 Int) (x19 Int)) Bool false)
(define-fun mainv_121 ((x0 Int) (x1 Int) (x2 Bool) (x3 Int) (x4 Bool) (x5 Int) (x6 Int) (x7 Int) (x8 Bool) (x9 Int) (x10 Int) (x11 Bool) (x12 Bool) (x13 Bool) (x14 Int) (x15 Int) (x16 Int) (x17 Int)) Bool true)
(define-fun mainv_117 ((x0 Int) (x1 Int) (x2 Bool) (x3 Int) (x4 Bool) (x5 Int) (x6 Int) (x7 Int) (x8 Bool) (x9 Int) (x10 Int) (x11 Bool) (x12 Bool) (x13 Bool) (x14 Int) (x15 Int) (x16 Int) (x17 Int)) Bool true)
(define-fun mainvLeafBlock14 ((x0 Int) (x1 Int) (x2 Bool) (x3 Int) (x4 Bool) (x5 Int) (x6 Int) (x7 Int) (x8 Int) (x9 Int) (x10 Bool) (x11 Int) (x12 Int) (x13 Bool) (x14 Bool) (x15 Bool) (x16 Int) (x17 Int) (x18 Int) (x19 Int)) Bool false)
(define-fun mainv_114 ((x0 Int) (x1 Int) (x2 Bool) (x3 Int) (x4 Bool) (x5 Int) (x6 Int) (x7 Int) (x8 Bool) (x9 Int) (x10 Int) (x11 Bool) (x12 Bool) (x13 Bool) (x14 Int) (x15 Int) (x16 Int) (x17 Int)) Bool true)
(define-fun mainvNodeBlock12 ((x0 Int) (x1 Int) (x2 Bool) (x3 Int) (x4 Bool) (x5 Int) (x6 Int) (x7 Int) (x8 Int) (x9 Int) (x10 Bool) (x11 Int) (x12 Int) (x13 Bool) (x14 Bool) (x15 Bool) (x16 Int) (x17 Int) (x18 Int) (x19 Int)) Bool true)
(define-fun mainv_111 ((x0 Int) (x1 Int) (x2 Bool) (x3 Int) (x4 Bool) (x5 Int) (x6 Int) (x7 Int) (x8 Bool) (x9 Int) (x10 Int) (x11 Bool) (x12 Bool) (x13 Bool) (x14 Int) (x15 Int) (x16 Int) (x17 Int)) Bool true)
(define-fun mainvLeafBlock10 ((x0 Int) (x1 Int) (x2 Bool) (x3 Int) (x4 Bool) (x5 Int) (x6 Int) (x7 Int) (x8 Int) (x9 Int) (x10 Bool) (x11 Int) (x12 Int) (x13 Bool) (x14 Bool) (x15 Bool) (x16 Int) (x17 Int) (x18 Int) (x19 Int)) Bool true)
(define-fun mainvNewDefault9 ((x0 Int) (x1 Bool) (x2 Int) (x3 Bool) (x4 Int) (x5 Int) (x6 Int) (x7 Int) (x8 Bool) (x9 Int) (x10 Int) (x11 Bool) (x12 Bool) (x13 Bool) (x14 Int) (x15 Int) (x16 Int) (x17 Int)) Bool false)
(define-fun mainvverifier.error.split () Bool false)
(define-fun mainv_104 ((x0 Int) (x1 Int) (x2 Bool) (x3 Int) (x4 Bool) (x5 Int) (x6 Int) (x7 Int) (x8 Bool) (x9 Int) (x10 Int) (x11 Bool) (x12 Bool) (x13 Bool) (x14 Int) (x15 Int) (x16 Int) (x17 Int)) Bool true)
(define-fun mainv_101 ((x0 Int) (x1 Int) (x2 Bool) (x3 Int) (x4 Bool) (x5 Int) (x6 Int) (x7 Int) (x8 Bool) (x9 Int) (x10 Int) (x11 Bool) (x12 Bool) (x13 Bool) (x14 Int) (x15 Int) (x16 Int) (x17 Int)) Bool true)
(define-fun mainv_77 ((x0 Int) (x1 Int) (x2 Bool) (x3 Int) (x4 Bool) (x5 Int) (x6 Int) (x7 Int) (x8 Bool) (x9 Int) (x10 Int) (x11 Bool) (x12 Bool) (x13 Bool) (x14 Int) (x15 Int) (x16 Int) (x17 Int)) Bool true)
(define-fun mainv_73 ((x0 Int) (x1 Int) (x2 Bool) (x3 Int) (x4 Bool) (x5 Int) (x6 Int) (x7 Int) (x8 Bool) (x9 Int) (x10 Int) (x11 Bool) (x12 Bool) (x13 Bool) (x14 Int) (x15 Int) (x16 Int) (x17 Int)) Bool true)
(define-fun mainv_70 ((x0 Int) (x1 Bool) (x2 Int) (x3 Bool) (x4 Int) (x5 Int) (x6 Int) (x7 Bool) (x8 Int) (x9 Int) (x10 Bool) (x11 Bool) (x12 Bool) (x13 Int) (x14 Int) (x15 Int) (x16 Int)) Bool true)
(define-fun mainv.loopexit ((x0 Int) (x1 Int) (x2 Int) (x3 Bool) (x4 Int) (x5 Bool) (x6 Int) (x7 Int) (x8 Int) (x9 Bool) (x10 Int) (x11 Int) (x12 Bool) (x13 Bool) (x14 Bool) (x15 Int) (x16 Int) (x17 Int) (x18 Int)) Bool true)
(define-fun mainventry!_BAD () Bool true)
(define-fun mainvNodeBlock.i.i!_Cond ((x0 Int) (x1 Int) (x2 Int) (x3 Int) (x4 Int) (x5 Int) (x6 Int) (x7 Bool) (x8 Bool) (x9 Int) (x10 Bool) (x11 Int) (x12 Int) (x13 Bool) (x14 Bool) (x15 Bool) (x16 Int) (x17 Int) (x18 Int)) Bool false)
(define-fun mainvNodeBlock87.i.i!_Cond ((x0 Int) (x1 Int) (x2 Int) (x3 Int) (x4 Int) (x5 Int) (x6 Int) (x7 Bool) (x8 Bool) (x9 Int) (x10 Bool) (x11 Int) (x12 Int) (x13 Bool) (x14 Bool) (x15 Bool) (x16 Int) (x17 Int) (x18 Int)) Bool false)
(define-fun mainvNodeBlock85.i.i!_Cond ((x0 Int) (x1 Int) (x2 Int) (x3 Int) (x4 Int) (x5 Int) (x6 Int) (x7 Bool) (x8 Bool) (x9 Int) (x10 Bool) (x11 Int) (x12 Int) (x13 Bool) (x14 Bool) (x15 Bool) (x16 Int) (x17 Int) (x18 Int)) Bool false)
(define-fun mainvNewDefault.i.i!_Cond ((x0 Int) (x1 Int) (x2 Int) (x3 Int) (x4 Int) (x5 Int) (x6 Int) (x7 Bool) (x8 Bool) (x9 Int) (x10 Bool) (x11 Int) (x12 Int) (x13 Bool) (x14 Bool) (x15 Bool) (x16 Int) (x17 Int) (x18 Int) (x19 Int)) Bool false)
(define-fun mainvNodeBlock96.i.i!_Cond ((x0 Int) (x1 Int) (x2 Int) (x3 Int) (x4 Int) (x5 Int) (x6 Int) (x7 Bool) (x8 Bool) (x9 Int) (x10 Bool) (x11 Int) (x12 Int) (x13 Bool) (x14 Bool) (x15 Bool) (x16 Int) (x17 Int) (x18 Int) (x19 Int)) Bool false)
(define-fun mainvLeafBlock92.i.i!_Cond ((x0 Int) (x1 Int) (x2 Int) (x3 Int) (x4 Int) (x5 Int) (x6 Int) (x7 Bool) (x8 Bool) (x9 Int) (x10 Bool) (x11 Int) (x12 Int) (x13 Bool) (x14 Bool) (x15 Bool) (x16 Int) (x17 Int) (x18 Int) (x19 Int)) Bool false)
(define-fun mainvLeafBlock94.i.i!_Cond ((x0 Int) (x1 Int) (x2 Int) (x3 Int) (x4 Int) (x5 Int) (x6 Int) (x7 Bool) (x8 Bool) (x9 Int) (x10 Bool) (x11 Int) (x12 Int) (x13 Bool) (x14 Bool) (x15 Bool) (x16 Int) (x17 Int) (x18 Int) (x19 Int) (x20 Int) (x21 Int) (x22 Int)) Bool false)
(define-fun mainvNodeBlock7!_Cond ((x0 Int) (x1 Int) (x2 Int) (x3 Int) (x4 Int) (x5 Int) (x6 Int) (x7 Bool) (x8 Bool) (x9 Int) (x10 Bool) (x11 Int) (x12 Int) (x13 Bool) (x14 Bool) (x15 Bool) (x16 Int) (x17 Int) (x18 Int) (x19 Int) (x20 Int)) Bool false)
(define-fun mainvNodeBlock!_Cond ((x0 Int) (x1 Int) (x2 Int) (x3 Int) (x4 Int) (x5 Int) (x6 Int) (x7 Bool) (x8 Bool) (x9 Int) (x10 Bool) (x11 Int) (x12 Int) (x13 Bool) (x14 Bool) (x15 Bool) (x16 Int) (x17 Int) (x18 Int) (x19 Int) (x20 Int)) Bool false)
(define-fun mainvNodeBlock5!_Cond ((x0 Int) (x1 Int) (x2 Int) (x3 Int) (x4 Int) (x5 Int) (x6 Int) (x7 Bool) (x8 Bool) (x9 Int) (x10 Bool) (x11 Int) (x12 Int) (x13 Bool) (x14 Bool) (x15 Bool) (x16 Int) (x17 Int) (x18 Int) (x19 Int) (x20 Int)) Bool false)
(define-fun mainvNodeBlock3!_Cond ((x0 Int) (x1 Int) (x2 Int) (x3 Int) (x4 Int) (x5 Int) (x6 Int) (x7 Bool) (x8 Bool) (x9 Int) (x10 Bool) (x11 Int) (x12 Int) (x13 Bool) (x14 Bool) (x15 Bool) (x16 Int) (x17 Int) (x18 Int) (x19 Int) (x20 Int)) Bool false)
(define-fun mainvLeafBlock!_Cond ((x0 Int) (x1 Int) (x2 Int) (x3 Int) (x4 Int) (x5 Int) (x6 Int) (x7 Bool) (x8 Bool) (x9 Int) (x10 Bool) (x11 Int) (x12 Int) (x13 Bool) (x14 Bool) (x15 Bool) (x16 Int) (x17 Int) (x18 Int) (x19 Int)) Bool false)
(define-fun mainvLeafBlock1!_Cond ((x0 Int) (x1 Int) (x2 Int) (x3 Int) (x4 Int) (x5 Int) (x6 Int) (x7 Bool) (x8 Bool) (x9 Int) (x10 Bool) (x11 Int) (x12 Int) (x13 Bool) (x14 Bool) (x15 Bool) (x16 Int) (x17 Int) (x18 Int) (x19 Int)) Bool false)
(define-fun mainv_61!_Cond ((x0 Int) (x1 Int) (x2 Int) (x3 Int) (x4 Int) (x5 Int) (x6 Int) (x7 Bool) (x8 Bool) (x9 Int) (x10 Bool) (x11 Int) (x12 Int) (x13 Bool) (x14 Bool) (x15 Bool) (x16 Int) (x17 Int) (x18 Int)) Bool false)
(define-fun mainvNodeBlock22!_Cond ((x0 Int) (x1 Int) (x2 Int) (x3 Int) (x4 Int) (x5 Int) (x6 Int) (x7 Bool) (x8 Bool) (x9 Int) (x10 Bool) (x11 Int) (x12 Int) (x13 Bool) (x14 Bool) (x15 Bool) (x16 Int) (x17 Int) (x18 Int) (x19 Int)) Bool false)
(define-fun mainvNodeBlock12!_Cond ((x0 Int) (x1 Int) (x2 Int) (x3 Int) (x4 Int) (x5 Int) (x6 Int) (x7 Bool) (x8 Bool) (x9 Int) (x10 Bool) (x11 Int) (x12 Int) (x13 Bool) (x14 Bool) (x15 Bool) (x16 Int) (x17 Int) (x18 Int) (x19 Int)) Bool false)
(define-fun mainvLeafBlock10!_Cond ((x0 Int) (x1 Int) (x2 Int) (x3 Int) (x4 Int) (x5 Int) (x6 Int) (x7 Bool) (x8 Bool) (x9 Int) (x10 Bool) (x11 Int) (x12 Int) (x13 Bool) (x14 Bool) (x15 Bool) (x16 Int) (x17 Int) (x18 Int)) Bool false)
(define-fun mainvNodeBlock20!_Cond ((x0 Int) (x1 Int) (x2 Int) (x3 Int) (x4 Int) (x5 Int) (x6 Int) (x7 Bool) (x8 Bool) (x9 Int) (x10 Bool) (x11 Int) (x12 Int) (x13 Bool) (x14 Bool) (x15 Bool) (x16 Int) (x17 Int) (x18 Int) (x19 Int)) Bool false)
(define-fun mainvLeafBlock14!_Cond ((x0 Int) (x1 Int) (x2 Int) (x3 Int) (x4 Int) (x5 Int) (x6 Int) (x7 Bool) (x8 Bool) (x9 Int) (x10 Bool) (x11 Int) (x12 Int) (x13 Bool) (x14 Bool) (x15 Bool) (x16 Int) (x17 Int) (x18 Int)) Bool false)
(define-fun mainvNodeBlock18!_Cond ((x0 Int) (x1 Int) (x2 Int) (x3 Int) (x4 Int) (x5 Int) (x6 Int) (x7 Bool) (x8 Bool) (x9 Int) (x10 Bool) (x11 Int) (x12 Int) (x13 Bool) (x14 Bool) (x15 Bool) (x16 Int) (x17 Int) (x18 Int) (x19 Int)) Bool false)
(define-fun mainvLeafBlock16!_Cond ((x0 Int) (x1 Int) (x2 Int) (x3 Int) (x4 Int) (x5 Int) (x6 Int) (x7 Bool) (x8 Bool) (x9 Int) (x10 Bool) (x11 Int) (x12 Int) (x13 Bool) (x14 Bool) (x15 Bool) (x16 Int) (x17 Int) (x18 Int)) Bool false)
(define-fun mainvNodeBlock89.i.i!_Cond ((x0 Int) (x1 Int) (x2 Int) (x3 Int) (x4 Int) (x5 Int) (x6 Int) (x7 Bool) (x8 Bool) (x9 Int) (x10 Bool) (x11 Int) (x12 Int) (x13 Bool) (x14 Bool) (x15 Bool) (x16 Int) (x17 Int) (x18 Int)) Bool false)
)
