(transform N7datalog13mk_coi_filterE...no-op 0s)
(transform N7datalog25mk_interp_tail_simplifierE...10 rules 0.238s)
(transform N7datalog27mk_quantifier_instantiationE...no-op 0s)
(transform N7datalog8mk_scaleE...no-op 0s)
(transform N7datalog18mk_karr_invariantsE...no-op 0s)
(transform N7datalog14mk_array_blastE...no-op 0s)
(transform N7datalog16mk_elim_term_iteE...no-op 0s)
(transform N7datalog22mk_subsumption_checkerE...9 rules 0.102s)
(transform N7datalog12mk_bit_blastE...no-op 0s)
(transform N7datalog15mk_rule_inlinerE...no-op 0s)
(transform N7datalog13mk_coi_filterE...no-op 0s)
(transform N7datalog25mk_interp_tail_simplifierE...9 rules 0.009s)
(transform N7datalog22mk_subsumption_checkerE...no-op 0s)
(transform N7datalog15mk_rule_inlinerE...no-op 0s)
(transform N7datalog13mk_coi_filterE...no-op 0s)
(transform N7datalog25mk_interp_tail_simplifierE...9 rules 0.009s)
(transform N7datalog22mk_subsumption_checkerE...no-op 0s)
(transform N7datalog15mk_rule_inlinerE...no-op 0s)
(transform N7datalog22mk_subsumption_checkerE...no-op 0s)
(transform N7datalog15mk_rule_inlinerE...no-op 0s)
(transform N7datalog22mk_subsumption_checkerE...no-op 0s)
(transform N7datalog15mk_rule_inlinerE...no-op 0s)
(transform N7datalog22mk_subsumption_checkerE...no-op 0s)
expand: query!0 (0, 0) FAR  w(0) 1. F 0.00
(spacer::context::check_reachability :time 0.00 :before-memory 22.00 :after-memory 22.34)
Entering level 1
expand: query!0 (1, 0) FAR  w(0) 1.
	create_child: main@entry!_BAD (0, 1) FAR 1 U 0.00
expand: main@entry!_BAD (0, 0) FAR  w(0) 1. F 0.05
expand: query!0 (1, 0) FAR  w(0) 1. F 0.00
(spacer::context::check_reachability :time 0.05 :before-memory 22.34 :after-memory 36.88)
Propagating: 0 (smt.stats :restarts   :decisions :clauses/bin     :simplify   :memory)
(smt.stats      :conflicts  :propagations   :lemmas     :deletions   )
(smt.stats    0    102    779  34824 22985/0   166     0    0   37.70)
1  ! 2 
(spacer::context::propagate :time 0.03 :before-memory 36.88 :after-memory 39.61)
Entering level 2
expand: query!0 (2, 0) FAR  w(0) 1.
	create_child: main@entry!_BAD (1, 2) FAR 1 U 0.00
expand: main@entry!_BAD (1, 0) FAR  w(0) 1(smt.stats    1    203   5469  74718 23020/0   359     0    0   40.30)
(smt.stats    2    307   9930 129324 23164/0   540     0    0   41.75)
(smt.stats    3    418  16021 172981 23243/0   730     0    0   42.37)
(smt.stats    4    519  17322 227715 23310/0   889     0    0   43.00)
(smt.stats    5    630  17808 282627 23329/0  1052     0    0   45.04)
.
	create_child: main@entry (0, 2) FAR 1 U 0.24
expand: main@entry (0, 0) FAR  w(0) 1(smt.stats :restarts  :decisions  :clauses/bin     :simplify   :memory)
(smt.stats      :conflicts  :propagations   :lemmas     :deletions   )
(smt.stats    0    101   2219  49257 22567/0   101     0    0   65.55)
(smt.stats    1    202   4321  82680 22578/0   202     0    0   66.33)
(smt.stats    2    313   6386 123702 22583/0   313     0    0   67.34)
(smt.stats    3    414   7399 164665 22603/0   415     0    0   68.28)
(smt.stats    4    525  10157 207832 22607/0   527     0    0   69.09)
(smt.stats    5    647  11508 255368 22616/0   649     0    0   71.91)
(smt.stats    6    748  11729 306506 22616/0   750     0    0   73.99)
. F 0.69
expand: main@entry!_BAD (1, 0) FAR  w(0) 1. F 0.00
expand: query!0 (2, 0) FAR  w(0) 1. F 0.00
(spacer::context::check_reachability :time 0.92 :before-memory 39.61 :after-memory 75.48)
Propagating: 0 (smt.stats    7    908  20692 380068 22575/0   909     0    0   75.37)
(smt.stats :restarts :decisions   :clauses/bin     :simplify   :memory)
(smt.stats     :conflicts  :propagations   :lemmas      :deletions   )
(smt.stats    8   1009  28633 478932 22580/0  1009     0    0   75.45)
1 2  ! 3 
(spacer::context::propagate :time 0.24 :before-memory 75.48 :after-memory 77.16)
Entering level 3
expand: query!0 (3, 0) FAR  w(0) 1.
	create_child: main@entry!_BAD (2, 3) FAR 1 U 0.00
expand: main@entry!_BAD (2, 0) FAR  w(0) 1.
	create_child: main@entry (1, 3) FAR 1 U 0.03
expand: main@entry (1, 0) FAR  w(0) 1.
	create_child: main@_567 (0, 3) FAR 255283 U 0.12
expand: main@_567 (0, 0) FAR  w(0) 255283. F 0.01
expand: main@entry (1, 0) FAR  w(0) 1.
	create_child: main@_314 (0, 3) FAR 249372 U 0.07
expand: main@_314 (0, 0) FAR  w(0) 249372. F 0.00
expand: main@entry (1, 0) FAR  w(0) 1. F 0.33
expand: main@entry!_BAD (2, 0) FAR  w(0) 1. F 0.00
expand: query!0 (3, 0) FAR  w(0) 1. F 0.00
(spacer::context::check_reachability :time 0.56 :before-memory 77.16 :after-memory 86.63)
Propagating: 0 1 2 3  ! 4 
(spacer::context::propagate :time 0.02 :before-memory 86.63 :after-memory 86.74)
Entering level 4
expand: query!0 (4, 0) FAR  w(0) 1.
	create_child: main@entry!_BAD (3, 4) FAR 1 U 0.00
expand: main@entry!_BAD (3, 0) FAR  w(0) 1.
	create_child: main@entry (2, 4) FAR 1 U 0.04
expand: main@entry (2, 0) FAR  w(0) 1.
	create_child: main@_314 (1, 4) FAR 249372 U 0.02
expand: main@_314 (1, 0) FAR  w(0) 249372.
	create_child: main@_314!_Cond (0, 4) FAR 249480 U 0.00
expand: main@_314!_Cond (0, 0) FAR  w(0) 249480. F 0.01
expand: main@_314 (1, 0) FAR  w(0) 249372. F 0.00
expand: main@entry (2, 0) FAR  w(0) 1. F 0.33
expand: main@entry!_BAD (3, 0) FAR  w(0) 1. F 0.00
expand: query!0 (4, 0) FAR  w(0) 1. F 0.00
(spacer::context::check_reachability :time 0.40 :before-memory 86.74 :after-memory 91.48)
Propagating: 0 1 2 3 4  ! 5 
(spacer::context::propagate :time 0.02 :before-memory 91.48 :after-memory 91.67)
Entering level 5
expand: query!0 (5, 0) FAR  w(0) 1.
	create_child: main@entry!_BAD (4, 5) FAR 1 U 0.00
expand: main@entry!_BAD (4, 0) FAR  w(0) 1.
	create_child: main@entry (3, 5) FAR 1 U 0.01
expand: main@entry (3, 0) FAR  w(0) 1.
	create_child: main@_314 (2, 5) FAR 249372 U 0.02
expand: main@_314 (2, 0) FAR  w(0) 249372.
	create_child: main@_314!_Cond (1, 5) FAR 249480 U 0.00
expand: main@_314!_Cond (1, 0) FAR  w(0) 249480.
	create_child: main@_567 (0, 5) FAR 261667 U 0.01
expand: main@_567 (0, 0) FAR  w(0) 261667. F 0.00
expand: main@_314!_Cond (1, 0) FAR  w(0) 249480. F 0.00
expand: main@_314 (2, 0) FAR  w(0) 249372. F 0.00
expand: main@entry (3, 0) FAR  w(0) 1. F 0.34
expand: main@entry!_BAD (4, 0) FAR  w(0) 1. F 0.00
expand: query!0 (5, 0) FAR  w(0) 1. F 0.00
(spacer::context::check_reachability :time 0.39 :before-memory 91.67 :after-memory 91.99)
Propagating: 0 1 2 
(spacer::context::propagate :time 0.00 :before-memory 91.99 :after-memory 91.99)
(define-fun main@entry!_BAD () Bool
  false)
(define-fun main@_314!_Cond ((x!0 Int)
 (x!1 Int)
 (x!2 Int)
 (x!3 Int)
 (x!4 Int)
 (x!5 Int)
 (x!6 Int)
 (x!7 Int)
 (x!8 Int)
 (x!9 Int)
 (x!10 (Array Int Int))
 (x!11 (Array Int Int))
 (x!12 (Array Int Int))
 (x!13 (Array Int Int))
 (x!14 (Array Int Int))
 (x!15 (Array Int Int))
 (x!16 (Array Int Int))
 (x!17 (Array Int Int))
 (x!18 (Array Int Int))
 (x!19 (Array Int Int))
 (x!20 Int)) Bool
  (or (<= (select x!10 x!0) 0) (not (<= x!20 0)) (not (= (select x!19 x!5) 1))))
(define-fun main@_314 ((x!0 Int)
 (x!1 (Array Int Int))
 (x!2 Int)
 (x!3 (Array Int Int))
 (x!4 Int)
 (x!5 (Array Int Int))
 (x!6 Int)
 (x!7 (Array Int Int))
 (x!8 Int)
 (x!9 (Array Int Int))
 (x!10 Int)
 (x!11 Int)
 (x!12 Int)
 (x!13 Int)
 (x!14 (Array Int Int))
 (x!15 (Array Int Int))
 (x!16 (Array Int Int))
 (x!17 Int)
 (x!18 (Array Int Int))
 (x!19 Int)) Bool
  (or (not (= (select x!18 x!12) 1)) (<= (select x!7 x!8) 0)))
(define-fun main@entry ((x!0 Int)) Bool
  false)
(define-fun main@_320 ((x!0 Int)
 (x!1 (Array Int Int))
 (x!2 Int)
 (x!3 (Array Int Int))
 (x!4 Int)
 (x!5 (Array Int Int))
 (x!6 Int)
 (x!7 (Array Int Int))
 (x!8 Int)
 (x!9 (Array Int Int))
 (x!10 Int)
 (x!11 Int)
 (x!12 Int)
 (x!13 Int)
 (x!14 (Array Int Int))
 (x!15 (Array Int Int))
 (x!16 (Array Int Int))
 (x!17 Int)
 (x!18 (Array Int Int))) Bool
  true)
(define-fun main@_567 ((x!0 Int)
 (x!1 (Array Int Int))
 (x!2 Int)
 (x!3 (Array Int Int))
 (x!4 Int)
 (x!5 (Array Int Int))
 (x!6 Int)
 (x!7 (Array Int Int))
 (x!8 Int)
 (x!9 (Array Int Int))
 (x!10 Int)
 (x!11 Int)
 (x!12 Int)
 (x!13 Int)
 (x!14 (Array Int Int))
 (x!15 (Array Int Int))
 (x!16 (Array Int Int))
 (x!17 Int)
 (x!18 (Array Int Int))
 (x!19 Int)) Bool
  (or (not (<= x!19 0)) (not (= (select x!18 x!12) 1)) (= (select x!7 x!8) 0)))
