(transform N7datalog13mk_coi_filterE...no-op 0s)
(transform N7datalog25mk_interp_tail_simplifierE...15 rules 0.022s)
(transform N7datalog27mk_quantifier_instantiationE...no-op 0s)
(transform N7datalog8mk_scaleE...no-op 0s)
(transform N7datalog18mk_karr_invariantsE...no-op 0s)
(transform N7datalog14mk_array_blastE...no-op 0s)
(transform N7datalog16mk_elim_term_iteE...no-op 0s)
(transform N7datalog22mk_subsumption_checkerE...13 rules 0s)
(transform N7datalog12mk_bit_blastE...no-op 0s)
(transform N7datalog15mk_rule_inlinerE...no-op 0s)
(transform N7datalog13mk_coi_filterE...no-op 0s)
(transform N7datalog25mk_interp_tail_simplifierE...13 rules 0.001s)
(transform N7datalog22mk_subsumption_checkerE...no-op 0s)
(transform N7datalog15mk_rule_inlinerE...no-op 0s)
(transform N7datalog13mk_coi_filterE...no-op 0s)
(transform N7datalog25mk_interp_tail_simplifierE...13 rules 0.001s)
(transform N7datalog22mk_subsumption_checkerE...no-op 0s)
(transform N7datalog15mk_rule_inlinerE...no-op 0s)
(transform N7datalog22mk_subsumption_checkerE...no-op 0s)
(transform N7datalog15mk_rule_inlinerE...no-op 0s)
(transform N7datalog22mk_subsumption_checkerE...no-op 0s)
(transform N7datalog15mk_rule_inlinerE...no-op 0s)
(transform N7datalog22mk_subsumption_checkerE...no-op 0s)
expand: query!0 (0, 0) FAR  w(0) 1. F 0.00
(spacer::context::check_reachability :time 0.00 :before-memory 16.16 :after-memory 16.27)
Entering level 1
expand: query!0 (1, 0) FAR  w(0) 1.
	create_child: main@entry!_BAD (0, 1) FAR 1 U 0.00
expand: main@entry!_BAD (0, 0) FAR  w(0) 1. F 0.00
expand: query!0 (1, 0) FAR  w(0) 1. F 0.00
(spacer::context::check_reachability :time 0.00 :before-memory 16.27 :after-memory 16.47)
Propagating: 0 1  ! 2 
(spacer::context::propagate :time 0.00 :before-memory 16.47 :after-memory 16.47)
Entering level 2
expand: query!0 (2, 0) FAR  w(0) 1.
	create_child: main@entry!_BAD (1, 2) FAR 1 U 0.00
expand: main@entry!_BAD (1, 0) FAR  w(0) 1.
	create_child: main@entry (0, 2) FAR 1 U 0.00
expand: main@entry (0, 0) FAR  w(0) 1. F 0.00
expand: main@entry!_BAD (1, 0) FAR  w(0) 1. F 0.00
expand: query!0 (2, 0) FAR  w(0) 1. F 0.00
(spacer::context::check_reachability :time 0.00 :before-memory 16.47 :after-memory 16.87)
Propagating: 0 1 2  ! 3 
(spacer::context::propagate :time 0.00 :before-memory 16.87 :after-memory 16.87)
Entering level 3
expand: query!0 (3, 0) FAR  w(0) 1.
	create_child: main@entry!_BAD (2, 3) FAR 1 U 0.00
expand: main@entry!_BAD (2, 0) FAR  w(0) 1.
	create_child: main@entry (1, 3) FAR 1 U 0.00
expand: main@entry (1, 0) FAR  w(0) 1.
	create_child: main@empty.loop (0, 3) FAR 13405 U 0.00
expand: main@empty.loop (0, 0) FAR  w(0) 13405. F 0.00
expand: main@entry (1, 0) FAR  w(0) 1. F 0.00
expand: main@entry!_BAD (2, 0) FAR  w(0) 1. F 0.00
expand: query!0 (3, 0) FAR  w(0) 1. F 0.00
(spacer::context::check_reachability :time 0.00 :before-memory 16.87 :after-memory 17.36)
Propagating: 0 1 2 3  ! 4 
(spacer::context::propagate :time 0.00 :before-memory 17.36 :after-memory 17.36)
Entering level 4
expand: query!0 (4, 0) FAR  w(0) 1.
	create_child: main@entry!_BAD (3, 4) FAR 1 U 0.00
expand: main@entry!_BAD (3, 0) FAR  w(0) 1.
	create_child: main@entry (2, 4) FAR 1 U 0.00
expand: main@entry (2, 0) FAR  w(0) 1.
	create_child: main@empty.loop (1, 4) FAR 13405 U 0.00
expand: main@empty.loop (1, 0) FAR  w(0) 13405.
	create_child: main@NodeBlock88.i.i.outer (0, 4) FAR 14128 U 0.00
expand: main@NodeBlock88.i.i.outer (0, 0) FAR  w(0) 14128. F 0.00
expand: main@empty.loop (1, 0) FAR  w(0) 13405. F 0.00
expand: main@entry (2, 0) FAR  w(0) 1. F 0.00
expand: main@entry!_BAD (3, 0) FAR  w(0) 1. F 0.00
expand: query!0 (4, 0) FAR  w(0) 1. F 0.00
(spacer::context::check_reachability :time 0.00 :before-memory 17.36 :after-memory 17.97)
Propagating: 0 1 2 3 4  ! 5 
(spacer::context::propagate :time 0.00 :before-memory 17.97 :after-memory 17.97)
Entering level 5
expand: query!0 (5, 0) FAR  w(0) 1.
	create_child: main@entry!_BAD (4, 5) FAR 1 U 0.00
expand: main@entry!_BAD (4, 0) FAR  w(0) 1.
	create_child: main@entry (3, 5) FAR 1 U 0.00
expand: main@entry (3, 0) FAR  w(0) 1.
	create_child: main@empty.loop (2, 5) FAR 13405 U 0.00
expand: main@empty.loop (2, 0) FAR  w(0) 13405.
	create_child: main@NodeBlock88.i.i.outer (1, 5) FAR 14128 U 0.00
expand: main@NodeBlock88.i.i.outer (1, 0) FAR  w(0) 14128.
	create_child: main@NodeBlock88.i.i (0, 5) FAR 15566 U 0.00
expand: main@NodeBlock88.i.i (0, 0) FAR  w(0) 15566. F 0.01
expand: main@NodeBlock88.i.i.outer (1, 0) FAR  w(0) 14128. F 0.00
expand: main@empty.loop (2, 0) FAR  w(0) 13405. F 0.00
expand: main@entry (3, 0) FAR  w(0) 1. F 0.00
expand: main@entry!_BAD (4, 0) FAR  w(0) 1. F 0.00
expand: query!0 (5, 0) FAR  w(0) 1. F 0.00
(spacer::context::check_reachability :time 0.02 :before-memory 17.97 :after-memory 21.58)
Propagating: 0 1 2 3 4 5  ! 6 
(spacer::context::propagate :time 0.00 :before-memory 21.58 :after-memory 21.68)
Entering level 6
expand: query!0 (6, 0) FAR  w(0) 1.
	create_child: main@entry!_BAD (5, 6) FAR 1 U 0.00
expand: main@entry!_BAD (5, 0) FAR  w(0) 1.
	create_child: main@entry (4, 6) FAR 1 U 0.00
expand: main@entry (4, 0) FAR  w(0) 1.
	create_child: main@empty.loop (3, 6) FAR 13405 U 0.00
expand: main@empty.loop (3, 0) FAR  w(0) 13405.
	create_child: main@NodeBlock88.i.i.outer (2, 6) FAR 14128 U 0.00
expand: main@NodeBlock88.i.i.outer (2, 0) FAR  w(0) 14128.
	create_child: main@NodeBlock88.i.i (1, 6) FAR 15566 U 0.00
expand: main@NodeBlock88.i.i (1, 0) FAR  w(0) 15566. F 0.01
expand: main@NodeBlock88.i.i.outer (2, 0) FAR  w(0) 14128. F 0.00
expand: main@empty.loop (3, 0) FAR  w(0) 13405. F 0.00
expand: main@entry (4, 0) FAR  w(0) 1. F 0.00
expand: main@entry!_BAD (5, 0) FAR  w(0) 1. F 0.00
expand: query!0 (6, 0) FAR  w(0) 1. F 0.00
(spacer::context::check_reachability :time 0.01 :before-memory 21.68 :after-memory 21.99)
Propagating: 1 2 3 4 5 6  ! 7 
(spacer::context::propagate :time 0.00 :before-memory 21.99 :after-memory 21.99)
Entering level 7
expand: query!0 (7, 0) FAR  w(0) 1.
	create_child: main@entry!_BAD (6, 7) FAR 1 U 0.00
expand: main@entry!_BAD (6, 0) FAR  w(0) 1.
	create_child: main@entry (5, 7) FAR 1 U 0.00
expand: main@entry (5, 0) FAR  w(0) 1.
	create_child: main@empty.loop (4, 7) FAR 13405 U 0.00
expand: main@empty.loop (4, 0) FAR  w(0) 13405.
	create_child: main@NodeBlock88.i.i.outer (3, 7) FAR 14128 U 0.00
expand: main@NodeBlock88.i.i.outer (3, 0) FAR  w(0) 14128.
	create_child: main@NodeBlock88.i.i (2, 7) FAR 15566 U 0.00
expand: main@NodeBlock88.i.i (2, 0) FAR  w(0) 15566. F 0.01
expand: main@NodeBlock88.i.i.outer (3, 0) FAR  w(0) 14128. F 0.00
expand: main@empty.loop (4, 0) FAR  w(0) 13405. F 0.00
expand: main@entry (5, 0) FAR  w(0) 1.
	create_child: main@empty.loop (4, 7) FAR 27811 U 0.00
expand: main@empty.loop (4, 0) FAR  w(0) 27811.
	create_child: main@NodeBlock88.i.i.outer (3, 7) FAR 27882 U 0.00
expand: main@NodeBlock88.i.i.outer (3, 0) FAR  w(0) 27882.
	create_child: main@NodeBlock88.i.i (2, 7) FAR 27919 U 0.00
expand: main@NodeBlock88.i.i (2, 0) FAR  w(0) 27919. F 0.02
expand: main@NodeBlock88.i.i.outer (3, 0) FAR  w(0) 27882. F 0.00
expand: main@empty.loop (4, 0) FAR  w(0) 27811. F 0.00
expand: main@entry (5, 0) FAR  w(0) 1. F 0.00
expand: main@entry!_BAD (6, 0) FAR  w(0) 1. F 0.00
expand: query!0 (7, 0) FAR  w(0) 1. F 0.00
(spacer::context::check_reachability :time 0.04 :before-memory 21.99 :after-memory 22.53)
Propagating: 2 3 4 5 6 7  ! 8 
(spacer::context::propagate :time 0.00 :before-memory 22.53 :after-memory 22.53)
Entering level 8
expand: query!0 (8, 0) FAR  w(0) 1.
	create_child: main@entry!_BAD (7, 8) FAR 1 U 0.00
expand: main@entry!_BAD (7, 0) FAR  w(0) 1.
	create_child: main@entry (6, 8) FAR 1 U 0.00
expand: main@entry (6, 0) FAR  w(0) 1.
	create_child: main@empty.loop (5, 8) FAR 27811 U 0.00
expand: main@empty.loop (5, 0) FAR  w(0) 27811.
	create_child: main@NodeBlock88.i.i.outer (4, 8) FAR 27882 U 0.00
expand: main@NodeBlock88.i.i.outer (4, 0) FAR  w(0) 27882.
	create_child: main@NodeBlock88.i.i (3, 8) FAR 27919 U 0.00
expand: main@NodeBlock88.i.i (3, 0) FAR  w(0) 27919.
	create_child: main@NodeBlock88.i.i.outer (2, 8) FAR 29993 U 0.00
expand: main@NodeBlock88.i.i.outer (2, 0) FAR  w(0) 29993.
	create_child: main@NodeBlock88.i.i (1, 8) FAR 30040 U 0.00
expand: main@NodeBlock88.i.i (1, 0) FAR  w(0) 30040.
	create_child: main@_107 (0, 8) FAR 29771 UNDEF 0.00
expand: main@_107 (0, 0) FAR  w(0) 29771. F 0.00
expand: main@NodeBlock88.i.i (1, 0) FAR  w(0) 30040. F 0.00
expand: main@NodeBlock88.i.i.outer (2, 0) FAR  w(0) 29993. F 0.00
expand: main@NodeBlock88.i.i (3, 0) FAR  w(0) 27919. F 0.01
expand: main@NodeBlock88.i.i.outer (4, 0) FAR  w(0) 27882. F 0.00
expand: main@empty.loop (5, 0) FAR  w(0) 27811. F 0.00
expand: main@entry (6, 0) FAR  w(0) 1. F 0.00
expand: main@entry!_BAD (7, 0) FAR  w(0) 1. F 0.00
expand: query!0 (8, 0) FAR  w(0) 1. F 0.00
(spacer::context::check_reachability :time 0.04 :before-memory 22.53 :after-memory 23.69)
Propagating: 0 1 2 3 4 5 6 7 8  ! 9 
(spacer::context::propagate :time 0.01 :before-memory 23.69 :after-memory 23.79)
Entering level 9
expand: query!0 (9, 0) FAR  w(0) 1.
	create_child: main@entry!_BAD (8, 9) FAR 1 U 0.00
expand: main@entry!_BAD (8, 0) FAR  w(0) 1.
	create_child: main@entry (7, 9) FAR 1 U 0.00
expand: main@entry (7, 0) FAR  w(0) 1.
	create_child: main@empty.loop (6, 9) FAR 27811 U 0.00
expand: main@empty.loop (6, 0) FAR  w(0) 27811.
	create_child: main@NodeBlock88.i.i.outer (5, 9) FAR 27882 U 0.00
expand: main@NodeBlock88.i.i.outer (5, 0) FAR  w(0) 27882.
	create_child: main@NodeBlock88.i.i (4, 9) FAR 27919 U 0.00
expand: main@NodeBlock88.i.i (4, 0) FAR  w(0) 27919.
	create_child: main@NodeBlock88.i.i.outer (3, 9) FAR 29993 U 0.00
expand: main@NodeBlock88.i.i.outer (3, 0) FAR  w(0) 29993.
	create_child: main@NodeBlock88.i.i (2, 9) FAR 30040 U 0.00
expand: main@NodeBlock88.i.i (2, 0) FAR  w(0) 30040.
	create_child: main@_107 (1, 9) FAR 29771 U 0.00
expand: main@_107 (1, 0) FAR  w(0) 29771.
	create_child: main@_107!_Cond (0, 9) FAR 31994 U 0.00
expand: main@_107!_Cond (0, 0) FAR  w(0) 31994. F 0.00
expand: main@_107 (1, 0) FAR  w(0) 29771. F 0.00
expand: main@NodeBlock88.i.i (2, 0) FAR  w(0) 30040.
	create_child: main@NodeBlock88.i.i.outer (1, 9) FAR 33122 U 0.00
expand: main@NodeBlock88.i.i.outer (1, 0) FAR  w(0) 33122.
	create_child: main@NodeBlock88.i.i (0, 9) FAR 33050 U 0.00
expand: main@NodeBlock88.i.i (0, 0) FAR  w(0) 33050. F 0.00
expand: main@NodeBlock88.i.i.outer (1, 0) FAR  w(0) 33122. F 0.00
expand: main@NodeBlock88.i.i (2, 0) FAR  w(0) 30040. F 0.01
expand: main@NodeBlock88.i.i.outer (3, 0) FAR  w(0) 29993. F 0.00
expand: main@NodeBlock88.i.i (4, 0) FAR  w(0) 27919. F 0.01
expand: main@NodeBlock88.i.i.outer (5, 0) FAR  w(0) 27882. F 0.00
expand: main@empty.loop (6, 0) FAR  w(0) 27811. F 0.00
expand: main@entry (7, 0) FAR  w(0) 1. F 0.00
expand: main@entry!_BAD (8, 0) FAR  w(0) 1. F 0.00
expand: query!0 (9, 0) FAR  w(0) 1. F 0.00
(spacer::context::check_reachability :time 0.05 :before-memory 23.79 :after-memory 24.84)
Propagating: 0 1 2 3 4 5 6 7 8 9  ! 10 
(spacer::context::propagate :time 0.01 :before-memory 24.84 :after-memory 24.84)
Entering level 10
expand: query!0 (10, 0) FAR  w(0) 1.
	create_child: main@entry!_BAD (9, 10) FAR 1 U 0.00
expand: main@entry!_BAD (9, 0) FAR  w(0) 1.
	create_child: main@entry (8, 10) FAR 1 U 0.00
expand: main@entry (8, 0) FAR  w(0) 1.
	create_child: main@empty.loop (7, 10) FAR 27811 U 0.00
expand: main@empty.loop (7, 0) FAR  w(0) 27811.
	create_child: main@NodeBlock88.i.i.outer (6, 10) FAR 27882 U 0.00
expand: main@NodeBlock88.i.i.outer (6, 0) FAR  w(0) 27882.
	create_child: main@NodeBlock88.i.i (5, 10) FAR 27919 U 0.00
expand: main@NodeBlock88.i.i (5, 0) FAR  w(0) 27919.
	create_child: main@NodeBlock88.i.i.outer (4, 10) FAR 29993 U 0.00
expand: main@NodeBlock88.i.i.outer (4, 0) FAR  w(0) 29993.
	create_child: main@NodeBlock88.i.i (3, 10) FAR 30040 U 0.00
expand: main@NodeBlock88.i.i (3, 0) FAR  w(0) 30040.
	create_child: main@_107 (2, 10) FAR 29771 U 0.00
expand: main@_107 (2, 0) FAR  w(0) 29771.
	create_child: main@_107!_Cond (1, 10) FAR 31994 U 0.00
expand: main@_107!_Cond (1, 0) FAR  w(0) 31994.
	create_child: main@_114 (0, 10) FAR 34931 U 0.00
expand: main@_114 (0, 0) FAR  w(0) 34931. F 0.00
expand: main@_107!_Cond (1, 0) FAR  w(0) 31994. F 0.00
expand: main@_107 (2, 0) FAR  w(0) 29771. F 0.00
expand: main@NodeBlock88.i.i (3, 0) FAR  w(0) 30040. F 0.01
expand: main@NodeBlock88.i.i.outer (4, 0) FAR  w(0) 29993. F 0.00
expand: main@NodeBlock88.i.i (5, 0) FAR  w(0) 27919. F 0.01
expand: main@NodeBlock88.i.i.outer (6, 0) FAR  w(0) 27882. F 0.00
expand: main@empty.loop (7, 0) FAR  w(0) 27811. F 0.00
expand: main@entry (8, 0) FAR  w(0) 1. F 0.00
expand: main@entry!_BAD (9, 0) FAR  w(0) 1. F 0.00
expand: query!0 (10, 0) FAR  w(0) 1. F 0.00
(spacer::context::check_reachability :time 0.04 :before-memory 24.84 :after-memory 25.80)
Propagating: 0 1 2 3 4 5 6 7 8 9 10  ! 11 
(spacer::context::propagate :time 0.00 :before-memory 25.80 :after-memory 25.80)
Entering level 11
expand: query!0 (11, 0) FAR  w(0) 1.
	create_child: main@entry!_BAD (10, 11) FAR 1 U 0.00
expand: main@entry!_BAD (10, 0) FAR  w(0) 1.
	create_child: main@entry (9, 11) FAR 1 U 0.00
expand: main@entry (9, 0) FAR  w(0) 1.
	create_child: main@empty.loop (8, 11) FAR 27811 U 0.00
expand: main@empty.loop (8, 0) FAR  w(0) 27811.
	create_child: main@NodeBlock88.i.i.outer (7, 11) FAR 27882 U 0.00
expand: main@NodeBlock88.i.i.outer (7, 0) FAR  w(0) 27882.
	create_child: main@NodeBlock88.i.i (6, 11) FAR 27919 U 0.00
expand: main@NodeBlock88.i.i (6, 0) FAR  w(0) 27919.
	create_child: main@NodeBlock88.i.i.outer (5, 11) FAR 29993 U 0.00
expand: main@NodeBlock88.i.i.outer (5, 0) FAR  w(0) 29993.
	create_child: main@NodeBlock88.i.i (4, 11) FAR 30040 U 0.00
expand: main@NodeBlock88.i.i (4, 0) FAR  w(0) 30040.
	create_child: main@NodeBlock88.i.i.outer (3, 11) FAR 33122 U 0.00
expand: main@NodeBlock88.i.i.outer (3, 0) FAR  w(0) 33122.
	create_child: main@NodeBlock88.i.i (2, 11) FAR 33050 U 0.00
expand: main@NodeBlock88.i.i (2, 0) FAR  w(0) 33050.
	create_child: main@NodeBlock88.i.i.outer (1, 11) FAR 37195 U 0.00
expand: main@NodeBlock88.i.i.outer (1, 0) FAR  w(0) 37195.
	create_child: main@NodeBlock88.i.i (0, 11) FAR 37218 U 0.00
expand: main@NodeBlock88.i.i (0, 0) FAR  w(0) 37218. F 0.00
expand: main@NodeBlock88.i.i.outer (1, 0) FAR  w(0) 37195. F 0.00
expand: main@NodeBlock88.i.i (2, 0) FAR  w(0) 33050. F 0.01
expand: main@NodeBlock88.i.i.outer (3, 0) FAR  w(0) 33122. F 0.00
expand: main@NodeBlock88.i.i (4, 0) FAR  w(0) 30040. F 0.01
expand: main@NodeBlock88.i.i.outer (5, 0) FAR  w(0) 29993. F 0.00
expand: main@NodeBlock88.i.i (6, 0) FAR  w(0) 27919. F 0.02
expand: main@NodeBlock88.i.i.outer (7, 0) FAR  w(0) 27882. F 0.00
expand: main@empty.loop (8, 0) FAR  w(0) 27811. F 0.00
expand: main@entry (9, 0) FAR  w(0) 1. F 0.00
expand: main@entry!_BAD (10, 0) FAR  w(0) 1. F 0.00
expand: query!0 (11, 0) FAR  w(0) 1. F 0.00
(spacer::context::check_reachability :time 0.08 :before-memory 25.80 :after-memory 26.10)
Propagating: 0 1 2 3 4 5 6 7 8 9 10 11  ! 12 
(spacer::context::propagate :time 0.01 :before-memory 26.10 :after-memory 26.10)
Entering level 12
expand: query!0 (12, 0) FAR  w(0) 1.
	create_child: main@entry!_BAD (11, 12) FAR 1 U 0.00
expand: main@entry!_BAD (11, 0) FAR  w(0) 1.
	create_child: main@entry (10, 12) FAR 1 U 0.00
expand: main@entry (10, 0) FAR  w(0) 1.
	create_child: main@empty.loop (9, 12) FAR 27811 U 0.00
expand: main@empty.loop (9, 0) FAR  w(0) 27811.
	create_child: main@NodeBlock88.i.i.outer (8, 12) FAR 27882 U 0.00
expand: main@NodeBlock88.i.i.outer (8, 0) FAR  w(0) 27882.
	create_child: main@NodeBlock88.i.i (7, 12) FAR 27919 U 0.00
expand: main@NodeBlock88.i.i (7, 0) FAR  w(0) 27919.
	create_child: main@NodeBlock88.i.i.outer (6, 12) FAR 29993 U 0.00
expand: main@NodeBlock88.i.i.outer (6, 0) FAR  w(0) 29993.
	create_child: main@NodeBlock88.i.i (5, 12) FAR 30040 U 0.00
expand: main@NodeBlock88.i.i (5, 0) FAR  w(0) 30040.
	create_child: main@_107 (4, 12) FAR 29771 U 0.00
expand: main@_107 (4, 0) FAR  w(0) 29771.
	create_child: main@_107!_Cond (3, 12) FAR 31994 U 0.00
expand: main@_107!_Cond (3, 0) FAR  w(0) 31994.
	create_child: main@_114 (2, 12) FAR 34931 U 0.00
expand: main@_114 (2, 0) FAR  w(0) 34931. F 0.00
expand: main@_107!_Cond (3, 0) FAR  w(0) 31994. F 0.00
expand: main@_107 (4, 0) FAR  w(0) 29771. F 0.00
expand: main@NodeBlock88.i.i (5, 0) FAR  w(0) 30040. F 0.01
expand: main@NodeBlock88.i.i.outer (6, 0) FAR  w(0) 29993. F 0.00
expand: main@NodeBlock88.i.i (7, 0) FAR  w(0) 27919. F 0.01
expand: main@NodeBlock88.i.i.outer (8, 0) FAR  w(0) 27882. F 0.00
expand: main@empty.loop (9, 0) FAR  w(0) 27811. F 0.00
expand: main@entry (10, 0) FAR  w(0) 1. F 0.00
expand: main@entry!_BAD (11, 0) FAR  w(0) 1. F 0.00
expand: query!0 (12, 0) FAR  w(0) 1. F 0.00
(spacer::context::check_reachability :time 0.05 :before-memory 26.10 :after-memory 26.34)
Propagating: 2 3 4 5 6 7 8 9 10 11 12  ! 13 
(spacer::context::propagate :time 0.01 :before-memory 26.34 :after-memory 26.91)
Entering level 13
expand: query!0 (13, 0) FAR  w(0) 1.
	create_child: main@entry!_BAD (12, 13) FAR 1 U 0.00
expand: main@entry!_BAD (12, 0) FAR  w(0) 1.
	create_child: main@entry (11, 13) FAR 1 U 0.00
expand: main@entry (11, 0) FAR  w(0) 1.
	create_child: main@empty.loop (10, 13) FAR 27811 U 0.00
expand: main@empty.loop (10, 0) FAR  w(0) 27811.
	create_child: main@NodeBlock88.i.i.outer (9, 13) FAR 27882 U 0.00
expand: main@NodeBlock88.i.i.outer (9, 0) FAR  w(0) 27882.
	create_child: main@NodeBlock88.i.i (8, 13) FAR 27919 U 0.00
expand: main@NodeBlock88.i.i (8, 0) FAR  w(0) 27919.
	create_child: main@NodeBlock88.i.i.outer (7, 13) FAR 29993 U 0.00
expand: main@NodeBlock88.i.i.outer (7, 0) FAR  w(0) 29993.
	create_child: main@NodeBlock88.i.i (6, 13) FAR 30040 U 0.00
expand: main@NodeBlock88.i.i (6, 0) FAR  w(0) 30040.
	create_child: main@NodeBlock88.i.i.outer (5, 13) FAR 33122 U 0.00
expand: main@NodeBlock88.i.i.outer (5, 0) FAR  w(0) 33122.
	create_child: main@NodeBlock88.i.i (4, 13) FAR 33050 U 0.00
expand: main@NodeBlock88.i.i (4, 0) FAR  w(0) 33050.
	create_child: main@NodeBlock88.i.i.outer (3, 13) FAR 37195 U 0.00
expand: main@NodeBlock88.i.i.outer (3, 0) FAR  w(0) 37195.
	create_child: main@NodeBlock88.i.i (2, 13) FAR 37218 U 0.00
expand: main@NodeBlock88.i.i (2, 0) FAR  w(0) 37218. F 0.01
expand: main@NodeBlock88.i.i.outer (3, 0) FAR  w(0) 37195. F 0.00
expand: main@NodeBlock88.i.i (4, 0) FAR  w(0) 33050. F 0.01
expand: main@NodeBlock88.i.i.outer (5, 0) FAR  w(0) 33122. F 0.00
expand: main@NodeBlock88.i.i (6, 0) FAR  w(0) 30040. F 0.01
expand: main@NodeBlock88.i.i.outer (7, 0) FAR  w(0) 29993. F 0.00
expand: main@NodeBlock88.i.i (8, 0) FAR  w(0) 27919. F 0.02
expand: main@NodeBlock88.i.i.outer (9, 0) FAR  w(0) 27882. F 0.00
expand: main@empty.loop (10, 0) FAR  w(0) 27811. F 0.00
expand: main@entry (11, 0) FAR  w(0) 1.
	create_child: main@empty.loop (10, 13) FAR 45362 U 0.00
expand: main@empty.loop (10, 0) FAR  w(0) 45362.
	create_child: main@NodeBlock88.i.i.outer (9, 13) FAR 45436 U 0.00
expand: main@NodeBlock88.i.i.outer (9, 0) FAR  w(0) 45436.
	create_child: main@NodeBlock88.i.i (8, 13) FAR 45477 U 0.00
expand: main@NodeBlock88.i.i (8, 0) FAR  w(0) 45477.
	create_child: main@NodeBlock88.i.i.outer (7, 13) FAR 45763 U 0.00
expand: main@NodeBlock88.i.i.outer (7, 0) FAR  w(0) 45763.
	create_child: main@NodeBlock88.i.i (6, 13) FAR 45819 U 0.00
expand: main@NodeBlock88.i.i (6, 0) FAR  w(0) 45819.
	create_child: main@NodeBlock88.i.i.outer (5, 13) FAR 45832 U 0.00
expand: main@NodeBlock88.i.i.outer (5, 0) FAR  w(0) 45832.
	create_child: main@NodeBlock88.i.i (4, 13) FAR 45884 U 0.00
expand: main@NodeBlock88.i.i (4, 0) FAR  w(0) 45884.
	create_child: main@NodeBlock88.i.i.outer (3, 13) FAR 45877 U 0.00
expand: main@NodeBlock88.i.i.outer (3, 0) FAR  w(0) 45877.
	create_child: main@NodeBlock88.i.i (2, 13) FAR 45775 U 0.00
expand: main@NodeBlock88.i.i (2, 0) FAR  w(0) 45775.
	create_child: main@NodeBlock88.i.i.outer (1, 13) FAR 45743 U 0.00
expand: main@NodeBlock88.i.i.outer (1, 0) FAR  w(0) 45743.
	create_child: main@NodeBlock88.i.i (0, 13) FAR 45733 U 0.00
expand: main@NodeBlock88.i.i (0, 0) FAR  w(0) 45733. F 0.00
expand: main@NodeBlock88.i.i.outer (1, 0) FAR  w(0) 45743. F 0.00
expand: main@NodeBlock88.i.i (2, 0) FAR  w(0) 45775. F 0.01
expand: main@NodeBlock88.i.i.outer (3, 0) FAR  w(0) 45877. F 0.00
expand: main@NodeBlock88.i.i (4, 0) FAR  w(0) 45884. F 0.01
expand: main@NodeBlock88.i.i.outer (5, 0) FAR  w(0) 45832. F 0.00
expand: main@NodeBlock88.i.i (6, 0) FAR  w(0) 45819. F 0.01
expand: main@NodeBlock88.i.i.outer (7, 0) FAR  w(0) 45763. F 0.00
expand: main@NodeBlock88.i.i (8, 0) FAR  w(0) 45477. F 0.02
expand: main@NodeBlock88.i.i.outer (9, 0) FAR  w(0) 45436. F 0.00
expand: main@empty.loop (10, 0) FAR  w(0) 45362. F 0.00
expand: main@entry (11, 0) FAR  w(0) 1. F 0.00
expand: main@entry!_BAD (12, 0) FAR  w(0) 1. F 0.00
expand: query!0 (13, 0) FAR  w(0) 1. F 0.00
(spacer::context::check_reachability :time 0.17 :before-memory 26.91 :after-memory 28.09)
Propagating: 0 1 2 3 4 5 6 7 8 9 10 11 12 13  ! 14 
(spacer::context::propagate :time 0.02 :before-memory 28.09 :after-memory 29.67)
Entering level 14
expand: query!0 (14, 0) FAR  w(0) 1.
	create_child: main@entry!_BAD (13, 14) FAR 1 U 0.00
expand: main@entry!_BAD (13, 0) FAR  w(0) 1.
	create_child: main@entry (12, 14) FAR 1 U 0.00
expand: main@entry (12, 0) FAR  w(0) 1.
	create_child: main@empty.loop (11, 14) FAR 45362 U 0.00
expand: main@empty.loop (11, 0) FAR  w(0) 45362.
	create_child: main@NodeBlock88.i.i.outer (10, 14) FAR 45436 U 0.00
expand: main@NodeBlock88.i.i.outer (10, 0) FAR  w(0) 45436.
	create_child: main@NodeBlock88.i.i (9, 14) FAR 45477 U 0.00
expand: main@NodeBlock88.i.i (9, 0) FAR  w(0) 45477.
	create_child: main@NodeBlock88.i.i.outer (8, 14) FAR 45763 U 0.00
expand: main@NodeBlock88.i.i.outer (8, 0) FAR  w(0) 45763.
	create_child: main@NodeBlock88.i.i (7, 14) FAR 45819 U 0.00
expand: main@NodeBlock88.i.i (7, 0) FAR  w(0) 45819.
	create_child: main@NodeBlock88.i.i.outer (6, 14) FAR 45832 U 0.00
expand: main@NodeBlock88.i.i.outer (6, 0) FAR  w(0) 45832.
	create_child: main@NodeBlock88.i.i (5, 14) FAR 45884 U 0.00
expand: main@NodeBlock88.i.i (5, 0) FAR  w(0) 45884.
	create_child: main@_107 (4, 14) FAR 49643 U 0.00
expand: main@_107 (4, 0) FAR  w(0) 49643.
	create_child: main@_107!_Cond (3, 14) FAR 49666 U 0.00
expand: main@_107!_Cond (3, 0) FAR  w(0) 49666.
	create_child: main@_114 (2, 14) FAR 49579 U 0.00
expand: main@_114 (2, 0) FAR  w(0) 49579. F 0.00
expand: main@_107!_Cond (3, 0) FAR  w(0) 49666. F 0.00
expand: main@_107 (4, 0) FAR  w(0) 49643. F 0.00
expand: main@NodeBlock88.i.i (5, 0) FAR  w(0) 45884. F 0.01
expand: main@NodeBlock88.i.i.outer (6, 0) FAR  w(0) 45832. F 0.00
expand: main@NodeBlock88.i.i (7, 0) FAR  w(0) 45819. F 0.01
expand: main@NodeBlock88.i.i.outer (8, 0) FAR  w(0) 45763. F 0.00
expand: main@NodeBlock88.i.i (9, 0) FAR  w(0) 45477. F 0.01
expand: main@NodeBlock88.i.i.outer (10, 0) FAR  w(0) 45436. F 0.00
expand: main@empty.loop (11, 0) FAR  w(0) 45362. F 0.00
expand: main@entry (12, 0) FAR  w(0) 1. F 0.00
expand: main@entry!_BAD (13, 0) FAR  w(0) 1. F 0.00
expand: query!0 (14, 0) FAR  w(0) 1. F 0.00
(spacer::context::check_reachability :time 0.06 :before-memory 29.67 :after-memory 30.23)
Propagating: 2 3 4 5 6 7 8 9 10 11 12 13 14  ! 15 
(spacer::context::propagate :time 0.02 :before-memory 30.23 :after-memory 30.42)
Entering level 15
expand: query!0 (15, 0) FAR  w(0) 1.
	create_child: main@entry!_BAD (14, 15) FAR 1 U 0.00
expand: main@entry!_BAD (14, 0) FAR  w(0) 1.
	create_child: main@entry (13, 15) FAR 1 U 0.00
expand: main@entry (13, 0) FAR  w(0) 1.
	create_child: main@empty.loop (12, 15) FAR 45362 U 0.00
expand: main@empty.loop (12, 0) FAR  w(0) 45362.
	create_child: main@NodeBlock88.i.i.outer (11, 15) FAR 45436 U 0.00
expand: main@NodeBlock88.i.i.outer (11, 0) FAR  w(0) 45436.
	create_child: main@NodeBlock88.i.i (10, 15) FAR 45477 U 0.00
expand: main@NodeBlock88.i.i (10, 0) FAR  w(0) 45477.
	create_child: main@NodeBlock88.i.i.outer (9, 15) FAR 45763 U 0.00
expand: main@NodeBlock88.i.i.outer (9, 0) FAR  w(0) 45763.
	create_child: main@NodeBlock88.i.i (8, 15) FAR 45819 U 0.00
expand: main@NodeBlock88.i.i (8, 0) FAR  w(0) 45819.
	create_child: main@NodeBlock88.i.i.outer (7, 15) FAR 45832 U 0.00
expand: main@NodeBlock88.i.i.outer (7, 0) FAR  w(0) 45832.
	create_child: main@NodeBlock88.i.i (6, 15) FAR 45884 U 0.00
expand: main@NodeBlock88.i.i (6, 0) FAR  w(0) 45884.
	create_child: main@NodeBlock88.i.i.outer (5, 15) FAR 45877 U 0.01
expand: main@NodeBlock88.i.i.outer (5, 0) FAR  w(0) 45877.
	create_child: main@NodeBlock88.i.i (4, 15) FAR 45775 U 0.00
expand: main@NodeBlock88.i.i (4, 0) FAR  w(0) 45775.
	create_child: main@NodeBlock88.i.i.outer (3, 15) FAR 45743 U 0.00
expand: main@NodeBlock88.i.i.outer (3, 0) FAR  w(0) 45743.
	create_child: main@NodeBlock88.i.i (2, 15) FAR 45733 U 0.00
expand: main@NodeBlock88.i.i (2, 0) FAR  w(0) 45733.
	create_child: main@NodeBlock88.i.i.outer (1, 15) FAR 53351 U 0.00
expand: main@NodeBlock88.i.i.outer (1, 0) FAR  w(0) 53351. T 0.00
is-reachable: main@NodeBlock88.i.i (2, 0) FAR 45733 T 0.00
is-reachable: main@NodeBlock88.i.i.outer (3, 0) FAR 45743 T 0.00
is-reachable: main@NodeBlock88.i.i (4, 0) FAR 45775 T 0.00
is-reachable: main@NodeBlock88.i.i.outer (5, 0) FAR 45877 T 0.00
is-reachable: main@NodeBlock88.i.i (6, 0) FAR 45884 T 0.00
is-reachable: main@NodeBlock88.i.i.outer (7, 0) FAR 45832 T 0.00
is-reachable: main@NodeBlock88.i.i (8, 0) FAR 45819 T 0.00
is-reachable: main@NodeBlock88.i.i.outer (9, 0) FAR 45763 T 0.00
is-reachable: main@NodeBlock88.i.i (10, 0) FAR 45477 T 0.00
is-reachable: main@NodeBlock88.i.i.outer (11, 0) FAR 45436 T 0.00
is-reachable: main@empty.loop (12, 0) FAR 45362 T 0.00
is-reachable: main@entry (13, 0) FAR 1 T 0.00
is-reachable: main@entry!_BAD (14, 0) FAR 1 T 0.00
is-reachable: query!0 (15, 0) FAR 1 T 0.00
(spacer::context::check_reachability :time 0.07 :before-memory 30.42 :after-memory 31.51)
