(transform N7datalog13mk_coi_filterE...no-op 0s)
(transform N7datalog25mk_interp_tail_simplifierE...15 rules 0.016s)
(transform N7datalog27mk_quantifier_instantiationE...no-op 0s)
(transform N7datalog8mk_scaleE...no-op 0s)
(transform N7datalog18mk_karr_invariantsE...no-op 0s)
(transform N7datalog14mk_array_blastE...no-op 0s)
(transform N7datalog16mk_elim_term_iteE...no-op 0s)
(transform N7datalog22mk_subsumption_checkerE...13 rules 0s)
(transform N7datalog12mk_bit_blastE...no-op 0s)
(transform N7datalog15mk_rule_inlinerE...no-op 0s)
(transform N7datalog13mk_coi_filterE...no-op 0s)
(transform N7datalog25mk_interp_tail_simplifierE...13 rules 0.001s)
(transform N7datalog22mk_subsumption_checkerE...no-op 0s)
(transform N7datalog15mk_rule_inlinerE...no-op 0s)
(transform N7datalog13mk_coi_filterE...no-op 0s)
(transform N7datalog25mk_interp_tail_simplifierE...13 rules 0.001s)
(transform N7datalog22mk_subsumption_checkerE...no-op 0s)
(transform N7datalog15mk_rule_inlinerE...no-op 0s)
(transform N7datalog22mk_subsumption_checkerE...no-op 0s)
(transform N7datalog15mk_rule_inlinerE...no-op 0s)
(transform N7datalog22mk_subsumption_checkerE...no-op 0s)
(transform N7datalog15mk_rule_inlinerE...no-op 0s)
(transform N7datalog22mk_subsumption_checkerE...no-op 0s)
expand: query!0 (0, 0) FAR  w(0) 1. F 0.00
(spacer::context::check_reachability :time 0.00 :before-memory 15.96 :after-memory 16.15)
Entering level 1
expand: query!0 (1, 0) FAR  w(0) 1.
	create_child: main@entry!_BAD (0, 1) FAR 1 U 0.00
expand: main@entry!_BAD (0, 0) FAR  w(0) 1. F 0.00
expand: query!0 (1, 0) FAR  w(0) 1. F 0.00
(spacer::context::check_reachability :time 0.00 :before-memory 16.15 :after-memory 16.35)
Propagating: 0 1  ! 2 
(spacer::context::propagate :time 0.00 :before-memory 16.35 :after-memory 16.35)
Entering level 2
expand: query!0 (2, 0) FAR  w(0) 1.
	create_child: main@entry!_BAD (1, 2) FAR 1 U 0.00
expand: main@entry!_BAD (1, 0) FAR  w(0) 1.
	create_child: main@entry (0, 2) FAR 1 U 0.00
expand: main@entry (0, 0) FAR  w(0) 1. F 0.00
expand: main@entry!_BAD (1, 0) FAR  w(0) 1. F 0.00
expand: query!0 (2, 0) FAR  w(0) 1. F 0.00
(spacer::context::check_reachability :time 0.00 :before-memory 16.35 :after-memory 16.75)
Propagating: 0 1 2  ! 3 
(spacer::context::propagate :time 0.00 :before-memory 16.75 :after-memory 16.75)
Entering level 3
expand: query!0 (3, 0) FAR  w(0) 1.
	create_child: main@entry!_BAD (2, 3) FAR 1 U 0.00
expand: main@entry!_BAD (2, 0) FAR  w(0) 1.
	create_child: main@entry (1, 3) FAR 1 U 0.00
expand: main@entry (1, 0) FAR  w(0) 1.
	create_child: main@empty.loop (0, 3) FAR 12371 U 0.00
expand: main@empty.loop (0, 0) FAR  w(0) 12371. F 0.00
expand: main@entry (1, 0) FAR  w(0) 1. F 0.00
expand: main@entry!_BAD (2, 0) FAR  w(0) 1. F 0.00
expand: query!0 (3, 0) FAR  w(0) 1. F 0.00
(spacer::context::check_reachability :time 0.00 :before-memory 16.75 :after-memory 17.30)
Propagating: 0 1 2 3  ! 4 
(spacer::context::propagate :time 0.00 :before-memory 17.30 :after-memory 17.30)
Entering level 4
expand: query!0 (4, 0) FAR  w(0) 1.
	create_child: main@entry!_BAD (3, 4) FAR 1 U 0.00
expand: main@entry!_BAD (3, 0) FAR  w(0) 1.
	create_child: main@entry (2, 4) FAR 1 U 0.00
expand: main@entry (2, 0) FAR  w(0) 1.
	create_child: main@empty.loop (1, 4) FAR 12371 U 0.00
expand: main@empty.loop (1, 0) FAR  w(0) 12371.
	create_child: main@NodeBlock91.i.i.outer (0, 4) FAR 13081 U 0.00
expand: main@NodeBlock91.i.i.outer (0, 0) FAR  w(0) 13081. F 0.00
expand: main@empty.loop (1, 0) FAR  w(0) 12371. F 0.00
expand: main@entry (2, 0) FAR  w(0) 1. F 0.00
expand: main@entry!_BAD (3, 0) FAR  w(0) 1. F 0.00
expand: query!0 (4, 0) FAR  w(0) 1. F 0.00
(spacer::context::check_reachability :time 0.00 :before-memory 17.30 :after-memory 17.90)
Propagating: 0 1 2 3 4  ! 5 
(spacer::context::propagate :time 0.00 :before-memory 17.90 :after-memory 17.90)
Entering level 5
expand: query!0 (5, 0) FAR  w(0) 1.
	create_child: main@entry!_BAD (4, 5) FAR 1 U 0.00
expand: main@entry!_BAD (4, 0) FAR  w(0) 1.
	create_child: main@entry (3, 5) FAR 1 U 0.00
expand: main@entry (3, 0) FAR  w(0) 1.
	create_child: main@empty.loop (2, 5) FAR 12371 U 0.00
expand: main@empty.loop (2, 0) FAR  w(0) 12371.
	create_child: main@NodeBlock91.i.i.outer (1, 5) FAR 13081 U 0.00
expand: main@NodeBlock91.i.i.outer (1, 0) FAR  w(0) 13081.
	create_child: main@NodeBlock91.i.i (0, 5) FAR 14469 U 0.00
expand: main@NodeBlock91.i.i (0, 0) FAR  w(0) 14469. F 0.01
expand: main@NodeBlock91.i.i.outer (1, 0) FAR  w(0) 13081. F 0.00
expand: main@empty.loop (2, 0) FAR  w(0) 12371. F 0.00
expand: main@entry (3, 0) FAR  w(0) 1. F 0.00
expand: main@entry!_BAD (4, 0) FAR  w(0) 1. F 0.00
expand: query!0 (5, 0) FAR  w(0) 1. F 0.00
(spacer::context::check_reachability :time 0.02 :before-memory 17.90 :after-memory 21.31)
Propagating: 0 1 2 3 4 5  ! 6 
(spacer::context::propagate :time 0.00 :before-memory 21.31 :after-memory 21.41)
Entering level 6
expand: query!0 (6, 0) FAR  w(0) 1.
	create_child: main@entry!_BAD (5, 6) FAR 1 U 0.00
expand: main@entry!_BAD (5, 0) FAR  w(0) 1.
	create_child: main@entry (4, 6) FAR 1 U 0.00
expand: main@entry (4, 0) FAR  w(0) 1.
	create_child: main@empty.loop (3, 6) FAR 12371 U 0.00
expand: main@empty.loop (3, 0) FAR  w(0) 12371.
	create_child: main@NodeBlock91.i.i.outer (2, 6) FAR 13081 U 0.00
expand: main@NodeBlock91.i.i.outer (2, 0) FAR  w(0) 13081.
	create_child: main@NodeBlock91.i.i (1, 6) FAR 14469 U 0.00
expand: main@NodeBlock91.i.i (1, 0) FAR  w(0) 14469. F 0.01
expand: main@NodeBlock91.i.i.outer (2, 0) FAR  w(0) 13081. F 0.00
expand: main@empty.loop (3, 0) FAR  w(0) 12371. F 0.00
expand: main@entry (4, 0) FAR  w(0) 1. F 0.00
expand: main@entry!_BAD (5, 0) FAR  w(0) 1. F 0.00
expand: query!0 (6, 0) FAR  w(0) 1. F 0.00
(spacer::context::check_reachability :time 0.02 :before-memory 21.41 :after-memory 21.70)
Propagating: 1 2 3 4 5 6  ! 7 
(spacer::context::propagate :time 0.00 :before-memory 21.70 :after-memory 21.70)
Entering level 7
expand: query!0 (7, 0) FAR  w(0) 1.
	create_child: main@entry!_BAD (6, 7) FAR 1 U 0.00
expand: main@entry!_BAD (6, 0) FAR  w(0) 1.
	create_child: main@entry (5, 7) FAR 1 U 0.00
expand: main@entry (5, 0) FAR  w(0) 1.
	create_child: main@empty.loop (4, 7) FAR 12371 U 0.00
expand: main@empty.loop (4, 0) FAR  w(0) 12371.
	create_child: main@NodeBlock91.i.i.outer (3, 7) FAR 13081 U 0.00
expand: main@NodeBlock91.i.i.outer (3, 0) FAR  w(0) 13081.
	create_child: main@NodeBlock91.i.i (2, 7) FAR 14469 U 0.00
expand: main@NodeBlock91.i.i (2, 0) FAR  w(0) 14469. F 0.01
expand: main@NodeBlock91.i.i.outer (3, 0) FAR  w(0) 13081. F 0.00
expand: main@empty.loop (4, 0) FAR  w(0) 12371. F 0.00
expand: main@entry (5, 0) FAR  w(0) 1.
	create_child: main@empty.loop (4, 7) FAR 26229 U 0.00
expand: main@empty.loop (4, 0) FAR  w(0) 26229.
	create_child: main@NodeBlock91.i.i.outer (3, 7) FAR 26293 U 0.00
expand: main@NodeBlock91.i.i.outer (3, 0) FAR  w(0) 26293.
	create_child: main@NodeBlock91.i.i (2, 7) FAR 26340 U 0.00
expand: main@NodeBlock91.i.i (2, 0) FAR  w(0) 26340. F 0.01
expand: main@NodeBlock91.i.i.outer (3, 0) FAR  w(0) 26293. F 0.00
expand: main@empty.loop (4, 0) FAR  w(0) 26229. F 0.00
expand: main@entry (5, 0) FAR  w(0) 1. F 0.00
expand: main@entry!_BAD (6, 0) FAR  w(0) 1. F 0.00
expand: query!0 (7, 0) FAR  w(0) 1. F 0.00
(spacer::context::check_reachability :time 0.04 :before-memory 21.70 :after-memory 22.19)
Propagating: 2 3 4 5 6 7  ! 8 
(spacer::context::propagate :time 0.00 :before-memory 22.19 :after-memory 22.29)
Entering level 8
expand: query!0 (8, 0) FAR  w(0) 1.
	create_child: main@entry!_BAD (7, 8) FAR 1 U 0.00
expand: main@entry!_BAD (7, 0) FAR  w(0) 1.
	create_child: main@entry (6, 8) FAR 1 U 0.00
expand: main@entry (6, 0) FAR  w(0) 1.
	create_child: main@empty.loop (5, 8) FAR 26229 U 0.00
expand: main@empty.loop (5, 0) FAR  w(0) 26229.
	create_child: main@NodeBlock91.i.i.outer (4, 8) FAR 26293 U 0.00
expand: main@NodeBlock91.i.i.outer (4, 0) FAR  w(0) 26293.
	create_child: main@NodeBlock91.i.i (3, 8) FAR 26340 U 0.00
expand: main@NodeBlock91.i.i (3, 0) FAR  w(0) 26340.
	create_child: main@NodeBlock91.i.i.outer (2, 8) FAR 27944 U 0.00
expand: main@NodeBlock91.i.i.outer (2, 0) FAR  w(0) 27944.
	create_child: main@NodeBlock91.i.i (1, 8) FAR 27962 U 0.00
expand: main@NodeBlock91.i.i (1, 0) FAR  w(0) 27962.
	create_child: main@_102 (0, 8) FAR 27883 U 0.00
expand: main@_102 (0, 0) FAR  w(0) 27883. F 0.00
expand: main@NodeBlock91.i.i (1, 0) FAR  w(0) 27962. F 0.00
expand: main@NodeBlock91.i.i.outer (2, 0) FAR  w(0) 27944. F 0.00
expand: main@NodeBlock91.i.i (3, 0) FAR  w(0) 26340. F 0.01
expand: main@NodeBlock91.i.i.outer (4, 0) FAR  w(0) 26293. F 0.00
expand: main@empty.loop (5, 0) FAR  w(0) 26229. F 0.00
expand: main@entry (6, 0) FAR  w(0) 1. F 0.00
expand: main@entry!_BAD (7, 0) FAR  w(0) 1. F 0.00
expand: query!0 (8, 0) FAR  w(0) 1. F 0.00
(spacer::context::check_reachability :time 0.04 :before-memory 22.29 :after-memory 23.36)
Propagating: 0 1 2 3 4 5 6 7 8  ! 9 
(spacer::context::propagate :time 0.00 :before-memory 23.36 :after-memory 23.36)
Entering level 9
expand: query!0 (9, 0) FAR  w(0) 1.
	create_child: main@entry!_BAD (8, 9) FAR 1 U 0.00
expand: main@entry!_BAD (8, 0) FAR  w(0) 1.
	create_child: main@entry (7, 9) FAR 1 U 0.00
expand: main@entry (7, 0) FAR  w(0) 1.
	create_child: main@empty.loop (6, 9) FAR 26229 U 0.00
expand: main@empty.loop (6, 0) FAR  w(0) 26229.
	create_child: main@NodeBlock91.i.i.outer (5, 9) FAR 26293 U 0.00
expand: main@NodeBlock91.i.i.outer (5, 0) FAR  w(0) 26293.
	create_child: main@NodeBlock91.i.i (4, 9) FAR 26340 U 0.00
expand: main@NodeBlock91.i.i (4, 0) FAR  w(0) 26340.
	create_child: main@NodeBlock91.i.i.outer (3, 9) FAR 27944 U 0.00
expand: main@NodeBlock91.i.i.outer (3, 0) FAR  w(0) 27944.
	create_child: main@NodeBlock91.i.i (2, 9) FAR 27962 U 0.00
expand: main@NodeBlock91.i.i (2, 0) FAR  w(0) 27962.
	create_child: main@_102 (1, 9) FAR 27883 U 0.00
expand: main@_102 (1, 0) FAR  w(0) 27883.
	create_child: main@_102!_Cond (0, 9) FAR 29668 U 0.00
expand: main@_102!_Cond (0, 0) FAR  w(0) 29668. F 0.00
expand: main@_102 (1, 0) FAR  w(0) 27883. F 0.00
expand: main@NodeBlock91.i.i (2, 0) FAR  w(0) 27962.
	create_child: main@NodeBlock91.i.i.outer (1, 9) FAR 30671 U 0.00
expand: main@NodeBlock91.i.i.outer (1, 0) FAR  w(0) 30671.
	create_child: main@NodeBlock91.i.i (0, 9) FAR 30696 U 0.00
expand: main@NodeBlock91.i.i (0, 0) FAR  w(0) 30696. F 0.00
expand: main@NodeBlock91.i.i.outer (1, 0) FAR  w(0) 30671. F 0.00
expand: main@NodeBlock91.i.i (2, 0) FAR  w(0) 27962. F 0.02
expand: main@NodeBlock91.i.i.outer (3, 0) FAR  w(0) 27944. F 0.00
expand: main@NodeBlock91.i.i (4, 0) FAR  w(0) 26340. F 0.03
expand: main@NodeBlock91.i.i.outer (5, 0) FAR  w(0) 26293. F 0.00
expand: main@empty.loop (6, 0) FAR  w(0) 26229. F 0.00
expand: main@entry (7, 0) FAR  w(0) 1. F 0.00
expand: main@entry!_BAD (8, 0) FAR  w(0) 1. F 0.00
expand: query!0 (9, 0) FAR  w(0) 1. F 0.00
(spacer::context::check_reachability :time 0.08 :before-memory 23.36 :after-memory 24.47)
Propagating: 0 1 2 3 4 5 6 7 8 9  ! 10 
(spacer::context::propagate :time 0.01 :before-memory 24.47 :after-memory 24.47)
Entering level 10
expand: query!0 (10, 0) FAR  w(0) 1.
	create_child: main@entry!_BAD (9, 10) FAR 1 U 0.00
expand: main@entry!_BAD (9, 0) FAR  w(0) 1.
	create_child: main@entry (8, 10) FAR 1 U 0.00
expand: main@entry (8, 0) FAR  w(0) 1.
	create_child: main@empty.loop (7, 10) FAR 26229 U 0.00
expand: main@empty.loop (7, 0) FAR  w(0) 26229.
	create_child: main@NodeBlock91.i.i.outer (6, 10) FAR 26293 U 0.00
expand: main@NodeBlock91.i.i.outer (6, 0) FAR  w(0) 26293.
	create_child: main@NodeBlock91.i.i (5, 10) FAR 26340 U 0.00
expand: main@NodeBlock91.i.i (5, 0) FAR  w(0) 26340.
	create_child: main@NodeBlock91.i.i.outer (4, 10) FAR 27944 U 0.00
expand: main@NodeBlock91.i.i.outer (4, 0) FAR  w(0) 27944.
	create_child: main@NodeBlock91.i.i (3, 10) FAR 27962 U 0.00
expand: main@NodeBlock91.i.i (3, 0) FAR  w(0) 27962.
	create_child: main@_102 (2, 10) FAR 27883 U 0.00
expand: main@_102 (2, 0) FAR  w(0) 27883.
	create_child: main@_102!_Cond (1, 10) FAR 29668 U 0.00
expand: main@_102!_Cond (1, 0) FAR  w(0) 29668.
	create_child: main@_109 (0, 10) FAR 34052 U 0.00
expand: main@_109 (0, 0) FAR  w(0) 34052. F 0.00
expand: main@_102!_Cond (1, 0) FAR  w(0) 29668. F 0.00
expand: main@_102 (2, 0) FAR  w(0) 27883. F 0.00
expand: main@NodeBlock91.i.i (3, 0) FAR  w(0) 27962. F 0.01
expand: main@NodeBlock91.i.i.outer (4, 0) FAR  w(0) 27944. F 0.00
expand: main@NodeBlock91.i.i (5, 0) FAR  w(0) 26340. F 0.01
expand: main@NodeBlock91.i.i.outer (6, 0) FAR  w(0) 26293. F 0.00
expand: main@empty.loop (7, 0) FAR  w(0) 26229. F 0.00
expand: main@entry (8, 0) FAR  w(0) 1. F 0.00
expand: main@entry!_BAD (9, 0) FAR  w(0) 1. F 0.00
expand: query!0 (10, 0) FAR  w(0) 1. F 0.00
(spacer::context::check_reachability :time 0.05 :before-memory 24.47 :after-memory 25.34)
Propagating: 0 1 2 3 4 5 6 7 8 9 10  ! 11 
(spacer::context::propagate :time 0.01 :before-memory 25.34 :after-memory 25.34)
Entering level 11
expand: query!0 (11, 0) FAR  w(0) 1.
	create_child: main@entry!_BAD (10, 11) FAR 1 U 0.00
expand: main@entry!_BAD (10, 0) FAR  w(0) 1.
	create_child: main@entry (9, 11) FAR 1 U 0.00
expand: main@entry (9, 0) FAR  w(0) 1.
	create_child: main@empty.loop (8, 11) FAR 26229 U 0.00
expand: main@empty.loop (8, 0) FAR  w(0) 26229.
	create_child: main@NodeBlock91.i.i.outer (7, 11) FAR 26293 U 0.00
expand: main@NodeBlock91.i.i.outer (7, 0) FAR  w(0) 26293.
	create_child: main@NodeBlock91.i.i (6, 11) FAR 26340 U 0.00
expand: main@NodeBlock91.i.i (6, 0) FAR  w(0) 26340.
	create_child: main@NodeBlock91.i.i.outer (5, 11) FAR 27944 U 0.00
expand: main@NodeBlock91.i.i.outer (5, 0) FAR  w(0) 27944.
	create_child: main@NodeBlock91.i.i (4, 11) FAR 27962 U 0.00
expand: main@NodeBlock91.i.i (4, 0) FAR  w(0) 27962.
	create_child: main@NodeBlock91.i.i.outer (3, 11) FAR 30671 U 0.00
expand: main@NodeBlock91.i.i.outer (3, 0) FAR  w(0) 30671.
	create_child: main@NodeBlock91.i.i (2, 11) FAR 30696 U 0.00
expand: main@NodeBlock91.i.i (2, 0) FAR  w(0) 30696.
	create_child: main@NodeBlock91.i.i.outer (1, 11) FAR 36082 U 0.00
expand: main@NodeBlock91.i.i.outer (1, 0) FAR  w(0) 36082.
	create_child: main@NodeBlock91.i.i (0, 11) FAR 36012 U 0.00
expand: main@NodeBlock91.i.i (0, 0) FAR  w(0) 36012. F 0.00
expand: main@NodeBlock91.i.i.outer (1, 0) FAR  w(0) 36082. F 0.00
expand: main@NodeBlock91.i.i (2, 0) FAR  w(0) 30696. F 0.01
expand: main@NodeBlock91.i.i.outer (3, 0) FAR  w(0) 30671. F 0.00
expand: main@NodeBlock91.i.i (4, 0) FAR  w(0) 27962. F 0.01
expand: main@NodeBlock91.i.i.outer (5, 0) FAR  w(0) 27944. F 0.00
expand: main@NodeBlock91.i.i (6, 0) FAR  w(0) 26340. F 0.01
expand: main@NodeBlock91.i.i.outer (7, 0) FAR  w(0) 26293. F 0.00
expand: main@empty.loop (8, 0) FAR  w(0) 26229. F 0.00
expand: main@entry (9, 0) FAR  w(0) 1. F 0.00
expand: main@entry!_BAD (10, 0) FAR  w(0) 1. F 0.00
expand: query!0 (11, 0) FAR  w(0) 1. F 0.00
(spacer::context::check_reachability :time 0.06 :before-memory 25.34 :after-memory 25.59)
Propagating: 0 1 2 3 4 5 6 7 8 9 10 11  ! 12 
(spacer::context::propagate :time 0.01 :before-memory 25.59 :after-memory 25.59)
Entering level 12
expand: query!0 (12, 0) FAR  w(0) 1.
	create_child: main@entry!_BAD (11, 12) FAR 1 U 0.00
expand: main@entry!_BAD (11, 0) FAR  w(0) 1.
	create_child: main@entry (10, 12) FAR 1 U 0.00
expand: main@entry (10, 0) FAR  w(0) 1.
	create_child: main@empty.loop (9, 12) FAR 26229 U 0.00
expand: main@empty.loop (9, 0) FAR  w(0) 26229.
	create_child: main@NodeBlock91.i.i.outer (8, 12) FAR 26293 U 0.00
expand: main@NodeBlock91.i.i.outer (8, 0) FAR  w(0) 26293.
	create_child: main@NodeBlock91.i.i (7, 12) FAR 26340 U 0.00
expand: main@NodeBlock91.i.i (7, 0) FAR  w(0) 26340.
	create_child: main@NodeBlock91.i.i.outer (6, 12) FAR 27944 U 0.00
expand: main@NodeBlock91.i.i.outer (6, 0) FAR  w(0) 27944.
	create_child: main@NodeBlock91.i.i (5, 12) FAR 27962 U 0.00
expand: main@NodeBlock91.i.i (5, 0) FAR  w(0) 27962.
	create_child: main@_102 (4, 12) FAR 27883 U 0.00
expand: main@_102 (4, 0) FAR  w(0) 27883.
	create_child: main@_102!_Cond (3, 12) FAR 29668 U 0.00
expand: main@_102!_Cond (3, 0) FAR  w(0) 29668.
	create_child: main@_109 (2, 12) FAR 34052 U 0.00
expand: main@_109 (2, 0) FAR  w(0) 34052. F 0.00
expand: main@_102!_Cond (3, 0) FAR  w(0) 29668. F 0.00
expand: main@_102 (4, 0) FAR  w(0) 27883. F 0.00
expand: main@NodeBlock91.i.i (5, 0) FAR  w(0) 27962. F 0.01
expand: main@NodeBlock91.i.i.outer (6, 0) FAR  w(0) 27944. F 0.00
expand: main@NodeBlock91.i.i (7, 0) FAR  w(0) 26340. F 0.01
expand: main@NodeBlock91.i.i.outer (8, 0) FAR  w(0) 26293. F 0.00
expand: main@empty.loop (9, 0) FAR  w(0) 26229. F 0.00
expand: main@entry (10, 0) FAR  w(0) 1. F 0.00
expand: main@entry!_BAD (11, 0) FAR  w(0) 1. F 0.00
expand: query!0 (12, 0) FAR  w(0) 1. F 0.00
(spacer::context::check_reachability :time 0.05 :before-memory 25.59 :after-memory 25.80)
Propagating: 2 3 4 5 6 7 8 9 10 11 12  ! 13 
(spacer::context::propagate :time 0.01 :before-memory 25.80 :after-memory 25.80)
Entering level 13
expand: query!0 (13, 0) FAR  w(0) 1.
	create_child: main@entry!_BAD (12, 13) FAR 1 U 0.00
expand: main@entry!_BAD (12, 0) FAR  w(0) 1.
	create_child: main@entry (11, 13) FAR 1 U 0.00
expand: main@entry (11, 0) FAR  w(0) 1.
	create_child: main@empty.loop (10, 13) FAR 26229 U 0.00
expand: main@empty.loop (10, 0) FAR  w(0) 26229.
	create_child: main@NodeBlock91.i.i.outer (9, 13) FAR 26293 U 0.00
expand: main@NodeBlock91.i.i.outer (9, 0) FAR  w(0) 26293.
	create_child: main@NodeBlock91.i.i (8, 13) FAR 26340 U 0.00
expand: main@NodeBlock91.i.i (8, 0) FAR  w(0) 26340.
	create_child: main@NodeBlock91.i.i.outer (7, 13) FAR 27944 U 0.00
expand: main@NodeBlock91.i.i.outer (7, 0) FAR  w(0) 27944.
	create_child: main@NodeBlock91.i.i (6, 13) FAR 27962 U 0.00
expand: main@NodeBlock91.i.i (6, 0) FAR  w(0) 27962.
	create_child: main@NodeBlock91.i.i.outer (5, 13) FAR 30671 U 0.00
expand: main@NodeBlock91.i.i.outer (5, 0) FAR  w(0) 30671.
	create_child: main@NodeBlock91.i.i (4, 13) FAR 30696 U 0.00
expand: main@NodeBlock91.i.i (4, 0) FAR  w(0) 30696.
	create_child: main@NodeBlock91.i.i.outer (3, 13) FAR 36082 U 0.00
expand: main@NodeBlock91.i.i.outer (3, 0) FAR  w(0) 36082.
	create_child: main@NodeBlock91.i.i (2, 13) FAR 36012 U 0.00
expand: main@NodeBlock91.i.i (2, 0) FAR  w(0) 36012. F 0.01
expand: main@NodeBlock91.i.i.outer (3, 0) FAR  w(0) 36082. F 0.00
expand: main@NodeBlock91.i.i (4, 0) FAR  w(0) 30696. F 0.01
expand: main@NodeBlock91.i.i.outer (5, 0) FAR  w(0) 30671. F 0.00
expand: main@NodeBlock91.i.i (6, 0) FAR  w(0) 27962. F 0.01
expand: main@NodeBlock91.i.i.outer (7, 0) FAR  w(0) 27944. F 0.00
expand: main@NodeBlock91.i.i (8, 0) FAR  w(0) 26340. F 0.02
expand: main@NodeBlock91.i.i.outer (9, 0) FAR  w(0) 26293. F 0.00
expand: main@empty.loop (10, 0) FAR  w(0) 26229. F 0.00
expand: main@entry (11, 0) FAR  w(0) 1.
	create_child: main@empty.loop (10, 13) FAR 43860 U 0.00
expand: main@empty.loop (10, 0) FAR  w(0) 43860.
	create_child: main@NodeBlock91.i.i.outer (9, 13) FAR 43950 U 0.00
expand: main@NodeBlock91.i.i.outer (9, 0) FAR  w(0) 43950.
	create_child: main@NodeBlock91.i.i (8, 13) FAR 44017 U 0.00
expand: main@NodeBlock91.i.i (8, 0) FAR  w(0) 44017.
	create_child: main@NodeBlock91.i.i.outer (7, 13) FAR 44219 U 0.00
expand: main@NodeBlock91.i.i.outer (7, 0) FAR  w(0) 44219.
	create_child: main@NodeBlock91.i.i (6, 13) FAR 44252 U 0.00
expand: main@NodeBlock91.i.i (6, 0) FAR  w(0) 44252.
	create_child: main@NodeBlock91.i.i.outer (5, 13) FAR 44330 U 0.00
expand: main@NodeBlock91.i.i.outer (5, 0) FAR  w(0) 44330.
	create_child: main@NodeBlock91.i.i (4, 13) FAR 44306 U 0.00
expand: main@NodeBlock91.i.i (4, 0) FAR  w(0) 44306.
	create_child: main@NodeBlock91.i.i.outer (3, 13) FAR 44318 U 0.00
expand: main@NodeBlock91.i.i.outer (3, 0) FAR  w(0) 44318.
	create_child: main@NodeBlock91.i.i (2, 13) FAR 44241 U 0.00
expand: main@NodeBlock91.i.i (2, 0) FAR  w(0) 44241.
	create_child: main@NodeBlock91.i.i.outer (1, 13) FAR 44334 U 0.00
expand: main@NodeBlock91.i.i.outer (1, 0) FAR  w(0) 44334.
	create_child: main@NodeBlock91.i.i (0, 13) FAR 44231 U 0.00
expand: main@NodeBlock91.i.i (0, 0) FAR  w(0) 44231. F 0.00
expand: main@NodeBlock91.i.i.outer (1, 0) FAR  w(0) 44334. F 0.00
expand: main@NodeBlock91.i.i (2, 0) FAR  w(0) 44241. F 0.01
expand: main@NodeBlock91.i.i.outer (3, 0) FAR  w(0) 44318. F 0.00
expand: main@NodeBlock91.i.i (4, 0) FAR  w(0) 44306. F 0.01
expand: main@NodeBlock91.i.i.outer (5, 0) FAR  w(0) 44330. F 0.00
expand: main@NodeBlock91.i.i (6, 0) FAR  w(0) 44252. F 0.01
expand: main@NodeBlock91.i.i.outer (7, 0) FAR  w(0) 44219. F 0.00
expand: main@NodeBlock91.i.i (8, 0) FAR  w(0) 44017. F 0.01
expand: main@NodeBlock91.i.i.outer (9, 0) FAR  w(0) 43950. F 0.00
expand: main@empty.loop (10, 0) FAR  w(0) 43860. F 0.00
expand: main@entry (11, 0) FAR  w(0) 1. F 0.00
expand: main@entry!_BAD (12, 0) FAR  w(0) 1. F 0.00
expand: query!0 (13, 0) FAR  w(0) 1. F 0.00
(spacer::context::check_reachability :time 0.15 :before-memory 25.80 :after-memory 26.91)
Propagating: 0 1 2 3 4 5 6 7 8 9 10 11 12 13  ! 14 
(spacer::context::propagate :time 0.02 :before-memory 26.91 :after-memory 27.31)
Entering level 14
expand: query!0 (14, 0) FAR  w(0) 1.
	create_child: main@entry!_BAD (13, 14) FAR 1 U 0.00
expand: main@entry!_BAD (13, 0) FAR  w(0) 1.
	create_child: main@entry (12, 14) FAR 1 U 0.00
expand: main@entry (12, 0) FAR  w(0) 1.
	create_child: main@empty.loop (11, 14) FAR 43860 U 0.00
expand: main@empty.loop (11, 0) FAR  w(0) 43860.
	create_child: main@NodeBlock91.i.i.outer (10, 14) FAR 43950 U 0.00
expand: main@NodeBlock91.i.i.outer (10, 0) FAR  w(0) 43950.
	create_child: main@NodeBlock91.i.i (9, 14) FAR 44017 U 0.00
expand: main@NodeBlock91.i.i (9, 0) FAR  w(0) 44017.
	create_child: main@NodeBlock91.i.i.outer (8, 14) FAR 44219 U 0.00
expand: main@NodeBlock91.i.i.outer (8, 0) FAR  w(0) 44219.
	create_child: main@NodeBlock91.i.i (7, 14) FAR 44252 U 0.00
expand: main@NodeBlock91.i.i (7, 0) FAR  w(0) 44252.
	create_child: main@NodeBlock91.i.i.outer (6, 14) FAR 44330 U 0.00
expand: main@NodeBlock91.i.i.outer (6, 0) FAR  w(0) 44330.
	create_child: main@NodeBlock91.i.i (5, 14) FAR 44306 U 0.00
expand: main@NodeBlock91.i.i (5, 0) FAR  w(0) 44306.
	create_child: main@_102 (4, 14) FAR 47447 U 0.00
expand: main@_102 (4, 0) FAR  w(0) 47447.
	create_child: main@_102!_Cond (3, 14) FAR 47558 U 0.00
expand: main@_102!_Cond (3, 0) FAR  w(0) 47558.
	create_child: main@_109 (2, 14) FAR 47357 U 0.00
expand: main@_109 (2, 0) FAR  w(0) 47357. F 0.00
expand: main@_102!_Cond (3, 0) FAR  w(0) 47558. F 0.00
expand: main@_102 (4, 0) FAR  w(0) 47447. F 0.00
expand: main@NodeBlock91.i.i (5, 0) FAR  w(0) 44306. F 0.01
expand: main@NodeBlock91.i.i.outer (6, 0) FAR  w(0) 44330. F 0.00
expand: main@NodeBlock91.i.i (7, 0) FAR  w(0) 44252. F 0.01
expand: main@NodeBlock91.i.i.outer (8, 0) FAR  w(0) 44219. F 0.00
expand: main@NodeBlock91.i.i (9, 0) FAR  w(0) 44017. F 0.01
expand: main@NodeBlock91.i.i.outer (10, 0) FAR  w(0) 43950. F 0.00
expand: main@empty.loop (11, 0) FAR  w(0) 43860. F 0.00
expand: main@entry (12, 0) FAR  w(0) 1. F 0.00
expand: main@entry!_BAD (13, 0) FAR  w(0) 1. F 0.00
expand: query!0 (14, 0) FAR  w(0) 1. F 0.00
(spacer::context::check_reachability :time 0.06 :before-memory 27.31 :after-memory 28.19)
Propagating: 2 3 4 5 6 7 8 9 10 11 12 13 14  ! 15 
(spacer::context::propagate :time 0.03 :before-memory 28.19 :after-memory 29.53)
Entering level 15
expand: query!0 (15, 0) FAR  w(0) 1.
	create_child: main@entry!_BAD (14, 15) FAR 1 U 0.00
expand: main@entry!_BAD (14, 0) FAR  w(0) 1.
	create_child: main@entry (13, 15) FAR 1 U 0.00
expand: main@entry (13, 0) FAR  w(0) 1.
	create_child: main@empty.loop (12, 15) FAR 43860 U 0.00
expand: main@empty.loop (12, 0) FAR  w(0) 43860.
	create_child: main@NodeBlock91.i.i.outer (11, 15) FAR 43950 U 0.00
expand: main@NodeBlock91.i.i.outer (11, 0) FAR  w(0) 43950.
	create_child: main@NodeBlock91.i.i (10, 15) FAR 44017 U 0.00
expand: main@NodeBlock91.i.i (10, 0) FAR  w(0) 44017.
	create_child: main@NodeBlock91.i.i.outer (9, 15) FAR 44219 U 0.00
expand: main@NodeBlock91.i.i.outer (9, 0) FAR  w(0) 44219.
	create_child: main@NodeBlock91.i.i (8, 15) FAR 44252 U 0.00
expand: main@NodeBlock91.i.i (8, 0) FAR  w(0) 44252.
	create_child: main@NodeBlock91.i.i.outer (7, 15) FAR 44330 U 0.00
expand: main@NodeBlock91.i.i.outer (7, 0) FAR  w(0) 44330.
	create_child: main@NodeBlock91.i.i (6, 15) FAR 44306 U 0.00
expand: main@NodeBlock91.i.i (6, 0) FAR  w(0) 44306.
	create_child: main@NodeBlock91.i.i.outer (5, 15) FAR 44318 U 0.00
expand: main@NodeBlock91.i.i.outer (5, 0) FAR  w(0) 44318.
	create_child: main@NodeBlock91.i.i (4, 15) FAR 44241 U 0.00
expand: main@NodeBlock91.i.i (4, 0) FAR  w(0) 44241.
	create_child: main@NodeBlock91.i.i.outer (3, 15) FAR 44334 U 0.00
expand: main@NodeBlock91.i.i.outer (3, 0) FAR  w(0) 44334.
	create_child: main@NodeBlock91.i.i (2, 15) FAR 44231 U 0.00
expand: main@NodeBlock91.i.i (2, 0) FAR  w(0) 44231.
	create_child: main@NodeBlock91.i.i.outer (1, 15) FAR 51076 U 0.00
expand: main@NodeBlock91.i.i.outer (1, 0) FAR  w(0) 51076. T 0.00
is-reachable: main@NodeBlock91.i.i (2, 0) FAR 44231 F 0.00
expand: main@NodeBlock91.i.i (2, 0) FAR  w(1) 44231. T 0.00
is-reachable: main@NodeBlock91.i.i.outer (3, 0) FAR 44334 T 0.00
is-reachable: main@NodeBlock91.i.i (4, 0) FAR 44241 F 0.00
Deleting closed node: main@NodeBlock91.i.i.outer(3, 15) 44334
expand: main@NodeBlock91.i.i (4, 0) FAR  w(1) 44241. T 0.00
is-reachable: main@NodeBlock91.i.i.outer (5, 0) FAR 44318 T 0.00
is-reachable: main@NodeBlock91.i.i (6, 0) FAR 44306 F 0.00
Deleting closed node: main@NodeBlock91.i.i.outer(5, 15) 44318
expand: main@NodeBlock91.i.i (6, 0) FAR  w(1) 44306. T 0.00
is-reachable: main@NodeBlock91.i.i.outer (7, 0) FAR 44330 T 0.00
is-reachable: main@NodeBlock91.i.i (8, 0) FAR 44252 F 0.00
Deleting closed node: main@NodeBlock91.i.i.outer(7, 15) 44330
expand: main@NodeBlock91.i.i (8, 0) FAR  w(1) 44252. T 0.00
is-reachable: main@NodeBlock91.i.i.outer (9, 0) FAR 44219 T 0.00
is-reachable: main@NodeBlock91.i.i (10, 0) FAR 44017 F 0.00
Deleting closed node: main@NodeBlock91.i.i.outer(9, 15) 44219
expand: main@NodeBlock91.i.i (10, 0) FAR  w(1) 44017. T 0.00
is-reachable: main@NodeBlock91.i.i.outer (11, 0) FAR 43950 T 0.00
is-reachable: main@empty.loop (12, 0) FAR 43860 T 0.00
is-reachable: main@entry (13, 0) FAR 1 T 0.00
is-reachable: main@entry!_BAD (14, 0) FAR 1 T 0.00
is-reachable: query!0 (15, 0) FAR 1 T 0.00
(spacer::context::check_reachability :time 0.06 :before-memory 29.53 :after-memory 30.86)
