(transform N7datalog13mk_coi_filterE...no-op 0s)
(transform N7datalog25mk_interp_tail_simplifierE...15 rules 0.011s)
(transform N7datalog27mk_quantifier_instantiationE...no-op 0s)
(transform N7datalog8mk_scaleE...no-op 0s)
(transform N7datalog18mk_karr_invariantsE...no-op 0s)
(transform N7datalog14mk_array_blastE...no-op 0s)
(transform N7datalog16mk_elim_term_iteE...no-op 0s)
(transform N7datalog22mk_subsumption_checkerE...13 rules 0s)
(transform N7datalog12mk_bit_blastE...no-op 0s)
(transform N7datalog15mk_rule_inlinerE...no-op 0s)
(transform N7datalog13mk_coi_filterE...no-op 0s)
(transform N7datalog25mk_interp_tail_simplifierE...13 rules 0.001s)
(transform N7datalog22mk_subsumption_checkerE...no-op 0s)
(transform N7datalog15mk_rule_inlinerE...no-op 0s)
(transform N7datalog13mk_coi_filterE...no-op 0s)
(transform N7datalog25mk_interp_tail_simplifierE...13 rules 0s)
(transform N7datalog22mk_subsumption_checkerE...no-op 0s)
(transform N7datalog15mk_rule_inlinerE...no-op 0s)
(transform N7datalog22mk_subsumption_checkerE...no-op 0s)
(transform N7datalog15mk_rule_inlinerE...no-op 0s)
(transform N7datalog22mk_subsumption_checkerE...no-op 0s)
(transform N7datalog15mk_rule_inlinerE...no-op 0s)
(transform N7datalog22mk_subsumption_checkerE...no-op 0s)
expand: query!0 (0, 0) FAR  w(0) 1. F 0.00
(spacer::context::check_reachability :time 0.00 :before-memory 15.74 :after-memory 15.95)
Entering level 1
expand: query!0 (1, 0) FAR  w(0) 1.
	create_child: main@entry!_BAD (0, 1) FAR 1 U 0.00
expand: main@entry!_BAD (0, 0) FAR  w(0) 1. F 0.00
expand: query!0 (1, 0) FAR  w(0) 1. F 0.00
(spacer::context::check_reachability :time 0.00 :before-memory 15.95 :after-memory 16.05)
Propagating: 0 1  ! 2 
(spacer::context::propagate :time 0.00 :before-memory 16.05 :after-memory 16.14)
Entering level 2
expand: query!0 (2, 0) FAR  w(0) 1.
	create_child: main@entry!_BAD (1, 2) FAR 1 U 0.00
expand: main@entry!_BAD (1, 0) FAR  w(0) 1.
	create_child: main@entry (0, 2) FAR 1 U 0.00
expand: main@entry (0, 0) FAR  w(0) 1. F 0.00
expand: main@entry!_BAD (1, 0) FAR  w(0) 1. F 0.00
expand: query!0 (2, 0) FAR  w(0) 1. F 0.00
(spacer::context::check_reachability :time 0.00 :before-memory 16.14 :after-memory 16.43)
Propagating: 0 1 2  ! 3 
(spacer::context::propagate :time 0.00 :before-memory 16.43 :after-memory 16.43)
Entering level 3
expand: query!0 (3, 0) FAR  w(0) 1.
	create_child: main@entry!_BAD (2, 3) FAR 1 U 0.00
expand: main@entry!_BAD (2, 0) FAR  w(0) 1.
	create_child: main@entry (1, 3) FAR 1 U 0.00
expand: main@entry (1, 0) FAR  w(0) 1.
	create_child: main@empty.loop (0, 3) FAR 10652 U 0.00
expand: main@empty.loop (0, 0) FAR  w(0) 10652. F 0.00
expand: main@entry (1, 0) FAR  w(0) 1. F 0.00
expand: main@entry!_BAD (2, 0) FAR  w(0) 1. F 0.00
expand: query!0 (3, 0) FAR  w(0) 1. F 0.00
(spacer::context::check_reachability :time 0.00 :before-memory 16.43 :after-memory 16.85)
Propagating: 0 1 2 3  ! 4 
(spacer::context::propagate :time 0.00 :before-memory 16.85 :after-memory 16.85)
Entering level 4
expand: query!0 (4, 0) FAR  w(0) 1.
	create_child: main@entry!_BAD (3, 4) FAR 1 U 0.00
expand: main@entry!_BAD (3, 0) FAR  w(0) 1.
	create_child: main@entry (2, 4) FAR 1 U 0.00
expand: main@entry (2, 0) FAR  w(0) 1.
	create_child: main@empty.loop (1, 4) FAR 10652 U 0.00
expand: main@empty.loop (1, 0) FAR  w(0) 10652.
	create_child: main@NodeBlock90.i.i.outer (0, 4) FAR 11332 U 0.00
expand: main@NodeBlock90.i.i.outer (0, 0) FAR  w(0) 11332. F 0.00
expand: main@empty.loop (1, 0) FAR  w(0) 10652. F 0.00
expand: main@entry (2, 0) FAR  w(0) 1. F 0.00
expand: main@entry!_BAD (3, 0) FAR  w(0) 1. F 0.00
expand: query!0 (4, 0) FAR  w(0) 1. F 0.00
(spacer::context::check_reachability :time 0.00 :before-memory 16.85 :after-memory 17.44)
Propagating: 0 1 2 3 4  ! 5 
(spacer::context::propagate :time 0.00 :before-memory 17.44 :after-memory 17.44)
Entering level 5
expand: query!0 (5, 0) FAR  w(0) 1.
	create_child: main@entry!_BAD (4, 5) FAR 1 U 0.00
expand: main@entry!_BAD (4, 0) FAR  w(0) 1.
	create_child: main@entry (3, 5) FAR 1 U 0.00
expand: main@entry (3, 0) FAR  w(0) 1.
	create_child: main@empty.loop (2, 5) FAR 10652 U 0.00
expand: main@empty.loop (2, 0) FAR  w(0) 10652.
	create_child: main@NodeBlock90.i.i.outer (1, 5) FAR 11332 U 0.00
expand: main@NodeBlock90.i.i.outer (1, 0) FAR  w(0) 11332.
	create_child: main@NodeBlock90.i.i (0, 5) FAR 12744 U 0.00
expand: main@NodeBlock90.i.i (0, 0) FAR  w(0) 12744. F 0.01
expand: main@NodeBlock90.i.i.outer (1, 0) FAR  w(0) 11332. F 0.00
expand: main@empty.loop (2, 0) FAR  w(0) 10652. F 0.00
expand: main@entry (3, 0) FAR  w(0) 1. F 0.00
expand: main@entry!_BAD (4, 0) FAR  w(0) 1. F 0.00
expand: query!0 (5, 0) FAR  w(0) 1. F 0.00
(spacer::context::check_reachability :time 0.02 :before-memory 17.44 :after-memory 20.23)
Propagating: 0 1 2 3 4 5  ! 6 
(spacer::context::propagate :time 0.00 :before-memory 20.23 :after-memory 20.33)
Entering level 6
expand: query!0 (6, 0) FAR  w(0) 1.
	create_child: main@entry!_BAD (5, 6) FAR 1 U 0.00
expand: main@entry!_BAD (5, 0) FAR  w(0) 1.
	create_child: main@entry (4, 6) FAR 1 U 0.00
expand: main@entry (4, 0) FAR  w(0) 1.
	create_child: main@empty.loop (3, 6) FAR 10652 U 0.00
expand: main@empty.loop (3, 0) FAR  w(0) 10652.
	create_child: main@NodeBlock90.i.i.outer (2, 6) FAR 11332 U 0.00
expand: main@NodeBlock90.i.i.outer (2, 0) FAR  w(0) 11332.
	create_child: main@NodeBlock90.i.i (1, 6) FAR 12744 U 0.00
expand: main@NodeBlock90.i.i (1, 0) FAR  w(0) 12744. F 0.01
expand: main@NodeBlock90.i.i.outer (2, 0) FAR  w(0) 11332. F 0.00
expand: main@empty.loop (3, 0) FAR  w(0) 10652. F 0.00
expand: main@entry (4, 0) FAR  w(0) 1.
	create_child: main@empty.loop (3, 6) FAR 23134 U 0.00
expand: main@empty.loop (3, 0) FAR  w(0) 23134.
	create_child: main@NodeBlock90.i.i.outer (2, 6) FAR 23177 U 0.00
expand: main@NodeBlock90.i.i.outer (2, 0) FAR  w(0) 23177.
	create_child: main@NodeBlock90.i.i (1, 6) FAR 23218 U 0.00
expand: main@NodeBlock90.i.i (1, 0) FAR  w(0) 23218.
	create_child: main@_120 (0, 6) FAR 23383 U 0.00
expand: main@_120 (0, 0) FAR  w(0) 23383. F 0.00
expand: main@NodeBlock90.i.i (1, 0) FAR  w(0) 23218. F 0.01
expand: main@NodeBlock90.i.i.outer (2, 0) FAR  w(0) 23177. F 0.00
expand: main@empty.loop (3, 0) FAR  w(0) 23134. F 0.00
expand: main@entry (4, 0) FAR  w(0) 1. F 0.00
expand: main@entry!_BAD (5, 0) FAR  w(0) 1. F 0.00
expand: query!0 (6, 0) FAR  w(0) 1. F 0.00
(spacer::context::check_reachability :time 0.04 :before-memory 20.33 :after-memory 21.98)
Propagating: 0 1 2 3 4 5 6  ! 7 8 
(spacer::context::propagate :time 0.01 :before-memory 21.98 :after-memory 21.98)
Entering level 7
expand: query!0 (7, 0) FAR  w(0) 1. F 0.00
(spacer::context::check_reachability :time 0.00 :before-memory 21.98 :after-memory 21.98)
Propagating: 7  ! 8 
(spacer::context::propagate :time 0.00 :before-memory 21.98 :after-memory 21.98)
Entering level 8
expand: query!0 (8, 0) FAR  w(0) 1.
	create_child: main@entry!_BAD (7, 8) FAR 1 U 0.00
expand: main@entry!_BAD (7, 0) FAR  w(0) 1.
	create_child: main@entry (6, 8) FAR 1 U 0.00
expand: main@entry (6, 0) FAR  w(0) 1.
	create_child: main@empty.loop (5, 8) FAR 23134 U 0.00
expand: main@empty.loop (5, 0) FAR  w(0) 23134.
	create_child: main@NodeBlock90.i.i.outer (4, 8) FAR 23177 U 0.00
expand: main@NodeBlock90.i.i.outer (4, 0) FAR  w(0) 23177.
	create_child: main@NodeBlock90.i.i (3, 8) FAR 23218 U 0.00
expand: main@NodeBlock90.i.i (3, 0) FAR  w(0) 23218.
	create_child: main@_120 (2, 8) FAR 23383 U 0.00
expand: main@_120 (2, 0) FAR  w(0) 23383. F 0.00
expand: main@NodeBlock90.i.i (3, 0) FAR  w(0) 23218. F 0.02
expand: main@NodeBlock90.i.i.outer (4, 0) FAR  w(0) 23177. F 0.00
expand: main@empty.loop (5, 0) FAR  w(0) 23134. F 0.00
expand: main@entry (6, 0) FAR  w(0) 1. F 0.00
expand: main@entry!_BAD (7, 0) FAR  w(0) 1. F 0.00
expand: query!0 (8, 0) FAR  w(0) 1. F 0.00
(spacer::context::check_reachability :time 0.03 :before-memory 21.98 :after-memory 22.24)
Propagating: 2 3 4 5 6 7 8  ! 9 
(spacer::context::propagate :time 0.00 :before-memory 22.24 :after-memory 22.24)
Entering level 9
expand: query!0 (9, 0) FAR  w(0) 1.
	create_child: main@entry!_BAD (8, 9) FAR 1 U 0.00
expand: main@entry!_BAD (8, 0) FAR  w(0) 1.
	create_child: main@entry (7, 9) FAR 1 U 0.00
expand: main@entry (7, 0) FAR  w(0) 1.
	create_child: main@empty.loop (6, 9) FAR 23134 U 0.00
expand: main@empty.loop (6, 0) FAR  w(0) 23134.
	create_child: main@NodeBlock90.i.i.outer (5, 9) FAR 23177 U 0.00
expand: main@NodeBlock90.i.i.outer (5, 0) FAR  w(0) 23177.
	create_child: main@NodeBlock90.i.i (4, 9) FAR 23218 U 0.00
expand: main@NodeBlock90.i.i (4, 0) FAR  w(0) 23218.
	create_child: main@_120 (3, 9) FAR 23383 U 0.00
expand: main@_120 (3, 0) FAR  w(0) 23383.
	create_child: main@NodeBlock90.i.i.outer (2, 9) FAR 27353 U 0.00
expand: main@NodeBlock90.i.i.outer (2, 0) FAR  w(0) 27353.
	create_child: main@NodeBlock90.i.i (1, 9) FAR 27301 U 0.00
expand: main@NodeBlock90.i.i (1, 0) FAR  w(0) 27301.
	create_child: main@_112 (0, 9) FAR 27183 U 0.00
expand: main@_112 (0, 0) FAR  w(0) 27183. F 0.00
expand: main@NodeBlock90.i.i (1, 0) FAR  w(0) 27301. F 0.00
expand: main@NodeBlock90.i.i.outer (2, 0) FAR  w(0) 27353. F 0.00
expand: main@_120 (3, 0) FAR  w(0) 23383. F 0.00
expand: main@NodeBlock90.i.i (4, 0) FAR  w(0) 23218. F 0.01
expand: main@NodeBlock90.i.i.outer (5, 0) FAR  w(0) 23177. F 0.00
expand: main@empty.loop (6, 0) FAR  w(0) 23134. F 0.00
expand: main@entry (7, 0) FAR  w(0) 1. F 0.00
expand: main@entry!_BAD (8, 0) FAR  w(0) 1. F 0.00
expand: query!0 (9, 0) FAR  w(0) 1. F 0.00
(spacer::context::check_reachability :time 0.04 :before-memory 22.24 :after-memory 23.38)
Propagating: 0 1 2 3 4 5 6 7 8 9  ! 10 
(spacer::context::propagate :time 0.00 :before-memory 23.38 :after-memory 23.38)
Entering level 10
expand: query!0 (10, 0) FAR  w(0) 1.
	create_child: main@entry!_BAD (9, 10) FAR 1 U 0.00
expand: main@entry!_BAD (9, 0) FAR  w(0) 1.
	create_child: main@entry (8, 10) FAR 1 U 0.00
expand: main@entry (8, 0) FAR  w(0) 1.
	create_child: main@empty.loop (7, 10) FAR 23134 U 0.00
expand: main@empty.loop (7, 0) FAR  w(0) 23134.
	create_child: main@NodeBlock90.i.i.outer (6, 10) FAR 23177 U 0.00
expand: main@NodeBlock90.i.i.outer (6, 0) FAR  w(0) 23177.
	create_child: main@NodeBlock90.i.i (5, 10) FAR 23218 U 0.00
expand: main@NodeBlock90.i.i (5, 0) FAR  w(0) 23218.
	create_child: main@_120 (4, 10) FAR 23383 U 0.00
expand: main@_120 (4, 0) FAR  w(0) 23383.
	create_child: main@NodeBlock90.i.i.outer (3, 10) FAR 27353 U 0.00
expand: main@NodeBlock90.i.i.outer (3, 0) FAR  w(0) 27353.
	create_child: main@NodeBlock90.i.i (2, 10) FAR 27301 U 0.00
expand: main@NodeBlock90.i.i (2, 0) FAR  w(0) 27301.
	create_child: main@_112 (1, 10) FAR 27183 U 0.00
expand: main@_112 (1, 0) FAR  w(0) 27183.
	create_child: main@_112!_Cond (0, 10) FAR 28345 U 0.00
expand: main@_112!_Cond (0, 0) FAR  w(0) 28345. F 0.00
expand: main@_112 (1, 0) FAR  w(0) 27183. F 0.00
expand: main@NodeBlock90.i.i (2, 0) FAR  w(0) 27301. F 0.00
expand: main@NodeBlock90.i.i.outer (3, 0) FAR  w(0) 27353. F 0.00
expand: main@_120 (4, 0) FAR  w(0) 23383. F 0.00
expand: main@NodeBlock90.i.i (5, 0) FAR  w(0) 23218. F 0.01
expand: main@NodeBlock90.i.i.outer (6, 0) FAR  w(0) 23177. F 0.00
expand: main@empty.loop (7, 0) FAR  w(0) 23134. F 0.00
expand: main@entry (8, 0) FAR  w(0) 1. F 0.00
expand: main@entry!_BAD (9, 0) FAR  w(0) 1. F 0.00
expand: query!0 (10, 0) FAR  w(0) 1. F 0.00
(spacer::context::check_reachability :time 0.04 :before-memory 23.38 :after-memory 24.43)
Propagating: 0 1 2 3 4 5 6 7 8 9 10  ! 11 
(spacer::context::propagate :time 0.00 :before-memory 24.43 :after-memory 24.43)
Entering level 11
expand: query!0 (11, 0) FAR  w(0) 1.
	create_child: main@entry!_BAD (10, 11) FAR 1 U 0.00
expand: main@entry!_BAD (10, 0) FAR  w(0) 1.
	create_child: main@entry (9, 11) FAR 1 U 0.00
expand: main@entry (9, 0) FAR  w(0) 1.
	create_child: main@empty.loop (8, 11) FAR 23134 U 0.00
expand: main@empty.loop (8, 0) FAR  w(0) 23134.
	create_child: main@NodeBlock90.i.i.outer (7, 11) FAR 23177 U 0.00
expand: main@NodeBlock90.i.i.outer (7, 0) FAR  w(0) 23177.
	create_child: main@NodeBlock90.i.i (6, 11) FAR 23218 U 0.00
expand: main@NodeBlock90.i.i (6, 0) FAR  w(0) 23218.
	create_child: main@_120 (5, 11) FAR 23383 U 0.00
expand: main@_120 (5, 0) FAR  w(0) 23383.
	create_child: main@NodeBlock90.i.i.outer (4, 11) FAR 27353 U 0.00
expand: main@NodeBlock90.i.i.outer (4, 0) FAR  w(0) 27353.
	create_child: main@NodeBlock90.i.i (3, 11) FAR 27301 U 0.00
expand: main@NodeBlock90.i.i (3, 0) FAR  w(0) 27301.
	create_child: main@_120 (2, 11) FAR 30520 U 0.00
expand: main@_120 (2, 0) FAR  w(0) 30520.
	create_child: main@NodeBlock90.i.i.outer (1, 11) FAR 30434 U 0.00
expand: main@NodeBlock90.i.i.outer (1, 0) FAR  w(0) 30434.
	create_child: main@NodeBlock90.i.i (0, 11) FAR 30380 U 0.00
expand: main@NodeBlock90.i.i (0, 0) FAR  w(0) 30380. F 0.00
expand: main@NodeBlock90.i.i.outer (1, 0) FAR  w(0) 30434. F 0.00
expand: main@_120 (2, 0) FAR  w(0) 30520. F 0.00
expand: main@NodeBlock90.i.i (3, 0) FAR  w(0) 27301. F 0.02
expand: main@NodeBlock90.i.i.outer (4, 0) FAR  w(0) 27353. F 0.00
expand: main@_120 (5, 0) FAR  w(0) 23383. F 0.00
expand: main@NodeBlock90.i.i (6, 0) FAR  w(0) 23218. F 0.01
expand: main@NodeBlock90.i.i.outer (7, 0) FAR  w(0) 23177. F 0.00
expand: main@empty.loop (8, 0) FAR  w(0) 23134. F 0.00
expand: main@entry (9, 0) FAR  w(0) 1. F 0.00
expand: main@entry!_BAD (10, 0) FAR  w(0) 1. F 0.00
expand: query!0 (11, 0) FAR  w(0) 1. F 0.00
(spacer::context::check_reachability :time 0.06 :before-memory 24.43 :after-memory 24.75)
Propagating: 0 1 2 3 4 5 6 7 8 9 10 11  ! 12 13 
(spacer::context::propagate :time 0.03 :before-memory 24.75 :after-memory 24.85)
Entering level 12
expand: query!0 (12, 0) FAR  w(0) 1. F 0.00
(spacer::context::check_reachability :time 0.00 :before-memory 24.85 :after-memory 24.85)
Propagating: 12  ! 13 
(spacer::context::propagate :time 0.00 :before-memory 24.85 :after-memory 24.85)
Entering level 13
expand: query!0 (13, 0) FAR  w(0) 1.
	create_child: main@entry!_BAD (12, 13) FAR 1 U 0.00
expand: main@entry!_BAD (12, 0) FAR  w(0) 1.
	create_child: main@entry (11, 13) FAR 1 U 0.00
expand: main@entry (11, 0) FAR  w(0) 1.
	create_child: main@empty.loop (10, 13) FAR 23134 U 0.00
expand: main@empty.loop (10, 0) FAR  w(0) 23134.
	create_child: main@NodeBlock90.i.i.outer (9, 13) FAR 23177 U 0.00
expand: main@NodeBlock90.i.i.outer (9, 0) FAR  w(0) 23177.
	create_child: main@NodeBlock90.i.i (8, 13) FAR 23218 U 0.00
expand: main@NodeBlock90.i.i (8, 0) FAR  w(0) 23218.
	create_child: main@_120 (7, 13) FAR 23383 U 0.00
expand: main@_120 (7, 0) FAR  w(0) 23383.
	create_child: main@NodeBlock90.i.i.outer (6, 13) FAR 27353 U 0.00
expand: main@NodeBlock90.i.i.outer (6, 0) FAR  w(0) 27353.
	create_child: main@NodeBlock90.i.i (5, 13) FAR 27301 U 0.00
expand: main@NodeBlock90.i.i (5, 0) FAR  w(0) 27301.
	create_child: main@_112 (4, 13) FAR 27183 U 0.00
expand: main@_112 (4, 0) FAR  w(0) 27183.
	create_child: main@_112!_Cond (3, 13) FAR 28345 U 0.00
expand: main@_112!_Cond (3, 0) FAR  w(0) 28345. F 0.00
expand: main@_112 (4, 0) FAR  w(0) 27183. F 0.00
expand: main@NodeBlock90.i.i (5, 0) FAR  w(0) 27301. F 0.01
expand: main@NodeBlock90.i.i.outer (6, 0) FAR  w(0) 27353. F 0.00
expand: main@_120 (7, 0) FAR  w(0) 23383. F 0.00
expand: main@NodeBlock90.i.i (8, 0) FAR  w(0) 23218. F 0.01
expand: main@NodeBlock90.i.i.outer (9, 0) FAR  w(0) 23177. F 0.00
expand: main@empty.loop (10, 0) FAR  w(0) 23134. F 0.00
expand: main@entry (11, 0) FAR  w(0) 1. F 0.00
expand: main@entry!_BAD (12, 0) FAR  w(0) 1. F 0.00
expand: query!0 (13, 0) FAR  w(0) 1. F 0.00
(spacer::context::check_reachability :time 0.04 :before-memory 24.85 :after-memory 25.13)
Propagating: 3 4 5 6 7 8 9 10 11 12 13  ! 14 
(spacer::context::propagate :time 0.01 :before-memory 25.13 :after-memory 25.13)
Entering level 14
expand: query!0 (14, 0) FAR  w(0) 1.
	create_child: main@entry!_BAD (13, 14) FAR 1 U 0.00
expand: main@entry!_BAD (13, 0) FAR  w(0) 1.
	create_child: main@entry (12, 14) FAR 1 U 0.00
expand: main@entry (12, 0) FAR  w(0) 1.
	create_child: main@empty.loop (11, 14) FAR 23134 U 0.00
expand: main@empty.loop (11, 0) FAR  w(0) 23134.
	create_child: main@NodeBlock90.i.i.outer (10, 14) FAR 23177 U 0.00
expand: main@NodeBlock90.i.i.outer (10, 0) FAR  w(0) 23177.
	create_child: main@NodeBlock90.i.i (9, 14) FAR 23218 U 0.00
expand: main@NodeBlock90.i.i (9, 0) FAR  w(0) 23218.
	create_child: main@_120 (8, 14) FAR 23383 U 0.00
expand: main@_120 (8, 0) FAR  w(0) 23383.
	create_child: main@NodeBlock90.i.i.outer (7, 14) FAR 27353 U 0.00
expand: main@NodeBlock90.i.i.outer (7, 0) FAR  w(0) 27353.
	create_child: main@NodeBlock90.i.i (6, 14) FAR 27301 U 0.00
expand: main@NodeBlock90.i.i (6, 0) FAR  w(0) 27301.
	create_child: main@_120 (5, 14) FAR 30520 U 0.00
expand: main@_120 (5, 0) FAR  w(0) 30520.
	create_child: main@NodeBlock90.i.i.outer (4, 14) FAR 30434 U 0.00
expand: main@NodeBlock90.i.i.outer (4, 0) FAR  w(0) 30434.
	create_child: main@NodeBlock90.i.i (3, 14) FAR 30380 U 0.00
expand: main@NodeBlock90.i.i (3, 0) FAR  w(0) 30380.
	create_child: main@_120 (2, 14) FAR 35264 U 0.00
expand: main@_120 (2, 0) FAR  w(0) 35264.
	create_child: main@NodeBlock90.i.i.outer (1, 14) FAR 35249 U 0.00
expand: main@NodeBlock90.i.i.outer (1, 0) FAR  w(0) 35249.
	create_child: main@NodeBlock90.i.i (0, 14) FAR 35148 U 0.00
expand: main@NodeBlock90.i.i (0, 0) FAR  w(0) 35148. F 0.00
expand: main@NodeBlock90.i.i.outer (1, 0) FAR  w(0) 35249. F 0.00
expand: main@_120 (2, 0) FAR  w(0) 35264. F 0.00
expand: main@NodeBlock90.i.i (3, 0) FAR  w(0) 30380. F 0.01
expand: main@NodeBlock90.i.i.outer (4, 0) FAR  w(0) 30434. F 0.00
expand: main@_120 (5, 0) FAR  w(0) 30520. F 0.00
expand: main@NodeBlock90.i.i (6, 0) FAR  w(0) 27301. F 0.01
expand: main@NodeBlock90.i.i.outer (7, 0) FAR  w(0) 27353. F 0.00
expand: main@_120 (8, 0) FAR  w(0) 23383. F 0.00
expand: main@NodeBlock90.i.i (9, 0) FAR  w(0) 23218. F 0.01
expand: main@NodeBlock90.i.i.outer (10, 0) FAR  w(0) 23177. F 0.00
expand: main@empty.loop (11, 0) FAR  w(0) 23134. F 0.00
expand: main@entry (12, 0) FAR  w(0) 1. F 0.00
expand: main@entry!_BAD (13, 0) FAR  w(0) 1. F 0.00
expand: query!0 (14, 0) FAR  w(0) 1. F 0.00
(spacer::context::check_reachability :time 0.07 :before-memory 25.13 :after-memory 25.43)
Propagating: 0 1 2 3 4 5 6 7 8 9 10 11 12 13 14  ! 15 16 
(spacer::context::propagate :time 0.02 :before-memory 25.43 :after-memory 25.52)
Entering level 15
expand: query!0 (15, 0) FAR  w(0) 1. F 0.00
(spacer::context::check_reachability :time 0.00 :before-memory 25.52 :after-memory 25.62)
Propagating: 15  ! 16 
(spacer::context::propagate :time 0.00 :before-memory 25.62 :after-memory 25.62)
Entering level 16
expand: query!0 (16, 0) FAR  w(0) 1.
	create_child: main@entry!_BAD (15, 16) FAR 1 U 0.00
expand: main@entry!_BAD (15, 0) FAR  w(0) 1.
	create_child: main@entry (14, 16) FAR 1 U 0.00
expand: main@entry (14, 0) FAR  w(0) 1.
	create_child: main@empty.loop (13, 16) FAR 23134 U 0.00
expand: main@empty.loop (13, 0) FAR  w(0) 23134.
	create_child: main@NodeBlock90.i.i.outer (12, 16) FAR 23177 U 0.00
expand: main@NodeBlock90.i.i.outer (12, 0) FAR  w(0) 23177.
	create_child: main@NodeBlock90.i.i (11, 16) FAR 23218 U 0.00
expand: main@NodeBlock90.i.i (11, 0) FAR  w(0) 23218.
	create_child: main@_120 (10, 16) FAR 23383 U 0.01
expand: main@_120 (10, 0) FAR  w(0) 23383.
	create_child: main@NodeBlock90.i.i.outer (9, 16) FAR 27353 U 0.00
expand: main@NodeBlock90.i.i.outer (9, 0) FAR  w(0) 27353.
	create_child: main@NodeBlock90.i.i (8, 16) FAR 27301 U 0.00
expand: main@NodeBlock90.i.i (8, 0) FAR  w(0) 27301.
	create_child: main@_120 (7, 16) FAR 30520 U 0.00
expand: main@_120 (7, 0) FAR  w(0) 30520.
	create_child: main@NodeBlock90.i.i.outer (6, 16) FAR 30434 U 0.00
expand: main@NodeBlock90.i.i.outer (6, 0) FAR  w(0) 30434.
	create_child: main@NodeBlock90.i.i (5, 16) FAR 30380 U 0.00
expand: main@NodeBlock90.i.i (5, 0) FAR  w(0) 30380.
	create_child: main@_112 (4, 16) FAR 38884 U 0.00
expand: main@_112 (4, 0) FAR  w(0) 38884.
	create_child: main@_112!_Cond (3, 16) FAR 38903 U 0.00
expand: main@_112!_Cond (3, 0) FAR  w(0) 38903. F 0.00
expand: main@_112 (4, 0) FAR  w(0) 38884. F 0.00
expand: main@NodeBlock90.i.i (5, 0) FAR  w(0) 30380. F 0.01
expand: main@NodeBlock90.i.i.outer (6, 0) FAR  w(0) 30434. F 0.00
expand: main@_120 (7, 0) FAR  w(0) 30520. F 0.00
expand: main@NodeBlock90.i.i (8, 0) FAR  w(0) 27301. F 0.01
expand: main@NodeBlock90.i.i.outer (9, 0) FAR  w(0) 27353. F 0.00
expand: main@_120 (10, 0) FAR  w(0) 23383. F 0.00
expand: main@NodeBlock90.i.i (11, 0) FAR  w(0) 23218. F 0.01
expand: main@NodeBlock90.i.i.outer (12, 0) FAR  w(0) 23177. F 0.00
expand: main@empty.loop (13, 0) FAR  w(0) 23134. F 0.00
expand: main@entry (14, 0) FAR  w(0) 1. F 0.00
expand: main@entry!_BAD (15, 0) FAR  w(0) 1. F 0.00
expand: query!0 (16, 0) FAR  w(0) 1. F 0.00
(spacer::context::check_reachability :time 0.07 :before-memory 25.62 :after-memory 25.73)
Propagating: 3 4 5 6 7 8 9 10 11 12 13 14 15 16  ! 17 
(spacer::context::propagate :time 0.01 :before-memory 25.73 :after-memory 25.73)
Entering level 17
expand: query!0 (17, 0) FAR  w(0) 1.
	create_child: main@entry!_BAD (16, 17) FAR 1 U 0.00
expand: main@entry!_BAD (16, 0) FAR  w(0) 1.
	create_child: main@entry (15, 17) FAR 1 U 0.00
expand: main@entry (15, 0) FAR  w(0) 1.
	create_child: main@empty.loop (14, 17) FAR 23134 U 0.00
expand: main@empty.loop (14, 0) FAR  w(0) 23134.
	create_child: main@NodeBlock90.i.i.outer (13, 17) FAR 23177 U 0.00
expand: main@NodeBlock90.i.i.outer (13, 0) FAR  w(0) 23177.
	create_child: main@NodeBlock90.i.i (12, 17) FAR 23218 U 0.00
expand: main@NodeBlock90.i.i (12, 0) FAR  w(0) 23218.
	create_child: main@_120 (11, 17) FAR 23383 U 0.00
expand: main@_120 (11, 0) FAR  w(0) 23383.
	create_child: main@NodeBlock90.i.i.outer (10, 17) FAR 27353 U 0.00
expand: main@NodeBlock90.i.i.outer (10, 0) FAR  w(0) 27353.
	create_child: main@NodeBlock90.i.i (9, 17) FAR 27301 U 0.00
expand: main@NodeBlock90.i.i (9, 0) FAR  w(0) 27301.
	create_child: main@_120 (8, 17) FAR 30520 U 0.00
expand: main@_120 (8, 0) FAR  w(0) 30520.
	create_child: main@NodeBlock90.i.i.outer (7, 17) FAR 30434 U 0.00
expand: main@NodeBlock90.i.i.outer (7, 0) FAR  w(0) 30434.
	create_child: main@NodeBlock90.i.i (6, 17) FAR 30380 U 0.00
expand: main@NodeBlock90.i.i (6, 0) FAR  w(0) 30380.
	create_child: main@_120 (5, 17) FAR 35264 U 0.00
expand: main@_120 (5, 0) FAR  w(0) 35264.
	create_child: main@NodeBlock90.i.i.outer (4, 17) FAR 35249 U 0.00
expand: main@NodeBlock90.i.i.outer (4, 0) FAR  w(0) 35249.
	create_child: main@NodeBlock90.i.i (3, 17) FAR 35148 U 0.00
expand: main@NodeBlock90.i.i (3, 0) FAR  w(0) 35148. F 0.01
expand: main@NodeBlock90.i.i.outer (4, 0) FAR  w(0) 35249. F 0.00
expand: main@_120 (5, 0) FAR  w(0) 35264. F 0.00
expand: main@NodeBlock90.i.i (6, 0) FAR  w(0) 30380. F 0.01
expand: main@NodeBlock90.i.i.outer (7, 0) FAR  w(0) 30434. F 0.00
expand: main@_120 (8, 0) FAR  w(0) 30520. F 0.00
expand: main@NodeBlock90.i.i (9, 0) FAR  w(0) 27301. F 0.01
expand: main@NodeBlock90.i.i.outer (10, 0) FAR  w(0) 27353. F 0.00
expand: main@_120 (11, 0) FAR  w(0) 23383. F 0.00
expand: main@NodeBlock90.i.i (12, 0) FAR  w(0) 23218. F 0.02
expand: main@NodeBlock90.i.i.outer (13, 0) FAR  w(0) 23177. F 0.00
expand: main@empty.loop (14, 0) FAR  w(0) 23134. F 0.00
expand: main@entry (15, 0) FAR  w(0) 1.
	create_child: main@empty.loop (14, 17) FAR 43778 U 0.00
expand: main@empty.loop (14, 0) FAR  w(0) 43778.
	create_child: main@NodeBlock90.i.i.outer (13, 17) FAR 43888 U 0.00
expand: main@NodeBlock90.i.i.outer (13, 0) FAR  w(0) 43888.
	create_child: main@NodeBlock90.i.i (12, 17) FAR 43960 U 0.00
expand: main@NodeBlock90.i.i (12, 0) FAR  w(0) 43960.
	create_child: main@_120 (11, 17) FAR 44201 U 0.00
expand: main@_120 (11, 0) FAR  w(0) 44201.
	create_child: main@NodeBlock90.i.i.outer (10, 17) FAR 44167 U 0.00
expand: main@NodeBlock90.i.i.outer (10, 0) FAR  w(0) 44167.
	create_child: main@NodeBlock90.i.i (9, 17) FAR 44161 U 0.00
expand: main@NodeBlock90.i.i (9, 0) FAR  w(0) 44161.
	create_child: main@_120 (8, 17) FAR 44300 U 0.00
expand: main@_120 (8, 0) FAR  w(0) 44300.
	create_child: main@NodeBlock90.i.i.outer (7, 17) FAR 44227 U 0.00
expand: main@NodeBlock90.i.i.outer (7, 0) FAR  w(0) 44227.
	create_child: main@NodeBlock90.i.i (6, 17) FAR 44160 U 0.00
expand: main@NodeBlock90.i.i (6, 0) FAR  w(0) 44160.
	create_child: main@_120 (5, 17) FAR 44417 U 0.00
expand: main@_120 (5, 0) FAR  w(0) 44417.
	create_child: main@NodeBlock90.i.i.outer (4, 17) FAR 44159 U 0.00
expand: main@NodeBlock90.i.i.outer (4, 0) FAR  w(0) 44159.
	create_child: main@NodeBlock90.i.i (3, 17) FAR 44164 U 0.00
expand: main@NodeBlock90.i.i (3, 0) FAR  w(0) 44164.
	create_child: main@_120 (2, 17) FAR 44424 U 0.00
expand: main@_120 (2, 0) FAR  w(0) 44424.
	create_child: main@NodeBlock90.i.i.outer (1, 17) FAR 44374 U 0.00
expand: main@NodeBlock90.i.i.outer (1, 0) FAR  w(0) 44374.
	create_child: main@NodeBlock90.i.i (0, 17) FAR 44330 U 0.00
expand: main@NodeBlock90.i.i (0, 0) FAR  w(0) 44330. F 0.00
expand: main@NodeBlock90.i.i.outer (1, 0) FAR  w(0) 44374. F 0.00
expand: main@_120 (2, 0) FAR  w(0) 44424. F 0.00
expand: main@NodeBlock90.i.i (3, 0) FAR  w(0) 44164. F 0.01
expand: main@NodeBlock90.i.i.outer (4, 0) FAR  w(0) 44159. F 0.00
expand: main@_120 (5, 0) FAR  w(0) 44417. F 0.00
expand: main@NodeBlock90.i.i (6, 0) FAR  w(0) 44160. F 0.01
expand: main@NodeBlock90.i.i.outer (7, 0) FAR  w(0) 44227. F 0.00
expand: main@_120 (8, 0) FAR  w(0) 44300. F 0.00
expand: main@NodeBlock90.i.i (9, 0) FAR  w(0) 44161. F 0.01
expand: main@NodeBlock90.i.i.outer (10, 0) FAR  w(0) 44167. F 0.00
expand: main@_120 (11, 0) FAR  w(0) 44201. F 0.00
expand: main@NodeBlock90.i.i (12, 0) FAR  w(0) 43960. F 0.01
expand: main@NodeBlock90.i.i.outer (13, 0) FAR  w(0) 43888. F 0.00
expand: main@empty.loop (14, 0) FAR  w(0) 43778. F 0.00
expand: main@entry (15, 0) FAR  w(0) 1. F 0.00
expand: main@entry!_BAD (16, 0) FAR  w(0) 1. F 0.00
expand: query!0 (17, 0) FAR  w(0) 1. F 0.00
(spacer::context::check_reachability :time 0.16 :before-memory 25.73 :after-memory 27.11)
Propagating: 0 1 2 3 4 5 6 7 8 9 10 11 12 13 14 15 16 17  ! 18 19 
(spacer::context::propagate :time 0.05 :before-memory 27.11 :after-memory 29.09)
Entering level 18
expand: query!0 (18, 0) FAR  w(0) 1. F 0.00
(spacer::context::check_reachability :time 0.00 :before-memory 29.09 :after-memory 29.09)
Propagating: 18  ! 19 
(spacer::context::propagate :time 0.00 :before-memory 29.09 :after-memory 29.09)
Entering level 19
expand: query!0 (19, 0) FAR  w(0) 1.
	create_child: main@entry!_BAD (18, 19) FAR 1 U 0.00
expand: main@entry!_BAD (18, 0) FAR  w(0) 1.
	create_child: main@entry (17, 19) FAR 1 U 0.00
expand: main@entry (17, 0) FAR  w(0) 1.
	create_child: main@empty.loop (16, 19) FAR 43778 U 0.00
expand: main@empty.loop (16, 0) FAR  w(0) 43778.
	create_child: main@NodeBlock90.i.i.outer (15, 19) FAR 43888 U 0.00
expand: main@NodeBlock90.i.i.outer (15, 0) FAR  w(0) 43888.
	create_child: main@NodeBlock90.i.i (14, 19) FAR 43960 U 0.00
expand: main@NodeBlock90.i.i (14, 0) FAR  w(0) 43960.
	create_child: main@_120 (13, 19) FAR 44201 U 0.00
expand: main@_120 (13, 0) FAR  w(0) 44201.
	create_child: main@NodeBlock90.i.i.outer (12, 19) FAR 44167 U 0.00
expand: main@NodeBlock90.i.i.outer (12, 0) FAR  w(0) 44167.
	create_child: main@NodeBlock90.i.i (11, 19) FAR 44161 U 0.00
expand: main@NodeBlock90.i.i (11, 0) FAR  w(0) 44161.
	create_child: main@_120 (10, 19) FAR 44300 U 0.00
expand: main@_120 (10, 0) FAR  w(0) 44300.
	create_child: main@NodeBlock90.i.i.outer (9, 19) FAR 44227 U 0.00
expand: main@NodeBlock90.i.i.outer (9, 0) FAR  w(0) 44227.
	create_child: main@NodeBlock90.i.i (8, 19) FAR 44160 U 0.00
expand: main@NodeBlock90.i.i (8, 0) FAR  w(0) 44160.
	create_child: main@_120 (7, 19) FAR 44417 U 0.00
expand: main@_120 (7, 0) FAR  w(0) 44417.
	create_child: main@NodeBlock90.i.i.outer (6, 19) FAR 44159 U 0.00
expand: main@NodeBlock90.i.i.outer (6, 0) FAR  w(0) 44159.
	create_child: main@NodeBlock90.i.i (5, 19) FAR 44164 U 0.00
expand: main@NodeBlock90.i.i (5, 0) FAR  w(0) 44164.
	create_child: main@_112 (4, 19) FAR 49567 U 0.00
expand: main@_112 (4, 0) FAR  w(0) 49567.
	create_child: main@_112!_Cond (3, 19) FAR 49611 U 0.00
expand: main@_112!_Cond (3, 0) FAR  w(0) 49611. F 0.00
expand: main@_112 (4, 0) FAR  w(0) 49567. F 0.00
expand: main@NodeBlock90.i.i (5, 0) FAR  w(0) 44164. F 0.01
expand: main@NodeBlock90.i.i.outer (6, 0) FAR  w(0) 44159. F 0.00
expand: main@_120 (7, 0) FAR  w(0) 44417. F 0.00
expand: main@NodeBlock90.i.i (8, 0) FAR  w(0) 44160. F 0.01
expand: main@NodeBlock90.i.i.outer (9, 0) FAR  w(0) 44227. F 0.00
expand: main@_120 (10, 0) FAR  w(0) 44300. F 0.00
expand: main@NodeBlock90.i.i (11, 0) FAR  w(0) 44161. F 0.01
expand: main@NodeBlock90.i.i.outer (12, 0) FAR  w(0) 44167. F 0.00
expand: main@_120 (13, 0) FAR  w(0) 44201. F 0.00
expand: main@NodeBlock90.i.i (14, 0) FAR  w(0) 43960. F 0.01
expand: main@NodeBlock90.i.i.outer (15, 0) FAR  w(0) 43888. F 0.00
expand: main@empty.loop (16, 0) FAR  w(0) 43778. F 0.00
expand: main@entry (17, 0) FAR  w(0) 1. F 0.00
expand: main@entry!_BAD (18, 0) FAR  w(0) 1. F 0.00
expand: query!0 (19, 0) FAR  w(0) 1. F 0.00
(spacer::context::check_reachability :time 0.08 :before-memory 29.09 :after-memory 29.65)
Propagating: 3 4 5 6 7 8 9 10 11 12 13 14 15 16 17 18 19  ! 20 21 22 
(spacer::context::propagate :time 0.05 :before-memory 29.65 :after-memory 30.04)
Entering level 20
expand: query!0 (20, 0) FAR  w(0) 1.
	create_child: main@entry!_BAD (19, 20) FAR 1 U 0.00
expand: main@entry!_BAD (19, 0) FAR  w(0) 1.
	create_child: main@entry (18, 20) FAR 1 U 0.00
expand: main@entry (18, 0) FAR  w(0) 1.
	create_child: main@empty.loop (17, 20) FAR 43778 U 0.00
expand: main@empty.loop (17, 0) FAR  w(0) 43778.
	create_child: main@NodeBlock90.i.i.outer (16, 20) FAR 43888 U 0.00
expand: main@NodeBlock90.i.i.outer (16, 0) FAR  w(0) 43888.
	create_child: main@NodeBlock90.i.i (15, 20) FAR 43960 U 0.00
expand: main@NodeBlock90.i.i (15, 0) FAR  w(0) 43960.
	create_child: main@_120 (14, 20) FAR 44201 U 0.00
expand: main@_120 (14, 0) FAR  w(0) 44201.
	create_child: main@NodeBlock90.i.i.outer (13, 20) FAR 44167 U 0.00
expand: main@NodeBlock90.i.i.outer (13, 0) FAR  w(0) 44167.
	create_child: main@NodeBlock90.i.i (12, 20) FAR 44161 U 0.00
expand: main@NodeBlock90.i.i (12, 0) FAR  w(0) 44161.
	create_child: main@_120 (11, 20) FAR 44300 U 0.00
expand: main@_120 (11, 0) FAR  w(0) 44300.
	create_child: main@NodeBlock90.i.i.outer (10, 20) FAR 44227 U 0.00
expand: main@NodeBlock90.i.i.outer (10, 0) FAR  w(0) 44227.
	create_child: main@NodeBlock90.i.i (9, 20) FAR 44160 U 0.00
expand: main@NodeBlock90.i.i (9, 0) FAR  w(0) 44160.
	create_child: main@_120 (8, 20) FAR 44417 U 0.00
expand: main@_120 (8, 0) FAR  w(0) 44417.
	create_child: main@NodeBlock90.i.i.outer (7, 20) FAR 44159 U 0.00
expand: main@NodeBlock90.i.i.outer (7, 0) FAR  w(0) 44159.
	create_child: main@NodeBlock90.i.i (6, 20) FAR 44164 U 0.00
expand: main@NodeBlock90.i.i (6, 0) FAR  w(0) 44164.
	create_child: main@_120 (5, 20) FAR 44424 U 0.00
expand: main@_120 (5, 0) FAR  w(0) 44424.
	create_child: main@NodeBlock90.i.i.outer (4, 20) FAR 44374 U 0.00
expand: main@NodeBlock90.i.i.outer (4, 0) FAR  w(0) 44374.
	create_child: main@NodeBlock90.i.i (3, 20) FAR 44330 U 0.00
expand: main@NodeBlock90.i.i (3, 0) FAR  w(0) 44330.
	create_child: main@_120 (2, 20) FAR 57638 U 0.00
expand: main@_120 (2, 0) FAR  w(0) 57638.
	create_child: main@NodeBlock90.i.i.outer (1, 20) FAR 57567 U 0.00
expand: main@NodeBlock90.i.i.outer (1, 0) FAR  w(0) 57567.
	create_child: main@NodeBlock90.i.i (0, 20) FAR 57662 U 0.00
expand: main@NodeBlock90.i.i (0, 0) FAR  w(0) 57662. F 0.00
expand: main@NodeBlock90.i.i.outer (1, 0) FAR  w(0) 57567. F 0.00
expand: main@_120 (2, 0) FAR  w(0) 57638. F 0.00
expand: main@NodeBlock90.i.i (3, 0) FAR  w(0) 44330. F 0.01
expand: main@NodeBlock90.i.i.outer (4, 0) FAR  w(0) 44374. F 0.00
expand: main@_120 (5, 0) FAR  w(0) 44424. F 0.00
expand: main@NodeBlock90.i.i (6, 0) FAR  w(0) 44164. F 0.01
expand: main@NodeBlock90.i.i.outer (7, 0) FAR  w(0) 44159. F 0.00
expand: main@_120 (8, 0) FAR  w(0) 44417. F 0.00
expand: main@NodeBlock90.i.i (9, 0) FAR  w(0) 44160. F 0.01
expand: main@NodeBlock90.i.i.outer (10, 0) FAR  w(0) 44227. F 0.00
expand: main@_120 (11, 0) FAR  w(0) 44300. F 0.00
expand: main@NodeBlock90.i.i (12, 0) FAR  w(0) 44161. F 0.01
expand: main@NodeBlock90.i.i.outer (13, 0) FAR  w(0) 44167. F 0.00
expand: main@_120 (14, 0) FAR  w(0) 44201. F 0.00
expand: main@NodeBlock90.i.i (15, 0) FAR  w(0) 43960. F 0.01
expand: main@NodeBlock90.i.i.outer (16, 0) FAR  w(0) 43888. F 0.00
expand: main@empty.loop (17, 0) FAR  w(0) 43778. F 0.00
expand: main@entry (18, 0) FAR  w(0) 1. F 0.00
expand: main@entry!_BAD (19, 0) FAR  w(0) 1. F 0.00
expand: query!0 (20, 0) FAR  w(0) 1. F 0.00
(spacer::context::check_reachability :time 0.12 :before-memory 30.04 :after-memory 30.48)
Propagating: 0 1 2 3 4 5 6 7 8 9 10 11 12 13 14 15 16 17 18 19 20  ! 21 22 23 24 
(spacer::context::propagate :time 0.05 :before-memory 30.48 :after-memory 31.96)
Entering level 21
expand: query!0 (21, 0) FAR  w(0) 1. F 0.00
(spacer::context::check_reachability :time 0.00 :before-memory 31.96 :after-memory 32.14)
Propagating: 21  ! 22 23 24 
(spacer::context::propagate :time 0.00 :before-memory 32.14 :after-memory 32.14)
Entering level 22
expand: query!0 (22, 0) FAR  w(0) 1.
	create_child: main@entry!_BAD (21, 22) FAR 1 U 0.00
expand: main@entry!_BAD (21, 0) FAR  w(0) 1.
	create_child: main@entry (20, 22) FAR 1 U 0.00
expand: main@entry (20, 0) FAR  w(0) 1.
	create_child: main@empty.loop (19, 22) FAR 43778 U 0.00
expand: main@empty.loop (19, 0) FAR  w(0) 43778.
	create_child: main@NodeBlock90.i.i.outer (18, 22) FAR 43888 U 0.00
expand: main@NodeBlock90.i.i.outer (18, 0) FAR  w(0) 43888.
	create_child: main@NodeBlock90.i.i (17, 22) FAR 43960 U 0.00
expand: main@NodeBlock90.i.i (17, 0) FAR  w(0) 43960.
	create_child: main@_120 (16, 22) FAR 44201 U 0.00
expand: main@_120 (16, 0) FAR  w(0) 44201.
	create_child: main@NodeBlock90.i.i.outer (15, 22) FAR 44167 U 0.00
expand: main@NodeBlock90.i.i.outer (15, 0) FAR  w(0) 44167.
	create_child: main@NodeBlock90.i.i (14, 22) FAR 44161 U 0.00
expand: main@NodeBlock90.i.i (14, 0) FAR  w(0) 44161.
	create_child: main@_120 (13, 22) FAR 44300 U 0.00
expand: main@_120 (13, 0) FAR  w(0) 44300.
	create_child: main@NodeBlock90.i.i.outer (12, 22) FAR 44227 U 0.00
expand: main@NodeBlock90.i.i.outer (12, 0) FAR  w(0) 44227.
	create_child: main@NodeBlock90.i.i (11, 22) FAR 44160 U 0.00
expand: main@NodeBlock90.i.i (11, 0) FAR  w(0) 44160.
	create_child: main@_120 (10, 22) FAR 44417 U 0.00
expand: main@_120 (10, 0) FAR  w(0) 44417.
	create_child: main@NodeBlock90.i.i.outer (9, 22) FAR 44159 U 0.00
expand: main@NodeBlock90.i.i.outer (9, 0) FAR  w(0) 44159.
	create_child: main@NodeBlock90.i.i (8, 22) FAR 44164 U 0.00
expand: main@NodeBlock90.i.i (8, 0) FAR  w(0) 44164.
	create_child: main@_120 (7, 22) FAR 44424 U 0.00
expand: main@_120 (7, 0) FAR  w(0) 44424.
	create_child: main@NodeBlock90.i.i.outer (6, 22) FAR 44374 U 0.00
expand: main@NodeBlock90.i.i.outer (6, 0) FAR  w(0) 44374.
	create_child: main@NodeBlock90.i.i (5, 22) FAR 44330 U 0.00
expand: main@NodeBlock90.i.i (5, 0) FAR  w(0) 44330.
	create_child: main@_112 (4, 22) FAR 64804 U 0.00
expand: main@_112 (4, 0) FAR  w(0) 64804.
	create_child: main@_112!_Cond (3, 22) FAR 64954 U 0.00
expand: main@_112!_Cond (3, 0) FAR  w(0) 64954. F 0.00
expand: main@_112 (4, 0) FAR  w(0) 64804. F 0.00
expand: main@NodeBlock90.i.i (5, 0) FAR  w(0) 44330. F 0.01
expand: main@NodeBlock90.i.i.outer (6, 0) FAR  w(0) 44374. F 0.00
expand: main@_120 (7, 0) FAR  w(0) 44424. F 0.00
expand: main@NodeBlock90.i.i (8, 0) FAR  w(0) 44164. F 0.01
expand: main@NodeBlock90.i.i.outer (9, 0) FAR  w(0) 44159. F 0.00
expand: main@_120 (10, 0) FAR  w(0) 44417. F 0.00
expand: main@NodeBlock90.i.i (11, 0) FAR  w(0) 44160. F 0.01
expand: main@NodeBlock90.i.i.outer (12, 0) FAR  w(0) 44227. F 0.00
expand: main@_120 (13, 0) FAR  w(0) 44300. F 0.00
expand: main@NodeBlock90.i.i (14, 0) FAR  w(0) 44161. F 0.01
expand: main@NodeBlock90.i.i.outer (15, 0) FAR  w(0) 44167. F 0.00
expand: main@_120 (16, 0) FAR  w(0) 44201. F 0.00
expand: main@NodeBlock90.i.i (17, 0) FAR  w(0) 43960. F 0.01
expand: main@NodeBlock90.i.i.outer (18, 0) FAR  w(0) 43888. F 0.00
expand: main@empty.loop (19, 0) FAR  w(0) 43778. F 0.00
expand: main@entry (20, 0) FAR  w(0) 1. F 0.00
expand: main@entry!_BAD (21, 0) FAR  w(0) 1. F 0.00
expand: query!0 (22, 0) FAR  w(0) 1. F 0.00
(spacer::context::check_reachability :time 0.10 :before-memory 32.14 :after-memory 32.99)
Propagating: 3 4 5 6 7 8 9 10 11 12 13 14 15 16 17 18 19 20 21 22  ! 23 24 25 
(spacer::context::propagate :time 0.03 :before-memory 32.99 :after-memory 33.10)
Entering level 23
expand: query!0 (23, 0) FAR  w(0) 1.
	create_child: main@entry!_BAD (22, 23) FAR 1 U 0.00
expand: main@entry!_BAD (22, 0) FAR  w(0) 1.
	create_child: main@entry (21, 23) FAR 1 U 0.00
expand: main@entry (21, 0) FAR  w(0) 1.
	create_child: main@empty.loop (20, 23) FAR 43778 U 0.00
expand: main@empty.loop (20, 0) FAR  w(0) 43778.
	create_child: main@NodeBlock90.i.i.outer (19, 23) FAR 43888 U 0.00
expand: main@NodeBlock90.i.i.outer (19, 0) FAR  w(0) 43888.
	create_child: main@NodeBlock90.i.i (18, 23) FAR 43960 U 0.00
expand: main@NodeBlock90.i.i (18, 0) FAR  w(0) 43960.
	create_child: main@_120 (17, 23) FAR 44201 U 0.00
expand: main@_120 (17, 0) FAR  w(0) 44201.
	create_child: main@NodeBlock90.i.i.outer (16, 23) FAR 44167 U 0.00
expand: main@NodeBlock90.i.i.outer (16, 0) FAR  w(0) 44167.
	create_child: main@NodeBlock90.i.i (15, 23) FAR 44161 U 0.00
expand: main@NodeBlock90.i.i (15, 0) FAR  w(0) 44161.
	create_child: main@_120 (14, 23) FAR 44300 U 0.00
expand: main@_120 (14, 0) FAR  w(0) 44300.
	create_child: main@NodeBlock90.i.i.outer (13, 23) FAR 44227 U 0.00
expand: main@NodeBlock90.i.i.outer (13, 0) FAR  w(0) 44227.
	create_child: main@NodeBlock90.i.i (12, 23) FAR 44160 U 0.00
expand: main@NodeBlock90.i.i (12, 0) FAR  w(0) 44160.
	create_child: main@_120 (11, 23) FAR 44417 U 0.00
expand: main@_120 (11, 0) FAR  w(0) 44417.
	create_child: main@NodeBlock90.i.i.outer (10, 23) FAR 44159 U 0.00
expand: main@NodeBlock90.i.i.outer (10, 0) FAR  w(0) 44159.
	create_child: main@NodeBlock90.i.i (9, 23) FAR 44164 U 0.00
expand: main@NodeBlock90.i.i (9, 0) FAR  w(0) 44164.
	create_child: main@_120 (8, 23) FAR 44424 U 0.00
expand: main@_120 (8, 0) FAR  w(0) 44424.
	create_child: main@NodeBlock90.i.i.outer (7, 23) FAR 44374 U 0.00
expand: main@NodeBlock90.i.i.outer (7, 0) FAR  w(0) 44374.
	create_child: main@NodeBlock90.i.i (6, 23) FAR 44330 U 0.00
expand: main@NodeBlock90.i.i (6, 0) FAR  w(0) 44330.
	create_child: main@_120 (5, 23) FAR 57638 U 0.00
expand: main@_120 (5, 0) FAR  w(0) 57638.
	create_child: main@NodeBlock90.i.i.outer (4, 23) FAR 57567 U 0.00
expand: main@NodeBlock90.i.i.outer (4, 0) FAR  w(0) 57567.
	create_child: main@NodeBlock90.i.i (3, 23) FAR 57662 U 0.00
expand: main@NodeBlock90.i.i (3, 0) FAR  w(0) 57662.
	create_child: main@_120 (2, 23) FAR 68505 U 0.00
expand: main@_120 (2, 0) FAR  w(0) 68505.
	create_child: main@NodeBlock90.i.i.outer (1, 23) FAR 68342 U 0.00
expand: main@NodeBlock90.i.i.outer (1, 0) FAR  w(0) 68342. T 0.00
is-reachable: main@_120 (2, 0) FAR 68505 T 0.00
is-reachable: main@NodeBlock90.i.i (3, 0) FAR 57662 T 0.00
is-reachable: main@NodeBlock90.i.i.outer (4, 0) FAR 57567 T 0.00
is-reachable: main@_120 (5, 0) FAR 57638 T 0.00
is-reachable: main@NodeBlock90.i.i (6, 0) FAR 44330 T 0.00
is-reachable: main@NodeBlock90.i.i.outer (7, 0) FAR 44374 T 0.00
is-reachable: main@_120 (8, 0) FAR 44424 T 0.00
is-reachable: main@NodeBlock90.i.i (9, 0) FAR 44164 T 0.00
is-reachable: main@NodeBlock90.i.i.outer (10, 0) FAR 44159 T 0.00
is-reachable: main@_120 (11, 0) FAR 44417 T 0.00
is-reachable: main@NodeBlock90.i.i (12, 0) FAR 44160 T 0.00
is-reachable: main@NodeBlock90.i.i.outer (13, 0) FAR 44227 T 0.00
is-reachable: main@_120 (14, 0) FAR 44300 T 0.00
is-reachable: main@NodeBlock90.i.i (15, 0) FAR 44161 T 0.00
is-reachable: main@NodeBlock90.i.i.outer (16, 0) FAR 44167 T 0.00
is-reachable: main@_120 (17, 0) FAR 44201 T 0.00
is-reachable: main@NodeBlock90.i.i (18, 0) FAR 43960 T 0.00
is-reachable: main@NodeBlock90.i.i.outer (19, 0) FAR 43888 T 0.00
is-reachable: main@empty.loop (20, 0) FAR 43778 T 0.00
is-reachable: main@entry (21, 0) FAR 1 T 0.00
is-reachable: main@entry!_BAD (22, 0) FAR 1 T 0.00
is-reachable: query!0 (23, 0) FAR 1 T 0.00
(spacer::context::check_reachability :time 0.09 :before-memory 33.10 :after-memory 35.50)
