(transform N7datalog13mk_coi_filterE...no-op 0s)
(transform N7datalog25mk_interp_tail_simplifierE...15 rules 0.011s)
(transform N7datalog27mk_quantifier_instantiationE...no-op 0s)
(transform N7datalog8mk_scaleE...no-op 0s)
(transform N7datalog18mk_karr_invariantsE...no-op 0s)
(transform N7datalog14mk_array_blastE...no-op 0s)
(transform N7datalog16mk_elim_term_iteE...no-op 0s)
(transform N7datalog22mk_subsumption_checkerE...13 rules 0s)
(transform N7datalog12mk_bit_blastE...no-op 0s)
(transform N7datalog15mk_rule_inlinerE...no-op 0s)
(transform N7datalog13mk_coi_filterE...no-op 0s)
(transform N7datalog25mk_interp_tail_simplifierE...13 rules 0.001s)
(transform N7datalog22mk_subsumption_checkerE...no-op 0s)
(transform N7datalog15mk_rule_inlinerE...no-op 0s)
(transform N7datalog13mk_coi_filterE...no-op 0s)
(transform N7datalog25mk_interp_tail_simplifierE...13 rules 0s)
(transform N7datalog22mk_subsumption_checkerE...no-op 0s)
(transform N7datalog15mk_rule_inlinerE...no-op 0s)
(transform N7datalog22mk_subsumption_checkerE...no-op 0s)
(transform N7datalog15mk_rule_inlinerE...no-op 0s)
(transform N7datalog22mk_subsumption_checkerE...no-op 0s)
(transform N7datalog15mk_rule_inlinerE...no-op 0s)
(transform N7datalog22mk_subsumption_checkerE...no-op 0s)
expand: query!0 (0, 0) FAR  w(0) 1. F 0.00
(spacer::context::check_reachability :time 0.00 :before-memory 15.76 :after-memory 15.95)
Entering level 1
expand: query!0 (1, 0) FAR  w(0) 1.
	create_child: main@entry!_BAD (0, 1) FAR 1 U 0.00
expand: main@entry!_BAD (0, 0) FAR  w(0) 1. F 0.00
expand: query!0 (1, 0) FAR  w(0) 1. F 0.00
(spacer::context::check_reachability :time 0.00 :before-memory 15.95 :after-memory 16.15)
Propagating: 0 1  ! 2 
(spacer::context::propagate :time 0.00 :before-memory 16.15 :after-memory 16.15)
Entering level 2
expand: query!0 (2, 0) FAR  w(0) 1.
	create_child: main@entry!_BAD (1, 2) FAR 1 U 0.00
expand: main@entry!_BAD (1, 0) FAR  w(0) 1.
	create_child: main@entry (0, 2) FAR 1 U 0.00
expand: main@entry (0, 0) FAR  w(0) 1. F 0.00
expand: main@entry!_BAD (1, 0) FAR  w(0) 1. F 0.00
expand: query!0 (2, 0) FAR  w(0) 1. F 0.00
(spacer::context::check_reachability :time 0.00 :before-memory 16.15 :after-memory 16.46)
Propagating: 0 1 2  ! 3 
(spacer::context::propagate :time 0.00 :before-memory 16.46 :after-memory 16.55)
Entering level 3
expand: query!0 (3, 0) FAR  w(0) 1.
	create_child: main@entry!_BAD (2, 3) FAR 1 U 0.00
expand: main@entry!_BAD (2, 0) FAR  w(0) 1.
	create_child: main@entry (1, 3) FAR 1 U 0.00
expand: main@entry (1, 0) FAR  w(0) 1.
	create_child: main@empty.loop (0, 3) FAR 10759 U 0.00
expand: main@empty.loop (0, 0) FAR  w(0) 10759. F 0.00
expand: main@entry (1, 0) FAR  w(0) 1. F 0.00
expand: main@entry!_BAD (2, 0) FAR  w(0) 1. F 0.00
expand: query!0 (3, 0) FAR  w(0) 1. F 0.00
(spacer::context::check_reachability :time 0.00 :before-memory 16.55 :after-memory 16.96)
Propagating: 0 1 2 3  ! 4 
(spacer::context::propagate :time 0.00 :before-memory 16.96 :after-memory 16.96)
Entering level 4
expand: query!0 (4, 0) FAR  w(0) 1.
	create_child: main@entry!_BAD (3, 4) FAR 1 U 0.00
expand: main@entry!_BAD (3, 0) FAR  w(0) 1.
	create_child: main@entry (2, 4) FAR 1 U 0.00
expand: main@entry (2, 0) FAR  w(0) 1.
	create_child: main@empty.loop (1, 4) FAR 10759 U 0.00
expand: main@empty.loop (1, 0) FAR  w(0) 10759.
	create_child: main@NodeBlock88.i.i.outer (0, 4) FAR 11437 U 0.00
expand: main@NodeBlock88.i.i.outer (0, 0) FAR  w(0) 11437. F 0.00
expand: main@empty.loop (1, 0) FAR  w(0) 10759. F 0.00
expand: main@entry (2, 0) FAR  w(0) 1. F 0.00
expand: main@entry!_BAD (3, 0) FAR  w(0) 1. F 0.00
expand: query!0 (4, 0) FAR  w(0) 1. F 0.00
(spacer::context::check_reachability :time 0.00 :before-memory 16.96 :after-memory 17.46)
Propagating: 0 1 2 3 4  ! 5 
(spacer::context::propagate :time 0.00 :before-memory 17.46 :after-memory 17.46)
Entering level 5
expand: query!0 (5, 0) FAR  w(0) 1.
	create_child: main@entry!_BAD (4, 5) FAR 1 U 0.00
expand: main@entry!_BAD (4, 0) FAR  w(0) 1.
	create_child: main@entry (3, 5) FAR 1 U 0.00
expand: main@entry (3, 0) FAR  w(0) 1.
	create_child: main@empty.loop (2, 5) FAR 10759 U 0.00
expand: main@empty.loop (2, 0) FAR  w(0) 10759.
	create_child: main@NodeBlock88.i.i.outer (1, 5) FAR 11437 U 0.00
expand: main@NodeBlock88.i.i.outer (1, 0) FAR  w(0) 11437.
	create_child: main@NodeBlock88.i.i (0, 5) FAR 12820 U 0.00
expand: main@NodeBlock88.i.i (0, 0) FAR  w(0) 12820. F 0.01
expand: main@NodeBlock88.i.i.outer (1, 0) FAR  w(0) 11437. F 0.00
expand: main@empty.loop (2, 0) FAR  w(0) 10759. F 0.00
expand: main@entry (3, 0) FAR  w(0) 1. F 0.00
expand: main@entry!_BAD (4, 0) FAR  w(0) 1. F 0.00
expand: query!0 (5, 0) FAR  w(0) 1. F 0.00
(spacer::context::check_reachability :time 0.02 :before-memory 17.46 :after-memory 20.21)
Propagating: 0 1 2 3 4 5  ! 6 
(spacer::context::propagate :time 0.00 :before-memory 20.21 :after-memory 20.31)
Entering level 6
expand: query!0 (6, 0) FAR  w(0) 1.
	create_child: main@entry!_BAD (5, 6) FAR 1 U 0.00
expand: main@entry!_BAD (5, 0) FAR  w(0) 1.
	create_child: main@entry (4, 6) FAR 1 U 0.00
expand: main@entry (4, 0) FAR  w(0) 1.
	create_child: main@empty.loop (3, 6) FAR 10759 U 0.00
expand: main@empty.loop (3, 0) FAR  w(0) 10759.
	create_child: main@NodeBlock88.i.i.outer (2, 6) FAR 11437 U 0.00
expand: main@NodeBlock88.i.i.outer (2, 0) FAR  w(0) 11437.
	create_child: main@NodeBlock88.i.i (1, 6) FAR 12820 U 0.00
expand: main@NodeBlock88.i.i (1, 0) FAR  w(0) 12820. F 0.01
expand: main@NodeBlock88.i.i.outer (2, 0) FAR  w(0) 11437. F 0.00
expand: main@empty.loop (3, 0) FAR  w(0) 10759. F 0.00
expand: main@entry (4, 0) FAR  w(0) 1.
	create_child: main@empty.loop (3, 6) FAR 23103 U 0.00
expand: main@empty.loop (3, 0) FAR  w(0) 23103.
	create_child: main@NodeBlock88.i.i.outer (2, 6) FAR 23172 U 0.00
expand: main@NodeBlock88.i.i.outer (2, 0) FAR  w(0) 23172.
	create_child: main@NodeBlock88.i.i (1, 6) FAR 23208 U 0.00
expand: main@NodeBlock88.i.i (1, 0) FAR  w(0) 23208.
	create_child: main@_117 (0, 6) FAR 23486 U 0.00
expand: main@_117 (0, 0) FAR  w(0) 23486. F 0.00
expand: main@NodeBlock88.i.i (1, 0) FAR  w(0) 23208. F 0.01
expand: main@NodeBlock88.i.i.outer (2, 0) FAR  w(0) 23172. F 0.00
expand: main@empty.loop (3, 0) FAR  w(0) 23103. F 0.00
expand: main@entry (4, 0) FAR  w(0) 1. F 0.00
expand: main@entry!_BAD (5, 0) FAR  w(0) 1. F 0.00
expand: query!0 (6, 0) FAR  w(0) 1. F 0.00
(spacer::context::check_reachability :time 0.04 :before-memory 20.31 :after-memory 21.97)
Propagating: 0 1 2 3 4 5 6  ! 7 8 
(spacer::context::propagate :time 0.00 :before-memory 21.97 :after-memory 21.97)
Entering level 7
expand: query!0 (7, 0) FAR  w(0) 1. F 0.00
(spacer::context::check_reachability :time 0.00 :before-memory 21.97 :after-memory 22.06)
Propagating: 7  ! 8 
(spacer::context::propagate :time 0.00 :before-memory 22.06 :after-memory 22.06)
Entering level 8
expand: query!0 (8, 0) FAR  w(0) 1.
	create_child: main@entry!_BAD (7, 8) FAR 1 U 0.00
expand: main@entry!_BAD (7, 0) FAR  w(0) 1.
	create_child: main@entry (6, 8) FAR 1 U 0.00
expand: main@entry (6, 0) FAR  w(0) 1.
	create_child: main@empty.loop (5, 8) FAR 23103 U 0.00
expand: main@empty.loop (5, 0) FAR  w(0) 23103.
	create_child: main@NodeBlock88.i.i.outer (4, 8) FAR 23172 U 0.00
expand: main@NodeBlock88.i.i.outer (4, 0) FAR  w(0) 23172.
	create_child: main@NodeBlock88.i.i (3, 8) FAR 23208 U 0.00
expand: main@NodeBlock88.i.i (3, 0) FAR  w(0) 23208.
	create_child: main@_117 (2, 8) FAR 23486 U 0.00
expand: main@_117 (2, 0) FAR  w(0) 23486. F 0.00
expand: main@NodeBlock88.i.i (3, 0) FAR  w(0) 23208. F 0.01
expand: main@NodeBlock88.i.i.outer (4, 0) FAR  w(0) 23172. F 0.00
expand: main@empty.loop (5, 0) FAR  w(0) 23103. F 0.00
expand: main@entry (6, 0) FAR  w(0) 1. F 0.00
expand: main@entry!_BAD (7, 0) FAR  w(0) 1. F 0.00
expand: query!0 (8, 0) FAR  w(0) 1. F 0.00
(spacer::context::check_reachability :time 0.02 :before-memory 22.06 :after-memory 22.27)
Propagating: 2 3 4 5 6 7 8  ! 9 
(spacer::context::propagate :time 0.00 :before-memory 22.27 :after-memory 22.18)
Entering level 9
expand: query!0 (9, 0) FAR  w(0) 1.
	create_child: main@entry!_BAD (8, 9) FAR 1 U 0.00
expand: main@entry!_BAD (8, 0) FAR  w(0) 1.
	create_child: main@entry (7, 9) FAR 1 U 0.00
expand: main@entry (7, 0) FAR  w(0) 1.
	create_child: main@empty.loop (6, 9) FAR 23103 U 0.00
expand: main@empty.loop (6, 0) FAR  w(0) 23103.
	create_child: main@NodeBlock88.i.i.outer (5, 9) FAR 23172 U 0.00
expand: main@NodeBlock88.i.i.outer (5, 0) FAR  w(0) 23172.
	create_child: main@NodeBlock88.i.i (4, 9) FAR 23208 U 0.00
expand: main@NodeBlock88.i.i (4, 0) FAR  w(0) 23208.
	create_child: main@_117 (3, 9) FAR 23486 U 0.00
expand: main@_117 (3, 0) FAR  w(0) 23486.
	create_child: main@NodeBlock88.i.i.outer (2, 9) FAR 27225 U 0.00
expand: main@NodeBlock88.i.i.outer (2, 0) FAR  w(0) 27225.
	create_child: main@NodeBlock88.i.i (1, 9) FAR 27200 U 0.00
expand: main@NodeBlock88.i.i (1, 0) FAR  w(0) 27200.
	create_child: main@_103 (0, 9) FAR 27160 U 0.00
expand: main@_103 (0, 0) FAR  w(0) 27160. F 0.00
expand: main@NodeBlock88.i.i (1, 0) FAR  w(0) 27200. F 0.00
expand: main@NodeBlock88.i.i.outer (2, 0) FAR  w(0) 27225. F 0.00
expand: main@_117 (3, 0) FAR  w(0) 23486. F 0.00
expand: main@NodeBlock88.i.i (4, 0) FAR  w(0) 23208. F 0.01
expand: main@NodeBlock88.i.i.outer (5, 0) FAR  w(0) 23172. F 0.00
expand: main@empty.loop (6, 0) FAR  w(0) 23103. F 0.00
expand: main@entry (7, 0) FAR  w(0) 1. F 0.00
expand: main@entry!_BAD (8, 0) FAR  w(0) 1. F 0.00
expand: query!0 (9, 0) FAR  w(0) 1. F 0.00
(spacer::context::check_reachability :time 0.04 :before-memory 22.18 :after-memory 23.39)
Propagating: 0 1 2 3 4 5 6 7 8 9  ! 10 
(spacer::context::propagate :time 0.00 :before-memory 23.39 :after-memory 23.39)
Entering level 10
expand: query!0 (10, 0) FAR  w(0) 1.
	create_child: main@entry!_BAD (9, 10) FAR 1 U 0.00
expand: main@entry!_BAD (9, 0) FAR  w(0) 1.
	create_child: main@entry (8, 10) FAR 1 U 0.00
expand: main@entry (8, 0) FAR  w(0) 1.
	create_child: main@empty.loop (7, 10) FAR 23103 U 0.00
expand: main@empty.loop (7, 0) FAR  w(0) 23103.
	create_child: main@NodeBlock88.i.i.outer (6, 10) FAR 23172 U 0.00
expand: main@NodeBlock88.i.i.outer (6, 0) FAR  w(0) 23172.
	create_child: main@NodeBlock88.i.i (5, 10) FAR 23208 U 0.00
expand: main@NodeBlock88.i.i (5, 0) FAR  w(0) 23208.
	create_child: main@_117 (4, 10) FAR 23486 U 0.00
expand: main@_117 (4, 0) FAR  w(0) 23486.
	create_child: main@NodeBlock88.i.i.outer (3, 10) FAR 27225 U 0.00
expand: main@NodeBlock88.i.i.outer (3, 0) FAR  w(0) 27225.
	create_child: main@NodeBlock88.i.i (2, 10) FAR 27200 U 0.00
expand: main@NodeBlock88.i.i (2, 0) FAR  w(0) 27200.
	create_child: main@_103 (1, 10) FAR 27160 U 0.00
expand: main@_103 (1, 0) FAR  w(0) 27160.
	create_child: main@_103!_Cond (0, 10) FAR 27215 U 0.00
expand: main@_103!_Cond (0, 0) FAR  w(0) 27215. F 0.00
expand: main@_103 (1, 0) FAR  w(0) 27160. F 0.00
expand: main@NodeBlock88.i.i (2, 0) FAR  w(0) 27200. F 0.00
expand: main@NodeBlock88.i.i.outer (3, 0) FAR  w(0) 27225. F 0.00
expand: main@_117 (4, 0) FAR  w(0) 23486. F 0.00
expand: main@NodeBlock88.i.i (5, 0) FAR  w(0) 23208. F 0.01
expand: main@NodeBlock88.i.i.outer (6, 0) FAR  w(0) 23172. F 0.00
expand: main@empty.loop (7, 0) FAR  w(0) 23103. F 0.00
expand: main@entry (8, 0) FAR  w(0) 1. F 0.00
expand: main@entry!_BAD (9, 0) FAR  w(0) 1. F 0.00
expand: query!0 (10, 0) FAR  w(0) 1. F 0.00
(spacer::context::check_reachability :time 0.04 :before-memory 23.39 :after-memory 24.43)
Propagating: 0 1 2 3 4 5 6 7 8 9 10  ! 11 
(spacer::context::propagate :time 0.00 :before-memory 24.43 :after-memory 24.43)
Entering level 11
expand: query!0 (11, 0) FAR  w(0) 1.
	create_child: main@entry!_BAD (10, 11) FAR 1 U 0.00
expand: main@entry!_BAD (10, 0) FAR  w(0) 1.
	create_child: main@entry (9, 11) FAR 1 U 0.00
expand: main@entry (9, 0) FAR  w(0) 1.
	create_child: main@empty.loop (8, 11) FAR 23103 U 0.00
expand: main@empty.loop (8, 0) FAR  w(0) 23103.
	create_child: main@NodeBlock88.i.i.outer (7, 11) FAR 23172 U 0.00
expand: main@NodeBlock88.i.i.outer (7, 0) FAR  w(0) 23172.
	create_child: main@NodeBlock88.i.i (6, 11) FAR 23208 U 0.00
expand: main@NodeBlock88.i.i (6, 0) FAR  w(0) 23208.
	create_child: main@_117 (5, 11) FAR 23486 U 0.00
expand: main@_117 (5, 0) FAR  w(0) 23486.
	create_child: main@NodeBlock88.i.i.outer (4, 11) FAR 27225 U 0.00
expand: main@NodeBlock88.i.i.outer (4, 0) FAR  w(0) 27225.
	create_child: main@NodeBlock88.i.i (3, 11) FAR 27200 U 0.00
expand: main@NodeBlock88.i.i (3, 0) FAR  w(0) 27200.
	create_child: main@_117 (2, 11) FAR 31491 U 0.00
expand: main@_117 (2, 0) FAR  w(0) 31491.
	create_child: main@NodeBlock88.i.i.outer (1, 11) FAR 31489 U 0.00
expand: main@NodeBlock88.i.i.outer (1, 0) FAR  w(0) 31489.
	create_child: main@NodeBlock88.i.i (0, 11) FAR 31579 U 0.00
expand: main@NodeBlock88.i.i (0, 0) FAR  w(0) 31579. F 0.00
expand: main@NodeBlock88.i.i.outer (1, 0) FAR  w(0) 31489. F 0.00
expand: main@_117 (2, 0) FAR  w(0) 31491. F 0.00
expand: main@NodeBlock88.i.i (3, 0) FAR  w(0) 27200. F 0.01
expand: main@NodeBlock88.i.i.outer (4, 0) FAR  w(0) 27225. F 0.00
expand: main@_117 (5, 0) FAR  w(0) 23486. F 0.00
expand: main@NodeBlock88.i.i (6, 0) FAR  w(0) 23208. F 0.01
expand: main@NodeBlock88.i.i.outer (7, 0) FAR  w(0) 23172. F 0.00
expand: main@empty.loop (8, 0) FAR  w(0) 23103. F 0.00
expand: main@entry (9, 0) FAR  w(0) 1. F 0.00
expand: main@entry!_BAD (10, 0) FAR  w(0) 1. F 0.00
expand: query!0 (11, 0) FAR  w(0) 1. F 0.00
(spacer::context::check_reachability :time 0.04 :before-memory 24.43 :after-memory 24.87)
Propagating: 0 1 2 3 4 5 6 7 8 9 10 11  ! 12 13 
(spacer::context::propagate :time 0.01 :before-memory 24.87 :after-memory 24.97)
Entering level 12
expand: query!0 (12, 0) FAR  w(0) 1. F 0.00
(spacer::context::check_reachability :time 0.00 :before-memory 24.97 :after-memory 24.97)
Propagating: 12  ! 13 
(spacer::context::propagate :time 0.00 :before-memory 24.97 :after-memory 24.97)
Entering level 13
expand: query!0 (13, 0) FAR  w(0) 1.
	create_child: main@entry!_BAD (12, 13) FAR 1 U 0.00
expand: main@entry!_BAD (12, 0) FAR  w(0) 1.
	create_child: main@entry (11, 13) FAR 1 U 0.00
expand: main@entry (11, 0) FAR  w(0) 1.
	create_child: main@empty.loop (10, 13) FAR 23103 U 0.00
expand: main@empty.loop (10, 0) FAR  w(0) 23103.
	create_child: main@NodeBlock88.i.i.outer (9, 13) FAR 23172 U 0.00
expand: main@NodeBlock88.i.i.outer (9, 0) FAR  w(0) 23172.
	create_child: main@NodeBlock88.i.i (8, 13) FAR 23208 U 0.00
expand: main@NodeBlock88.i.i (8, 0) FAR  w(0) 23208.
	create_child: main@_117 (7, 13) FAR 23486 U 0.00
expand: main@_117 (7, 0) FAR  w(0) 23486.
	create_child: main@NodeBlock88.i.i.outer (6, 13) FAR 27225 U 0.00
expand: main@NodeBlock88.i.i.outer (6, 0) FAR  w(0) 27225.
	create_child: main@NodeBlock88.i.i (5, 13) FAR 27200 U 0.00
expand: main@NodeBlock88.i.i (5, 0) FAR  w(0) 27200.
	create_child: main@_103 (4, 13) FAR 27160 U 0.00
expand: main@_103 (4, 0) FAR  w(0) 27160.
	create_child: main@_103!_Cond (3, 13) FAR 27215 U 0.00
expand: main@_103!_Cond (3, 0) FAR  w(0) 27215. F 0.00
expand: main@_103 (4, 0) FAR  w(0) 27160. F 0.00
expand: main@NodeBlock88.i.i (5, 0) FAR  w(0) 27200. F 0.01
expand: main@NodeBlock88.i.i.outer (6, 0) FAR  w(0) 27225. F 0.00
expand: main@_117 (7, 0) FAR  w(0) 23486. F 0.00
expand: main@NodeBlock88.i.i (8, 0) FAR  w(0) 23208. F 0.01
expand: main@NodeBlock88.i.i.outer (9, 0) FAR  w(0) 23172. F 0.00
expand: main@empty.loop (10, 0) FAR  w(0) 23103. F 0.00
expand: main@entry (11, 0) FAR  w(0) 1. F 0.00
expand: main@entry!_BAD (12, 0) FAR  w(0) 1. F 0.00
expand: query!0 (13, 0) FAR  w(0) 1. F 0.00
(spacer::context::check_reachability :time 0.04 :before-memory 24.97 :after-memory 25.26)
Propagating: 3 4 5 6 7 8 9 10 11 12 13  ! 14 
(spacer::context::propagate :time 0.01 :before-memory 25.26 :after-memory 25.26)
Entering level 14
expand: query!0 (14, 0) FAR  w(0) 1.
	create_child: main@entry!_BAD (13, 14) FAR 1 U 0.00
expand: main@entry!_BAD (13, 0) FAR  w(0) 1.
	create_child: main@entry (12, 14) FAR 1 U 0.00
expand: main@entry (12, 0) FAR  w(0) 1.
	create_child: main@empty.loop (11, 14) FAR 23103 U 0.00
expand: main@empty.loop (11, 0) FAR  w(0) 23103.
	create_child: main@NodeBlock88.i.i.outer (10, 14) FAR 23172 U 0.00
expand: main@NodeBlock88.i.i.outer (10, 0) FAR  w(0) 23172.
	create_child: main@NodeBlock88.i.i (9, 14) FAR 23208 U 0.00
expand: main@NodeBlock88.i.i (9, 0) FAR  w(0) 23208.
	create_child: main@_117 (8, 14) FAR 23486 U 0.00
expand: main@_117 (8, 0) FAR  w(0) 23486.
	create_child: main@NodeBlock88.i.i.outer (7, 14) FAR 27225 U 0.00
expand: main@NodeBlock88.i.i.outer (7, 0) FAR  w(0) 27225.
	create_child: main@NodeBlock88.i.i (6, 14) FAR 27200 U 0.01
expand: main@NodeBlock88.i.i (6, 0) FAR  w(0) 27200.
	create_child: main@_117 (5, 14) FAR 31491 U 0.00
expand: main@_117 (5, 0) FAR  w(0) 31491.
	create_child: main@NodeBlock88.i.i.outer (4, 14) FAR 31489 U 0.00
expand: main@NodeBlock88.i.i.outer (4, 0) FAR  w(0) 31489.
	create_child: main@NodeBlock88.i.i (3, 14) FAR 31579 U 0.00
expand: main@NodeBlock88.i.i (3, 0) FAR  w(0) 31579.
	create_child: main@_117 (2, 14) FAR 36724 U 0.00
expand: main@_117 (2, 0) FAR  w(0) 36724.
	create_child: main@NodeBlock88.i.i.outer (1, 14) FAR 36838 U 0.00
expand: main@NodeBlock88.i.i.outer (1, 0) FAR  w(0) 36838.
	create_child: main@NodeBlock88.i.i (0, 14) FAR 36745 U 0.00
expand: main@NodeBlock88.i.i (0, 0) FAR  w(0) 36745. F 0.00
expand: main@NodeBlock88.i.i.outer (1, 0) FAR  w(0) 36838. F 0.00
expand: main@_117 (2, 0) FAR  w(0) 36724. F 0.00
expand: main@NodeBlock88.i.i (3, 0) FAR  w(0) 31579. F 0.01
expand: main@NodeBlock88.i.i.outer (4, 0) FAR  w(0) 31489. F 0.00
expand: main@_117 (5, 0) FAR  w(0) 31491. F 0.00
expand: main@NodeBlock88.i.i (6, 0) FAR  w(0) 27200. F 0.01
expand: main@NodeBlock88.i.i.outer (7, 0) FAR  w(0) 27225. F 0.00
expand: main@_117 (8, 0) FAR  w(0) 23486. F 0.00
expand: main@NodeBlock88.i.i (9, 0) FAR  w(0) 23208. F 0.01
expand: main@NodeBlock88.i.i.outer (10, 0) FAR  w(0) 23172. F 0.00
expand: main@empty.loop (11, 0) FAR  w(0) 23103. F 0.00
expand: main@entry (12, 0) FAR  w(0) 1. F 0.00
expand: main@entry!_BAD (13, 0) FAR  w(0) 1. F 0.00
expand: query!0 (14, 0) FAR  w(0) 1. F 0.00
(spacer::context::check_reachability :time 0.07 :before-memory 25.26 :after-memory 25.56)
Propagating: 0 1 2 3 4 5 6 7 8 9 10 11 12 13 14  ! 15 16 
(spacer::context::propagate :time 0.03 :before-memory 25.56 :after-memory 25.65)
Entering level 15
expand: query!0 (15, 0) FAR  w(0) 1. F 0.00
(spacer::context::check_reachability :time 0.00 :before-memory 25.65 :after-memory 25.75)
Propagating: 15  ! 16 
(spacer::context::propagate :time 0.00 :before-memory 25.75 :after-memory 25.75)
Entering level 16
expand: query!0 (16, 0) FAR  w(0) 1.
	create_child: main@entry!_BAD (15, 16) FAR 1 U 0.00
expand: main@entry!_BAD (15, 0) FAR  w(0) 1.
	create_child: main@entry (14, 16) FAR 1 U 0.00
expand: main@entry (14, 0) FAR  w(0) 1.
	create_child: main@empty.loop (13, 16) FAR 23103 U 0.00
expand: main@empty.loop (13, 0) FAR  w(0) 23103.
	create_child: main@NodeBlock88.i.i.outer (12, 16) FAR 23172 U 0.00
expand: main@NodeBlock88.i.i.outer (12, 0) FAR  w(0) 23172.
	create_child: main@NodeBlock88.i.i (11, 16) FAR 23208 U 0.00
expand: main@NodeBlock88.i.i (11, 0) FAR  w(0) 23208.
	create_child: main@_117 (10, 16) FAR 23486 U 0.00
expand: main@_117 (10, 0) FAR  w(0) 23486.
	create_child: main@NodeBlock88.i.i.outer (9, 16) FAR 27225 U 0.00
expand: main@NodeBlock88.i.i.outer (9, 0) FAR  w(0) 27225.
	create_child: main@NodeBlock88.i.i (8, 16) FAR 27200 U 0.00
expand: main@NodeBlock88.i.i (8, 0) FAR  w(0) 27200.
	create_child: main@_117 (7, 16) FAR 31491 U 0.00
expand: main@_117 (7, 0) FAR  w(0) 31491.
	create_child: main@NodeBlock88.i.i.outer (6, 16) FAR 31489 U 0.00
expand: main@NodeBlock88.i.i.outer (6, 0) FAR  w(0) 31489.
	create_child: main@NodeBlock88.i.i (5, 16) FAR 31579 U 0.00
expand: main@NodeBlock88.i.i (5, 0) FAR  w(0) 31579.
	create_child: main@_103 (4, 16) FAR 39234 U 0.00
expand: main@_103 (4, 0) FAR  w(0) 39234.
	create_child: main@_103!_Cond (3, 16) FAR 40190 U 0.00
expand: main@_103!_Cond (3, 0) FAR  w(0) 40190. F 0.00
expand: main@_103 (4, 0) FAR  w(0) 39234. F 0.00
expand: main@NodeBlock88.i.i (5, 0) FAR  w(0) 31579. F 0.01
expand: main@NodeBlock88.i.i.outer (6, 0) FAR  w(0) 31489. F 0.00
expand: main@_117 (7, 0) FAR  w(0) 31491. F 0.00
expand: main@NodeBlock88.i.i (8, 0) FAR  w(0) 27200. F 0.01
expand: main@NodeBlock88.i.i.outer (9, 0) FAR  w(0) 27225. F 0.00
expand: main@_117 (10, 0) FAR  w(0) 23486. F 0.00
expand: main@NodeBlock88.i.i (11, 0) FAR  w(0) 23208. F 0.01
expand: main@NodeBlock88.i.i.outer (12, 0) FAR  w(0) 23172. F 0.00
expand: main@empty.loop (13, 0) FAR  w(0) 23103. F 0.00
expand: main@entry (14, 0) FAR  w(0) 1. F 0.00
expand: main@entry!_BAD (15, 0) FAR  w(0) 1. F 0.00
expand: query!0 (16, 0) FAR  w(0) 1. F 0.00
(spacer::context::check_reachability :time 0.05 :before-memory 25.75 :after-memory 25.82)
Propagating: 3 4 5 6 7 8 9 10 11 12 13 14 15 16  ! 17 
(spacer::context::propagate :time 0.01 :before-memory 25.82 :after-memory 26.36)
Entering level 17
expand: query!0 (17, 0) FAR  w(0) 1.
	create_child: main@entry!_BAD (16, 17) FAR 1 U 0.00
expand: main@entry!_BAD (16, 0) FAR  w(0) 1.
	create_child: main@entry (15, 17) FAR 1 U 0.00
expand: main@entry (15, 0) FAR  w(0) 1.
	create_child: main@empty.loop (14, 17) FAR 23103 U 0.00
expand: main@empty.loop (14, 0) FAR  w(0) 23103.
	create_child: main@NodeBlock88.i.i.outer (13, 17) FAR 23172 U 0.00
expand: main@NodeBlock88.i.i.outer (13, 0) FAR  w(0) 23172.
	create_child: main@NodeBlock88.i.i (12, 17) FAR 23208 U 0.00
expand: main@NodeBlock88.i.i (12, 0) FAR  w(0) 23208.
	create_child: main@_117 (11, 17) FAR 23486 U 0.00
expand: main@_117 (11, 0) FAR  w(0) 23486.
	create_child: main@NodeBlock88.i.i.outer (10, 17) FAR 27225 U 0.00
expand: main@NodeBlock88.i.i.outer (10, 0) FAR  w(0) 27225.
	create_child: main@NodeBlock88.i.i (9, 17) FAR 27200 U 0.00
expand: main@NodeBlock88.i.i (9, 0) FAR  w(0) 27200.
	create_child: main@_117 (8, 17) FAR 31491 U 0.00
expand: main@_117 (8, 0) FAR  w(0) 31491.
	create_child: main@NodeBlock88.i.i.outer (7, 17) FAR 31489 U 0.00
expand: main@NodeBlock88.i.i.outer (7, 0) FAR  w(0) 31489.
	create_child: main@NodeBlock88.i.i (6, 17) FAR 31579 U 0.00
expand: main@NodeBlock88.i.i (6, 0) FAR  w(0) 31579.
	create_child: main@_117 (5, 17) FAR 36724 U 0.00
expand: main@_117 (5, 0) FAR  w(0) 36724.
	create_child: main@NodeBlock88.i.i.outer (4, 17) FAR 36838 U 0.00
expand: main@NodeBlock88.i.i.outer (4, 0) FAR  w(0) 36838.
	create_child: main@NodeBlock88.i.i (3, 17) FAR 36745 U 0.00
expand: main@NodeBlock88.i.i (3, 0) FAR  w(0) 36745. F 0.01
expand: main@NodeBlock88.i.i.outer (4, 0) FAR  w(0) 36838. F 0.00
expand: main@_117 (5, 0) FAR  w(0) 36724. F 0.00
expand: main@NodeBlock88.i.i (6, 0) FAR  w(0) 31579. F 0.01
expand: main@NodeBlock88.i.i.outer (7, 0) FAR  w(0) 31489. F 0.00
expand: main@_117 (8, 0) FAR  w(0) 31491. F 0.00
expand: main@NodeBlock88.i.i (9, 0) FAR  w(0) 27200. F 0.01
expand: main@NodeBlock88.i.i.outer (10, 0) FAR  w(0) 27225. F 0.00
expand: main@_117 (11, 0) FAR  w(0) 23486. F 0.00
expand: main@NodeBlock88.i.i (12, 0) FAR  w(0) 23208. F 0.01
expand: main@NodeBlock88.i.i.outer (13, 0) FAR  w(0) 23172. F 0.00
expand: main@empty.loop (14, 0) FAR  w(0) 23103. F 0.00
expand: main@entry (15, 0) FAR  w(0) 1.
	create_child: main@empty.loop (14, 17) FAR 44966 U 0.00
expand: main@empty.loop (14, 0) FAR  w(0) 44966.
	create_child: main@NodeBlock88.i.i.outer (13, 17) FAR 45043 U 0.00
expand: main@NodeBlock88.i.i.outer (13, 0) FAR  w(0) 45043.
	create_child: main@NodeBlock88.i.i (12, 17) FAR 45111 U 0.00
expand: main@NodeBlock88.i.i (12, 0) FAR  w(0) 45111.
	create_child: main@_117 (11, 17) FAR 45320 U 0.00
expand: main@_117 (11, 0) FAR  w(0) 45320.
	create_child: main@NodeBlock88.i.i.outer (10, 17) FAR 45277 U 0.00
expand: main@NodeBlock88.i.i.outer (10, 0) FAR  w(0) 45277.
	create_child: main@NodeBlock88.i.i (9, 17) FAR 45280 U 0.00
expand: main@NodeBlock88.i.i (9, 0) FAR  w(0) 45280.
	create_child: main@_117 (8, 17) FAR 45435 U 0.00
expand: main@_117 (8, 0) FAR  w(0) 45435.
	create_child: main@NodeBlock88.i.i.outer (7, 17) FAR 45507 U 0.00
expand: main@NodeBlock88.i.i.outer (7, 0) FAR  w(0) 45507.
	create_child: main@NodeBlock88.i.i (6, 17) FAR 45502 U 0.00
expand: main@NodeBlock88.i.i (6, 0) FAR  w(0) 45502.
	create_child: main@_117 (5, 17) FAR 45472 U 0.00
expand: main@_117 (5, 0) FAR  w(0) 45472.
	create_child: main@NodeBlock88.i.i.outer (4, 17) FAR 45284 U 0.00
expand: main@NodeBlock88.i.i.outer (4, 0) FAR  w(0) 45284.
	create_child: main@NodeBlock88.i.i (3, 17) FAR 45543 U 0.00
expand: main@NodeBlock88.i.i (3, 0) FAR  w(0) 45543.
	create_child: main@_117 (2, 17) FAR 45475 U 0.00
expand: main@_117 (2, 0) FAR  w(0) 45475.
	create_child: main@NodeBlock88.i.i.outer (1, 17) FAR 45397 U 0.00
expand: main@NodeBlock88.i.i.outer (1, 0) FAR  w(0) 45397.
	create_child: main@NodeBlock88.i.i (0, 17) FAR 45263 U 0.00
expand: main@NodeBlock88.i.i (0, 0) FAR  w(0) 45263. F 0.00
expand: main@NodeBlock88.i.i.outer (1, 0) FAR  w(0) 45397. F 0.00
expand: main@_117 (2, 0) FAR  w(0) 45475. F 0.00
expand: main@NodeBlock88.i.i (3, 0) FAR  w(0) 45543. F 0.01
expand: main@NodeBlock88.i.i.outer (4, 0) FAR  w(0) 45284. F 0.00
expand: main@_117 (5, 0) FAR  w(0) 45472. F 0.00
expand: main@NodeBlock88.i.i (6, 0) FAR  w(0) 45502. F 0.01
expand: main@NodeBlock88.i.i.outer (7, 0) FAR  w(0) 45507. F 0.00
expand: main@_117 (8, 0) FAR  w(0) 45435. F 0.00
expand: main@NodeBlock88.i.i (9, 0) FAR  w(0) 45280. F 0.01
expand: main@NodeBlock88.i.i.outer (10, 0) FAR  w(0) 45277. F 0.00
expand: main@_117 (11, 0) FAR  w(0) 45320. F 0.00
expand: main@NodeBlock88.i.i (12, 0) FAR  w(0) 45111. F 0.01
expand: main@NodeBlock88.i.i.outer (13, 0) FAR  w(0) 45043. F 0.00
expand: main@empty.loop (14, 0) FAR  w(0) 44966. F 0.00
expand: main@entry (15, 0) FAR  w(0) 1. F 0.00
expand: main@entry!_BAD (16, 0) FAR  w(0) 1. F 0.00
expand: query!0 (17, 0) FAR  w(0) 1. F 0.00
(spacer::context::check_reachability :time 0.15 :before-memory 26.36 :after-memory 27.54)
Propagating: 0 1 2 3 4 5 6 7 8 9 10 11 12 13 14 15 16 17  ! 18 19 
(spacer::context::propagate :time 0.04 :before-memory 27.54 :after-memory 29.14)
Entering level 18
expand: query!0 (18, 0) FAR  w(0) 1. F 0.00
(spacer::context::check_reachability :time 0.00 :before-memory 29.14 :after-memory 29.14)
Propagating: 18  ! 19 
(spacer::context::propagate :time 0.00 :before-memory 29.14 :after-memory 29.14)
Entering level 19
expand: query!0 (19, 0) FAR  w(0) 1.
	create_child: main@entry!_BAD (18, 19) FAR 1 U 0.00
expand: main@entry!_BAD (18, 0) FAR  w(0) 1.
	create_child: main@entry (17, 19) FAR 1 U 0.00
expand: main@entry (17, 0) FAR  w(0) 1.
	create_child: main@empty.loop (16, 19) FAR 44966 U 0.00
expand: main@empty.loop (16, 0) FAR  w(0) 44966.
	create_child: main@NodeBlock88.i.i.outer (15, 19) FAR 45043 U 0.00
expand: main@NodeBlock88.i.i.outer (15, 0) FAR  w(0) 45043.
	create_child: main@NodeBlock88.i.i (14, 19) FAR 45111 U 0.00
expand: main@NodeBlock88.i.i (14, 0) FAR  w(0) 45111.
	create_child: main@_117 (13, 19) FAR 45320 U 0.00
expand: main@_117 (13, 0) FAR  w(0) 45320.
	create_child: main@NodeBlock88.i.i.outer (12, 19) FAR 45277 U 0.00
expand: main@NodeBlock88.i.i.outer (12, 0) FAR  w(0) 45277.
	create_child: main@NodeBlock88.i.i (11, 19) FAR 45280 U 0.00
expand: main@NodeBlock88.i.i (11, 0) FAR  w(0) 45280.
	create_child: main@_117 (10, 19) FAR 45435 U 0.00
expand: main@_117 (10, 0) FAR  w(0) 45435.
	create_child: main@NodeBlock88.i.i.outer (9, 19) FAR 45507 U 0.00
expand: main@NodeBlock88.i.i.outer (9, 0) FAR  w(0) 45507.
	create_child: main@NodeBlock88.i.i (8, 19) FAR 45502 U 0.00
expand: main@NodeBlock88.i.i (8, 0) FAR  w(0) 45502.
	create_child: main@_117 (7, 19) FAR 45472 U 0.00
expand: main@_117 (7, 0) FAR  w(0) 45472.
	create_child: main@NodeBlock88.i.i.outer (6, 19) FAR 45284 U 0.00
expand: main@NodeBlock88.i.i.outer (6, 0) FAR  w(0) 45284.
	create_child: main@NodeBlock88.i.i (5, 19) FAR 45543 U 0.00
expand: main@NodeBlock88.i.i (5, 0) FAR  w(0) 45543.
	create_child: main@_103 (4, 19) FAR 45270 U 0.00
expand: main@_103 (4, 0) FAR  w(0) 45270.
	create_child: main@_103!_Cond (3, 19) FAR 51034 U 0.00
expand: main@_103!_Cond (3, 0) FAR  w(0) 51034. F 0.00
expand: main@_103 (4, 0) FAR  w(0) 45270. F 0.00
expand: main@NodeBlock88.i.i (5, 0) FAR  w(0) 45543. F 0.01
expand: main@NodeBlock88.i.i.outer (6, 0) FAR  w(0) 45284. F 0.00
expand: main@_117 (7, 0) FAR  w(0) 45472. F 0.00
expand: main@NodeBlock88.i.i (8, 0) FAR  w(0) 45502. F 0.02
expand: main@NodeBlock88.i.i.outer (9, 0) FAR  w(0) 45507. F 0.00
expand: main@_117 (10, 0) FAR  w(0) 45435. F 0.00
expand: main@NodeBlock88.i.i (11, 0) FAR  w(0) 45280. F 0.01
expand: main@NodeBlock88.i.i.outer (12, 0) FAR  w(0) 45277. F 0.00
expand: main@_117 (13, 0) FAR  w(0) 45320. F 0.00
expand: main@NodeBlock88.i.i (14, 0) FAR  w(0) 45111. F 0.01
expand: main@NodeBlock88.i.i.outer (15, 0) FAR  w(0) 45043. F 0.00
expand: main@empty.loop (16, 0) FAR  w(0) 44966. F 0.00
expand: main@entry (17, 0) FAR  w(0) 1. F 0.00
expand: main@entry!_BAD (18, 0) FAR  w(0) 1. F 0.00
expand: query!0 (19, 0) FAR  w(0) 1. F 0.00
(spacer::context::check_reachability :time 0.08 :before-memory 29.14 :after-memory 29.70)
Propagating: 3 4 5 6 7 8 9 10 11 12 13 14 15 16 17 18 19  ! 20 21 22 
(spacer::context::propagate :time 0.05 :before-memory 29.70 :after-memory 30.19)
Entering level 20
expand: query!0 (20, 0) FAR  w(0) 1.
	create_child: main@entry!_BAD (19, 20) FAR 1 U 0.00
expand: main@entry!_BAD (19, 0) FAR  w(0) 1.
	create_child: main@entry (18, 20) FAR 1 U 0.00
expand: main@entry (18, 0) FAR  w(0) 1.
	create_child: main@empty.loop (17, 20) FAR 44966 U 0.00
expand: main@empty.loop (17, 0) FAR  w(0) 44966.
	create_child: main@NodeBlock88.i.i.outer (16, 20) FAR 45043 U 0.00
expand: main@NodeBlock88.i.i.outer (16, 0) FAR  w(0) 45043.
	create_child: main@NodeBlock88.i.i (15, 20) FAR 45111 U 0.00
expand: main@NodeBlock88.i.i (15, 0) FAR  w(0) 45111.
	create_child: main@_117 (14, 20) FAR 45320 U 0.00
expand: main@_117 (14, 0) FAR  w(0) 45320.
	create_child: main@NodeBlock88.i.i.outer (13, 20) FAR 45277 U 0.00
expand: main@NodeBlock88.i.i.outer (13, 0) FAR  w(0) 45277.
	create_child: main@NodeBlock88.i.i (12, 20) FAR 45280 U 0.00
expand: main@NodeBlock88.i.i (12, 0) FAR  w(0) 45280.
	create_child: main@_117 (11, 20) FAR 45435 U 0.00
expand: main@_117 (11, 0) FAR  w(0) 45435.
	create_child: main@NodeBlock88.i.i.outer (10, 20) FAR 45507 U 0.00
expand: main@NodeBlock88.i.i.outer (10, 0) FAR  w(0) 45507.
	create_child: main@NodeBlock88.i.i (9, 20) FAR 45502 U 0.00
expand: main@NodeBlock88.i.i (9, 0) FAR  w(0) 45502.
	create_child: main@_117 (8, 20) FAR 45472 U 0.00
expand: main@_117 (8, 0) FAR  w(0) 45472.
	create_child: main@NodeBlock88.i.i.outer (7, 20) FAR 45284 U 0.00
expand: main@NodeBlock88.i.i.outer (7, 0) FAR  w(0) 45284.
	create_child: main@NodeBlock88.i.i (6, 20) FAR 45543 U 0.00
expand: main@NodeBlock88.i.i (6, 0) FAR  w(0) 45543.
	create_child: main@_117 (5, 20) FAR 45475 U 0.00
expand: main@_117 (5, 0) FAR  w(0) 45475.
	create_child: main@NodeBlock88.i.i.outer (4, 20) FAR 45397 U 0.00
expand: main@NodeBlock88.i.i.outer (4, 0) FAR  w(0) 45397.
	create_child: main@NodeBlock88.i.i (3, 20) FAR 45263 U 0.00
expand: main@NodeBlock88.i.i (3, 0) FAR  w(0) 45263.
	create_child: main@_117 (2, 20) FAR 58869 U 0.00
expand: main@_117 (2, 0) FAR  w(0) 58869.
	create_child: main@NodeBlock88.i.i.outer (1, 20) FAR 58871 U 0.00
expand: main@NodeBlock88.i.i.outer (1, 0) FAR  w(0) 58871.
	create_child: main@NodeBlock88.i.i (0, 20) FAR 58790 U 0.00
expand: main@NodeBlock88.i.i (0, 0) FAR  w(0) 58790. F 0.00
expand: main@NodeBlock88.i.i.outer (1, 0) FAR  w(0) 58871. F 0.00
expand: main@_117 (2, 0) FAR  w(0) 58869. F 0.00
expand: main@NodeBlock88.i.i (3, 0) FAR  w(0) 45263. F 0.01
expand: main@NodeBlock88.i.i.outer (4, 0) FAR  w(0) 45397. F 0.00
expand: main@_117 (5, 0) FAR  w(0) 45475. F 0.00
expand: main@NodeBlock88.i.i (6, 0) FAR  w(0) 45543. F 0.01
expand: main@NodeBlock88.i.i.outer (7, 0) FAR  w(0) 45284. F 0.00
expand: main@_117 (8, 0) FAR  w(0) 45472. F 0.00
expand: main@NodeBlock88.i.i (9, 0) FAR  w(0) 45502. F 0.01
expand: main@NodeBlock88.i.i.outer (10, 0) FAR  w(0) 45507. F 0.00
expand: main@_117 (11, 0) FAR  w(0) 45435. F 0.00
expand: main@NodeBlock88.i.i (12, 0) FAR  w(0) 45280. F 0.01
expand: main@NodeBlock88.i.i.outer (13, 0) FAR  w(0) 45277. F 0.00
expand: main@_117 (14, 0) FAR  w(0) 45320. F 0.00
expand: main@NodeBlock88.i.i (15, 0) FAR  w(0) 45111. F 0.01
expand: main@NodeBlock88.i.i.outer (16, 0) FAR  w(0) 45043. F 0.00
expand: main@empty.loop (17, 0) FAR  w(0) 44966. F 0.00
expand: main@entry (18, 0) FAR  w(0) 1. F 0.00
expand: main@entry!_BAD (19, 0) FAR  w(0) 1. F 0.00
expand: query!0 (20, 0) FAR  w(0) 1. F 0.00
(spacer::context::check_reachability :time 0.09 :before-memory 30.19 :after-memory 30.50)
Propagating: 0 1 2 3 4 5 6 7 8 9 10 11 12 13 14 15 16 17 18 19 20  ! 21 22 23 24 
(spacer::context::propagate :time 0.05 :before-memory 30.50 :after-memory 31.63)
Entering level 21
expand: query!0 (21, 0) FAR  w(0) 1. F 0.00
(spacer::context::check_reachability :time 0.00 :before-memory 31.63 :after-memory 31.81)
Propagating: 21  ! 22 23 24 
(spacer::context::propagate :time 0.00 :before-memory 31.81 :after-memory 31.81)
Entering level 22
expand: query!0 (22, 0) FAR  w(0) 1.
	create_child: main@entry!_BAD (21, 22) FAR 1 U 0.00
expand: main@entry!_BAD (21, 0) FAR  w(0) 1.
	create_child: main@entry (20, 22) FAR 1 U 0.00
expand: main@entry (20, 0) FAR  w(0) 1.
	create_child: main@empty.loop (19, 22) FAR 44966 U 0.00
expand: main@empty.loop (19, 0) FAR  w(0) 44966.
	create_child: main@NodeBlock88.i.i.outer (18, 22) FAR 45043 U 0.00
expand: main@NodeBlock88.i.i.outer (18, 0) FAR  w(0) 45043.
	create_child: main@NodeBlock88.i.i (17, 22) FAR 45111 U 0.00
expand: main@NodeBlock88.i.i (17, 0) FAR  w(0) 45111.
	create_child: main@_117 (16, 22) FAR 45320 U 0.00
expand: main@_117 (16, 0) FAR  w(0) 45320.
	create_child: main@NodeBlock88.i.i.outer (15, 22) FAR 45277 U 0.00
expand: main@NodeBlock88.i.i.outer (15, 0) FAR  w(0) 45277.
	create_child: main@NodeBlock88.i.i (14, 22) FAR 45280 U 0.00
expand: main@NodeBlock88.i.i (14, 0) FAR  w(0) 45280.
	create_child: main@_117 (13, 22) FAR 45435 U 0.00
expand: main@_117 (13, 0) FAR  w(0) 45435.
	create_child: main@NodeBlock88.i.i.outer (12, 22) FAR 45507 U 0.00
expand: main@NodeBlock88.i.i.outer (12, 0) FAR  w(0) 45507.
	create_child: main@NodeBlock88.i.i (11, 22) FAR 45502 U 0.00
expand: main@NodeBlock88.i.i (11, 0) FAR  w(0) 45502.
	create_child: main@_117 (10, 22) FAR 45472 U 0.00
expand: main@_117 (10, 0) FAR  w(0) 45472.
	create_child: main@NodeBlock88.i.i.outer (9, 22) FAR 45284 U 0.00
expand: main@NodeBlock88.i.i.outer (9, 0) FAR  w(0) 45284.
	create_child: main@NodeBlock88.i.i (8, 22) FAR 45543 U 0.00
expand: main@NodeBlock88.i.i (8, 0) FAR  w(0) 45543.
	create_child: main@_117 (7, 22) FAR 45475 U 0.00
expand: main@_117 (7, 0) FAR  w(0) 45475.
	create_child: main@NodeBlock88.i.i.outer (6, 22) FAR 45397 U 0.00
expand: main@NodeBlock88.i.i.outer (6, 0) FAR  w(0) 45397.
	create_child: main@NodeBlock88.i.i (5, 22) FAR 45263 U 0.00
expand: main@NodeBlock88.i.i (5, 0) FAR  w(0) 45263.
	create_child: main@_103 (4, 22) FAR 58623 U 0.00
expand: main@_103 (4, 0) FAR  w(0) 58623.
	create_child: main@_103!_Cond (3, 22) FAR 65609 U 0.00
expand: main@_103!_Cond (3, 0) FAR  w(0) 65609. F 0.00
expand: main@_103 (4, 0) FAR  w(0) 58623. F 0.00
expand: main@NodeBlock88.i.i (5, 0) FAR  w(0) 45263. F 0.01
expand: main@NodeBlock88.i.i.outer (6, 0) FAR  w(0) 45397. F 0.00
expand: main@_117 (7, 0) FAR  w(0) 45475. F 0.00
expand: main@NodeBlock88.i.i (8, 0) FAR  w(0) 45543. F 0.01
expand: main@NodeBlock88.i.i.outer (9, 0) FAR  w(0) 45284. F 0.00
expand: main@_117 (10, 0) FAR  w(0) 45472. F 0.00
expand: main@NodeBlock88.i.i (11, 0) FAR  w(0) 45502. F 0.01
expand: main@NodeBlock88.i.i.outer (12, 0) FAR  w(0) 45507. F 0.00
expand: main@_117 (13, 0) FAR  w(0) 45435. F 0.00
expand: main@NodeBlock88.i.i (14, 0) FAR  w(0) 45280. F 0.01
expand: main@NodeBlock88.i.i.outer (15, 0) FAR  w(0) 45277. F 0.00
expand: main@_117 (16, 0) FAR  w(0) 45320. F 0.00
expand: main@NodeBlock88.i.i (17, 0) FAR  w(0) 45111. F 0.01
expand: main@NodeBlock88.i.i.outer (18, 0) FAR  w(0) 45043. F 0.00
expand: main@empty.loop (19, 0) FAR  w(0) 44966. F 0.00
expand: main@entry (20, 0) FAR  w(0) 1. F 0.00
expand: main@entry!_BAD (21, 0) FAR  w(0) 1. F 0.00
expand: query!0 (22, 0) FAR  w(0) 1. F 0.00
(spacer::context::check_reachability :time 0.09 :before-memory 31.81 :after-memory 32.80)
Propagating: 3 4 5 6 7 8 9 10 11 12 13 14 15 16 17 18 19 20 21 22  ! 23 24 25 
(spacer::context::propagate :time 0.02 :before-memory 32.80 :after-memory 32.89)
Entering level 23
expand: query!0 (23, 0) FAR  w(0) 1.
	create_child: main@entry!_BAD (22, 23) FAR 1 U 0.00
expand: main@entry!_BAD (22, 0) FAR  w(0) 1.
	create_child: main@entry (21, 23) FAR 1 U 0.00
expand: main@entry (21, 0) FAR  w(0) 1.
	create_child: main@empty.loop (20, 23) FAR 44966 U 0.00
expand: main@empty.loop (20, 0) FAR  w(0) 44966.
	create_child: main@NodeBlock88.i.i.outer (19, 23) FAR 45043 U 0.00
expand: main@NodeBlock88.i.i.outer (19, 0) FAR  w(0) 45043.
	create_child: main@NodeBlock88.i.i (18, 23) FAR 45111 U 0.00
expand: main@NodeBlock88.i.i (18, 0) FAR  w(0) 45111.
	create_child: main@_117 (17, 23) FAR 45320 U 0.00
expand: main@_117 (17, 0) FAR  w(0) 45320.
	create_child: main@NodeBlock88.i.i.outer (16, 23) FAR 45277 U 0.00
expand: main@NodeBlock88.i.i.outer (16, 0) FAR  w(0) 45277.
	create_child: main@NodeBlock88.i.i (15, 23) FAR 45280 U 0.00
expand: main@NodeBlock88.i.i (15, 0) FAR  w(0) 45280.
	create_child: main@_117 (14, 23) FAR 45435 U 0.00
expand: main@_117 (14, 0) FAR  w(0) 45435.
	create_child: main@NodeBlock88.i.i.outer (13, 23) FAR 45507 U 0.00
expand: main@NodeBlock88.i.i.outer (13, 0) FAR  w(0) 45507.
	create_child: main@NodeBlock88.i.i (12, 23) FAR 45502 U 0.00
expand: main@NodeBlock88.i.i (12, 0) FAR  w(0) 45502.
	create_child: main@_117 (11, 23) FAR 45472 U 0.00
expand: main@_117 (11, 0) FAR  w(0) 45472.
	create_child: main@NodeBlock88.i.i.outer (10, 23) FAR 45284 U 0.00
expand: main@NodeBlock88.i.i.outer (10, 0) FAR  w(0) 45284.
	create_child: main@NodeBlock88.i.i (9, 23) FAR 45543 U 0.00
expand: main@NodeBlock88.i.i (9, 0) FAR  w(0) 45543.
	create_child: main@_117 (8, 23) FAR 45475 U 0.00
expand: main@_117 (8, 0) FAR  w(0) 45475.
	create_child: main@NodeBlock88.i.i.outer (7, 23) FAR 45397 U 0.00
expand: main@NodeBlock88.i.i.outer (7, 0) FAR  w(0) 45397.
	create_child: main@NodeBlock88.i.i (6, 23) FAR 45263 U 0.00
expand: main@NodeBlock88.i.i (6, 0) FAR  w(0) 45263.
	create_child: main@_117 (5, 23) FAR 58869 U 0.00
expand: main@_117 (5, 0) FAR  w(0) 58869.
	create_child: main@NodeBlock88.i.i.outer (4, 23) FAR 58871 U 0.00
expand: main@NodeBlock88.i.i.outer (4, 0) FAR  w(0) 58871.
	create_child: main@NodeBlock88.i.i (3, 23) FAR 58790 U 0.00
expand: main@NodeBlock88.i.i (3, 0) FAR  w(0) 58790.
	create_child: main@_117 (2, 23) FAR 69262 U 0.00
expand: main@_117 (2, 0) FAR  w(0) 69262.
	create_child: main@NodeBlock88.i.i.outer (1, 23) FAR 69189 U 0.00
expand: main@NodeBlock88.i.i.outer (1, 0) FAR  w(0) 69189. T 0.00
is-reachable: main@_117 (2, 0) FAR 69262 T 0.00
is-reachable: main@NodeBlock88.i.i (3, 0) FAR 58790 T 0.00
is-reachable: main@NodeBlock88.i.i.outer (4, 0) FAR 58871 T 0.00
is-reachable: main@_117 (5, 0) FAR 58869 T 0.00
is-reachable: main@NodeBlock88.i.i (6, 0) FAR 45263 T 0.00
is-reachable: main@NodeBlock88.i.i.outer (7, 0) FAR 45397 T 0.00
is-reachable: main@_117 (8, 0) FAR 45475 T 0.00
is-reachable: main@NodeBlock88.i.i (9, 0) FAR 45543 T 0.00
is-reachable: main@NodeBlock88.i.i.outer (10, 0) FAR 45284 T 0.00
is-reachable: main@_117 (11, 0) FAR 45472 T 0.00
is-reachable: main@NodeBlock88.i.i (12, 0) FAR 45502 T 0.00
is-reachable: main@NodeBlock88.i.i.outer (13, 0) FAR 45507 T 0.00
is-reachable: main@_117 (14, 0) FAR 45435 T 0.00
is-reachable: main@NodeBlock88.i.i (15, 0) FAR 45280 T 0.00
is-reachable: main@NodeBlock88.i.i.outer (16, 0) FAR 45277 T 0.00
is-reachable: main@_117 (17, 0) FAR 45320 T 0.00
is-reachable: main@NodeBlock88.i.i (18, 0) FAR 45111 T 0.00
is-reachable: main@NodeBlock88.i.i.outer (19, 0) FAR 45043 T 0.00
is-reachable: main@empty.loop (20, 0) FAR 44966 T 0.00
is-reachable: main@entry (21, 0) FAR 1 T 0.00
is-reachable: main@entry!_BAD (22, 0) FAR 1 T 0.00
is-reachable: query!0 (23, 0) FAR 1 T 0.00
(spacer::context::check_reachability :time 0.11 :before-memory 32.89 :after-memory 35.44)
