(transform N7datalog13mk_coi_filterE...no-op 0s)
(transform N7datalog25mk_interp_tail_simplifierE...13 rules 0.018s)
(transform N7datalog27mk_quantifier_instantiationE...no-op 0s)
(transform N7datalog8mk_scaleE...no-op 0s)
(transform N7datalog18mk_karr_invariantsE...no-op 0s)
(transform N7datalog14mk_array_blastE...no-op 0s)
(transform N7datalog16mk_elim_term_iteE...no-op 0s)
(transform N7datalog22mk_subsumption_checkerE...11 rules 0s)
(transform N7datalog12mk_bit_blastE...no-op 0s)
(transform N7datalog15mk_rule_inlinerE...no-op 0s)
(transform N7datalog13mk_coi_filterE...no-op 0s)
(transform N7datalog25mk_interp_tail_simplifierE...11 rules 0.001s)
(transform N7datalog22mk_subsumption_checkerE...no-op 0s)
(transform N7datalog15mk_rule_inlinerE...no-op 0s)
(transform N7datalog13mk_coi_filterE...no-op 0s)
(transform N7datalog25mk_interp_tail_simplifierE...11 rules 0.001s)
(transform N7datalog22mk_subsumption_checkerE...no-op 0s)
(transform N7datalog15mk_rule_inlinerE...no-op 0s)
(transform N7datalog22mk_subsumption_checkerE...no-op 0s)
(transform N7datalog15mk_rule_inlinerE...no-op 0s)
(transform N7datalog22mk_subsumption_checkerE...no-op 0s)
(transform N7datalog15mk_rule_inlinerE...no-op 0s)
(transform N7datalog22mk_subsumption_checkerE...no-op 0s)
expand: query!0 (0, 0) FAR  w(0) 1. F 0.00
(spacer::context::check_reachability :time 0.00 :before-memory 15.23 :after-memory 15.43)
Entering level 1
expand: query!0 (1, 0) FAR  w(0) 1.
	create_child: main@entry!_BAD (0, 1) FAR 1 U 0.00
expand: main@entry!_BAD (0, 0) FAR  w(0) 1. F 0.00
expand: query!0 (1, 0) FAR  w(0) 1. F 0.00
(spacer::context::check_reachability :time 0.00 :before-memory 15.43 :after-memory 15.63)
Propagating: 0 1  ! 2 
(spacer::context::propagate :time 0.00 :before-memory 15.63 :after-memory 15.63)
Entering level 2
expand: query!0 (2, 0) FAR  w(0) 1.
	create_child: main@entry!_BAD (1, 2) FAR 1 U 0.00
expand: main@entry!_BAD (1, 0) FAR  w(0) 1.
	create_child: main@entry (0, 2) FAR 1 U 0.00
expand: main@entry (0, 0) FAR  w(0) 1. F 0.00
expand: main@entry!_BAD (1, 0) FAR  w(0) 1. F 0.00
expand: query!0 (2, 0) FAR  w(0) 1. F 0.00
(spacer::context::check_reachability :time 0.00 :before-memory 15.63 :after-memory 16.06)
Propagating: 0 1 2  ! 3 
(spacer::context::propagate :time 0.00 :before-memory 16.06 :after-memory 16.06)
Entering level 3
expand: query!0 (3, 0) FAR  w(0) 1.
	create_child: main@entry!_BAD (2, 3) FAR 1 U 0.00
expand: main@entry!_BAD (2, 0) FAR  w(0) 1.
	create_child: main@entry (1, 3) FAR 1 U 0.00
expand: main@entry (1, 0) FAR  w(0) 1.
	create_child: main@empty.loop (0, 3) FAR 14422 U 0.00
expand: main@empty.loop (0, 0) FAR  w(0) 14422. F 0.00
expand: main@entry (1, 0) FAR  w(0) 1. F 0.00
expand: main@entry!_BAD (2, 0) FAR  w(0) 1. F 0.00
expand: query!0 (3, 0) FAR  w(0) 1. F 0.00
(spacer::context::check_reachability :time 0.00 :before-memory 16.06 :after-memory 16.94)
Propagating: 0 1 2 3  ! 4 
(spacer::context::propagate :time 0.00 :before-memory 16.94 :after-memory 16.94)
Entering level 4
expand: query!0 (4, 0) FAR  w(0) 1.
	create_child: main@entry!_BAD (3, 4) FAR 1 U 0.00
expand: main@entry!_BAD (3, 0) FAR  w(0) 1.
	create_child: main@entry (2, 4) FAR 1 U 0.00
expand: main@entry (2, 0) FAR  w(0) 1.
	create_child: main@empty.loop (1, 4) FAR 14422 U 0.00
expand: main@empty.loop (1, 0) FAR  w(0) 14422.
	create_child: main@NodeBlock87.i.i (0, 4) FAR 17142 U 0.00
expand: main@NodeBlock87.i.i (0, 0) FAR  w(0) 17142. F 0.02
expand: main@empty.loop (1, 0) FAR  w(0) 14422. F 0.00
expand: main@entry (2, 0) FAR  w(0) 1. F 0.00
expand: main@entry!_BAD (3, 0) FAR  w(0) 1. F 0.00
expand: query!0 (4, 0) FAR  w(0) 1. F 0.00
(spacer::context::check_reachability :time 0.02 :before-memory 16.94 :after-memory 20.45)
Propagating: 0 1 2 3 4  ! 5 
(spacer::context::propagate :time 0.00 :before-memory 20.45 :after-memory 20.45)
Entering level 5
expand: query!0 (5, 0) FAR  w(0) 1.
	create_child: main@entry!_BAD (4, 5) FAR 1 U 0.00
expand: main@entry!_BAD (4, 0) FAR  w(0) 1.
	create_child: main@entry (3, 5) FAR 1 U 0.00
expand: main@entry (3, 0) FAR  w(0) 1.
	create_child: main@empty.loop (2, 5) FAR 14422 U 0.00
expand: main@empty.loop (2, 0) FAR  w(0) 14422.
	create_child: main@NodeBlock87.i.i (1, 5) FAR 17142 U 0.00
expand: main@NodeBlock87.i.i (1, 0) FAR  w(0) 17142.
	create_child: main@NodeBlock87.i.i (0, 5) FAR 27519 U 0.01
expand: main@NodeBlock87.i.i (0, 0) FAR  w(0) 27519. F 0.01
expand: main@NodeBlock87.i.i (1, 0) FAR  w(0) 17142. F 0.03
expand: main@empty.loop (2, 0) FAR  w(0) 14422. F 0.00
expand: main@entry (3, 0) FAR  w(0) 1. F 0.00
expand: main@entry!_BAD (4, 0) FAR  w(0) 1. F 0.00
expand: query!0 (5, 0) FAR  w(0) 1. F 0.00
(spacer::context::check_reachability :time 0.05 :before-memory 20.45 :after-memory 21.28)
Propagating: 0 1 2 3 4 5  ! 6 
(spacer::context::propagate :time 0.01 :before-memory 21.28 :after-memory 21.28)
Entering level 6
expand: query!0 (6, 0) FAR  w(0) 1.
	create_child: main@entry!_BAD (5, 6) FAR 1 U 0.00
expand: main@entry!_BAD (5, 0) FAR  w(0) 1.
	create_child: main@entry (4, 6) FAR 1 U 0.00
expand: main@entry (4, 0) FAR  w(0) 1.
	create_child: main@empty.loop (3, 6) FAR 14422 U 0.00
expand: main@empty.loop (3, 0) FAR  w(0) 14422.
	create_child: main@NodeBlock87.i.i (2, 6) FAR 17142 U 0.00
expand: main@NodeBlock87.i.i (2, 0) FAR  w(0) 17142.
	create_child: main@NodeBlock87.i.i (1, 6) FAR 30087 U 0.00
expand: main@NodeBlock87.i.i (1, 0) FAR  w(0) 30087.
	create_child: main@_85 (0, 6) FAR 30871 U 0.01
expand: main@_85 (0, 0) FAR  w(0) 30871. F 0.00
expand: main@NodeBlock87.i.i (1, 0) FAR  w(0) 30087. F 0.02
expand: main@NodeBlock87.i.i (2, 0) FAR  w(0) 17142.
	create_child: main@NodeBlock87.i.i (1, 6) FAR 27519 U 0.00
expand: main@NodeBlock87.i.i (1, 0) FAR  w(0) 27519.
	create_child: main@NodeBlock87.i.i (0, 6) FAR 33349 UNDEF 0.01
expand: main@NodeBlock87.i.i (0, 0) FAR  w(0) 33349. F 0.01
expand: main@NodeBlock87.i.i (1, 0) FAR  w(0) 27519. F 0.02
expand: main@NodeBlock87.i.i (2, 0) FAR  w(0) 17142. F 0.02
expand: main@empty.loop (3, 0) FAR  w(0) 14422. F 0.00
expand: main@entry (4, 0) FAR  w(0) 1. F 0.00
expand: main@entry!_BAD (5, 0) FAR  w(0) 1. F 0.00
expand: query!0 (6, 0) FAR  w(0) 1. F 0.00
(spacer::context::check_reachability :time 0.11 :before-memory 21.28 :after-memory 22.65)
Propagating: 0 1 2 3 4 5 6  ! 7 
(spacer::context::propagate :time 0.02 :before-memory 22.65 :after-memory 22.75)
Entering level 7
expand: query!0 (7, 0) FAR  w(0) 1.
	create_child: main@entry!_BAD (6, 7) FAR 1 U 0.00
expand: main@entry!_BAD (6, 0) FAR  w(0) 1.
	create_child: main@entry (5, 7) FAR 1 U 0.00
expand: main@entry (5, 0) FAR  w(0) 1.
	create_child: main@empty.loop (4, 7) FAR 14422 U 0.00
expand: main@empty.loop (4, 0) FAR  w(0) 14422.
	create_child: main@NodeBlock87.i.i (3, 7) FAR 17142 U 0.00
expand: main@NodeBlock87.i.i (3, 0) FAR  w(0) 17142.
	create_child: main@NodeBlock87.i.i (2, 7) FAR 30087 U 0.01
expand: main@NodeBlock87.i.i (2, 0) FAR  w(0) 30087.
	create_child: main@_85 (1, 7) FAR 30871 U 0.00
expand: main@_85 (1, 0) FAR  w(0) 30871.
	create_child: main@_85!_Cond (0, 7) FAR 36186 U 0.00
expand: main@_85!_Cond (0, 0) FAR  w(0) 36186. F 0.00
expand: main@_85 (1, 0) FAR  w(0) 30871. F 0.00
expand: main@NodeBlock87.i.i (2, 0) FAR  w(0) 30087. F 0.01
expand: main@NodeBlock87.i.i (3, 0) FAR  w(0) 17142.
	create_child: main@NodeBlock87.i.i (2, 7) FAR 27519 U 0.00
expand: main@NodeBlock87.i.i (2, 0) FAR  w(0) 27519.
	create_child: main@NodeBlock87.i.i (1, 7) FAR 33349 UNDEF 0.01
expand: main@NodeBlock87.i.i (1, 0) FAR  w(0) 33349.
	create_child: main@NodeBlock87.i.i (0, 7) FAR 37004 UNDEF 0.01
expand: main@NodeBlock87.i.i (0, 0) FAR  w(0) 37004. UNDEF 0.00
expand: main@NodeBlock87.i.i (0, 0) FAR  w(1) 37004. T 0.00
is-reachable: main@NodeBlock87.i.i (1, 0) FAR 33349 F 0.00
expand: main@NodeBlock87.i.i (1, 0) FAR  w(1) 33349. T 0.01
is-reachable: main@NodeBlock87.i.i (2, 0) FAR 27519 F 0.00
expand: main@NodeBlock87.i.i (2, 0) FAR  w(1) 27519. T 0.00
is-reachable: main@NodeBlock87.i.i (3, 0) FAR 17142 F 0.00
expand: main@NodeBlock87.i.i (3, 0) FAR  w(1) 17142. T 0.00
is-reachable: main@empty.loop (4, 0) FAR 14422 F 0.00
expand: main@empty.loop (4, 0) FAR  w(1) 14422. T 0.00
is-reachable: main@entry (5, 0) FAR 1 T 0.00
is-reachable: main@entry!_BAD (6, 0) FAR 1 T 0.00
is-reachable: query!0 (7, 0) FAR 1 T 0.00
(spacer::context::check_reachability :time 0.09 :before-memory 22.75 :after-memory 23.70)
