(transform N7datalog13mk_coi_filterE...no-op 0s)
(transform N7datalog25mk_interp_tail_simplifierE...11 rules 0.003s)
(transform N7datalog27mk_quantifier_instantiationE...no-op 0s)
(transform N7datalog8mk_scaleE...no-op 0s)
(transform N7datalog18mk_karr_invariantsE...no-op 0s)
(transform N7datalog14mk_array_blastE...no-op 0s)
(transform N7datalog16mk_elim_term_iteE...no-op 0s)
(transform N7datalog22mk_subsumption_checkerE...10 rules 0s)
(transform N7datalog12mk_bit_blastE...no-op 0s)
(transform N7datalog15mk_rule_inlinerE...no-op 0s)
(transform N7datalog13mk_coi_filterE...no-op 0s)
(transform N7datalog25mk_interp_tail_simplifierE...9 rules 0s)
(transform N7datalog22mk_subsumption_checkerE...no-op 0s)
(transform N7datalog15mk_rule_inlinerE...no-op 0s)
(transform N7datalog13mk_coi_filterE...no-op 0s)
(transform N7datalog25mk_interp_tail_simplifierE...9 rules 0s)
(transform N7datalog22mk_subsumption_checkerE...no-op 0s)
(transform N7datalog15mk_rule_inlinerE...no-op 0s)
(transform N7datalog22mk_subsumption_checkerE...no-op 0s)
(transform N7datalog15mk_rule_inlinerE...no-op 0s)
(transform N7datalog22mk_subsumption_checkerE...no-op 0s)
(transform N7datalog15mk_rule_inlinerE...no-op 0s)
(transform N7datalog22mk_subsumption_checkerE...no-op 0s)
expand: query!0 (0, 0) FAR  w(0) 1. F 0.00
(spacer::context::check_reachability :time 0.00 :before-memory 11.64 :after-memory 11.73)
Entering level 1
expand: query!0 (1, 0) FAR  w(0) 1.
	create_child: main@entry!_BAD (0, 1) FAR 1 U 0.00
expand: main@entry!_BAD (0, 0) FAR  w(0) 1. F 0.00
expand: query!0 (1, 0) FAR  w(0) 1. F 0.00
(spacer::context::check_reachability :time 0.00 :before-memory 11.73 :after-memory 11.92)
Propagating: 0 1  ! 2 
(spacer::context::propagate :time 0.00 :before-memory 11.92 :after-memory 11.92)
Entering level 2
expand: query!0 (2, 0) FAR  w(0) 1.
	create_child: main@entry!_BAD (1, 2) FAR 1 U 0.00
expand: main@entry!_BAD (1, 0) FAR  w(0) 1.
	create_child: main@entry (0, 2) FAR 1 U 0.00
expand: main@entry (0, 0) FAR  w(0) 1. F 0.00
expand: main@entry!_BAD (1, 0) FAR  w(0) 1. F 0.00
expand: query!0 (2, 0) FAR  w(0) 1. F 0.00
(spacer::context::check_reachability :time 0.00 :before-memory 11.92 :after-memory 12.21)
Propagating: 0 1 2  ! 3 
(spacer::context::propagate :time 0.00 :before-memory 12.21 :after-memory 12.21)
Entering level 3
expand: query!0 (3, 0) FAR  w(0) 1.
	create_child: main@entry!_BAD (2, 3) FAR 1 U 0.00
expand: main@entry!_BAD (2, 0) FAR  w(0) 1.
	create_child: main@entry (1, 3) FAR 1 U 0.00
expand: main@entry (1, 0) FAR  w(0) 1.
	create_child: main@.lr.ph (0, 3) FAR 3709 U 0.00
expand: main@.lr.ph (0, 0) FAR  w(0) 3709. F 0.00
expand: main@entry (1, 0) FAR  w(0) 1. F 0.00
expand: main@entry!_BAD (2, 0) FAR  w(0) 1. F 0.00
expand: query!0 (3, 0) FAR  w(0) 1. F 0.00
(spacer::context::check_reachability :time 0.00 :before-memory 12.21 :after-memory 12.50)
Propagating: 0 1 2 3  ! 4 
(spacer::context::propagate :time 0.00 :before-memory 12.50 :after-memory 12.60)
Entering level 4
expand: query!0 (4, 0) FAR  w(0) 1.
	create_child: main@entry!_BAD (3, 4) FAR 1 U 0.00
expand: main@entry!_BAD (3, 0) FAR  w(0) 1.
	create_child: main@entry (2, 4) FAR 1 U 0.00
expand: main@entry (2, 0) FAR  w(0) 1.
	create_child: main@.lr.ph (1, 4) FAR 3709 U 0.00
expand: main@.lr.ph (1, 0) FAR  w(0) 3709.
	create_child: main@.lr.ph!_Cond (0, 4) FAR 4367 U 0.00
expand: main@.lr.ph!_Cond (0, 0) FAR  w(0) 4367. F 0.00
expand: main@.lr.ph (1, 0) FAR  w(0) 3709. F 0.00
expand: main@entry (2, 0) FAR  w(0) 1. F 0.00
expand: main@entry!_BAD (3, 0) FAR  w(0) 1. F 0.00
expand: query!0 (4, 0) FAR  w(0) 1. F 0.00
(spacer::context::check_reachability :time 0.01 :before-memory 12.60 :after-memory 13.30)
Propagating: 0 1 2 3 4  ! 5 
(spacer::context::propagate :time 0.00 :before-memory 13.30 :after-memory 13.40)
Entering level 5
expand: query!0 (5, 0) FAR  w(0) 1.
	create_child: main@entry!_BAD (4, 5) FAR 1 U 0.00
expand: main@entry!_BAD (4, 0) FAR  w(0) 1.
	create_child: main@entry (3, 5) FAR 1 U 0.00
expand: main@entry (3, 0) FAR  w(0) 1.
	create_child: main@.lr.ph (2, 5) FAR 3709 U 0.00
expand: main@.lr.ph (2, 0) FAR  w(0) 3709.
	create_child: main@.lr.ph!_Cond (1, 5) FAR 4367 U 0.00
expand: main@.lr.ph!_Cond (1, 0) FAR  w(0) 4367.
	create_child: main@_40 (0, 5) FAR 6159 UNDEF 0.00
expand: main@_40 (0, 0) FAR  w(0) 6159. UNDEF 0.00
expand: main@_40 (0, 0) FAR  w(1) 6159. F 0.00
expand: main@.lr.ph!_Cond (1, 0) FAR  w(0) 4367. F 0.00
expand: main@.lr.ph (2, 0) FAR  w(0) 3709. F 0.00
expand: main@entry (3, 0) FAR  w(0) 1.
	create_child: main@.lr.ph (2, 5) FAR 7950 U 0.00
expand: main@.lr.ph (2, 0) FAR  w(0) 7950.
	create_child: main@.lr.ph!_Cond (1, 5) FAR 8043 U 0.00
expand: main@.lr.ph!_Cond (1, 0) FAR  w(0) 8043.
	create_child: main@_40 (0, 5) FAR 8126 UNDEF 0.00
expand: main@_40 (0, 0) FAR  w(0) 8126. F 0.00
expand: main@.lr.ph!_Cond (1, 0) FAR  w(0) 8043. F 0.00
expand: main@.lr.ph (2, 0) FAR  w(0) 7950. F 0.00
expand: main@entry (3, 0) FAR  w(0) 1.
	create_child: main@.lr.ph (2, 5) FAR 8460 U 0.00
expand: main@.lr.ph (2, 0) FAR  w(0) 8460.
	create_child: main@.lr.ph!_Cond (1, 5) FAR 8491 U 0.00
expand: main@.lr.ph!_Cond (1, 0) FAR  w(0) 8491.
	create_child: main@_40 (0, 5) FAR 5734 U 0.00
expand: main@_40 (0, 0) FAR  w(0) 5734. F 0.00
expand: main@.lr.ph!_Cond (1, 0) FAR  w(0) 8491. F 0.00
expand: main@.lr.ph (2, 0) FAR  w(0) 8460. F 0.00
expand: main@entry (3, 0) FAR  w(0) 1. F 0.00
expand: main@entry!_BAD (4, 0) FAR  w(0) 1. F 0.00
expand: query!0 (5, 0) FAR  w(0) 1. F 0.00
(spacer::context::check_reachability :time 0.04 :before-memory 13.40 :after-memory 14.65)
Propagating: 0 1 2 3 4 5  ! 6 7 8 
(spacer::context::propagate :time 0.01 :before-memory 14.65 :after-memory 14.74)
Entering level 6
expand: query!0 (6, 0) FAR  w(0) 1. F 0.00
(spacer::context::check_reachability :time 0.00 :before-memory 14.74 :after-memory 14.84)
Propagating: 6  ! 7 8 
(spacer::context::propagate :time 0.00 :before-memory 14.84 :after-memory 14.84)
Entering level 7
expand: query!0 (7, 0) FAR  w(0) 1. F 0.00
(spacer::context::check_reachability :time 0.00 :before-memory 14.84 :after-memory 14.84)
Propagating: 7  ! 8 
(spacer::context::propagate :time 0.00 :before-memory 14.84 :after-memory 14.84)
Entering level 8
expand: query!0 (8, 0) FAR  w(0) 1.
	create_child: main@entry!_BAD (7, 8) FAR 1 U 0.00
expand: main@entry!_BAD (7, 0) FAR  w(0) 1.
	create_child: main@entry (6, 8) FAR 1 U 0.00
expand: main@entry (6, 0) FAR  w(0) 1.
	create_child: main@.lr.ph (5, 8) FAR 10716 U 0.00
expand: main@.lr.ph (5, 0) FAR  w(0) 10716.
	create_child: main@.lr.ph!_Cond (4, 8) FAR 10777 U 0.00
expand: main@.lr.ph!_Cond (4, 0) FAR  w(0) 10777.
	create_child: main@_40 (3, 8) FAR 10880 UNDEF 0.00
expand: main@_40 (3, 0) FAR  w(0) 10880.
	create_child: main@.lr.ph (2, 8) FAR 11169 U 0.00
expand: main@.lr.ph (2, 0) FAR  w(0) 11169.
	create_child: main@.lr.ph!_Cond (1, 8) FAR 11335 U 0.00
expand: main@.lr.ph!_Cond (1, 0) FAR  w(0) 11335.
	create_child: main@_40 (0, 8) FAR 11503 UNDEF 0.00
expand: main@_40 (0, 0) FAR  w(0) 11503. F 0.00
expand: main@.lr.ph!_Cond (1, 0) FAR  w(0) 11335. F 0.00
expand: main@.lr.ph (2, 0) FAR  w(0) 11169. F 0.00
expand: main@_40 (3, 0) FAR  w(0) 10880. F 0.00
expand: main@.lr.ph!_Cond (4, 0) FAR  w(0) 10777. F 0.00
expand: main@.lr.ph (5, 0) FAR  w(0) 10716. F 0.00
expand: main@entry (6, 0) FAR  w(0) 1.
	create_child: main@.lr.ph (5, 8) FAR 12164 U 0.00
expand: main@.lr.ph (5, 0) FAR  w(0) 12164.
	create_child: main@.lr.ph!_Cond (4, 8) FAR 12282 U 0.00
expand: main@.lr.ph!_Cond (4, 0) FAR  w(0) 12282.
	create_child: main@_40 (3, 8) FAR 10853 U 0.00
expand: main@_40 (3, 0) FAR  w(0) 10853.
	create_child: main@.lr.ph (2, 8) FAR 12574 UNDEF 0.00
expand: main@.lr.ph (2, 0) FAR  w(0) 12574.
	create_child: main@.lr.ph!_Cond (1, 8) FAR 12643 U 0.00
expand: main@.lr.ph!_Cond (1, 0) FAR  w(0) 12643.
	create_child: main@_43 (0, 8) FAR 12761 U 0.00
expand: main@_43 (0, 0) FAR  w(0) 12761. F 0.00
expand: main@.lr.ph!_Cond (1, 0) FAR  w(0) 12643. F 0.00
expand: main@.lr.ph (2, 0) FAR  w(0) 12574


FAILED TO FIND COEFFICIENT





FAILED TO FIND COEFFICIENT


. F 0.00
expand: main@_40 (3, 0) FAR  w(0) 10853. F 0.00
expand: main@.lr.ph!_Cond (4, 0) FAR  w(0) 12282. F 0.00
expand: main@.lr.ph (5, 0) FAR  w(0) 12164. F 0.00
expand: main@entry (6, 0) FAR  w(0) 1.
	create_child: main@.lr.ph (5, 8) FAR 7950 U 0.00
expand: main@.lr.ph (5, 0) FAR  w(0) 7950.
	create_child: main@.lr.ph!_Cond (4, 8) FAR 8043 U 0.00
expand: main@.lr.ph!_Cond (4, 0) FAR  w(0) 8043.
	create_child: main@_40 (3, 8) FAR 8126 UNDEF 0.00
expand: main@_40 (3, 0) FAR  w(0) 8126. F 0.00
expand: main@.lr.ph!_Cond (4, 0) FAR  w(0) 8043. F 0.00
expand: main@.lr.ph (5, 0) FAR  w(0) 7950. F 0.00
expand: main@entry (6, 0) FAR  w(0) 1.
	create_child: main@.lr.ph (5, 8) FAR 8460 U 0.00
expand: main@.lr.ph (5, 0) FAR  w(0) 8460.
	create_child: main@.lr.ph!_Cond (4, 8) FAR 8491 U 0.00
expand: main@.lr.ph!_Cond (4, 0) FAR  w(0) 8491.
	create_child: main@_40 (3, 8) FAR 5734 U 0.00
expand: main@_40 (3, 0) FAR  w(0) 5734. F 0.00
expand: main@.lr.ph!_Cond (4, 0) FAR  w(0) 8491. F 0.00
expand: main@.lr.ph (5, 0) FAR  w(0) 8460. F 0.00
expand: main@entry (6, 0) FAR  w(0) 1. F 0.00
expand: main@entry!_BAD (7, 0) FAR  w(0) 1. F 0.00
expand: query!0 (8, 0) FAR  w(0) 1. F 0.00
(spacer::context::check_reachability :time 0.07 :before-memory 14.84 :after-memory 16.60)
Propagating: 0 1 2 3 4 5 6 7 8  ! 9 10 11 
(spacer::context::propagate :time 0.02 :before-memory 16.60 :after-memory 16.89)
Entering level 9
expand: query!0 (9, 0) FAR  w(0) 1. F 0.00
(spacer::context::check_reachability :time 0.00 :before-memory 16.89 :after-memory 16.89)
Propagating: 9  ! 10 11 
(spacer::context::propagate :time 0.00 :before-memory 16.89 :after-memory 16.89)
Entering level 10
expand: query!0 (10, 0) FAR  w(0) 1. F 0.00
(spacer::context::check_reachability :time 0.00 :before-memory 16.89 :after-memory 16.89)
Propagating: 10  ! 11 
(spacer::context::propagate :time 0.00 :before-memory 16.89 :after-memory 16.89)
Entering level 11
expand: query!0 (11, 0) FAR  w(0) 1.
	create_child: main@entry!_BAD (10, 11) FAR 1 U 0.00
expand: main@entry!_BAD (10, 0) FAR  w(0) 1.
	create_child: main@entry (9, 11) FAR 1 U 0.00
expand: main@entry (9, 0) FAR  w(0) 1.
	create_child: main@.lr.ph (8, 11) FAR 12164 U 0.00
expand: main@.lr.ph (8, 0) FAR  w(0) 12164.
	create_child: main@.lr.ph!_Cond (7, 11) FAR 12282 U 0.00
expand: main@.lr.ph!_Cond (7, 0) FAR  w(0) 12282.
	create_child: main@_40 (6, 11) FAR 10853 U 0.00
expand: main@_40 (6, 0) FAR  w(0) 10853.
	create_child: main@.lr.ph (5, 11) FAR 18573 U 0.00
expand: main@.lr.ph (5, 0) FAR  w(0) 18573.
	create_child: main@.lr.ph!_Cond (4, 11) FAR 18580 U 0.00
expand: main@.lr.ph!_Cond (4, 0) FAR  w(0) 18580.
	create_child: main@_43 (3, 11) FAR 18558 U 0.00
expand: main@_43 (3, 0) FAR  w(0) 18558.
	create_child: main@.lr.ph (2, 11) FAR 18961 U 0.00
expand: main@.lr.ph (2, 0) FAR  w(0) 18961.
	create_child: main@.lr.ph!_Cond (1, 11) FAR 19098 U 0.00
expand: main@.lr.ph!_Cond (1, 0) FAR  w(0) 19098. T 0.00
is-reachable: main@.lr.ph (2, 0) FAR 18961 T 0.00
is-reachable: main@_43 (3, 0) FAR 18558 F 0.00
Deleting closed node: main@.lr.ph(2, 11) 18961
expand: main@_43 (3, 0) FAR  w(1) 18558. T 0.00
is-reachable: main@.lr.ph!_Cond (4, 0) FAR 18580 F 0.00
expand: main@.lr.ph!_Cond (4, 0) FAR  w(1) 18580. T 0.00
is-reachable: main@.lr.ph (5, 0) FAR 18573 T 0.00
is-reachable: main@_40 (6, 0) FAR 10853
	create_child: main@_43 (6, 11) FAR 20037 X 0.00
is-reachable: main@_43 (6, 0) FAR 20037 F 0.00
Deleting closed node: main@.lr.ph(5, 11) 18573
Deleting closed node: main@_40(6, 11) 10853
expand: main@_43 (6, 0) FAR  w(0) 20037.
	create_child: main@.lr.ph (5, 11) FAR 20429 U 0.00
expand: main@.lr.ph (5, 0) FAR  w(0) 20429.
	create_child: main@.lr.ph!_Cond (4, 11) FAR 20829 U 0.00
expand: main@.lr.ph!_Cond (4, 0) FAR  w(0) 20829.
	create_child: main@_43 (3, 11) FAR 21255 U 0.00
expand: main@_43 (3, 0) FAR  w(0) 21255. F 0.01
expand: main@.lr.ph!_Cond (4, 0) FAR  w(0) 20829


FAILED TO FIND COEFFICIENT


. F 0.01
expand: main@.lr.ph (5, 0) FAR  w(0) 20429


FAILED TO FIND COEFFICIENT


. F 0.01
expand: main@_43 (6, 0) FAR  w(0) 20037. F 0.01
expand: main@.lr.ph!_Cond (7, 0) FAR  w(0) 12282


FAILED TO FIND COEFFICIENT





FAILED TO FIND COEFFICIENT





FAILED TO FIND COEFFICIENT


. F 0.01
expand: main@.lr.ph (8, 0) FAR  w(0) 12164. F 0.01
expand: main@entry (9, 0) FAR  w(0) 1.
	create_child: main@.lr.ph (8, 11) FAR 22115 U 0.00
expand: main@.lr.ph (8, 0) FAR  w(0) 22115.
	create_child: main@.lr.ph!_Cond (7, 11) FAR 22535 U 0.00
expand: main@.lr.ph!_Cond (7, 0) FAR  w(0) 22535.
	create_child: main@_43 (6, 11) FAR 22700 U 0.00
expand: main@_43 (6, 0) FAR  w(0) 22700. F 0.01
expand: main@.lr.ph!_Cond (7, 0) FAR  w(0) 22535


FAILED TO FIND COEFFICIENT





FAILED TO FIND COEFFICIENT





FAILED TO FIND COEFFICIENT


. F 0.01
expand: main@.lr.ph (8, 0) FAR  w(0) 22115. F 0.01
expand: main@entry (9, 0) FAR  w(0) 1.
	create_child: main@.lr.ph (8, 11) FAR 23082 U 0.00
expand: main@.lr.ph (8, 0) FAR  w(0) 23082.
	create_child: main@.lr.ph!_Cond (7, 11) FAR 23175 U 0.00
expand: main@.lr.ph!_Cond (7, 0) FAR  w(0) 23175.
	create_child: main@_40 (6, 11) FAR 23328 U 0.00
expand: main@_40 (6, 0) FAR  w(0) 23328.
	create_child: main@.lr.ph (5, 11) FAR 23744 U 0.00
expand: main@.lr.ph (5, 0) FAR  w(0) 23744.
	create_child: main@.lr.ph!_Cond (4, 11) FAR 23956 U 0.00
expand: main@.lr.ph!_Cond (4, 0) FAR  w(0) 23956.
	create_child: main@_43 (3, 11) FAR 24112 U 0.00
expand: main@_43 (3, 0) FAR  w(0) 24112. F 0.01
expand: main@.lr.ph!_Cond (4, 0) FAR  w(0) 23956


FAILED TO FIND COEFFICIENT


. F 0.01
expand: main@.lr.ph (5, 0) FAR  w(0) 23744


FAILED TO FIND COEFFICIENT





FAILED TO FIND COEFFICIENT


. F 0.01
expand: main@_40 (6, 0) FAR  w(0) 23328


FAILED TO FIND COEFFICIENT





FAILED TO FIND COEFFICIENT


. F 0.01
expand: main@.lr.ph!_Cond (7, 0) FAR  w(0) 23175. F 0.01
expand: main@.lr.ph (8, 0) FAR  w(0) 23082


FAILED TO FIND COEFFICIENT


. F 0.01
expand: main@entry (9, 0) FAR  w(0) 1.
	create_child: main@.lr.ph (8, 11) FAR 8460 U 0.00
expand: main@.lr.ph (8, 0) FAR  w(0) 8460.
	create_child: main@.lr.ph!_Cond (7, 11) FAR 8491 U 0.00
expand: main@.lr.ph!_Cond (7, 0) FAR  w(0) 8491.
	create_child: main@_40 (6, 11) FAR 5734 U 0.00
expand: main@_40 (6, 0) FAR  w(0) 5734. F 0.01
expand: main@.lr.ph!_Cond (7, 0) FAR  w(0) 8491. F 0.01
expand: main@.lr.ph (8, 0) FAR  w(0) 8460


FAILED TO FIND COEFFICIENT


. F 0.01
expand: main@entry (9, 0) FAR  w(0) 1.
	create_child: main@.lr.ph (8, 11) FAR 7950 U 0.00
expand: main@.lr.ph (8, 0) FAR  w(0) 7950.
	create_child: main@.lr.ph!_Cond (7, 11) FAR 8043 U 0.00
expand: main@.lr.ph!_Cond (7, 0) FAR  w(0) 8043.
	create_child: main@_40 (6, 11) FAR 8126 UNDEF 0.00
expand: main@_40 (6, 0) FAR  w(0) 8126. F 0.01
expand: main@.lr.ph!_Cond (7, 0) FAR  w(0) 8043. F 0.01
expand: main@.lr.ph (8, 0) FAR  w(0) 7950. F 0.00
expand: main@entry (9, 0) FAR  w(0) 1. F 0.00
expand: main@entry!_BAD (10, 0) FAR  w(0) 1. F 0.00
expand: query!0 (11, 0) FAR  w(0) 1. F 0.00
(spacer::context::check_reachability :time 0.20 :before-memory 16.89 :after-memory 20.71)
Propagating: 3 4 5 6 7 8 
(spacer::context::propagate :time 0.01 :before-memory 20.71 :after-memory 21.24)
(define-fun main@entry!_BAD () Bool
  false)
(define-fun main@_40 ((x!0 Bool)
 (x!1 Int)
 (x!2 (Array Int Int))
 (x!3 Int)
 (x!4 Int)
 (x!5 Int)
 (x!6 Int)
 (x!7 Int)) Bool
  (let ((a!1 (>= (+ x!3 (* (- 1) (select x!2 x!1))) 0))
        (a!2 (<= (+ x!3 (* (- 1) (select x!2 x!1))) 0))
        (a!3 (+ x!3 (* (- 1) (select x!2 (+ 4 x!1)))))
        (a!4 (= (+ x!3 (* (- 1) (select x!2 x!1))) 0)))
    (and (or x!0 (not (= x!5 0)) (not (<= x!4 2)) a!1)
         (or x!0 (not (<= x!4 0)) (not (>= x!5 0)))
         (or x!0 a!2 (not (= x!5 0)) (not (<= x!4 2)))
         (or (not x!0) (not (= x!4 2)) (not (<= x!5 0)) (not (= a!3 0)))
         (or (not x!0) (not (= x!5 0)) (not (= x!4 2)) (not a!4)))))
(define-fun main@.lr.ph ((x!0 Bool)
 (x!1 Int)
 (x!2 (Array Int Int))
 (x!3 Int)
 (x!4 Int)
 (x!5 Int)
 (x!6 Int)
 (x!7 Int)
 (x!8 Int)) Bool
  (let ((a!1 (>= (+ x!3 (* (- 1) (select x!2 x!1))) 0))
        (a!2 (<= (+ x!3 (* (- 1) (select x!2 x!1))) 0))
        (a!3 (+ x!3 (* (- 1) (select x!2 (+ 16 x!1)))))
        (a!4 (+ x!3 (* (- 1) (select x!2 (+ 12 x!1)))))
        (a!5 (+ x!3 (* (- 1) (select x!2 (+ 4 x!1)))))
        (a!6 (= (+ x!3 (* (- 1) (select x!2 x!1))) 0)))
    (and (or x!0 (not (= x!5 0)) a!1 (not (<= x!4 2)))
         (or x!0 (not (>= x!5 0)) (not (<= x!4 0)))
         (or x!0 (not (= x!5 0)) a!2 (not (<= x!4 2)))
         (or (not (= x!6 4)) (not x!0) (not (= a!3 0)) (not (= x!4 3)))
         (or (not (= x!4 2)) (not (= x!6 4)) (not x!0) (not (= a!3 0)))
         (or (not (= x!4 2)) (not (= x!6 4)) (not x!0) (not (= a!4 0)))
         (or (not x!0) (not (<= x!4 0)) (not (= x!6 1)) (not (= a!5 0)))
         (or (not (= x!4 2)) (not x!0) (not (<= x!5 0)) (not (= a!5 0)))
         (or (not (= x!4 2)) (not (= x!5 0)) (not x!0) (not a!6)))))
(define-fun main@.lr.ph!_Cond ((x!0 Int)
 (x!1 Int)
 (x!2 Int)
 (x!3 (Array Int Int))
 (x!4 Int)
 (x!5 Bool)
 (x!6 Int)
 (x!7 Int)
 (x!8 Int)) Bool
  (let ((a!1 (>= (+ x!4 (* (- 1) (select x!3 x!2))) 0))
        (a!2 (<= (+ x!4 (* (- 1) (select x!3 x!2))) 0))
        (a!3 (+ x!4 (* (- 1) (select x!3 (+ 16 x!2)))))
        (a!4 (+ x!4 (* (- 1) (select x!3 (+ 12 x!2)))))
        (a!5 (+ x!4 (* (- 1) (select x!3 (+ 4 x!2)))))
        (a!6 (= (+ x!4 (* (- 1) (select x!3 x!2))) 0)))
    (and (or x!5 (not (= x!7 0)) a!1 (not (<= x!6 2)))
         (or x!5 (not (>= x!7 0)) (not (<= x!6 0)))
         (or x!5 a!2 (not (= x!7 0)) (not (<= x!6 2)))
         (or (not x!5) (not (= x!8 4)) (not (= a!3 0)) (not (= x!6 3)))
         (or (not x!5) (not (= x!6 2)) (not (= x!8 4)) (not (= a!3 0)))
         (or (not x!5) (not (= x!6 2)) (not (= x!8 4)) (not (= a!4 0)))
         (or (not x!5) (not (<= x!6 0)) (not (= x!8 1)) (not (= a!5 0)))
         (or (not x!5) (not (= x!6 2)) (not (<= x!7 0)) (not (= a!5 0)))
         (or (not x!5) (not (= x!6 2)) (not (= x!7 0)) (not a!6)))))
(define-fun main@_43 ((x!0 Bool)
 (x!1 Int)
 (x!2 (Array Int Int))
 (x!3 Int)
 (x!4 Int)
 (x!5 Int)
 (x!6 Int)
 (x!7 Int)) Bool
  (let ((a!1 (+ x!3 (* (- 1) (select x!2 (+ 4 x!1)))))
        (a!2 (+ x!3 (* (- 1) (select x!2 (+ 16 x!1)))))
        (a!3 (+ x!3 (* (- 1) (select x!2 (+ 12 x!1))))))
    (and (or (not x!0) (not (= a!1 0)) (not (= x!5 1)) (not (<= x!4 0)))
         (or (not x!0) (not (= x!4 3)) (not (= x!5 4)) (not (= a!2 0)))
         (or (not x!0) (not (= x!4 2)) (not (= x!5 4)) (not (= a!2 0)))
         (or (not x!0) (not (= a!3 0)) (not (= x!4 2)) (not (= x!5 4))))))
(define-fun main@entry ((x!0 Int) (x!1 Int) (x!2 Int)) Bool
  false)
