(transform N7datalog13mk_coi_filterE...no-op 0s)
(transform N7datalog25mk_interp_tail_simplifierE...12 rules 0.001s)
(transform N7datalog27mk_quantifier_instantiationE...no-op 0s)
(transform N7datalog8mk_scaleE...no-op 0s)
(transform N7datalog18mk_karr_invariantsE...no-op 0s)
(transform N7datalog14mk_array_blastE...no-op 0s)
(transform N7datalog16mk_elim_term_iteE...no-op 0s)
(transform N7datalog22mk_subsumption_checkerE...11 rules 0s)
(transform N7datalog12mk_bit_blastE...no-op 0s)
(transform N7datalog15mk_rule_inlinerE...no-op 0s)
(transform N7datalog13mk_coi_filterE...no-op 0s)
(transform N7datalog25mk_interp_tail_simplifierE...11 rules 0s)
(transform N7datalog22mk_subsumption_checkerE...no-op 0s)
(transform N7datalog15mk_rule_inlinerE...no-op 0s)
(transform N7datalog13mk_coi_filterE...no-op 0s)
(transform N7datalog25mk_interp_tail_simplifierE...11 rules 0s)
(transform N7datalog22mk_subsumption_checkerE...no-op 0s)
(transform N7datalog15mk_rule_inlinerE...no-op 0s)
(transform N7datalog22mk_subsumption_checkerE...no-op 0s)
(transform N7datalog15mk_rule_inlinerE...no-op 0s)
(transform N7datalog22mk_subsumption_checkerE...no-op 0s)
(transform N7datalog15mk_rule_inlinerE...no-op 0s)
(transform N7datalog22mk_subsumption_checkerE...no-op 0s)
expand: query!0 (0, 0) FAR  w(0) 1. F 0.00
(spacer::context::check_reachability :time 0.00 :before-memory 12.15 :after-memory 12.34)
Entering level 1
expand: query!0 (1, 0) FAR  w(0) 1.
	create_child: main@entry!_BAD (0, 1) FAR 1 U 0.00
expand: main@entry!_BAD (0, 0) FAR  w(0) 1. F 0.00
expand: query!0 (1, 0) FAR  w(0) 1. F 0.00
(spacer::context::check_reachability :time 0.00 :before-memory 12.34 :after-memory 12.53)
Propagating: 0 1  ! 2 
(spacer::context::propagate :time 0.00 :before-memory 12.53 :after-memory 12.53)
Entering level 2
expand: query!0 (2, 0) FAR  w(0) 1.
	create_child: main@entry!_BAD (1, 2) FAR 1 U 0.00
expand: main@entry!_BAD (1, 0) FAR  w(0) 1.
	create_child: main@entry (0, 2) FAR 1 U 0.00
expand: main@entry (0, 0) FAR  w(0) 1. F 0.00
expand: main@entry!_BAD (1, 0) FAR  w(0) 1. F 0.00
expand: query!0 (2, 0) FAR  w(0) 1. F 0.00
(spacer::context::check_reachability :time 0.00 :before-memory 12.53 :after-memory 12.72)
Propagating: 0 1 2  ! 3 
(spacer::context::propagate :time 0.00 :before-memory 12.72 :after-memory 12.72)
Entering level 3
expand: query!0 (3, 0) FAR  w(0) 1.
	create_child: main@entry!_BAD (2, 3) FAR 1 U 0.00
expand: main@entry!_BAD (2, 0) FAR  w(0) 1.
	create_child: main@entry (1, 3) FAR 1 U 0.00
expand: main@entry (1, 0) FAR  w(0) 1.
	create_child: main@_10 (0, 3) FAR 1574 U 0.00
expand: main@_10 (0, 0) FAR  w(0) 1574. F 0.00
expand: main@entry (1, 0) FAR  w(0) 1.
	create_child: main@.lr.ph (0, 3) FAR 1720 U 0.00
expand: main@.lr.ph (0, 0) FAR  w(0) 1720. F 0.00
expand: main@entry (1, 0) FAR  w(0) 1. F 0.00
expand: main@entry!_BAD (2, 0) FAR  w(0) 1. F 0.00
expand: query!0 (3, 0) FAR  w(0) 1. F 0.00
(spacer::context::check_reachability :time 0.00 :before-memory 12.72 :after-memory 13.21)
Propagating: 0 1 2 3  ! 4 
(spacer::context::propagate :time 0.00 :before-memory 13.21 :after-memory 13.21)
Entering level 4
expand: query!0 (4, 0) FAR  w(0) 1.
	create_child: main@entry!_BAD (3, 4) FAR 1 U 0.00
expand: main@entry!_BAD (3, 0) FAR  w(0) 1.
	create_child: main@entry (2, 4) FAR 1 U 0.00
expand: main@entry (2, 0) FAR  w(0) 1.
	create_child: main@_10 (1, 4) FAR 1574 U 0.00
expand: main@_10 (1, 0) FAR  w(0) 1574.
	create_child: main@_10!_Cond (0, 4) FAR 2473 U 0.00
expand: main@_10!_Cond (0, 0) FAR  w(0) 2473. F 0.00
expand: main@_10 (1, 0) FAR  w(0) 1574. F 0.00
expand: main@entry (2, 0) FAR  w(0) 1.
	create_child: main@.lr.ph (1, 4) FAR 1720 U 0.00
expand: main@.lr.ph (1, 0) FAR  w(0) 1720.
	create_child: main@.lr.ph (0, 4) FAR 2925 U 0.00
expand: main@.lr.ph (0, 0) FAR  w(0) 2925. F 0.00
expand: main@.lr.ph (1, 0) FAR  w(0) 1720. F 0.00
expand: main@entry (2, 0) FAR  w(0) 1. F 0.00
expand: main@entry!_BAD (3, 0) FAR  w(0) 1. F 0.00
expand: query!0 (4, 0) FAR  w(0) 1. F 0.00
(spacer::context::check_reachability :time 0.01 :before-memory 13.21 :after-memory 13.70)
Propagating: 0 1 2 3 4  ! 5 
(spacer::context::propagate :time 0.00 :before-memory 13.70 :after-memory 13.70)
Entering level 5
expand: query!0 (5, 0) FAR  w(0) 1.
	create_child: main@entry!_BAD (4, 5) FAR 1 U 0.00
expand: main@entry!_BAD (4, 0) FAR  w(0) 1.
	create_child: main@entry (3, 5) FAR 1 U 0.00
expand: main@entry (3, 0) FAR  w(0) 1.
	create_child: main@_10 (2, 5) FAR 1574 U 0.00
expand: main@_10 (2, 0) FAR  w(0) 1574.
	create_child: main@_10!_Cond (1, 5) FAR 2473 U 0.00
expand: main@_10!_Cond (1, 0) FAR  w(0) 2473.
	create_child: main@_17 (0, 5) FAR 4095 U 0.00
expand: main@_17 (0, 0) FAR  w(0) 4095. F 0.00
expand: main@_10!_Cond (1, 0) FAR  w(0) 2473. F 0.00
expand: main@_10 (2, 0) FAR  w(0) 1574. F 0.00
expand: main@entry (3, 0) FAR  w(0) 1. F 0.00
expand: main@entry!_BAD (4, 0) FAR  w(0) 1. F 0.00
expand: query!0 (5, 0) FAR  w(0) 1. F 0.00
(spacer::context::check_reachability :time 0.00 :before-memory 13.70 :after-memory 14.00)
Propagating: 0 1 2 3 4 5  ! 6 
(spacer::context::propagate :time 0.00 :before-memory 14.00 :after-memory 14.00)
Entering level 6
expand: query!0 (6, 0) FAR  w(0) 1.
	create_child: main@entry!_BAD (5, 6) FAR 1 U 0.00
expand: main@entry!_BAD (5, 0) FAR  w(0) 1.
	create_child: main@entry (4, 6) FAR 1 U 0.00
expand: main@entry (4, 0) FAR  w(0) 1.
	create_child: main@_10 (3, 6) FAR 1574 U 0.00
expand: main@_10 (3, 0) FAR  w(0) 1574.
	create_child: main@_10!_Cond (2, 6) FAR 2473 U 0.00
expand: main@_10!_Cond (2, 0) FAR  w(0) 2473.
	create_child: main@_17 (1, 6) FAR 4095 U 0.00
expand: main@_17 (1, 0) FAR  w(0) 4095. F 0.00
expand: main@_10!_Cond (2, 0) FAR  w(0) 2473. F 0.00
expand: main@_10 (3, 0) FAR  w(0) 1574. F 0.00
expand: main@entry (4, 0) FAR  w(0) 1. F 0.00
expand: main@entry!_BAD (5, 0) FAR  w(0) 1. F 0.00
expand: query!0 (6, 0) FAR  w(0) 1. F 0.00
(spacer::context::check_reachability :time 0.00 :before-memory 14.00 :after-memory 14.09)
Propagating: 1 2 3 
(spacer::context::propagate :time 0.00 :before-memory 14.09 :after-memory 14.09)
(define-fun main@entry!_BAD () Bool
  false)
(define-fun main@_10!_Cond ((x!0 Int) (x!1 Int) (x!2 Int) (x!3 Int)) Bool
  (or (not (<= x!2 9)) (not (>= x!3 9))))
(define-fun main@_13 ((x!0 Int) (x!1 Int) (x!2 Int)) Bool
  true)
(define-fun main@.lr.ph ((x!0 Int) (x!1 Int) (x!2 Int)) Bool
  (let ((a!1 (not (>= (+ x!0 (* (- 1) x!1)) 0))))
    (or (not (>= x!0 8)) a!1)))
(define-fun main@entry ((x!0 Int) (x!1 Int) (x!2 Int)) Bool
  false)
(define-fun main@_10 ((x!0 Int) (x!1 Int) (x!2 Int) (x!3 Int)) Bool
  (not (<= x!1 9)))
(define-fun main@_17 ((x!0 Int) (x!1 Int) (x!2 Int)) Bool
  (or (not (<= x!1 9)) (not (>= x!2 9))))
