(transform N7datalog13mk_coi_filterE...no-op 0s)
(transform N7datalog25mk_interp_tail_simplifierE...11 rules 0.001s)
(transform N7datalog27mk_quantifier_instantiationE...no-op 0s)
(transform N7datalog8mk_scaleE...no-op 0s)
(transform N7datalog18mk_karr_invariantsE...no-op 0s)
(transform N7datalog14mk_array_blastE...no-op 0s)
(transform N7datalog16mk_elim_term_iteE...no-op 0s)
(transform N7datalog22mk_subsumption_checkerE...10 rules 0s)
(transform N7datalog12mk_bit_blastE...no-op 0s)
(transform N7datalog15mk_rule_inlinerE...no-op 0s)
(transform N7datalog13mk_coi_filterE...no-op 0s)
(transform N7datalog25mk_interp_tail_simplifierE...10 rules 0s)
(transform N7datalog22mk_subsumption_checkerE...no-op 0s)
(transform N7datalog15mk_rule_inlinerE...no-op 0s)
(transform N7datalog13mk_coi_filterE...no-op 0s)
(transform N7datalog25mk_interp_tail_simplifierE...10 rules 0s)
(transform N7datalog22mk_subsumption_checkerE...no-op 0s)
(transform N7datalog15mk_rule_inlinerE...no-op 0s)
(transform N7datalog22mk_subsumption_checkerE...no-op 0s)
(transform N7datalog15mk_rule_inlinerE...no-op 0s)
(transform N7datalog22mk_subsumption_checkerE...no-op 0s)
(transform N7datalog15mk_rule_inlinerE...no-op 0s)
(transform N7datalog22mk_subsumption_checkerE...no-op 0s)
expand: query!0 (0, 0) FAR  w(0) 1. F 0.00
(spacer::context::check_reachability :time 0.00 :before-memory 11.36 :after-memory 11.45)
Entering level 1
expand: query!0 (1, 0) FAR  w(0) 1.
	create_child: main@entry!_BAD (0, 1) FAR 1 U 0.00
expand: main@entry!_BAD (0, 0) FAR  w(0) 1. F 0.00
expand: query!0 (1, 0) FAR  w(0) 1. F 0.00
(spacer::context::check_reachability :time 0.00 :before-memory 11.45 :after-memory 11.55)
Propagating: 0 1  ! 2 
(spacer::context::propagate :time 0.00 :before-memory 11.55 :after-memory 11.64)
Entering level 2
expand: query!0 (2, 0) FAR  w(0) 1.
	create_child: main@entry!_BAD (1, 2) FAR 1 U 0.00
expand: main@entry!_BAD (1, 0) FAR  w(0) 1.
	create_child: main@entry (0, 2) FAR 1 U 0.00
expand: main@entry (0, 0) FAR  w(0) 1. F 0.00
expand: main@entry!_BAD (1, 0) FAR  w(0) 1. F 0.00
expand: query!0 (2, 0) FAR  w(0) 1. F 0.00
(spacer::context::check_reachability :time 0.00 :before-memory 11.64 :after-memory 11.74)
Propagating: 0 1 2  ! 3 
(spacer::context::propagate :time 0.00 :before-memory 11.74 :after-memory 11.74)
Entering level 3
expand: query!0 (3, 0) FAR  w(0) 1.
	create_child: main@entry!_BAD (2, 3) FAR 1 U 0.00
expand: main@entry!_BAD (2, 0) FAR  w(0) 1.
	create_child: main@entry (1, 3) FAR 1 U 0.00
expand: main@entry (1, 0) FAR  w(0) 1.
	create_child: main@entry!_Cond (0, 3) FAR 1447 U 0.00
expand: main@entry!_Cond (0, 0) FAR  w(0) 1447. F 0.00
expand: main@entry (1, 0) FAR  w(0) 1. F 0.00
expand: main@entry!_BAD (2, 0) FAR  w(0) 1. F 0.00
expand: query!0 (3, 0) FAR  w(0) 1. F 0.00
(spacer::context::check_reachability :time 0.00 :before-memory 11.74 :after-memory 11.93)
Propagating: 0 1 2 3  ! 4 
(spacer::context::propagate :time 0.00 :before-memory 11.93 :after-memory 12.03)
Entering level 4
expand: query!0 (4, 0) FAR  w(0) 1.
	create_child: main@entry!_BAD (3, 4) FAR 1 U 0.00
expand: main@entry!_BAD (3, 0) FAR  w(0) 1.
	create_child: main@entry (2, 4) FAR 1 U 0.00
expand: main@entry (2, 0) FAR  w(0) 1.
	create_child: main@entry!_Cond (1, 4) FAR 1447 U 0.00
expand: main@entry!_Cond (1, 0) FAR  w(0) 1447.
	create_child: main@_12 (0, 4) FAR 1988 U 0.00
expand: main@_12 (0, 0) FAR  w(0) 1988. F 0.00
expand: main@entry!_Cond (1, 0) FAR  w(0) 1447.
	create_child: main@_9 (0, 4) FAR 2376 U 0.00
expand: main@_9 (0, 0) FAR  w(0) 2376. F 0.00
expand: main@entry!_Cond (1, 0) FAR  w(0) 1447. F 0.00
expand: main@entry (2, 0) FAR  w(0) 1. F 0.00
expand: main@entry!_BAD (3, 0) FAR  w(0) 1. F 0.00
expand: query!0 (4, 0) FAR  w(0) 1. F 0.00
(spacer::context::check_reachability :time 0.00 :before-memory 12.03 :after-memory 12.62)
Propagating: 0 1 2 3 4  ! 5 
(spacer::context::propagate :time 0.00 :before-memory 12.62 :after-memory 12.62)
Entering level 5
expand: query!0 (5, 0) FAR  w(0) 1.
	create_child: main@entry!_BAD (4, 5) FAR 1 U 0.00
expand: main@entry!_BAD (4, 0) FAR  w(0) 1.
	create_child: main@entry (3, 5) FAR 1 U 0.00
expand: main@entry (3, 0) FAR  w(0) 1.
	create_child: main@entry!_Cond (2, 5) FAR 1447 U 0.00
expand: main@entry!_Cond (2, 0) FAR  w(0) 1447.
	create_child: main@_12 (1, 5) FAR 1988 U 0.00
expand: main@_12 (1, 0) FAR  w(0) 1988. F 0.00
expand: main@entry!_Cond (2, 0) FAR  w(0) 1447.
	create_child: main@_9 (1, 5) FAR 2860 U 0.00
expand: main@_9 (1, 0) FAR  w(0) 2860.
	create_child: main@_12 (1, 5) FAR 3040 X 0.00
expand: main@_12 (1, 0) FAR  w(0) 3040. T 0.00
is-reachable: main@entry!_Cond (2, 0) FAR 1447 T 0.00
is-reachable: main@entry (3, 0) FAR 1 T 0.00
is-reachable: main@entry!_BAD (4, 0) FAR 1 T 0.00
is-reachable: query!0 (5, 0) FAR 1 T 0.00
(spacer::context::check_reachability :time 0.01 :before-memory 12.62 :after-memory 12.91)
