(transform N7datalog13mk_coi_filterE...no-op 0s)
(transform N7datalog25mk_interp_tail_simplifierE...12 rules 0.001s)
(transform N7datalog27mk_quantifier_instantiationE...no-op 0s)
(transform N7datalog8mk_scaleE...no-op 0s)
(transform N7datalog18mk_karr_invariantsE...no-op 0s)
(transform N7datalog14mk_array_blastE...no-op 0s)
(transform N7datalog16mk_elim_term_iteE...no-op 0s)
(transform N7datalog22mk_subsumption_checkerE...11 rules 0s)
(transform N7datalog12mk_bit_blastE...no-op 0s)
(transform N7datalog15mk_rule_inlinerE...no-op 0s)
(transform N7datalog13mk_coi_filterE...no-op 0s)
(transform N7datalog25mk_interp_tail_simplifierE...11 rules 0s)
(transform N7datalog22mk_subsumption_checkerE...no-op 0s)
(transform N7datalog15mk_rule_inlinerE...no-op 0s)
(transform N7datalog13mk_coi_filterE...no-op 0s)
(transform N7datalog25mk_interp_tail_simplifierE...11 rules 0s)
(transform N7datalog22mk_subsumption_checkerE...no-op 0s)
(transform N7datalog15mk_rule_inlinerE...no-op 0s)
(transform N7datalog22mk_subsumption_checkerE...no-op 0s)
(transform N7datalog15mk_rule_inlinerE...no-op 0s)
(transform N7datalog22mk_subsumption_checkerE...no-op 0s)
(transform N7datalog15mk_rule_inlinerE...no-op 0s)
(transform N7datalog22mk_subsumption_checkerE...no-op 0s)
expand: query!0 (0, 0) FAR  w(0) 1. F 0.00
(spacer::context::check_reachability :time 0.00 :before-memory 12.30 :after-memory 12.40)
Entering level 1
expand: query!0 (1, 0) FAR  w(0) 1.
	create_child: main@entry!_BAD (0, 1) FAR 1 U 0.00
expand: main@entry!_BAD (0, 0) FAR  w(0) 1. F 0.00
expand: query!0 (1, 0) FAR  w(0) 1. F 0.00
(spacer::context::check_reachability :time 0.00 :before-memory 12.40 :after-memory 12.50)
Propagating: 0 1  ! 2 
(spacer::context::propagate :time 0.00 :before-memory 12.50 :after-memory 12.50)
Entering level 2
expand: query!0 (2, 0) FAR  w(0) 1.
	create_child: main@entry!_BAD (1, 2) FAR 1 U 0.00
expand: main@entry!_BAD (1, 0) FAR  w(0) 1.
	create_child: main@entry (0, 2) FAR 1 U 0.00
expand: main@entry (0, 0) FAR  w(0) 1. F 0.00
expand: main@entry!_BAD (1, 0) FAR  w(0) 1. F 0.00
expand: query!0 (2, 0) FAR  w(0) 1. F 0.00
(spacer::context::check_reachability :time 0.00 :before-memory 12.50 :after-memory 12.69)
Propagating: 0 1 2  ! 3 
(spacer::context::propagate :time 0.00 :before-memory 12.69 :after-memory 12.78)
Entering level 3
expand: query!0 (3, 0) FAR  w(0) 1.
	create_child: main@entry!_BAD (2, 3) FAR 1 U 0.00
expand: main@entry!_BAD (2, 0) FAR  w(0) 1.
	create_child: main@entry (1, 3) FAR 1 U 0.00
expand: main@entry (1, 0) FAR  w(0) 1.
	create_child: main@_10 (0, 3) FAR 1703 U 0.00
expand: main@_10 (0, 0) FAR  w(0) 1703. F 0.00
expand: main@entry (1, 0) FAR  w(0) 1.
	create_child: main@.lr.ph (0, 3) FAR 1848 U 0.00
expand: main@.lr.ph (0, 0) FAR  w(0) 1848. F 0.00
expand: main@entry (1, 0) FAR  w(0) 1. F 0.00
expand: main@entry!_BAD (2, 0) FAR  w(0) 1. F 0.00
expand: query!0 (3, 0) FAR  w(0) 1. F 0.00
(spacer::context::check_reachability :time 0.00 :before-memory 12.78 :after-memory 13.17)
Propagating: 0 1 2 3  ! 4 
(spacer::context::propagate :time 0.00 :before-memory 13.17 :after-memory 13.42)
Entering level 4
expand: query!0 (4, 0) FAR  w(0) 1.
	create_child: main@entry!_BAD (3, 4) FAR 1 U 0.00
expand: main@entry!_BAD (3, 0) FAR  w(0) 1.
	create_child: main@entry (2, 4) FAR 1 U 0.00
expand: main@entry (2, 0) FAR  w(0) 1.
	create_child: main@_10 (1, 4) FAR 1703 U 0.00
expand: main@_10 (1, 0) FAR  w(0) 1703.
	create_child: main@_10!_Cond (0, 4) FAR 2544 U 0.00
expand: main@_10!_Cond (0, 0) FAR  w(0) 2544. F 0.00
expand: main@_10 (1, 0) FAR  w(0) 1703. F 0.00
expand: main@entry (2, 0) FAR  w(0) 1.
	create_child: main@.lr.ph (1, 4) FAR 1848 U 0.00
expand: main@.lr.ph (1, 0) FAR  w(0) 1848.
	create_child: main@.lr.ph (0, 4) FAR 3022 U 0.00
expand: main@.lr.ph (0, 0) FAR  w(0) 3022. F 0.00
expand: main@.lr.ph (1, 0) FAR  w(0) 1848. F 0.00
expand: main@entry (2, 0) FAR  w(0) 1. F 0.00
expand: main@entry!_BAD (3, 0) FAR  w(0) 1. F 0.00
expand: query!0 (4, 0) FAR  w(0) 1. F 0.00
(spacer::context::check_reachability :time 0.01 :before-memory 13.42 :after-memory 13.71)
Propagating: 0 1 2 3 4  ! 5 
(spacer::context::propagate :time 0.00 :before-memory 13.71 :after-memory 13.80)
Entering level 5
expand: query!0 (5, 0) FAR  w(0) 1.
	create_child: main@entry!_BAD (4, 5) FAR 1 U 0.00
expand: main@entry!_BAD (4, 0) FAR  w(0) 1.
	create_child: main@entry (3, 5) FAR 1 U 0.00
expand: main@entry (3, 0) FAR  w(0) 1.
	create_child: main@_10 (2, 5) FAR 1703 U 0.00
expand: main@_10 (2, 0) FAR  w(0) 1703.
	create_child: main@_10!_Cond (1, 5) FAR 2544 U 0.00
expand: main@_10!_Cond (1, 0) FAR  w(0) 2544.
	create_child: main@_13 (0, 5) FAR 4301 U 0.00
expand: main@_13 (0, 0) FAR  w(0) 4301. F 0.00
expand: main@_10!_Cond (1, 0) FAR  w(0) 2544. F 0.00
expand: main@_10 (2, 0) FAR  w(0) 1703. F 0.00
expand: main@entry (3, 0) FAR  w(0) 1.
	create_child: main@.lr.ph (2, 5) FAR 1848 U 0.00
expand: main@.lr.ph (2, 0) FAR  w(0) 1848.
	create_child: main@.lr.ph (1, 5) FAR 3022 U 0.00
expand: main@.lr.ph (1, 0) FAR  w(0) 3022.
	create_child: main@.lr.ph (0, 5) FAR 4583 U 0.00
expand: main@.lr.ph (0, 0) FAR  w(0) 4583. F 0.00
expand: main@.lr.ph (1, 0) FAR  w(0) 3022. F 0.00
expand: main@.lr.ph (2, 0) FAR  w(0) 1848. F 0.00
expand: main@entry (3, 0) FAR  w(0) 1. F 0.00
expand: main@entry!_BAD (4, 0) FAR  w(0) 1. F 0.00
expand: query!0 (5, 0) FAR  w(0) 1. F 0.00
(spacer::context::check_reachability :time 0.01 :before-memory 13.80 :after-memory 14.20)
Propagating: 0 1 2 3 4 5  ! 6 
(spacer::context::propagate :time 0.00 :before-memory 14.20 :after-memory 14.43)
Entering level 6
expand: query!0 (6, 0) FAR  w(0) 1.
	create_child: main@entry!_BAD (5, 6) FAR 1 U 0.00
expand: main@entry!_BAD (5, 0) FAR  w(0) 1.
	create_child: main@entry (4, 6) FAR 1 U 0.00
expand: main@entry (4, 0) FAR  w(0) 1.
	create_child: main@_10 (3, 6) FAR 1703 U 0.00
expand: main@_10 (3, 0) FAR  w(0) 1703.
	create_child: main@_10!_Cond (2, 6) FAR 2544 U 0.00
expand: main@_10!_Cond (2, 0) FAR  w(0) 2544.
	create_child: main@_13 (1, 6) FAR 4301 U 0.00
expand: main@_13 (1, 0) FAR  w(0) 4301.
	create_child: main@_17 (0, 6) FAR 6127 U 0.00
expand: main@_17 (0, 0) FAR  w(0) 6127. F 0.00
expand: main@_13 (1, 0) FAR  w(0) 4301. F 0.00
expand: main@_10!_Cond (2, 0) FAR  w(0) 2544.
	create_child: main@_17 (1, 6) FAR 6821 U 0.00
expand: main@_17 (1, 0) FAR  w(0) 6821.
	create_child: main@.lr.ph (0, 6) FAR 6941 U 0.00
expand: main@.lr.ph (0, 0) FAR  w(0) 6941. F 0.00
expand: main@_17 (1, 0) FAR  w(0) 6821. F 0.00
expand: main@_10!_Cond (2, 0) FAR  w(0) 2544. F 0.00
expand: main@_10 (3, 0) FAR  w(0) 1703. F 0.00
expand: main@entry (4, 0) FAR  w(0) 1.
	create_child: main@.lr.ph (3, 6) FAR 1848 U 0.00
expand: main@.lr.ph (3, 0) FAR  w(0) 1848.
	create_child: main@.lr.ph (2, 6) FAR 3022 U 0.00
expand: main@.lr.ph (2, 0) FAR  w(0) 3022.
	create_child: main@.lr.ph (1, 6) FAR 4583 U 0.00
expand: main@.lr.ph (1, 0) FAR  w(0) 4583. F 0.00
expand: main@.lr.ph (2, 0) FAR  w(0) 3022. F 0.00
expand: main@.lr.ph (3, 0) FAR  w(0) 1848. F 0.00
expand: main@entry (4, 0) FAR  w(0) 1. F 0.00
expand: main@entry!_BAD (5, 0) FAR  w(0) 1. F 0.00
expand: query!0 (6, 0) FAR  w(0) 1. F 0.00
(spacer::context::check_reachability :time 0.02 :before-memory 14.43 :after-memory 15.21)
Propagating: 0 1 2 3 4 5 6  ! 7 
(spacer::context::propagate :time 0.00 :before-memory 15.21 :after-memory 15.31)
Entering level 7
expand: query!0 (7, 0) FAR  w(0) 1.
	create_child: main@entry!_BAD (6, 7) FAR 1 U 0.00
expand: main@entry!_BAD (6, 0) FAR  w(0) 1.
	create_child: main@entry (5, 7) FAR 1 U 0.00
expand: main@entry (5, 0) FAR  w(0) 1.
	create_child: main@_10 (4, 7) FAR 1703 U 0.00
expand: main@_10 (4, 0) FAR  w(0) 1703.
	create_child: main@_10!_Cond (3, 7) FAR 2544 U 0.00
expand: main@_10!_Cond (3, 0) FAR  w(0) 2544.
	create_child: main@_13 (2, 7) FAR 4301 U 0.00
expand: main@_13 (2, 0) FAR  w(0) 4301.
	create_child: main@_17 (1, 7) FAR 6127 U 0.00
expand: main@_17 (1, 0) FAR  w(0) 6127. F 0.00
expand: main@_13 (2, 0) FAR  w(0) 4301. F 0.00
expand: main@_10!_Cond (3, 0) FAR  w(0) 2544.
	create_child: main@_17 (2, 7) FAR 6821 U 0.00
expand: main@_17 (2, 0) FAR  w(0) 6821.
	create_child: main@.lr.ph (1, 7) FAR 6941 U 0.00
expand: main@.lr.ph (1, 0) FAR  w(0) 6941. F 0.00
expand: main@_17 (2, 0) FAR  w(0) 6821. F 0.00
expand: main@_10!_Cond (3, 0) FAR  w(0) 2544. F 0.00
expand: main@_10 (4, 0) FAR  w(0) 1703. F 0.00
expand: main@entry (5, 0) FAR  w(0) 1.
	create_child: main@.lr.ph (4, 7) FAR 1848 U 0.00
expand: main@.lr.ph (4, 0) FAR  w(0) 1848.
	create_child: main@.lr.ph (3, 7) FAR 3022 U 0.00
expand: main@.lr.ph (3, 0) FAR  w(0) 3022.
	create_child: main@.lr.ph (2, 7) FAR 4583 U 0.00
expand: main@.lr.ph (2, 0) FAR  w(0) 4583. F 0.00
expand: main@.lr.ph (3, 0) FAR  w(0) 3022. F 0.00
expand: main@.lr.ph (4, 0) FAR  w(0) 1848. F 0.00
expand: main@entry (5, 0) FAR  w(0) 1. F 0.00
expand: main@entry!_BAD (6, 0) FAR  w(0) 1. F 0.00
expand: query!0 (7, 0) FAR  w(0) 1. F 0.00
(spacer::context::check_reachability :time 0.02 :before-memory 15.31 :after-memory 15.69)
Propagating: 1 2 3 4 5 6 7  ! 8 
(spacer::context::propagate :time 0.01 :before-memory 15.69 :after-memory 16.19)
Entering level 8
expand: query!0 (8, 0) FAR  w(0) 1.
	create_child: main@entry!_BAD (7, 8) FAR 1 U 0.00
expand: main@entry!_BAD (7, 0) FAR  w(0) 1.
	create_child: main@entry (6, 8) FAR 1 U 0.00
expand: main@entry (6, 0) FAR  w(0) 1.
	create_child: main@_10 (5, 8) FAR 1703 U 0.00
expand: main@_10 (5, 0) FAR  w(0) 1703.
	create_child: main@_10!_Cond (4, 8) FAR 2544 U 0.00
expand: main@_10!_Cond (4, 0) FAR  w(0) 2544.
	create_child: main@_17 (3, 8) FAR 6821 U 0.00
expand: main@_17 (3, 0) FAR  w(0) 6821.
	create_child: main@.lr.ph (2, 8) FAR 6941 U 0.00
expand: main@.lr.ph (2, 0) FAR  w(0) 6941. F 0.00
expand: main@_17 (3, 0) FAR  w(0) 6821. F 0.00
expand: main@_10!_Cond (4, 0) FAR  w(0) 2544. F 0.00
expand: main@_10 (5, 0) FAR  w(0) 1703. F 0.00
expand: main@entry (6, 0) FAR  w(0) 1. F 0.00
expand: main@entry!_BAD (7, 0) FAR  w(0) 1. F 0.00
expand: query!0 (8, 0) FAR  w(0) 1. F 0.00
(spacer::context::check_reachability :time 0.01 :before-memory 16.19 :after-memory 16.69)
Propagating: 2 3 4 5 
(spacer::context::propagate :time 0.00 :before-memory 16.69 :after-memory 16.78)
(define-fun main@entry!_BAD () Bool
  false)
(define-fun main@_10!_Cond ((x!0 Int) (x!1 Int) (x!2 Int) (x!3 Int)) Bool
  (or (not (<= x!2 8)) (not (>= x!3 9)) (not (>= x!1 5))))
(define-fun main@_13 ((x!0 Int) (x!1 Int) (x!2 Int)) Bool
  (not (<= x!1 (- 9))))
(define-fun main@.lr.ph ((x!0 Int) (x!1 Int) (x!2 Int)) Bool
  (let ((a!1 (not (>= (+ x!0 (* (- 1) x!1)) 8)))
        (a!2 (not (= (+ x!0 (* (- 1) x!1)) 4)))
        (a!3 (not (= (+ x!0 (* (- 1) x!1)) 0))))
    (and (or (not (>= x!1 0))
             (not (<= x!1 8))
             (not (>= x!0 9))
             (not (>= x!2 5)))
         (or (not (>= x!1 0)) a!1 (not (>= x!2 5)))
         (or (not (>= x!0 10)) (not (>= x!2 5)) a!2)
         (or a!3 (not (>= x!1 9)) (not (>= x!2 5))))))
(define-fun main@entry ((x!0 Int) (x!1 Int) (x!2 Int)) Bool
  false)
(define-fun main@_10 ((x!0 Int) (x!1 Int) (x!2 Int) (x!3 Int)) Bool
  (or (not (<= x!1 8)) (not (>= x!0 5))))
(define-fun main@_17 ((x!0 Int) (x!1 Int) (x!2 Int)) Bool
  (let ((a!1 (or (not (>= x!2 9)) (not (= (+ x!1 x!2) 0)))))
    (and (or (not (>= x!2 9))
             (not (>= x!1 (- 9)))
             (not (<= x!1 8))
             (not (>= x!0 5)))
         a!1)))
