(transform N7datalog13mk_coi_filterE...no-op 0s)
(transform N7datalog25mk_interp_tail_simplifierE...8 rules 0.091s)
(transform N7datalog27mk_quantifier_instantiationE...no-op 0s)
(transform N7datalog8mk_scaleE...no-op 0s)
(transform N7datalog18mk_karr_invariantsE...no-op 0s)
(transform N7datalog14mk_array_blastE...no-op 0s)
(transform N7datalog16mk_elim_term_iteE...no-op 0s)
(transform N7datalog22mk_subsumption_checkerE...6 rules 0s)
(transform N7datalog12mk_bit_blastE...no-op 0s)
(transform N7datalog15mk_rule_inlinerE...no-op 0s)
(transform N7datalog13mk_coi_filterE...no-op 0s)
(transform N7datalog25mk_interp_tail_simplifierE...6 rules 0.003s)
(transform N7datalog22mk_subsumption_checkerE...no-op 0s)
(transform N7datalog15mk_rule_inlinerE...no-op 0s)
(transform N7datalog13mk_coi_filterE...no-op 0s)
(transform N7datalog25mk_interp_tail_simplifierE...6 rules 0.002s)
(transform N7datalog22mk_subsumption_checkerE...no-op 0s)
(transform N7datalog15mk_rule_inlinerE...no-op 0s)
(transform N7datalog22mk_subsumption_checkerE...no-op 0s)
(transform N7datalog15mk_rule_inlinerE...no-op 0s)
(transform N7datalog22mk_subsumption_checkerE...no-op 0s)
(transform N7datalog15mk_rule_inlinerE...no-op 0s)
(transform N7datalog22mk_subsumption_checkerE...no-op 0s)
expand: query!0 (0, 0) FAR  w(0) 1. F 0.00
(spacer::context::check_reachability :time 0.00 :before-memory 14.05 :after-memory 14.30)
Entering level 1
expand: query!0 (1, 0) FAR  w(0) 1.
	create_child: main@entry!_BAD (0, 1) FAR 1 U 0.00
expand: main@entry!_BAD (0, 0) FAR  w(0) 1. F 0.00
expand: query!0 (1, 0) FAR  w(0) 1. F 0.00
(spacer::context::check_reachability :time 0.00 :before-memory 14.30 :after-memory 14.61)
Propagating: 0 1  ! 2 
(spacer::context::propagate :time 0.00 :before-memory 14.61 :after-memory 14.61)
Entering level 2
expand: query!0 (2, 0) FAR  w(0) 1.
	create_child: main@entry!_BAD (1, 2) FAR 1 U 0.00
expand: main@entry!_BAD (1, 0) FAR  w(0) 1.
	create_child: main@entry (0, 2) FAR 1 U 0.00
expand: main@entry (0, 0) FAR  w(0) 1. F 0.00
expand: main@entry!_BAD (1, 0) FAR  w(0) 1. F 0.00
expand: query!0 (2, 0) FAR  w(0) 1. F 0.00
(spacer::context::check_reachability :time 0.00 :before-memory 14.61 :after-memory 15.26)
Propagating: 0 1 2  ! 3 
(spacer::context::propagate :time 0.00 :before-memory 15.26 :after-memory 15.26)
Entering level 3
expand: query!0 (3, 0) FAR  w(0) 1.
	create_child: main@entry!_BAD (2, 3) FAR 1 U 0.00
expand: main@entry!_BAD (2, 0) FAR  w(0) 1.
	create_child: main@entry (1, 3) FAR 1 U 0.00
expand: main@entry (1, 0) FAR  w(0) 1.
	create_child: main@empty.loop (0, 3) FAR 32605 U 0.00
expand: main@empty.loop (0, 0) FAR  w(0) 32605. F 0.00
expand: main@entry (1, 0) FAR  w(0) 1. F 0.00
expand: main@entry!_BAD (2, 0) FAR  w(0) 1. F 0.00
expand: query!0 (3, 0) FAR  w(0) 1. F 0.00
(spacer::context::check_reachability :time 0.00 :before-memory 15.26 :after-memory 15.97)
Propagating: 0 1 2 3  ! 4 
(spacer::context::propagate :time 0.00 :before-memory 15.97 :after-memory 15.97)
Entering level 4
expand: query!0 (4, 0) FAR  w(0) 1.
	create_child: main@entry!_BAD (3, 4) FAR 1 U 0.00
expand: main@entry!_BAD (3, 0) FAR  w(0) 1.
	create_child: main@entry (2, 4) FAR 1 U 0.00
expand: main@entry (2, 0) FAR  w(0) 1.
	create_child: main@empty.loop (1, 4) FAR 32605 U 0.00
expand: main@empty.loop (1, 0) FAR  w(0) 32605.
	create_child: main@_3 (0, 4) FAR 33515 U 0.00
expand: main@_3 (0, 0) FAR  w(0) 33515. F 0.03
expand: main@empty.loop (1, 0) FAR  w(0) 32605. F 0.00
expand: main@entry (2, 0) FAR  w(0) 1. F 0.00
expand: main@entry!_BAD (3, 0) FAR  w(0) 1. F 0.00
expand: query!0 (4, 0) FAR  w(0) 1. F 0.00
(spacer::context::check_reachability :time 0.03 :before-memory 15.97 :after-memory 23.79)
Propagating: 0 1 2 3 4  ! 5 
(spacer::context::propagate :time 0.00 :before-memory 23.79 :after-memory 24.08)
Entering level 5
expand: query!0 (5, 0) FAR  w(0) 1.
	create_child: main@entry!_BAD (4, 5) FAR 1 U 0.00
expand: main@entry!_BAD (4, 0) FAR  w(0) 1.
	create_child: main@entry (3, 5) FAR 1 U 0.00
expand: main@entry (3, 0) FAR  w(0) 1.
	create_child: main@empty.loop (2, 5) FAR 32605 U 0.00
expand: main@empty.loop (2, 0) FAR  w(0) 32605.
	create_child: main@_3 (1, 5) FAR 33515 U 0.00
expand: main@_3 (1, 0) FAR  w(0) 33515.
	create_child: main@_3 (0, 5) FAR 66528 UNDEF 0.03
expand: main@_3 (0, 0) FAR  w(0) 66528. F 0.01
expand: main@_3 (1, 0) FAR  w(0) 33515. F 0.08
expand: main@empty.loop (2, 0) FAR  w(0) 32605. F 0.00
expand: main@entry (3, 0) FAR  w(0) 1. F 0.00
expand: main@entry!_BAD (4, 0) FAR  w(0) 1. F 0.00
expand: query!0 (5, 0) FAR  w(0) 1. F 0.00
(spacer::context::check_reachability :time 0.12 :before-memory 24.08 :after-memory 27.36)
Propagating: 0 1 2 3 4 5  ! 6 
(spacer::context::propagate :time 0.01 :before-memory 27.36 :after-memory 27.45)
Entering level 6
expand: query!0 (6, 0) FAR  w(0) 1.
	create_child: main@entry!_BAD (5, 6) FAR 1 U 0.00
expand: main@entry!_BAD (5, 0) FAR  w(0) 1.
	create_child: main@entry (4, 6) FAR 1 U 0.00
expand: main@entry (4, 0) FAR  w(0) 1.
	create_child: main@empty.loop (3, 6) FAR 32605 U 0.00
expand: main@empty.loop (3, 0) FAR  w(0) 32605.
	create_child: main@_3 (2, 6) FAR 33515 U 0.00
expand: main@_3 (2, 0) FAR  w(0) 33515.
	create_child: main@_3 (1, 6) FAR 75555 UNDEF 0.01
expand: main@_3 (1, 0) FAR  w(0) 75555. T 0.01
is-reachable: main@_3 (2, 0) FAR 33515 F 0.01
expand: main@_3 (2, 0) FAR  w(1) 33515.
	create_child: main@_3 (1, 6) FAR 76286 U 0.01
expand: main@_3 (1, 0) FAR  w(0) 76286.
	create_child: main@_3 (0, 6) FAR 76577 UNDEF 0.01
expand: main@_3 (0, 0) FAR  w(0) 76577. F 0.01
expand: main@_3 (1, 0) FAR  w(0) 76286. F 0.05
expand: main@_3 (2, 0) FAR  w(1) 33515.
	create_child: main@_3 (1, 6) FAR 80527 U 0.01
expand: main@_3 (1, 0) FAR  w(0) 80527. F 0.08
expand: main@_3 (2, 0) FAR  w(1) 33515.
	create_child: main@_3 (1, 6) FAR 85000 U 0.02
expand: main@_3 (1, 0) FAR  w(0) 85000. F 0.05
expand: main@_3 (2, 0) FAR  w(1) 33515.
	create_child: main@_3 (1, 6) FAR 88068 U 0.01
expand: main@_3 (1, 0) FAR  w(0) 88068. F 0.06
expand: main@_3 (2, 0) FAR  w(1) 33515.
	create_child: main@_3 (1, 6) FAR 92276 U 0.02
expand: main@_3 (1, 0) FAR  w(0) 92276. F 0.08
expand: main@_3 (2, 0) FAR  w(1) 33515. F 0.09
expand: main@empty.loop (3, 0) FAR  w(0) 32605. F 0.01
expand: main@entry (4, 0) FAR  w(0) 1. F 0.00
expand: main@entry!_BAD (5, 0) FAR  w(0) 1. F 0.00
expand: query!0 (6, 0) FAR  w(0) 1. F 0.00
(spacer::context::check_reachability :time 0.54 :before-memory 27.45 :after-memory 35.05)
Propagating: 0 1 2 3 4 5 6  ! 7 
(spacer::context::propagate :time 0.05 :before-memory 35.05 :after-memory 35.35)
Entering level 7
expand: query!0 (7, 0) FAR  w(0) 1.
	create_child: main@entry!_BAD (6, 7) FAR 1 U 0.00
expand: main@entry!_BAD (6, 0) FAR  w(0) 1.
	create_child: main@entry (5, 7) FAR 1 U 0.00
expand: main@entry (5, 0) FAR  w(0) 1.
	create_child: main@empty.loop (4, 7) FAR 32605 U 0.00
expand: main@empty.loop (4, 0) FAR  w(0) 32605.
	create_child: main@_3 (3, 7) FAR 33515 U 0.00
expand: main@_3 (3, 0) FAR  w(0) 33515.
	create_child: main@_3 (2, 7) FAR 85000 U 0.01
expand: main@_3 (2, 0) FAR  w(0) 85000. F 0.06
expand: main@_3 (3, 0) FAR  w(0) 33515.
	create_child: main@_3 (2, 7) FAR 80527 U 0.01
expand: main@_3 (2, 0) FAR  w(0) 80527.
	create_child: main@_3 (1, 7) FAR 103625 U 0.01
expand: main@_3 (1, 0) FAR  w(0) 103625. F 0.03
expand: main@_3 (2, 0) FAR  w(0) 80527.
	create_child: main@_3 (1, 7) FAR 106395 U 0.01
expand: main@_3 (1, 0) FAR  w(0) 106395.
	create_child: main@_3 (0, 7) FAR 105883 UNDEF 0.01
expand: main@_3 (0, 0) FAR  w(0) 105883. T 0.00
is-reachable: main@_3 (1, 0) FAR 106395 F 0.01
expand: main@_3 (1, 0) FAR  w(1) 106395.
	create_child: main@_3 (0, 7) FAR 107693 U 0.01
expand: main@_3 (0, 0) FAR  w(0) 107693. F 0.01
expand: main@_3 (1, 0) FAR  w(1) 106395. F 0.63
expand: main@_3 (2, 0) FAR  w(0) 80527.
	create_child: main@_3 (1, 7) FAR 147609 UNDEF 0.01
expand: main@_3 (1, 0) FAR  w(0) 147609.
	create_child: main@_3 (0, 7) FAR 105883 UNDEF 0.01
expand: main@_3 (0, 0) FAR  w(0) 105883. T 0.00
is-reachable: main@_3 (1, 0) FAR 147609 F 0.00
expand: main@_3 (1, 0) FAR  w(1) 147609.
	create_child: main@_3 (0, 7) FAR 150578 U 0.12
expand: main@_3 (0, 0) FAR  w(0) 150578. F 0.01
expand: main@_3 (1, 0) FAR  w(1) 147609. F 0.19
expand: main@_3 (2, 0) FAR  w(0) 80527. F 0.08
expand: main@_3 (3, 0) FAR  w(0) 33515.
	create_child: main@_3 (2, 7) FAR 75555 UNDEF 0.01
expand: main@_3 (2, 0) FAR  w(0) 75555.
	create_child: main@_3 (1, 7) FAR 159768 UNDEF 0.01
expand: main@_3 (1, 0) FAR  w(0) 159768. T 0.01
is-reachable: main@_3 (2, 0) FAR 75555 F 0.00
expand: main@_3 (2, 0) FAR  w(1) 75555. T 15.35
is-reachable: main@_3 (3, 0) FAR 33515 F 0.03
expand: main@_3 (3, 0) FAR  w(1) 33515.
	create_child: main@_3 (2, 7) FAR 76286 U 0.02
expand: main@_3 (2, 0) FAR  w(0) 76286.
	create_child: main@_3 (1, 7) FAR 160931 UNDEF 0.01
expand: main@_3 (1, 0) FAR  w(0) 160931. F 0.05
expand: main@_3 (2, 0) FAR  w(0) 76286.
	create_child: main@_3 (1, 7) FAR 163179 UNDEF 0.01
expand: main@_3 (1, 0) FAR  w(0) 163179. F 0.08
expand: main@_3 (2, 0) FAR  w(0) 76286.
	create_child: main@_3 (1, 7) FAR 76577 UNDEF 0.01
expand: main@_3 (1, 0) FAR  w(0) 76577. T 0.01
is-reachable: main@_3 (2, 0) FAR 76286 F 0.01
expand: main@_3 (2, 0) FAR  w(1) 76286.
	create_child: main@_3 (1, 7) FAR 174215 U 0.23
expand: main@_3 (1, 0) FAR  w(0) 174215. F 0.07
expand: main@_3 (2, 0) FAR  w(1) 76286. F 5.77
expand: main@_3 (3, 0) FAR  w(1) 33515.
	create_child: main@_3 (2, 7) FAR 92276 U 0.13
expand: main@_3 (2, 0) FAR  w(0) 92276. T 0.01
is-reachable: main@_3 (3, 0) FAR 33515 F 0.08
expand: main@_3 (3, 0) FAR  w(2) 33515. T 0.01
is-reachable: main@empty.loop (4, 0) FAR 32605 F 0.00
expand: main@empty.loop (4, 0) FAR  w(1) 32605. T 0.00
is-reachable: main@entry (5, 0) FAR 1 F 0.00
expand: main@entry (5, 0) FAR  w(1) 1. T 0.00
is-reachable: main@entry!_BAD (6, 0) FAR 1 T 0.00
is-reachable: query!0 (7, 0) FAR 1 T 0.00
(spacer::context::check_reachability :time 23.16 :before-memory 35.35 :after-memory 78.00)
