(transform N7datalog13mk_coi_filterE...no-op 0s)
(transform N7datalog25mk_interp_tail_simplifierE...10 rules 0.001s)
(transform N7datalog27mk_quantifier_instantiationE...no-op 0s)
(transform N7datalog8mk_scaleE...no-op 0s)
(transform N7datalog18mk_karr_invariantsE...no-op 0s)
(transform N7datalog14mk_array_blastE...no-op 0s)
(transform N7datalog16mk_elim_term_iteE...no-op 0s)
(transform N7datalog22mk_subsumption_checkerE...9 rules 0s)
(transform N7datalog12mk_bit_blastE...no-op 0s)
(transform N7datalog15mk_rule_inlinerE...no-op 0s)
(transform N7datalog13mk_coi_filterE...no-op 0s)
(transform N7datalog25mk_interp_tail_simplifierE...9 rules 0s)
(transform N7datalog22mk_subsumption_checkerE...no-op 0s)
(transform N7datalog15mk_rule_inlinerE...no-op 0s)
(transform N7datalog13mk_coi_filterE...no-op 0s)
(transform N7datalog25mk_interp_tail_simplifierE...9 rules 0s)
(transform N7datalog22mk_subsumption_checkerE...no-op 0s)
(transform N7datalog15mk_rule_inlinerE...no-op 0s)
(transform N7datalog22mk_subsumption_checkerE...no-op 0s)
(transform N7datalog15mk_rule_inlinerE...no-op 0s)
(transform N7datalog22mk_subsumption_checkerE...no-op 0s)
(transform N7datalog15mk_rule_inlinerE...no-op 0s)
(transform N7datalog22mk_subsumption_checkerE...no-op 0s)
expand: query!0 (0, 0) FAR  w(0) 1. F 0.00
(spacer::context::check_reachability :time 0.00 :before-memory 12.28 :after-memory 12.37)
Entering level 1
expand: query!0 (1, 0) FAR  w(0) 1.
	create_child: main@entry!_BAD (0, 1) FAR 1 U 0.00
expand: main@entry!_BAD (0, 0) FAR  w(0) 1. F 0.00
expand: query!0 (1, 0) FAR  w(0) 1. F 0.00
(spacer::context::check_reachability :time 0.00 :before-memory 12.37 :after-memory 12.47)
Propagating: 0 1  ! 2 
(spacer::context::propagate :time 0.00 :before-memory 12.47 :after-memory 12.47)
Entering level 2
expand: query!0 (2, 0) FAR  w(0) 1.
	create_child: main@entry!_BAD (1, 2) FAR 1 U 0.00
expand: main@entry!_BAD (1, 0) FAR  w(0) 1.
	create_child: main@entry (0, 2) FAR 1 U 0.00
expand: main@entry (0, 0) FAR  w(0) 1. F 0.00
expand: main@entry!_BAD (1, 0) FAR  w(0) 1. F 0.00
expand: query!0 (2, 0) FAR  w(0) 1. F 0.00
(spacer::context::check_reachability :time 0.00 :before-memory 12.47 :after-memory 12.76)
Propagating: 0 1 2  ! 3 
(spacer::context::propagate :time 0.00 :before-memory 12.76 :after-memory 12.76)
Entering level 3
expand: query!0 (3, 0) FAR  w(0) 1.
	create_child: main@entry!_BAD (2, 3) FAR 1 U 0.00
expand: main@entry!_BAD (2, 0) FAR  w(0) 1.
	create_child: main@entry (1, 3) FAR 1 U 0.00
expand: main@entry (1, 0) FAR  w(0) 1.
	create_child: main@entry!_Cond (0, 3) FAR 1842 U 0.00
expand: main@entry!_Cond (0, 0) FAR  w(0) 1842. F 0.00
expand: main@entry (1, 0) FAR  w(0) 1. F 0.00
expand: main@entry!_BAD (2, 0) FAR  w(0) 1. F 0.00
expand: query!0 (3, 0) FAR  w(0) 1. F 0.00
(spacer::context::check_reachability :time 0.00 :before-memory 12.76 :after-memory 13.05)
Propagating: 0 1 2 3  ! 4 
(spacer::context::propagate :time 0.00 :before-memory 13.05 :after-memory 13.05)
Entering level 4
expand: query!0 (4, 0) FAR  w(0) 1.
	create_child: main@entry!_BAD (3, 4) FAR 1 U 0.00
expand: main@entry!_BAD (3, 0) FAR  w(0) 1.
	create_child: main@entry (2, 4) FAR 1 U 0.00
expand: main@entry (2, 0) FAR  w(0) 1.
	create_child: main@entry!_Cond (1, 4) FAR 1842 U 0.00
expand: main@entry!_Cond (1, 0) FAR  w(0) 1842.
	create_child: main@.lr.ph (0, 4) FAR 2461 U 0.00
expand: main@.lr.ph (0, 0) FAR  w(0) 2461. F 0.00
expand: main@entry!_Cond (1, 0) FAR  w(0) 1842. F 0.00
expand: main@entry (2, 0) FAR  w(0) 1. F 0.00
expand: main@entry!_BAD (3, 0) FAR  w(0) 1. F 0.00
expand: query!0 (4, 0) FAR  w(0) 1. F 0.00
(spacer::context::check_reachability :time 0.00 :before-memory 13.05 :after-memory 13.55)
Propagating: 0 1 2 3 4  ! 5 
(spacer::context::propagate :time 0.00 :before-memory 13.55 :after-memory 13.55)
Entering level 5
expand: query!0 (5, 0) FAR  w(0) 1.
	create_child: main@entry!_BAD (4, 5) FAR 1 U 0.00
expand: main@entry!_BAD (4, 0) FAR  w(0) 1.
	create_child: main@entry (3, 5) FAR 1 U 0.00
expand: main@entry (3, 0) FAR  w(0) 1.
	create_child: main@entry!_Cond (2, 5) FAR 1842 U 0.00
expand: main@entry!_Cond (2, 0) FAR  w(0) 1842.
	create_child: main@.lr.ph (1, 5) FAR 2461 U 0.00
expand: main@.lr.ph (1, 0) FAR  w(0) 2461.
	create_child: main@_25 (0, 5) FAR 3613 U 0.00
expand: main@_25 (0, 0) FAR  w(0) 3613. F 0.00
expand: main@.lr.ph (1, 0) FAR  w(0) 2461. F 0.00
expand: main@entry!_Cond (2, 0) FAR  w(0) 1842. F 0.00
expand: main@entry (3, 0) FAR  w(0) 1.
	create_child: main@entry!_Cond (2, 5) FAR 4428 U 0.00
expand: main@entry!_Cond (2, 0) FAR  w(0) 4428.
	create_child: main@binary_search.exit.i (1, 5) FAR 1102 U 0.00
expand: main@binary_search.exit.i (1, 0) FAR  w(0) 1102. F 0.00
expand: main@entry!_Cond (2, 0) FAR  w(0) 4428. F 0.00
expand: main@entry (3, 0) FAR  w(0) 1.
	create_child: main@entry!_Cond (2, 5) FAR 4780 U 0.00
expand: main@entry!_Cond (2, 0) FAR  w(0) 4780.
	create_child: main@.lr.ph (1, 5) FAR 4843 U 0.00
expand: main@.lr.ph (1, 0) FAR  w(0) 4843. F 0.00
expand: main@entry!_Cond (2, 0) FAR  w(0) 4780. F 0.00
expand: main@entry (3, 0) FAR  w(0) 1. F 0.00
expand: main@entry!_BAD (4, 0) FAR  w(0) 1. F 0.00
expand: query!0 (5, 0) FAR  w(0) 1. F 0.00
(spacer::context::check_reachability :time 0.02 :before-memory 13.55 :after-memory 14.41)
Propagating: 0 1 2 3 4 5  ! 6 
(spacer::context::propagate :time 0.00 :before-memory 14.41 :after-memory 14.41)
Entering level 6
expand: query!0 (6, 0) FAR  w(0) 1.
	create_child: main@entry!_BAD (5, 6) FAR 1 U 0.00
expand: main@entry!_BAD (5, 0) FAR  w(0) 1.
	create_child: main@entry (4, 6) FAR 1 U 0.00
expand: main@entry (4, 0) FAR  w(0) 1.
	create_child: main@entry!_Cond (3, 6) FAR 4780 U 0.00
expand: main@entry!_Cond (3, 0) FAR  w(0) 4780.
	create_child: main@.lr.ph (2, 6) FAR 4843 U 0.00
expand: main@.lr.ph (2, 0) FAR  w(0) 4843.
	create_child: main@_25 (1, 6) FAR 5478 U 0.00
expand: main@_25 (1, 0) FAR  w(0) 5478.
	create_child: main@_25!_Cond (0, 6) FAR 5728 U 0.00
expand: main@_25!_Cond (0, 0) FAR  w(0) 5728. F 0.00
expand: main@_25 (1, 0) FAR  w(0) 5478. F 0.00
expand: main@.lr.ph (2, 0) FAR  w(0) 4843. F 0.00
expand: main@entry!_Cond (3, 0) FAR  w(0) 4780. F 0.00
expand: main@entry (4, 0) FAR  w(0) 1.
	create_child: main@entry!_Cond (3, 6) FAR 6373 U 0.00
expand: main@entry!_Cond (3, 0) FAR  w(0) 6373.
	create_child: main@.lr.ph (2, 6) FAR 6451 U 0.00
expand: main@.lr.ph (2, 0) FAR  w(0) 6451. F 0.00
expand: main@entry!_Cond (3, 0) FAR  w(0) 6373. F 0.00
expand: main@entry (4, 0) FAR  w(0) 1. F 0.00
expand: main@entry!_BAD (5, 0) FAR  w(0) 1. F 0.00
expand: query!0 (6, 0) FAR  w(0) 1. F 0.00
(spacer::context::check_reachability :time 0.02 :before-memory 14.41 :after-memory 15.22)
Propagating: 0 1 2 3 4 5 6  ! 7 8 
(spacer::context::propagate :time 0.00 :before-memory 15.22 :after-memory 15.31)
Entering level 7
expand: query!0 (7, 0) FAR  w(0) 1. F 0.00
(spacer::context::check_reachability :time 0.00 :before-memory 15.31 :after-memory 15.31)
Propagating: 7  ! 8 
(spacer::context::propagate :time 0.00 :before-memory 15.31 :after-memory 15.31)
Entering level 8
expand: query!0 (8, 0) FAR  w(0) 1.
	create_child: main@entry!_BAD (7, 8) FAR 1 U 0.00
expand: main@entry!_BAD (7, 0) FAR  w(0) 1.
	create_child: main@entry (6, 8) FAR 1 U 0.00
expand: main@entry (6, 0) FAR  w(0) 1.
	create_child: main@entry!_Cond (5, 8) FAR 6373 U 0.00
expand: main@entry!_Cond (5, 0) FAR  w(0) 6373.
	create_child: main@.lr.ph (4, 8) FAR 6451 U 0.00
expand: main@.lr.ph (4, 0) FAR  w(0) 6451.
	create_child: main@_25 (3, 8) FAR 7584 U 0.00
expand: main@_25 (3, 0) FAR  w(0) 7584.
	create_child: main@_25!_Cond (2, 8) FAR 7560 U 0.00
expand: main@_25!_Cond (2, 0) FAR  w(0) 7560.
	create_child: main@.lr.ph (1, 8) FAR 7834 U 0.00
expand: main@.lr.ph (1, 0) FAR  w(0) 7834. T 0.00
is-reachable: main@_25!_Cond (2, 0) FAR 7560 T 0.00
is-reachable: main@_25 (3, 0) FAR 7584 T 0.00
is-reachable: main@.lr.ph (4, 0) FAR 6451 T 0.00
is-reachable: main@entry!_Cond (5, 0) FAR 6373 T 0.00
is-reachable: main@entry (6, 0) FAR 1 F 0.00
Deleting closed node: main@_25!_Cond(2, 8) 7560
Deleting closed node: main@_25(3, 8) 7584
Deleting closed node: main@.lr.ph(4, 8) 6451
Deleting closed node: main@entry!_Cond(5, 8) 6373
expand: main@entry (6, 0) FAR  w(1) 1. T 0.00
is-reachable: main@entry!_BAD (7, 0) FAR 1 T 0.00
is-reachable: query!0 (8, 0) FAR 1 T 0.00
(spacer::context::check_reachability :time 0.01 :before-memory 15.31 :after-memory 15.89)
