(transform N7datalog13mk_coi_filterE...no-op 0s)
(transform N7datalog25mk_interp_tail_simplifierE...11 rules 0.003s)
(transform N7datalog27mk_quantifier_instantiationE...no-op 0s)
(transform N7datalog8mk_scaleE...no-op 0s)
(transform N7datalog18mk_karr_invariantsE...no-op 0s)
(transform N7datalog14mk_array_blastE...no-op 0s)
(transform N7datalog16mk_elim_term_iteE...no-op 0s)
(transform N7datalog22mk_subsumption_checkerE...10 rules 0s)
(transform N7datalog12mk_bit_blastE...no-op 0s)
(transform N7datalog15mk_rule_inlinerE...no-op 0s)
(transform N7datalog13mk_coi_filterE...no-op 0s)
(transform N7datalog25mk_interp_tail_simplifierE...9 rules 0s)
(transform N7datalog22mk_subsumption_checkerE...no-op 0s)
(transform N7datalog15mk_rule_inlinerE...no-op 0s)
(transform N7datalog13mk_coi_filterE...no-op 0s)
(transform N7datalog25mk_interp_tail_simplifierE...9 rules 0s)
(transform N7datalog22mk_subsumption_checkerE...no-op 0s)
(transform N7datalog15mk_rule_inlinerE...no-op 0s)
(transform N7datalog22mk_subsumption_checkerE...no-op 0s)
(transform N7datalog15mk_rule_inlinerE...no-op 0s)
(transform N7datalog22mk_subsumption_checkerE...no-op 0s)
(transform N7datalog15mk_rule_inlinerE...no-op 0s)
(transform N7datalog22mk_subsumption_checkerE...no-op 0s)
expand: query!0 (0, 0) FAR  w(0) 1. F 0.00
(spacer::context::check_reachability :time 0.00 :before-memory 11.65 :after-memory 11.74)
Entering level 1
expand: query!0 (1, 0) FAR  w(0) 1.
	create_child: main@entry!_BAD (0, 1) FAR 1 U 0.00
expand: main@entry!_BAD (0, 0) FAR  w(0) 1. F 0.00
expand: query!0 (1, 0) FAR  w(0) 1. F 0.00
(spacer::context::check_reachability :time 0.00 :before-memory 11.74 :after-memory 11.93)
Propagating: 0 1  ! 2 
(spacer::context::propagate :time 0.00 :before-memory 11.93 :after-memory 11.93)
Entering level 2
expand: query!0 (2, 0) FAR  w(0) 1.
	create_child: main@entry!_BAD (1, 2) FAR 1 U 0.00
expand: main@entry!_BAD (1, 0) FAR  w(0) 1.
	create_child: main@entry (0, 2) FAR 1 U 0.00
expand: main@entry (0, 0) FAR  w(0) 1. F 0.00
expand: main@entry!_BAD (1, 0) FAR  w(0) 1. F 0.00
expand: query!0 (2, 0) FAR  w(0) 1. F 0.00
(spacer::context::check_reachability :time 0.00 :before-memory 11.93 :after-memory 12.13)
Propagating: 0 1 2  ! 3 
(spacer::context::propagate :time 0.00 :before-memory 12.13 :after-memory 12.23)
Entering level 3
expand: query!0 (3, 0) FAR  w(0) 1.
	create_child: main@entry!_BAD (2, 3) FAR 1 U 0.00
expand: main@entry!_BAD (2, 0) FAR  w(0) 1.
	create_child: main@entry (1, 3) FAR 1 U 0.00
expand: main@entry (1, 0) FAR  w(0) 1.
	create_child: main@.lr.ph (0, 3) FAR 3782 U 0.00
expand: main@.lr.ph (0, 0) FAR  w(0) 3782. F 0.00
expand: main@entry (1, 0) FAR  w(0) 1. F 0.00
expand: main@entry!_BAD (2, 0) FAR  w(0) 1. F 0.00
expand: query!0 (3, 0) FAR  w(0) 1. F 0.00
(spacer::context::check_reachability :time 0.00 :before-memory 12.23 :after-memory 12.53)
Propagating: 0 1 2 3  ! 4 
(spacer::context::propagate :time 0.00 :before-memory 12.53 :after-memory 12.62)
Entering level 4
expand: query!0 (4, 0) FAR  w(0) 1.
	create_child: main@entry!_BAD (3, 4) FAR 1 U 0.00
expand: main@entry!_BAD (3, 0) FAR  w(0) 1.
	create_child: main@entry (2, 4) FAR 1 U 0.00
expand: main@entry (2, 0) FAR  w(0) 1.
	create_child: main@.lr.ph (1, 4) FAR 4417 U 0.00
expand: main@.lr.ph (1, 0) FAR  w(0) 4417.
	create_child: main@.lr.ph!_Cond (0, 4) FAR 4500 U 0.00
expand: main@.lr.ph!_Cond (0, 0) FAR  w(0) 4500. F 0.00
expand: main@.lr.ph (1, 0) FAR  w(0) 4417. F 0.00
expand: main@entry (2, 0) FAR  w(0) 1. F 0.00
expand: main@entry!_BAD (3, 0) FAR  w(0) 1. F 0.00
expand: query!0 (4, 0) FAR  w(0) 1. F 0.00
(spacer::context::check_reachability :time 0.01 :before-memory 12.62 :after-memory 13.40)
Propagating: 0 1 2 3 4  ! 5 
(spacer::context::propagate :time 0.00 :before-memory 13.40 :after-memory 13.50)
Entering level 5
expand: query!0 (5, 0) FAR  w(0) 1.
	create_child: main@entry!_BAD (4, 5) FAR 1 U 0.00
expand: main@entry!_BAD (4, 0) FAR  w(0) 1.
	create_child: main@entry (3, 5) FAR 1 U 0.00
expand: main@entry (3, 0) FAR  w(0) 1.
	create_child: main@.lr.ph (2, 5) FAR 4417 U 0.00
expand: main@.lr.ph (2, 0) FAR  w(0) 4417.
	create_child: main@.lr.ph!_Cond (1, 5) FAR 4500 U 0.00
expand: main@.lr.ph!_Cond (1, 0) FAR  w(0) 4500.
	create_child: main@_35 (0, 5) FAR 6501 UNDEF 0.00
expand: main@_35 (0, 0) FAR  w(0) 6501. UNDEF 0.00
expand: main@_35 (0, 0) FAR  w(1) 6501. F 0.00
expand: main@.lr.ph!_Cond (1, 0) FAR  w(0) 4500. F 0.00
expand: main@.lr.ph (2, 0) FAR  w(0) 4417. F 0.00
expand: main@entry (3, 0) FAR  w(0) 1. F 0.00
expand: main@entry!_BAD (4, 0) FAR  w(0) 1. F 0.00
expand: query!0 (5, 0) FAR  w(0) 1. F 0.00
(spacer::context::check_reachability :time 0.02 :before-memory 13.50 :after-memory 14.46)
Propagating: 0 1 2 3 4 5  ! 6 7 8 
(spacer::context::propagate :time 0.00 :before-memory 14.46 :after-memory 14.56)
Entering level 6
expand: query!0 (6, 0) FAR  w(0) 1. F 0.00
(spacer::context::check_reachability :time 0.00 :before-memory 14.56 :after-memory 14.65)
Propagating: 6  ! 7 8 
(spacer::context::propagate :time 0.00 :before-memory 14.65 :after-memory 14.65)
Entering level 7
expand: query!0 (7, 0) FAR  w(0) 1. F 0.00
(spacer::context::check_reachability :time 0.00 :before-memory 14.65 :after-memory 14.65)
Propagating: 7  ! 8 
(spacer::context::propagate :time 0.00 :before-memory 14.65 :after-memory 14.65)
Entering level 8
expand: query!0 (8, 0) FAR  w(0) 1.
	create_child: main@entry!_BAD (7, 8) FAR 1 U 0.00
expand: main@entry!_BAD (7, 0) FAR  w(0) 1.
	create_child: main@entry (6, 8) FAR 1 U 0.00
expand: main@entry (6, 0) FAR  w(0) 1.
	create_child: main@.lr.ph (5, 8) FAR 4417 U 0.00
expand: main@.lr.ph (5, 0) FAR  w(0) 4417.
	create_child: main@.lr.ph!_Cond (4, 8) FAR 4500 U 0.00
expand: main@.lr.ph!_Cond (4, 0) FAR  w(0) 4500.
	create_child: main@_35 (3, 8) FAR 6501 UNDEF 0.00
expand: main@_35 (3, 0) FAR  w(0) 6501.
	create_child: main@.lr.ph (2, 8) FAR 9525 U 0.00
expand: main@.lr.ph (2, 0) FAR  w(0) 9525.
	create_child: main@.lr.ph!_Cond (1, 8) FAR 9774 U 0.00
expand: main@.lr.ph!_Cond (1, 0) FAR  w(0) 9774.
	create_child: main@_35 (0, 8) FAR 10216 UNDEF 0.00
expand: main@_35 (0, 0) FAR  w(0) 10216.
	create_child: main@_38 (0, 8) FAR 10285 X 0.00
expand: main@_38 (0, 0) FAR  w(0) 10285. F 0.00
expand: main@.lr.ph!_Cond (1, 0) FAR  w(0) 9774.
	create_child: main@_35 (0, 8) FAR 11547 UNDEF 0.00
expand: main@_35 (0, 0) FAR  w(0) 11547. F 0.00
expand: main@.lr.ph!_Cond (1, 0) FAR  w(0) 9774.
	create_child: main@_35 (0, 8) FAR 11775 UNDEF 0.00
expand: main@_35 (0, 0) FAR  w(0) 11775. F 0.00
expand: main@.lr.ph!_Cond (1, 0) FAR  w(0) 9774. F 0.01
expand: main@.lr.ph (2, 0) FAR  w(0) 9525


FAILED TO FIND COEFFICIENT


. F 0.01
expand: main@_35 (3, 0) FAR  w(0) 6501.
	create_child: main@.lr.ph (2, 8) FAR 12928 U 0.00
expand: main@.lr.ph (2, 0) FAR  w(0) 12928.
	create_child: main@.lr.ph!_Cond (1, 8) FAR 13065 U 0.00
expand: main@.lr.ph!_Cond (1, 0) FAR  w(0) 13065.
	create_child: main@_35 (0, 8) FAR 13186 UNDEF 0.00
expand: main@_35 (0, 0) FAR  w(0) 13186. F 0.00
expand: main@.lr.ph!_Cond (1, 0) FAR  w(0) 13065. F 0.01
expand: main@.lr.ph (2, 0) FAR  w(0) 12928


FAILED TO FIND COEFFICIENT


. F 0.00
expand: main@_35 (3, 0) FAR  w(0) 6501. F 0.01
expand: main@.lr.ph!_Cond (4, 0) FAR  w(0) 4500. F 0.01
expand: main@.lr.ph (5, 0) FAR  w(0) 4417. F 0.00
expand: main@entry (6, 0) FAR  w(0) 1.
	create_child: main@.lr.ph (5, 8) FAR 3782 U 0.00
expand: main@.lr.ph (5, 0) FAR  w(0) 3782.
	create_child: main@.lr.ph!_Cond (4, 8) FAR 14407 U 0.00
expand: main@.lr.ph!_Cond (4, 0) FAR  w(0) 14407.
	create_child: main@_35 (3, 8) FAR 14533 UNDEF 0.00
expand: main@_35 (3, 0) FAR  w(0) 14533.
	create_child: main@.lr.ph (2, 8) FAR 14621 U 0.00
expand: main@.lr.ph (2, 0) FAR  w(0) 14621.
	create_child: main@.lr.ph!_Cond (1, 8) FAR 14643 U 0.00
expand: main@.lr.ph!_Cond (1, 0) FAR  w(0) 14643.
	create_child: main@_35 (0, 8) FAR 14757 UNDEF 0.00
expand: main@_35 (0, 0) FAR  w(0) 14757.
	create_child: main@_38 (0, 8) FAR 14835 X 0.00
expand: main@_38 (0, 0) FAR  w(0) 14835. F 0.00
expand: main@.lr.ph!_Cond (1, 0) FAR  w(0) 14643.
	create_child: main@_35 (0, 8) FAR 15019 UNDEF 0.00
expand: main@_35 (0, 0) FAR  w(0) 15019. F 0.00
expand: main@.lr.ph!_Cond (1, 0) FAR  w(0) 14643.
	create_child: main@_35 (0, 8) FAR 15186 UNDEF 0.00
expand: main@_35 (0, 0) FAR  w(0) 15186.
	create_child: main@_38 (0, 8) FAR 15288 X 0.00
expand: main@_38 (0, 0) FAR  w(0) 15288. F 0.00
expand: main@.lr.ph!_Cond (1, 0) FAR  w(0) 14643.
	create_child: main@_35 (0, 8) FAR 15361 UNDEF 0.00
expand: main@_35 (0, 0) FAR  w(0) 15361. F 0.00
expand: main@.lr.ph!_Cond (1, 0) FAR  w(0) 14643.
	create_child: main@_35 (0, 8) FAR 15454 UNDEF 0.00
expand: main@_35 (0, 0) FAR  w(0) 15454. F 0.00
expand: main@.lr.ph!_Cond (1, 0) FAR  w(0) 14643. F 0.01
expand: main@.lr.ph (2, 0) FAR  w(0) 14621. F 0.00
expand: main@_35 (3, 0) FAR  w(0) 14533. F 0.01
expand: main@.lr.ph!_Cond (4, 0) FAR  w(0) 14407. F 0.01
expand: main@.lr.ph (5, 0) FAR  w(0) 3782. F 0.01
expand: main@entry (6, 0) FAR  w(0) 1. F 0.00
expand: main@entry!_BAD (7, 0) FAR  w(0) 1. F 0.00
expand: query!0 (8, 0) FAR  w(0) 1. F 0.00
(spacer::context::check_reachability :time 0.16 :before-memory 14.65 :after-memory 17.58)
Propagating: 0 1 2 3 4 5 6 7 8  ! 9 10 11 
(spacer::context::propagate :time 0.03 :before-memory 17.58 :after-memory 18.42)
Entering level 9
expand: query!0 (9, 0) FAR  w(0) 1. F 0.00
(spacer::context::check_reachability :time 0.00 :before-memory 18.42 :after-memory 18.42)
Propagating: 9  ! 10 11 
(spacer::context::propagate :time 0.00 :before-memory 18.42 :after-memory 18.42)
Entering level 10
expand: query!0 (10, 0) FAR  w(0) 1. F 0.00
(spacer::context::check_reachability :time 0.00 :before-memory 18.42 :after-memory 18.42)
Propagating: 10  ! 11 
(spacer::context::propagate :time 0.00 :before-memory 18.42 :after-memory 18.42)
Entering level 11
expand: query!0 (11, 0) FAR  w(0) 1.
	create_child: main@entry!_BAD (10, 11) FAR 1 U 0.00
expand: main@entry!_BAD (10, 0) FAR  w(0) 1.
	create_child: main@entry (9, 11) FAR 1 U 0.00
expand: main@entry (9, 0) FAR  w(0) 1.
	create_child: main@.lr.ph (8, 11) FAR 3782 U 0.00
expand: main@.lr.ph (8, 0) FAR  w(0) 3782.
	create_child: main@.lr.ph!_Cond (7, 11) FAR 14407 U 0.00
expand: main@.lr.ph!_Cond (7, 0) FAR  w(0) 14407.
	create_child: main@_35 (6, 11) FAR 14533 UNDEF 0.00
expand: main@_35 (6, 0) FAR  w(0) 14533.
	create_child: main@.lr.ph (5, 11) FAR 14621 U 0.00
expand: main@.lr.ph (5, 0) FAR  w(0) 14621.
	create_child: main@.lr.ph!_Cond (4, 11) FAR 14643 U 0.00
expand: main@.lr.ph!_Cond (4, 0) FAR  w(0) 14643.
	create_child: main@_35 (3, 11) FAR 20208 U 0.00
expand: main@_35 (3, 0) FAR  w(0) 20208.
	create_child: main@_38 (3, 11) FAR 15288 X 0.00
expand: main@_38 (3, 0) FAR  w(0) 15288.
	create_child: main@.lr.ph (2, 11) FAR 20454 U 0.00
expand: main@.lr.ph (2, 0) FAR  w(0) 20454.
	create_child: main@.lr.ph!_Cond (1, 11) FAR 20574 U 0.00
expand: main@.lr.ph!_Cond (1, 0) FAR  w(0) 20574. T 0.00
is-reachable: main@.lr.ph (2, 0) FAR 20454 T 0.00
is-reachable: main@_38 (3, 0) FAR 15288 T 0.00
is-reachable: main@.lr.ph!_Cond (4, 0) FAR 14643 F 0.00
Deleting closed node: main@.lr.ph(2, 11) 20454
Deleting closed node: main@_38(3, 11) 15288
expand: main@.lr.ph!_Cond (4, 0) FAR  w(1) 14643. T 0.00
is-reachable: main@.lr.ph (5, 0) FAR 14621 T 0.00
is-reachable: main@_35 (6, 0) FAR 14533
	create_child: main@_38 (6, 11) FAR 21639 X 0.00
is-reachable: main@_38 (6, 0) FAR 21639 F 0.00
Deleting closed node: main@.lr.ph(5, 11) 14621
Deleting closed node: main@_35(6, 11) 14533
expand: main@_38 (6, 0) FAR  w(0) 21639.
	create_child: main@.lr.ph (5, 11) FAR 22151 UNDEF 0.00
expand: main@.lr.ph (5, 0) FAR  w(0) 22151.
	create_child: main@.lr.ph!_Cond (4, 11) FAR 22841 U 0.01
expand: main@.lr.ph!_Cond (4, 0) FAR  w(0) 22841.
	create_child: main@_38 (3, 11) FAR 23398 U 0.01
expand: main@_38 (3, 0) FAR  w(0) 23398. T 0.00
is-reachable: main@.lr.ph!_Cond (4, 0) FAR 22841 T 0.00
is-reachable: main@.lr.ph (5, 0) FAR 22151 T 0.00
is-reachable: main@_38 (6, 0) FAR 21639 F 0.00
Deleting closed node: main@.lr.ph!_Cond(4, 11) 22841
Deleting closed node: main@.lr.ph(5, 11) 22151
expand: main@_38 (6, 0) FAR  w(1) 21639. F 0.01
expand: main@.lr.ph!_Cond (7, 0) FAR  w(0) 14407.
	create_child: main@_35 (6, 11) FAR 24641 UNDEF 0.00
expand: main@_35 (6, 0) FAR  w(0) 24641.
	create_child: main@.lr.ph (5, 11) FAR 24759 U 0.00
expand: main@.lr.ph (5, 0) FAR  w(0) 24759.
	create_child: main@.lr.ph!_Cond (4, 11) FAR 24925 U 0.00
expand: main@.lr.ph!_Cond (4, 0) FAR  w(0) 24925. F 0.01
expand: main@.lr.ph (5, 0) FAR  w(0) 24759


FAILED TO FIND COEFFICIENT





FAILED TO FIND COEFFICIENT





FAILED TO FIND COEFFICIENT


. F 0.01
expand: main@_35 (6, 0) FAR  w(0) 24641. F 0.01
expand: main@.lr.ph!_Cond (7, 0) FAR  w(0) 14407.
	create_child: main@_35 (6, 11) FAR 25301 UNDEF 0.00
expand: main@_35 (6, 0) FAR  w(0) 25301.
	create_child: main@.lr.ph (5, 11) FAR 25103 U 0.00
expand: main@.lr.ph (5, 0) FAR  w(0) 25103.
	create_child: main@.lr.ph!_Cond (4, 11) FAR 25584 U 0.00
expand: main@.lr.ph!_Cond (4, 0) FAR  w(0) 25584.
	create_child: main@_38 (3, 11) FAR 23373 U 0.00
expand: main@_38 (3, 0) FAR  w(0) 23373.
	create_child: main@.lr.ph (2, 11) FAR 25688 U 0.00
expand: main@.lr.ph (2, 0) FAR  w(0) 25688.
	create_child: main@.lr.ph!_Cond (1, 11) FAR 25733 U 0.00
expand: main@.lr.ph!_Cond (1, 0) FAR  w(0) 25733. T 0.00
is-reachable: main@.lr.ph (2, 0) FAR 25688 T 0.00
is-reachable: main@_38 (3, 0) FAR 23373 T 0.00
is-reachable: main@.lr.ph!_Cond (4, 0) FAR 25584 F 0.00
Deleting closed node: main@.lr.ph(2, 11) 25688
Deleting closed node: main@_38(3, 11) 23373
expand: main@.lr.ph!_Cond (4, 0) FAR  w(1) 25584. T 0.00
is-reachable: main@.lr.ph (5, 0) FAR 25103 F 0.00
expand: main@.lr.ph (5, 0) FAR  w(1) 25103. T 0.00
is-reachable: main@_35 (6, 0) FAR 25301
	create_child: main@_38 (6, 11) FAR 26341 X 0.00
is-reachable: main@_38 (6, 0) FAR 26341 F 0.00
expand: main@_38 (6, 0) FAR  w(0) 26341.
	create_child: main@.lr.ph (5, 11) FAR 26573 U 0.00
expand: main@.lr.ph (5, 0) FAR  w(0) 26573.
	create_child: main@.lr.ph!_Cond (4, 11) FAR 26796 U 0.00
expand: main@.lr.ph!_Cond (4, 0) FAR  w(0) 26796.
	create_child: main@_38 (3, 11) FAR 27026 U 0.00
expand: main@_38 (3, 0) FAR  w(0) 27026


FAILED TO FIND COEFFICIENT


. F 0.01
expand: main@.lr.ph!_Cond (4, 0) FAR  w(0) 26796


FAILED TO FIND COEFFICIENT





FAILED TO FIND COEFFICIENT





FAILED TO FIND COEFFICIENT


. F 0.01
expand: main@.lr.ph (5, 0) FAR  w(0) 26573


FAILED TO FIND COEFFICIENT


. F 0.01
expand: main@_38 (6, 0) FAR  w(0) 26341. F 0.01
expand: main@.lr.ph!_Cond (7, 0) FAR  w(0) 14407.
	create_child: main@_35 (6, 11) FAR 28501 UNDEF 0.00
expand: main@_35 (6, 0) FAR  w(0) 28501.
	create_child: main@.lr.ph (5, 11) FAR 28093 U 0.00
expand: main@.lr.ph (5, 0) FAR  w(0) 28093.
	create_child: main@.lr.ph!_Cond (4, 11) FAR 28468 U 0.00
expand: main@.lr.ph!_Cond (4, 0) FAR  w(0) 28468. F 0.01
expand: main@.lr.ph (5, 0) FAR  w(0) 28093. F 0.01
expand: main@_35 (6, 0) FAR  w(0) 28501. F 0.01
expand: main@.lr.ph!_Cond (7, 0) FAR  w(0) 14407.
	create_child: main@_35 (6, 11) FAR 29000 UNDEF 0.00
expand: main@_35 (6, 0) FAR  w(0) 29000.
	create_child: main@.lr.ph (5, 11) FAR 29034 U 0.00
expand: main@.lr.ph (5, 0) FAR  w(0) 29034.
	create_child: main@.lr.ph!_Cond (4, 11) FAR 28807 U 0.00
expand: main@.lr.ph!_Cond (4, 0) FAR  w(0) 28807. F 0.01
expand: main@.lr.ph (5, 0) FAR  w(0) 29034


FAILED TO FIND COEFFICIENT





FAILED TO FIND COEFFICIENT


. F 0.01
expand: main@_35 (6, 0) FAR  w(0) 29000. F 0.01
expand: main@.lr.ph!_Cond (7, 0) FAR  w(0) 14407. F 0.02
expand: main@.lr.ph (8, 0) FAR  w(0) 3782. F 0.01
expand: main@entry (9, 0) FAR  w(0) 1.
	create_child: main@.lr.ph (8, 11) FAR 4417 U 0.00
expand: main@.lr.ph (8, 0) FAR  w(0) 4417.
	create_child: main@.lr.ph!_Cond (7, 11) FAR 4500 U 0.00
expand: main@.lr.ph!_Cond (7, 0) FAR  w(0) 4500.
	create_child: main@_35 (6, 11) FAR 28418 UNDEF 0.00
expand: main@_35 (6, 0) FAR  w(0) 28418.
	create_child: main@.lr.ph (5, 11) FAR 30474 U 0.00
expand: main@.lr.ph (5, 0) FAR  w(0) 30474.
	create_child: main@.lr.ph!_Cond (4, 11) FAR 30544 U 0.00
expand: main@.lr.ph!_Cond (4, 0) FAR  w(0) 30544.
	create_child: main@_35 (3, 11) FAR 30570 U 0.00
expand: main@_35 (3, 0) FAR  w(0) 30570.
	create_child: main@_38 (3, 11) FAR 30625 X 0.00
expand: main@_38 (3, 0) FAR  w(0) 30625. F 0.03
expand: main@.lr.ph!_Cond (4, 0) FAR  w(0) 30544. F 0.02
expand: main@.lr.ph (5, 0) FAR  w(0) 30474


FAILED TO FIND COEFFICIENT





FAILED TO FIND COEFFICIENT





FAILED TO FIND COEFFICIENT


. F 0.01
expand: main@_35 (6, 0) FAR  w(0) 28418


FAILED TO FIND COEFFICIENT





FAILED TO FIND COEFFICIENT


. F 0.01
expand: main@.lr.ph!_Cond (7, 0) FAR  w(0) 4500. F 0.02
expand: main@.lr.ph (8, 0) FAR  w(0) 4417. F 0.01
expand: main@entry (9, 0) FAR  w(0) 1. F 0.00
expand: main@entry!_BAD (10, 0) FAR  w(0) 1. F 0.00
expand: query!0 (11, 0) FAR  w(0) 1. F 0.00
(spacer::context::check_reachability :time 0.39 :before-memory 18.42 :after-memory 23.17)
Propagating: 3 4 5 6 7 8 
(spacer::context::propagate :time 0.01 :before-memory 23.17 :after-memory 23.17)
(define-fun main@entry!_BAD () Bool
  false)
(define-fun main@.lr.ph ((x!0 Int)
 (x!1 Int)
 (x!2 Int)
 (x!3 Int)
 (x!4 Int)
 (x!5 Int)
 (x!6 Int)
 (x!7 (Array Int Int))
 (x!8 Int)
 (x!9 Int)
 (x!10 Int)
 (x!11 Int)
 (x!12 Int)) Bool
  (let ((a!1 (<= (+ x!0 (* (- 1) (select x!7 x!6))) 0))
        (a!2 (not (>= (+ x!5 (* (- 1) x!4)) 0)))
        (a!3 (not (>= (+ x!4 (* (- 1) x!3)) 0)))
        (a!4 (<= (+ x!1 (* (- 1) (select x!7 x!6))) 0))
        (a!5 (+ x!2 (* (- 1) (select x!7 (+ 4 x!6)))))
        (a!7 (>= (+ x!0 (* (- 1) (select x!7 x!6))) 0))
        (a!8 (>= (+ x!1 (* (- 1) (select x!7 x!6))) 0))
        (a!9 (not (>= (+ x!5 (* (- 1) x!3)) 0)))
        (a!10 (not (>= (+ x!2 (* (- 1) x!0)) 0)))
        (a!12 (not (>= (+ x!3 (* (- 1) x!2)) 0)))
        (a!14 (not (= (+ x!1 (* (- 1) x!5)) 0)))
        (a!15 (+ x!5 (* (- 1) (select x!7 (+ 16 x!6)))))
        (a!16 (not (>= (+ x!3 (* (- 1) x!0)) 0)))
        (a!19 (+ x!4 (* (- 1) (select x!7 (+ 12 x!6)))))
        (a!21 (= (+ x!0 (* (- 1) (select x!7 x!6))) 0)))
  (let ((a!6 (or (not a!1)
                 (<= (+ x!3 (* (- 1) x!1)) 0)
                 (not (>= x!9 0))
                 a!2
                 a!3
                 a!4
                 (not (= x!10 1))
                 (not (= a!5 0))
                 (not (= x!8 0))))
        (a!11 (or (not a!7)
                  (<= (+ x!3 (* (- 1) x!1)) 0)
                  (not (>= x!9 0))
                  (not (<= x!8 0))
                  a!3
                  a!8
                  a!9
                  a!10))
        (a!13 (or (<= (+ x!1 (* (- 1) x!3)) 0)
                  (not (>= x!9 0))
                  (not (<= x!8 0))
                  a!2
                  a!12
                  a!10
                  (<= (+ x!4 (* (- 1) x!1)) 0)))
        (a!17 (or (<= (+ x!1 (* (- 1) x!3)) 0)
                  (not (>= x!9 0))
                  (not (<= x!8 0))
                  a!12
                  (<= (+ x!1 (* (- 1) x!4)) 0)
                  (<= (+ x!5 (* (- 1) x!1)) 0)
                  a!16))
        (a!18 (or (<= (+ x!1 (* (- 1) x!3)) 0)
                  (not (>= x!9 0))
                  (not (<= x!8 0))
                  a!12
                  (<= (+ x!1 (* (- 1) x!4)) 0)
                  (<= (+ x!1 (* (- 1) x!5)) 0)
                  a!16))
        (a!20 (or (not (= x!8 2))
                  (not (= x!9 0))
                  (not (= x!10 4))
                  (not a!7)
                  (<= (+ x!1 (* (- 1) x!3)) 0)
                  a!2
                  a!12
                  a!10
                  (not (= a!15 0))
                  (not (= a!19 0))))
        (a!22 (or (not (= x!8 2))
                  (not (= x!9 0))
                  (not a!21)
                  (<= (+ x!3 (* (- 1) x!1)) 0)
                  a!2
                  a!3
                  a!10
                  (not (= a!5 0)))))
    (and a!6
         a!11
         a!13
         (or (not (= x!10 4)) a!14 (not (= x!8 3)) (not (= a!15 0)))
         a!17
         a!18
         a!20
         a!22))))
(define-fun main@_38 ((x!0 Int)
 (x!1 Int)
 (x!2 Int)
 (x!3 Int)
 (x!4 Int)
 (x!5 Int)
 (x!6 Int)
 (x!7 (Array Int Int))
 (x!8 Int)
 (x!9 Int)
 (x!10 Int)
 (x!11 Int)) Bool
  (let ((a!1 (not (>= (+ x!4 (* (- 1) x!3)) 0)))
        (a!2 (not (>= (+ x!5 (* (- 1) x!4)) 0)))
        (a!3 (not (= (+ x!1 (* (- 1) x!2)) 0)))
        (a!4 (+ x!2 (* (- 1) (select x!7 (+ 4 x!6)))))
        (a!5 (<= (+ x!1 (* (- 1) (select x!7 x!6))) 0))
        (a!6 (<= (+ x!0 (* (- 1) (select x!7 x!6))) 0))
        (a!8 (+ x!4 (* (- 1) (select x!7 (+ 12 x!6)))))
        (a!9 (not (= (+ x!1 (* (- 1) x!4)) 0)))
        (a!10 (not (= (+ x!1 (* (- 1) x!5)) 0)))
        (a!11 (+ x!5 (* (- 1) (select x!7 (+ 16 x!6))))))
  (let ((a!7 (or a!1
                 a!2
                 a!3
                 (not (= a!4 0))
                 (not (= x!8 0))
                 (<= (+ x!3 (* (- 1) x!1)) 0)
                 (not (= x!9 1))
                 a!5
                 (not a!6))))
    (and a!7
         (or (not (= a!8 0)) (not (= x!9 4)) (not (= x!8 2)) a!9)
         (or (not (= x!8 3)) a!10 (not (= a!11 0)) (not (= x!9 4)))
         (or a!10 (not (= a!11 0)) (not (= x!9 4)) (not (= x!8 2)))))))
(define-fun main@_35 ((x!0 Int)
 (x!1 Int)
 (x!2 Int)
 (x!3 Int)
 (x!4 Int)
 (x!5 Int)
 (x!6 Int)
 (x!7 (Array Int Int))
 (x!8 Int)
 (x!9 Int)
 (x!10 Int)
 (x!11 Int)) Bool
  (let ((a!1 (= (+ x!0 (* (- 1) (select x!7 x!6))) 0))
        (a!2 (not (>= (+ x!2 (* (- 1) x!0)) 0)))
        (a!3 (not (>= (+ x!4 (* (- 1) x!3)) 0)))
        (a!4 (not (>= (+ x!5 (* (- 1) x!4)) 0)))
        (a!5 (+ x!2 (* (- 1) (select x!7 (+ 4 x!6)))))
        (a!8 (<= (+ x!0 (* (- 1) (select x!7 x!6))) 0))
        (a!9 (<= (+ x!1 (* (- 1) (select x!7 x!6))) 0))
        (a!11 (>= (+ x!0 (* (- 1) (select x!7 x!6))) 0))
        (a!12 (>= (+ x!1 (* (- 1) (select x!7 x!6))) 0))
        (a!14 (or (<= (+ x!1 (* (- 1) x!4)) 0)
                  (<= (+ x!1 (* (- 1) x!3)) 0)
                  (<= (+ x!1 (* (- 1) x!2)) 0)
                  (<= (+ x!1 (* (- 1) x!5)) 0)
                  (not (>= x!9 0))
                  (not (<= x!8 0))
                  (<= (+ x!1 (* (- 1) x!0)) 0)))
        (a!15 (or (<= (+ x!1 (* (- 1) x!4)) 0)
                  (<= (+ x!1 (* (- 1) x!3)) 0)
                  (<= (+ x!1 (* (- 1) x!2)) 0)
                  (>= (+ x!1 (* (- 1) x!5)) 0)
                  (not (>= x!9 0))
                  (not (<= x!8 0))
                  (<= (+ x!1 (* (- 1) x!0)) 0)))
        (a!16 (or (>= (+ x!1 (* (- 1) x!4)) 0)
                  (<= (+ x!1 (* (- 1) x!3)) 0)
                  (<= (+ x!1 (* (- 1) x!2)) 0)
                  (not (>= x!9 0))
                  (<= (+ x!5 (* (- 1) x!1)) 0)
                  (not (<= x!8 0))
                  (<= (+ x!1 (* (- 1) x!0)) 0)))
        (a!17 (not (>= (+ x!3 (* (- 1) x!2)) 0)))
        (a!19 (not (>= (+ x!3 (* (- 1) x!0)) 0))))
  (let ((a!6 (or (not (= x!8 2))
                 (not (= x!9 0))
                 (not a!1)
                 a!2
                 a!3
                 a!4
                 (<= (+ x!3 (* (- 1) x!1)) 0)
                 (not (= a!5 0))))
        (a!7 (or (>= (+ x!1 (* (- 1) x!3)) 0)
                 (<= (+ x!1 (* (- 1) x!2)) 0)
                 a!3
                 (not (>= x!9 0))
                 (<= (+ x!5 (* (- 1) x!1)) 0)
                 (not (<= x!8 0))
                 (<= (+ x!1 (* (- 1) x!0)) 0)))
        (a!10 (or (>= (+ x!1 (* (- 1) x!3)) 0)
                  (>= (+ x!1 (* (- 1) x!2)) 0)
                  (not a!8)
                  a!9
                  a!3
                  (not (>= x!9 0))
                  (<= (+ x!5 (* (- 1) x!1)) 0)
                  (not (<= x!8 0))))
        (a!13 (or (>= (+ x!1 (* (- 1) x!3)) 0)
                  (not a!11)
                  a!2
                  a!3
                  (not (>= x!9 0))
                  (<= (+ x!5 (* (- 1) x!1)) 0)
                  (not (<= x!8 0))
                  a!12))
        (a!18 (or (<= (+ x!1 (* (- 1) x!3)) 0)
                  (not (= x!9 0))
                  (not a!11)
                  a!2
                  a!4
                  a!17
                  (<= (+ x!4 (* (- 1) x!1)) 0)
                  (not (<= x!8 2))))
        (a!20 (or (<= (+ x!1 (* (- 1) x!4)) 0)
                  (<= (+ x!1 (* (- 1) x!3)) 0)
                  (not (= x!9 0))
                  (not a!11)
                  (<= (+ x!5 (* (- 1) x!1)) 0)
                  a!17
                  a!19
                  (not (<= x!8 2))))
        (a!21 (or (<= (+ x!1 (* (- 1) x!4)) 0)
                  (<= (+ x!1 (* (- 1) x!3)) 0)
                  (<= (+ x!1 (* (- 1) x!5)) 0)
                  (not (= x!9 0))
                  (not a!11)
                  a!17
                  a!19
                  (not (<= x!8 2)))))
    (and a!6 a!7 a!10 a!13 a!14 a!15 a!16 a!18 a!20 a!21))))
(define-fun main@entry ((x!0 Int) (x!1 Int) (x!2 Int)) Bool
  false)
(define-fun main@.lr.ph!_Cond ((x!0 Int)
 (x!1 Int)
 (x!2 Int)
 (x!3 Int)
 (x!4 Int)
 (x!5 Int)
 (x!6 Int)
 (x!7 Int)
 (x!8 (Array Int Int))
 (x!9 Int)
 (x!10 Int)
 (x!11 Int)
 (x!12 Int)) Bool
  (let ((a!1 (= (+ x!3 (* (- 1) (select x!8 x!2))) 0))
        (a!2 (not (>= (+ x!7 (* (- 1) x!6)) 0)))
        (a!3 (not (>= (+ x!6 (* (- 1) x!5)) 0)))
        (a!4 (not (>= (+ x!4 (* (- 1) x!3)) 0)))
        (a!5 (+ x!4 (* (- 1) (select x!8 (+ 4 x!2)))))
        (a!7 (>= (+ x!3 (* (- 1) (select x!8 x!2))) 0))
        (a!8 (not (>= (+ x!7 (* (- 1) x!5)) 0)))
        (a!9 (>= (+ x!9 (* (- 1) (select x!8 x!2))) 0))
        (a!11 (not (>= (+ x!5 (* (- 1) x!4)) 0)))
        (a!12 (not (>= (+ x!5 (* (- 1) x!3)) 0)))
        (a!14 (not (= (+ x!7 (* (- 1) x!9)) 0)))
        (a!15 (+ x!7 (* (- 1) (select x!8 (+ 16 x!2)))))
        (a!17 (+ x!6 (* (- 1) (select x!8 (+ 12 x!2)))))
        (a!20 (<= (+ x!3 (* (- 1) (select x!8 x!2))) 0))
        (a!21 (<= (+ x!9 (* (- 1) (select x!8 x!2))) 0)))
  (let ((a!6 (or (<= (+ x!5 (* (- 1) x!9)) 0)
                 (not a!1)
                 (not (= x!10 2))
                 (not (= x!11 0))
                 a!2
                 a!3
                 a!4
                 (not (= a!5 0))))
        (a!10 (or (<= (+ x!5 (* (- 1) x!9)) 0)
                  (not a!7)
                  a!3
                  (not (<= x!10 0))
                  (not (>= x!11 0))
                  a!8
                  a!4
                  a!9))
        (a!13 (or a!2
                  (not (<= x!10 0))
                  (not (>= x!11 0))
                  (<= (+ x!9 (* (- 1) x!5)) 0)
                  a!11
                  (<= (+ x!6 (* (- 1) x!9)) 0)
                  a!12))
        (a!16 (or (not (<= x!10 0))
                  (not (>= x!11 0))
                  (<= (+ x!9 (* (- 1) x!5)) 0)
                  a!11
                  a!12
                  (<= (+ x!7 (* (- 1) x!9)) 0)
                  (<= (+ x!9 (* (- 1) x!6)) 0)))
        (a!18 (or (not (= x!10 2))
                  (not (= x!11 0))
                  (not a!7)
                  a!2
                  a!4
                  (<= (+ x!9 (* (- 1) x!5)) 0)
                  a!11
                  (not (= a!15 0))
                  (not (= x!12 4))
                  (not (= a!17 0))))
        (a!19 (or (not (<= x!10 0))
                  (not (>= x!11 0))
                  (<= (+ x!9 (* (- 1) x!5)) 0)
                  a!11
                  (>= (+ x!6 (* (- 1) x!9)) 0)
                  a!12
                  (<= (+ x!9 (* (- 1) x!7)) 0)))
        (a!22 (or (<= (+ x!5 (* (- 1) x!9)) 0)
                  (not a!20)
                  a!21
                  a!2
                  a!3
                  (not (>= x!11 0))
                  (not (= x!10 0))
                  (not (= x!12 1))
                  (not (= a!5 0)))))
    (and a!6
         a!10
         a!13
         (or a!14 (not (= a!15 0)) (not (= x!12 4)) (not (= x!10 3)))
         a!16
         a!18
         a!19
         a!22))))
