(transform N7datalog13mk_coi_filterE...no-op 0s)
(transform N7datalog25mk_interp_tail_simplifierE...13 rules 0.001s)
(transform N7datalog27mk_quantifier_instantiationE...no-op 0s)
(transform N7datalog8mk_scaleE...no-op 0s)
(transform N7datalog18mk_karr_invariantsE...no-op 0s)
(transform N7datalog14mk_array_blastE...no-op 0s)
(transform N7datalog16mk_elim_term_iteE...no-op 0s)
(transform N7datalog22mk_subsumption_checkerE...12 rules 0s)
(transform N7datalog12mk_bit_blastE...no-op 0s)
(transform N7datalog15mk_rule_inlinerE...no-op 0s)
(transform N7datalog13mk_coi_filterE...no-op 0s)
(transform N7datalog25mk_interp_tail_simplifierE...no-op 0s)
(transform N7datalog22mk_subsumption_checkerE...no-op 0s)
(transform N7datalog15mk_rule_inlinerE...no-op 0s)
(transform N7datalog13mk_coi_filterE...no-op 0s)
(transform N7datalog25mk_interp_tail_simplifierE...no-op 0s)
(transform N7datalog22mk_subsumption_checkerE...no-op 0s)
(transform N7datalog15mk_rule_inlinerE...no-op 0s)
(transform N7datalog22mk_subsumption_checkerE...no-op 0s)
(transform N7datalog15mk_rule_inlinerE...no-op 0s)
(transform N7datalog22mk_subsumption_checkerE...no-op 0s)
(transform N7datalog15mk_rule_inlinerE...no-op 0s)
(transform N7datalog22mk_subsumption_checkerE...no-op 0s)
expand: query!0 (0, 0) FAR  w(0) 1. F 0.00
(spacer::context::check_reachability :time 0.00 :before-memory 14.85 :after-memory 15.04)
Entering level 1
expand: query!0 (1, 0) FAR  w(0) 1.
	create_child: main@entry!_BAD (0, 1) FAR 1 U 0.00
expand: main@entry!_BAD (0, 0) FAR  w(0) 1. F 0.00
expand: query!0 (1, 0) FAR  w(0) 1. F 0.00
(spacer::context::check_reachability :time 0.00 :before-memory 15.04 :after-memory 15.13)
Propagating: 0 1  ! 2 
(spacer::context::propagate :time 0.00 :before-memory 15.13 :after-memory 15.13)
Entering level 2
expand: query!0 (2, 0) FAR  w(0) 1.
	create_child: main@entry!_BAD (1, 2) FAR 1 U 0.00
expand: main@entry!_BAD (1, 0) FAR  w(0) 1.
	create_child: main@entry (0, 2) FAR 1 U 0.00
expand: main@entry (0, 0) FAR  w(0) 1. F 0.00
expand: main@entry!_BAD (1, 0) FAR  w(0) 1. F 0.00
expand: query!0 (2, 0) FAR  w(0) 1. F 0.00
(spacer::context::check_reachability :time 0.00 :before-memory 15.13 :after-memory 15.33)
Propagating: 0 1 2  ! 3 
(spacer::context::propagate :time 0.00 :before-memory 15.33 :after-memory 15.48)
Entering level 3
expand: query!0 (3, 0) FAR  w(0) 1.
	create_child: main@entry!_BAD (2, 3) FAR 1 U 0.00
expand: main@entry!_BAD (2, 0) FAR  w(0) 1.
	create_child: main@entry (1, 3) FAR 1 U 0.00
expand: main@entry (1, 0) FAR  w(0) 1.
	create_child: main@_13 (0, 3) FAR 988 U 0.00
expand: main@_13 (0, 0) FAR  w(0) 988. F 0.00
expand: main@entry (1, 0) FAR  w(0) 1.
	create_child: main@_5 (0, 3) FAR 1115 U 0.00
expand: main@_5 (0, 0) FAR  w(0) 1115. F 0.00
expand: main@entry (1, 0) FAR  w(0) 1. F 0.00
expand: main@entry!_BAD (2, 0) FAR  w(0) 1. F 0.00
expand: query!0 (3, 0) FAR  w(0) 1. F 0.00
(spacer::context::check_reachability :time 0.00 :before-memory 15.48 :after-memory 15.68)
Propagating: 0 1 2 3  ! 4 
(spacer::context::propagate :time 0.00 :before-memory 15.68 :after-memory 15.77)
Entering level 4
expand: query!0 (4, 0) FAR  w(0) 1.
	create_child: main@entry!_BAD (3, 4) FAR 1 U 0.00
expand: main@entry!_BAD (3, 0) FAR  w(0) 1.
	create_child: main@entry (2, 4) FAR 1 U 0.00
expand: main@entry (2, 0) FAR  w(0) 1.
	create_child: main@_13 (1, 4) FAR 988 U 0.00
expand: main@_13 (1, 0) FAR  w(0) 988.
	create_child: main@_13!_Cond (0, 4) FAR 1198 U 0.00
expand: main@_13!_Cond (0, 0) FAR  w(0) 1198. F 0.00
expand: main@_13 (1, 0) FAR  w(0) 988. F 0.00
expand: main@entry (2, 0) FAR  w(0) 1.
	create_child: main@_5 (1, 4) FAR 1115 U 0.00
expand: main@_5 (1, 0) FAR  w(0) 1115.
	create_child: main@_5!_Cond (0, 4) FAR 1711 U 0.00
expand: main@_5!_Cond (0, 0) FAR  w(0) 1711. F 0.00
expand: main@_5 (1, 0) FAR  w(0) 1115. F 0.00
expand: main@entry (2, 0) FAR  w(0) 1. F 0.00
expand: main@entry!_BAD (3, 0) FAR  w(0) 1. F 0.00
expand: query!0 (4, 0) FAR  w(0) 1. F 0.00
(spacer::context::check_reachability :time 0.00 :before-memory 15.77 :after-memory 16.06)
Propagating: 0 1 2 3 4  ! 5 
(spacer::context::propagate :time 0.00 :before-memory 16.06 :after-memory 16.16)
Entering level 5
expand: query!0 (5, 0) FAR  w(0) 1.
	create_child: main@entry!_BAD (4, 5) FAR 1 U 0.00
expand: main@entry!_BAD (4, 0) FAR  w(0) 1.
	create_child: main@entry (3, 5) FAR 1 U 0.00
expand: main@entry (3, 0) FAR  w(0) 1.
	create_child: main@_13 (2, 5) FAR 988 U 0.00
expand: main@_13 (2, 0) FAR  w(0) 988.
	create_child: main@_13!_Cond (1, 5) FAR 1198 U 0.00
expand: main@_13!_Cond (1, 0) FAR  w(0) 1198.
	create_child: main@_16 (0, 5) FAR 2144 U 0.00
expand: main@_16 (0, 0) FAR  w(0) 2144. F 0.00
expand: main@_13!_Cond (1, 0) FAR  w(0) 1198. F 0.00
expand: main@_13 (2, 0) FAR  w(0) 988. F 0.00
expand: main@entry (3, 0) FAR  w(0) 1.
	create_child: main@_5 (2, 5) FAR 1115 U 0.00
expand: main@_5 (2, 0) FAR  w(0) 1115.
	create_child: main@_5!_Cond (1, 5) FAR 1711 U 0.00
expand: main@_5!_Cond (1, 0) FAR  w(0) 1711.
	create_child: main@_9 (0, 5) FAR 2420 U 0.00
expand: main@_9 (0, 0) FAR  w(0) 2420. F 0.00
expand: main@_5!_Cond (1, 0) FAR  w(0) 1711. F 0.00
expand: main@_5 (2, 0) FAR  w(0) 1115. F 0.00
expand: main@entry (3, 0) FAR  w(0) 1. F 0.00
expand: main@entry!_BAD (4, 0) FAR  w(0) 1. F 0.00
expand: query!0 (5, 0) FAR  w(0) 1. F 0.00
(spacer::context::check_reachability :time 0.01 :before-memory 16.16 :after-memory 16.79)
Propagating: 0 1 2 
(spacer::context::propagate :time 0.00 :before-memory 16.79 :after-memory 16.69)
(define-fun main@entry!_BAD () Bool
  false)
(define-fun main@_5 ((x!0 Int) (x!1 Int) (x!2 Int) (x!3 Bool)) Bool
  (not (>= x!1 (- 7))))
(define-fun main@_13 ((x!0 Int) (x!1 Int) (x!2 Int) (x!3 Bool)) Bool
  (not (<= x!1 7)))
(define-fun main@_16 ((x!0 Int) (x!1 Int)) Bool
  (not (<= x!0 7)))
(define-fun main@_5!_Cond ((x!0 Int) (x!1 Int) (x!2 Int)) Bool
  (not (>= x!2 (- 7))))
(define-fun main@_13!_Cond ((x!0 Int) (x!1 Int) (x!2 Int)) Bool
  (not (<= x!2 7)))
(define-fun main@entry ((x!0 Int) (x!1 Int) (x!2 Int) (x!3 Int)) Bool
  false)
(define-fun main@_9 ((x!0 Int) (x!1 Int)) Bool
  (not (>= x!0 (- 7))))
(define-fun main@_14 ((x!0 Int) (x!1 Int)) Bool
  true)
(define-fun main@_6 ((x!0 Int) (x!1 Int)) Bool
  true)
