(transform N7datalog13mk_coi_filterE...no-op 0s)
(transform N7datalog25mk_interp_tail_simplifierE...13 rules 0.001s)
(transform N7datalog27mk_quantifier_instantiationE...no-op 0s)
(transform N7datalog8mk_scaleE...no-op 0s)
(transform N7datalog18mk_karr_invariantsE...no-op 0s)
(transform N7datalog14mk_array_blastE...no-op 0s)
(transform N7datalog16mk_elim_term_iteE...no-op 0s)
(transform N7datalog22mk_subsumption_checkerE...12 rules 0s)
(transform N7datalog12mk_bit_blastE...no-op 0s)
(transform N7datalog15mk_rule_inlinerE...no-op 0s)
(transform N7datalog13mk_coi_filterE...no-op 0s)
(transform N7datalog25mk_interp_tail_simplifierE...12 rules 0s)
(transform N7datalog22mk_subsumption_checkerE...no-op 0s)
(transform N7datalog15mk_rule_inlinerE...no-op 0s)
(transform N7datalog13mk_coi_filterE...no-op 0s)
(transform N7datalog25mk_interp_tail_simplifierE...12 rules 0s)
(transform N7datalog22mk_subsumption_checkerE...no-op 0s)
(transform N7datalog15mk_rule_inlinerE...no-op 0s)
(transform N7datalog22mk_subsumption_checkerE...no-op 0s)
(transform N7datalog15mk_rule_inlinerE...no-op 0s)
(transform N7datalog22mk_subsumption_checkerE...no-op 0s)
(transform N7datalog15mk_rule_inlinerE...no-op 0s)
(transform N7datalog22mk_subsumption_checkerE...no-op 0s)
expand: query!0 (0, 0) FAR  w(0) 1. F 0.00
(spacer::context::check_reachability :time 0.00 :before-memory 14.15 :after-memory 14.24)
Entering level 1
expand: query!0 (1, 0) FAR  w(0) 1.
	create_child: main@entry!_BAD (0, 1) FAR 1 U 0.00
expand: main@entry!_BAD (0, 0) FAR  w(0) 1. F 0.00
expand: query!0 (1, 0) FAR  w(0) 1. F 0.00
(spacer::context::check_reachability :time 0.00 :before-memory 14.24 :after-memory 14.34)
Propagating: 0 1  ! 2 
(spacer::context::propagate :time 0.00 :before-memory 14.34 :after-memory 14.44)
Entering level 2
expand: query!0 (2, 0) FAR  w(0) 1.
	create_child: main@entry!_BAD (1, 2) FAR 1 U 0.00
expand: main@entry!_BAD (1, 0) FAR  w(0) 1.
	create_child: main@entry (0, 2) FAR 1 U 0.00
expand: main@entry (0, 0) FAR  w(0) 1. F 0.00
expand: main@entry!_BAD (1, 0) FAR  w(0) 1. F 0.00
expand: query!0 (2, 0) FAR  w(0) 1. F 0.00
(spacer::context::check_reachability :time 0.00 :before-memory 14.44 :after-memory 14.53)
Propagating: 0 1 2  ! 3 
(spacer::context::propagate :time 0.00 :before-memory 14.53 :after-memory 14.53)
Entering level 3
expand: query!0 (3, 0) FAR  w(0) 1.
	create_child: main@entry!_BAD (2, 3) FAR 1 U 0.00
expand: main@entry!_BAD (2, 0) FAR  w(0) 1.
	create_child: main@entry (1, 3) FAR 1 U 0.00
expand: main@entry (1, 0) FAR  w(0) 1.
	create_child: main@entry!_Cond (0, 3) FAR 1294 U 0.00
expand: main@entry!_Cond (0, 0) FAR  w(0) 1294. F 0.00
expand: main@entry (1, 0) FAR  w(0) 1. F 0.00
expand: main@entry!_BAD (2, 0) FAR  w(0) 1. F 0.00
expand: query!0 (3, 0) FAR  w(0) 1. F 0.00
(spacer::context::check_reachability :time 0.00 :before-memory 14.53 :after-memory 14.73)
Propagating: 0 1 2 3  ! 4 
(spacer::context::propagate :time 0.00 :before-memory 14.73 :after-memory 14.73)
Entering level 4
expand: query!0 (4, 0) FAR  w(0) 1.
	create_child: main@entry!_BAD (3, 4) FAR 1 U 0.00
expand: main@entry!_BAD (3, 0) FAR  w(0) 1.
	create_child: main@entry (2, 4) FAR 1 U 0.00
expand: main@entry (2, 0) FAR  w(0) 1.
	create_child: main@entry!_Cond (1, 4) FAR 1294 U 0.00
expand: main@entry!_Cond (1, 0) FAR  w(0) 1294.
	create_child: main@_9 (0, 4) FAR 1516 U 0.00
expand: main@_9 (0, 0) FAR  w(0) 1516. F 0.00
expand: main@entry!_Cond (1, 0) FAR  w(0) 1294. F 0.00
expand: main@entry (2, 0) FAR  w(0) 1. F 0.00
expand: main@entry!_BAD (3, 0) FAR  w(0) 1. F 0.00
expand: query!0 (4, 0) FAR  w(0) 1. F 0.00
(spacer::context::check_reachability :time 0.00 :before-memory 14.73 :after-memory 14.92)
Propagating: 0 1 2 3 4  ! 5 
(spacer::context::propagate :time 0.00 :before-memory 14.92 :after-memory 15.02)
Entering level 5
expand: query!0 (5, 0) FAR  w(0) 1.
	create_child: main@entry!_BAD (4, 5) FAR 1 U 0.00
expand: main@entry!_BAD (4, 0) FAR  w(0) 1.
	create_child: main@entry (3, 5) FAR 1 U 0.00
expand: main@entry (3, 0) FAR  w(0) 1.
	create_child: main@entry!_Cond (2, 5) FAR 1294 U 0.00
expand: main@entry!_Cond (2, 0) FAR  w(0) 1294.
	create_child: main@_9 (1, 5) FAR 1516 U 0.00
expand: main@_9 (1, 0) FAR  w(0) 1516.
	create_child: main@_12 (1, 5) FAR 2144 X 0.00
expand: main@_12 (1, 0) FAR  w(0) 2144.
	create_child: main@_12!_Cond (0, 5) FAR 2268 U 0.00
expand: main@_12!_Cond (0, 0) FAR  w(0) 2268. F 0.00
expand: main@_12 (1, 0) FAR  w(0) 2144. F 0.00
expand: main@entry!_Cond (2, 0) FAR  w(0) 1294. F 0.00
expand: main@entry (3, 0) FAR  w(0) 1. F 0.00
expand: main@entry!_BAD (4, 0) FAR  w(0) 1. F 0.00
expand: query!0 (5, 0) FAR  w(0) 1. F 0.00
(spacer::context::check_reachability :time 0.00 :before-memory 15.02 :after-memory 15.74)
Propagating: 0 1 2 3 4 5  ! 6 
(spacer::context::propagate :time 0.00 :before-memory 15.74 :after-memory 15.74)
Entering level 6
expand: query!0 (6, 0) FAR  w(0) 1.
	create_child: main@entry!_BAD (5, 6) FAR 1 U 0.00
expand: main@entry!_BAD (5, 0) FAR  w(0) 1.
	create_child: main@entry (4, 6) FAR 1 U 0.00
expand: main@entry (4, 0) FAR  w(0) 1.
	create_child: main@entry!_Cond (3, 6) FAR 1294 U 0.00
expand: main@entry!_Cond (3, 0) FAR  w(0) 1294.
	create_child: main@_12 (2, 6) FAR 2144 U 0.00
expand: main@_12 (2, 0) FAR  w(0) 2144.
	create_child: main@_12!_Cond (1, 6) FAR 2268 U 0.00
expand: main@_12!_Cond (1, 0) FAR  w(0) 2268.
	create_child: main@_15 (0, 6) FAR 2811 U 0.00
expand: main@_15 (0, 0) FAR  w(0) 2811. F 0.00
expand: main@_12!_Cond (1, 0) FAR  w(0) 2268. F 0.00
expand: main@_12 (2, 0) FAR  w(0) 2144. F 0.00
expand: main@entry!_Cond (3, 0) FAR  w(0) 1294. F 0.00
expand: main@entry (4, 0) FAR  w(0) 1. F 0.00
expand: main@entry!_BAD (5, 0) FAR  w(0) 1. F 0.00
expand: query!0 (6, 0) FAR  w(0) 1. F 0.00
(spacer::context::check_reachability :time 0.00 :before-memory 15.74 :after-memory 15.93)
Propagating: 0 1 2 3 4 5 6  ! 7 
(spacer::context::propagate :time 0.00 :before-memory 15.93 :after-memory 15.93)
Entering level 7
expand: query!0 (7, 0) FAR  w(0) 1.
	create_child: main@entry!_BAD (6, 7) FAR 1 U 0.00
expand: main@entry!_BAD (6, 0) FAR  w(0) 1.
	create_child: main@entry (5, 7) FAR 1 U 0.00
expand: main@entry (5, 0) FAR  w(0) 1.
	create_child: main@entry!_Cond (4, 7) FAR 1294 U 0.00
expand: main@entry!_Cond (4, 0) FAR  w(0) 1294.
	create_child: main@_12 (3, 7) FAR 2144 U 0.00
expand: main@_12 (3, 0) FAR  w(0) 2144.
	create_child: main@_12!_Cond (2, 7) FAR 2268 U 0.00
expand: main@_12!_Cond (2, 0) FAR  w(0) 2268.
	create_child: main@_15 (1, 7) FAR 2811 U 0.00
expand: main@_15 (1, 0) FAR  w(0) 2811.
	create_child: main@_19 (0, 7) FAR 3356 U 0.00
expand: main@_19 (0, 0) FAR  w(0) 3356. F 0.00
expand: main@_15 (1, 0) FAR  w(0) 2811. F 0.00
expand: main@_12!_Cond (2, 0) FAR  w(0) 2268.
	create_child: main@_19 (1, 7) FAR 3864 U 0.00
expand: main@_19 (1, 0) FAR  w(0) 3864. F 0.00
expand: main@_12!_Cond (2, 0) FAR  w(0) 2268. F 0.00
expand: main@_12 (3, 0) FAR  w(0) 2144. F 0.00
expand: main@entry!_Cond (4, 0) FAR  w(0) 1294.
	create_child: main@_9 (3, 7) FAR 4212 U 0.00
expand: main@_9 (3, 0) FAR  w(0) 4212.
	create_child: main@_19 (2, 7) FAR 4339 U 0.00
expand: main@_19 (2, 0) FAR  w(0) 4339. T 0.00
is-reachable: main@_9 (3, 0) FAR 4212
	create_child: main@_12 (3, 7) FAR 4222 X 0.00
is-reachable: main@_12 (3, 0) FAR 4222 F 0.00
expand: main@_12 (3, 0) FAR  w(0) 4222.
	create_child: main@_12!_Cond (2, 7) FAR 4102 U 0.00
expand: main@_12!_Cond (2, 0) FAR  w(0) 4102.
	create_child: main@_19 (1, 7) FAR 4775 U 0.00
expand: main@_19 (1, 0) FAR  w(0) 4775.
	create_child: main@.lr.ph (0, 7) FAR 4927 U 0.00
expand: main@.lr.ph (0, 0) FAR  w(0) 4927. F 0.00
expand: main@_19 (1, 0) FAR  w(0) 4775. F 0.00
expand: main@_12!_Cond (2, 0) FAR  w(0) 4102. F 0.00
expand: main@_12 (3, 0) FAR  w(0) 4222. F 0.00
expand: main@entry!_Cond (4, 0) FAR  w(0) 1294.
	create_child: main@_9 (3, 7) FAR 5901 U 0.00
expand: main@_9 (3, 0) FAR  w(0) 5901.
	create_child: main@_19 (2, 7) FAR 5972 U 0.00
expand: main@_19 (2, 0) FAR  w(0) 5972.
	create_child: main@.lr.ph (1, 7) FAR 6055 U 0.00
expand: main@.lr.ph (1, 0) FAR  w(0) 6055.
	create_child: main@.lr.ph (0, 7) FAR 6233 U 0.00
expand: main@.lr.ph (0, 0) FAR  w(0) 6233. F 0.00
expand: main@.lr.ph (1, 0) FAR  w(0) 6055. F 0.00
expand: main@_19 (2, 0) FAR  w(0) 5972. F 0.00
expand: main@_9 (3, 0) FAR  w(0) 5901. F 0.00
expand: main@entry!_Cond (4, 0) FAR  w(0) 1294. F 0.00
expand: main@entry (5, 0) FAR  w(0) 1. F 0.00
expand: main@entry!_BAD (6, 0) FAR  w(0) 1. F 0.00
expand: query!0 (7, 0) FAR  w(0) 1. F 0.00
(spacer::context::check_reachability :time 0.03 :before-memory 15.93 :after-memory 17.43)
Propagating: 0 1 2 3 4 5 6 7  ! 8 
(spacer::context::propagate :time 0.00 :before-memory 17.43 :after-memory 17.62)
Entering level 8
expand: query!0 (8, 0) FAR  w(0) 1.
	create_child: main@entry!_BAD (7, 8) FAR 1 U 0.00
expand: main@entry!_BAD (7, 0) FAR  w(0) 1.
	create_child: main@entry (6, 8) FAR 1 U 0.00
expand: main@entry (6, 0) FAR  w(0) 1.
	create_child: main@entry!_Cond (5, 8) FAR 1294 U 0.00
expand: main@entry!_Cond (5, 0) FAR  w(0) 1294.
	create_child: main@_12 (4, 8) FAR 2144 U 0.00
expand: main@_12 (4, 0) FAR  w(0) 2144.
	create_child: main@_12!_Cond (3, 8) FAR 2268 U 0.00
expand: main@_12!_Cond (3, 0) FAR  w(0) 2268.
	create_child: main@_15 (2, 8) FAR 2811 U 0.00
expand: main@_15 (2, 0) FAR  w(0) 2811.
	create_child: main@_19 (1, 8) FAR 3356 U 0.00
expand: main@_19 (1, 0) FAR  w(0) 3356. F 0.00
expand: main@_15 (2, 0) FAR  w(0) 2811. F 0.00
expand: main@_12!_Cond (3, 0) FAR  w(0) 2268. F 0.00
expand: main@_12 (4, 0) FAR  w(0) 2144. F 0.00
expand: main@entry!_Cond (5, 0) FAR  w(0) 1294.
	create_child: main@_12 (4, 8) FAR 4222 U 0.00
expand: main@_12 (4, 0) FAR  w(0) 4222.
	create_child: main@_12!_Cond (3, 8) FAR 4102 U 0.00
expand: main@_12!_Cond (3, 0) FAR  w(0) 4102.
	create_child: main@_19 (2, 8) FAR 4775 U 0.00
expand: main@_19 (2, 0) FAR  w(0) 4775.
	create_child: main@.lr.ph (1, 8) FAR 4927 U 0.00
expand: main@.lr.ph (1, 0) FAR  w(0) 4927. F 0.00
expand: main@_19 (2, 0) FAR  w(0) 4775. F 0.00
expand: main@_12!_Cond (3, 0) FAR  w(0) 4102. F 0.00
expand: main@_12 (4, 0) FAR  w(0) 4222. F 0.00
expand: main@entry!_Cond (5, 0) FAR  w(0) 1294.
	create_child: main@_9 (4, 8) FAR 9088 U 0.00
expand: main@_9 (4, 0) FAR  w(0) 9088.
	create_child: main@_19 (3, 8) FAR 9173 U 0.00
expand: main@_19 (3, 0) FAR  w(0) 9173.
	create_child: main@.lr.ph (2, 8) FAR 8782 U 0.00
expand: main@.lr.ph (2, 0) FAR  w(0) 8782. T 0.00
is-reachable: main@_19 (3, 0) FAR 9173 T 0.00
is-reachable: main@_9 (4, 0) FAR 9088
	create_child: main@_12 (4, 8) FAR 9535 X 0.00
is-reachable: main@_12 (4, 0) FAR 9535 F 0.00
Deleting closed node: main@_19(3, 8) 9173
Deleting closed node: main@_9(4, 8) 9088
expand: main@_12 (4, 0) FAR  w(0) 9535.
	create_child: main@_12!_Cond (3, 8) FAR 9602 U 0.00
expand: main@_12!_Cond (3, 0) FAR  w(0) 9602.
	create_child: main@_19 (2, 8) FAR 9729 U 0.00
expand: main@_19 (2, 0) FAR  w(0) 9729.
	create_child: main@.lr.ph (1, 8) FAR 9817 U 0.00
expand: main@.lr.ph (1, 0) FAR  w(0) 9817. F 0.00
expand: main@_19 (2, 0) FAR  w(0) 9729. F 0.00
expand: main@_12!_Cond (3, 0) FAR  w(0) 9602. F 0.00
expand: main@_12 (4, 0) FAR  w(0) 9535. F 0.00
expand: main@entry!_Cond (5, 0) FAR  w(0) 1294. F 0.00
expand: main@entry (6, 0) FAR  w(0) 1. F 0.00
expand: main@entry!_BAD (7, 0) FAR  w(0) 1. F 0.00
expand: query!0 (8, 0) FAR  w(0) 1. F 0.00
(spacer::context::check_reachability :time 0.03 :before-memory 17.62 :after-memory 18.39)
Propagating: 1 2 3 4 5 6 7 8  ! 9 
(spacer::context::propagate :time 0.00 :before-memory 18.39 :after-memory 18.49)
Entering level 9
expand: query!0 (9, 0) FAR  w(0) 1.
	create_child: main@entry!_BAD (8, 9) FAR 1 U 0.00
expand: main@entry!_BAD (8, 0) FAR  w(0) 1.
	create_child: main@entry (7, 9) FAR 1 U 0.00
expand: main@entry (7, 0) FAR  w(0) 1.
	create_child: main@entry!_Cond (6, 9) FAR 1294 U 0.00
expand: main@entry!_Cond (6, 0) FAR  w(0) 1294.
	create_child: main@_12 (5, 9) FAR 9535 U 0.00
expand: main@_12 (5, 0) FAR  w(0) 9535.
	create_child: main@_12!_Cond (4, 9) FAR 9602 U 0.00
expand: main@_12!_Cond (4, 0) FAR  w(0) 9602.
	create_child: main@_19 (3, 9) FAR 9729 U 0.00
expand: main@_19 (3, 0) FAR  w(0) 9729.
	create_child: main@.lr.ph (2, 9) FAR 9817 U 0.00
expand: main@.lr.ph (2, 0) FAR  w(0) 9817. F 0.00
expand: main@_19 (3, 0) FAR  w(0) 9729. F 0.00
expand: main@_12!_Cond (4, 0) FAR  w(0) 9602. F 0.00
expand: main@_12 (5, 0) FAR  w(0) 9535. F 0.00
expand: main@entry!_Cond (6, 0) FAR  w(0) 1294.
	create_child: main@_9 (5, 9) FAR 11988 U 0.00
expand: main@_9 (5, 0) FAR  w(0) 11988.
	create_child: main@_19 (4, 9) FAR 12127 U 0.00
expand: main@_19 (4, 0) FAR  w(0) 12127.
	create_child: main@.lr.ph (3, 9) FAR 12188 U 0.00
expand: main@.lr.ph (3, 0) FAR  w(0) 12188.
	create_child: main@.lr.ph (2, 9) FAR 12271 U 0.00
expand: main@.lr.ph (2, 0) FAR  w(0) 12271. F 0.00
expand: main@.lr.ph (3, 0) FAR  w(0) 12188. F 0.00
expand: main@_19 (4, 0) FAR  w(0) 12127. F 0.00
expand: main@_9 (5, 0) FAR  w(0) 11988. F 0.00
expand: main@entry!_Cond (6, 0) FAR  w(0) 1294. F 0.00
expand: main@entry (7, 0) FAR  w(0) 1. F 0.00
expand: main@entry!_BAD (8, 0) FAR  w(0) 1. F 0.00
expand: query!0 (9, 0) FAR  w(0) 1. F 0.00
(spacer::context::check_reachability :time 0.03 :before-memory 18.49 :after-memory 19.16)
Propagating: 2 3 4 5 
(spacer::context::propagate :time 0.00 :before-memory 19.16 :after-memory 19.16)
(define-fun main@entry!_BAD () Bool
  false)
(define-fun main@_9 ((x!0 Int) (x!1 Int) (x!2 Int)) Bool
  (or (not (>= x!1 8)) (not (= x!0 5))))
(define-fun main@entry!_Cond ((x!0 Int) (x!1 Int) (x!2 Int) (x!3 Int)) Bool
  (not (= x!2 5)))
(define-fun main@.lr.ph ((x!0 Int) (x!1 Int) (x!2 Int)) Bool
  (and (or (not (>= x!0 8)) (not (>= x!1 8)) (not (= x!2 5)))
       (or (not (>= x!1 (- 6)))
           (not (>= x!0 9))
           (not (<= x!1 5))
           (not (>= x!2 5)))
       (or (not (>= x!0 9))
           (not (<= x!1 8))
           (not (>= x!2 5))
           (not (>= x!1 (- 3))))))
(define-fun main@_12!_Cond ((x!0 Int) (x!1 Int) (x!2 Int) (x!3 Int)) Bool
  (and (or (not (>= x!3 9)) (not (>= x!1 5)) (not (<= x!2 7)))
       (or (not (>= x!3 9)) (not (<= x!2 2)))))
(define-fun main@entry ((x!0 Int) (x!1 Int) (x!2 Int)) Bool
  false)
(define-fun main@_19 ((x!0 Int) (x!1 Int) (x!2 Int)) Bool
  (let ((a!1 (not (>= (+ x!1 (* (- 1) x!2)) 0)))
        (a!2 (or (not (>= x!2 9)) (not (= (+ x!1 x!2) 0)))))
    (and (or (not (>= x!2 8)) a!1 (not (= x!0 5)))
         (or (not (>= x!2 9)) (not (<= x!1 2)) (not (>= x!1 (- 9))))
         a!2
         (or (not (>= x!2 9))
             (not (>= x!1 3))
             (not (>= x!0 5))
             (not (<= x!1 5)))
         (or (not (>= x!2 9))
             (not (<= x!1 8))
             (not (>= x!0 5))
             (not (>= x!1 6))))))
(define-fun main@_12 ((x!0 Int) (x!1 Int) (x!2 Int) (x!3 Int)) Bool
  (and (or (not (<= x!1 7)) (not (>= x!0 5))) (not (<= x!1 2))))
(define-fun main@_15 ((x!0 Int) (x!1 Int) (x!2 Int)) Bool
  (not (<= x!1 (- 9))))
