(transform N7datalog13mk_coi_filterE...no-op 0s)
(transform N7datalog25mk_interp_tail_simplifierE...8 rules 0.006s)
(transform N7datalog27mk_quantifier_instantiationE...no-op 0s)
(transform N7datalog8mk_scaleE...no-op 0s)
(transform N7datalog18mk_karr_invariantsE...no-op 0s)
(transform N7datalog14mk_array_blastE...no-op 0s)
(transform N7datalog16mk_elim_term_iteE...no-op 0s)
(transform N7datalog22mk_subsumption_checkerE...7 rules 0.001s)
(transform N7datalog12mk_bit_blastE...no-op 0s)
(transform N7datalog15mk_rule_inlinerE...no-op 0s)
(transform N7datalog13mk_coi_filterE...no-op 0s)
(transform N7datalog25mk_interp_tail_simplifierE...7 rules 0s)
(transform N7datalog22mk_subsumption_checkerE...no-op 0s)
(transform N7datalog15mk_rule_inlinerE...no-op 0s)
(transform N7datalog13mk_coi_filterE...no-op 0s)
(transform N7datalog25mk_interp_tail_simplifierE...7 rules 0s)
(transform N7datalog22mk_subsumption_checkerE...no-op 0s)
(transform N7datalog15mk_rule_inlinerE...no-op 0s)
(transform N7datalog22mk_subsumption_checkerE...no-op 0s)
(transform N7datalog15mk_rule_inlinerE...no-op 0s)
(transform N7datalog22mk_subsumption_checkerE...no-op 0s)
(transform N7datalog15mk_rule_inlinerE...no-op 0s)
(transform N7datalog22mk_subsumption_checkerE...no-op 0s)
expand: query!0 (0, 0) FAR  w(0) 1. F 0.00
(spacer::context::check_reachability :time 0.00 :before-memory 12.40 :after-memory 12.60)
Entering level 1
expand: query!0 (1, 0) FAR  w(0) 1.
	create_child: main@entry!_BAD (0, 1) FAR 1 U 0.00
expand: main@entry!_BAD (0, 0) FAR  w(0) 1. F 0.00
expand: query!0 (1, 0) FAR  w(0) 1. F 0.00
(spacer::context::check_reachability :time 0.00 :before-memory 12.60 :after-memory 12.79)
Propagating: 0 1  ! 2 
(spacer::context::propagate :time 0.00 :before-memory 12.79 :after-memory 12.79)
Entering level 2
expand: query!0 (2, 0) FAR  w(0) 1.
	create_child: main@entry!_BAD (1, 2) FAR 1 U 0.00
expand: main@entry!_BAD (1, 0) FAR  w(0) 1.
	create_child: main@entry (0, 2) FAR 1 U 0.00
expand: main@entry (0, 0) FAR  w(0) 1. F 0.00
expand: main@entry!_BAD (1, 0) FAR  w(0) 1. F 0.00
expand: query!0 (2, 0) FAR  w(0) 1. F 0.00
(spacer::context::check_reachability :time 0.00 :before-memory 12.79 :after-memory 13.28)
Propagating: 0 1 2  ! 3 
(spacer::context::propagate :time 0.00 :before-memory 13.28 :after-memory 13.38)
Entering level 3
expand: query!0 (3, 0) FAR  w(0) 1.
	create_child: main@entry!_BAD (2, 3) FAR 1 U 0.00
expand: main@entry!_BAD (2, 0) FAR  w(0) 1.
	create_child: main@entry (1, 3) FAR 1 U 0.00
expand: main@entry (1, 0) FAR  w(0) 1.
	create_child: main@_43 (0, 3) FAR 9426 U 0.00
expand: main@_43 (0, 0) FAR  w(0) 9426. F 0.00
expand: main@entry (1, 0) FAR  w(0) 1. F 0.00
expand: main@entry!_BAD (2, 0) FAR  w(0) 1. F 0.00
expand: query!0 (3, 0) FAR  w(0) 1. F 0.00
(spacer::context::check_reachability :time 0.01 :before-memory 13.38 :after-memory 14.23)
Propagating: 0 1 2 3  ! 4 
(spacer::context::propagate :time 0.00 :before-memory 14.23 :after-memory 14.23)
Entering level 4
expand: query!0 (4, 0) FAR  w(0) 1.
	create_child: main@entry!_BAD (3, 4) FAR 1 U 0.00
expand: main@entry!_BAD (3, 0) FAR  w(0) 1.
	create_child: main@entry (2, 4) FAR 1 U 0.00
expand: main@entry (2, 0) FAR  w(0) 1.
	create_child: main@_43 (1, 4) FAR 9426 U 0.00
expand: main@_43 (1, 0) FAR  w(0) 9426. F 0.00
expand: main@entry (2, 0) FAR  w(0) 1.
	create_child: main@_43 (1, 4) FAR 10321 U 0.00
expand: main@_43 (1, 0) FAR  w(0) 10321.
	create_child: main@_43!_Cond (0, 4) FAR 10560 U 0.00
expand: main@_43!_Cond (0, 0) FAR  w(0) 10560. F 0.00
expand: main@_43 (1, 0) FAR  w(0) 10321. F 0.00
expand: main@entry (2, 0) FAR  w(0) 1. F 0.00
expand: main@entry!_BAD (3, 0) FAR  w(0) 1. F 0.00
expand: query!0 (4, 0) FAR  w(0) 1. F 0.00
(spacer::context::check_reachability :time 0.01 :before-memory 14.23 :after-memory 15.53)
Propagating: 0 1 2 3 4  ! 5 
(spacer::context::propagate :time 0.00 :before-memory 15.53 :after-memory 15.73)
Entering level 5
expand: query!0 (5, 0) FAR  w(0) 1.
	create_child: main@entry!_BAD (4, 5) FAR 1 U 0.00
expand: main@entry!_BAD (4, 0) FAR  w(0) 1.
	create_child: main@entry (3, 5) FAR 1 U 0.00
expand: main@entry (3, 0) FAR  w(0) 1.
	create_child: main@_43 (2, 5) FAR 10321 U 0.00
expand: main@_43 (2, 0) FAR  w(0) 10321.
	create_child: main@_43!_Cond (1, 5) FAR 10560 U 0.00
expand: main@_43!_Cond (1, 0) FAR  w(0) 10560.
	create_child: main@.critedge.i.i (0, 5) FAR 14987 U 0.00
expand: main@.critedge.i.i (0, 0) FAR  w(0) 14987. F 0.01
expand: main@_43!_Cond (1, 0) FAR  w(0) 10560. F 0.00
expand: main@_43 (2, 0) FAR  w(0) 10321. F 0.00
expand: main@entry (3, 0) FAR  w(0) 1. F 0.00
expand: main@entry!_BAD (4, 0) FAR  w(0) 1. F 0.00
expand: query!0 (5, 0) FAR  w(0) 1. F 0.00
(spacer::context::check_reachability :time 0.02 :before-memory 15.73 :after-memory 17.77)
Propagating: 0 1 2 3 4 5  ! 6 
(spacer::context::propagate :time 0.00 :before-memory 17.77 :after-memory 18.20)
Entering level 6
expand: query!0 (6, 0) FAR  w(0) 1.
	create_child: main@entry!_BAD (5, 6) FAR 1 U 0.00
expand: main@entry!_BAD (5, 0) FAR  w(0) 1.
	create_child: main@entry (4, 6) FAR 1 U 0.00
expand: main@entry (4, 0) FAR  w(0) 1.
	create_child: main@_43 (3, 6) FAR 10321 U 0.00
expand: main@_43 (3, 0) FAR  w(0) 10321.
	create_child: main@_43!_Cond (2, 6) FAR 10560 U 0.00
expand: main@_43!_Cond (2, 0) FAR  w(0) 10560.
	create_child: main@.critedge.i.i (1, 6) FAR 14987 U 0.00
expand: main@.critedge.i.i (1, 0) FAR  w(0) 14987.
	create_child: main@alt_sep_test.exit.i (0, 6) FAR 20781 U 0.01
expand: main@alt_sep_test.exit.i (0, 0) FAR  w(0) 20781. F 0.02
expand: main@.critedge.i.i (1, 0) FAR  w(0) 14987. F 0.03
expand: main@_43!_Cond (2, 0) FAR  w(0) 10560.
	create_child: main@.critedge.i.i (1, 6) FAR 27640 U 0.01
expand: main@.critedge.i.i (1, 0) FAR  w(0) 27640.
	create_child: main@alt_sep_test.exit.i (0, 6) FAR 27959 U 0.00
expand: main@alt_sep_test.exit.i (0, 0) FAR  w(0) 27959. F 0.01
expand: main@.critedge.i.i (1, 0) FAR  w(0) 27640. F 0.02
expand: main@_43!_Cond (2, 0) FAR  w(0) 10560.
	create_child: main@.critedge.i.i (1, 6) FAR 28829 U 0.01
expand: main@.critedge.i.i (1, 0) FAR  w(0) 28829.
	create_child: main@alt_sep_test.exit.i (0, 6) FAR 28976 U 0.01
expand: main@alt_sep_test.exit.i (0, 0) FAR  w(0) 28976. F 0.01
expand: main@.critedge.i.i (1, 0) FAR  w(0) 28829. F 0.02
expand: main@_43!_Cond (2, 0) FAR  w(0) 10560.
	create_child: main@alt_sep_test.exit.i (1, 6) FAR 29665 UNDEF 0.00
expand: main@alt_sep_test.exit.i (1, 0) FAR  w(0) 29665. UNDEF 0.00
expand: main@alt_sep_test.exit.i (1, 0) FAR  w(1) 29665.
	create_child: main@.critedge.i.i (1, 6) FAR 30515 X 0.01
expand: main@.critedge.i.i (1, 0) FAR  w(0) 30515.
	create_child: main@alt_sep_test.exit.i (0, 6) FAR 31561 U 0.01
expand: main@alt_sep_test.exit.i (0, 0) FAR  w(0) 31561. F 0.02
expand: main@.critedge.i.i (1, 0) FAR  w(0) 30515. F 0.02
expand: main@_43!_Cond (2, 0) FAR  w(0) 10560.
	create_child: main@.critedge.i.i (1, 6) FAR 33505 U 0.00
expand: main@.critedge.i.i (1, 0) FAR  w(0) 33505.
	create_child: main@alt_sep_test.exit.i (0, 6) FAR 33879 U 0.00
expand: main@alt_sep_test.exit.i (0, 0) FAR  w(0) 33879. F 0.02
expand: main@.critedge.i.i (1, 0) FAR  w(0) 33505. F 0.02
expand: main@_43!_Cond (2, 0) FAR  w(0) 10560.
	create_child: main@.critedge.i.i (1, 6) FAR 34560 U 0.00
expand: main@.critedge.i.i (1, 0) FAR  w(0) 34560.
	create_child: main@alt_sep_test.exit.i (0, 6) FAR 34906 U 0.01
expand: main@alt_sep_test.exit.i (0, 0) FAR  w(0) 34906. F 0.01
expand: main@.critedge.i.i (1, 0) FAR  w(0) 34560. F 0.02
expand: main@_43!_Cond (2, 0) FAR  w(0) 10560.
	create_child: main@.critedge.i.i (1, 6) FAR 35842 U 0.00
expand: main@.critedge.i.i (1, 0) FAR  w(0) 35842.
	create_child: main@alt_sep_test.exit.i (0, 6) FAR 35976 U 0.00
expand: main@alt_sep_test.exit.i (0, 0) FAR  w(0) 35976. F 0.01
expand: main@.critedge.i.i (1, 0) FAR  w(0) 35842. F 0.02
expand: main@_43!_Cond (2, 0) FAR  w(0) 10560.
	create_child: main@.critedge.i.i (1, 6) FAR 36775 U 0.00
expand: main@.critedge.i.i (1, 0) FAR  w(0) 36775.
	create_child: main@alt_sep_test.exit.i (0, 6) FAR 36286 U 0.00
expand: main@alt_sep_test.exit.i (0, 0) FAR  w(0) 36286. F 0.02
expand: main@.critedge.i.i (1, 0) FAR  w(0) 36775. F 0.02
expand: main@_43!_Cond (2, 0) FAR  w(0) 10560.
	create_child: main@.critedge.i.i (1, 6) FAR 37246 U 0.00
expand: main@.critedge.i.i (1, 0) FAR  w(0) 37246.
	create_child: main@alt_sep_test.exit.i (0, 6) FAR 37476 U 0.00
expand: main@alt_sep_test.exit.i (0, 0) FAR  w(0) 37476. F 0.01
expand: main@.critedge.i.i (1, 0) FAR  w(0) 37246. F 0.02
expand: main@_43!_Cond (2, 0) FAR  w(0) 10560.
	create_child: main@.critedge.i.i (1, 6) FAR 38277 U 0.01
expand: main@.critedge.i.i (1, 0) FAR  w(0) 38277.
	create_child: main@alt_sep_test.exit.i (0, 6) FAR 38598 U 0.00
expand: main@alt_sep_test.exit.i (0, 0) FAR  w(0) 38598. F 0.01
expand: main@.critedge.i.i (1, 0) FAR  w(0) 38277. F 0.02
expand: main@_43!_Cond (2, 0) FAR  w(0) 10560.
	create_child: main@.critedge.i.i (1, 6) FAR 38932 U 0.00
expand: main@.critedge.i.i (1, 0) FAR  w(0) 38932.
	create_child: main@alt_sep_test.exit.i (0, 6) FAR 38993 U 0.00
expand: main@alt_sep_test.exit.i (0, 0) FAR  w(0) 38993


FAILED TO FIND COEFFICIENT





FAILED TO FIND COEFFICIENT


. F 0.01
expand: main@.critedge.i.i (1, 0) FAR  w(0) 38932. F 0.02
expand: main@_43!_Cond (2, 0) FAR  w(0) 10560.
	create_child: main@.critedge.i.i (1, 6) FAR 39378 U 0.00
expand: main@.critedge.i.i (1, 0) FAR  w(0) 39378.
	create_child: main@alt_sep_test.exit.i (0, 6) FAR 39324 U 0.00
expand: main@alt_sep_test.exit.i (0, 0) FAR  w(0) 39324. F 0.01
expand: main@.critedge.i.i (1, 0) FAR  w(0) 39378. F 0.02
expand: main@_43!_Cond (2, 0) FAR  w(0) 10560.
	create_child: main@.critedge.i.i (1, 6) FAR 38550 U 0.00
expand: main@.critedge.i.i (1, 0) FAR  w(0) 38550.
	create_child: main@alt_sep_test.exit.i (0, 6) FAR 38917 U 0.00
expand: main@alt_sep_test.exit.i (0, 0) FAR  w(0) 38917


FAILED TO FIND COEFFICIENT





FAILED TO FIND COEFFICIENT


. F 0.01
expand: main@.critedge.i.i (1, 0) FAR  w(0) 38550. F 0.02
expand: main@_43!_Cond (2, 0) FAR  w(0) 10560.
	create_child: main@.critedge.i.i (1, 6) FAR 40106 U 0.00
expand: main@.critedge.i.i (1, 0) FAR  w(0) 40106.
	create_child: main@alt_sep_test.exit.i (0, 6) FAR 39512 U 0.00
expand: main@alt_sep_test.exit.i (0, 0) FAR  w(0) 39512. F 0.01
expand: main@.critedge.i.i (1, 0) FAR  w(0) 40106. F 0.02
expand: main@_43!_Cond (2, 0) FAR  w(0) 10560.
	create_child: main@.critedge.i.i (1, 6) FAR 40621 U 0.00
expand: main@.critedge.i.i (1, 0) FAR  w(0) 40621.
	create_child: main@alt_sep_test.exit.i (0, 6) FAR 39909 U 0.00
expand: main@alt_sep_test.exit.i (0, 0) FAR  w(0) 39909. F 0.01
expand: main@.critedge.i.i (1, 0) FAR  w(0) 40621. F 0.02
expand: main@_43!_Cond (2, 0) FAR  w(0) 10560.
	create_child: main@.critedge.i.i (1, 6) FAR 41018 U 0.00
expand: main@.critedge.i.i (1, 0) FAR  w(0) 41018.
	create_child: main@alt_sep_test.exit.i (0, 6) FAR 40964 U 0.00
expand: main@alt_sep_test.exit.i (0, 0) FAR  w(0) 40964. F 0.01
expand: main@.critedge.i.i (1, 0) FAR  w(0) 41018. F 0.02
expand: main@_43!_Cond (2, 0) FAR  w(0) 10560.
	create_child: main@.critedge.i.i (1, 6) FAR 41450 U 0.00
expand: main@.critedge.i.i (1, 0) FAR  w(0) 41450.
	create_child: main@alt_sep_test.exit.i (0, 6) FAR 41436 U 0.00
expand: main@alt_sep_test.exit.i (0, 0) FAR  w(0) 41436. F 0.01
expand: main@.critedge.i.i (1, 0) FAR  w(0) 41450. F 0.02
expand: main@_43!_Cond (2, 0) FAR  w(0) 10560.
	create_child: main@.critedge.i.i (1, 6) FAR 41995 U 0.01
expand: main@.critedge.i.i (1, 0) FAR  w(0) 41995.
	create_child: main@alt_sep_test.exit.i (0, 6) FAR 42390 U 0.00
expand: main@alt_sep_test.exit.i (0, 0) FAR  w(0) 42390. F 0.02
expand: main@.critedge.i.i (1, 0) FAR  w(0) 41995. F 0.03
expand: main@_43!_Cond (2, 0) FAR  w(0) 10560.
	create_child: main@.critedge.i.i (1, 6) FAR 42604 U 0.00
expand: main@.critedge.i.i (1, 0) FAR  w(0) 42604.
	create_child: main@alt_sep_test.exit.i (0, 6) FAR 43207 U 0.00
expand: main@alt_sep_test.exit.i (0, 0) FAR  w(0) 43207


FAILED TO FIND COEFFICIENT





FAILED TO FIND COEFFICIENT


. F 0.01
expand: main@.critedge.i.i (1, 0) FAR  w(0) 42604. F 0.03
expand: main@_43!_Cond (2, 0) FAR  w(0) 10560.
	create_child: main@.critedge.i.i (1, 6) FAR 43654 U 0.00
expand: main@.critedge.i.i (1, 0) FAR  w(0) 43654.
	create_child: main@alt_sep_test.exit.i (0, 6) FAR 44073 U 0.00
expand: main@alt_sep_test.exit.i (0, 0) FAR  w(0) 44073. F 0.01
expand: main@.critedge.i.i (1, 0) FAR  w(0) 43654. F 0.03
expand: main@_43!_Cond (2, 0) FAR  w(0) 10560.
	create_child: main@.critedge.i.i (1, 6) FAR 44242 U 0.00
expand: main@.critedge.i.i (1, 0) FAR  w(0) 44242.
	create_child: main@alt_sep_test.exit.i (0, 6) FAR 44635 U 0.00
expand: main@alt_sep_test.exit.i (0, 0) FAR  w(0) 44635. F 0.01
expand: main@.critedge.i.i (1, 0) FAR  w(0) 44242. F 0.03
expand: main@_43!_Cond (2, 0) FAR  w(0) 10560.
	create_child: main@.critedge.i.i (1, 6) FAR 44989 U 0.00
expand: main@.critedge.i.i (1, 0) FAR  w(0) 44989.
	create_child: main@alt_sep_test.exit.i (0, 6) FAR 45228 U 0.00
expand: main@alt_sep_test.exit.i (0, 0) FAR  w(0) 45228. F 0.01
expand: main@.critedge.i.i (1, 0) FAR  w(0) 44989. F 0.02
expand: main@_43!_Cond (2, 0) FAR  w(0) 10560.
	create_child: main@.critedge.i.i (1, 6) FAR 44238 U 0.00
expand: main@.critedge.i.i (1, 0) FAR  w(0) 44238.
	create_child: main@alt_sep_test.exit.i (0, 6) FAR 45602 U 0.00
expand: main@alt_sep_test.exit.i (0, 0) FAR  w(0) 45602. F 0.01
expand: main@.critedge.i.i (1, 0) FAR  w(0) 44238. F 0.02
expand: main@_43!_Cond (2, 0) FAR  w(0) 10560.
	create_child: main@.critedge.i.i (1, 6) FAR 45401 U 0.00
expand: main@.critedge.i.i (1, 0) FAR  w(0) 45401.
	create_child: main@alt_sep_test.exit.i (0, 6) FAR 45136 U 0.00
expand: main@alt_sep_test.exit.i (0, 0) FAR  w(0) 45136


FAILED TO FIND COEFFICIENT





FAILED TO FIND COEFFICIENT


. F 0.01
expand: main@.critedge.i.i (1, 0) FAR  w(0) 45401. F 0.02
expand: main@_43!_Cond (2, 0) FAR  w(0) 10560.
	create_child: main@.critedge.i.i (1, 6) FAR 46146 U 0.00
expand: main@.critedge.i.i (1, 0) FAR  w(0) 46146.
	create_child: main@alt_sep_test.exit.i (0, 6) FAR 46150 U 0.00
expand: main@alt_sep_test.exit.i (0, 0) FAR  w(0) 46150. F 0.01
expand: main@.critedge.i.i (1, 0) FAR  w(0) 46146. F 0.02
expand: main@_43!_Cond (2, 0) FAR  w(0) 10560.
	create_child: main@.critedge.i.i (1, 6) FAR 46598 U 0.00
expand: main@.critedge.i.i (1, 0) FAR  w(0) 46598.
	create_child: main@alt_sep_test.exit.i (0, 6) FAR 46130 U 0.00
expand: main@alt_sep_test.exit.i (0, 0) FAR  w(0) 46130


FAILED TO FIND COEFFICIENT





FAILED TO FIND COEFFICIENT


. F 0.01
expand: main@.critedge.i.i (1, 0) FAR  w(0) 46598. F 0.02
expand: main@_43!_Cond (2, 0) FAR  w(0) 10560.
	create_child: main@.critedge.i.i (1, 6) FAR 46950 U 0.00
expand: main@.critedge.i.i (1, 0) FAR  w(0) 46950.
	create_child: main@alt_sep_test.exit.i (0, 6) FAR 47373 U 0.00
expand: main@alt_sep_test.exit.i (0, 0) FAR  w(0) 47373


FAILED TO FIND COEFFICIENT





FAILED TO FIND COEFFICIENT


. F 0.01
expand: main@.critedge.i.i (1, 0) FAR  w(0) 46950. F 0.02
expand: main@_43!_Cond (2, 0) FAR  w(0) 10560.
	create_child: main@.critedge.i.i (1, 6) FAR 45954 U 0.00
expand: main@.critedge.i.i (1, 0) FAR  w(0) 45954.
	create_child: main@alt_sep_test.exit.i (0, 6) FAR 47565 U 0.00
expand: main@alt_sep_test.exit.i (0, 0) FAR  w(0) 47565. F 0.01
expand: main@.critedge.i.i (1, 0) FAR  w(0) 45954. F 0.02
expand: main@_43!_Cond (2, 0) FAR  w(0) 10560.
	create_child: main@.critedge.i.i (1, 6) FAR 47012 U 0.00
expand: main@.critedge.i.i (1, 0) FAR  w(0) 47012.
	create_child: main@alt_sep_test.exit.i (0, 6) FAR 47698 U 0.00
expand: main@alt_sep_test.exit.i (0, 0) FAR  w(0) 47698. F 0.01
expand: main@.critedge.i.i (1, 0) FAR  w(0) 47012. F 0.02
expand: main@_43!_Cond (2, 0) FAR  w(0) 10560.
	create_child: main@.critedge.i.i (1, 6) FAR 47641 U 0.00
expand: main@.critedge.i.i (1, 0) FAR  w(0) 47641.
	create_child: main@alt_sep_test.exit.i (0, 6) FAR 47476 U 0.00
expand: main@alt_sep_test.exit.i (0, 0) FAR  w(0) 47476. F 0.01
expand: main@.critedge.i.i (1, 0) FAR  w(0) 47641. F 0.02
expand: main@_43!_Cond (2, 0) FAR  w(0) 10560.
	create_child: main@.critedge.i.i (1, 6) FAR 48354 U 0.00
expand: main@.critedge.i.i (1, 0) FAR  w(0) 48354.
	create_child: main@alt_sep_test.exit.i (0, 6) FAR 48425 U 0.00
expand: main@alt_sep_test.exit.i (0, 0) FAR  w(0) 48425. F 0.01
expand: main@.critedge.i.i (1, 0) FAR  w(0) 48354. F 0.02
expand: main@_43!_Cond (2, 0) FAR  w(0) 10560.
	create_child: main@.critedge.i.i (1, 6) FAR 47917 U 0.00
expand: main@.critedge.i.i (1, 0) FAR  w(0) 47917.
	create_child: main@alt_sep_test.exit.i (0, 6) FAR 48607 U 0.00
expand: main@alt_sep_test.exit.i (0, 0) FAR  w(0) 48607. F 0.01
expand: main@.critedge.i.i (1, 0) FAR  w(0) 47917. F 0.02
expand: main@_43!_Cond (2, 0) FAR  w(0) 10560.
	create_child: main@alt_sep_test.exit.i (1, 6) FAR 49208 U 0.01
expand: main@alt_sep_test.exit.i (1, 0) FAR  w(0) 49208. F 0.00
expand: main@_43!_Cond (2, 0) FAR  w(0) 10560.
	create_child: main@alt_sep_test.exit.i (1, 6) FAR 49416 U 0.00
expand: main@alt_sep_test.exit.i (1, 0) FAR  w(0) 49416. F 0.00
expand: main@_43!_Cond (2, 0) FAR  w(0) 10560.
	create_child: main@alt_sep_test.exit.i (1, 6) FAR 49555 U 0.00
expand: main@alt_sep_test.exit.i (1, 0) FAR  w(0) 49555. F 0.01
expand: main@_43!_Cond (2, 0) FAR  w(0) 10560.
	create_child: main@alt_sep_test.exit.i (1, 6) FAR 49738 U 0.00
expand: main@alt_sep_test.exit.i (1, 0) FAR  w(0) 49738. F 0.01
expand: main@_43!_Cond (2, 0) FAR  w(0) 10560.
	create_child: main@alt_sep_test.exit.i (1, 6) FAR 50636 U 0.00
expand: main@alt_sep_test.exit.i (1, 0) FAR  w(0) 50636. F 0.01
expand: main@_43!_Cond (2, 0) FAR  w(0) 10560.
	create_child: main@alt_sep_test.exit.i (1, 6) FAR 51122 U 0.00
expand: main@alt_sep_test.exit.i (1, 0) FAR  w(0) 51122. F 0.00
expand: main@_43!_Cond (2, 0) FAR  w(0) 10560.
	create_child: main@alt_sep_test.exit.i (1, 6) FAR 50975 U 0.00
expand: main@alt_sep_test.exit.i (1, 0) FAR  w(0) 50975. F 0.01
expand: main@_43!_Cond (2, 0) FAR  w(0) 10560.
	create_child: main@alt_sep_test.exit.i (1, 6) FAR 51118 U 0.00
expand: main@alt_sep_test.exit.i (1, 0) FAR  w(0) 51118. F 0.01
expand: main@_43!_Cond (2, 0) FAR  w(0) 10560.
	create_child: main@alt_sep_test.exit.i (1, 6) FAR 50265 U 0.00
expand: main@alt_sep_test.exit.i (1, 0) FAR  w(0) 50265. F 0.01
expand: main@_43!_Cond (2, 0) FAR  w(0) 10560.
	create_child: main@alt_sep_test.exit.i (1, 6) FAR 50535 U 0.00
expand: main@alt_sep_test.exit.i (1, 0) FAR  w(0) 50535. F 0.01
expand: main@_43!_Cond (2, 0) FAR  w(0) 10560.
	create_child: main@alt_sep_test.exit.i (1, 6) FAR 51678 U 0.00
expand: main@alt_sep_test.exit.i (1, 0) FAR  w(0) 51678. F 0.01
expand: main@_43!_Cond (2, 0) FAR  w(0) 10560.
	create_child: main@alt_sep_test.exit.i (1, 6) FAR 51429 U 0.00
expand: main@alt_sep_test.exit.i (1, 0) FAR  w(0) 51429. F 0.01
expand: main@_43!_Cond (2, 0) FAR  w(0) 10560.
	create_child: main@alt_sep_test.exit.i (1, 6) FAR 51634 U 0.00
expand: main@alt_sep_test.exit.i (1, 0) FAR  w(0) 51634. F 0.01
expand: main@_43!_Cond (2, 0) FAR  w(0) 10560.
	create_child: main@alt_sep_test.exit.i (1, 6) FAR 52445 U 0.00
expand: main@alt_sep_test.exit.i (1, 0) FAR  w(0) 52445. F 0.01
expand: main@_43!_Cond (2, 0) FAR  w(0) 10560.
	create_child: main@alt_sep_test.exit.i (1, 6) FAR 51291 U 0.00
expand: main@alt_sep_test.exit.i (1, 0) FAR  w(0) 51291. F 0.01
expand: main@_43!_Cond (2, 0) FAR  w(0) 10560.
	create_child: main@alt_sep_test.exit.i (1, 6) FAR 53464 U 0.00
expand: main@alt_sep_test.exit.i (1, 0) FAR  w(0) 53464. F 0.01
expand: main@_43!_Cond (2, 0) FAR  w(0) 10560.
	create_child: main@alt_sep_test.exit.i (1, 6) FAR 54080 U 0.00
expand: main@alt_sep_test.exit.i (1, 0) FAR  w(0) 54080. F 0.01
expand: main@_43!_Cond (2, 0) FAR  w(0) 10560


FAILED TO FIND COEFFICIENT





FAILED TO FIND COEFFICIENT


. F 0.03
expand: main@_43 (3, 0) FAR  w(0) 10321. F 0.01
expand: main@entry (4, 0) FAR  w(0) 1. F 0.00
expand: main@entry!_BAD (5, 0) FAR  w(0) 1. F 0.00
expand: query!0 (6, 0) FAR  w(0) 1. F 0.00
(spacer::context::check_reachability :time 1.70 :before-memory 18.20 :after-memory 29.59)
Propagating: 0 1 2 3 
(spacer::context::propagate :time 0.00 :before-memory 29.59 :after-memory 29.59)
(define-fun main@entry!_BAD () Bool
  false)
(define-fun main@_43 ((x!0 (Array Int Int))
 (x!1 Int)
 (x!2 Int)
 (x!3 (Array Int Int))
 (x!4 Int)
 (x!5 (Array Int Int))
 (x!6 Int)
 (x!7 (Array Int Int))
 (x!8 Int)
 (x!9 (Array Int Int))
 (x!10 Int)
 (x!11 (Array Int Int))
 (x!12 Int)
 (x!13 (Array Int Int))
 (x!14 Int)
 (x!15 (Array Int Int))
 (x!16 Int)
 (x!17 (Array Int Int))
 (x!18 Int)
 (x!19 (Array Int Int))
 (x!20 Int)
 (x!21 (Array Int Int))
 (x!22 Int)
 (x!23 (Array Int Int))
 (x!24 Int)
 (x!25 Int)
 (x!26 Bool)
 (x!27 (Array Int Int))
 (x!28 Int)) Bool
  (let ((a!1 (or (not (>= (select x!15 x!16) 0))
                 (not (>= (select x!19 x!20) 0))
                 (not (>= (select x!7 x!8) 0))
                 (not (>= (select x!0 x!1) 0))
                 (not (<= (select x!13 x!14) 1))
                 (not (>= (select x!17 x!18) 0))
                 (not (<= (select x!0 x!1) 3)))))
    (and a!1 x!26)))
(define-fun main@.critedge.i.i ((x!0 (Array Int Int))
 (x!1 Int)
 (x!2 Int)
 (x!3 (Array Int Int))
 (x!4 Int)
 (x!5 (Array Int Int))
 (x!6 Int)
 (x!7 (Array Int Int))
 (x!8 Int)
 (x!9 (Array Int Int))
 (x!10 Int)
 (x!11 (Array Int Int))
 (x!12 Int)
 (x!13 (Array Int Int))
 (x!14 Int)
 (x!15 (Array Int Int))
 (x!16 Int)
 (x!17 (Array Int Int))
 (x!18 Int)
 (x!19 (Array Int Int))
 (x!20 (Array Int Int))
 (x!21 Int)
 (x!22 (Array Int Int))
 (x!23 Int)
 (x!24 (Array Int Int))
 (x!25 Int)
 (x!26 Int)) Bool
  (let ((a!1 (<= (+ (select x!9 x!10) (* (- 1) (select x!11 x!12))) 0))
        (a!2 (<= (+ (select x!5 x!6) (* (- 1) (select x!3 x!4))) 0))
        (a!3 (not (>= (select x!19 (+ 12 x!2)) 740)))
        (a!5 (<= (+ (select x!3 x!4) (* (- 1) (select x!5 x!6))) 0))
        (a!6 (>= (+ (select x!11 x!12) (* (- 1) (select x!9 x!10))) 0))
        (a!7 (not (<= (select x!19 (+ 12 x!2)) 740)))
        (a!10 (not (<= (select x!19 (+ 8 x!2)) 640)))
        (a!14 (>= (+ (select x!11 x!12) (* (- 1) (select x!9 x!10))) 100))
        (a!17 (not (<= (select x!19 (+ 4 x!2)) 500)))
        (a!24 (<= (+ (select x!9 x!10) (* (- 1) (select x!11 x!12))) (- 100)))
        (a!29 (>= (+ (select x!9 x!10) (* (- 1) (select x!11 x!12))) (- 99)))
        (a!31 (not (>= (select x!19 (+ 4 x!2)) 500)))
        (a!33 (not (>= (select x!19 (+ 8 x!2)) 640))))
  (let ((a!4 (or (<= (select x!20 x!21) 0)
                 (not (<= (select x!22 x!23) 600))
                 (not (= (select x!0 x!1) 3))
                 (not (>= (select x!24 x!25) 601))
                 a!1
                 a!2
                 (not (<= (select x!13 x!14) 0))
                 (not (<= (select x!11 x!12) 739))
                 a!3))
        (a!8 (or (<= (select x!20 x!21) 0)
                 (not (<= (select x!22 x!23) 600))
                 (not (= (select x!0 x!1) 3))
                 (not (= (select x!7 x!8) 0))
                 (not (>= (select x!9 x!10) 740))
                 a!5
                 (not (>= (select x!24 x!25) 601))
                 (not a!6)
                 (not (= (select x!15 x!16) 0))
                 (<= (select x!17 x!18) 0)
                 a!7))
        (a!9 (or (<= (select x!20 x!21) 0)
                 (not (<= (select x!22 x!23) 600))
                 (not (= (select x!0 x!1) 3))
                 (not (= (select x!7 x!8) 0))
                 (not (>= (select x!9 x!10) 740))
                 a!5
                 (not (>= (select x!24 x!25) 601))
                 (not (<= (select x!13 x!14) 0))
                 (not a!6)
                 a!7))
        (a!11 (or (<= (select x!20 x!21) 0)
                  (not (<= (select x!22 x!23) 600))
                  (not (= (select x!7 x!8) 0))
                  (not (= (select x!0 x!1) 2))
                  a!5
                  (not (>= (select x!24 x!25) 601))
                  a!10
                  (not (<= (select x!13 x!14) 0))
                  (not (>= (select x!9 x!10) 640))
                  (not a!6)))
        (a!12 (or (not (>= (select x!19 x!2) 400))
                  (<= (select x!20 x!21) 0)
                  (not (<= (select x!22 x!23) 600))
                  (not (>= (select x!24 x!25) 601))
                  a!1
                  a!2
                  (not (<= (select x!13 x!14) 0))
                  (not (= (select x!0 x!1) 0))
                  (not (<= (select x!11 x!12) 399))))
        (a!13 (or (<= (select x!20 x!21) 0)
                  (not (<= (select x!22 x!23) 600))
                  (not (= (select x!7 x!8) 0))
                  a!5
                  (not (>= (select x!24 x!25) 601))
                  (not (<= (select x!13 x!14) 0))
                  (not (= (select x!0 x!1) 0))
                  (not (<= (select x!19 x!2) 400))
                  (not (>= (select x!9 x!10) 400))
                  (not a!6)))
        (a!15 (or (<= (select x!20 x!21) 0)
                  (not (<= (select x!22 x!23) 600))
                  a!5
                  (not (>= (select x!24 x!25) 601))
                  (not (<= (select x!13 x!14) 0))
                  (not (= (select x!0 x!1) 0))
                  (not (<= (select x!19 x!2) 400))
                  (not (>= (select x!9 x!10) 400))
                  (not a!14)))
        (a!16 (or (<= (select x!20 x!21) 0)
                  (not (<= (select x!22 x!23) 600))
                  a!5
                  (not (>= (select x!24 x!25) 601))
                  (not (= (select x!0 x!1) 0))
                  (not (<= (select x!19 x!2) 400))
                  (not (>= (select x!9 x!10) 400))
                  (not a!14)
                  (not (= (select x!15 x!16) 0))
                  (<= (select x!17 x!18) 0)))
        (a!18 (or (<= (select x!20 x!21) 0)
                  (not (<= (select x!22 x!23) 600))
                  a!17
                  a!5
                  (not (>= (select x!24 x!25) 601))
                  (not (>= (select x!9 x!10) 500))
                  (not a!14)
                  (not (= (select x!15 x!16) 0))
                  (<= (select x!17 x!18) 0)
                  (not (= (select x!0 x!1) 1))))
        (a!19 (or (<= (select x!20 x!21) 0)
                  (not (<= (select x!22 x!23) 600))
                  (not (= (select x!0 x!1) 2))
                  a!5
                  (not (>= (select x!24 x!25) 601))
                  a!10
                  (not (>= (select x!9 x!10) 640))
                  (not a!14)
                  (not (= (select x!15 x!16) 0))
                  (<= (select x!17 x!18) 0)))
        (a!20 (or (<= (select x!20 x!21) 0)
                  (not (<= (select x!22 x!23) 600))
                  a!17
                  (not (= (select x!7 x!8) 0))
                  a!5
                  (not (>= (select x!24 x!25) 601))
                  (not (>= (select x!9 x!10) 500))
                  (not (<= (select x!13 x!14) 0))
                  (not a!6)
                  (not (= (select x!0 x!1) 1))))
        (a!21 (or (<= (select x!20 x!21) 0)
                  (not (<= (select x!22 x!23) 600))
                  (not (= (select x!7 x!8) 0))
                  a!5
                  (not (>= (select x!24 x!25) 601))
                  (not (= (select x!0 x!1) 0))
                  (not (<= (select x!19 x!2) 400))
                  (not (>= (select x!9 x!10) 400))
                  (not a!6)
                  (not (= (select x!15 x!16) 0))
                  (<= (select x!17 x!18) 0)))
        (a!22 (or (<= (select x!20 x!21) 0)
                  (not (<= (select x!22 x!23) 600))
                  a!17
                  (not (= (select x!7 x!8) 0))
                  a!5
                  (not (>= (select x!24 x!25) 601))
                  (not (>= (select x!9 x!10) 500))
                  (not a!6)
                  (not (= (select x!15 x!16) 0))
                  (<= (select x!17 x!18) 0)
                  (not (= (select x!0 x!1) 1))))
        (a!23 (or (<= (select x!20 x!21) 0)
                  (not (<= (select x!22 x!23) 600))
                  (not (= (select x!0 x!1) 3))
                  (not (>= (select x!9 x!10) 740))
                  a!5
                  (not (>= (select x!24 x!25) 601))
                  (not (<= (select x!13 x!14) 0))
                  (not a!14)
                  a!7))
        (a!25 (or (<= (select x!20 x!21) 0)
                  (not (<= (select x!22 x!23) 600))
                  a!17
                  (not a!24)
                  a!5
                  (not (>= (select x!24 x!25) 601))
                  (not (>= (select x!9 x!10) 500))
                  (not (<= (select x!13 x!14) 0))
                  (not (= (select x!0 x!1) 1))))
        (a!26 (or (<= (select x!20 x!21) 0)
                  (not (<= (select x!22 x!23) 600))
                  (not (= (select x!0 x!1) 3))
                  (not (>= (select x!9 x!10) 740))
                  a!5
                  (not (>= (select x!24 x!25) 601))
                  (not a!14)
                  (not (= (select x!15 x!16) 0))
                  (<= (select x!17 x!18) 0)
                  a!7))
        (a!27 (or (<= (select x!20 x!21) 0)
                  (not (<= (select x!22 x!23) 600))
                  (not (= (select x!0 x!1) 2))
                  a!5
                  (not (>= (select x!24 x!25) 601))
                  a!10
                  (not (<= (select x!13 x!14) 0))
                  (not (>= (select x!9 x!10) 640))
                  (not a!14)))
        (a!28 (or (<= (select x!20 x!21) 0)
                  (not (<= (select x!22 x!23) 600))
                  (not (= (select x!7 x!8) 0))
                  (not (= (select x!0 x!1) 2))
                  a!5
                  (not (>= (select x!24 x!25) 601))
                  a!10
                  (not (>= (select x!9 x!10) 640))
                  (not a!6)
                  (not (= (select x!15 x!16) 0))
                  (<= (select x!17 x!18) 0)))
        (a!30 (or (not (>= (select x!19 x!2) 400))
                  (<= (select x!7 x!8) 0)
                  (<= (select x!20 x!21) 0)
                  (not (<= (select x!22 x!23) 600))
                  (not (>= (select x!24 x!25) 601))
                  a!2
                  (not (= (select x!0 x!1) 0))
                  (not (<= (select x!11 x!12) 399))
                  (not (= (select x!15 x!16) 0))
                  (<= (select x!17 x!18) 0)
                  (not a!29)))
        (a!32 (or (<= (select x!7 x!8) 0)
                  (<= (select x!20 x!21) 0)
                  (not (<= (select x!22 x!23) 600))
                  (not (<= (select x!11 x!12) 499))
                  (not (>= (select x!24 x!25) 601))
                  a!2
                  (not (= (select x!15 x!16) 0))
                  (<= (select x!17 x!18) 0)
                  a!31
                  (not a!29)
                  (not (= (select x!0 x!1) 1))))
        (a!34 (or (<= (select x!7 x!8) 0)
                  (<= (select x!20 x!21) 0)
                  (not (<= (select x!22 x!23) 600))
                  (not (= (select x!0 x!1) 2))
                  a!33
                  (not (>= (select x!24 x!25) 601))
                  a!2
                  (not (<= (select x!11 x!12) 639))
                  (not (= (select x!15 x!16) 0))
                  (<= (select x!17 x!18) 0)
                  (not a!29)))
        (a!35 (or (<= (select x!7 x!8) 0)
                  (<= (select x!20 x!21) 0)
                  (not (<= (select x!22 x!23) 600))
                  (not (= (select x!0 x!1) 3))
                  (not (>= (select x!24 x!25) 601))
                  a!2
                  (not (<= (select x!11 x!12) 739))
                  a!3
                  (not (= (select x!15 x!16) 0))
                  (<= (select x!17 x!18) 0)
                  (not a!29)))
        (a!36 (or (<= (select x!20 x!21) 0)
                  (not (<= (select x!22 x!23) 600))
                  (not (= (select x!0 x!1) 3))
                  (not (>= (select x!24 x!25) 601))
                  a!1
                  a!2
                  (not (<= (select x!11 x!12) 739))
                  a!3
                  (not (= (select x!15 x!16) 0))
                  (<= (select x!17 x!18) 0)))
        (a!37 (or (<= (select x!20 x!21) 0)
                  (not (<= (select x!22 x!23) 600))
                  (not (= (select x!0 x!1) 2))
                  a!33
                  (not (>= (select x!24 x!25) 601))
                  a!1
                  a!2
                  (not (<= (select x!11 x!12) 639))
                  (not (= (select x!15 x!16) 0))
                  (<= (select x!17 x!18) 0)))
        (a!38 (or (not (>= (select x!19 x!2) 400))
                  (<= (select x!20 x!21) 0)
                  (not (<= (select x!22 x!23) 600))
                  (not (>= (select x!24 x!25) 601))
                  a!1
                  a!2
                  (not (= (select x!0 x!1) 0))
                  (not (<= (select x!11 x!12) 399))
                  (not (= (select x!15 x!16) 0))
                  (<= (select x!17 x!18) 0)))
        (a!39 (or (<= (select x!20 x!21) 0)
                  (not (<= (select x!22 x!23) 600))
                  (not (<= (select x!11 x!12) 499))
                  (not (>= (select x!24 x!25) 601))
                  a!1
                  a!2
                  (not (= (select x!15 x!16) 0))
                  (<= (select x!17 x!18) 0)
                  a!31
                  (not (= (select x!0 x!1) 1))))
        (a!40 (or (not (>= (select x!19 x!2) 400))
                  (<= (select x!7 x!8) 0)
                  (<= (select x!20 x!21) 0)
                  (not (<= (select x!22 x!23) 600))
                  (not (>= (select x!24 x!25) 601))
                  a!2
                  (not (<= (select x!13 x!14) 0))
                  (not (= (select x!0 x!1) 0))
                  (not (<= (select x!11 x!12) 399))
                  (not a!29)))
        (a!41 (or (<= (select x!7 x!8) 0)
                  (<= (select x!20 x!21) 0)
                  (not (<= (select x!22 x!23) 600))
                  (not (<= (select x!11 x!12) 499))
                  (not (>= (select x!24 x!25) 601))
                  a!2
                  (not (<= (select x!13 x!14) 0))
                  a!31
                  (not a!29)
                  (not (= (select x!0 x!1) 1))))
        (a!42 (or (<= (select x!20 x!21) 0)
                  (not (<= (select x!22 x!23) 600))
                  (not (<= (select x!11 x!12) 499))
                  (not (>= (select x!24 x!25) 601))
                  a!1
                  a!2
                  (not (<= (select x!13 x!14) 0))
                  a!31
                  (not (= (select x!0 x!1) 1))))
        (a!43 (or (<= (select x!20 x!21) 0)
                  (not (<= (select x!22 x!23) 600))
                  (not (= (select x!0 x!1) 2))
                  a!33
                  (not (>= (select x!24 x!25) 601))
                  a!1
                  a!2
                  (not (<= (select x!13 x!14) 0))
                  (not (<= (select x!11 x!12) 639))))
        (a!44 (or (<= (select x!7 x!8) 0)
                  (<= (select x!20 x!21) 0)
                  (not (<= (select x!22 x!23) 600))
                  (not (= (select x!0 x!1) 2))
                  a!33
                  (not (>= (select x!24 x!25) 601))
                  a!2
                  (not (<= (select x!13 x!14) 0))
                  (not (<= (select x!11 x!12) 639))
                  (not a!29)))
        (a!45 (or (<= (select x!7 x!8) 0)
                  (<= (select x!20 x!21) 0)
                  (not (<= (select x!22 x!23) 600))
                  (not (= (select x!0 x!1) 3))
                  (not (>= (select x!24 x!25) 601))
                  a!2
                  (not (<= (select x!13 x!14) 0))
                  (not (<= (select x!11 x!12) 739))
                  a!3
                  (not a!29))))
    (and a!4
         a!8
         a!9
         a!11
         a!12
         a!13
         a!15
         a!16
         a!18
         a!19
         a!20
         a!21
         a!22
         a!23
         a!25
         a!26
         a!27
         a!28
         a!30
         a!32
         a!34
         a!35
         a!36
         a!37
         a!38
         a!39
         a!40
         a!41
         a!42
         a!43
         a!44
         a!45))))
(define-fun main@alt_sep_test.exit.i ((x!0 Int)
 (x!1 (Array Int Int))
 (x!2 Int)
 (x!3 Int)
 (x!4 (Array Int Int))
 (x!5 Int)
 (x!6 (Array Int Int))
 (x!7 Int)
 (x!8 (Array Int Int))
 (x!9 Int)
 (x!10 (Array Int Int))
 (x!11 Int)
 (x!12 (Array Int Int))
 (x!13 Int)
 (x!14 (Array Int Int))
 (x!15 Int)
 (x!16 (Array Int Int))
 (x!17 Int)
 (x!18 (Array Int Int))
 (x!19 Int)
 (x!20 (Array Int Int))
 (x!21 (Array Int Int))
 (x!22 Int)
 (x!23 (Array Int Int))
 (x!24 Int)
 (x!25 (Array Int Int))
 (x!26 Int)) Bool
  (let ((a!1 (>= (+ (select x!4 x!5) (* (- 1) (select x!6 x!7))) 0))
        (a!3 (<= (+ (select x!4 x!5) (* (- 1) (select x!6 x!7))) 0))
        (a!4 (>= (+ (select x!12 x!13) (* (- 1) (select x!10 x!11))) 0))
        (a!8 (<= (+ (select x!10 x!11) (* (- 1) (select x!12 x!13))) 0))
        (a!9 (<= (+ (select x!6 x!7) (* (- 1) (select x!4 x!5))) 0))
        (a!12 (>= (+ (select x!12 x!13) (* (- 1) (select x!10 x!11))) 100))
        (a!15 (<= (+ (select x!10 x!11) (* (- 1) (select x!12 x!13))) (- 100)))
        (a!26 (>= (+ (select x!10 x!11) (* (- 1) (select x!12 x!13))) (- 99)))
        (a!42 (or (not (= x!0 0)) (not (<= (select x!25 x!26) 600))))
        (a!43 (or (not (= x!0 0)) (not (>= (select x!23 x!24) 601))))
        (a!44 (>= (+ (select x!6 x!7) (* (- 1) (select x!4 x!5))) 0))
        (a!45 (select x!20 (+ x!3 (* 4 (select x!1 x!2)))))
        (a!47 (or (not (= x!0 0)) (not (= (select x!21 x!22) 0))))
        (a!48 (or (not (= x!0 0))
                  (not (= (select x!14 x!15) 1))
                  (not (= (select x!18 x!19) 0))))
        (a!52 (or (not (= x!0 0))
                  (not (= (select x!14 x!15) 1))
                  (<= (select x!16 x!17) 0))))
  (let ((a!2 (or (not (= (select x!1 x!2) 2))
                 (not a!1)
                 (not (= x!0 0))
                 (not (<= (select x!10 x!11) 639))))
        (a!5 (or (not (= x!0 2))
                 (<= (select x!21 x!22) 0)
                 (<= (select x!18 x!19) 0)
                 a!3
                 (not (= (select x!8 x!9) 0))
                 (not (= (select x!16 x!17) 0))
                 (not (>= (select x!10 x!11) 740))
                 (not (= (select x!1 x!2) 3))
                 (not (>= (select x!25 x!26) 601))
                 (not (<= (select x!23 x!24) 600))
                 (not a!4)))
        (a!6 (or (not (= x!0 2))
                 (<= (select x!21 x!22) 0)
                 a!3
                 (not (= (select x!8 x!9) 0))
                 (not (>= (select x!10 x!11) 740))
                 (not (= (select x!1 x!2) 3))
                 (not (>= (select x!25 x!26) 601))
                 (not (<= (select x!23 x!24) 600))
                 (not a!4)
                 (not (<= (select x!14 x!15) 0))))
        (a!7 (or (not (= x!0 2))
                 (<= (select x!21 x!22) 0)
                 a!3
                 (not (= (select x!8 x!9) 0))
                 (not (>= (select x!25 x!26) 601))
                 (not (<= (select x!23 x!24) 600))
                 (not a!4)
                 (not (<= (select x!14 x!15) 0))
                 (not (>= (select x!10 x!11) 640))
                 (not (= (select x!1 x!2) 2))))
        (a!10 (or (<= (select x!21 x!22) 0)
                  a!8
                  a!9
                  (not (>= (select x!25 x!26) 601))
                  (not (<= (select x!23 x!24) 600))
                  (not (<= (select x!14 x!15) 0))
                  (not (= x!0 1))
                  (not (<= (select x!12 x!13) 399))
                  (not (= (select x!1 x!2) 0))))
        (a!11 (or (not (= x!0 2))
                  (<= (select x!21 x!22) 0)
                  a!3
                  (not (= (select x!8 x!9) 0))
                  (not (>= (select x!25 x!26) 601))
                  (not (<= (select x!23 x!24) 600))
                  (not a!4)
                  (not (<= (select x!14 x!15) 0))
                  (not (= (select x!1 x!2) 0))
                  (not (>= (select x!10 x!11) 400))))
        (a!13 (or (not (= x!0 2))
                  (<= (select x!21 x!22) 0)
                  a!3
                  (not (>= (select x!25 x!26) 601))
                  (not (<= (select x!23 x!24) 600))
                  (not (<= (select x!14 x!15) 0))
                  (not (= (select x!1 x!2) 0))
                  (not (>= (select x!10 x!11) 400))
                  (not a!12)))
        (a!14 (or (not (= x!0 2))
                  (<= (select x!21 x!22) 0)
                  (<= (select x!18 x!19) 0)
                  a!3
                  (not (= (select x!16 x!17) 0))
                  (not (>= (select x!25 x!26) 601))
                  (not (<= (select x!23 x!24) 600))
                  (not (= (select x!1 x!2) 0))
                  (not (>= (select x!10 x!11) 400))
                  (not a!12)))
        (a!16 (or (not (= x!0 2))
                  (<= (select x!21 x!22) 0)
                  (<= (select x!18 x!19) 0)
                  a!3
                  (not (= (select x!16 x!17) 0))
                  (not (>= (select x!25 x!26) 601))
                  (not (<= (select x!23 x!24) 600))
                  (not a!15)
                  (not (= (select x!1 x!2) 1))
                  (not (>= (select x!10 x!11) 500))))
        (a!17 (or (not (= x!0 2))
                  (<= (select x!21 x!22) 0)
                  (<= (select x!18 x!19) 0)
                  a!3
                  (not (= (select x!16 x!17) 0))
                  (not (>= (select x!25 x!26) 601))
                  (not (<= (select x!23 x!24) 600))
                  (not (>= (select x!10 x!11) 640))
                  (not (= (select x!1 x!2) 2))
                  (not a!12)))
        (a!18 (or (not (= x!0 2))
                  (<= (select x!21 x!22) 0)
                  (<= (select x!18 x!19) 0)
                  a!3
                  (not (= (select x!8 x!9) 0))
                  (not (= (select x!16 x!17) 0))
                  (not (>= (select x!25 x!26) 601))
                  (not (<= (select x!23 x!24) 600))
                  (not a!4)
                  (not (= (select x!1 x!2) 0))
                  (not (>= (select x!10 x!11) 400))))
        (a!19 (or (not (= x!0 2))
                  (<= (select x!21 x!22) 0)
                  a!3
                  (not (= (select x!8 x!9) 0))
                  (not (>= (select x!25 x!26) 601))
                  (not (<= (select x!23 x!24) 600))
                  (not a!4)
                  (not (<= (select x!14 x!15) 0))
                  (not (= (select x!1 x!2) 1))
                  (not (>= (select x!10 x!11) 500))))
        (a!20 (or (not a!8)
                  (not (= x!0 2))
                  (<= (select x!21 x!22) 0)
                  (<= (select x!18 x!19) 0)
                  a!3
                  (not (= (select x!8 x!9) 0))
                  (not (= (select x!16 x!17) 0))
                  (not (>= (select x!25 x!26) 601))
                  (not (<= (select x!23 x!24) 600))
                  (not (>= (select x!10 x!11) 500))
                  (not (>= (select x!1 x!2) 0))
                  (not (<= (select x!1 x!2) 1))))
        (a!21 (or (not (= x!0 2))
                  (<= (select x!21 x!22) 0)
                  a!3
                  (not (>= (select x!25 x!26) 601))
                  (not (<= (select x!23 x!24) 600))
                  (not (<= (select x!14 x!15) 0))
                  (not a!12)
                  (not (= (select x!1 x!2) 1))
                  (not (>= (select x!10 x!11) 500))))
        (a!22 (or (not (= x!0 2))
                  (<= (select x!21 x!22) 0)
                  a!3
                  (not (>= (select x!10 x!11) 740))
                  (not (= (select x!1 x!2) 3))
                  (not (>= (select x!25 x!26) 601))
                  (not (<= (select x!23 x!24) 600))
                  (not (<= (select x!14 x!15) 0))
                  (not a!12)))
        (a!23 (or (not (= x!0 2))
                  (<= (select x!21 x!22) 0)
                  (<= (select x!18 x!19) 0)
                  a!3
                  (not (= (select x!16 x!17) 0))
                  (not (>= (select x!10 x!11) 740))
                  (not (= (select x!1 x!2) 3))
                  (not (>= (select x!25 x!26) 601))
                  (not (<= (select x!23 x!24) 600))
                  (not a!12)))
        (a!24 (or (not (= x!0 2))
                  (<= (select x!21 x!22) 0)
                  (<= (select x!18 x!19) 0)
                  a!3
                  (not (= (select x!8 x!9) 0))
                  (not (= (select x!16 x!17) 0))
                  (not (>= (select x!25 x!26) 601))
                  (not (<= (select x!23 x!24) 600))
                  (not a!4)
                  (not (>= (select x!10 x!11) 640))
                  (not (= (select x!1 x!2) 2))))
        (a!25 (or (not (= x!0 2))
                  (<= (select x!21 x!22) 0)
                  a!3
                  (not (>= (select x!25 x!26) 601))
                  (not (<= (select x!23 x!24) 600))
                  (not (<= (select x!14 x!15) 0))
                  (not (>= (select x!10 x!11) 640))
                  (not (= (select x!1 x!2) 2))
                  (not a!12)))
        (a!27 (or (<= (select x!8 x!9) 0)
                  (<= (select x!21 x!22) 0)
                  (<= (select x!18 x!19) 0)
                  a!9
                  (not (= (select x!16 x!17) 0))
                  (not (>= (select x!25 x!26) 601))
                  (not (<= (select x!23 x!24) 600))
                  (not (= x!0 1))
                  (not (<= (select x!12 x!13) 399))
                  (not (= (select x!1 x!2) 0))
                  (not a!26)))
        (a!28 (or (<= (select x!8 x!9) 0)
                  (<= (select x!21 x!22) 0)
                  (<= (select x!18 x!19) 0)
                  a!9
                  (not (= (select x!16 x!17) 0))
                  (not (>= (select x!25 x!26) 601))
                  (not (<= (select x!23 x!24) 600))
                  (not (= x!0 1))
                  (not (= (select x!1 x!2) 1))
                  (not a!26)
                  (not (<= (select x!12 x!13) 499))))
        (a!29 (or (<= (select x!8 x!9) 0)
                  (<= (select x!21 x!22) 0)
                  (<= (select x!18 x!19) 0)
                  a!9
                  (not (= (select x!16 x!17) 0))
                  (not (>= (select x!25 x!26) 601))
                  (not (<= (select x!23 x!24) 600))
                  (not (= (select x!1 x!2) 2))
                  (not (= x!0 1))
                  (not a!26)
                  (not (<= (select x!12 x!13) 639))))
        (a!30 (or (<= (select x!8 x!9) 0)
                  (<= (select x!21 x!22) 0)
                  (<= (select x!18 x!19) 0)
                  a!9
                  (not (= (select x!16 x!17) 0))
                  (not (= (select x!1 x!2) 3))
                  (not (>= (select x!25 x!26) 601))
                  (not (<= (select x!23 x!24) 600))
                  (not (= x!0 1))
                  (not a!26)
                  (not (<= (select x!12 x!13) 739))))
        (a!31 (or (<= (select x!21 x!22) 0)
                  (<= (select x!18 x!19) 0)
                  a!8
                  a!9
                  (not (= (select x!16 x!17) 0))
                  (not (= (select x!1 x!2) 3))
                  (not (>= (select x!25 x!26) 601))
                  (not (<= (select x!23 x!24) 600))
                  (not (= x!0 1))
                  (not (<= (select x!12 x!13) 739))))
        (a!32 (or (<= (select x!21 x!22) 0)
                  (<= (select x!18 x!19) 0)
                  a!8
                  a!9
                  (not (= (select x!16 x!17) 0))
                  (not (>= (select x!25 x!26) 601))
                  (not (<= (select x!23 x!24) 600))
                  (not (= (select x!1 x!2) 2))
                  (not (= x!0 1))
                  (not (<= (select x!12 x!13) 639))))
        (a!33 (or (<= (select x!21 x!22) 0)
                  (<= (select x!18 x!19) 0)
                  a!8
                  a!9
                  (not (= (select x!16 x!17) 0))
                  (not (>= (select x!25 x!26) 601))
                  (not (<= (select x!23 x!24) 600))
                  (not (= x!0 1))
                  (not (= (select x!1 x!2) 1))
                  (not (<= (select x!12 x!13) 499))))
        (a!34 (or (<= (select x!21 x!22) 0)
                  (<= (select x!18 x!19) 0)
                  a!8
                  a!9
                  (not (= (select x!16 x!17) 0))
                  (not (>= (select x!25 x!26) 601))
                  (not (<= (select x!23 x!24) 600))
                  (not (= x!0 1))
                  (not (<= (select x!12 x!13) 399))
                  (not (= (select x!1 x!2) 0))))
        (a!35 (or (<= (select x!8 x!9) 0)
                  (<= (select x!21 x!22) 0)
                  a!9
                  (not (>= (select x!25 x!26) 601))
                  (not (<= (select x!23 x!24) 600))
                  (not (<= (select x!14 x!15) 0))
                  (not (= x!0 1))
                  (not (= (select x!1 x!2) 1))
                  (not a!26)
                  (not (<= (select x!12 x!13) 499))))
        (a!36 (or (<= (select x!21 x!22) 0)
                  a!8
                  a!9
                  (not (>= (select x!25 x!26) 601))
                  (not (<= (select x!23 x!24) 600))
                  (not (<= (select x!14 x!15) 0))
                  (not (= x!0 1))
                  (not (= (select x!1 x!2) 1))
                  (not (<= (select x!12 x!13) 499))))
        (a!37 (or (<= (select x!8 x!9) 0)
                  (<= (select x!21 x!22) 0)
                  a!9
                  (not (>= (select x!25 x!26) 601))
                  (not (<= (select x!23 x!24) 600))
                  (not (<= (select x!14 x!15) 0))
                  (not (= x!0 1))
                  (not (<= (select x!12 x!13) 399))
                  (not (= (select x!1 x!2) 0))
                  (not a!26)))
        (a!38 (or (<= (select x!8 x!9) 0)
                  (<= (select x!21 x!22) 0)
                  a!9
                  (not (>= (select x!25 x!26) 601))
                  (not (<= (select x!23 x!24) 600))
                  (not (<= (select x!14 x!15) 0))
                  (not (= (select x!1 x!2) 2))
                  (not (= x!0 1))
                  (not a!26)
                  (not (<= (select x!12 x!13) 639))))
        (a!39 (or (<= (select x!21 x!22) 0)
                  a!8
                  a!9
                  (not (= (select x!1 x!2) 3))
                  (not (>= (select x!25 x!26) 601))
                  (not (<= (select x!23 x!24) 600))
                  (not (<= (select x!14 x!15) 0))
                  (not (= x!0 1))
                  (not (<= (select x!12 x!13) 739))))
        (a!40 (or (<= (select x!21 x!22) 0)
                  a!8
                  a!9
                  (not (>= (select x!25 x!26) 601))
                  (not (<= (select x!23 x!24) 600))
                  (not (<= (select x!14 x!15) 0))
                  (not (= (select x!1 x!2) 2))
                  (not (= x!0 1))
                  (not (<= (select x!12 x!13) 639))))
        (a!41 (or (<= (select x!8 x!9) 0)
                  (<= (select x!21 x!22) 0)
                  a!9
                  (not (= (select x!1 x!2) 3))
                  (not (>= (select x!25 x!26) 601))
                  (not (<= (select x!23 x!24) 600))
                  (not (<= (select x!14 x!15) 0))
                  (not (= x!0 1))
                  (not a!26)
                  (not (<= (select x!12 x!13) 739))))
        (a!46 (or (not (<= (select x!1 x!2) 1))
                  (not (>= (select x!12 x!13) 500))
                  (not (= x!0 0))
                  (not a!44)
                  (not (<= a!45 500))))
        (a!49 (or (not (= (select x!8 x!9) 0))
                  (not a!4)
                  (not (= x!0 0))
                  (not a!44)))
        (a!50 (or (not (>= (select x!12 x!13) 400))
                  (not (= (select x!1 x!2) 0))
                  (not (= x!0 0))
                  (not a!44)))
        (a!51 (or (not (= (select x!1 x!2) 3))
                  (not (>= (select x!12 x!13) 740))
                  (not (= x!0 0))
                  (not a!44)))
        (a!53 (or (not (= (select x!1 x!2) 2))
                  (not (>= (select x!12 x!13) 640))
                  (not (= x!0 0))
                  (not a!44)))
        (a!54 (or (not a!1)
                  (not (= (select x!1 x!2) 1))
                  (not (= x!0 0))
                  (not (<= (select x!10 x!11) 499))))
        (a!55 (or (not a!1)
                  (not (= x!0 0))
                  (not (<= (select x!10 x!11) 399))
                  (not (>= a!45 400))))
        (a!56 (or (not (= (select x!1 x!2) 3))
                  (not a!1)
                  (not (= x!0 0))
                  (not (<= (select x!10 x!11) 739)))))
    (and a!2
         a!5
         a!6
         a!7
         a!10
         a!11
         a!13
         a!14
         a!16
         a!17
         a!18
         a!19
         a!20
         a!21
         a!22
         a!23
         a!24
         a!25
         a!27
         a!28
         a!29
         a!30
         a!31
         a!32
         a!33
         a!34
         a!35
         a!36
         a!37
         a!38
         a!39
         a!40
         a!41
         a!42
         a!43
         (or (not a!12) (not (= x!0 0)) (not a!44))
         a!46
         a!47
         a!48
         a!49
         a!50
         a!51
         a!52
         (or (<= (select x!8 x!9) 0) (not a!1) (not a!26) (not (= x!0 0)))
         a!53
         a!54
         a!55
         (or (not (= x!0 0)) (not a!1) a!8)
         a!56))))
(define-fun main@_43!_Cond ((x!0 Int)
 (x!1 Int)
 (x!2 Int)
 (x!3 Int)
 (x!4 Int)
 (x!5 Int)
 (x!6 Int)
 (x!7 Int)
 (x!8 Int)
 (x!9 Int)
 (x!10 Int)
 (x!11 Int)
 (x!12 Int)
 (x!13 Int)
 (x!14 (Array Int Int))
 (x!15 (Array Int Int))
 (x!16 (Array Int Int))
 (x!17 (Array Int Int))
 (x!18 (Array Int Int))
 (x!19 (Array Int Int))
 (x!20 (Array Int Int))
 (x!21 (Array Int Int))
 (x!22 (Array Int Int))
 (x!23 (Array Int Int))
 (x!24 (Array Int Int))
 (x!25 (Array Int Int))
 (x!26 (Array Int Int))
 (x!27 Int)) Bool
  (let ((a!1 (not (= (select x!26 (+ 4 x!1)) 500)))
        (a!2 (not (= (select x!26 (+ 12 x!1)) 740)))
        (a!3 (not (= (select x!26 (+ 8 x!1)) 640))))
    (or (not (= x!27 0))
        (not (>= (select x!23 x!11) 0))
        (not (>= (select x!20 x!2) 0))
        a!1
        (not (>= (select x!16 x!10) 0))
        (not (>= (select x!15 x!12) 0))
        (not (>= (select x!25 x!3) 0))
        a!2
        (not (<= (select x!24 x!9) 1))
        (not (<= (select x!20 x!2) 3))
        a!3
        (not (= (select x!26 x!1) 400)))))
(define-fun main@entry ((x!0 Int) (x!1 Int) (x!2 (Array Int Int)) (x!3 Int)) Bool
  false)
