(transform N7datalog13mk_coi_filterE...no-op 0s)
(transform N7datalog25mk_interp_tail_simplifierE...10 rules 0.022s)
(transform N7datalog27mk_quantifier_instantiationE...no-op 0s)
(transform N7datalog8mk_scaleE...no-op 0s)
(transform N7datalog18mk_karr_invariantsE...no-op 0s)
(transform N7datalog14mk_array_blastE...no-op 0s)
(transform N7datalog16mk_elim_term_iteE...no-op 0s)
(transform N7datalog22mk_subsumption_checkerE...9 rules 0.002s)
(transform N7datalog12mk_bit_blastE...no-op 0s)
(transform N7datalog15mk_rule_inlinerE...no-op 0s)
(transform N7datalog13mk_coi_filterE...no-op 0s)
(transform N7datalog25mk_interp_tail_simplifierE...9 rules 0.001s)
(transform N7datalog22mk_subsumption_checkerE...no-op 0s)
(transform N7datalog15mk_rule_inlinerE...no-op 0s)
(transform N7datalog13mk_coi_filterE...no-op 0s)
(transform N7datalog25mk_interp_tail_simplifierE...9 rules 0.001s)
(transform N7datalog22mk_subsumption_checkerE...no-op 0s)
(transform N7datalog15mk_rule_inlinerE...no-op 0s)
(transform N7datalog22mk_subsumption_checkerE...no-op 0s)
(transform N7datalog15mk_rule_inlinerE...no-op 0s)
(transform N7datalog22mk_subsumption_checkerE...no-op 0s)
(transform N7datalog15mk_rule_inlinerE...no-op 0s)
(transform N7datalog22mk_subsumption_checkerE...no-op 0s)
expand: query!0 (0, 0) FAR  w(0) 1. F 0.00
(spacer::context::check_reachability :time 0.00 :before-memory 13.55 :after-memory 13.77)
Entering level 1
expand: query!0 (1, 0) FAR  w(0) 1.
	create_child: main@entry!_BAD (0, 1) FAR 1 U 0.00
expand: main@entry!_BAD (0, 0) FAR  w(0) 1. F 0.00
expand: query!0 (1, 0) FAR  w(0) 1. F 0.00
(spacer::context::check_reachability :time 0.00 :before-memory 13.77 :after-memory 14.92)
Propagating: 0 1  ! 2 
(spacer::context::propagate :time 0.00 :before-memory 14.92 :after-memory 15.21)
Entering level 2
expand: query!0 (2, 0) FAR  w(0) 1.
	create_child: main@entry!_BAD (1, 2) FAR 1 U 0.00
expand: main@entry!_BAD (1, 0) FAR  w(0) 1.
	create_child: main@entry (0, 2) FAR 1 U 0.00
expand: main@entry (0, 0) FAR  w(0) 1. F 0.01
expand: main@entry!_BAD (1, 0) FAR  w(0) 1. F 0.00
expand: query!0 (2, 0) FAR  w(0) 1. F 0.00
(spacer::context::check_reachability :time 0.01 :before-memory 15.21 :after-memory 18.84)
Propagating: 0 1 2  ! 3 
(spacer::context::propagate :time 0.00 :before-memory 18.84 :after-memory 19.24)
Entering level 3
expand: query!0 (3, 0) FAR  w(0) 1.
	create_child: main@entry!_BAD (2, 3) FAR 1 U 0.00
expand: main@entry!_BAD (2, 0) FAR  w(0) 1.
	create_child: main@entry (1, 3) FAR 1 U 0.00
expand: main@entry (1, 0) FAR  w(0) 1.
	create_child: main@_66 (0, 3) FAR 32555 U 0.03
expand: main@_66 (0, 0) FAR  w(0) 32555. F 0.00
expand: main@entry (1, 0) FAR  w(0) 1.
	create_child: main@Non_Crossing_Biased_Climb.exit.i.i (0, 3) FAR 33801 U 0.01
expand: main@Non_Crossing_Biased_Climb.exit.i.i (0, 0) FAR  w(0) 33801. F 0.02
expand: main@entry (1, 0) FAR  w(0) 1.
	create_child: main@Non_Crossing_Biased_Climb.exit.i.i (0, 3) FAR 40973 U 0.01
expand: main@Non_Crossing_Biased_Climb.exit.i.i (0, 0) FAR  w(0) 40973. F 0.01
expand: main@entry (1, 0) FAR  w(0) 1.
	create_child: main@Non_Crossing_Biased_Climb.exit.i.i (0, 3) FAR 41595 U 0.01
expand: main@Non_Crossing_Biased_Climb.exit.i.i (0, 0) FAR  w(0) 41595. F 0.04
expand: main@entry (1, 0) FAR  w(0) 1.
	create_child: main@Non_Crossing_Biased_Climb.exit.i.i (0, 3) FAR 44118 UNDEF 0.01
expand: main@Non_Crossing_Biased_Climb.exit.i.i (0, 0) FAR  w(0) 44118. F 0.04
expand: main@entry (1, 0) FAR  w(0) 1. F 0.00
expand: main@entry!_BAD (2, 0) FAR  w(0) 1. F 0.00
expand: query!0 (3, 0) FAR  w(0) 1. F 0.00
(spacer::context::check_reachability :time 0.18 :before-memory 19.24 :after-memory 24.18)
Propagating: 0 1 2 3  ! 4 
(spacer::context::propagate :time 0.00 :before-memory 24.18 :after-memory 24.37)
Entering level 4
expand: query!0 (4, 0) FAR  w(0) 1.
	create_child: main@entry!_BAD (3, 4) FAR 1 U 0.00
expand: main@entry!_BAD (3, 0) FAR  w(0) 1.
	create_child: main@entry (2, 4) FAR 1 U 0.00
expand: main@entry (2, 0) FAR  w(0) 1.
	create_child: main@_66 (1, 4) FAR 32555 U 0.00
expand: main@_66 (1, 0) FAR  w(0) 32555.
	create_child: main@_66!_Cond (0, 4) FAR 45776 U 0.00
expand: main@_66!_Cond (0, 0) FAR  w(0) 45776. F 0.01
expand: main@_66 (1, 0) FAR  w(0) 32555. F 0.00
expand: main@entry (2, 0) FAR  w(0) 1. F 0.00
expand: main@entry!_BAD (3, 0) FAR  w(0) 1. F 0.00
expand: query!0 (4, 0) FAR  w(0) 1. F 0.00
(spacer::context::check_reachability :time 0.02 :before-memory 24.37 :after-memory 26.60)
Propagating: 0 1 2 3 4  ! 5 
(spacer::context::propagate :time 0.00 :before-memory 26.60 :after-memory 27.00)
Entering level 5
expand: query!0 (5, 0) FAR  w(0) 1.
	create_child: main@entry!_BAD (4, 5) FAR 1 U 0.00
expand: main@entry!_BAD (4, 0) FAR  w(0) 1.
	create_child: main@entry (3, 5) FAR 1 U 0.00
expand: main@entry (3, 0) FAR  w(0) 1.
	create_child: main@_66 (2, 5) FAR 32555 U 0.00
expand: main@_66 (2, 0) FAR  w(0) 32555.
	create_child: main@_66!_Cond (1, 5) FAR 45776 U 0.00
expand: main@_66!_Cond (1, 0) FAR  w(0) 45776.
	create_child: main@Non_Crossing_Biased_Climb.exit.i.i (0, 5) FAR 47754 U 0.01
expand: main@Non_Crossing_Biased_Climb.exit.i.i (0, 0) FAR  w(0) 47754. F 0.01
expand: main@_66!_Cond (1, 0) FAR  w(0) 45776. F 0.00
expand: main@_66 (2, 0) FAR  w(0) 32555. F 0.00
expand: main@entry (3, 0) FAR  w(0) 1.
	create_child: main@_66 (2, 5) FAR 48392 U 0.01
expand: main@_66 (2, 0) FAR  w(0) 48392.
	create_child: main@_66!_Cond (1, 5) FAR 48331 U 0.00
expand: main@_66!_Cond (1, 0) FAR  w(0) 48331.
	create_child: main@Non_Crossing_Biased_Climb.exit.i.i (0, 5) FAR 48881 U 0.00
expand: main@Non_Crossing_Biased_Climb.exit.i.i (0, 0) FAR  w(0) 48881. F 0.03
expand: main@_66!_Cond (1, 0) FAR  w(0) 48331


FAILED TO FIND COEFFICIENT





FAILED TO FIND COEFFICIENT





FAILED TO FIND COEFFICIENT





FAILED TO FIND COEFFICIENT


. F 0.02
expand: main@_66 (2, 0) FAR  w(0) 48392. F 0.01
expand: main@entry (3, 0) FAR  w(0) 1.
	create_child: main@_66 (2, 5) FAR 49758 U 0.01
expand: main@_66 (2, 0) FAR  w(0) 49758.
	create_child: main@_66!_Cond (1, 5) FAR 49809 U 0.00
expand: main@_66!_Cond (1, 0) FAR  w(0) 49809.
	create_child: main@Non_Crossing_Biased_Climb.exit.i.i (0, 5) FAR 50324 U 0.00
expand: main@Non_Crossing_Biased_Climb.exit.i.i (0, 0) FAR  w(0) 50324. F 0.03
expand: main@_66!_Cond (1, 0) FAR  w(0) 49809


FAILED TO FIND COEFFICIENT





FAILED TO FIND COEFFICIENT





FAILED TO FIND COEFFICIENT





FAILED TO FIND COEFFICIENT


. F 0.03
expand: main@_66 (2, 0) FAR  w(0) 49758. F 0.01
expand: main@entry (3, 0) FAR  w(0) 1.
	create_child: main@_66 (2, 5) FAR 50341 U 0.01
expand: main@_66 (2, 0) FAR  w(0) 50341.
	create_child: main@_66!_Cond (1, 5) FAR 50695 U 0.00
expand: main@_66!_Cond (1, 0) FAR  w(0) 50695.
	create_child: main@Non_Crossing_Biased_Climb.exit.i.i (0, 5) FAR 51035 UNDEF 0.00
expand: main@Non_Crossing_Biased_Climb.exit.i.i (0, 0) FAR  w(0) 51035. UNDEF 0.00
expand: main@Non_Crossing_Biased_Climb.exit.i.i (0, 0) FAR  w(1) 51035.
	create_child: main@_69 (0, 5) FAR 52500 X 0.02
expand: main@_69 (0, 0) FAR  w(0) 52500. F 0.01
expand: main@_66!_Cond (1, 0) FAR  w(0) 50695. F 0.00
expand: main@_66 (2, 0) FAR  w(0) 50341. F 0.00
expand: main@entry (3, 0) FAR  w(0) 1. F 0.00
expand: main@entry!_BAD (4, 0) FAR  w(0) 1. F 0.00
expand: query!0 (5, 0) FAR  w(0) 1. F 0.00
(spacer::context::check_reachability :time 0.24 :before-memory 27.00 :after-memory 33.40)
Propagating: 0 1 2 3 4 5  ! 6 
(spacer::context::propagate :time 0.01 :before-memory 33.40 :after-memory 33.79)
Entering level 6
expand: query!0 (6, 0) FAR  w(0) 1.
	create_child: main@entry!_BAD (5, 6) FAR 1 U 0.00
expand: main@entry!_BAD (5, 0) FAR  w(0) 1.
	create_child: main@entry (4, 6) FAR 1 U 0.00
expand: main@entry (4, 0) FAR  w(0) 1.
	create_child: main@_66 (3, 6) FAR 50341 U 0.01
expand: main@_66 (3, 0) FAR  w(0) 50341.
	create_child: main@_66!_Cond (2, 6) FAR 50695 U 0.00
expand: main@_66!_Cond (2, 0) FAR  w(0) 50695.
	create_child: main@Non_Crossing_Biased_Climb.exit.i.i (1, 6) FAR 51035 UNDEF 0.00
expand: main@Non_Crossing_Biased_Climb.exit.i.i (1, 0) FAR  w(0) 51035.
	create_child: main@_69 (1, 6) FAR 52500 X 0.01
expand: main@_69 (1, 0) FAR  w(0) 52500.
	create_child: main@Non_Crossing_Biased_Climb.exit.i.i (0, 6) FAR 54301 U 0.01
expand: main@Non_Crossing_Biased_Climb.exit.i.i (0, 0) FAR  w(0) 54301. F 0.02
expand: main@_69 (1, 0) FAR  w(0) 52500. F 0.01
expand: main@_66!_Cond (2, 0) FAR  w(0) 50695.
	create_child: main@Non_Crossing_Biased_Climb.exit.i.i (1, 6) FAR 55898 UNDEF 0.00
expand: main@Non_Crossing_Biased_Climb.exit.i.i (1, 0) FAR  w(0) 55898.
	create_child: main@_69 (1, 6) FAR 56333 X 0.01
expand: main@_69 (1, 0) FAR  w(0) 56333.
	create_child: main@Non_Crossing_Biased_Climb.exit.i.i (0, 6) FAR 56707 U 0.00
expand: main@Non_Crossing_Biased_Climb.exit.i.i (0, 0) FAR  w(0) 56707. F 0.02
expand: main@_69 (1, 0) FAR  w(0) 56333. F 0.01
expand: main@_66!_Cond (2, 0) FAR  w(0) 50695.
	create_child: main@_69 (1, 6) FAR 57239 U 0.01
expand: main@_69 (1, 0) FAR  w(0) 57239.
	create_child: main@Non_Crossing_Biased_Climb.exit.i.i (0, 6) FAR 57749 U 0.00
expand: main@Non_Crossing_Biased_Climb.exit.i.i (0, 0) FAR  w(0) 57749. F 0.02
expand: main@_69 (1, 0) FAR  w(0) 57239. F 0.01
expand: main@_66!_Cond (2, 0) FAR  w(0) 50695.
	create_child: main@_69 (1, 6) FAR 58524 U 0.01
expand: main@_69 (1, 0) FAR  w(0) 58524.
	create_child: main@Non_Crossing_Biased_Climb.exit.i.i (0, 6) FAR 58439 U 0.00
expand: main@Non_Crossing_Biased_Climb.exit.i.i (0, 0) FAR  w(0) 58439. F 0.02
expand: main@_69 (1, 0) FAR  w(0) 58524. F 0.01
expand: main@_66!_Cond (2, 0) FAR  w(0) 50695.
	create_child: main@_69 (1, 6) FAR 59164 U 0.01
expand: main@_69 (1, 0) FAR  w(0) 59164.
	create_child: main@Non_Crossing_Biased_Climb.exit.i.i (0, 6) FAR 59206 U 0.00
expand: main@Non_Crossing_Biased_Climb.exit.i.i (0, 0) FAR  w(0) 59206. F 0.02
expand: main@_69 (1, 0) FAR  w(0) 59164. F 0.01
expand: main@_66!_Cond (2, 0) FAR  w(0) 50695.
	create_child: main@Non_Crossing_Biased_Climb.exit.i.i (1, 6) FAR 59986 U 0.01
expand: main@Non_Crossing_Biased_Climb.exit.i.i (1, 0) FAR  w(0) 59986. F 0.01
expand: main@_66!_Cond (2, 0) FAR  w(0) 50695.
	create_child: main@Non_Crossing_Biased_Climb.exit.i.i (1, 6) FAR 60750 U 0.00
expand: main@Non_Crossing_Biased_Climb.exit.i.i (1, 0) FAR  w(0) 60750. F 0.01
expand: main@_66!_Cond (2, 0) FAR  w(0) 50695.
	create_child: main@Non_Crossing_Biased_Climb.exit.i.i (1, 6) FAR 61181 U 0.00
expand: main@Non_Crossing_Biased_Climb.exit.i.i (1, 0) FAR  w(0) 61181. F 0.01
expand: main@_66!_Cond (2, 0) FAR  w(0) 50695.
	create_child: main@Non_Crossing_Biased_Climb.exit.i.i (1, 6) FAR 61089 U 0.00
expand: main@Non_Crossing_Biased_Climb.exit.i.i (1, 0) FAR  w(0) 61089. F 0.01
expand: main@_66!_Cond (2, 0) FAR  w(0) 50695. F 0.02
expand: main@_66 (3, 0) FAR  w(0) 50341. F 0.02
expand: main@entry (4, 0) FAR  w(0) 1.
	create_child: main@_66 (3, 6) FAR 61695 U 0.01
expand: main@_66 (3, 0) FAR  w(0) 61695.
	create_child: main@_66!_Cond (2, 6) FAR 61858 U 0.00
expand: main@_66!_Cond (2, 0) FAR  w(0) 61858.
	create_child: main@_69 (1, 6) FAR 61417 U 0.01
expand: main@_69 (1, 0) FAR  w(0) 61417.
	create_child: main@Non_Crossing_Biased_Climb.exit.i.i (0, 6) FAR 62313 U 0.01
expand: main@Non_Crossing_Biased_Climb.exit.i.i (0, 0) FAR  w(0) 62313. F 0.02
expand: main@_69 (1, 0) FAR  w(0) 61417


FAILED TO FIND COEFFICIENT





FAILED TO FIND COEFFICIENT





FAILED TO FIND COEFFICIENT





FAILED TO FIND COEFFICIENT


. F 0.02
expand: main@_66!_Cond (2, 0) FAR  w(0) 61858.
	create_child: main@_69 (1, 6) FAR 63380 U 0.01
expand: main@_69 (1, 0) FAR  w(0) 63380.
	create_child: main@Non_Crossing_Biased_Climb.exit.i.i (0, 6) FAR 62720 U 0.00
expand: main@Non_Crossing_Biased_Climb.exit.i.i (0, 0) FAR  w(0) 62720. F 0.02
expand: main@_69 (1, 0) FAR  w(0) 63380. F 0.01
expand: main@_66!_Cond (2, 0) FAR  w(0) 61858.
	create_child: main@_69 (1, 6) FAR 64012 U 0.01
expand: main@_69 (1, 0) FAR  w(0) 64012


FAILED TO FIND COEFFICIENT





FAILED TO FIND COEFFICIENT





FAILED TO FIND COEFFICIENT





FAILED TO FIND COEFFICIENT


. F 0.01
expand: main@_66!_Cond (2, 0) FAR  w(0) 61858


FAILED TO FIND COEFFICIENT





FAILED TO FIND COEFFICIENT


. F 0.03
expand: main@_66 (3, 0) FAR  w(0) 61695. F 0.01
expand: main@entry (4, 0) FAR  w(0) 1.
	create_child: main@_66 (3, 6) FAR 64524 U 0.01
expand: main@_66 (3, 0) FAR  w(0) 64524.
	create_child: main@_66!_Cond (2, 6) FAR 64426 U 0.00
expand: main@_66!_Cond (2, 0) FAR  w(0) 64426.
	create_child: main@_69 (1, 6) FAR 64790 U 0.01
expand: main@_69 (1, 0) FAR  w(0) 64790.
	create_child: main@Non_Crossing_Biased_Climb.exit.i.i (0, 6) FAR 64945 U 0.00
expand: main@Non_Crossing_Biased_Climb.exit.i.i (0, 0) FAR  w(0) 64945. F 0.02
expand: main@_69 (1, 0) FAR  w(0) 64790. F 0.01
expand: main@_66!_Cond (2, 0) FAR  w(0) 64426.
	create_child: main@_69 (1, 6) FAR 65558 U 0.01
expand: main@_69 (1, 0) FAR  w(0) 65558.
	create_child: main@Non_Crossing_Biased_Climb.exit.i.i (0, 6) FAR 65274 U 0.00
expand: main@Non_Crossing_Biased_Climb.exit.i.i (0, 0) FAR  w(0) 65274. F 0.02
expand: main@_69 (1, 0) FAR  w(0) 65558


FAILED TO FIND COEFFICIENT





FAILED TO FIND COEFFICIENT





FAILED TO FIND COEFFICIENT





FAILED TO FIND COEFFICIENT





FAILED TO FIND COEFFICIENT





FAILED TO FIND COEFFICIENT


. F 0.02
expand: main@_66!_Cond (2, 0) FAR  w(0) 64426.
	create_child: main@_69 (1, 6) FAR 66359 U 0.01
expand: main@_69 (1, 0) FAR  w(0) 66359


FAILED TO FIND COEFFICIENT





FAILED TO FIND COEFFICIENT





FAILED TO FIND COEFFICIENT





FAILED TO FIND COEFFICIENT





FAILED TO FIND COEFFICIENT





FAILED TO FIND COEFFICIENT


. F 0.02
expand: main@_66!_Cond (2, 0) FAR  w(0) 64426.
	create_child: main@_69 (1, 6) FAR 66172 U 0.01
expand: main@_69 (1, 0) FAR  w(0) 66172


FAILED TO FIND COEFFICIENT





FAILED TO FIND COEFFICIENT





FAILED TO FIND COEFFICIENT





FAILED TO FIND COEFFICIENT


. F 0.02
expand: main@_66!_Cond (2, 0) FAR  w(0) 64426.
	create_child: main@_69 (1, 6) FAR 66330 U 0.01
expand: main@_69 (1, 0) FAR  w(0) 66330.
	create_child: main@Non_Crossing_Biased_Climb.exit.i.i (0, 6) FAR 66025 U 0.00
expand: main@Non_Crossing_Biased_Climb.exit.i.i (0, 0) FAR  w(0) 66025. F 0.02
expand: main@_69 (1, 0) FAR  w(0) 66330


FAILED TO FIND COEFFICIENT





FAILED TO FIND COEFFICIENT


. F 0.02
expand: main@_66!_Cond (2, 0) FAR  w(0) 64426.
	create_child: main@_69 (1, 6) FAR 67007 U 0.01
expand: main@_69 (1, 0) FAR  w(0) 67007.
	create_child: main@Non_Crossing_Biased_Climb.exit.i.i (0, 6) FAR 67420 U 0.00
expand: main@Non_Crossing_Biased_Climb.exit.i.i (0, 0) FAR  w(0) 67420. F 0.02
expand: main@_69 (1, 0) FAR  w(0) 67007. F 0.01
expand: main@_66!_Cond (2, 0) FAR  w(0) 64426.
	create_child: main@_69 (1, 6) FAR 67298 U 0.01
expand: main@_69 (1, 0) FAR  w(0) 67298.
	create_child: main@Non_Crossing_Biased_Climb.exit.i.i (0, 6) FAR 67349 U 0.00
expand: main@Non_Crossing_Biased_Climb.exit.i.i (0, 0) FAR  w(0) 67349. F 0.02
expand: main@_69 (1, 0) FAR  w(0) 67298


FAILED TO FIND COEFFICIENT





FAILED TO FIND COEFFICIENT





FAILED TO FIND COEFFICIENT





FAILED TO FIND COEFFICIENT





FAILED TO FIND COEFFICIENT





FAILED TO FIND COEFFICIENT


. F 0.02
expand: main@_66!_Cond (2, 0) FAR  w(0) 64426.
	create_child: main@_69 (1, 6) FAR 66314 U 0.01
expand: main@_69 (1, 0) FAR  w(0) 66314


FAILED TO FIND COEFFICIENT





FAILED TO FIND COEFFICIENT





FAILED TO FIND COEFFICIENT





FAILED TO FIND COEFFICIENT





FAILED TO FIND COEFFICIENT





FAILED TO FIND COEFFICIENT


. F 0.02
expand: main@_66!_Cond (2, 0) FAR  w(0) 64426


FAILED TO FIND COEFFICIENT





FAILED TO FIND COEFFICIENT


. F 0.03
expand: main@_66 (3, 0) FAR  w(0) 64524. F 0.01
expand: main@entry (4, 0) FAR  w(0) 1.
	create_child: main@_66 (3, 6) FAR 67765 U 0.01
expand: main@_66 (3, 0) FAR  w(0) 67765.
	create_child: main@_66!_Cond (2, 6) FAR 67563 U 0.00
expand: main@_66!_Cond (2, 0) FAR  w(0) 67563


FAILED TO FIND COEFFICIENT





FAILED TO FIND COEFFICIENT


. F 0.02
expand: main@_66 (3, 0) FAR  w(0) 67765. F 0.01
expand: main@entry (4, 0) FAR  w(0) 1


FAILED TO FIND COEFFICIENT





FAILED TO FIND COEFFICIENT


. F 0.00
expand: main@entry!_BAD (5, 0) FAR  w(0) 1. F 0.00
expand: query!0 (6, 0) FAR  w(0) 1. F 0.00
(spacer::context::check_reachability :time 0.91 :before-memory 33.79 :after-memory 38.03)
Propagating: 0 1 2 3 
(spacer::context::propagate :time 0.00 :before-memory 38.03 :after-memory 38.03)
(define-fun main@entry!_BAD () Bool
  false)
(define-fun main@Non_Crossing_Biased_Climb.exit.i.i ((x!0 (Array Int Int))
 (x!1 Int)
 (x!2 Int)
 (x!3 (Array Int Int))
 (x!4 Int)
 (x!5 (Array Int Int))
 (x!6 Int)
 (x!7 (Array Int Int))
 (x!8 Int)
 (x!9 (Array Int Int))
 (x!10 (Array Int Int))
 (x!11 Int)
 (x!12 (Array Int Int))
 (x!13 Int)
 (x!14 (Array Int Int))
 (x!15 Int)
 (x!16 Bool)
 (x!17 (Array Int Int))
 (x!18 Int)
 (x!19 (Array Int Int))
 (x!20 Int)
 (x!21 (Array Int Int))
 (x!22 Int)
 (x!23 (Array Int Int))
 (x!24 Int)
 (x!25 (Array Int Int))
 (x!26 Int)) Bool
  (let ((a!1 (>= (+ (select x!17 x!18) (* (- 1) (select x!19 x!20))) 0))
        (a!2 (>= (+ (select x!23 x!24) (* (- 1) (select x!25 x!26))) (- 99)))
        (a!4 (<= (+ (select x!23 x!24) (* (- 1) (select x!25 x!26))) (- 100)))
        (a!5 (>= (+ (select x!19 x!20) (* (- 1) (select x!17 x!18))) 0))
        (a!6 (<= (+ (select x!23 x!24) (* (- 1) (select x!25 x!26))) 0))
        (a!8 (not (= (select x!9 (+ 4 x!2)) 500)))
        (a!9 (not (= (select x!9 (+ 8 x!2)) 640)))
        (a!10 (not (= (select x!9 (+ 12 x!2)) 740)))
        (a!13 (<= (+ (select x!19 x!20) (* (- 1) (select x!17 x!18))) 0))
        (a!23 (select x!9 (+ x!2 (* 4 (select x!0 x!1)))))
        (a!24 (not (<= (select x!9 (+ 4 x!2)) 500))))
  (let ((a!3 (or (not x!16)
                 (<= (select x!10 x!11) 0)
                 (<= (select x!21 x!22) 0)
                 (<= (select x!7 x!8) 0)
                 (not (>= (select x!14 x!15) 601))
                 (not (<= (select x!12 x!13) 600))
                 (not (= (select x!5 x!6) 0))
                 a!1
                 (not a!2)
                 (not (<= (select x!25 x!26) 739))
                 (not (= (select x!0 x!1) 3))))
        (a!7 (or x!16 (not (= (select x!21 x!22) 0)) (not a!6) (not a!5)))
        (a!11 (or x!16
                  (<= (select x!10 x!11) 0)
                  (not (>= (select x!14 x!15) 601))
                  (not (<= (select x!12 x!13) 600))
                  a!8
                  (not (= (select x!9 x!2) 400))
                  a!9
                  (not (<= (select x!3 x!4) 0))
                  a!10
                  (not a!1)))
        (a!12 (or x!16
                  (<= (select x!10 x!11) 0)
                  (<= (select x!7 x!8) 0)
                  (not (>= (select x!14 x!15) 601))
                  (not (<= (select x!12 x!13) 600))
                  a!8
                  (not (= (select x!9 x!2) 400))
                  a!9
                  a!10
                  (not (= (select x!5 x!6) 0))
                  (not a!1)))
        (a!14 (or (not x!16)
                  a!6
                  (<= (select x!10 x!11) 0)
                  (not (>= (select x!14 x!15) 601))
                  (not (<= (select x!12 x!13) 600))
                  (not (<= (select x!3 x!4) 0))
                  a!13
                  (not (= (select x!0 x!1) 0))
                  (not (<= (select x!25 x!26) 399))))
        (a!15 (or (not x!16)
                  (<= (select x!10 x!11) 0)
                  (<= (select x!21 x!22) 0)
                  (not (>= (select x!14 x!15) 601))
                  (not (<= (select x!12 x!13) 600))
                  (not (<= (select x!3 x!4) 0))
                  a!13
                  (not (= (select x!0 x!1) 2))
                  (not (<= (select x!25 x!26) 639))
                  (not a!2)))
        (a!16 (or (not x!16)
                  (<= (select x!10 x!11) 0)
                  (<= (select x!21 x!22) 0)
                  (not (>= (select x!14 x!15) 601))
                  (not (<= (select x!12 x!13) 600))
                  (not (<= (select x!3 x!4) 0))
                  a!13
                  (not a!2)
                  (not (<= (select x!25 x!26) 739))
                  (not (= (select x!0 x!1) 3))))
        (a!17 (or (not x!16)
                  (<= (select x!10 x!11) 0)
                  (<= (select x!21 x!22) 0)
                  (not (>= (select x!14 x!15) 601))
                  (not (<= (select x!12 x!13) 600))
                  (not (<= (select x!3 x!4) 0))
                  a!13
                  (not (= (select x!0 x!1) 0))
                  (not (<= (select x!25 x!26) 399))
                  (not a!2)))
        (a!18 (or (not x!16)
                  (<= (select x!10 x!11) 0)
                  (<= (select x!21 x!22) 0)
                  (not (>= (select x!14 x!15) 601))
                  (not (<= (select x!12 x!13) 600))
                  (not (<= (select x!3 x!4) 0))
                  a!13
                  (not a!2)
                  (not (= (select x!0 x!1) 1))
                  (not (<= (select x!25 x!26) 499))))
        (a!19 (or x!16
                  (not a!5)
                  (not (>= (select x!25 x!26) 740))
                  (not (= (select x!0 x!1) 3))))
        (a!20 (or x!16
                  a!13
                  (not (>= (select x!25 x!26) 500))
                  (not (= (select x!0 x!1) 1))))
        (a!21 (or x!16
                  a!13
                  (not (>= (select x!25 x!26) 400))
                  (not (= (select x!0 x!1) 0))))
        (a!22 (or x!16
                  a!13
                  (not (>= (select x!25 x!26) 640))
                  (not (= (select x!0 x!1) 2))))
        (a!25 (or (not x!16)
                  a!6
                  (<= (select x!10 x!11) 0)
                  (not (>= (select x!14 x!15) 601))
                  (not (<= (select x!12 x!13) 600))
                  (not (<= (select x!3 x!4) 0))
                  a!13
                  (>= (+ (select x!25 x!26) (* (- 1) a!23)) 0)
                  (not (<= (select x!25 x!26) 639))
                  a!24
                  (not (<= (select x!9 x!2) 400))))
        (a!26 (or (not x!16)
                  a!6
                  (<= (select x!10 x!11) 0)
                  (not (>= (select x!14 x!15) 601))
                  (not (<= (select x!12 x!13) 600))
                  (not (<= (select x!3 x!4) 0))
                  a!13
                  (not (<= (select x!25 x!26) 739))
                  (not (= (select x!0 x!1) 3))))
        (a!27 (or (not x!16)
                  a!6
                  (<= (select x!10 x!11) 0)
                  (<= (select x!7 x!8) 0)
                  (not (>= (select x!14 x!15) 601))
                  (not (<= (select x!12 x!13) 600))
                  (not (= (select x!5 x!6) 0))
                  a!1
                  (not (<= (select x!25 x!26) 739))
                  (not (= (select x!0 x!1) 3))))
        (a!28 (or (not x!16)
                  (<= (select x!10 x!11) 0)
                  (<= (select x!21 x!22) 0)
                  (<= (select x!7 x!8) 0)
                  (not (>= (select x!14 x!15) 601))
                  (not (<= (select x!12 x!13) 600))
                  (not (= (select x!5 x!6) 0))
                  a!13
                  (>= (+ (select x!25 x!26) (* (- 1) a!23)) 0)
                  (not (<= (select x!25 x!26) 639))
                  (not a!2)
                  a!24
                  (not (<= (select x!9 x!2) 400))))
        (a!29 (or (not x!16)
                  a!6
                  (<= (select x!10 x!11) 0)
                  (<= (select x!7 x!8) 0)
                  (not (>= (select x!14 x!15) 601))
                  (not (<= (select x!12 x!13) 600))
                  (not (= (select x!5 x!6) 0))
                  a!13
                  (>= (+ (select x!25 x!26) (* (- 1) a!23)) 0)
                  (not (<= (select x!25 x!26) 639))
                  a!24
                  (not (<= (select x!9 x!2) 400))))
        (a!30 (or (not x!16)
                  (<= (select x!10 x!11) 0)
                  (<= (select x!21 x!22) 0)
                  (<= (select x!7 x!8) 0)
                  (not (>= (select x!14 x!15) 601))
                  (not (<= (select x!12 x!13) 600))
                  (not (= (select x!5 x!6) 0))
                  a!13
                  (>= (+ (select x!25 x!26) (* (- 1) a!23)) 0)
                  (not (<= (select x!25 x!26) 399))
                  (not a!2))))
    (and a!3
         (or x!16 (not a!4) (not a!5))
         a!7
         (or x!16 a!6 (not a!1))
         a!11
         a!12
         a!14
         a!15
         a!16
         a!17
         a!18
         a!19
         a!20
         a!21
         a!22
         a!25
         a!26
         a!27
         a!28
         a!29
         a!30))))
(define-fun main@_69 ((x!0 (Array Int Int))
 (x!1 Int)
 (x!2 Int)
 (x!3 (Array Int Int))
 (x!4 Int)
 (x!5 (Array Int Int))
 (x!6 Int)
 (x!7 (Array Int Int))
 (x!8 Int)
 (x!9 (Array Int Int))
 (x!10 (Array Int Int))
 (x!11 Int)
 (x!12 (Array Int Int))
 (x!13 Int)
 (x!14 (Array Int Int))
 (x!15 Int)
 (x!16 (Array Int Int))
 (x!17 Int)
 (x!18 (Array Int Int))
 (x!19 Int)
 (x!20 (Array Int Int))
 (x!21 Int)
 (x!22 (Array Int Int))
 (x!23 Int)
 (x!24 (Array Int Int))
 (x!25 Int)
 (x!26 Int)) Bool
  (let ((a!1 (not (= (select x!9 (+ 4 x!2)) 500)))
        (a!2 (>= (+ (select x!22 x!23) (* (- 1) (select x!24 x!25))) (- 99)))
        (a!3 (<= (+ (select x!18 x!19) (* (- 1) (select x!16 x!17))) 0))
        (a!5 (<= (+ (select x!22 x!23) (* (- 1) (select x!24 x!25))) 0))
        (a!12 (not (<= (select x!9 (+ 4 x!2)) 500)))
        (a!13 (select x!9 (+ x!2 (* 4 (select x!0 x!1)))))
        (a!15 (not (>= (select x!9 (+ 8 x!2)) 640))))
  (let ((a!4 (or (not (= (select x!5 x!6) 0))
                 a!1
                 (not (<= (select x!9 x!2) 400))
                 (not (= (select x!0 x!1) 1))
                 (not (>= (select x!14 x!15) 601))
                 (not a!2)
                 a!3
                 (not (<= (select x!24 x!25) 499))
                 (<= (select x!20 x!21) 0)
                 (not (<= (select x!12 x!13) 600))
                 (<= (select x!10 x!11) 0)
                 (<= (select x!7 x!8) 0)))
        (a!6 (or (not (<= (select x!3 x!4) 0))
                 a!5
                 (not (>= (select x!14 x!15) 601))
                 a!3
                 (not (<= (select x!12 x!13) 600))
                 (not (= (select x!0 x!1) 0))
                 (<= (select x!10 x!11) 0)
                 (not (<= (select x!24 x!25) 399))))
        (a!7 (or (not (<= (select x!3 x!4) 0))
                 (not (<= (select x!24 x!25) 739))
                 (not (>= (select x!14 x!15) 601))
                 (not (= (select x!0 x!1) 3))
                 (not a!2)
                 a!3
                 (<= (select x!20 x!21) 0)
                 (not (<= (select x!12 x!13) 600))
                 (<= (select x!10 x!11) 0)))
        (a!8 (or (not (<= (select x!3 x!4) 0))
                 (not (= (select x!0 x!1) 2))
                 (not (<= (select x!24 x!25) 639))
                 (not (>= (select x!14 x!15) 601))
                 (not a!2)
                 a!3
                 (<= (select x!20 x!21) 0)
                 (not (<= (select x!12 x!13) 600))
                 (<= (select x!10 x!11) 0)))
        (a!9 (or (not (<= (select x!3 x!4) 0))
                 (not (= (select x!0 x!1) 1))
                 (not (>= (select x!14 x!15) 601))
                 (not a!2)
                 a!3
                 (not (<= (select x!24 x!25) 499))
                 (<= (select x!20 x!21) 0)
                 (not (<= (select x!12 x!13) 600))
                 (<= (select x!10 x!11) 0)))
        (a!10 (or (not (<= (select x!3 x!4) 0))
                  (not (>= (select x!14 x!15) 601))
                  (not a!2)
                  a!3
                  (<= (select x!20 x!21) 0)
                  (not (<= (select x!12 x!13) 600))
                  (not (= (select x!0 x!1) 0))
                  (<= (select x!10 x!11) 0)
                  (not (<= (select x!24 x!25) 399))))
        (a!11 (or (not (<= (select x!3 x!4) 0))
                  a!5
                  (not (<= (select x!24 x!25) 739))
                  (not (>= (select x!14 x!15) 601))
                  (not (= (select x!0 x!1) 3))
                  a!3
                  (not (<= (select x!12 x!13) 600))
                  (<= (select x!10 x!11) 0)))
        (a!14 (or (not (<= (select x!3 x!4) 0))
                  a!5
                  (not (<= (select x!24 x!25) 639))
                  (not (<= (select x!9 x!2) 400))
                  (not (>= (select x!14 x!15) 601))
                  a!12
                  a!3
                  (>= (+ (select x!24 x!25) (* (- 1) a!13)) 0)
                  (not (<= (select x!12 x!13) 600))
                  (<= (select x!10 x!11) 0)))
        (a!16 (or (not (= (select x!5 x!6) 0))
                  (not (= (select x!0 x!1) 2))
                  a!5
                  (not (<= (select x!24 x!25) 639))
                  (not (<= (select x!9 x!2) 400))
                  a!15
                  (not (>= (select x!14 x!15) 601))
                  a!12
                  a!3
                  (not (<= (select x!12 x!13) 600))
                  (<= (select x!10 x!11) 0)
                  (<= (select x!7 x!8) 0)))
        (a!17 (or (not (= (select x!5 x!6) 0))
                  a!5
                  (not (<= (select x!24 x!25) 739))
                  (not (>= (select x!14 x!15) 601))
                  (not (= (select x!0 x!1) 3))
                  a!3
                  (not (<= (select x!12 x!13) 600))
                  (<= (select x!10 x!11) 0)
                  (<= (select x!7 x!8) 0)))
        (a!18 (or (not (= (select x!5 x!6) 0))
                  (not (<= (select x!24 x!25) 739))
                  (not (>= (select x!14 x!15) 601))
                  (not (= (select x!0 x!1) 3))
                  (not a!2)
                  a!3
                  (<= (select x!20 x!21) 0)
                  (not (<= (select x!12 x!13) 600))
                  (<= (select x!10 x!11) 0)
                  (<= (select x!7 x!8) 0)))
        (a!19 (or (not (= (select x!5 x!6) 0))
                  a!5
                  a!1
                  (not (<= (select x!9 x!2) 400))
                  (not (= (select x!0 x!1) 1))
                  (not (>= (select x!14 x!15) 601))
                  a!3
                  (not (<= (select x!24 x!25) 499))
                  (not (<= (select x!12 x!13) 600))
                  (<= (select x!10 x!11) 0)
                  (<= (select x!7 x!8) 0)))
        (a!20 (or (not (>= (select x!0 x!1) 0))
                  (not (= (select x!5 x!6) 0))
                  (not (= (select x!9 x!2) 400))
                  a!5
                  (not (>= (select x!14 x!15) 601))
                  a!12
                  a!3
                  (= (select x!0 x!1) 1)
                  (not (<= (select x!12 x!13) 600))
                  (= (select x!0 x!1) 2)
                  (<= (select x!10 x!11) 0)
                  (not (<= (select x!0 x!1) 3))
                  (not (<= (select x!24 x!25) 399))
                  (<= (select x!7 x!8) 0)))
        (a!21 (or (not (= (select x!5 x!6) 0))
                  (not (= (select x!0 x!1) 2))
                  (not (<= (select x!24 x!25) 639))
                  (not (<= (select x!9 x!2) 400))
                  a!15
                  (not (>= (select x!14 x!15) 601))
                  a!12
                  (not a!2)
                  a!3
                  (<= (select x!20 x!21) 0)
                  (not (<= (select x!12 x!13) 600))
                  (<= (select x!10 x!11) 0)
                  (<= (select x!7 x!8) 0)))
        (a!22 (or (not (>= (select x!0 x!1) 0))
                  (not (= (select x!5 x!6) 0))
                  (not (>= (select x!14 x!15) 601))
                  (not a!2)
                  a!3
                  (= (select x!0 x!1) 1)
                  (= (select x!0 x!1) 3)
                  (<= (select x!20 x!21) 0)
                  (not (<= (select x!12 x!13) 600))
                  (= (select x!0 x!1) 2)
                  (<= (select x!10 x!11) 0)
                  (not (<= (select x!0 x!1) 3))
                  (not (<= (select x!24 x!25) 399))
                  (not (>= (select x!9 x!2) 400))
                  (<= (select x!7 x!8) 0))))
    (and a!4 a!6 a!7 a!8 a!9 a!10 a!11 a!14 a!16 a!17 a!18 a!19 a!20 a!21 a!22))))
(define-fun main@_66!_Cond ((x!0 Int)
 (x!1 Int)
 (x!2 Int)
 (x!3 Int)
 (x!4 Int)
 (x!5 Int)
 (x!6 Int)
 (x!7 Int)
 (x!8 Int)
 (x!9 Int)
 (x!10 Int)
 (x!11 Int)
 (x!12 Int)
 (x!13 Int)
 (x!14 (Array Int Int))
 (x!15 (Array Int Int))
 (x!16 (Array Int Int))
 (x!17 (Array Int Int))
 (x!18 (Array Int Int))
 (x!19 (Array Int Int))
 (x!20 (Array Int Int))
 (x!21 (Array Int Int))
 (x!22 (Array Int Int))
 (x!23 (Array Int Int))
 (x!24 (Array Int Int))
 (x!25 (Array Int Int))
 (x!26 (Array Int Int))
 (x!27 Bool)) Bool
  (let ((a!1 (<= (+ (select x!21 x!4) (* (- 1) (select x!22 x!5))) 0))
        (a!2 (not (= (select x!26 (+ 4 x!1)) 500)))
        (a!3 (not (>= (select x!26 (+ 8 x!1)) 640)))
        (a!5 (>= (+ (select x!17 x!7) (* (- 1) (select x!19 x!8))) 0))
        (a!6 (not (= (select x!26 (+ 12 x!1)) 740)))
        (a!7 (not (= (select x!26 (+ 8 x!1)) 640)))
        (a!10 (<= (+ (select x!19 x!8) (* (- 1) (select x!17 x!7))) 0)))
  (let ((a!4 (or x!27
                 (<= (select x!15 x!9) 0)
                 a!1
                 (not (= (select x!26 x!1) 400))
                 (not (<= (select x!18 x!10) 600))
                 a!2
                 (not (>= (select x!14 x!6) 601))
                 (<= (select x!16 x!12) 0)
                 (not (= (select x!23 x!13) 0))
                 (not (<= (select x!20 x!2) 3))
                 (not (>= (select x!20 x!2) 0))
                 a!3))
        (a!8 (or x!27
                 (<= (select x!15 x!9) 0)
                 (not a!5)
                 (not (= (select x!26 x!1) 400))
                 a!6
                 (not (<= (select x!18 x!10) 600))
                 a!2
                 (not (<= (select x!24 x!11) 0))
                 (not (>= (select x!14 x!6) 601))
                 a!7))
        (a!9 (or x!27
                 (<= (select x!15 x!9) 0)
                 (not a!5)
                 (not (= (select x!26 x!1) 400))
                 a!6
                 (not (<= (select x!18 x!10) 600))
                 a!2
                 (not (>= (select x!14 x!6) 601))
                 a!7
                 (<= (select x!16 x!12) 0)
                 (not (= (select x!23 x!13) 0))))
        (a!11 (or x!27
                  (<= (select x!15 x!9) 0)
                  a!10
                  (<= (select x!25 x!3) 0)
                  (not (<= (select x!18 x!10) 600))
                  (not (<= (select x!24 x!11) 0))
                  (not (>= (select x!14 x!6) 601))
                  (not (<= (select x!20 x!2) 3))
                  (not (>= (select x!20 x!2) 0))))
        (a!12 (or x!27
                  (<= (select x!15 x!9) 0)
                  a!1
                  (not (<= (select x!18 x!10) 600))
                  a!2
                  (not (<= (select x!24 x!11) 0))
                  (not (>= (select x!14 x!6) 601))
                  (not (<= (select x!20 x!2) 3))
                  (not (>= (select x!20 x!2) 0))
                  a!3
                  (not (<= (select x!26 x!1) 400))))
        (a!13 (or x!27
                  (<= (select x!15 x!9) 0)
                  a!10
                  (<= (select x!25 x!3) 0)
                  (not (= (select x!26 x!1) 400))
                  (not (<= (select x!18 x!10) 600))
                  a!2
                  (not (>= (select x!14 x!6) 601))
                  (<= (select x!16 x!12) 0)
                  (not (= (select x!23 x!13) 0))
                  (not (<= (select x!20 x!2) 3))
                  (not (>= (select x!20 x!2) 0))
                  a!3)))
    (and a!4 (or x!27 a!1 (not a!5)) a!8 a!9 a!11 a!12 a!13))))
(define-fun main@_66 ((x!0 (Array Int Int))
 (x!1 Int)
 (x!2 Int)
 (x!3 (Array Int Int))
 (x!4 Int)
 (x!5 (Array Int Int))
 (x!6 Int)
 (x!7 (Array Int Int))
 (x!8 Int)
 (x!9 (Array Int Int))
 (x!10 (Array Int Int))
 (x!11 Int)
 (x!12 (Array Int Int))
 (x!13 Int)
 (x!14 (Array Int Int))
 (x!15 Int)
 (x!16 (Array Int Int))
 (x!17 Int)
 (x!18 (Array Int Int))
 (x!19 Int)
 (x!20 (Array Int Int))
 (x!21 Int)
 (x!22 (Array Int Int))
 (x!23 Int)
 (x!24 (Array Int Int))
 (x!25 Int)
 (x!26 Int)
 (x!27 Int)) Bool
  (let ((a!1 (<= (+ (select x!22 x!23) (* (- 1) (select x!24 x!25))) 0))
        (a!2 (not (= (select x!9 (+ 4 x!2)) 500)))
        (a!3 (not (>= (select x!9 (+ 8 x!2)) 640)))
        (a!5 (>= (+ (select x!16 x!17) (* (- 1) (select x!18 x!19))) 0))
        (a!6 (not (= (select x!9 (+ 12 x!2)) 740)))
        (a!7 (not (= (select x!9 (+ 8 x!2)) 640)))
        (a!12 (<= (+ (select x!18 x!19) (* (- 1) (select x!16 x!17))) 0)))
  (let ((a!4 (or (<= (select x!10 x!11) 0)
                 a!1
                 (not (<= (select x!12 x!13) 600))
                 (not (= (select x!9 x!2) 400))
                 (not (>= (select x!14 x!15) 601))
                 a!2
                 (<= (select x!7 x!8) 0)
                 (not (= (select x!5 x!6) 0))
                 (not (<= (select x!0 x!1) 3))
                 (not (>= (select x!0 x!1) 0))
                 a!3))
        (a!8 (or (<= (select x!10 x!11) 0)
                 (not a!5)
                 (not (<= (select x!12 x!13) 600))
                 (not (= (select x!9 x!2) 400))
                 (not (<= (select x!3 x!4) 0))
                 (not (>= (select x!14 x!15) 601))
                 a!6
                 a!2
                 a!7))
        (a!9 (or (<= (select x!10 x!11) 0)
                 (not a!5)
                 (not (<= (select x!12 x!13) 600))
                 (not (= (select x!9 x!2) 400))
                 (not (>= (select x!14 x!15) 601))
                 a!6
                 a!2
                 a!7
                 (<= (select x!7 x!8) 0)
                 (not (= (select x!5 x!6) 0))))
        (a!10 (or (<= (select x!10 x!11) 0)
                  (<= (select x!20 x!21) 0)
                  (not (<= (select x!12 x!13) 600))
                  (not (= (select x!9 x!2) 400))
                  (not (<= (select x!3 x!4) 0))
                  (not (>= (select x!14 x!15) 601))
                  a!6
                  a!2
                  a!7
                  (not (<= (select x!0 x!1) 3))
                  (not (>= (select x!0 x!1) 0))))
        (a!11 (or (<= (select x!10 x!11) 0)
                  a!1
                  (not (<= (select x!12 x!13) 600))
                  (not (<= (select x!3 x!4) 0))
                  (not (>= (select x!14 x!15) 601))
                  a!2
                  (not (<= (select x!0 x!1) 3))
                  (not (>= (select x!0 x!1) 0))
                  (not (<= (select x!9 x!2) 400))
                  a!3))
        (a!13 (or (<= (select x!10 x!11) 0)
                  a!12
                  (<= (select x!20 x!21) 0)
                  (not (<= (select x!12 x!13) 600))
                  (not (= (select x!9 x!2) 400))
                  (not (>= (select x!14 x!15) 601))
                  a!2
                  (<= (select x!7 x!8) 0)
                  (not (= (select x!5 x!6) 0))
                  (not (<= (select x!0 x!1) 3))
                  (not (>= (select x!0 x!1) 0))
                  a!3)))
    (and a!4 (or (not a!5) a!1) a!8 a!9 a!10 a!11 a!13))))
(define-fun main@entry ((x!0 Int) (x!1 Int) (x!2 (Array Int Int)) (x!3 Int)) Bool
  false)
