(transform N7datalog13mk_coi_filterE...no-op 0s)
(transform N7datalog25mk_interp_tail_simplifierE...12 rules 0.091s)
(transform N7datalog27mk_quantifier_instantiationE...no-op 0s)
(transform N7datalog8mk_scaleE...no-op 0s)
(transform N7datalog18mk_karr_invariantsE...no-op 0s)
(transform N7datalog14mk_array_blastE...no-op 0s)
(transform N7datalog16mk_elim_term_iteE...no-op 0s)
(transform N7datalog22mk_subsumption_checkerE...10 rules 0s)
(transform N7datalog12mk_bit_blastE...no-op 0s)
(transform N7datalog15mk_rule_inlinerE...no-op 0s)
(transform N7datalog13mk_coi_filterE...no-op 0s)
(transform N7datalog25mk_interp_tail_simplifierE...10 rules 0.003s)
(transform N7datalog22mk_subsumption_checkerE...no-op 0s)
(transform N7datalog15mk_rule_inlinerE...no-op 0s)
(transform N7datalog13mk_coi_filterE...no-op 0s)
(transform N7datalog25mk_interp_tail_simplifierE...10 rules 0.002s)
(transform N7datalog22mk_subsumption_checkerE...no-op 0s)
(transform N7datalog15mk_rule_inlinerE...no-op 0s)
(transform N7datalog22mk_subsumption_checkerE...no-op 0s)
(transform N7datalog15mk_rule_inlinerE...no-op 0s)
(transform N7datalog22mk_subsumption_checkerE...no-op 0s)
(transform N7datalog15mk_rule_inlinerE...no-op 0s)
(transform N7datalog22mk_subsumption_checkerE...no-op 0s)
expand: query!0 (0, 0) FAR  w(0) 1. F 0.00
(spacer::context::check_reachability :time 0.00 :before-memory 15.82 :after-memory 16.11)
Entering level 1
expand: query!0 (1, 0) FAR  w(0) 1.
	create_child: main@entry!_BAD (0, 1) FAR 1 U 0.00
expand: main@entry!_BAD (0, 0) FAR  w(0) 1. F 0.00
expand: query!0 (1, 0) FAR  w(0) 1. F 0.00
(spacer::context::check_reachability :time 0.00 :before-memory 16.11 :after-memory 16.42)
Propagating: 0 1  ! 2 
(spacer::context::propagate :time 0.00 :before-memory 16.42 :after-memory 16.42)
Entering level 2
expand: query!0 (2, 0) FAR  w(0) 1.
	create_child: main@entry!_BAD (1, 2) FAR 1 U 0.00
expand: main@entry!_BAD (1, 0) FAR  w(0) 1.
	create_child: main@entry (0, 2) FAR 1 U 0.00
expand: main@entry (0, 0) FAR  w(0) 1. F 0.00
expand: main@entry!_BAD (1, 0) FAR  w(0) 1. F 0.00
expand: query!0 (2, 0) FAR  w(0) 1. F 0.00
(spacer::context::check_reachability :time 0.00 :before-memory 16.42 :after-memory 17.08)
Propagating: 0 1 2  ! 3 
(spacer::context::propagate :time 0.00 :before-memory 17.08 :after-memory 17.08)
Entering level 3
expand: query!0 (3, 0) FAR  w(0) 1.
	create_child: main@entry!_BAD (2, 3) FAR 1 U 0.00
expand: main@entry!_BAD (2, 0) FAR  w(0) 1.
	create_child: main@entry (1, 3) FAR 1 U 0.00
expand: main@entry (1, 0) FAR  w(0) 1.
	create_child: main@empty.loop (0, 3) FAR 33191 U 0.00
expand: main@empty.loop (0, 0) FAR  w(0) 33191. F 0.00
expand: main@entry (1, 0) FAR  w(0) 1. F 0.00
expand: main@entry!_BAD (2, 0) FAR  w(0) 1. F 0.00
expand: query!0 (3, 0) FAR  w(0) 1. F 0.00
(spacer::context::check_reachability :time 0.00 :before-memory 17.08 :after-memory 17.70)
Propagating: 0 1 2 3  ! 4 
(spacer::context::propagate :time 0.00 :before-memory 17.70 :after-memory 17.70)
Entering level 4
expand: query!0 (4, 0) FAR  w(0) 1.
	create_child: main@entry!_BAD (3, 4) FAR 1 U 0.00
expand: main@entry!_BAD (3, 0) FAR  w(0) 1.
	create_child: main@entry (2, 4) FAR 1 U 0.00
expand: main@entry (2, 0) FAR  w(0) 1.
	create_child: main@empty.loop (1, 4) FAR 33191 U 0.00
expand: main@empty.loop (1, 0) FAR  w(0) 33191.
	create_child: main@_3 (0, 4) FAR 33635 U 0.00
expand: main@_3 (0, 0) FAR  w(0) 33635. F 0.00
expand: main@empty.loop (1, 0) FAR  w(0) 33191. F 0.00
expand: main@entry (2, 0) FAR  w(0) 1. F 0.00
expand: main@entry!_BAD (3, 0) FAR  w(0) 1. F 0.00
expand: query!0 (4, 0) FAR  w(0) 1. F 0.00
(spacer::context::check_reachability :time 0.00 :before-memory 17.70 :after-memory 18.41)
Propagating: 0 1 2 3 4  ! 5 
(spacer::context::propagate :time 0.00 :before-memory 18.41 :after-memory 18.41)
Entering level 5
expand: query!0 (5, 0) FAR  w(0) 1.
	create_child: main@entry!_BAD (4, 5) FAR 1 U 0.00
expand: main@entry!_BAD (4, 0) FAR  w(0) 1.
	create_child: main@entry (3, 5) FAR 1 U 0.00
expand: main@entry (3, 0) FAR  w(0) 1.
	create_child: main@empty.loop (2, 5) FAR 33191 U 0.00
expand: main@empty.loop (2, 0) FAR  w(0) 33191.
	create_child: main@_3 (1, 5) FAR 33635 U 0.00
expand: main@_3 (1, 0) FAR  w(0) 33635.
	create_child: main@.lr.ph (0, 5) FAR 34158 U 0.00
expand: main@.lr.ph (0, 0) FAR  w(0) 34158. F 0.00
expand: main@_3 (1, 0) FAR  w(0) 33635. F 0.00
expand: main@empty.loop (2, 0) FAR  w(0) 33191. F 0.00
expand: main@entry (3, 0) FAR  w(0) 1. F 0.00
expand: main@entry!_BAD (4, 0) FAR  w(0) 1. F 0.00
expand: query!0 (5, 0) FAR  w(0) 1. F 0.00
(spacer::context::check_reachability :time 0.00 :before-memory 18.41 :after-memory 19.25)
Propagating: 0 1 2 3 4 5  ! 6 
(spacer::context::propagate :time 0.00 :before-memory 19.25 :after-memory 19.25)
Entering level 6
expand: query!0 (6, 0) FAR  w(0) 1.
	create_child: main@entry!_BAD (5, 6) FAR 1 U 0.00
expand: main@entry!_BAD (5, 0) FAR  w(0) 1.
	create_child: main@entry (4, 6) FAR 1 U 0.00
expand: main@entry (4, 0) FAR  w(0) 1.
	create_child: main@empty.loop (3, 6) FAR 33191 U 0.00
expand: main@empty.loop (3, 0) FAR  w(0) 33191.
	create_child: main@_3 (2, 6) FAR 33635 U 0.00
expand: main@_3 (2, 0) FAR  w(0) 33635.
	create_child: main@.lr.ph (1, 6) FAR 34158 U 0.00
expand: main@.lr.ph (1, 0) FAR  w(0) 34158. F 0.00
expand: main@_3 (2, 0) FAR  w(0) 33635. F 0.00
expand: main@empty.loop (3, 0) FAR  w(0) 33191. F 0.00
expand: main@entry (4, 0) FAR  w(0) 1. F 0.00
expand: main@entry!_BAD (5, 0) FAR  w(0) 1. F 0.00
expand: query!0 (6, 0) FAR  w(0) 1. F 0.00
(spacer::context::check_reachability :time 0.00 :before-memory 19.25 :after-memory 19.35)
Propagating: 1 2 3 4 5 6  ! 7 
(spacer::context::propagate :time 0.00 :before-memory 19.35 :after-memory 19.35)
Entering level 7
expand: query!0 (7, 0) FAR  w(0) 1.
	create_child: main@entry!_BAD (6, 7) FAR 1 U 0.00
expand: main@entry!_BAD (6, 0) FAR  w(0) 1.
	create_child: main@entry (5, 7) FAR 1 U 0.00
expand: main@entry (5, 0) FAR  w(0) 1.
	create_child: main@empty.loop (4, 7) FAR 33191 U 0.00
expand: main@empty.loop (4, 0) FAR  w(0) 33191.
	create_child: main@_3 (3, 7) FAR 33635 U 0.00
expand: main@_3 (3, 0) FAR  w(0) 33635.
	create_child: main@.lr.ph (2, 7) FAR 34158 U 0.00
expand: main@.lr.ph (2, 0) FAR  w(0) 34158.
	create_child: main@.lr.ph (1, 7) FAR 35545 U 0.00
expand: main@.lr.ph (1, 0) FAR  w(0) 35545.
	create_child: main@.lr.ph190 (0, 7) FAR 35618 U 0.00
expand: main@.lr.ph190 (0, 0) FAR  w(0) 35618. F 0.03
expand: main@.lr.ph (1, 0) FAR  w(0) 35545. F 0.00
expand: main@.lr.ph (2, 0) FAR  w(0) 34158. F 0.00
expand: main@_3 (3, 0) FAR  w(0) 33635. F 0.00
expand: main@empty.loop (4, 0) FAR  w(0) 33191. F 0.00
expand: main@entry (5, 0) FAR  w(0) 1. F 0.00
expand: main@entry!_BAD (6, 0) FAR  w(0) 1. F 0.00
expand: query!0 (7, 0) FAR  w(0) 1. F 0.00
(spacer::context::check_reachability :time 0.04 :before-memory 19.35 :after-memory 27.19)
Propagating: 0 1 2 3 4 5 6 7  ! 8 
(spacer::context::propagate :time 0.00 :before-memory 27.19 :after-memory 27.29)
Entering level 8
expand: query!0 (8, 0) FAR  w(0) 1.
	create_child: main@entry!_BAD (7, 8) FAR 1 U 0.00
expand: main@entry!_BAD (7, 0) FAR  w(0) 1.
	create_child: main@entry (6, 8) FAR 1 U 0.00
expand: main@entry (6, 0) FAR  w(0) 1.
	create_child: main@empty.loop (5, 8) FAR 33191 U 0.00
expand: main@empty.loop (5, 0) FAR  w(0) 33191.
	create_child: main@_3 (4, 8) FAR 33635 U 0.00
expand: main@_3 (4, 0) FAR  w(0) 33635.
	create_child: main@.lr.ph (3, 8) FAR 34158 U 0.00
expand: main@.lr.ph (3, 0) FAR  w(0) 34158.
	create_child: main@.lr.ph (2, 8) FAR 35545 U 0.00
expand: main@.lr.ph (2, 0) FAR  w(0) 35545.
	create_child: main@.lr.ph190 (1, 8) FAR 35618 U 0.00
expand: main@.lr.ph190 (1, 0) FAR  w(0) 35618.
	create_child: main@.lr.ph190 (0, 8) FAR 61231 U 0.00
expand: main@.lr.ph190 (0, 0) FAR  w(0) 61231. F 0.01
expand: main@.lr.ph190 (1, 0) FAR  w(0) 35618. F 0.01
expand: main@.lr.ph (2, 0) FAR  w(0) 35545. F 0.00
expand: main@.lr.ph (3, 0) FAR  w(0) 34158. F 0.00
expand: main@_3 (4, 0) FAR  w(0) 33635. F 0.00
expand: main@empty.loop (5, 0) FAR  w(0) 33191. F 0.00
expand: main@entry (6, 0) FAR  w(0) 1. F 0.00
expand: main@entry!_BAD (7, 0) FAR  w(0) 1. F 0.00
expand: query!0 (8, 0) FAR  w(0) 1. F 0.00
(spacer::context::check_reachability :time 0.03 :before-memory 27.29 :after-memory 29.60)
Propagating: 0 1 2 3 4 5 6 7 8  ! 9 10 11 12 
(spacer::context::propagate :time 0.02 :before-memory 29.60 :after-memory 30.44)
Entering level 9
expand: query!0 (9, 0) FAR  w(0) 1. F 0.00
(spacer::context::check_reachability :time 0.00 :before-memory 30.44 :after-memory 30.55)
Propagating: 9  ! 10 11 12 
(spacer::context::propagate :time 0.00 :before-memory 30.55 :after-memory 30.55)
Entering level 10
expand: query!0 (10, 0) FAR  w(0) 1. F 0.00
(spacer::context::check_reachability :time 0.00 :before-memory 30.55 :after-memory 30.55)
Propagating: 10  ! 11 12 
(spacer::context::propagate :time 0.00 :before-memory 30.55 :after-memory 30.55)
Entering level 11
expand: query!0 (11, 0) FAR  w(0) 1. F 0.00
(spacer::context::check_reachability :time 0.00 :before-memory 30.55 :after-memory 30.55)
Propagating: 11  ! 12 
(spacer::context::propagate :time 0.00 :before-memory 30.55 :after-memory 30.55)
Entering level 12
expand: query!0 (12, 0) FAR  w(0) 1.
	create_child: main@entry!_BAD (11, 12) FAR 1 U 0.00
expand: main@entry!_BAD (11, 0) FAR  w(0) 1.
	create_child: main@entry (10, 12) FAR 1 U 0.00
expand: main@entry (10, 0) FAR  w(0) 1.
	create_child: main@empty.loop (9, 12) FAR 33191 U 0.00
expand: main@empty.loop (9, 0) FAR  w(0) 33191.
	create_child: main@_3 (8, 12) FAR 33635 U 0.00
expand: main@_3 (8, 0) FAR  w(0) 33635.
	create_child: main@.lr.ph (7, 12) FAR 34158 U 0.00
expand: main@.lr.ph (7, 0) FAR  w(0) 34158.
	create_child: main@.lr.ph (6, 12) FAR 35545 U 0.00
expand: main@.lr.ph (6, 0) FAR  w(0) 35545.
	create_child: main@.lr.ph190 (5, 12) FAR 35618 U 0.00
expand: main@.lr.ph190 (5, 0) FAR  w(0) 35618. F 0.04
expand: main@.lr.ph (6, 0) FAR  w(0) 35545. F 0.00
expand: main@.lr.ph (7, 0) FAR  w(0) 34158. F 0.00
expand: main@_3 (8, 0) FAR  w(0) 33635. F 0.00
expand: main@empty.loop (9, 0) FAR  w(0) 33191. F 0.00
expand: main@entry (10, 0) FAR  w(0) 1. F 0.00
expand: main@entry!_BAD (11, 0) FAR  w(0) 1. F 0.00
expand: query!0 (12, 0) FAR  w(0) 1. F 0.00
(spacer::context::check_reachability :time 0.05 :before-memory 30.55 :after-memory 31.54)
Propagating: 5 6 7 8 9 10 11 12  ! 13 
(spacer::context::propagate :time 0.00 :before-memory 31.54 :after-memory 31.44)
Entering level 13
expand: query!0 (13, 0) FAR  w(0) 1.
	create_child: main@entry!_BAD (12, 13) FAR 1 U 0.00
expand: main@entry!_BAD (12, 0) FAR  w(0) 1.
	create_child: main@entry (11, 13) FAR 1 U 0.00
expand: main@entry (11, 0) FAR  w(0) 1.
	create_child: main@empty.loop (10, 13) FAR 33191 U 0.00
expand: main@empty.loop (10, 0) FAR  w(0) 33191.
	create_child: main@_3 (9, 13) FAR 33635 U 0.00
expand: main@_3 (9, 0) FAR  w(0) 33635.
	create_child: main@.lr.ph (8, 13) FAR 34158 U 0.00
expand: main@.lr.ph (8, 0) FAR  w(0) 34158.
	create_child: main@.lr.ph (7, 13) FAR 35545 U 0.00
expand: main@.lr.ph (7, 0) FAR  w(0) 35545.
	create_child: main@.lr.ph190 (6, 13) FAR 35618 U 0.00
expand: main@.lr.ph190 (6, 0) FAR  w(0) 35618.
	create_child: main@.lr.ph190 (5, 13) FAR 61231 U 0.00
expand: main@.lr.ph190 (5, 0) FAR  w(0) 61231.
	create_child: main@_3 (4, 13) FAR 75713 U 0.01
expand: main@_3 (4, 0) FAR  w(0) 75713.
	create_child: main@.lr.ph (3, 13) FAR 75681 U 0.00
expand: main@.lr.ph (3, 0) FAR  w(0) 75681.
	create_child: main@.lr.ph (2, 13) FAR 75104 U 0.00
expand: main@.lr.ph (2, 0) FAR  w(0) 75104.
	create_child: main@.lr.ph190 (1, 13) FAR 75111 U 0.00
expand: main@.lr.ph190 (1, 0) FAR  w(0) 75111.
	create_child: main@.lr.ph190 (0, 13) FAR 74716 U 0.00
expand: main@.lr.ph190 (0, 0) FAR  w(0) 74716. F 0.01
expand: main@.lr.ph190 (1, 0) FAR  w(0) 75111. F 0.01
expand: main@.lr.ph (2, 0) FAR  w(0) 75104. F 0.00
expand: main@.lr.ph (3, 0) FAR  w(0) 75681. F 0.00
expand: main@_3 (4, 0) FAR  w(0) 75713. F 0.00
expand: main@.lr.ph190 (5, 0) FAR  w(0) 61231. F 0.08
expand: main@.lr.ph190 (6, 0) FAR  w(0) 35618. F 0.03
expand: main@.lr.ph (7, 0) FAR  w(0) 35545. F 0.01
expand: main@.lr.ph (8, 0) FAR  w(0) 34158. F 0.01
expand: main@_3 (9, 0) FAR  w(0) 33635. F 0.00
expand: main@empty.loop (10, 0) FAR  w(0) 33191. F 0.00
expand: main@entry (11, 0) FAR  w(0) 1. F 0.00
expand: main@entry!_BAD (12, 0) FAR  w(0) 1. F 0.00
expand: query!0 (13, 0) FAR  w(0) 1. F 0.00
(spacer::context::check_reachability :time 0.17 :before-memory 31.44 :after-memory 33.16)
Propagating: 0 1 2 3 4 5 6 7 8 9 10 11 12 13  ! 14 
(spacer::context::propagate :time 0.03 :before-memory 33.16 :after-memory 33.47)
Entering level 14
expand: query!0 (14, 0) FAR  w(0) 1.
	create_child: main@entry!_BAD (13, 14) FAR 1 U 0.00
expand: main@entry!_BAD (13, 0) FAR  w(0) 1.
	create_child: main@entry (12, 14) FAR 1 U 0.00
expand: main@entry (12, 0) FAR  w(0) 1.
	create_child: main@empty.loop (11, 14) FAR 33191 U 0.00
expand: main@empty.loop (11, 0) FAR  w(0) 33191.
	create_child: main@_3 (10, 14) FAR 33635 U 0.00
expand: main@_3 (10, 0) FAR  w(0) 33635.
	create_child: main@.lr.ph (9, 14) FAR 34158 U 0.00
expand: main@.lr.ph (9, 0) FAR  w(0) 34158.
	create_child: main@.lr.ph (8, 14) FAR 35545 U 0.00
expand: main@.lr.ph (8, 0) FAR  w(0) 35545.
	create_child: main@.lr.ph190 (7, 14) FAR 35618 U 0.00
expand: main@.lr.ph190 (7, 0) FAR  w(0) 35618.
	create_child: main@.lr.ph190 (6, 14) FAR 61231 U 0.00
expand: main@.lr.ph190 (6, 0) FAR  w(0) 61231. F 0.06
expand: main@.lr.ph190 (7, 0) FAR  w(0) 35618. F 0.03
expand: main@.lr.ph (8, 0) FAR  w(0) 35545. F 0.01
expand: main@.lr.ph (9, 0) FAR  w(0) 34158. F 0.01
expand: main@_3 (10, 0) FAR  w(0) 33635. F 0.00
expand: main@empty.loop (11, 0) FAR  w(0) 33191. F 0.00
expand: main@entry (12, 0) FAR  w(0) 1. F 0.00
expand: main@entry!_BAD (13, 0) FAR  w(0) 1. F 0.00
expand: query!0 (14, 0) FAR  w(0) 1. F 0.00
(spacer::context::check_reachability :time 0.12 :before-memory 33.47 :after-memory 34.60)
Propagating: 6 7 8 9 10 11 12 13 14  ! 15 
(spacer::context::propagate :time 0.01 :before-memory 34.60 :after-memory 35.36)
Entering level 15
expand: query!0 (15, 0) FAR  w(0) 1.
	create_child: main@entry!_BAD (14, 15) FAR 1 U 0.00
expand: main@entry!_BAD (14, 0) FAR  w(0) 1.
	create_child: main@entry (13, 15) FAR 1 U 0.00
expand: main@entry (13, 0) FAR  w(0) 1.
	create_child: main@empty.loop (12, 15) FAR 33191 U 0.00
expand: main@empty.loop (12, 0) FAR  w(0) 33191.
	create_child: main@_3 (11, 15) FAR 33635 U 0.00
expand: main@_3 (11, 0) FAR  w(0) 33635.
	create_child: main@.lr.ph (10, 15) FAR 34158 U 0.00
expand: main@.lr.ph (10, 0) FAR  w(0) 34158.
	create_child: main@.lr.ph (9, 15) FAR 35545 U 0.00
expand: main@.lr.ph (9, 0) FAR  w(0) 35545.
	create_child: main@.lr.ph (8, 15) FAR 93549 U 0.00
expand: main@.lr.ph (8, 0) FAR  w(0) 93549.
	create_child: main@.lr.ph190 (7, 15) FAR 93607 U 0.00
expand: main@.lr.ph190 (7, 0) FAR  w(0) 93607.
	create_child: main@.lr.ph190 (6, 15) FAR 93648 U 0.00
expand: main@.lr.ph190 (6, 0) FAR  w(0) 93648.
	create_child: main@.lr.ph190 (5, 15) FAR 93745 U 0.00
expand: main@.lr.ph190 (5, 0) FAR  w(0) 93745.
	create_child: main@_3 (4, 15) FAR 94955 U 0.01
expand: main@_3 (4, 0) FAR  w(0) 94955.
	create_child: main@.lr.ph (3, 15) FAR 94999 U 0.00
expand: main@.lr.ph (3, 0) FAR  w(0) 94999.
	create_child: main@.lr.ph (2, 15) FAR 94906 U 0.00
expand: main@.lr.ph (2, 0) FAR  w(0) 94906.
	create_child: main@.lr.ph190 (1, 15) FAR 95178 U 0.00
expand: main@.lr.ph190 (1, 0) FAR  w(0) 95178.
	create_child: main@.lr.ph190 (0, 15) FAR 94207 U 0.00
expand: main@.lr.ph190 (0, 0) FAR  w(0) 94207. F 0.01
expand: main@.lr.ph190 (1, 0) FAR  w(0) 95178. F 0.01
expand: main@.lr.ph (2, 0) FAR  w(0) 94906. F 0.00
expand: main@.lr.ph (3, 0) FAR  w(0) 94999. F 0.00
expand: main@_3 (4, 0) FAR  w(0) 94955. F 0.00
expand: main@.lr.ph190 (5, 0) FAR  w(0) 93745. F 0.06
expand: main@.lr.ph190 (6, 0) FAR  w(0) 93648. F 0.03
expand: main@.lr.ph190 (7, 0) FAR  w(0) 93607. F 0.03
expand: main@.lr.ph (8, 0) FAR  w(0) 93549. F 0.01
expand: main@.lr.ph (9, 0) FAR  w(0) 35545. F 0.01
expand: main@.lr.ph (10, 0) FAR  w(0) 34158. F 0.01
expand: main@_3 (11, 0) FAR  w(0) 33635. F 0.00
expand: main@empty.loop (12, 0) FAR  w(0) 33191. F 0.00
expand: main@entry (13, 0) FAR  w(0) 1. F 0.00
expand: main@entry!_BAD (14, 0) FAR  w(0) 1. F 0.00
expand: query!0 (15, 0) FAR  w(0) 1. F 0.00
(spacer::context::check_reachability :time 0.19 :before-memory 35.36 :after-memory 39.64)
Propagating: 0 1 2 3 4 5 6 7 8 9 10 11 12 13 14 15  ! 16 17 
(spacer::context::propagate :time 0.05 :before-memory 39.64 :after-memory 40.06)
Entering level 16
expand: query!0 (16, 0) FAR  w(0) 1. F 0.00
(spacer::context::check_reachability :time 0.00 :before-memory 40.06 :after-memory 40.15)
Propagating: 16  ! 17 
(spacer::context::propagate :time 0.00 :before-memory 40.15 :after-memory 40.15)
Entering level 17
expand: query!0 (17, 0) FAR  w(0) 1.
	create_child: main@entry!_BAD (16, 17) FAR 1 U 0.00
expand: main@entry!_BAD (16, 0) FAR  w(0) 1.
	create_child: main@entry (15, 17) FAR 1 U 0.00
expand: main@entry (15, 0) FAR  w(0) 1.
	create_child: main@empty.loop (14, 17) FAR 33191 U 0.00
expand: main@empty.loop (14, 0) FAR  w(0) 33191.
	create_child: main@_3 (13, 17) FAR 33635 U 0.00
expand: main@_3 (13, 0) FAR  w(0) 33635.
	create_child: main@.lr.ph (12, 17) FAR 34158 U 0.00
expand: main@.lr.ph (12, 0) FAR  w(0) 34158.
	create_child: main@.lr.ph (11, 17) FAR 35545 U 0.00
expand: main@.lr.ph (11, 0) FAR  w(0) 35545.
	create_child: main@.lr.ph190 (10, 17) FAR 35618 U 0.00
expand: main@.lr.ph190 (10, 0) FAR  w(0) 35618.
	create_child: main@.lr.ph190 (9, 17) FAR 61231 U 0.00
expand: main@.lr.ph190 (9, 0) FAR  w(0) 61231.
	create_child: main@_3 (8, 17) FAR 75713 U 0.01
expand: main@_3 (8, 0) FAR  w(0) 75713.
	create_child: main@.lr.ph (7, 17) FAR 75681 U 0.00
expand: main@.lr.ph (7, 0) FAR  w(0) 75681.
	create_child: main@.lr.ph (6, 17) FAR 75104 U 0.00
expand: main@.lr.ph (6, 0) FAR  w(0) 75104. F 0.01
expand: main@.lr.ph (7, 0) FAR  w(0) 75681. F 0.01
expand: main@_3 (8, 0) FAR  w(0) 75713. F 0.00
expand: main@.lr.ph190 (9, 0) FAR  w(0) 61231. F 0.06
expand: main@.lr.ph190 (10, 0) FAR  w(0) 35618. F 0.03
expand: main@.lr.ph (11, 0) FAR  w(0) 35545. F 0.01
expand: main@.lr.ph (12, 0) FAR  w(0) 34158. F 0.01
expand: main@_3 (13, 0) FAR  w(0) 33635. F 0.00
expand: main@empty.loop (14, 0) FAR  w(0) 33191. F 0.00
expand: main@entry (15, 0) FAR  w(0) 1. F 0.00
expand: main@entry!_BAD (16, 0) FAR  w(0) 1. F 0.00
expand: query!0 (17, 0) FAR  w(0) 1. F 0.00
(spacer::context::check_reachability :time 0.14 :before-memory 40.15 :after-memory 40.64)
Propagating: 6 7 8 9 10 11 12 13 14 15 16 17  ! 18 
(spacer::context::propagate :time 0.02 :before-memory 40.64 :after-memory 40.64)
Entering level 18
expand: query!0 (18, 0) FAR  w(0) 1.
	create_child: main@entry!_BAD (17, 18) FAR 1 U 0.00
expand: main@entry!_BAD (17, 0) FAR  w(0) 1.
	create_child: main@entry (16, 18) FAR 1 U 0.00
expand: main@entry (16, 0) FAR  w(0) 1.
	create_child: main@empty.loop (15, 18) FAR 33191 U 0.00
expand: main@empty.loop (15, 0) FAR  w(0) 33191.
	create_child: main@_3 (14, 18) FAR 33635 U 0.00
expand: main@_3 (14, 0) FAR  w(0) 33635.
	create_child: main@.lr.ph (13, 18) FAR 34158 U 0.00
expand: main@.lr.ph (13, 0) FAR  w(0) 34158.
	create_child: main@.lr.ph (12, 18) FAR 35545 U 0.00
expand: main@.lr.ph (12, 0) FAR  w(0) 35545.
	create_child: main@.lr.ph190 (11, 18) FAR 35618 U 0.00
expand: main@.lr.ph190 (11, 0) FAR  w(0) 35618.
	create_child: main@.lr.ph190 (10, 18) FAR 61231 U 0.00
expand: main@.lr.ph190 (10, 0) FAR  w(0) 61231.
	create_child: main@_3 (9, 18) FAR 75713 U 0.01
expand: main@_3 (9, 0) FAR  w(0) 75713.
	create_child: main@.lr.ph (8, 18) FAR 75681 U 0.00
expand: main@.lr.ph (8, 0) FAR  w(0) 75681.
	create_child: main@.lr.ph (7, 18) FAR 75104 U 0.00
expand: main@.lr.ph (7, 0) FAR  w(0) 75104.
	create_child: main@.lr.ph (6, 18) FAR 108668 U 0.00
expand: main@.lr.ph (6, 0) FAR  w(0) 108668.
	create_child: main@.lr.ph190 (5, 18) FAR 108674 U 0.00
expand: main@.lr.ph190 (5, 0) FAR  w(0) 108674. F 0.03
expand: main@.lr.ph (6, 0) FAR  w(0) 108668. F 0.00
expand: main@.lr.ph (7, 0) FAR  w(0) 75104. F 0.00
expand: main@.lr.ph (8, 0) FAR  w(0) 75681. F 0.01
expand: main@_3 (9, 0) FAR  w(0) 75713. F 0.00
expand: main@.lr.ph190 (10, 0) FAR  w(0) 61231. F 0.06
expand: main@.lr.ph190 (11, 0) FAR  w(0) 35618. F 0.03
expand: main@.lr.ph (12, 0) FAR  w(0) 35545. F 0.01
expand: main@.lr.ph (13, 0) FAR  w(0) 34158. F 0.01
expand: main@_3 (14, 0) FAR  w(0) 33635. F 0.00
expand: main@empty.loop (15, 0) FAR  w(0) 33191. F 0.00
expand: main@entry (16, 0) FAR  w(0) 1. F 0.00
expand: main@entry!_BAD (17, 0) FAR  w(0) 1. F 0.00
expand: query!0 (18, 0) FAR  w(0) 1. F 0.00
(spacer::context::check_reachability :time 0.18 :before-memory 40.64 :after-memory 41.31)
Propagating: 5 6 7 8 9 10 11 12 13 14 15 16 17 18  ! 19 
(spacer::context::propagate :time 0.03 :before-memory 41.31 :after-memory 41.31)
Entering level 19
expand: query!0 (19, 0) FAR  w(0) 1.
	create_child: main@entry!_BAD (18, 19) FAR 1 U 0.00
expand: main@entry!_BAD (18, 0) FAR  w(0) 1.
	create_child: main@entry (17, 19) FAR 1 U 0.00
expand: main@entry (17, 0) FAR  w(0) 1.
	create_child: main@empty.loop (16, 19) FAR 33191 U 0.00
expand: main@empty.loop (16, 0) FAR  w(0) 33191.
	create_child: main@_3 (15, 19) FAR 33635 U 0.00
expand: main@_3 (15, 0) FAR  w(0) 33635.
	create_child: main@.lr.ph (14, 19) FAR 34158 U 0.00
expand: main@.lr.ph (14, 0) FAR  w(0) 34158.
	create_child: main@.lr.ph (13, 19) FAR 35545 U 0.00
expand: main@.lr.ph (13, 0) FAR  w(0) 35545.
	create_child: main@.lr.ph190 (12, 19) FAR 35618 U 0.00
expand: main@.lr.ph190 (12, 0) FAR  w(0) 35618.
	create_child: main@.lr.ph190 (11, 19) FAR 61231 U 0.00
expand: main@.lr.ph190 (11, 0) FAR  w(0) 61231.
	create_child: main@_3 (10, 19) FAR 75713 U 0.01
expand: main@_3 (10, 0) FAR  w(0) 75713.
	create_child: main@.lr.ph (9, 19) FAR 75681 U 0.00
expand: main@.lr.ph (9, 0) FAR  w(0) 75681.
	create_child: main@.lr.ph (8, 19) FAR 75104 U 0.00
expand: main@.lr.ph (8, 0) FAR  w(0) 75104.
	create_child: main@.lr.ph (7, 19) FAR 108668 U 0.00
expand: main@.lr.ph (7, 0) FAR  w(0) 108668.
	create_child: main@.lr.ph190 (6, 19) FAR 108674 U 0.00
expand: main@.lr.ph190 (6, 0) FAR  w(0) 108674.
	create_child: main@.lr.ph190 (5, 19) FAR 112823 U 0.00
expand: main@.lr.ph190 (5, 0) FAR  w(0) 112823. F 0.03
expand: main@.lr.ph190 (6, 0) FAR  w(0) 108674. F 0.02
expand: main@.lr.ph (7, 0) FAR  w(0) 108668. F 0.01
expand: main@.lr.ph (8, 0) FAR  w(0) 75104. F 0.01
expand: main@.lr.ph (9, 0) FAR  w(0) 75681. F 0.01
expand: main@_3 (10, 0) FAR  w(0) 75713. F 0.00
expand: main@.lr.ph190 (11, 0) FAR  w(0) 61231. F 0.08
expand: main@.lr.ph190 (12, 0) FAR  w(0) 35618. F 0.03
expand: main@.lr.ph (13, 0) FAR  w(0) 35545.
	create_child: main@.lr.ph (12, 19) FAR 93549 U 0.00
expand: main@.lr.ph (12, 0) FAR  w(0) 93549.
	create_child: main@.lr.ph190 (11, 19) FAR 93607 U 0.00
expand: main@.lr.ph190 (11, 0) FAR  w(0) 93607.
	create_child: main@.lr.ph190 (10, 19) FAR 93648 U 0.00
expand: main@.lr.ph190 (10, 0) FAR  w(0) 93648.
	create_child: main@.lr.ph190 (9, 19) FAR 93745 U 0.00
expand: main@.lr.ph190 (9, 0) FAR  w(0) 93745.
	create_child: main@_3 (8, 19) FAR 94955 U 0.01
expand: main@_3 (8, 0) FAR  w(0) 94955.
	create_child: main@.lr.ph (7, 19) FAR 94999 U 0.00
expand: main@.lr.ph (7, 0) FAR  w(0) 94999.
	create_child: main@.lr.ph (6, 19) FAR 94906 U 0.00
expand: main@.lr.ph (6, 0) FAR  w(0) 94906.
	create_child: main@.lr.ph190 (5, 19) FAR 95178 U 0.00
expand: main@.lr.ph190 (5, 0) FAR  w(0) 95178. F 0.03
expand: main@.lr.ph (6, 0) FAR  w(0) 94906. F 0.00
expand: main@.lr.ph (7, 0) FAR  w(0) 94999. F 0.00
expand: main@_3 (8, 0) FAR  w(0) 94955. F 0.00
expand: main@.lr.ph190 (9, 0) FAR  w(0) 93745. F 0.04
expand: main@.lr.ph190 (10, 0) FAR  w(0) 93648. F 0.03
expand: main@.lr.ph190 (11, 0) FAR  w(0) 93607. F 0.03
expand: main@.lr.ph (12, 0) FAR  w(0) 93549. F 0.01
expand: main@.lr.ph (13, 0) FAR  w(0) 35545. F 0.01
expand: main@.lr.ph (14, 0) FAR  w(0) 34158. F 0.01
expand: main@_3 (15, 0) FAR  w(0) 33635. F 0.00
expand: main@empty.loop (16, 0) FAR  w(0) 33191. F 0.00
expand: main@entry (17, 0) FAR  w(0) 1. F 0.00
expand: main@entry!_BAD (18, 0) FAR  w(0) 1. F 0.00
expand: query!0 (19, 0) FAR  w(0) 1. F 0.00
(spacer::context::check_reachability :time 0.39 :before-memory 41.31 :after-memory 42.29)
Propagating: 5 6 7 8 9 10 11 12 13 14 15 16 17 18 19  ! 20 
(spacer::context::propagate :time 0.04 :before-memory 42.29 :after-memory 42.29)
Entering level 20
expand: query!0 (20, 0) FAR  w(0) 1.
	create_child: main@entry!_BAD (19, 20) FAR 1 U 0.00
expand: main@entry!_BAD (19, 0) FAR  w(0) 1.
	create_child: main@entry (18, 20) FAR 1 U 0.00
expand: main@entry (18, 0) FAR  w(0) 1.
	create_child: main@empty.loop (17, 20) FAR 33191 U 0.00
expand: main@empty.loop (17, 0) FAR  w(0) 33191.
	create_child: main@_3 (16, 20) FAR 33635 U 0.00
expand: main@_3 (16, 0) FAR  w(0) 33635.
	create_child: main@.lr.ph (15, 20) FAR 34158 U 0.00
expand: main@.lr.ph (15, 0) FAR  w(0) 34158.
	create_child: main@.lr.ph (14, 20) FAR 35545 U 0.00
expand: main@.lr.ph (14, 0) FAR  w(0) 35545.
	create_child: main@.lr.ph190 (13, 20) FAR 35618 U 0.00
expand: main@.lr.ph190 (13, 0) FAR  w(0) 35618.
	create_child: main@.lr.ph190 (12, 20) FAR 61231 U 0.00
expand: main@.lr.ph190 (12, 0) FAR  w(0) 61231.
	create_child: main@_3 (11, 20) FAR 75713 U 0.01
expand: main@_3 (11, 0) FAR  w(0) 75713.
	create_child: main@.lr.ph (10, 20) FAR 75681 U 0.00
expand: main@.lr.ph (10, 0) FAR  w(0) 75681.
	create_child: main@.lr.ph (9, 20) FAR 75104 U 0.00
expand: main@.lr.ph (9, 0) FAR  w(0) 75104.
	create_child: main@.lr.ph (8, 20) FAR 108668 U 0.00
expand: main@.lr.ph (8, 0) FAR  w(0) 108668.
	create_child: main@.lr.ph190 (7, 20) FAR 108674 U 0.00
expand: main@.lr.ph190 (7, 0) FAR  w(0) 108674.
	create_child: main@.lr.ph190 (6, 20) FAR 112823 U 0.00
expand: main@.lr.ph190 (6, 0) FAR  w(0) 112823.
	create_child: main@.lr.ph190 (5, 20) FAR 119997 U 0.00
expand: main@.lr.ph190 (5, 0) FAR  w(0) 119997.
	create_child: main@_3 (4, 20) FAR 122015 UNDEF 0.01
expand: main@_3 (4, 0) FAR  w(0) 122015.
	create_child: main@.lr.ph (3, 20) FAR 122009 U 0.00
expand: main@.lr.ph (3, 0) FAR  w(0) 122009.
	create_child: main@.lr.ph (2, 20) FAR 122035 U 0.00
expand: main@.lr.ph (2, 0) FAR  w(0) 122035.
	create_child: main@.lr.ph190 (1, 20) FAR 122041 U 0.00
expand: main@.lr.ph190 (1, 0) FAR  w(0) 122041.
	create_child: main@.lr.ph190 (0, 20) FAR 112854 U 0.00
expand: main@.lr.ph190 (0, 0) FAR  w(0) 112854. F 0.01
expand: main@.lr.ph190 (1, 0) FAR  w(0) 122041. F 0.01
expand: main@.lr.ph (2, 0) FAR  w(0) 122035. F 0.00
expand: main@.lr.ph (3, 0) FAR  w(0) 122009. F 0.00
expand: main@_3 (4, 0) FAR  w(0) 122015. F 0.00
expand: main@.lr.ph190 (5, 0) FAR  w(0) 119997. F 0.06
expand: main@.lr.ph190 (6, 0) FAR  w(0) 112823. F 0.03
expand: main@.lr.ph190 (7, 0) FAR  w(0) 108674. F 0.03
expand: main@.lr.ph (8, 0) FAR  w(0) 108668. F 0.01
expand: main@.lr.ph (9, 0) FAR  w(0) 75104. F 0.01
expand: main@.lr.ph (10, 0) FAR  w(0) 75681. F 0.01
expand: main@_3 (11, 0) FAR  w(0) 75713. F 0.00
expand: main@.lr.ph190 (12, 0) FAR  w(0) 61231. F 0.09
expand: main@.lr.ph190 (13, 0) FAR  w(0) 35618. F 0.04
expand: main@.lr.ph (14, 0) FAR  w(0) 35545.
	create_child: main@.lr.ph (13, 20) FAR 93549 U 0.00
expand: main@.lr.ph (13, 0) FAR  w(0) 93549.
	create_child: main@.lr.ph190 (12, 20) FAR 93607 U 0.00
expand: main@.lr.ph190 (12, 0) FAR  w(0) 93607.
	create_child: main@.lr.ph190 (11, 20) FAR 93648 U 0.00
expand: main@.lr.ph190 (11, 0) FAR  w(0) 93648.
	create_child: main@.lr.ph190 (10, 20) FAR 93745 U 0.00
expand: main@.lr.ph190 (10, 0) FAR  w(0) 93745.
	create_child: main@_3 (9, 20) FAR 134453 UNDEF 0.01
expand: main@_3 (9, 0) FAR  w(0) 134453.
	create_child: main@.lr.ph (8, 20) FAR 135016 U 0.00
expand: main@.lr.ph (8, 0) FAR  w(0) 135016.
	create_child: main@.lr.ph (7, 20) FAR 134458 U 0.00
expand: main@.lr.ph (7, 0) FAR  w(0) 134458.
	create_child: main@.lr.ph190 (6, 20) FAR 135265 U 0.00
expand: main@.lr.ph190 (6, 0) FAR  w(0) 135265.
	create_child: main@.lr.ph190 (5, 20) FAR 134202 U 0.00
expand: main@.lr.ph190 (5, 0) FAR  w(0) 134202. F 0.06
expand: main@.lr.ph190 (6, 0) FAR  w(0) 135265. F 0.04
expand: main@.lr.ph (7, 0) FAR  w(0) 134458. F 0.01
expand: main@.lr.ph (8, 0) FAR  w(0) 135016. F 0.01
expand: main@_3 (9, 0) FAR  w(0) 134453. F 0.00
expand: main@.lr.ph190 (10, 0) FAR  w(0) 93745. F 0.05
expand: main@.lr.ph190 (11, 0) FAR  w(0) 93648. F 0.03
expand: main@.lr.ph190 (12, 0) FAR  w(0) 93607. F 0.04
expand: main@.lr.ph (13, 0) FAR  w(0) 93549. F 0.01
expand: main@.lr.ph (14, 0) FAR  w(0) 35545. F 0.01
expand: main@.lr.ph (15, 0) FAR  w(0) 34158. F 0.01
expand: main@_3 (16, 0) FAR  w(0) 33635. F 0.00
expand: main@empty.loop (17, 0) FAR  w(0) 33191. F 0.00
expand: main@entry (18, 0) FAR  w(0) 1. F 0.00
expand: main@entry!_BAD (19, 0) FAR  w(0) 1. F 0.00
expand: query!0 (20, 0) FAR  w(0) 1. F 0.00
(spacer::context::check_reachability :time 0.62 :before-memory 42.29 :after-memory 48.15)
Propagating: 0 1 2 3 4 5 6 7 8 9 10 11 12 13 14 15 16 17 18 19 20  ! 21 
(spacer::context::propagate :time 0.11 :before-memory 48.15 :after-memory 48.56)
Entering level 21
expand: query!0 (21, 0) FAR  w(0) 1.
	create_child: main@entry!_BAD (20, 21) FAR 1 U 0.00
expand: main@entry!_BAD (20, 0) FAR  w(0) 1.
	create_child: main@entry (19, 21) FAR 1 U 0.00
expand: main@entry (19, 0) FAR  w(0) 1.
	create_child: main@empty.loop (18, 21) FAR 33191 U 0.00
expand: main@empty.loop (18, 0) FAR  w(0) 33191.
	create_child: main@_3 (17, 21) FAR 33635 U 0.00
expand: main@_3 (17, 0) FAR  w(0) 33635.
	create_child: main@.lr.ph (16, 21) FAR 34158 U 0.00
expand: main@.lr.ph (16, 0) FAR  w(0) 34158.
	create_child: main@.lr.ph (15, 21) FAR 35545 U 0.00
expand: main@.lr.ph (15, 0) FAR  w(0) 35545.
	create_child: main@.lr.ph190 (14, 21) FAR 35618 U 0.00
expand: main@.lr.ph190 (14, 0) FAR  w(0) 35618.
	create_child: main@.lr.ph190 (13, 21) FAR 61231 U 0.00
expand: main@.lr.ph190 (13, 0) FAR  w(0) 61231.
	create_child: main@_3 (12, 21) FAR 75713 U 0.01
expand: main@_3 (12, 0) FAR  w(0) 75713.
	create_child: main@.lr.ph (11, 21) FAR 75681 U 0.00
expand: main@.lr.ph (11, 0) FAR  w(0) 75681.
	create_child: main@.lr.ph (10, 21) FAR 75104 U 0.00
expand: main@.lr.ph (10, 0) FAR  w(0) 75104.
	create_child: main@.lr.ph (9, 21) FAR 108668 U 0.00
expand: main@.lr.ph (9, 0) FAR  w(0) 108668.
	create_child: main@.lr.ph190 (8, 21) FAR 108674 U 0.00
expand: main@.lr.ph190 (8, 0) FAR  w(0) 108674.
	create_child: main@.lr.ph190 (7, 21) FAR 112823 U 0.00
expand: main@.lr.ph190 (7, 0) FAR  w(0) 112823.
	create_child: main@.lr.ph190 (6, 21) FAR 119997 U 0.00
expand: main@.lr.ph190 (6, 0) FAR  w(0) 119997. F 0.07
expand: main@.lr.ph190 (7, 0) FAR  w(0) 112823. F 0.04
expand: main@.lr.ph190 (8, 0) FAR  w(0) 108674. F 0.02
expand: main@.lr.ph (9, 0) FAR  w(0) 108668. F 0.01
expand: main@.lr.ph (10, 0) FAR  w(0) 75104. F 0.01
expand: main@.lr.ph (11, 0) FAR  w(0) 75681. F 0.01
expand: main@_3 (12, 0) FAR  w(0) 75713. F 0.00
expand: main@.lr.ph190 (13, 0) FAR  w(0) 61231. F 0.07
expand: main@.lr.ph190 (14, 0) FAR  w(0) 35618. F 0.04
expand: main@.lr.ph (15, 0) FAR  w(0) 35545.
	create_child: main@.lr.ph (14, 21) FAR 93549 U 0.00
expand: main@.lr.ph (14, 0) FAR  w(0) 93549.
	create_child: main@.lr.ph190 (13, 21) FAR 93607 U 0.00
expand: main@.lr.ph190 (13, 0) FAR  w(0) 93607.
	create_child: main@.lr.ph190 (12, 21) FAR 93648 U 0.00
expand: main@.lr.ph190 (12, 0) FAR  w(0) 93648.
	create_child: main@.lr.ph190 (11, 21) FAR 93745 U 0.00
expand: main@.lr.ph190 (11, 0) FAR  w(0) 93745.
	create_child: main@_3 (10, 21) FAR 94955 U 0.01
expand: main@_3 (10, 0) FAR  w(0) 94955.
	create_child: main@.lr.ph (9, 21) FAR 94999 U 0.00
expand: main@.lr.ph (9, 0) FAR  w(0) 94999.
	create_child: main@.lr.ph (8, 21) FAR 94906 U 0.00
expand: main@.lr.ph (8, 0) FAR  w(0) 94906. F 0.01
expand: main@.lr.ph (9, 0) FAR  w(0) 94999. F 0.01
expand: main@_3 (10, 0) FAR  w(0) 94955. F 0.00
expand: main@.lr.ph190 (11, 0) FAR  w(0) 93745. F 0.06
expand: main@.lr.ph190 (12, 0) FAR  w(0) 93648. F 0.04
expand: main@.lr.ph190 (13, 0) FAR  w(0) 93607. F 0.04
expand: main@.lr.ph (14, 0) FAR  w(0) 93549. F 0.01
expand: main@.lr.ph (15, 0) FAR  w(0) 35545. F 0.01
expand: main@.lr.ph (16, 0) FAR  w(0) 34158. F 0.01
expand: main@_3 (17, 0) FAR  w(0) 33635. F 0.00
expand: main@empty.loop (18, 0) FAR  w(0) 33191. F 0.00
expand: main@entry (19, 0) FAR  w(0) 1. F 0.00
expand: main@entry!_BAD (20, 0) FAR  w(0) 1. F 0.00
expand: query!0 (21, 0) FAR  w(0) 1. F 0.00
(spacer::context::check_reachability :time 0.55 :before-memory 48.56 :after-memory 51.68)
Propagating: 6 7 8 9 10 11 12 13 14 15 16 17 18 19 20 21  ! 22 
(spacer::context::propagate :time 0.08 :before-memory 51.68 :after-memory 51.88)
Entering level 22
expand: query!0 (22, 0) FAR  w(0) 1.
	create_child: main@entry!_BAD (21, 22) FAR 1 U 0.00
expand: main@entry!_BAD (21, 0) FAR  w(0) 1.
	create_child: main@entry (20, 22) FAR 1 U 0.00
expand: main@entry (20, 0) FAR  w(0) 1.
	create_child: main@empty.loop (19, 22) FAR 33191 U 0.00
expand: main@empty.loop (19, 0) FAR  w(0) 33191.
	create_child: main@_3 (18, 22) FAR 33635 U 0.00
expand: main@_3 (18, 0) FAR  w(0) 33635.
	create_child: main@.lr.ph (17, 22) FAR 34158 U 0.00
expand: main@.lr.ph (17, 0) FAR  w(0) 34158.
	create_child: main@.lr.ph (16, 22) FAR 35545 U 0.00
expand: main@.lr.ph (16, 0) FAR  w(0) 35545.
	create_child: main@.lr.ph190 (15, 22) FAR 35618 U 0.00
expand: main@.lr.ph190 (15, 0) FAR  w(0) 35618.
	create_child: main@.lr.ph190 (14, 22) FAR 61231 U 0.00
expand: main@.lr.ph190 (14, 0) FAR  w(0) 61231.
	create_child: main@_3 (13, 22) FAR 75713 U 0.01
expand: main@_3 (13, 0) FAR  w(0) 75713.
	create_child: main@.lr.ph (12, 22) FAR 75681 U 0.00
expand: main@.lr.ph (12, 0) FAR  w(0) 75681.
	create_child: main@.lr.ph (11, 22) FAR 75104 U 0.00
expand: main@.lr.ph (11, 0) FAR  w(0) 75104.
	create_child: main@.lr.ph190 (10, 22) FAR 75111 U 0.00
expand: main@.lr.ph190 (10, 0) FAR  w(0) 75111. F 0.04
expand: main@.lr.ph (11, 0) FAR  w(0) 75104.
	create_child: main@.lr.ph (10, 22) FAR 108668 U 0.00
expand: main@.lr.ph (10, 0) FAR  w(0) 108668.
	create_child: main@.lr.ph190 (9, 22) FAR 108674 U 0.00
expand: main@.lr.ph190 (9, 0) FAR  w(0) 108674. F 0.04
expand: main@.lr.ph (10, 0) FAR  w(0) 108668.
	create_child: main@.lr.ph (9, 22) FAR 170047 U 0.00
expand: main@.lr.ph (9, 0) FAR  w(0) 170047.
	create_child: main@.lr.ph190 (8, 22) FAR 169068 U 0.00
expand: main@.lr.ph190 (8, 0) FAR  w(0) 169068.
	create_child: main@.lr.ph190 (7, 22) FAR 170185 U 0.00
expand: main@.lr.ph190 (7, 0) FAR  w(0) 170185.
	create_child: main@.lr.ph190 (6, 22) FAR 170206 U 0.00
expand: main@.lr.ph190 (6, 0) FAR  w(0) 170206.
	create_child: main@.lr.ph190 (5, 22) FAR 170193 U 0.00
expand: main@.lr.ph190 (5, 0) FAR  w(0) 170193. F 0.05
expand: main@.lr.ph190 (6, 0) FAR  w(0) 170206. F 0.02
expand: main@.lr.ph190 (7, 0) FAR  w(0) 170185. F 0.04
expand: main@.lr.ph190 (8, 0) FAR  w(0) 169068. F 0.03
expand: main@.lr.ph (9, 0) FAR  w(0) 170047. F 0.01
expand: main@.lr.ph (10, 0) FAR  w(0) 108668. F 0.01
expand: main@.lr.ph (11, 0) FAR  w(0) 75104. F 0.01
expand: main@.lr.ph (12, 0) FAR  w(0) 75681. F 0.01
expand: main@_3 (13, 0) FAR  w(0) 75713. F 0.00
expand: main@.lr.ph190 (14, 0) FAR  w(0) 61231. F 0.08
expand: main@.lr.ph190 (15, 0) FAR  w(0) 35618. F 0.04
expand: main@.lr.ph (16, 0) FAR  w(0) 35545.
	create_child: main@.lr.ph (15, 22) FAR 93549 U 0.00
expand: main@.lr.ph (15, 0) FAR  w(0) 93549.
	create_child: main@.lr.ph190 (14, 22) FAR 93607 U 0.00
expand: main@.lr.ph190 (14, 0) FAR  w(0) 93607.
	create_child: main@.lr.ph190 (13, 22) FAR 93648 U 0.00
expand: main@.lr.ph190 (13, 0) FAR  w(0) 93648.
	create_child: main@.lr.ph190 (12, 22) FAR 93745 U 0.00
expand: main@.lr.ph190 (12, 0) FAR  w(0) 93745.
	create_child: main@_3 (11, 22) FAR 94955 U 0.01
expand: main@_3 (11, 0) FAR  w(0) 94955.
	create_child: main@.lr.ph (10, 22) FAR 94999 U 0.00
expand: main@.lr.ph (10, 0) FAR  w(0) 94999.
	create_child: main@.lr.ph (9, 22) FAR 94906 U 0.00
expand: main@.lr.ph (9, 0) FAR  w(0) 94906.
	create_child: main@.lr.ph (8, 22) FAR 177540 U 0.00
expand: main@.lr.ph (8, 0) FAR  w(0) 177540. F 0.01
expand: main@.lr.ph (9, 0) FAR  w(0) 94906. F 0.01
expand: main@.lr.ph (10, 0) FAR  w(0) 94999. F 0.01
expand: main@_3 (11, 0) FAR  w(0) 94955. F 0.00
expand: main@.lr.ph190 (12, 0) FAR  w(0) 93745. F 0.06
expand: main@.lr.ph190 (13, 0) FAR  w(0) 93648. F 0.04
expand: main@.lr.ph190 (14, 0) FAR  w(0) 93607. F 0.04
expand: main@.lr.ph (15, 0) FAR  w(0) 93549.
	create_child: main@.lr.ph (14, 22) FAR 182908 U 0.00
expand: main@.lr.ph (14, 0) FAR  w(0) 182908.
	create_child: main@.lr.ph190 (13, 22) FAR 182917 U 0.00
expand: main@.lr.ph190 (13, 0) FAR  w(0) 182917.
	create_child: main@.lr.ph190 (12, 22) FAR 181616 U 0.00
expand: main@.lr.ph190 (12, 0) FAR  w(0) 181616.
	create_child: main@.lr.ph190 (11, 22) FAR 182341 U 0.00
expand: main@.lr.ph190 (11, 0) FAR  w(0) 182341.
	create_child: main@.lr.ph190 (10, 22) FAR 182801 U 0.00
expand: main@.lr.ph190 (10, 0) FAR  w(0) 182801.
	create_child: main@_3 (9, 22) FAR 183759 U 0.01
expand: main@_3 (9, 0) FAR  w(0) 183759.
	create_child: main@.lr.ph (8, 22) FAR 180598 U 0.00
expand: main@.lr.ph (8, 0) FAR  w(0) 180598.
	create_child: main@.lr.ph (7, 22) FAR 183924 U 0.00
expand: main@.lr.ph (7, 0) FAR  w(0) 183924. F 0.01
expand: main@.lr.ph (8, 0) FAR  w(0) 180598. F 0.01
expand: main@_3 (9, 0) FAR  w(0) 183759. F 0.00
expand: main@.lr.ph190 (10, 0) FAR  w(0) 182801. F 0.06
expand: main@.lr.ph190 (11, 0) FAR  w(0) 182341. F 0.04
expand: main@.lr.ph190 (12, 0) FAR  w(0) 181616. F 0.04
expand: main@.lr.ph190 (13, 0) FAR  w(0) 182917. F 0.04
expand: main@.lr.ph (14, 0) FAR  w(0) 182908. F 0.01
expand: main@.lr.ph (15, 0) FAR  w(0) 93549. F 0.01
expand: main@.lr.ph (16, 0) FAR  w(0) 35545. F 0.01
expand: main@.lr.ph (17, 0) FAR  w(0) 34158. F 0.01
expand: main@_3 (18, 0) FAR  w(0) 33635. F 0.00
expand: main@empty.loop (19, 0) FAR  w(0) 33191. F 0.00
expand: main@entry (20, 0) FAR  w(0) 1. F 0.00
expand: main@entry!_BAD (21, 0) FAR  w(0) 1. F 0.00
expand: query!0 (22, 0) FAR  w(0) 1. F 0.00
(spacer::context::check_reachability :time 0.93 :before-memory 51.88 :after-memory 54.97)
Propagating: 5 6 7 8 9 10 11 12 13 14 15 16 17 18 19 20 21 22  ! 23 
(spacer::context::propagate :time 0.14 :before-memory 54.97 :after-memory 55.08)
Entering level 23
expand: query!0 (23, 0) FAR  w(0) 1.
	create_child: main@entry!_BAD (22, 23) FAR 1 U 0.00
expand: main@entry!_BAD (22, 0) FAR  w(0) 1.
	create_child: main@entry (21, 23) FAR 1 U 0.00
expand: main@entry (21, 0) FAR  w(0) 1.
	create_child: main@empty.loop (20, 23) FAR 33191 U 0.00
expand: main@empty.loop (20, 0) FAR  w(0) 33191.
	create_child: main@_3 (19, 23) FAR 33635 U 0.00
expand: main@_3 (19, 0) FAR  w(0) 33635.
	create_child: main@.lr.ph (18, 23) FAR 34158 U 0.00
expand: main@.lr.ph (18, 0) FAR  w(0) 34158.
	create_child: main@.lr.ph (17, 23) FAR 35545 U 0.00
expand: main@.lr.ph (17, 0) FAR  w(0) 35545.
	create_child: main@.lr.ph190 (16, 23) FAR 35618 U 0.00
expand: main@.lr.ph190 (16, 0) FAR  w(0) 35618.
	create_child: main@.lr.ph190 (15, 23) FAR 61231 U 0.00
expand: main@.lr.ph190 (15, 0) FAR  w(0) 61231.
	create_child: main@_3 (14, 23) FAR 75713 U 0.01
expand: main@_3 (14, 0) FAR  w(0) 75713.
	create_child: main@.lr.ph (13, 23) FAR 75681 U 0.00
expand: main@.lr.ph (13, 0) FAR  w(0) 75681.
	create_child: main@.lr.ph (12, 23) FAR 75104 U 0.00
expand: main@.lr.ph (12, 0) FAR  w(0) 75104.
	create_child: main@.lr.ph190 (11, 23) FAR 75111 U 0.00
expand: main@.lr.ph190 (11, 0) FAR  w(0) 75111.
	create_child: main@.lr.ph190 (10, 23) FAR 74716 U 0.00
expand: main@.lr.ph190 (10, 0) FAR  w(0) 74716. F 0.07
expand: main@.lr.ph190 (11, 0) FAR  w(0) 75111. F 0.04
expand: main@.lr.ph (12, 0) FAR  w(0) 75104.
	create_child: main@.lr.ph (11, 23) FAR 108668 U 0.00
expand: main@.lr.ph (11, 0) FAR  w(0) 108668.
	create_child: main@.lr.ph190 (10, 23) FAR 108674 U 0.00
expand: main@.lr.ph190 (10, 0) FAR  w(0) 108674.
	create_child: main@.lr.ph190 (9, 23) FAR 112823 U 0.00
expand: main@.lr.ph190 (9, 0) FAR  w(0) 112823. F 0.03
expand: main@.lr.ph190 (10, 0) FAR  w(0) 108674. F 0.03
expand: main@.lr.ph (11, 0) FAR  w(0) 108668.
	create_child: main@.lr.ph (10, 23) FAR 170047 U 0.00
expand: main@.lr.ph (10, 0) FAR  w(0) 170047.
	create_child: main@.lr.ph (9, 23) FAR 196850 U 0.00
expand: main@.lr.ph (9, 0) FAR  w(0) 196850.
	create_child: main@.lr.ph190 (8, 23) FAR 196877 U 0.00
expand: main@.lr.ph190 (8, 0) FAR  w(0) 196877.
	create_child: main@.lr.ph190 (7, 23) FAR 197013 U 0.00
expand: main@.lr.ph190 (7, 0) FAR  w(0) 197013.
	create_child: main@.lr.ph190 (6, 23) FAR 197026 U 0.00
expand: main@.lr.ph190 (6, 0) FAR  w(0) 197026.
	create_child: main@.lr.ph190 (5, 23) FAR 196172 U 0.00
expand: main@.lr.ph190 (5, 0) FAR  w(0) 196172. F 0.04
expand: main@.lr.ph190 (6, 0) FAR  w(0) 197026. F 0.06
expand: main@.lr.ph190 (7, 0) FAR  w(0) 197013. F 0.03
expand: main@.lr.ph190 (8, 0) FAR  w(0) 196877. F 0.03
expand: main@.lr.ph (9, 0) FAR  w(0) 196850. F 0.01
expand: main@.lr.ph (10, 0) FAR  w(0) 170047. F 0.01
expand: main@.lr.ph (11, 0) FAR  w(0) 108668. F 0.01
expand: main@.lr.ph (12, 0) FAR  w(0) 75104. F 0.01
expand: main@.lr.ph (13, 0) FAR  w(0) 75681. F 0.01
expand: main@_3 (14, 0) FAR  w(0) 75713. F 0.00
expand: main@.lr.ph190 (15, 0) FAR  w(0) 61231. F 0.08
expand: main@.lr.ph190 (16, 0) FAR  w(0) 35618. F 0.04
expand: main@.lr.ph (17, 0) FAR  w(0) 35545.
	create_child: main@.lr.ph (16, 23) FAR 93549 U 0.00
expand: main@.lr.ph (16, 0) FAR  w(0) 93549.
	create_child: main@.lr.ph190 (15, 23) FAR 93607 U 0.00
expand: main@.lr.ph190 (15, 0) FAR  w(0) 93607.
	create_child: main@.lr.ph190 (14, 23) FAR 93648 U 0.01
expand: main@.lr.ph190 (14, 0) FAR  w(0) 93648.
	create_child: main@.lr.ph190 (13, 23) FAR 93745 U 0.00
expand: main@.lr.ph190 (13, 0) FAR  w(0) 93745.
	create_child: main@_3 (12, 23) FAR 94955 U 0.01
expand: main@_3 (12, 0) FAR  w(0) 94955.
	create_child: main@.lr.ph (11, 23) FAR 94999 U 0.00
expand: main@.lr.ph (11, 0) FAR  w(0) 94999.
	create_child: main@.lr.ph (10, 23) FAR 94906 U 0.00
expand: main@.lr.ph (10, 0) FAR  w(0) 94906. F 0.01
expand: main@.lr.ph (11, 0) FAR  w(0) 94999. F 0.01
expand: main@_3 (12, 0) FAR  w(0) 94955. F 0.00
expand: main@.lr.ph190 (13, 0) FAR  w(0) 93745. F 0.06
expand: main@.lr.ph190 (14, 0) FAR  w(0) 93648. F 0.05
expand: main@.lr.ph190 (15, 0) FAR  w(0) 93607. F 0.05
expand: main@.lr.ph (16, 0) FAR  w(0) 93549.
	create_child: main@.lr.ph (15, 23) FAR 182908 U 0.00
expand: main@.lr.ph (15, 0) FAR  w(0) 182908.
	create_child: main@.lr.ph190 (14, 23) FAR 182917 U 0.00
expand: main@.lr.ph190 (14, 0) FAR  w(0) 182917.
	create_child: main@.lr.ph190 (13, 23) FAR 181616 U 0.01
expand: main@.lr.ph190 (13, 0) FAR  w(0) 181616.
	create_child: main@.lr.ph190 (12, 23) FAR 182341 U 0.00
expand: main@.lr.ph190 (12, 0) FAR  w(0) 182341.
	create_child: main@.lr.ph190 (11, 23) FAR 182801 U 0.00
expand: main@.lr.ph190 (11, 0) FAR  w(0) 182801. F 0.06
expand: main@.lr.ph190 (12, 0) FAR  w(0) 182341. F 0.05
expand: main@.lr.ph190 (13, 0) FAR  w(0) 181616. F 0.04
expand: main@.lr.ph190 (14, 0) FAR  w(0) 182917. F 0.05
expand: main@.lr.ph (15, 0) FAR  w(0) 182908. F 0.01
expand: main@.lr.ph (16, 0) FAR  w(0) 93549. F 0.01
expand: main@.lr.ph (17, 0) FAR  w(0) 35545. F 0.01
expand: main@.lr.ph (18, 0) FAR  w(0) 34158. F 0.01
expand: main@_3 (19, 0) FAR  w(0) 33635. F 0.00
expand: main@empty.loop (20, 0) FAR  w(0) 33191. F 0.00
expand: main@entry (21, 0) FAR  w(0) 1. F 0.00
expand: main@entry!_BAD (22, 0) FAR  w(0) 1. F 0.00
expand: query!0 (23, 0) FAR  w(0) 1. F 0.00
(spacer::context::check_reachability :time 1.04 :before-memory 55.08 :after-memory 65.73)
Propagating: 5 6 7 8 9 10 11 12 13 14 15 16 17 18 19 20 21 22 23  ! 24 
(spacer::context::propagate :time 0.20 :before-memory 65.73 :after-memory 66.22)
Entering level 24
expand: query!0 (24, 0) FAR  w(0) 1.
	create_child: main@entry!_BAD (23, 24) FAR 1 U 0.00
expand: main@entry!_BAD (23, 0) FAR  w(0) 1.
	create_child: main@entry (22, 24) FAR 1 U 0.00
expand: main@entry (22, 0) FAR  w(0) 1.
	create_child: main@empty.loop (21, 24) FAR 33191 U 0.00
expand: main@empty.loop (21, 0) FAR  w(0) 33191.
	create_child: main@_3 (20, 24) FAR 33635 U 0.00
expand: main@_3 (20, 0) FAR  w(0) 33635.
	create_child: main@.lr.ph (19, 24) FAR 34158 U 0.00
expand: main@.lr.ph (19, 0) FAR  w(0) 34158.
	create_child: main@.lr.ph (18, 24) FAR 35545 U 0.00
expand: main@.lr.ph (18, 0) FAR  w(0) 35545.
	create_child: main@.lr.ph190 (17, 24) FAR 35618 U 0.00
expand: main@.lr.ph190 (17, 0) FAR  w(0) 35618.
	create_child: main@.lr.ph190 (16, 24) FAR 61231 U 0.01
expand: main@.lr.ph190 (16, 0) FAR  w(0) 61231.
	create_child: main@_3 (15, 24) FAR 75713 U 0.01
expand: main@_3 (15, 0) FAR  w(0) 75713.
	create_child: main@.lr.ph (14, 24) FAR 75681 U 0.00
expand: main@.lr.ph (14, 0) FAR  w(0) 75681.
	create_child: main@.lr.ph (13, 24) FAR 75104 U 0.00
expand: main@.lr.ph (13, 0) FAR  w(0) 75104.
	create_child: main@.lr.ph (12, 24) FAR 108668 U 0.00
expand: main@.lr.ph (12, 0) FAR  w(0) 108668.
	create_child: main@.lr.ph (11, 24) FAR 170047 U 0.00
expand: main@.lr.ph (11, 0) FAR  w(0) 170047.
	create_child: main@.lr.ph (10, 24) FAR 196850 U 0.00
expand: main@.lr.ph (10, 0) FAR  w(0) 196850.
	create_child: main@.lr.ph190 (9, 24) FAR 196877 U 0.00
expand: main@.lr.ph190 (9, 0) FAR  w(0) 196877.
	create_child: main@.lr.ph190 (8, 24) FAR 197013 U 0.01
expand: main@.lr.ph190 (8, 0) FAR  w(0) 197013.
	create_child: main@.lr.ph190 (7, 24) FAR 197026 U 0.00
expand: main@.lr.ph190 (7, 0) FAR  w(0) 197026.
	create_child: main@.lr.ph190 (6, 24) FAR 196172 U 0.00
expand: main@.lr.ph190 (6, 0) FAR  w(0) 196172.
	create_child: main@.lr.ph190 (5, 24) FAR 220744 U 0.00
expand: main@.lr.ph190 (5, 0) FAR  w(0) 220744. F 0.06
expand: main@.lr.ph190 (6, 0) FAR  w(0) 196172. F 0.03
expand: main@.lr.ph190 (7, 0) FAR  w(0) 197026. F 0.04
expand: main@.lr.ph190 (8, 0) FAR  w(0) 197013. F 0.05
expand: main@.lr.ph190 (9, 0) FAR  w(0) 196877. F 0.05
expand: main@.lr.ph (10, 0) FAR  w(0) 196850. F 0.01
expand: main@.lr.ph (11, 0) FAR  w(0) 170047. F 0.01
expand: main@.lr.ph (12, 0) FAR  w(0) 108668. F 0.01
expand: main@.lr.ph (13, 0) FAR  w(0) 75104. F 0.01
expand: main@.lr.ph (14, 0) FAR  w(0) 75681. F 0.01
expand: main@_3 (15, 0) FAR  w(0) 75713. F 0.00
expand: main@.lr.ph190 (16, 0) FAR  w(0) 61231. F 0.08
expand: main@.lr.ph190 (17, 0) FAR  w(0) 35618. F 0.05
expand: main@.lr.ph (18, 0) FAR  w(0) 35545.
	create_child: main@.lr.ph (17, 24) FAR 93549 U 0.00
expand: main@.lr.ph (17, 0) FAR  w(0) 93549.
	create_child: main@.lr.ph190 (16, 24) FAR 93607 U 0.00
expand: main@.lr.ph190 (16, 0) FAR  w(0) 93607.
	create_child: main@.lr.ph190 (15, 24) FAR 93648 U 0.01
expand: main@.lr.ph190 (15, 0) FAR  w(0) 93648.
	create_child: main@.lr.ph190 (14, 24) FAR 93745 U 0.00
expand: main@.lr.ph190 (14, 0) FAR  w(0) 93745.
	create_child: main@_3 (13, 24) FAR 94955 U 0.01
expand: main@_3 (13, 0) FAR  w(0) 94955.
	create_child: main@.lr.ph (12, 24) FAR 94999 U 0.00
expand: main@.lr.ph (12, 0) FAR  w(0) 94999.
	create_child: main@.lr.ph (11, 24) FAR 94906 U 0.00
expand: main@.lr.ph (11, 0) FAR  w(0) 94906.
	create_child: main@.lr.ph190 (10, 24) FAR 95178 U 0.00
expand: main@.lr.ph190 (10, 0) FAR  w(0) 95178.
	create_child: main@.lr.ph190 (9, 24) FAR 94207 U 0.01
expand: main@.lr.ph190 (9, 0) FAR  w(0) 94207. F 0.06
expand: main@.lr.ph190 (10, 0) FAR  w(0) 95178. F 0.05
expand: main@.lr.ph (11, 0) FAR  w(0) 94906.
	create_child: main@.lr.ph (10, 24) FAR 177540 U 0.00
expand: main@.lr.ph (10, 0) FAR  w(0) 177540. F 0.01
expand: main@.lr.ph (11, 0) FAR  w(0) 94906. F 0.01
expand: main@.lr.ph (12, 0) FAR  w(0) 94999. F 0.01
expand: main@_3 (13, 0) FAR  w(0) 94955. F 0.00
expand: main@.lr.ph190 (14, 0) FAR  w(0) 93745. F 0.09
expand: main@.lr.ph190 (15, 0) FAR  w(0) 93648. F 0.04
expand: main@.lr.ph190 (16, 0) FAR  w(0) 93607. F 0.05
expand: main@.lr.ph (17, 0) FAR  w(0) 93549.
	create_child: main@.lr.ph (16, 24) FAR 182908 U 0.00
expand: main@.lr.ph (16, 0) FAR  w(0) 182908.
	create_child: main@.lr.ph190 (15, 24) FAR 182917 U 0.00
expand: main@.lr.ph190 (15, 0) FAR  w(0) 182917.
	create_child: main@.lr.ph190 (14, 24) FAR 181616 U 0.01
expand: main@.lr.ph190 (14, 0) FAR  w(0) 181616. F 0.04
expand: main@.lr.ph190 (15, 0) FAR  w(0) 182917. F 0.05
expand: main@.lr.ph (16, 0) FAR  w(0) 182908.
	create_child: main@.lr.ph (15, 24) FAR 238237 U 0.00
expand: main@.lr.ph (15, 0) FAR  w(0) 238237.
	create_child: main@.lr.ph190 (14, 24) FAR 236619 U 0.00
expand: main@.lr.ph190 (14, 0) FAR  w(0) 236619.
	create_child: main@.lr.ph190 (13, 24) FAR 237840 U 0.01
expand: main@.lr.ph190 (13, 0) FAR  w(0) 237840.
	create_child: main@.lr.ph190 (12, 24) FAR 238353 U 0.00
expand: main@.lr.ph190 (12, 0) FAR  w(0) 238353.
	create_child: main@.lr.ph190 (11, 24) FAR 238350 U 0.00
expand: main@.lr.ph190 (11, 0) FAR  w(0) 238350. F 0.04
expand: main@.lr.ph190 (12, 0) FAR  w(0) 238353. F 0.04
expand: main@.lr.ph190 (13, 0) FAR  w(0) 237840. F 0.04
expand: main@.lr.ph190 (14, 0) FAR  w(0) 236619. F 0.04
expand: main@.lr.ph (15, 0) FAR  w(0) 238237. F 0.01
expand: main@.lr.ph (16, 0) FAR  w(0) 182908. F 0.01
expand: main@.lr.ph (17, 0) FAR  w(0) 93549. F 0.01
expand: main@.lr.ph (18, 0) FAR  w(0) 35545. F 0.01
expand: main@.lr.ph (19, 0) FAR  w(0) 34158. F 0.01
expand: main@_3 (20, 0) FAR  w(0) 33635. F 0.00
expand: main@empty.loop (21, 0) FAR  w(0) 33191. F 0.00
expand: main@entry (22, 0) FAR  w(0) 1. F 0.00
expand: main@entry!_BAD (23, 0) FAR  w(0) 1. F 0.00
expand: query!0 (24, 0) FAR  w(0) 1. F 0.00
(spacer::context::check_reachability :time 1.20 :before-memory 66.22 :after-memory 69.82)
Propagating: 5 6 7 8 9 10 11 12 13 14 15 16 17 18 19 20 21 22 23 24  ! 25 
(spacer::context::propagate :time 0.26 :before-memory 69.82 :after-memory 70.10)
Entering level 25
expand: query!0 (25, 0) FAR  w(0) 1.
	create_child: main@entry!_BAD (24, 25) FAR 1 U 0.00
expand: main@entry!_BAD (24, 0) FAR  w(0) 1.
	create_child: main@entry (23, 25) FAR 1 U 0.00
expand: main@entry (23, 0) FAR  w(0) 1.
	create_child: main@empty.loop (22, 25) FAR 33191 U 0.00
expand: main@empty.loop (22, 0) FAR  w(0) 33191.
	create_child: main@_3 (21, 25) FAR 33635 U 0.00
expand: main@_3 (21, 0) FAR  w(0) 33635.
	create_child: main@.lr.ph (20, 25) FAR 34158 U 0.00
expand: main@.lr.ph (20, 0) FAR  w(0) 34158.
	create_child: main@.lr.ph (19, 25) FAR 35545 U 0.00
expand: main@.lr.ph (19, 0) FAR  w(0) 35545.
	create_child: main@.lr.ph190 (18, 25) FAR 35618 U 0.00
expand: main@.lr.ph190 (18, 0) FAR  w(0) 35618.
	create_child: main@.lr.ph190 (17, 25) FAR 61231 U 0.01
expand: main@.lr.ph190 (17, 0) FAR  w(0) 61231.
	create_child: main@_3 (16, 25) FAR 75713 U 0.01
expand: main@_3 (16, 0) FAR  w(0) 75713.
	create_child: main@.lr.ph (15, 25) FAR 75681 U 0.00
expand: main@.lr.ph (15, 0) FAR  w(0) 75681.
	create_child: main@.lr.ph (14, 25) FAR 75104 U 0.00
expand: main@.lr.ph (14, 0) FAR  w(0) 75104.
	create_child: main@.lr.ph (13, 25) FAR 108668 U 0.00
expand: main@.lr.ph (13, 0) FAR  w(0) 108668.
	create_child: main@.lr.ph (12, 25) FAR 170047 U 0.00
expand: main@.lr.ph (12, 0) FAR  w(0) 170047.
	create_child: main@.lr.ph (11, 25) FAR 196850 U 0.00
expand: main@.lr.ph (11, 0) FAR  w(0) 196850.
	create_child: main@.lr.ph190 (10, 25) FAR 196877 U 0.00
expand: main@.lr.ph190 (10, 0) FAR  w(0) 196877. F 0.04
expand: main@.lr.ph (11, 0) FAR  w(0) 196850. F 0.01
expand: main@.lr.ph (12, 0) FAR  w(0) 170047. F 0.01
expand: main@.lr.ph (13, 0) FAR  w(0) 108668. F 0.01
expand: main@.lr.ph (14, 0) FAR  w(0) 75104. F 0.01
expand: main@.lr.ph (15, 0) FAR  w(0) 75681. F 0.01
expand: main@_3 (16, 0) FAR  w(0) 75713. F 0.00
expand: main@.lr.ph190 (17, 0) FAR  w(0) 61231. F 0.08
expand: main@.lr.ph190 (18, 0) FAR  w(0) 35618. F 0.05
expand: main@.lr.ph (19, 0) FAR  w(0) 35545.
	create_child: main@.lr.ph (18, 25) FAR 93549 U 0.00
expand: main@.lr.ph (18, 0) FAR  w(0) 93549.
	create_child: main@.lr.ph190 (17, 25) FAR 93607 U 0.00
expand: main@.lr.ph190 (17, 0) FAR  w(0) 93607.
	create_child: main@.lr.ph190 (16, 25) FAR 93648 U 0.01
expand: main@.lr.ph190 (16, 0) FAR  w(0) 93648.
	create_child: main@.lr.ph190 (15, 25) FAR 93745 U 0.00
expand: main@.lr.ph190 (15, 0) FAR  w(0) 93745.
	create_child: main@_3 (14, 25) FAR 134453 UNDEF 0.01
expand: main@_3 (14, 0) FAR  w(0) 134453.
	create_child: main@.lr.ph (13, 25) FAR 135016 U 0.00
expand: main@.lr.ph (13, 0) FAR  w(0) 135016.
	create_child: main@.lr.ph (12, 25) FAR 134458 U 0.00
expand: main@.lr.ph (12, 0) FAR  w(0) 134458.
	create_child: main@.lr.ph190 (11, 25) FAR 135265 U 0.00
expand: main@.lr.ph190 (11, 0) FAR  w(0) 135265. F 0.05
expand: main@.lr.ph (12, 0) FAR  w(0) 134458.
	create_child: main@.lr.ph (11, 25) FAR 249566 U 0.00
expand: main@.lr.ph (11, 0) FAR  w(0) 249566.
	create_child: main@.lr.ph (10, 25) FAR 249125 U 0.00
expand: main@.lr.ph (10, 0) FAR  w(0) 249125.
	create_child: main@.lr.ph190 (9, 25) FAR 248957 U 0.00
expand: main@.lr.ph190 (9, 0) FAR  w(0) 248957.
	create_child: main@.lr.ph190 (8, 25) FAR 243734 U 0.01
expand: main@.lr.ph190 (8, 0) FAR  w(0) 243734.
	create_child: main@.lr.ph190 (7, 25) FAR 249420 U 0.00
expand: main@.lr.ph190 (7, 0) FAR  w(0) 249420.
	create_child: main@.lr.ph190 (6, 25) FAR 192744 U 0.00
expand: main@.lr.ph190 (6, 0) FAR  w(0) 192744. F 0.07
expand: main@.lr.ph190 (7, 0) FAR  w(0) 249420. F 0.03
expand: main@.lr.ph190 (8, 0) FAR  w(0) 243734. F 0.04
expand: main@.lr.ph190 (9, 0) FAR  w(0) 248957. F 0.04
expand: main@.lr.ph (10, 0) FAR  w(0) 249125. F 0.01
expand: main@.lr.ph (11, 0) FAR  w(0) 249566. F 0.01
expand: main@.lr.ph (12, 0) FAR  w(0) 134458. F 0.01
expand: main@.lr.ph (13, 0) FAR  w(0) 135016. F 0.01
expand: main@_3 (14, 0) FAR  w(0) 134453. F 0.00
expand: main@.lr.ph190 (15, 0) FAR  w(0) 93745. F 0.09
expand: main@.lr.ph190 (16, 0) FAR  w(0) 93648. F 0.05
expand: main@.lr.ph190 (17, 0) FAR  w(0) 93607. F 0.05
expand: main@.lr.ph (18, 0) FAR  w(0) 93549.
	create_child: main@.lr.ph (17, 25) FAR 182908 U 0.00
expand: main@.lr.ph (17, 0) FAR  w(0) 182908.
	create_child: main@.lr.ph190 (16, 25) FAR 182917 U 0.00
expand: main@.lr.ph190 (16, 0) FAR  w(0) 182917.
	create_child: main@.lr.ph190 (15, 25) FAR 181616 U 0.01
expand: main@.lr.ph190 (15, 0) FAR  w(0) 181616.
	create_child: main@.lr.ph190 (14, 25) FAR 182341 U 0.00
expand: main@.lr.ph190 (14, 0) FAR  w(0) 182341. F 0.05
expand: main@.lr.ph190 (15, 0) FAR  w(0) 181616. F 0.05
expand: main@.lr.ph190 (16, 0) FAR  w(0) 182917. F 0.05
expand: main@.lr.ph (17, 0) FAR  w(0) 182908.
	create_child: main@.lr.ph (16, 25) FAR 238237 U 0.00
expand: main@.lr.ph (16, 0) FAR  w(0) 238237.
	create_child: main@.lr.ph190 (15, 25) FAR 236619 U 0.00
expand: main@.lr.ph190 (15, 0) FAR  w(0) 236619.
	create_child: main@.lr.ph190 (14, 25) FAR 237840 U 0.01
expand: main@.lr.ph190 (14, 0) FAR  w(0) 237840.
	create_child: main@.lr.ph190 (13, 25) FAR 238353 U 0.00
expand: main@.lr.ph190 (13, 0) FAR  w(0) 238353.
	create_child: main@.lr.ph190 (12, 25) FAR 238350 U 0.00
expand: main@.lr.ph190 (12, 0) FAR  w(0) 238350.
	create_child: main@.lr.ph190 (11, 25) FAR 260308 U 0.00
expand: main@.lr.ph190 (11, 0) FAR  w(0) 260308.
	create_child: main@_3 (10, 25) FAR 261629 UNDEF 0.01
expand: main@_3 (10, 0) FAR  w(0) 261629.
	create_child: main@.lr.ph (9, 25) FAR 255312 U 0.00
expand: main@.lr.ph (9, 0) FAR  w(0) 255312.
	create_child: main@.lr.ph (8, 25) FAR 261518 U 0.00
expand: main@.lr.ph (8, 0) FAR  w(0) 261518. F 0.01
expand: main@.lr.ph (9, 0) FAR  w(0) 255312. F 0.01
expand: main@_3 (10, 0) FAR  w(0) 261629. F 0.00
expand: main@.lr.ph190 (11, 0) FAR  w(0) 260308. F 0.07
expand: main@.lr.ph190 (12, 0) FAR  w(0) 238350. F 0.04
expand: main@.lr.ph190 (13, 0) FAR  w(0) 238353. F 0.04
expand: main@.lr.ph190 (14, 0) FAR  w(0) 237840. F 0.05
expand: main@.lr.ph190 (15, 0) FAR  w(0) 236619. F 0.05
expand: main@.lr.ph (16, 0) FAR  w(0) 238237. F 0.01
expand: main@.lr.ph (17, 0) FAR  w(0) 182908. F 0.02
expand: main@.lr.ph (18, 0) FAR  w(0) 93549. F 0.01
expand: main@.lr.ph (19, 0) FAR  w(0) 35545. F 0.01
expand: main@.lr.ph (20, 0) FAR  w(0) 34158. F 0.01
expand: main@_3 (21, 0) FAR  w(0) 33635. F 0.00
expand: main@empty.loop (22, 0) FAR  w(0) 33191. F 0.00
expand: main@entry (23, 0) FAR  w(0) 1. F 0.00
expand: main@entry!_BAD (24, 0) FAR  w(0) 1. F 0.00
expand: query!0 (25, 0) FAR  w(0) 1. F 0.00
(spacer::context::check_reachability :time 1.35 :before-memory 70.10 :after-memory 74.47)
Propagating: 6 7 8 9 10 11 12 13 14 15 16 17 18 19 20 21 22 23 24 25  ! 26 
(spacer::context::propagate :time 0.31 :before-memory 74.47 :after-memory 74.78)
Entering level 26
expand: query!0 (26, 0) FAR  w(0) 1.
	create_child: main@entry!_BAD (25, 26) FAR 1 U 0.00
expand: main@entry!_BAD (25, 0) FAR  w(0) 1.
	create_child: main@entry (24, 26) FAR 1 U 0.00
expand: main@entry (24, 0) FAR  w(0) 1.
	create_child: main@empty.loop (23, 26) FAR 33191 U 0.00
expand: main@empty.loop (23, 0) FAR  w(0) 33191.
	create_child: main@_3 (22, 26) FAR 33635 U 0.00
expand: main@_3 (22, 0) FAR  w(0) 33635.
	create_child: main@.lr.ph (21, 26) FAR 34158 U 0.00
expand: main@.lr.ph (21, 0) FAR  w(0) 34158.
	create_child: main@.lr.ph (20, 26) FAR 35545 U 0.00
expand: main@.lr.ph (20, 0) FAR  w(0) 35545.
	create_child: main@.lr.ph (19, 26) FAR 93549 U 0.00
expand: main@.lr.ph (19, 0) FAR  w(0) 93549.
	create_child: main@.lr.ph190 (18, 26) FAR 93607 U 0.00
expand: main@.lr.ph190 (18, 0) FAR  w(0) 93607.
	create_child: main@.lr.ph190 (17, 26) FAR 93648 U 0.01
expand: main@.lr.ph190 (17, 0) FAR  w(0) 93648.
	create_child: main@.lr.ph190 (16, 26) FAR 93745 U 0.00
expand: main@.lr.ph190 (16, 0) FAR  w(0) 93745.
	create_child: main@_3 (15, 26) FAR 94955 U 0.01
expand: main@_3 (15, 0) FAR  w(0) 94955.
	create_child: main@.lr.ph (14, 26) FAR 94999 U 0.00
expand: main@.lr.ph (14, 0) FAR  w(0) 94999.
	create_child: main@.lr.ph (13, 26) FAR 94906 U 0.00
expand: main@.lr.ph (13, 0) FAR  w(0) 94906.
	create_child: main@.lr.ph (12, 26) FAR 177540 U 0.00
expand: main@.lr.ph (12, 0) FAR  w(0) 177540.
	create_child: main@.lr.ph190 (11, 26) FAR 275166 U 0.00
expand: main@.lr.ph190 (11, 0) FAR  w(0) 275166.
	create_child: main@.lr.ph190 (10, 26) FAR 274067 U 0.01
expand: main@.lr.ph190 (10, 0) FAR  w(0) 274067. F 0.04
expand: main@.lr.ph190 (11, 0) FAR  w(0) 275166. F 0.07
expand: main@.lr.ph (12, 0) FAR  w(0) 177540.
	create_child: main@.lr.ph (11, 26) FAR 276184 U 0.00
expand: main@.lr.ph (11, 0) FAR  w(0) 276184.
	create_child: main@.lr.ph (10, 26) FAR 276181 U 0.00
expand: main@.lr.ph (10, 0) FAR  w(0) 276181.
	create_child: main@.lr.ph190 (9, 26) FAR 276151 U 0.00
expand: main@.lr.ph190 (9, 0) FAR  w(0) 276151.
	create_child: main@.lr.ph190 (8, 26) FAR 276289 U 0.01
expand: main@.lr.ph190 (8, 0) FAR  w(0) 276289.
	create_child: main@.lr.ph190 (7, 26) FAR 276288 U 0.01
expand: main@.lr.ph190 (7, 0) FAR  w(0) 276288.
	create_child: main@.lr.ph190 (6, 26) FAR 276263 U 0.01
expand: main@.lr.ph190 (6, 0) FAR  w(0) 276263.
	create_child: main@.lr.ph190 (5, 26) FAR 276304 U 0.01
expand: main@.lr.ph190 (5, 0) FAR  w(0) 276304. F 0.07
expand: main@.lr.ph190 (6, 0) FAR  w(0) 276263. F 0.06
expand: main@.lr.ph190 (7, 0) FAR  w(0) 276288. F 0.04
expand: main@.lr.ph190 (8, 0) FAR  w(0) 276289. F 0.04
expand: main@.lr.ph190 (9, 0) FAR  w(0) 276151. F 0.04
expand: main@.lr.ph (10, 0) FAR  w(0) 276181. F 0.02
expand: main@.lr.ph (11, 0) FAR  w(0) 276184. F 0.02
expand: main@.lr.ph (12, 0) FAR  w(0) 177540. F 0.02
expand: main@.lr.ph (13, 0) FAR  w(0) 94906. F 0.02
expand: main@.lr.ph (14, 0) FAR  w(0) 94999. F 0.02
expand: main@_3 (15, 0) FAR  w(0) 94955. F 0.01
expand: main@.lr.ph190 (16, 0) FAR  w(0) 93745. F 0.09
expand: main@.lr.ph190 (17, 0) FAR  w(0) 93648. F 0.05
expand: main@.lr.ph190 (18, 0) FAR  w(0) 93607. F 0.05
expand: main@.lr.ph (19, 0) FAR  w(0) 93549.
	create_child: main@.lr.ph (18, 26) FAR 182908 U 0.00
expand: main@.lr.ph (18, 0) FAR  w(0) 182908.
	create_child: main@.lr.ph190 (17, 26) FAR 182917 U 0.00
expand: main@.lr.ph190 (17, 0) FAR  w(0) 182917.
	create_child: main@.lr.ph190 (16, 26) FAR 181616 U 0.01
expand: main@.lr.ph190 (16, 0) FAR  w(0) 181616.
	create_child: main@.lr.ph190 (15, 26) FAR 182341 U 0.01
expand: main@.lr.ph190 (15, 0) FAR  w(0) 182341.
	create_child: main@.lr.ph190 (14, 26) FAR 182801 U 0.01
expand: main@.lr.ph190 (14, 0) FAR  w(0) 182801.
	create_child: main@_3 (13, 26) FAR 183759 U 0.01
expand: main@_3 (13, 0) FAR  w(0) 183759.
	create_child: main@.lr.ph (12, 26) FAR 180598 U 0.00
expand: main@.lr.ph (12, 0) FAR  w(0) 180598.
	create_child: main@.lr.ph (11, 26) FAR 183924 U 0.00
expand: main@.lr.ph (11, 0) FAR  w(0) 183924.
	create_child: main@.lr.ph190 (10, 26) FAR 287795 U 0.00
expand: main@.lr.ph190 (10, 0) FAR  w(0) 287795. F 0.04
expand: main@.lr.ph (11, 0) FAR  w(0) 183924. F 0.01
expand: main@.lr.ph (12, 0) FAR  w(0) 180598. F 0.01
expand: main@_3 (13, 0) FAR  w(0) 183759. F 0.00
expand: main@.lr.ph190 (14, 0) FAR  w(0) 182801. F 0.07
expand: main@.lr.ph190 (15, 0) FAR  w(0) 182341. F 0.06
expand: main@.lr.ph190 (16, 0) FAR  w(0) 181616. F 0.05
expand: main@.lr.ph190 (17, 0) FAR  w(0) 182917. F 0.06
expand: main@.lr.ph (18, 0) FAR  w(0) 182908.
	create_child: main@.lr.ph (17, 26) FAR 238237 U 0.00
expand: main@.lr.ph (17, 0) FAR  w(0) 238237.
	create_child: main@.lr.ph190 (16, 26) FAR 236619 U 0.00
expand: main@.lr.ph190 (16, 0) FAR  w(0) 236619.
	create_child: main@.lr.ph190 (15, 26) FAR 237840 U 0.01
expand: main@.lr.ph190 (15, 0) FAR  w(0) 237840.
	create_child: main@.lr.ph190 (14, 26) FAR 238353 U 0.01
expand: main@.lr.ph190 (14, 0) FAR  w(0) 238353.
	create_child: main@.lr.ph190 (13, 26) FAR 238350 U 0.01
expand: main@.lr.ph190 (13, 0) FAR  w(0) 238350.
	create_child: main@.lr.ph190 (12, 26) FAR 260308 U 0.01
expand: main@.lr.ph190 (12, 0) FAR  w(0) 260308.
	create_child: main@_3 (11, 26) FAR 261629 UNDEF 0.01
expand: main@_3 (11, 0) FAR  w(0) 261629.
	create_child: main@.lr.ph (10, 26) FAR 255312 U 0.00
expand: main@.lr.ph (10, 0) FAR  w(0) 255312.
	create_child: main@.lr.ph (9, 26) FAR 261518 U 0.00
expand: main@.lr.ph (9, 0) FAR  w(0) 261518.
	create_child: main@.lr.ph (8, 26) FAR 289535 U 0.00
expand: main@.lr.ph (8, 0) FAR  w(0) 289535.
	create_child: main@.lr.ph190 (7, 26) FAR 292097 U 0.00
expand: main@.lr.ph190 (7, 0) FAR  w(0) 292097.
	create_child: main@.lr.ph190 (6, 26) FAR 291468 U 0.01
expand: main@.lr.ph190 (6, 0) FAR  w(0) 291468.
	create_child: main@.lr.ph190 (5, 26) FAR 291497 U 0.01
expand: main@.lr.ph190 (5, 0) FAR  w(0) 291497. F 0.06
expand: main@.lr.ph190 (6, 0) FAR  w(0) 291468. F 0.05
expand: main@.lr.ph190 (7, 0) FAR  w(0) 292097. F 0.04
expand: main@.lr.ph (8, 0) FAR  w(0) 289535. F 0.02
expand: main@.lr.ph (9, 0) FAR  w(0) 261518. F 0.02
expand: main@.lr.ph (10, 0) FAR  w(0) 255312. F 0.02
expand: main@_3 (11, 0) FAR  w(0) 261629. F 0.00
expand: main@.lr.ph190 (12, 0) FAR  w(0) 260308. F 0.10
expand: main@.lr.ph190 (13, 0) FAR  w(0) 238350. F 0.06
expand: main@.lr.ph190 (14, 0) FAR  w(0) 238353. F 0.06
expand: main@.lr.ph190 (15, 0) FAR  w(0) 237840