(transform N7datalog13mk_coi_filterE...no-op 0s)
(transform N7datalog25mk_interp_tail_simplifierE...10 rules 0.023s)
(transform N7datalog27mk_quantifier_instantiationE...no-op 0s)
(transform N7datalog8mk_scaleE...no-op 0s)
(transform N7datalog18mk_karr_invariantsE...no-op 0s)
(transform N7datalog14mk_array_blastE...no-op 0s)
(transform N7datalog16mk_elim_term_iteE...no-op 0s)
(transform N7datalog22mk_subsumption_checkerE...9 rules 0.003s)
(transform N7datalog12mk_bit_blastE...no-op 0s)
(transform N7datalog15mk_rule_inlinerE...no-op 0s)
(transform N7datalog13mk_coi_filterE...no-op 0s)
(transform N7datalog25mk_interp_tail_simplifierE...9 rules 0.001s)
(transform N7datalog22mk_subsumption_checkerE...no-op 0s)
(transform N7datalog15mk_rule_inlinerE...no-op 0s)
(transform N7datalog13mk_coi_filterE...no-op 0s)
(transform N7datalog25mk_interp_tail_simplifierE...9 rules 0.001s)
(transform N7datalog22mk_subsumption_checkerE...no-op 0s)
(transform N7datalog15mk_rule_inlinerE...no-op 0s)
(transform N7datalog22mk_subsumption_checkerE...no-op 0s)
(transform N7datalog15mk_rule_inlinerE...no-op 0s)
(transform N7datalog22mk_subsumption_checkerE...no-op 0s)
(transform N7datalog15mk_rule_inlinerE...no-op 0s)
(transform N7datalog22mk_subsumption_checkerE...no-op 0s)
expand: query!0 (0, 0) FAR  w(0) 1. F 0.00
(spacer::context::check_reachability :time 0.00 :before-memory 13.65 :after-memory 13.85)
Entering level 1
expand: query!0 (1, 0) FAR  w(0) 1.
	create_child: main@entry!_BAD (0, 1) FAR 1 U 0.00
expand: main@entry!_BAD (0, 0) FAR  w(0) 1. F 0.00
expand: query!0 (1, 0) FAR  w(0) 1. F 0.00
(spacer::context::check_reachability :time 0.00 :before-memory 13.85 :after-memory 15.00)
Propagating: 0 1  ! 2 
(spacer::context::propagate :time 0.00 :before-memory 15.00 :after-memory 15.19)
Entering level 2
expand: query!0 (2, 0) FAR  w(0) 1.
	create_child: main@entry!_BAD (1, 2) FAR 1 U 0.00
expand: main@entry!_BAD (1, 0) FAR  w(0) 1.
	create_child: main@entry (0, 2) FAR 1 U 0.00
expand: main@entry (0, 0) FAR  w(0) 1. F 0.01
expand: main@entry!_BAD (1, 0) FAR  w(0) 1. F 0.00
expand: query!0 (2, 0) FAR  w(0) 1. F 0.00
(spacer::context::check_reachability :time 0.01 :before-memory 15.19 :after-memory 18.77)
Propagating: 0 1 2  ! 3 
(spacer::context::propagate :time 0.00 :before-memory 18.77 :after-memory 19.26)
Entering level 3
expand: query!0 (3, 0) FAR  w(0) 1.
	create_child: main@entry!_BAD (2, 3) FAR 1 U 0.00
expand: main@entry!_BAD (2, 0) FAR  w(0) 1.
	create_child: main@entry (1, 3) FAR 1 U 0.00
expand: main@entry (1, 0) FAR  w(0) 1.
	create_child: main@_69 (0, 3) FAR 33439 U 0.03
expand: main@_69 (0, 0) FAR  w(0) 33439. F 0.00
expand: main@entry (1, 0) FAR  w(0) 1.
	create_child: main@.critedge2 (0, 3) FAR 33105 UNDEF 0.01
expand: main@.critedge2 (0, 0) FAR  w(0) 33105. UNDEF 0.01
expand: main@.critedge2 (0, 0) FAR  w(1) 33105. T 0.00
is-reachable: main@entry (1, 0) FAR 1 F 0.00
expand: main@entry (1, 0) FAR  w(1) 1.
	create_child: main@.critedge2 (0, 3) FAR 40112 U 0.01
expand: main@.critedge2 (0, 0) FAR  w(0) 40112. F 0.04
expand: main@entry (1, 0) FAR  w(1) 1.
	create_child: main@.critedge2 (0, 3) FAR 43042 U 0.01
expand: main@.critedge2 (0, 0) FAR  w(0) 43042. F 0.03
expand: main@entry (1, 0) FAR  w(1) 1.
	create_child: main@.critedge2 (0, 3) FAR 44149 U 0.01
expand: main@.critedge2 (0, 0) FAR  w(0) 44149. F 0.02
expand: main@entry (1, 0) FAR  w(1) 1.
	create_child: main@.critedge2 (0, 3) FAR 44408 U 0.01
expand: main@.critedge2 (0, 0) FAR  w(0) 44408. F 0.02
expand: main@entry (1, 0) FAR  w(1) 1.
	create_child: main@.critedge2 (0, 3) FAR 46354 U 0.01
expand: main@.critedge2 (0, 0) FAR  w(0) 46354. F 0.03
expand: main@entry (1, 0) FAR  w(1) 1.
	create_child: main@.critedge2 (0, 3) FAR 46666 U 0.01
expand: main@.critedge2 (0, 0) FAR  w(0) 46666. F 0.01
expand: main@entry (1, 0) FAR  w(1) 1.
	create_child: main@.critedge2 (0, 3) FAR 47399 U 0.01
expand: main@.critedge2 (0, 0) FAR  w(0) 47399. F 0.03
expand: main@entry (1, 0) FAR  w(1) 1


FAILED TO FIND COEFFICIENT





FAILED TO FIND COEFFICIENT


. F 0.01
expand: main@entry!_BAD (2, 0) FAR  w(0) 1. F 0.00
expand: query!0 (3, 0) FAR  w(0) 1. F 0.00
(spacer::context::check_reachability :time 0.30 :before-memory 19.26 :after-memory 26.24)
Propagating: 0 1 2 3  ! 4 
(spacer::context::propagate :time 0.00 :before-memory 26.24 :after-memory 26.24)
Entering level 4
expand: query!0 (4, 0) FAR  w(0) 1.
	create_child: main@entry!_BAD (3, 4) FAR 1 U 0.00
expand: main@entry!_BAD (3, 0) FAR  w(0) 1.
	create_child: main@entry (2, 4) FAR 1 U 0.00
expand: main@entry (2, 0) FAR  w(0) 1.
	create_child: main@_69 (1, 4) FAR 33439 U 0.01
expand: main@_69 (1, 0) FAR  w(0) 33439.
	create_child: main@_69!_Cond (0, 4) FAR 49784 U 0.00
expand: main@_69!_Cond (0, 0) FAR  w(0) 49784. F 0.01
expand: main@_69 (1, 0) FAR  w(0) 33439. F 0.00
expand: main@entry (2, 0) FAR  w(0) 1


FAILED TO FIND COEFFICIENT





FAILED TO FIND COEFFICIENT


. F 0.00
expand: main@entry!_BAD (3, 0) FAR  w(0) 1. F 0.00
expand: query!0 (4, 0) FAR  w(0) 1. F 0.00
(spacer::context::check_reachability :time 0.02 :before-memory 26.24 :after-memory 28.70)
Propagating: 0 1 2 3 4  ! 5 
(spacer::context::propagate :time 0.00 :before-memory 28.70 :after-memory 28.99)
Entering level 5
expand: query!0 (5, 0) FAR  w(0) 1.
	create_child: main@entry!_BAD (4, 5) FAR 1 U 0.00
expand: main@entry!_BAD (4, 0) FAR  w(0) 1.
	create_child: main@entry (3, 5) FAR 1 U 0.00
expand: main@entry (3, 0) FAR  w(0) 1.
	create_child: main@_69 (2, 5) FAR 33439 U 0.01
expand: main@_69 (2, 0) FAR  w(0) 33439.
	create_child: main@_69!_Cond (1, 5) FAR 49784 U 0.00
expand: main@_69!_Cond (1, 0) FAR  w(0) 49784.
	create_child: main@.critedge2 (0, 5) FAR 53651 U 0.01
expand: main@.critedge2 (0, 0) FAR  w(0) 53651


FAILED TO FIND COEFFICIENT





FAILED TO FIND COEFFICIENT


. F 0.04
expand: main@_69!_Cond (1, 0) FAR  w(0) 49784. F 0.02
expand: main@_69 (2, 0) FAR  w(0) 33439. F 0.01
expand: main@entry (3, 0) FAR  w(0) 1.
	create_child: main@_69 (2, 5) FAR 54416 U 0.01
expand: main@_69 (2, 0) FAR  w(0) 54416.
	create_child: main@_69!_Cond (1, 5) FAR 54474 U 0.00
expand: main@_69!_Cond (1, 0) FAR  w(0) 54474.
	create_child: main@.critedge2 (0, 5) FAR 55782 U 0.01
expand: main@.critedge2 (0, 0) FAR  w(0) 55782


FAILED TO FIND COEFFICIENT





FAILED TO FIND COEFFICIENT


. F 0.04
expand: main@_69!_Cond (1, 0) FAR  w(0) 54474. F 0.03
expand: main@_69 (2, 0) FAR  w(0) 54416


FAILED TO FIND COEFFICIENT





FAILED TO FIND COEFFICIENT


. F 0.01
expand: main@entry (3, 0) FAR  w(0) 1.
	create_child: main@_69 (2, 5) FAR 57319 U 0.01
expand: main@_69 (2, 0) FAR  w(0) 57319.
	create_child: main@_69!_Cond (1, 5) FAR 57217 U 0.00
expand: main@_69!_Cond (1, 0) FAR  w(0) 57217.
	create_child: main@.critedge2 (0, 5) FAR 57065 U 0.00
expand: main@.critedge2 (0, 0) FAR  w(0) 57065


FAILED TO FIND COEFFICIENT





FAILED TO FIND COEFFICIENT


. F 0.03
expand: main@_69!_Cond (1, 0) FAR  w(0) 57217. F 0.02
expand: main@_69 (2, 0) FAR  w(0) 57319


FAILED TO FIND COEFFICIENT





FAILED TO FIND COEFFICIENT


. F 0.01
expand: main@entry (3, 0) FAR  w(0) 1.
	create_child: main@_69 (2, 5) FAR 56599 U 0.01
expand: main@_69 (2, 0) FAR  w(0) 56599.
	create_child: main@_69!_Cond (1, 5) FAR 56700 U 0.00
expand: main@_69!_Cond (1, 0) FAR  w(0) 56700.
	create_child: main@.critedge2 (0, 5) FAR 57601 U 0.00
expand: main@.critedge2 (0, 0) FAR  w(0) 57601


FAILED TO FIND COEFFICIENT





FAILED TO FIND COEFFICIENT


. F 0.04
expand: main@_69!_Cond (1, 0) FAR  w(0) 56700. F 0.03
expand: main@_69 (2, 0) FAR  w(0) 56599


FAILED TO FIND COEFFICIENT





FAILED TO FIND COEFFICIENT


. F 0.01
expand: main@entry (3, 0) FAR  w(0) 1


FAILED TO FIND COEFFICIENT





FAILED TO FIND COEFFICIENT


. F 0.01
expand: main@entry!_BAD (4, 0) FAR  w(0) 1. F 0.00
expand: query!0 (5, 0) FAR  w(0) 1. F 0.00
(spacer::context::check_reachability :time 0.38 :before-memory 28.99 :after-memory 30.36)
Propagating: 0 1 2 
(spacer::context::propagate :time 0.00 :before-memory 30.36 :after-memory 30.36)
(define-fun main@entry!_BAD () Bool
  false)
(define-fun main@_69 ((x!0 (Array Int Int))
 (x!1 Int)
 (x!2 Int)
 (x!3 (Array Int Int))
 (x!4 Int)
 (x!5 (Array Int Int))
 (x!6 Int)
 (x!7 (Array Int Int))
 (x!8 Int)
 (x!9 (Array Int Int))
 (x!10 (Array Int Int))
 (x!11 Int)
 (x!12 (Array Int Int))
 (x!13 Int)
 (x!14 (Array Int Int))
 (x!15 Int)
 (x!16 (Array Int Int))
 (x!17 Int)
 (x!18 (Array Int Int))
 (x!19 Int)
 (x!20 (Array Int Int))
 (x!21 Int)
 (x!22 (Array Int Int))
 (x!23 Int)
 (x!24 (Array Int Int))
 (x!25 Int)
 (x!26 Int)
 (x!27 Int)) Bool
  (let ((a!1 (not (= (select x!9 (+ 8 x!2)) 640)))
        (a!2 (>= (+ (select x!24 x!25) (* (- 1) (select x!22 x!23))) 100))
        (a!3 (not (= (select x!9 (+ 12 x!2)) 740)))
        (a!4 (not (= (select x!9 (+ 4 x!2)) 500)))
        (a!7 (>= (+ (select x!24 x!25) (* (- 1) (select x!22 x!23))) 0)))
  (let ((a!5 (or (<= (select x!10 x!11) 0)
                 (<= (select x!7 x!8) 0)
                 a!1
                 (not (= (select x!9 x!2) 400))
                 (not (<= (select x!12 x!13) 600))
                 (not (>= (select x!14 x!15) 601))
                 (not a!2)
                 a!3
                 a!4
                 (not (= (select x!5 x!6) 0))))
        (a!6 (or (<= (select x!10 x!11) 0)
                 a!1
                 (not (= (select x!9 x!2) 400))
                 (not (<= (select x!12 x!13) 600))
                 (not (>= (select x!14 x!15) 601))
                 (not a!2)
                 a!3
                 (not (<= (select x!3 x!4) 0))
                 a!4))
        (a!8 (or (<= (select x!10 x!11) 0)
                 a!1
                 (not (= (select x!9 x!2) 400))
                 (not (<= (select x!12 x!13) 600))
                 (not (>= (select x!14 x!15) 601))
                 a!3
                 (not (<= (select x!3 x!4) 0))
                 (not a!7)
                 a!4
                 (not (= (select x!20 x!21) 0))))
        (a!9 (or (<= (select x!10 x!11) 0)
                 (<= (select x!7 x!8) 0)
                 a!1
                 (not (= (select x!9 x!2) 400))
                 (not (<= (select x!12 x!13) 600))
                 (not (>= (select x!14 x!15) 601))
                 a!3
                 (not a!7)
                 a!4
                 (not (= (select x!5 x!6) 0))
                 (not (= (select x!20 x!21) 0)))))
    (and a!5 a!6 a!8 a!9))))
(define-fun main@_69!_Cond ((x!0 Int)
 (x!1 Int)
 (x!2 Int)
 (x!3 Int)
 (x!4 Int)
 (x!5 Int)
 (x!6 Int)
 (x!7 Int)
 (x!8 Int)
 (x!9 Int)
 (x!10 Int)
 (x!11 Int)
 (x!12 Int)
 (x!13 Int)
 (x!14 (Array Int Int))
 (x!15 (Array Int Int))
 (x!16 (Array Int Int))
 (x!17 (Array Int Int))
 (x!18 (Array Int Int))
 (x!19 (Array Int Int))
 (x!20 (Array Int Int))
 (x!21 (Array Int Int))
 (x!22 (Array Int Int))
 (x!23 (Array Int Int))
 (x!24 (Array Int Int))
 (x!25 (Array Int Int))
 (x!26 (Array Int Int))
 (x!27 Int)) Bool
  (let ((a!1 (not (= (select x!26 (+ 12 x!1)) 740)))
        (a!2 (>= (+ (select x!22 x!5) (* (- 1) (select x!21 x!4))) 0))
        (a!3 (not (= (select x!26 (+ 8 x!1)) 640)))
        (a!4 (not (= (select x!26 (+ 4 x!1)) 500)))
        (a!6 (>= (+ (select x!22 x!5) (* (- 1) (select x!21 x!4))) 100)))
  (let ((a!5 (or (not (= x!27 0))
                 (<= (select x!15 x!9) 0)
                 (<= (select x!16 x!12) 0)
                 (not (>= (select x!14 x!6) 601))
                 (not (<= (select x!18 x!10) 600))
                 a!1
                 (not (= (select x!26 x!1) 400))
                 (not (= (select x!25 x!3) 0))
                 (not a!2)
                 a!3
                 a!4
                 (not (= (select x!23 x!13) 0))))
        (a!7 (or (not (= x!27 0))
                 (<= (select x!15 x!9) 0)
                 (not (>= (select x!14 x!6) 601))
                 (not (<= (select x!18 x!10) 600))
                 (not a!6)
                 a!1
                 (not (<= (select x!24 x!11) 0))
                 (not (= (select x!26 x!1) 400))
                 a!3
                 a!4))
        (a!8 (or (not (= x!27 0))
                 (<= (select x!15 x!9) 0)
                 (not (>= (select x!14 x!6) 601))
                 (not (<= (select x!18 x!10) 600))
                 a!1
                 (not (<= (select x!24 x!11) 0))
                 (not (= (select x!26 x!1) 400))
                 (not (= (select x!25 x!3) 0))
                 (not a!2)
                 a!3
                 a!4))
        (a!9 (or (not (= x!27 0))
                 (<= (select x!15 x!9) 0)
                 (<= (select x!16 x!12) 0)
                 (not (>= (select x!14 x!6) 601))
                 (not (<= (select x!18 x!10) 600))
                 (not a!6)
                 a!1
                 (not (= (select x!26 x!1) 400))
                 a!3
                 a!4
                 (not (= (select x!23 x!13) 0)))))
    (and a!5 a!7 a!8 a!9))))
(define-fun main@.critedge ((x!0 (Array Int Int))
 (x!1 Int)
 (x!2 Int)
 (x!3 (Array Int Int))
 (x!4 Int)
 (x!5 (Array Int Int))
 (x!6 Int)
 (x!7 (Array Int Int))
 (x!8 Int)
 (x!9 (Array Int Int))
 (x!10 (Array Int Int))
 (x!11 Int)
 (x!12 (Array Int Int))
 (x!13 Int)
 (x!14 (Array Int Int))
 (x!15 Int)
 (x!16 (Array Int Int))
 (x!17 Int)
 (x!18 (Array Int Int))
 (x!19 Int)
 (x!20 (Array Int Int))
 (x!21 Int)
 (x!22 (Array Int Int))
 (x!23 Int)
 (x!24 (Array Int Int))
 (x!25 Int)
 (x!26 Int)) Bool
  true)
(define-fun main@.critedge2 ((x!0 (Array Int Int))
 (x!1 Int)
 (x!2 Int)
 (x!3 (Array Int Int))
 (x!4 Int)
 (x!5 (Array Int Int))
 (x!6 Int)
 (x!7 (Array Int Int))
 (x!8 Int)
 (x!9 (Array Int Int))
 (x!10 (Array Int Int))
 (x!11 Int)
 (x!12 (Array Int Int))
 (x!13 Int)
 (x!14 (Array Int Int))
 (x!15 Int)
 (x!16 Int)
 (x!17 (Array Int Int))
 (x!18 Int)
 (x!19 (Array Int Int))
 (x!20 Int)
 (x!21 (Array Int Int))
 (x!22 Int)
 (x!23 (Array Int Int))
 (x!24 Int)
 (x!25 (Array Int Int))
 (x!26 Int)) Bool
  (let ((a!1 (not (= (select x!9 (+ 4 x!2)) 500)))
        (a!2 (not (= (select x!9 (+ 8 x!2)) 640)))
        (a!3 (not (= (select x!9 (+ 12 x!2)) 740)))
        (a!4 (>= (+ (select x!25 x!26) (* (- 1) (select x!23 x!24))) 100))
        (a!6 (<= (+ (select x!19 x!20) (* (- 1) (select x!17 x!18))) 0))
        (a!7 (<= (+ (select x!25 x!26) (* (- 1) (select x!23 x!24))) 99))
        (a!8 (select x!9 (+ x!2 (* 4 (select x!0 x!1)))))
        (a!9 (not (<= (select x!9 (+ 8 x!2)) 640)))
        (a!10 (not (<= (select x!9 (+ 12 x!2)) 740)))
        (a!11 (not (<= (select x!9 (+ 4 x!2)) 500)))
        (a!14 (>= (+ (select x!17 x!18) (* (- 1) (select x!19 x!20))) 0))
        (a!15 (>= (+ (select x!25 x!26) (* (- 1) (select x!23 x!24))) 0))
        (a!19 (not (>= (select x!9 (+ 12 x!2)) 740)))
        (a!20 (not (>= (select x!9 (+ 4 x!2)) 500)))
        (a!21 (not (>= (select x!9 (+ 8 x!2)) 640))))
  (let ((a!5 (or (not (= x!16 0))
                 (<= (select x!10 x!11) 0)
                 (<= (select x!7 x!8) 0)
                 a!1
                 a!2
                 (not (= (select x!9 x!2) 400))
                 (not (<= (select x!12 x!13) 600))
                 (not (>= (select x!14 x!15) 601))
                 a!3
                 (not (= (select x!5 x!6) 0))
                 (not a!4)))
        (a!12 (or (<= (select x!10 x!11) 0)
                  (<= (select x!21 x!22) 0)
                  a!6
                  (not (<= (select x!3 x!4) 0))
                  (not (<= (select x!12 x!13) 600))
                  (not (>= (select x!14 x!15) 601))
                  (not a!7)
                  (>= (+ (select x!25 x!26) (* (- 1) a!8)) 0)
                  a!9
                  (<= x!16 0)
                  a!10
                  a!11
                  (not (<= (select x!9 x!2) 400))))
        (a!13 (or (<= (select x!10 x!11) 0)
                  (<= (select x!7 x!8) 0)
                  (<= (select x!21 x!22) 0)
                  a!6
                  (not (<= (select x!12 x!13) 600))
                  (not (>= (select x!14 x!15) 601))
                  (not a!7)
                  (>= (+ (select x!25 x!26) (* (- 1) a!8)) 0)
                  a!9
                  (<= x!16 0)
                  a!10
                  a!11
                  (not (<= (select x!9 x!2) 400))
                  (not (= (select x!5 x!6) 0))))
        (a!16 (or (= x!16 0)
                  (<= (select x!10 x!11) 0)
                  a!6
                  (not (<= (select x!3 x!4) 0))
                  (not (<= (select x!12 x!13) 600))
                  (not (>= (select x!14 x!15) 601))
                  (>= (+ (select x!25 x!26) (* (- 1) a!8)) 0)
                  a!9
                  a!10
                  a!11
                  (not (<= (select x!9 x!2) 400))
                  a!15))
        (a!17 (or (= x!16 0)
                  (<= (select x!10 x!11) 0)
                  (<= (select x!7 x!8) 0)
                  a!6
                  (not (<= (select x!12 x!13) 600))
                  (not (>= (select x!14 x!15) 601))
                  (>= (+ (select x!25 x!26) (* (- 1) a!8)) 0)
                  a!9
                  a!10
                  a!11
                  (not (<= (select x!9 x!2) 400))
                  (not (= (select x!5 x!6) 0))
                  a!15))
        (a!18 (not (>= (+ (select x!25 x!26) (* (- 1) a!8)) 0)))
        (a!23 (or (not (= x!16 0))
                  (<= (select x!10 x!11) 0)
                  a!1
                  a!2
                  (not (= (select x!9 x!2) 400))
                  (not (<= (select x!3 x!4) 0))
                  (not (<= (select x!12 x!13) 600))
                  (not (>= (select x!14 x!15) 601))
                  a!3
                  (not a!4)))
        (a!24 (or (not (= x!16 0))
                  (<= (select x!10 x!11) 0)
                  (not (= (select x!21 x!22) 0))
                  a!1
                  a!2
                  (not (= (select x!9 x!2) 400))
                  (not (<= (select x!3 x!4) 0))
                  (not (<= (select x!12 x!13) 600))
                  (not (>= (select x!14 x!15) 601))
                  a!3
                  (not a!15)))
        (a!25 (or (not (= x!16 0))
                  (<= (select x!10 x!11) 0)
                  (not (= (select x!21 x!22) 0))
                  (<= (select x!7 x!8) 0)
                  a!1
                  a!2
                  (not (= (select x!9 x!2) 400))
                  (not (<= (select x!12 x!13) 600))
                  (not (>= (select x!14 x!15) 601))
                  a!3
                  (not (= (select x!5 x!6) 0))
                  (not a!15))))
  (let ((a!22 (or (not (= x!16 0))
                  a!18
                  a!6
                  a!19
                  a!20
                  a!21
                  (not (>= (select x!9 x!2) 400)))))
    (and a!5
         a!12
         a!13
         (or (not (= x!16 0)) (<= (select x!21 x!22) 0) (not a!14) (not a!7))
         a!16
         a!17
         (or (not (= x!16 0)) (not a!14) a!15)
         a!22
         a!23
         a!24
         a!25)))))
(define-fun main@entry ((x!0 Int) (x!1 Int) (x!2 (Array Int Int)) (x!3 Int)) Bool
  false)
