./repairExamples_02-08-01-11-57/forwardSl//sv-comp/ssh-simplified/s3_srvr_1b_cil.fwd.sl:1.9: No set-logic command was given before this point.
./repairExamples_02-08-01-11-57/forwardSl//sv-comp/ssh-simplified/s3_srvr_1b_cil.fwd.sl:1.9: cvc5 will make all theories available.
./repairExamples_02-08-01-11-57/forwardSl//sv-comp/ssh-simplified/s3_srvr_1b_cil.fwd.sl:1.9: Consider setting a stricter logic for (likely) better performance.
./repairExamples_02-08-01-11-57/forwardSl//sv-comp/ssh-simplified/s3_srvr_1b_cil.fwd.sl:1.9: To suppress this warning in the future use (set-logic ALL).
(
(define-fun verifier.error ((x0 Bool) (x1 Bool) (x2 Bool)) Bool true)
(define-fun mainventry ((x0 Int)) Bool true)
(define-fun mainvempty.loop ((x0 Int) (x1 Int) (x2 Int) (x3 Int) (x4 Bool) (x5 Int)) Bool true)
(define-fun mainvNodeBlock13.i ((x0 Int) (x1 Int) (x2 Int) (x3 Int) (x4 Int) (x5 Int) (x6 Bool) (x7 Int)) Bool true)
(define-fun mainvNodeBlock11.i ((x0 Int) (x1 Int) (x2 Int) (x3 Int) (x4 Int) (x5 Int) (x6 Bool) (x7 Int)) Bool true)
(define-fun mainvNodeBlock20.i ((x0 Int) (x1 Int) (x2 Int) (x3 Int) (x4 Int) (x5 Bool) (x6 Int)) Bool false)
(define-fun mainvLeafBlock9.i ((x0 Int) (x1 Int) (x2 Int) (x3 Int) (x4 Int) (x5 Int) (x6 Bool) (x7 Int)) Bool true)
(define-fun mainvNodeBlock.i ((x0 Int) (x1 Int) (x2 Int) (x3 Int) (x4 Int) (x5 Int) (x6 Bool) (x7 Int)) Bool false)
(define-fun mainvLeafBlock7.i ((x0 Int) (x1 Int) (x2 Int) (x3 Int) (x4 Int) (x5 Int) (x6 Bool) (x7 Int)) Bool false)
(define-fun mainvLeafBlock.i ((x0 Int) (x1 Int) (x2 Int) (x3 Int) (x4 Int) (x5 Int) (x6 Bool) (x7 Int)) Bool true)
(define-fun mainv_12 ((x0 Int) (x1 Int) (x2 Int) (x3 Int) (x4 Int) (x5 Int) (x6 Bool) (x7 Int)) Bool true)
(define-fun mainvverifier.error () Bool false)
(define-fun mainvverifier.error.split () Bool false)
(define-fun mainvLeafBlock7.i!_Then ((x0 Bool) (x1 Int) (x2 Int) (x3 Int) (x4 Int) (x5 Int) (x6 Bool) (x7 Int) (x8 Int) (x9 Int)) Bool false)
(define-fun mainvLeafBlock7.i!_Else ((x0 Bool) (x1 Int) (x2 Int) (x3 Int) (x4 Int) (x5 Int) (x6 Bool) (x7 Int) (x8 Int) (x9 Int)) Bool true)
(define-fun mainventry!_BAD () Bool true)
(define-fun mainvLeafBlock7.i!_Cond ((x0 Bool) (x1 Int) (x2 Int) (x3 Int) (x4 Int) (x5 Int) (x6 Bool) (x7 Int) (x8 Int) (x9 Int)) Bool true)
(define-fun mainvNodeBlock.i!_Cond ((x0 Int) (x1 Int) (x2 Int) (x3 Int) (x4 Bool) (x5 Int) (x6 Int) (x7 Int)) Bool true)
(define-fun mainvNodeBlock11.i!_Cond ((x0 Int) (x1 Int) (x2 Int) (x3 Int) (x4 Bool) (x5 Int) (x6 Int) (x7 Int)) Bool false)
(define-fun mainv_12!_Cond ((x0 Int) (x1 Int) (x2 Int) (x3 Int) (x4 Bool) (x5 Int) (x6 Int) (x7 Int)) Bool true)
(define-fun mainvNodeBlock13.i!_Cond ((x0 Int) (x1 Int) (x2 Int) (x3 Int) (x4 Bool) (x5 Int) (x6 Int) (x7 Int)) Bool true)
)
