(transform N7datalog13mk_coi_filterE...no-op 0s)
(transform N7datalog25mk_interp_tail_simplifierE...9 rules 0.014s)
(transform N7datalog27mk_quantifier_instantiationE...no-op 0s)
(transform N7datalog8mk_scaleE...no-op 0s)
(transform N7datalog18mk_karr_invariantsE...no-op 0s)
(transform N7datalog14mk_array_blastE...no-op 0s)
(transform N7datalog16mk_elim_term_iteE...no-op 0s)
(transform N7datalog22mk_subsumption_checkerE...8 rules 0s)
(transform N7datalog12mk_bit_blastE...no-op 0s)
(transform N7datalog15mk_rule_inlinerE...no-op 0s)
(transform N7datalog13mk_coi_filterE...no-op 0s)
(transform N7datalog25mk_interp_tail_simplifierE...8 rules 0.001s)
(transform N7datalog22mk_subsumption_checkerE...no-op 0s)
(transform N7datalog15mk_rule_inlinerE...no-op 0s)
(transform N7datalog13mk_coi_filterE...no-op 0s)
(transform N7datalog25mk_interp_tail_simplifierE...8 rules 0.001s)
(transform N7datalog22mk_subsumption_checkerE...no-op 0s)
(transform N7datalog15mk_rule_inlinerE...no-op 0s)
(transform N7datalog22mk_subsumption_checkerE...no-op 0s)
(transform N7datalog15mk_rule_inlinerE...no-op 0s)
(transform N7datalog22mk_subsumption_checkerE...no-op 0s)
(transform N7datalog15mk_rule_inlinerE...no-op 0s)
(transform N7datalog22mk_subsumption_checkerE...no-op 0s)
expand: query!0 (0, 0) FAR  w(0) 1. F 0.00
(spacer::context::check_reachability :time 0.00 :before-memory 13.05 :after-memory 13.16)
Entering level 1
expand: query!0 (1, 0) FAR  w(0) 1.
	create_child: main@entry!_BAD (0, 1) FAR 1 U 0.00
expand: main@entry!_BAD (0, 0) FAR  w(0) 1. F 0.00
expand: query!0 (1, 0) FAR  w(0) 1. F 0.00
(spacer::context::check_reachability :time 0.00 :before-memory 13.16 :after-memory 13.36)
Propagating: 0 1  ! 2 
(spacer::context::propagate :time 0.00 :before-memory 13.36 :after-memory 13.36)
Entering level 2
expand: query!0 (2, 0) FAR  w(0) 1.
	create_child: main@entry!_BAD (1, 2) FAR 1 U 0.00
expand: main@entry!_BAD (1, 0) FAR  w(0) 1.
	create_child: main@entry (0, 2) FAR 1 U 0.00
expand: main@entry (0, 0) FAR  w(0) 1. F 0.00
expand: main@entry!_BAD (1, 0) FAR  w(0) 1. F 0.00
expand: query!0 (2, 0) FAR  w(0) 1. F 0.00
(spacer::context::check_reachability :time 0.00 :before-memory 13.36 :after-memory 13.66)
Propagating: 0 1 2  ! 3 
(spacer::context::propagate :time 0.00 :before-memory 13.66 :after-memory 13.66)
Entering level 3
expand: query!0 (3, 0) FAR  w(0) 1.
	create_child: main@entry!_BAD (2, 3) FAR 1 U 0.00
expand: main@entry!_BAD (2, 0) FAR  w(0) 1.
	create_child: main@entry (1, 3) FAR 1 U 0.00
expand: main@entry (1, 0) FAR  w(0) 1.
	create_child: main@entry!_Cond (0, 3) FAR 11825 U 0.00
expand: main@entry!_Cond (0, 0) FAR  w(0) 11825. F 0.00
expand: main@entry (1, 0) FAR  w(0) 1. F 0.00
expand: main@entry!_BAD (2, 0) FAR  w(0) 1. F 0.00
expand: query!0 (3, 0) FAR  w(0) 1. F 0.00
(spacer::context::check_reachability :time 0.00 :before-memory 13.66 :after-memory 14.04)
Propagating: 0 1 2 3  ! 4 
(spacer::context::propagate :time 0.00 :before-memory 14.04 :after-memory 14.04)
Entering level 4
expand: query!0 (4, 0) FAR  w(0) 1.
	create_child: main@entry!_BAD (3, 4) FAR 1 U 0.00
expand: main@entry!_BAD (3, 0) FAR  w(0) 1.
	create_child: main@entry (2, 4) FAR 1 U 0.00
expand: main@entry (2, 0) FAR  w(0) 1.
	create_child: main@entry!_Cond (1, 4) FAR 11825 U 0.00
expand: main@entry!_Cond (1, 0) FAR  w(0) 11825.
	create_child: main@_35 (0, 4) FAR 12342 U 0.00
expand: main@_35 (0, 0) FAR  w(0) 12342. F 0.00
expand: main@entry!_Cond (1, 0) FAR  w(0) 11825. F 0.00
expand: main@entry (2, 0) FAR  w(0) 1. F 0.00
expand: main@entry!_BAD (3, 0) FAR  w(0) 1. F 0.00
expand: query!0 (4, 0) FAR  w(0) 1. F 0.00
(spacer::context::check_reachability :time 0.00 :before-memory 14.04 :after-memory 14.93)
Propagating: 0 1 2 3 4  ! 5 
(spacer::context::propagate :time 0.00 :before-memory 14.93 :after-memory 15.03)
Entering level 5
expand: query!0 (5, 0) FAR  w(0) 1.
	create_child: main@entry!_BAD (4, 5) FAR 1 U 0.00
expand: main@entry!_BAD (4, 0) FAR  w(0) 1.
	create_child: main@entry (3, 5) FAR 1 U 0.00
expand: main@entry (3, 0) FAR  w(0) 1.
	create_child: main@entry!_Cond (2, 5) FAR 11825 U 0.00
expand: main@entry!_Cond (2, 0) FAR  w(0) 11825.
	create_child: main@_35 (1, 5) FAR 12342 U 0.00
expand: main@_35 (1, 0) FAR  w(0) 12342.
	create_child: main@NodeBlock90.i.i (0, 5) FAR 15290 U 0.00
expand: main@NodeBlock90.i.i (0, 0) FAR  w(0) 15290. F 0.01
expand: main@_35 (1, 0) FAR  w(0) 12342. F 0.00
expand: main@entry!_Cond (2, 0) FAR  w(0) 11825. F 0.00
expand: main@entry (3, 0) FAR  w(0) 1. F 0.00
expand: main@entry!_BAD (4, 0) FAR  w(0) 1. F 0.00
expand: query!0 (5, 0) FAR  w(0) 1. F 0.00
(spacer::context::check_reachability :time 0.02 :before-memory 15.03 :after-memory 18.55)
Propagating: 0 1 2 3 4 5  ! 6 
(spacer::context::propagate :time 0.01 :before-memory 18.55 :after-memory 18.75)
Entering level 6
expand: query!0 (6, 0) FAR  w(0) 1.
	create_child: main@entry!_BAD (5, 6) FAR 1 U 0.00
expand: main@entry!_BAD (5, 0) FAR  w(0) 1.
	create_child: main@entry (4, 6) FAR 1 U 0.00
expand: main@entry (4, 0) FAR  w(0) 1.
	create_child: main@entry!_Cond (3, 6) FAR 11825 U 0.00
expand: main@entry!_Cond (3, 0) FAR  w(0) 11825.
	create_child: main@_35 (2, 6) FAR 12342 U 0.00
expand: main@_35 (2, 0) FAR  w(0) 12342.
	create_child: main@NodeBlock90.i.i (1, 6) FAR 15290 U 0.00
expand: main@NodeBlock90.i.i (1, 0) FAR  w(0) 15290.
	create_child: main@NodeBlock90.i.i (0, 6) FAR 26173 U 0.01
expand: main@NodeBlock90.i.i (0, 0) FAR  w(0) 26173. F 0.00
expand: main@NodeBlock90.i.i (1, 0) FAR  w(0) 15290. F 0.02
expand: main@_35 (2, 0) FAR  w(0) 12342. F 0.00
expand: main@entry!_Cond (3, 0) FAR  w(0) 11825. F 0.00
expand: main@entry (4, 0) FAR  w(0) 1. F 0.00
expand: main@entry!_BAD (5, 0) FAR  w(0) 1. F 0.00
expand: query!0 (6, 0) FAR  w(0) 1. F 0.00
(spacer::context::check_reachability :time 0.03 :before-memory 18.75 :after-memory 19.40)
Propagating: 0 1 2 3 4 5 6  ! 7 
(spacer::context::propagate :time 0.00 :before-memory 19.40 :after-memory 19.40)
Entering level 7
expand: query!0 (7, 0) FAR  w(0) 1.
	create_child: main@entry!_BAD (6, 7) FAR 1 U 0.00
expand: main@entry!_BAD (6, 0) FAR  w(0) 1.
	create_child: main@entry (5, 7) FAR 1 U 0.00
expand: main@entry (5, 0) FAR  w(0) 1.
	create_child: main@entry!_Cond (4, 7) FAR 11825 U 0.00
expand: main@entry!_Cond (4, 0) FAR  w(0) 11825.
	create_child: main@_35 (3, 7) FAR 12342 U 0.00
expand: main@_35 (3, 0) FAR  w(0) 12342.
	create_child: main@NodeBlock90.i.i (2, 7) FAR 15290 U 0.00
expand: main@NodeBlock90.i.i (2, 0) FAR  w(0) 15290.
	create_child: main@NodeBlock90.i.i (1, 7) FAR 26173 U 0.00
expand: main@NodeBlock90.i.i (1, 0) FAR  w(0) 26173.
	create_child: main@NodeBlock90.i.i (0, 7) FAR 29065 UNDEF 0.00
expand: main@NodeBlock90.i.i (0, 0) FAR  w(0) 29065. F 0.00
expand: main@NodeBlock90.i.i (1, 0) FAR  w(0) 26173. F 0.01
expand: main@NodeBlock90.i.i (2, 0) FAR  w(0) 15290. F 0.01
expand: main@_35 (3, 0) FAR  w(0) 12342. F 0.00
expand: main@entry!_Cond (4, 0) FAR  w(0) 11825. F 0.00
expand: main@entry (5, 0) FAR  w(0) 1. F 0.00
expand: main@entry!_BAD (6, 0) FAR  w(0) 1. F 0.00
expand: query!0 (7, 0) FAR  w(0) 1. F 0.00
(spacer::context::check_reachability :time 0.04 :before-memory 19.40 :after-memory 19.87)
Propagating: 0 1 2 3 4 5 6 7  ! 8 
(spacer::context::propagate :time 0.01 :before-memory 19.87 :after-memory 19.87)
Entering level 8
expand: query!0 (8, 0) FAR  w(0) 1.
	create_child: main@entry!_BAD (7, 8) FAR 1 U 0.00
expand: main@entry!_BAD (7, 0) FAR  w(0) 1.
	create_child: main@entry (6, 8) FAR 1 U 0.00
expand: main@entry (6, 0) FAR  w(0) 1.
	create_child: main@entry!_Cond (5, 8) FAR 11825 U 0.00
expand: main@entry!_Cond (5, 0) FAR  w(0) 11825.
	create_child: main@_35 (4, 8) FAR 12342 U 0.00
expand: main@_35 (4, 0) FAR  w(0) 12342.
	create_child: main@NodeBlock90.i.i (3, 8) FAR 15290 U 0.00
expand: main@NodeBlock90.i.i (3, 0) FAR  w(0) 15290.
	create_child: main@NodeBlock90.i.i (2, 8) FAR 26173 U 0.00
expand: main@NodeBlock90.i.i (2, 0) FAR  w(0) 26173.
	create_child: main@NodeBlock90.i.i (1, 8) FAR 29065 U 0.00
expand: main@NodeBlock90.i.i (1, 0) FAR  w(0) 29065.
	create_child: main@NodeBlock90.i.i (0, 8) FAR 31908 U 0.00
expand: main@NodeBlock90.i.i (0, 0) FAR  w(0) 31908. F 0.00
expand: main@NodeBlock90.i.i (1, 0) FAR  w(0) 29065. F 0.01
expand: main@NodeBlock90.i.i (2, 0) FAR  w(0) 26173. F 0.01
expand: main@NodeBlock90.i.i (3, 0) FAR  w(0) 15290. F 0.01
expand: main@_35 (4, 0) FAR  w(0) 12342. F 0.00
expand: main@entry!_Cond (5, 0) FAR  w(0) 11825. F 0.00
expand: main@entry (6, 0) FAR  w(0) 1. F 0.00
expand: main@entry!_BAD (7, 0) FAR  w(0) 1. F 0.00
expand: query!0 (8, 0) FAR  w(0) 1. F 0.00
(spacer::context::check_reachability :time 0.05 :before-memory 19.87 :after-memory 20.23)
Propagating: 0 1 2 3 4 5 6 7 8  ! 9 
(spacer::context::propagate :time 0.01 :before-memory 20.23 :after-memory 20.23)
Entering level 9
expand: query!0 (9, 0) FAR  w(0) 1.
	create_child: main@entry!_BAD (8, 9) FAR 1 U 0.00
expand: main@entry!_BAD (8, 0) FAR  w(0) 1.
	create_child: main@entry (7, 9) FAR 1 U 0.00
expand: main@entry (7, 0) FAR  w(0) 1.
	create_child: main@entry!_Cond (6, 9) FAR 11825 U 0.00
expand: main@entry!_Cond (6, 0) FAR  w(0) 11825.
	create_child: main@_35 (5, 9) FAR 12342 U 0.00
expand: main@_35 (5, 0) FAR  w(0) 12342.
	create_child: main@NodeBlock90.i.i (4, 9) FAR 15290 U 0.00
expand: main@NodeBlock90.i.i (4, 0) FAR  w(0) 15290.
	create_child: main@NodeBlock90.i.i (3, 9) FAR 26173 U 0.00
expand: main@NodeBlock90.i.i (3, 0) FAR  w(0) 26173.
	create_child: main@NodeBlock90.i.i (2, 9) FAR 29065 U 0.00
expand: main@NodeBlock90.i.i (2, 0) FAR  w(0) 29065.
	create_child: main@NodeBlock90.i.i (1, 9) FAR 31908 U 0.00
expand: main@NodeBlock90.i.i (1, 0) FAR  w(0) 31908.
	create_child: main@NodeBlock90.i.i (0, 9) FAR 35140 UNDEF 0.01
expand: main@NodeBlock90.i.i (0, 0) FAR  w(0) 35140. UNDEF 0.00
expand: main@NodeBlock90.i.i (0, 0) FAR  w(1) 35140. T 0.00
is-reachable: main@NodeBlock90.i.i (1, 0) FAR 31908 F 0.00
expand: main@NodeBlock90.i.i (1, 0) FAR  w(1) 31908. T 0.00
is-reachable: main@NodeBlock90.i.i (2, 0) FAR 29065 F 0.00
expand: main@NodeBlock90.i.i (2, 0) FAR  w(1) 29065. T 0.00
is-reachable: main@NodeBlock90.i.i (3, 0) FAR 26173 F 0.00
expand: main@NodeBlock90.i.i (3, 0) FAR  w(1) 26173. T 0.00
is-reachable: main@NodeBlock90.i.i (4, 0) FAR 15290 F 0.00
expand: main@NodeBlock90.i.i (4, 0) FAR  w(1) 15290. T 0.00
is-reachable: main@_35 (5, 0) FAR 12342 F 0.00
expand: main@_35 (5, 0) FAR  w(1) 12342.
	create_child: main@_33 (5, 9) FAR 36071 X 0.00
expand: main@_33 (5, 0) FAR  w(0) 36071. F 0.00
expand: main@entry!_Cond (6, 0) FAR  w(0) 11825. F 0.00
expand: main@entry (7, 0) FAR  w(0) 1. F 0.00
expand: main@entry!_BAD (8, 0) FAR  w(0) 1. F 0.00
expand: query!0 (9, 0) FAR  w(0) 1. F 0.00
(spacer::context::check_reachability :time 0.05 :before-memory 20.23 :after-memory 22.18)
Propagating: 5 6 7 8 9  ! 10 
(spacer::context::propagate :time 0.00 :before-memory 22.18 :after-memory 22.18)
Entering level 10
expand: query!0 (10, 0) FAR  w(0) 1.
	create_child: main@entry!_BAD (9, 10) FAR 1 U 0.00
expand: main@entry!_BAD (9, 0) FAR  w(0) 1.
	create_child: main@entry (8, 10) FAR 1 U 0.00
expand: main@entry (8, 0) FAR  w(0) 1.
	create_child: main@entry!_Cond (7, 10) FAR 11825 U 0.00
expand: main@entry!_Cond (7, 0) FAR  w(0) 11825.
	create_child: main@_33 (6, 10) FAR 36071 U 0.00
expand: main@_33 (6, 0) FAR  w(0) 36071. T 0.00
is-reachable: main@entry!_Cond (7, 0) FAR 11825 T 0.00
is-reachable: main@entry (8, 0) FAR 1 T 0.00
is-reachable: main@entry!_BAD (9, 0) FAR 1 T 0.00
is-reachable: query!0 (10, 0) FAR 1 T 0.00
(spacer::context::check_reachability :time 0.00 :before-memory 22.18 :after-memory 22.57)
