(transform N7datalog13mk_coi_filterE...no-op 0s)
(transform N7datalog25mk_interp_tail_simplifierE...15 rules 0.019s)
(transform N7datalog27mk_quantifier_instantiationE...no-op 0s)
(transform N7datalog8mk_scaleE...no-op 0s)
(transform N7datalog18mk_karr_invariantsE...no-op 0s)
(transform N7datalog14mk_array_blastE...no-op 0s)
(transform N7datalog16mk_elim_term_iteE...no-op 0s)
(transform N7datalog22mk_subsumption_checkerE...13 rules 0s)
(transform N7datalog12mk_bit_blastE...no-op 0s)
(transform N7datalog15mk_rule_inlinerE...no-op 0s)
(transform N7datalog13mk_coi_filterE...no-op 0s)
(transform N7datalog25mk_interp_tail_simplifierE...13 rules 0.001s)
(transform N7datalog22mk_subsumption_checkerE...no-op 0s)
(transform N7datalog15mk_rule_inlinerE...no-op 0s)
(transform N7datalog13mk_coi_filterE...no-op 0s)
(transform N7datalog25mk_interp_tail_simplifierE...13 rules 0.001s)
(transform N7datalog22mk_subsumption_checkerE...no-op 0s)
(transform N7datalog15mk_rule_inlinerE...no-op 0s)
(transform N7datalog22mk_subsumption_checkerE...no-op 0s)
(transform N7datalog15mk_rule_inlinerE...no-op 0s)
(transform N7datalog22mk_subsumption_checkerE...no-op 0s)
(transform N7datalog15mk_rule_inlinerE...no-op 0s)
(transform N7datalog22mk_subsumption_checkerE...no-op 0s)
expand: query!0 (0, 0) FAR  w(0) 1. F 0.00
(spacer::context::check_reachability :time 0.00 :before-memory 15.38 :after-memory 15.58)
Entering level 1
expand: query!0 (1, 0) FAR  w(0) 1.
	create_child: main@entry!_BAD (0, 1) FAR 1 U 0.00
expand: main@entry!_BAD (0, 0) FAR  w(0) 1. F 0.00
expand: query!0 (1, 0) FAR  w(0) 1. F 0.00
(spacer::context::check_reachability :time 0.00 :before-memory 15.58 :after-memory 15.79)
Propagating: 0 1  ! 2 
(spacer::context::propagate :time 0.00 :before-memory 15.79 :after-memory 15.79)
Entering level 2
expand: query!0 (2, 0) FAR  w(0) 1.
	create_child: main@entry!_BAD (1, 2) FAR 1 U 0.00
expand: main@entry!_BAD (1, 0) FAR  w(0) 1.
	create_child: main@entry (0, 2) FAR 1 U 0.00
expand: main@entry (0, 0) FAR  w(0) 1. F 0.00
expand: main@entry!_BAD (1, 0) FAR  w(0) 1. F 0.00
expand: query!0 (2, 0) FAR  w(0) 1. F 0.00
(spacer::context::check_reachability :time 0.00 :before-memory 15.79 :after-memory 16.23)
Propagating: 0 1 2  ! 3 
(spacer::context::propagate :time 0.00 :before-memory 16.23 :after-memory 16.23)
Entering level 3
expand: query!0 (3, 0) FAR  w(0) 1.
	create_child: main@entry!_BAD (2, 3) FAR 1 U 0.00
expand: main@entry!_BAD (2, 0) FAR  w(0) 1.
	create_child: main@entry (1, 3) FAR 1 U 0.00
expand: main@entry (1, 0) FAR  w(0) 1.
	create_child: main@empty.loop (0, 3) FAR 15417 U 0.00
expand: main@empty.loop (0, 0) FAR  w(0) 15417. F 0.00
expand: main@entry (1, 0) FAR  w(0) 1. F 0.00
expand: main@entry!_BAD (2, 0) FAR  w(0) 1. F 0.00
expand: query!0 (3, 0) FAR  w(0) 1. F 0.00
(spacer::context::check_reachability :time 0.00 :before-memory 16.23 :after-memory 16.96)
Propagating: 0 1 2 3  ! 4 
(spacer::context::propagate :time 0.00 :before-memory 16.96 :after-memory 17.05)
Entering level 4
expand: query!0 (4, 0) FAR  w(0) 1.
	create_child: main@entry!_BAD (3, 4) FAR 1 U 0.00
expand: main@entry!_BAD (3, 0) FAR  w(0) 1.
	create_child: main@entry (2, 4) FAR 1 U 0.00
expand: main@entry (2, 0) FAR  w(0) 1.
	create_child: main@empty.loop (1, 4) FAR 15417 U 0.00
expand: main@empty.loop (1, 0) FAR  w(0) 15417.
	create_child: main@NodeBlock95.i.i (0, 4) FAR 17466 U 0.00
expand: main@NodeBlock95.i.i (0, 0) FAR  w(0) 17466. F 0.01
expand: main@empty.loop (1, 0) FAR  w(0) 15417. F 0.00
expand: main@entry (2, 0) FAR  w(0) 1. F 0.00
expand: main@entry!_BAD (3, 0) FAR  w(0) 1. F 0.00
expand: query!0 (4, 0) FAR  w(0) 1. F 0.00
(spacer::context::check_reachability :time 0.02 :before-memory 17.05 :after-memory 20.86)
Propagating: 0 1 2 3 4  ! 5 
(spacer::context::propagate :time 0.00 :before-memory 20.86 :after-memory 21.15)
Entering level 5
expand: query!0 (5, 0) FAR  w(0) 1.
	create_child: main@entry!_BAD (4, 5) FAR 1 U 0.00
expand: main@entry!_BAD (4, 0) FAR  w(0) 1.
	create_child: main@entry (3, 5) FAR 1 U 0.00
expand: main@entry (3, 0) FAR  w(0) 1.
	create_child: main@empty.loop (2, 5) FAR 15417 U 0.00
expand: main@empty.loop (2, 0) FAR  w(0) 15417.
	create_child: main@NodeBlock95.i.i (1, 5) FAR 17466 U 0.00
expand: main@NodeBlock95.i.i (1, 0) FAR  w(0) 17466.
	create_child: main@_122 (0, 5) FAR 30126 U 0.00
expand: main@_122 (0, 0) FAR  w(0) 30126. F 0.00
expand: main@NodeBlock95.i.i (1, 0) FAR  w(0) 17466.
	create_child: main@NodeBlock95.i.i (0, 5) FAR 31475 U 0.00
expand: main@NodeBlock95.i.i (0, 0) FAR  w(0) 31475. F 0.00
expand: main@NodeBlock95.i.i (1, 0) FAR  w(0) 17466. F 0.02
expand: main@empty.loop (2, 0) FAR  w(0) 15417. F 0.00
expand: main@entry (3, 0) FAR  w(0) 1. F 0.00
expand: main@entry!_BAD (4, 0) FAR  w(0) 1. F 0.00
expand: query!0 (5, 0) FAR  w(0) 1. F 0.00
(spacer::context::check_reachability :time 0.04 :before-memory 21.15 :after-memory 22.98)
Propagating: 0 1 2 3 4 5  ! 6 
(spacer::context::propagate :time 0.01 :before-memory 22.98 :after-memory 23.07)
Entering level 6
expand: query!0 (6, 0) FAR  w(0) 1.
	create_child: main@entry!_BAD (5, 6) FAR 1 U 0.00
expand: main@entry!_BAD (5, 0) FAR  w(0) 1.
	create_child: main@entry (4, 6) FAR 1 U 0.00
expand: main@entry (4, 0) FAR  w(0) 1.
	create_child: main@empty.loop (3, 6) FAR 15417 U 0.00
expand: main@empty.loop (3, 0) FAR  w(0) 15417.
	create_child: main@NodeBlock95.i.i (2, 6) FAR 17466 U 0.00
expand: main@NodeBlock95.i.i (2, 0) FAR  w(0) 17466.
	create_child: main@_122 (1, 6) FAR 30126 U 0.00
expand: main@_122 (1, 0) FAR  w(0) 30126. F 0.00
expand: main@NodeBlock95.i.i (2, 0) FAR  w(0) 17466.
	create_child: main@NodeBlock95.i.i (1, 6) FAR 31475 U 0.00
expand: main@NodeBlock95.i.i (1, 0) FAR  w(0) 31475. T 0.00
is-reachable: main@NodeBlock95.i.i (2, 0) FAR 17466 T 0.00
is-reachable: main@empty.loop (3, 0) FAR 15417 T 0.00
is-reachable: main@entry (4, 0) FAR 1 T 0.00
is-reachable: main@entry!_BAD (5, 0) FAR 1 T 0.00
is-reachable: query!0 (6, 0) FAR 1 T 0.00
(spacer::context::check_reachability :time 0.02 :before-memory 23.07 :after-memory 23.36)
