(transform N7datalog13mk_coi_filterE...no-op 0s)
(transform N7datalog25mk_interp_tail_simplifierE...13 rules 0.022s)
(transform N7datalog27mk_quantifier_instantiationE...no-op 0s)
(transform N7datalog8mk_scaleE...no-op 0s)
(transform N7datalog18mk_karr_invariantsE...no-op 0s)
(transform N7datalog14mk_array_blastE...no-op 0s)
(transform N7datalog16mk_elim_term_iteE...no-op 0s)
(transform N7datalog22mk_subsumption_checkerE...11 rules 0s)
(transform N7datalog12mk_bit_blastE...no-op 0s)
(transform N7datalog15mk_rule_inlinerE...no-op 0s)
(transform N7datalog13mk_coi_filterE...no-op 0s)
(transform N7datalog25mk_interp_tail_simplifierE...11 rules 0.001s)
(transform N7datalog22mk_subsumption_checkerE...no-op 0s)
(transform N7datalog15mk_rule_inlinerE...no-op 0s)
(transform N7datalog13mk_coi_filterE...no-op 0s)
(transform N7datalog25mk_interp_tail_simplifierE...11 rules 0.001s)
(transform N7datalog22mk_subsumption_checkerE...no-op 0s)
(transform N7datalog15mk_rule_inlinerE...no-op 0s)
(transform N7datalog22mk_subsumption_checkerE...no-op 0s)
(transform N7datalog15mk_rule_inlinerE...no-op 0s)
(transform N7datalog22mk_subsumption_checkerE...no-op 0s)
(transform N7datalog15mk_rule_inlinerE...no-op 0s)
(transform N7datalog22mk_subsumption_checkerE...no-op 0s)
expand: query!0 (0, 0) FAR  w(0) 1. F 0.00
(spacer::context::check_reachability :time 0.00 :before-memory 15.26 :after-memory 15.36)
Entering level 1
expand: query!0 (1, 0) FAR  w(0) 1.
	create_child: main@entry!_BAD (0, 1) FAR 1 U 0.00
expand: main@entry!_BAD (0, 0) FAR  w(0) 1. F 0.00
expand: query!0 (1, 0) FAR  w(0) 1. F 0.00
(spacer::context::check_reachability :time 0.00 :before-memory 15.36 :after-memory 15.65)
Propagating: 0 1  ! 2 
(spacer::context::propagate :time 0.00 :before-memory 15.65 :after-memory 15.65)
Entering level 2
expand: query!0 (2, 0) FAR  w(0) 1.
	create_child: main@entry!_BAD (1, 2) FAR 1 U 0.00
expand: main@entry!_BAD (1, 0) FAR  w(0) 1.
	create_child: main@entry (0, 2) FAR 1 U 0.00
expand: main@entry (0, 0) FAR  w(0) 1. F 0.00
expand: main@entry!_BAD (1, 0) FAR  w(0) 1. F 0.00
expand: query!0 (2, 0) FAR  w(0) 1. F 0.00
(spacer::context::check_reachability :time 0.00 :before-memory 15.65 :after-memory 16.05)
Propagating: 0 1 2  ! 3 
(spacer::context::propagate :time 0.00 :before-memory 16.05 :after-memory 16.05)
Entering level 3
expand: query!0 (3, 0) FAR  w(0) 1.
	create_child: main@entry!_BAD (2, 3) FAR 1 U 0.00
expand: main@entry!_BAD (2, 0) FAR  w(0) 1.
	create_child: main@entry (1, 3) FAR 1 U 0.00
expand: main@entry (1, 0) FAR  w(0) 1.
	create_child: main@empty.loop (0, 3) FAR 14586 U 0.00
expand: main@empty.loop (0, 0) FAR  w(0) 14586. F 0.00
expand: main@entry (1, 0) FAR  w(0) 1. F 0.00
expand: main@entry!_BAD (2, 0) FAR  w(0) 1. F 0.00
expand: query!0 (3, 0) FAR  w(0) 1. F 0.00
(spacer::context::check_reachability :time 0.00 :before-memory 16.05 :after-memory 16.87)
Propagating: 0 1 2 3  ! 4 
(spacer::context::propagate :time 0.00 :before-memory 16.87 :after-memory 16.96)
Entering level 4
expand: query!0 (4, 0) FAR  w(0) 1.
	create_child: main@entry!_BAD (3, 4) FAR 1 U 0.00
expand: main@entry!_BAD (3, 0) FAR  w(0) 1.
	create_child: main@entry (2, 4) FAR 1 U 0.00
expand: main@entry (2, 0) FAR  w(0) 1.
	create_child: main@empty.loop (1, 4) FAR 14586 U 0.00
expand: main@empty.loop (1, 0) FAR  w(0) 14586.
	create_child: main@NodeBlock88.i.i (0, 4) FAR 17303 U 0.00
expand: main@NodeBlock88.i.i (0, 0) FAR  w(0) 17303. F 0.02
expand: main@empty.loop (1, 0) FAR  w(0) 14586. F 0.00
expand: main@entry (2, 0) FAR  w(0) 1. F 0.00
expand: main@entry!_BAD (3, 0) FAR  w(0) 1. F 0.00
expand: query!0 (4, 0) FAR  w(0) 1. F 0.00
(spacer::context::check_reachability :time 0.02 :before-memory 16.96 :after-memory 20.98)
Propagating: 0 1 2 3 4  ! 5 
(spacer::context::propagate :time 0.01 :before-memory 20.98 :after-memory 20.98)
Entering level 5
expand: query!0 (5, 0) FAR  w(0) 1.
	create_child: main@entry!_BAD (4, 5) FAR 1 U 0.00
expand: main@entry!_BAD (4, 0) FAR  w(0) 1.
	create_child: main@entry (3, 5) FAR 1 U 0.00
expand: main@entry (3, 0) FAR  w(0) 1.
	create_child: main@empty.loop (2, 5) FAR 14586 U 0.00
expand: main@empty.loop (2, 0) FAR  w(0) 14586.
	create_child: main@NodeBlock88.i.i (1, 5) FAR 17303 U 0.00
expand: main@NodeBlock88.i.i (1, 0) FAR  w(0) 17303.
	create_child: main@NodeBlock88.i.i (0, 5) FAR 29227 U 0.01
expand: main@NodeBlock88.i.i (0, 0) FAR  w(0) 29227. F 0.01
expand: main@NodeBlock88.i.i (1, 0) FAR  w(0) 17303. F 0.02
expand: main@empty.loop (2, 0) FAR  w(0) 14586. F 0.00
expand: main@entry (3, 0) FAR  w(0) 1. F 0.00
expand: main@entry!_BAD (4, 0) FAR  w(0) 1. F 0.00
expand: query!0 (5, 0) FAR  w(0) 1. F 0.00
(spacer::context::check_reachability :time 0.04 :before-memory 20.98 :after-memory 21.64)
Propagating: 0 1 2 3 4 5  ! 6 
(spacer::context::propagate :time 0.01 :before-memory 21.64 :after-memory 21.64)
Entering level 6
expand: query!0 (6, 0) FAR  w(0) 1.
	create_child: main@entry!_BAD (5, 6) FAR 1 U 0.00
expand: main@entry!_BAD (5, 0) FAR  w(0) 1.
	create_child: main@entry (4, 6) FAR 1 U 0.00
expand: main@entry (4, 0) FAR  w(0) 1.
	create_child: main@empty.loop (3, 6) FAR 14586 U 0.00
expand: main@empty.loop (3, 0) FAR  w(0) 14586.
	create_child: main@NodeBlock88.i.i (2, 6) FAR 17303 U 0.00
expand: main@NodeBlock88.i.i (2, 0) FAR  w(0) 17303.
	create_child: main@NodeBlock88.i.i (1, 6) FAR 29227 U 0.00
expand: main@NodeBlock88.i.i (1, 0) FAR  w(0) 29227.
	create_child: main@_98 (0, 6) FAR 32239 U 0.00
expand: main@_98 (0, 0) FAR  w(0) 32239. F 0.00
expand: main@NodeBlock88.i.i (1, 0) FAR  w(0) 29227.
	create_child: main@NodeBlock88.i.i (0, 6) FAR 32791 U 0.01
expand: main@NodeBlock88.i.i (0, 0) FAR  w(0) 32791. F 0.01
expand: main@NodeBlock88.i.i (1, 0) FAR  w(0) 29227. F 0.01
expand: main@NodeBlock88.i.i (2, 0) FAR  w(0) 17303. F 0.02
expand: main@empty.loop (3, 0) FAR  w(0) 14586. F 0.00
expand: main@entry (4, 0) FAR  w(0) 1. F 0.00
expand: main@entry!_BAD (5, 0) FAR  w(0) 1. F 0.00
expand: query!0 (6, 0) FAR  w(0) 1. F 0.00
(spacer::context::check_reachability :time 0.06 :before-memory 21.64 :after-memory 22.53)
Propagating: 0 1 2 3 4 5 6  ! 7 
(spacer::context::propagate :time 0.01 :before-memory 22.53 :after-memory 22.63)
Entering level 7
expand: query!0 (7, 0) FAR  w(0) 1.
	create_child: main@entry!_BAD (6, 7) FAR 1 U 0.00
expand: main@entry!_BAD (6, 0) FAR  w(0) 1.
	create_child: main@entry (5, 7) FAR 1 U 0.00
expand: main@entry (5, 0) FAR  w(0) 1.
	create_child: main@empty.loop (4, 7) FAR 14586 U 0.00
expand: main@empty.loop (4, 0) FAR  w(0) 14586.
	create_child: main@NodeBlock88.i.i (3, 7) FAR 17303 U 0.00
expand: main@NodeBlock88.i.i (3, 0) FAR  w(0) 17303.
	create_child: main@NodeBlock88.i.i (2, 7) FAR 29227 U 0.00
expand: main@NodeBlock88.i.i (2, 0) FAR  w(0) 29227.
	create_child: main@_98 (1, 7) FAR 32239 U 0.00
expand: main@_98 (1, 0) FAR  w(0) 32239.
	create_child: main@_98!_Cond (0, 7) FAR 35714 U 0.00
expand: main@_98!_Cond (0, 0) FAR  w(0) 35714. F 0.00
expand: main@_98 (1, 0) FAR  w(0) 32239. F 0.00
expand: main@NodeBlock88.i.i (2, 0) FAR  w(0) 29227.
	create_child: main@NodeBlock88.i.i (1, 7) FAR 32791 U 0.00
expand: main@NodeBlock88.i.i (1, 0) FAR  w(0) 32791.
	create_child: main@NodeBlock88.i.i (0, 7) FAR 36723 U 0.01
expand: main@NodeBlock88.i.i (0, 0) FAR  w(0) 36723. F 0.01
expand: main@NodeBlock88.i.i (1, 0) FAR  w(0) 32791. F 0.01
expand: main@NodeBlock88.i.i (2, 0) FAR  w(0) 29227. F 0.01
expand: main@NodeBlock88.i.i (3, 0) FAR  w(0) 17303. F 0.02
expand: main@empty.loop (4, 0) FAR  w(0) 14586. F 0.00
expand: main@entry (5, 0) FAR  w(0) 1. F 0.00
expand: main@entry!_BAD (6, 0) FAR  w(0) 1. F 0.00
expand: query!0 (7, 0) FAR  w(0) 1. F 0.00
(spacer::context::check_reachability :time 0.07 :before-memory 22.63 :after-memory 23.81)
Propagating: 0 1 2 3 4 5 6 7  ! 8 
(spacer::context::propagate :time 0.01 :before-memory 23.81 :after-memory 23.81)
Entering level 8
expand: query!0 (8, 0) FAR  w(0) 1.
	create_child: main@entry!_BAD (7, 8) FAR 1 U 0.00
expand: main@entry!_BAD (7, 0) FAR  w(0) 1.
	create_child: main@entry (6, 8) FAR 1 U 0.00
expand: main@entry (6, 0) FAR  w(0) 1.
	create_child: main@empty.loop (5, 8) FAR 14586 U 0.00
expand: main@empty.loop (5, 0) FAR  w(0) 14586.
	create_child: main@NodeBlock88.i.i (4, 8) FAR 17303 U 0.00
expand: main@NodeBlock88.i.i (4, 0) FAR  w(0) 17303.
	create_child: main@NodeBlock88.i.i (3, 8) FAR 29227 U 0.00
expand: main@NodeBlock88.i.i (3, 0) FAR  w(0) 29227.
	create_child: main@_98 (2, 8) FAR 32239 U 0.00
expand: main@_98 (2, 0) FAR  w(0) 32239.
	create_child: main@_98!_Cond (1, 8) FAR 35714 U 0.00
expand: main@_98!_Cond (1, 0) FAR  w(0) 35714.
	create_child: main@_103 (0, 8) FAR 40103 U 0.00
expand: main@_103 (0, 0) FAR  w(0) 40103. F 0.00
expand: main@_98!_Cond (1, 0) FAR  w(0) 35714. F 0.00
expand: main@_98 (2, 0) FAR  w(0) 32239. F 0.00
expand: main@NodeBlock88.i.i (3, 0) FAR  w(0) 29227.
	create_child: main@NodeBlock88.i.i (2, 8) FAR 32791 U 0.00
expand: main@NodeBlock88.i.i (2, 0) FAR  w(0) 32791.
	create_child: main@NodeBlock88.i.i (1, 8) FAR 36723 U 0.00
expand: main@NodeBlock88.i.i (1, 0) FAR  w(0) 36723.
	create_child: main@NodeBlock88.i.i (0, 8) FAR 41372 UNDEF 0.01
expand: main@NodeBlock88.i.i (0, 0) FAR  w(0) 41372. UNDEF 0.00
expand: main@NodeBlock88.i.i (0, 0) FAR  w(1) 41372. T 0.00
is-reachable: main@NodeBlock88.i.i (1, 0) FAR 36723 F 0.00
expand: main@NodeBlock88.i.i (1, 0) FAR  w(1) 36723. T 0.02
is-reachable: main@NodeBlock88.i.i (2, 0) FAR 32791 F 0.00
expand: main@NodeBlock88.i.i (2, 0) FAR  w(1) 32791. T 0.00
is-reachable: main@NodeBlock88.i.i (3, 0) FAR 29227 F 0.00
expand: main@NodeBlock88.i.i (3, 0) FAR  w(1) 29227. T 0.00
is-reachable: main@NodeBlock88.i.i (4, 0) FAR 17303 F 0.00
expand: main@NodeBlock88.i.i (4, 0) FAR  w(1) 17303. T 0.00
is-reachable: main@empty.loop (5, 0) FAR 14586 F 0.00
expand: main@empty.loop (5, 0) FAR  w(1) 14586. T 0.00
is-reachable: main@entry (6, 0) FAR 1 T 0.00
is-reachable: main@entry!_BAD (7, 0) FAR 1 T 0.00
is-reachable: query!0 (8, 0) FAR 1 T 0.00
(spacer::context::check_reachability :time 0.08 :before-memory 23.81 :after-memory 26.54)
