(transform N7datalog13mk_coi_filterE...no-op 0s)
(transform N7datalog25mk_interp_tail_simplifierE...12 rules 0.008s)
(transform N7datalog27mk_quantifier_instantiationE...no-op 0s)
(transform N7datalog8mk_scaleE...no-op 0s)
(transform N7datalog18mk_karr_invariantsE...no-op 0s)
(transform N7datalog14mk_array_blastE...no-op 0s)
(transform N7datalog16mk_elim_term_iteE...no-op 0s)
(transform N7datalog22mk_subsumption_checkerE...10 rules 0s)
(transform N7datalog12mk_bit_blastE...no-op 0s)
(transform N7datalog15mk_rule_inlinerE...no-op 0s)
(transform N7datalog13mk_coi_filterE...no-op 0s)
(transform N7datalog25mk_interp_tail_simplifierE...10 rules 0.001s)
(transform N7datalog22mk_subsumption_checkerE...no-op 0s)
(transform N7datalog15mk_rule_inlinerE...no-op 0s)
(transform N7datalog13mk_coi_filterE...no-op 0s)
(transform N7datalog25mk_interp_tail_simplifierE...10 rules 0.001s)
(transform N7datalog22mk_subsumption_checkerE...no-op 0s)
(transform N7datalog15mk_rule_inlinerE...no-op 0s)
(transform N7datalog22mk_subsumption_checkerE...no-op 0s)
(transform N7datalog15mk_rule_inlinerE...no-op 0s)
(transform N7datalog22mk_subsumption_checkerE...no-op 0s)
(transform N7datalog15mk_rule_inlinerE...no-op 0s)
(transform N7datalog22mk_subsumption_checkerE...no-op 0s)
expand: query!0 (0, 0) FAR  w(0) 1. F 0.01
(spacer::context::check_reachability :time 0.02 :before-memory 14.48 :after-memory 14.68)
Entering level 1
expand: query!0 (1, 0) FAR  w(0) 1.
	create_child: main@entry!_BAD (0, 1) FAR 1 U 0.01
expand: main@entry!_BAD (0, 0) FAR  w(0) 1. F 0.00
expand: query!0 (1, 0) FAR  w(0) 1. F 0.00
(spacer::context::check_reachability :time 0.01 :before-memory 14.68 :after-memory 14.78)
Propagating: 0 1  ! 2 
(spacer::context::propagate :time 0.00 :before-memory 14.78 :after-memory 15.19)
Entering level 2
expand: query!0 (2, 0) FAR  w(0) 1.
	create_child: main@entry!_BAD (1, 2) FAR 1 U 0.00
expand: main@entry!_BAD (1, 0) FAR  w(0) 1.
	create_child: main@entry (0, 2) FAR 1 U 0.00
expand: main@entry (0, 0) FAR  w(0) 1. F 0.00
expand: main@entry!_BAD (1, 0) FAR  w(0) 1. F 0.00
expand: query!0 (2, 0) FAR  w(0) 1. F 0.00
(spacer::context::check_reachability :time 0.00 :before-memory 15.19 :after-memory 15.48)
Propagating: 0 1 2  ! 3 
(spacer::context::propagate :time 0.00 :before-memory 15.48 :after-memory 15.57)
Entering level 3
expand: query!0 (3, 0) FAR  w(0) 1.
	create_child: main@entry!_BAD (2, 3) FAR 1 U 0.00
expand: main@entry!_BAD (2, 0) FAR  w(0) 1.
	create_child: main@entry (1, 3) FAR 1 U 0.00
expand: main@entry (1, 0) FAR  w(0) 1.
	create_child: main@empty.loop (0, 3) FAR 10237 U 0.00
expand: main@empty.loop (0, 0) FAR  w(0) 10237. F 0.00
expand: main@entry (1, 0) FAR  w(0) 1. F 0.00
expand: main@entry!_BAD (2, 0) FAR  w(0) 1. F 0.00
expand: query!0 (3, 0) FAR  w(0) 1. F 0.00
(spacer::context::check_reachability :time 0.01 :before-memory 15.57 :after-memory 16.38)
Propagating: 0 1 2 3  ! 4 
(spacer::context::propagate :time 0.00 :before-memory 16.38 :after-memory 16.38)
Entering level 4
expand: query!0 (4, 0) FAR  w(0) 1.
	create_child: main@entry!_BAD (3, 4) FAR 1 U 0.00
expand: main@entry!_BAD (3, 0) FAR  w(0) 1.
	create_child: main@entry (2, 4) FAR 1 U 0.00
expand: main@entry (2, 0) FAR  w(0) 1.
	create_child: main@empty.loop (1, 4) FAR 10237 U 0.00
expand: main@empty.loop (1, 0) FAR  w(0) 10237.
	create_child: main@NodeBlock91.i.i (0, 4) FAR 12895 U 0.00
expand: main@NodeBlock91.i.i (0, 0) FAR  w(0) 12895. F 0.02
expand: main@empty.loop (1, 0) FAR  w(0) 10237. F 0.00
expand: main@entry (2, 0) FAR  w(0) 1.
	create_child: main@empty.loop (1, 4) FAR 22070 U 0.00
expand: main@empty.loop (1, 0) FAR  w(0) 22070.
	create_child: main@NodeBlock91.i.i (0, 4) FAR 22141 U 0.00
expand: main@NodeBlock91.i.i (0, 0) FAR  w(0) 22141. F 0.01
expand: main@empty.loop (1, 0) FAR  w(0) 22070. F 0.00
expand: main@entry (2, 0) FAR  w(0) 1.
	create_child: main@empty.loop (1, 4) FAR 22214 U 0.00
expand: main@empty.loop (1, 0) FAR  w(0) 22214.
	create_child: main@NodeBlock91.i.i (0, 4) FAR 22288 U 0.00
expand: main@NodeBlock91.i.i (0, 0) FAR  w(0) 22288. F 0.00
expand: main@empty.loop (1, 0) FAR  w(0) 22214. F 0.00
expand: main@entry (2, 0) FAR  w(0) 1. F 0.00
expand: main@entry!_BAD (3, 0) FAR  w(0) 1. F 0.00
expand: query!0 (4, 0) FAR  w(0) 1. F 0.00
(spacer::context::check_reachability :time 0.05 :before-memory 16.38 :after-memory 19.06)
Propagating: 0 1 2 3 4  ! 5 
(spacer::context::propagate :time 0.01 :before-memory 19.06 :after-memory 19.78)
Entering level 5
expand: query!0 (5, 0) FAR  w(0) 1.
	create_child: main@entry!_BAD (4, 5) FAR 1 U 0.00
expand: main@entry!_BAD (4, 0) FAR  w(0) 1.
	create_child: main@entry (3, 5) FAR 1 U 0.00
expand: main@entry (3, 0) FAR  w(0) 1.
	create_child: main@empty.loop (2, 5) FAR 22214 U 0.00
expand: main@empty.loop (2, 0) FAR  w(0) 22214.
	create_child: main@NodeBlock91.i.i (1, 5) FAR 22288 U 0.00
expand: main@NodeBlock91.i.i (1, 0) FAR  w(0) 22288.
	create_child: main@_124 (0, 5) FAR 23249 U 0.01
expand: main@_124 (0, 0) FAR  w(0) 23249. F 0.00
expand: main@NodeBlock91.i.i (1, 0) FAR  w(0) 22288. F 0.00
expand: main@empty.loop (2, 0) FAR  w(0) 22214. F 0.00
expand: main@entry (3, 0) FAR  w(0) 1. F 0.00
expand: main@entry!_BAD (4, 0) FAR  w(0) 1. F 0.00
expand: query!0 (5, 0) FAR  w(0) 1. F 0.00
(spacer::context::check_reachability :time 0.02 :before-memory 19.78 :after-memory 20.44)
Propagating: 0 1 2 3 4 5  ! 6 
(spacer::context::propagate :time 0.01 :before-memory 20.44 :after-memory 20.44)
Entering level 6
expand: query!0 (6, 0) FAR  w(0) 1.
	create_child: main@entry!_BAD (5, 6) FAR 1 U 0.00
expand: main@entry!_BAD (5, 0) FAR  w(0) 1.
	create_child: main@entry (4, 6) FAR 1 U 0.00
expand: main@entry (4, 0) FAR  w(0) 1.
	create_child: main@empty.loop (3, 6) FAR 22214 U 0.00
expand: main@empty.loop (3, 0) FAR  w(0) 22214.
	create_child: main@NodeBlock91.i.i (2, 6) FAR 22288 U 0.00
expand: main@NodeBlock91.i.i (2, 0) FAR  w(0) 22288.
	create_child: main@_124 (1, 6) FAR 23249 U 0.00
expand: main@_124 (1, 0) FAR  w(0) 23249.
	create_child: main@_124!_Cond (0, 6) FAR 24197 U 0.00
expand: main@_124!_Cond (0, 0) FAR  w(0) 24197. F 0.00
expand: main@_124 (1, 0) FAR  w(0) 23249. F 0.00
expand: main@NodeBlock91.i.i (2, 0) FAR  w(0) 22288. F 0.00
expand: main@empty.loop (3, 0) FAR  w(0) 22214. F 0.00
expand: main@entry (4, 0) FAR  w(0) 1. F 0.00
expand: main@entry!_BAD (5, 0) FAR  w(0) 1. F 0.00
expand: query!0 (6, 0) FAR  w(0) 1. F 0.00
(spacer::context::check_reachability :time 0.02 :before-memory 20.44 :after-memory 21.08)
Propagating: 0 1 2 3 4 5 6  ! 7 
(spacer::context::propagate :time 0.01 :before-memory 21.08 :after-memory 21.08)
Entering level 7
expand: query!0 (7, 0) FAR  w(0) 1.
	create_child: main@entry!_BAD (6, 7) FAR 1 U 0.00
expand: main@entry!_BAD (6, 0) FAR  w(0) 1.
	create_child: main@entry (5, 7) FAR 1 U 0.00
expand: main@entry (5, 0) FAR  w(0) 1.
	create_child: main@empty.loop (4, 7) FAR 22214 U 0.00
expand: main@empty.loop (4, 0) FAR  w(0) 22214.
	create_child: main@NodeBlock91.i.i (3, 7) FAR 22288 U 0.00
expand: main@NodeBlock91.i.i (3, 0) FAR  w(0) 22288.
	create_child: main@_124 (2, 7) FAR 23249 U 0.01
expand: main@_124 (2, 0) FAR  w(0) 23249.
	create_child: main@_124!_Cond (1, 7) FAR 24197 U 0.00
expand: main@_124!_Cond (1, 0) FAR  w(0) 24197.
	create_child: main@NodeBlock91.i.i.backedge (0, 7) FAR 25337 U 0.00
expand: main@NodeBlock91.i.i.backedge (0, 0) FAR  w(0) 25337. F 0.00
expand: main@_124!_Cond (1, 0) FAR  w(0) 24197. F 0.00
expand: main@_124 (2, 0) FAR  w(0) 23249. F 0.00
expand: main@NodeBlock91.i.i (3, 0) FAR  w(0) 22288. F 0.00
expand: main@empty.loop (4, 0) FAR  w(0) 22214. F 0.00
expand: main@entry (5, 0) FAR  w(0) 1. F 0.00
expand: main@entry!_BAD (6, 0) FAR  w(0) 1. F 0.00
expand: query!0 (7, 0) FAR  w(0) 1. F 0.00
(spacer::context::check_reachability :time 0.02 :before-memory 21.08 :after-memory 22.03)
Propagating: 0 1 2 3 4 5 6 7  ! 8 
(spacer::context::propagate :time 0.01 :before-memory 22.03 :after-memory 22.03)
Entering level 8
expand: query!0 (8, 0) FAR  w(0) 1.
	create_child: main@entry!_BAD (7, 8) FAR 1 U 0.00
expand: main@entry!_BAD (7, 0) FAR  w(0) 1.
	create_child: main@entry (6, 8) FAR 1 U 0.00
expand: main@entry (6, 0) FAR  w(0) 1.
	create_child: main@empty.loop (5, 8) FAR 22214 U 0.00
expand: main@empty.loop (5, 0) FAR  w(0) 22214.
	create_child: main@NodeBlock91.i.i (4, 8) FAR 22288 U 0.00
expand: main@NodeBlock91.i.i (4, 0) FAR  w(0) 22288.
	create_child: main@_124 (3, 8) FAR 23249 U 0.00
expand: main@_124 (3, 0) FAR  w(0) 23249.
	create_child: main@_124!_Cond (2, 8) FAR 24197 U 0.00
expand: main@_124!_Cond (2, 0) FAR  w(0) 24197.
	create_child: main@NodeBlock91.i.i.backedge (1, 8) FAR 25337 U 0.00
expand: main@NodeBlock91.i.i.backedge (1, 0) FAR  w(0) 25337.
	create_child: main@NodeBlock91.i.i (0, 8) FAR 26811 U 0.00
expand: main@NodeBlock91.i.i (0, 0) FAR  w(0) 26811. F 0.01
expand: main@NodeBlock91.i.i.backedge (1, 0) FAR  w(0) 25337. F 0.00
expand: main@_124!_Cond (2, 0) FAR  w(0) 24197. F 0.00
expand: main@_124 (3, 0) FAR  w(0) 23249. F 0.00
expand: main@NodeBlock91.i.i (4, 0) FAR  w(0) 22288.
	create_child: main@_124 (3, 8) FAR 27508 U 0.01
expand: main@_124 (3, 0) FAR  w(0) 27508.
	create_child: main@_124!_Cond (2, 8) FAR 27482 U 0.01
expand: main@_124!_Cond (2, 0) FAR  w(0) 27482.
	create_child: main@NodeBlock91.i.i.backedge (1, 8) FAR 27721 U 0.00
expand: main@NodeBlock91.i.i.backedge (1, 0) FAR  w(0) 27721.
	create_child: main@NodeBlock91.i.i (0, 8) FAR 27818 U 0.00
expand: main@NodeBlock91.i.i (0, 0) FAR  w(0) 27818. F 0.01
expand: main@NodeBlock91.i.i.backedge (1, 0) FAR  w(0) 27721. F 0.00
expand: main@_124!_Cond (2, 0) FAR  w(0) 27482. F 0.00
expand: main@_124 (3, 0) FAR  w(0) 27508. F 0.00
expand: main@NodeBlock91.i.i (4, 0) FAR  w(0) 22288. F 0.02
expand: main@empty.loop (5, 0) FAR  w(0) 22214. F 0.00
expand: main@entry (6, 0) FAR  w(0) 1. F 0.00
expand: main@entry!_BAD (7, 0) FAR  w(0) 1. F 0.00
expand: query!0 (8, 0) FAR  w(0) 1. F 0.00
(spacer::context::check_reachability :time 0.11 :before-memory 22.03 :after-memory 23.33)
Propagating: 0 1 2 3 4 5 6 7 8  ! 9 10 11 12 
(spacer::context::propagate :time 0.03 :before-memory 23.33 :after-memory 23.74)
Entering level 9
expand: query!0 (9, 0) FAR  w(0) 1. F 0.00
(spacer::context::check_reachability :time 0.00 :before-memory 23.74 :after-memory 23.74)
Propagating: 9  ! 10 11 12 
(spacer::context::propagate :time 0.00 :before-memory 23.74 :after-memory 23.74)
Entering level 10
expand: query!0 (10, 0) FAR  w(0) 1. F 0.00
(spacer::context::check_reachability :time 0.00 :before-memory 23.74 :after-memory 23.74)
Propagating: 10  ! 11 12 
(spacer::context::propagate :time 0.00 :before-memory 23.74 :after-memory 23.74)
Entering level 11
expand: query!0 (11, 0) FAR  w(0) 1. F 0.00
(spacer::context::check_reachability :time 0.00 :before-memory 23.74 :after-memory 23.74)
Propagating: 11  ! 12 
(spacer::context::propagate :time 0.00 :before-memory 23.74 :after-memory 23.74)
Entering level 12
expand: query!0 (12, 0) FAR  w(0) 1.
	create_child: main@entry!_BAD (11, 12) FAR 1 U 0.00
expand: main@entry!_BAD (11, 0) FAR  w(0) 1.
	create_child: main@entry (10, 12) FAR 1 U 0.00
expand: main@entry (10, 0) FAR  w(0) 1.
	create_child: main@empty.loop (9, 12) FAR 22214 U 0.00
expand: main@empty.loop (9, 0) FAR  w(0) 22214.
	create_child: main@NodeBlock91.i.i (8, 12) FAR 22288 U 0.00
expand: main@NodeBlock91.i.i (8, 0) FAR  w(0) 22288.
	create_child: main@_124 (7, 12) FAR 27508 U 0.01
expand: main@_124 (7, 0) FAR  w(0) 27508.
	create_child: main@_124!_Cond (6, 12) FAR 27482 U 0.00
expand: main@_124!_Cond (6, 0) FAR  w(0) 27482.
	create_child: main@NodeBlock91.i.i.backedge (5, 12) FAR 27721 U 0.00
expand: main@NodeBlock91.i.i.backedge (5, 0) FAR  w(0) 27721.
	create_child: main@NodeBlock91.i.i (4, 12) FAR 27818 U 0.00
expand: main@NodeBlock91.i.i (4, 0) FAR  w(0) 27818.
	create_child: main@_124 (3, 12) FAR 31757 U 0.01
expand: main@_124 (3, 0) FAR  w(0) 31757.
	create_child: main@_124!_Cond (2, 12) FAR 31809 U 0.00
expand: main@_124!_Cond (2, 0) FAR  w(0) 31809.
	create_child: main@NodeBlock91.i.i.backedge (1, 12) FAR 31665 U 0.00
expand: main@NodeBlock91.i.i.backedge (1, 0) FAR  w(0) 31665.
	create_child: main@NodeBlock91.i.i (0, 12) FAR 31889 U 0.00
expand: main@NodeBlock91.i.i (0, 0) FAR  w(0) 31889. F 0.01
expand: main@NodeBlock91.i.i.backedge (1, 0) FAR  w(0) 31665. F 0.00
expand: main@_124!_Cond (2, 0) FAR  w(0) 31809. F 0.00
expand: main@_124 (3, 0) FAR  w(0) 31757. F 0.00
expand: main@NodeBlock91.i.i (4, 0) FAR  w(0) 27818. F 0.02
expand: main@NodeBlock91.i.i.backedge (5, 0) FAR  w(0) 27721. F 0.00
expand: main@_124!_Cond (6, 0) FAR  w(0) 27482. F 0.00
expand: main@_124 (7, 0) FAR  w(0) 27508. F 0.00
expand: main@NodeBlock91.i.i (8, 0) FAR  w(0) 22288. F 0.01
expand: main@empty.loop (9, 0) FAR  w(0) 22214. F 0.00
expand: main@entry (10, 0) FAR  w(0) 1. F 0.00
expand: main@entry!_BAD (11, 0) FAR  w(0) 1. F 0.00
expand: query!0 (12, 0) FAR  w(0) 1. F 0.00
(spacer::context::check_reachability :time 0.12 :before-memory 23.74 :after-memory 24.00)
Propagating: 0 1 2 3 4 5 6 7 8 9 10 11 12  ! 13 14 15 16 
(spacer::context::propagate :time 0.08 :before-memory 24.00 :after-memory 24.29)
Entering level 13
expand: query!0 (13, 0) FAR  w(0) 1. F 0.00
(spacer::context::check_reachability :time 0.00 :before-memory 24.29 :after-memory 24.29)
Propagating: 13  ! 14 15 16 
(spacer::context::propagate :time 0.00 :before-memory 24.29 :after-memory 24.29)
Entering level 14
expand: query!0 (14, 0) FAR  w(0) 1. F 0.00
(spacer::context::check_reachability :time 0.00 :before-memory 24.29 :after-memory 24.29)
Propagating: 14  ! 15 16 
(spacer::context::propagate :time 0.00 :before-memory 24.29 :after-memory 24.29)
Entering level 15
expand: query!0 (15, 0) FAR  w(0) 1. F 0.00
(spacer::context::check_reachability :time 0.00 :before-memory 24.29 :after-memory 24.29)
Propagating: 15  ! 16 
(spacer::context::propagate :time 0.00 :before-memory 24.29 :after-memory 24.29)
Entering level 16
expand: query!0 (16, 0) FAR  w(0) 1.
	create_child: main@entry!_BAD (15, 16) FAR 1 U 0.00
expand: main@entry!_BAD (15, 0) FAR  w(0) 1.
	create_child: main@entry (14, 16) FAR 1 U 0.00
expand: main@entry (14, 0) FAR  w(0) 1.
	create_child: main@empty.loop (13, 16) FAR 22214 U 0.00
expand: main@empty.loop (13, 0) FAR  w(0) 22214.
	create_child: main@NodeBlock91.i.i (12, 16) FAR 22288 U 0.00
expand: main@NodeBlock91.i.i (12, 0) FAR  w(0) 22288.
	create_child: main@_124 (11, 16) FAR 27508 U 0.01
expand: main@_124 (11, 0) FAR  w(0) 27508.
	create_child: main@_124!_Cond (10, 16) FAR 27482 U 0.00
expand: main@_124!_Cond (10, 0) FAR  w(0) 27482.
	create_child: main@NodeBlock91.i.i.backedge (9, 16) FAR 27721 U 0.00
expand: main@NodeBlock91.i.i.backedge (9, 0) FAR  w(0) 27721.
	create_child: main@NodeBlock91.i.i (8, 16) FAR 27818 U 0.00
expand: main@NodeBlock91.i.i (8, 0) FAR  w(0) 27818.
	create_child: main@_124 (7, 16) FAR 31757 U 0.01
expand: main@_124 (7, 0) FAR  w(0) 31757.
	create_child: main@_124!_Cond (6, 16) FAR 31809 U 0.00
expand: main@_124!_Cond (6, 0) FAR  w(0) 31809.
	create_child: main@NodeBlock91.i.i.backedge (5, 16) FAR 31665 U 0.00
expand: main@NodeBlock91.i.i.backedge (5, 0) FAR  w(0) 31665.
	create_child: main@NodeBlock91.i.i (4, 16) FAR 31889 U 0.00
expand: main@NodeBlock91.i.i (4, 0) FAR  w(0) 31889.
	create_child: main@_124 (3, 16) FAR 36516 U 0.01
expand: main@_124 (3, 0) FAR  w(0) 36516.
	create_child: main@_124!_Cond (2, 16) FAR 36367 U 0.00
expand: main@_124!_Cond (2, 0) FAR  w(0) 36367.
	create_child: main@NodeBlock91.i.i.backedge (1, 16) FAR 36555 U 0.00
expand: main@NodeBlock91.i.i.backedge (1, 0) FAR  w(0) 36555.
	create_child: main@NodeBlock91.i.i (0, 16) FAR 36564 U 0.00
expand: main@NodeBlock91.i.i (0, 0) FAR  w(0) 36564. F 0.01
expand: main@NodeBlock91.i.i.backedge (1, 0) FAR  w(0) 36555. F 0.00
expand: main@_124!_Cond (2, 0) FAR  w(0) 36367. F 0.00
expand: main@_124 (3, 0) FAR  w(0) 36516. F 0.00
expand: main@NodeBlock91.i.i (4, 0) FAR  w(0) 31889. F 0.01
expand: main@NodeBlock91.i.i.backedge (5, 0) FAR  w(0) 31665. F 0.00
expand: main@_124!_Cond (6, 0) FAR  w(0) 31809. F 0.00
expand: main@_124 (7, 0) FAR  w(0) 31757. F 0.00
expand: main@NodeBlock91.i.i (8, 0) FAR  w(0) 27818. F 0.01
expand: main@NodeBlock91.i.i.backedge (9, 0) FAR  w(0) 27721. F 0.00
expand: main@_124!_Cond (10, 0) FAR  w(0) 27482. F 0.00
expand: main@_124 (11, 0) FAR  w(0) 27508. F 0.00
expand: main@NodeBlock91.i.i (12, 0) FAR  w(0) 22288. F 0.02
expand: main@empty.loop (13, 0) FAR  w(0) 22214. F 0.00
expand: main@entry (14, 0) FAR  w(0) 1.
	create_child: main@empty.loop (13, 16) FAR 37628 U 0.00
expand: main@empty.loop (13, 0) FAR  w(0) 37628.
	create_child: main@NodeBlock91.i.i (12, 16) FAR 37955 U 0.00
expand: main@NodeBlock91.i.i (12, 0) FAR  w(0) 37955.
	create_child: main@_124 (11, 16) FAR 37881 U 0.01
expand: main@_124 (11, 0) FAR  w(0) 37881.
	create_child: main@_124!_Cond (10, 16) FAR 37526 U 0.00
expand: main@_124!_Cond (10, 0) FAR  w(0) 37526.
	create_child: main@NodeBlock91.i.i.backedge (9, 16) FAR 38170 U 0.00
expand: main@NodeBlock91.i.i.backedge (9, 0) FAR  w(0) 38170.
	create_child: main@NodeBlock91.i.i (8, 16) FAR 38242 U 0.00
expand: main@NodeBlock91.i.i (8, 0) FAR  w(0) 38242.
	create_child: main@_124 (7, 16) FAR 38310 U 0.01
expand: main@_124 (7, 0) FAR  w(0) 38310.
	create_child: main@_124!_Cond (6, 16) FAR 38386 U 0.00
expand: main@_124!_Cond (6, 0) FAR  w(0) 38386.
	create_child: main@NodeBlock91.i.i.backedge (5, 16) FAR 38307 U 0.00
expand: main@NodeBlock91.i.i.backedge (5, 0) FAR  w(0) 38307.
	create_child: main@NodeBlock91.i.i (4, 16) FAR 38372 U 0.00
expand: main@NodeBlock91.i.i (4, 0) FAR  w(0) 38372.
	create_child: main@_124 (3, 16) FAR 38312 U 0.01
expand: main@_124 (3, 0) FAR  w(0) 38312.
	create_child: main@_124!_Cond (2, 16) FAR 38361 U 0.00
expand: main@_124!_Cond (2, 0) FAR  w(0) 38361.
	create_child: main@NodeBlock91.i.i.backedge (1, 16) FAR 38363 U 0.00
expand: main@NodeBlock91.i.i.backedge (1, 0) FAR  w(0) 38363.
	create_child: main@NodeBlock91.i.i (0, 16) FAR 38334 U 0.00
expand: main@NodeBlock91.i.i (0, 0) FAR  w(0) 38334. F 0.01
expand: main@NodeBlock91.i.i.backedge (1, 0) FAR  w(0) 38363. F 0.00
expand: main@_124!_Cond (2, 0) FAR  w(0) 38361. F 0.00
expand: main@_124 (3, 0) FAR  w(0) 38312. F 0.00
expand: main@NodeBlock91.i.i (4, 0) FAR  w(0) 38372. F 0.02
expand: main@NodeBlock91.i.i.backedge (5, 0) FAR  w(0) 38307. F 0.00
expand: main@_124!_Cond (6, 0) FAR  w(0) 38386. F 0.00
expand: main@_124 (7, 0) FAR  w(0) 38310. F 0.00
expand: main@NodeBlock91.i.i (8, 0) FAR  w(0) 38242. F 0.02
expand: main@NodeBlock91.i.i.backedge (9, 0) FAR  w(0) 38170. F 0.00
expand: main@_124!_Cond (10, 0) FAR  w(0) 37526. F 0.00
expand: main@_124 (11, 0) FAR  w(0) 37881. F 0.00
expand: main@NodeBlock91.i.i (12, 0) FAR  w(0) 37955. F 0.02
expand: main@empty.loop (13, 0) FAR  w(0) 37628. F 0.00
expand: main@entry (14, 0) FAR  w(0) 1. F 0.00
expand: main@entry!_BAD (15, 0) FAR  w(0) 1. F 0.00
expand: query!0 (16, 0) FAR  w(0) 1. F 0.00
(spacer::context::check_reachability :time 0.28 :before-memory 24.29 :after-memory 24.80)
Propagating: 0 1 2 3 4 5 6 7 8 9 10 11 12 13 14 15 16  ! 17 18 19 20 
(spacer::context::propagate :time 0.08 :before-memory 24.80 :after-memory 25.94)
Entering level 17
expand: query!0 (17, 0) FAR  w(0) 1. F 0.00
(spacer::context::check_reachability :time 0.00 :before-memory 25.94 :after-memory 25.94)
Propagating: 17  ! 18 19 20 
(spacer::context::propagate :time 0.00 :before-memory 25.94 :after-memory 25.94)
Entering level 18
expand: query!0 (18, 0) FAR  w(0) 1. F 0.00
(spacer::context::check_reachability :time 0.00 :before-memory 25.94 :after-memory 25.94)
Propagating: 18  ! 19 20 
(spacer::context::propagate :time 0.00 :before-memory 25.94 :after-memory 25.94)
Entering level 19
expand: query!0 (19, 0) FAR  w(0) 1. F 0.00
(spacer::context::check_reachability :time 0.00 :before-memory 25.94 :after-memory 25.94)
Propagating: 19  ! 20 
(spacer::context::propagate :time 0.00 :before-memory 25.94 :after-memory 25.94)
Entering level 20
expand: query!0 (20, 0) FAR  w(0) 1.
	create_child: main@entry!_BAD (19, 20) FAR 1 U 0.00
expand: main@entry!_BAD (19, 0) FAR  w(0) 1.
	create_child: main@entry (18, 20) FAR 1 U 0.00
expand: main@entry (18, 0) FAR  w(0) 1.
	create_child: main@empty.loop (17, 20) FAR 37628 U 0.00
expand: main@empty.loop (17, 0) FAR  w(0) 37628.
	create_child: main@NodeBlock91.i.i (16, 20) FAR 37955 U 0.00
expand: main@NodeBlock91.i.i (16, 0) FAR  w(0) 37955.
	create_child: main@_124 (15, 20) FAR 37881 U 0.01
expand: main@_124 (15, 0) FAR  w(0) 37881.
	create_child: main@_124!_Cond (14, 20) FAR 37526 U 0.00
expand: main@_124!_Cond (14, 0) FAR  w(0) 37526.
	create_child: main@NodeBlock91.i.i.backedge (13, 20) FAR 38170 U 0.00
expand: main@NodeBlock91.i.i.backedge (13, 0) FAR  w(0) 38170.
	create_child: main@NodeBlock91.i.i (12, 20) FAR 38242 U 0.00
expand: main@NodeBlock91.i.i (12, 0) FAR  w(0) 38242.
	create_child: main@_124 (11, 20) FAR 38310 UNDEF 0.01
expand: main@_124 (11, 0) FAR  w(0) 38310.
	create_child: main@_124!_Cond (10, 20) FAR 38386 U 0.00
expand: main@_124!_Cond (10, 0) FAR  w(0) 38386.
	create_child: main@NodeBlock91.i.i.backedge (9, 20) FAR 38307 U 0.00
expand: main@NodeBlock91.i.i.backedge (9, 0) FAR  w(0) 38307.
	create_child: main@NodeBlock91.i.i (8, 20) FAR 38372 U 0.00
expand: main@NodeBlock91.i.i (8, 0) FAR  w(0) 38372.
	create_child: main@_124 (7, 20) FAR 38312 UNDEF 0.00
expand: main@_124 (7, 0) FAR  w(0) 38312.
	create_child: main@_124!_Cond (6, 20) FAR 38361 U 0.00
expand: main@_124!_Cond (6, 0) FAR  w(0) 38361.
	create_child: main@NodeBlock91.i.i.backedge (5, 20) FAR 38363 U 0.00
expand: main@NodeBlock91.i.i.backedge (5, 0) FAR  w(0) 38363.
	create_child: main@NodeBlock91.i.i (4, 20) FAR 38334 U 0.00
expand: main@NodeBlock91.i.i (4, 0) FAR  w(0) 38334.
	create_child: main@_124 (3, 20) FAR 46395 UNDEF 0.00
expand: main@_124 (3, 0) FAR  w(0) 46395.
	create_child: main@_124!_Cond (2, 20) FAR 46504 U 0.00
expand: main@_124!_Cond (2, 0) FAR  w(0) 46504.
	create_child: main@NodeBlock91.i.i.backedge (1, 20) FAR 46413 U 0.00
expand: main@NodeBlock91.i.i.backedge (1, 0) FAR  w(0) 46413.
	create_child: main@NodeBlock91.i.i (0, 20) FAR 46410 U 0.00
expand: main@NodeBlock91.i.i (0, 0) FAR  w(0) 46410. F 0.01
expand: main@NodeBlock91.i.i.backedge (1, 0) FAR  w(0) 46413. F 0.00
expand: main@_124!_Cond (2, 0) FAR  w(0) 46504. F 0.00
expand: main@_124 (3, 0) FAR  w(0) 46395. F 0.00
expand: main@NodeBlock91.i.i (4, 0) FAR  w(0) 38334. F 0.01
expand: main@NodeBlock91.i.i.backedge (5, 0) FAR  w(0) 38363. F 0.00
expand: main@_124!_Cond (6, 0) FAR  w(0) 38361. F 0.00
expand: main@_124 (7, 0) FAR  w(0) 38312. F 0.00
expand: main@NodeBlock91.i.i (8, 0) FAR  w(0) 38372.
	create_child: main@_124 (7, 20) FAR 47568 UNDEF 0.00
expand: main@_124 (7, 0) FAR  w(0) 47568.
	create_child: main@_124!_Cond (6, 20) FAR 47650 U 0.00
expand: main@_124!_Cond (6, 0) FAR  w(0) 47650.
	create_child: main@NodeBlock91.i.i.backedge (5, 20) FAR 47630 U 0.00
expand: main@NodeBlock91.i.i.backedge (5, 0) FAR  w(0) 47630.
	create_child: main@NodeBlock91.i.i (4, 20) FAR 47687 U 0.00
expand: main@NodeBlock91.i.i (4, 0) FAR  w(0) 47687.
	create_child: main@_124 (3, 20) FAR 47724 UNDEF 0.00
expand: main@_124 (3, 0) FAR  w(0) 47724.
	create_child: main@_124!_Cond (2, 20) FAR 47816 U 0.00
expand: main@_124!_Cond (2, 0) FAR  w(0) 47816.
	create_child: main@NodeBlock91.i.i.backedge (1, 20) FAR 47700 U 0.00
expand: main@NodeBlock91.i.i.backedge (1, 0) FAR  w(0) 47700.
	create_child: main@NodeBlock91.i.i (0, 20) FAR 47786 U 0.00
expand: main@NodeBlock91.i.i (0, 0) FAR  w(0) 47786. F 0.01
expand: main@NodeBlock91.i.i.backedge (1, 0) FAR  w(0) 47700. F 0.00
expand: main@_124!_Cond (2, 0) FAR  w(0) 47816. F 0.00
expand: main@_124 (3, 0) FAR  w(0) 47724. F 0.00
expand: main@NodeBlock91.i.i (4, 0) FAR  w(0) 47687. F 0.01
expand: main@NodeBlock91.i.i.backedge (5, 0) FAR  w(0) 47630. F 0.00
expand: main@_124!_Cond (6, 0) FAR  w(0) 47650. F 0.01
expand: main@_124 (7, 0) FAR  w(0) 47568. F 0.00
expand: main@NodeBlock91.i.i (8, 0) FAR  w(0) 38372. F 0.01
expand: main@NodeBlock91.i.i.backedge (9, 0) FAR  w(0) 38307. F 0.00
expand: main@_124!_Cond (10, 0) FAR  w(0) 38386. F 0.00
expand: main@_124 (11, 0) FAR  w(0) 38310. F 0.00
expand: main@NodeBlock91.i.i (12, 0) FAR  w(0) 38242. F 0.01
expand: main@NodeBlock91.i.i.backedge (13, 0) FAR  w(0) 38170. F 0.00
expand: main@_124!_Cond (14, 0) FAR  w(0) 37526. F 0.00
expand: main@_124 (15, 0) FAR  w(0) 37881. F 0.00
expand: main@NodeBlock91.i.i (16, 0) FAR  w(0) 37955. F 0.01
expand: main@empty.loop (17, 0) FAR  w(0) 37628. F 0.00
expand: main@entry (18, 0) FAR  w(0) 1. F 0.00
expand: main@entry!_BAD (19, 0) FAR  w(0) 1. F 0.00
expand: query!0 (20, 0) FAR  w(0) 1. F 0.00
(spacer::context::check_reachability :time 0.20 :before-memory 25.94 :after-memory 28.48)
Propagating: 0 1 2 3 4 5 6 7 8 9 10 11 12 13 14 15 16 17 18 19 20  ! 21 22 23 24 
(spacer::context::propagate :time 0.07 :before-memory 28.48 :after-memory 29.15)
Entering level 21
expand: query!0 (21, 0) FAR  w(0) 1. F 0.00
(spacer::context::check_reachability :time 0.00 :before-memory 29.15 :after-memory 29.26)
Propagating: 21  ! 22 23 24 
(spacer::context::propagate :time 0.00 :before-memory 29.26 :after-memory 29.26)
Entering level 22
expand: query!0 (22, 0) FAR  w(0) 1. F 0.00
(spacer::context::check_reachability :time 0.00 :before-memory 29.26 :after-memory 29.26)
Propagating: 22  ! 23 24 
(spacer::context::propagate :time 0.00 :before-memory 29.26 :after-memory 29.26)
Entering level 23
expand: query!0 (23, 0) FAR  w(0) 1. F 0.00
(spacer::context::check_reachability :time 0.00 :before-memory 29.26 :after-memory 29.26)
Propagating: 23  ! 24 
(spacer::context::propagate :time 0.00 :before-memory 29.26 :after-memory 29.26)
Entering level 24
expand: query!0 (24, 0) FAR  w(0) 1.
	create_child: main@entry!_BAD (23, 24) FAR 1 U 0.00
expand: main@entry!_BAD (23, 0) FAR  w(0) 1.
	create_child: main@entry (22, 24) FAR 1 U 0.00
expand: main@entry (22, 0) FAR  w(0) 1.
	create_child: main@empty.loop (21, 24) FAR 37628 U 0.00
expand: main@empty.loop (21, 0) FAR  w(0) 37628.
	create_child: main@NodeBlock91.i.i (20, 24) FAR 37955 U 0.00
expand: main@NodeBlock91.i.i (20, 0) FAR  w(0) 37955.
	create_child: main@_124 (19, 24) FAR 37881 U 0.00
expand: main@_124 (19, 0) FAR  w(0) 37881.
	create_child: main@_124!_Cond (18, 24) FAR 37526 U 0.00
expand: main@_124!_Cond (18, 0) FAR  w(0) 37526.
	create_child: main@NodeBlock91.i.i.backedge (17, 24) FAR 38170 U 0.00
expand: main@NodeBlock91.i.i.backedge (17, 0) FAR  w(0) 38170.
	create_child: main@NodeBlock91.i.i (16, 24) FAR 38242 U 0.00
expand: main@NodeBlock91.i.i (16, 0) FAR  w(0) 38242.
	create_child: main@_124 (15, 24) FAR 38310 UNDEF 0.00
expand: main@_124 (15, 0) FAR  w(0) 38310.
	create_child: main@_124!_Cond (14, 24) FAR 38386 U 0.00
expand: main@_124!_Cond (14, 0) FAR  w(0) 38386.
	create_child: main@NodeBlock91.i.i.backedge (13, 24) FAR 38307 U 0.00
expand: main@NodeBlock91.i.i.backedge (13, 0) FAR  w(0) 38307.
	create_child: main@NodeBlock91.i.i (12, 24) FAR 38372 U 0.00
expand: main@NodeBlock91.i.i (12, 0) FAR  w(0) 38372.
	create_child: main@_124 (11, 24) FAR 38312 UNDEF 0.00
expand: main@_124 (11, 0) FAR  w(0) 38312.
	create_child: main@_124!_Cond (10, 24) FAR 38361 U 0.00
expand: main@_124!_Cond (10, 0) FAR  w(0) 38361.
	create_child: main@NodeBlock91.i.i.backedge (9, 24) FAR 38363 U 0.00
expand: main@NodeBlock91.i.i.backedge (9, 0) FAR  w(0) 38363.
	create_child: main@NodeBlock91.i.i (8, 24) FAR 38334 U 0.00
expand: main@NodeBlock91.i.i (8, 0) FAR  w(0) 38334.
	create_child: main@_124 (7, 24) FAR 46395 UNDEF 0.00
expand: main@_124 (7, 0) FAR  w(0) 46395.
	create_child: main@_124!_Cond (6, 24) FAR 46504 U 0.00
expand: main@_124!_Cond (6, 0) FAR  w(0) 46504.
	create_child: main@NodeBlock91.i.i.backedge (5, 24) FAR 46413 U 0.00
expand: main@NodeBlock91.i.i.backedge (5, 0) FAR  w(0) 46413.
	create_child: main@NodeBlock91.i.i (4, 24) FAR 46410 U 0.00
expand: main@NodeBlock91.i.i (4, 0) FAR  w(0) 46410.
	create_child: main@_124 (3, 24) FAR 57603 UNDEF 0.00
expand: main@_124 (3, 0) FAR  w(0) 57603.
	create_child: main@_124!_Cond (2, 24) FAR 57769 U 0.00
expand: main@_124!_Cond (2, 0) FAR  w(0) 57769.
	create_child: main@NodeBlock91.i.i.backedge (1, 24) FAR 57776 U 0.00
expand: main@NodeBlock91.i.i.backedge (1, 0) FAR  w(0) 57776.
	create_child: main@NodeBlock91.i.i (0, 24) FAR 57718 UNDEF 0.00
expand: main@NodeBlock91.i.i (0, 0) FAR  w(0) 57718. T 0.00
is-reachable: main@NodeBlock91.i.i.backedge (1, 0) FAR 57776 F 0.00
expand: main@NodeBlock91.i.i.backedge (1, 0) FAR  w(1) 57776.
	create_child: main@_127 (1, 24) FAR 57611 X 0.00
expand: main@_127 (1, 0) FAR  w(0) 57611. F 0.00
expand: main@_124!_Cond (2, 0) FAR  w(0) 57769. F 0.00
expand: main@_124 (3, 0) FAR  w(0) 57603. F 0.00
expand: main@NodeBlock91.i.i (4, 0) FAR  w(0) 46410. F 0.01
expand: main@NodeBlock91.i.i.backedge (5, 0) FAR  w(0) 46413. F 0.00
expand: main@_124!_Cond (6, 0) FAR  w(0) 46504. F 0.00
expand: main@_124 (7, 0) FAR  w(0) 46395. F 0.00
expand: main@NodeBlock91.i.i (8, 0) FAR  w(0) 38334. F 0.01
expand: main@NodeBlock91.i.i.backedge (9, 0) FAR  w(0) 38363. F 0.00
expand: main@_124!_Cond (10, 0) FAR  w(0) 38361. F 0.00
expand: main@_124 (11, 0) FAR  w(0) 38312. F 0.00
expand: main@NodeBlock91.i.i (12, 0) FAR  w(0) 38372.
	create_child: main@_124 (11, 24) FAR 47568 UNDEF 0.00
expand: main@_124 (11, 0) FAR  w(0) 47568.
	create_child: main@_124!_Cond (10, 24) FAR 47650 U 0.00
expand: main@_124!_Cond (10, 0) FAR  w(0) 47650.
	create_child: main@NodeBlock91.i.i.backedge (9, 24) FAR 47630 U 0.00
expand: main@NodeBlock91.i.i.backedge (9, 0) FAR  w(0) 47630.
	create_child: main@NodeBlock91.i.i (8, 24) FAR 47687 U 0.00
expand: main@NodeBlock91.i.i (8, 0) FAR  w(0) 47687.
	create_child: main@_124 (7, 24) FAR 47724 UNDEF 0.00
expand: main@_124 (7, 0) FAR  w(0) 47724.
	create_child: main@_124!_Cond (6, 24) FAR 47816 U 0.00
expand: main@_124!_Cond (6, 0) FAR  w(0) 47816.
	create_child: main@NodeBlock91.i.i.backedge (5, 24) FAR 47700 U 0.00
expand: main@NodeBlock91.i.i.backedge (5, 0) FAR  w(0) 47700.
	create_child: main@NodeBlock91.i.i (4, 24) FAR 47786 U 0.00
expand: main@NodeBlock91.i.i (4, 0) FAR  w(0) 47786. F 0.01
expand: main@NodeBlock91.i.i.backedge (5, 0) FAR  w(0) 47700. F 0.00
expand: main@_124!_Cond (6, 0) FAR  w(0) 47816. F 0.00
expand: main@_124 (7, 0) FAR  w(0) 47724. F 0.00
expand: main@NodeBlock91.i.i (8, 0) FAR  w(0) 47687. F 0.01
expand: main@NodeBlock91.i.i.backedge (9, 0) FAR  w(0) 47630. F 0.00
expand: main@_124!_Cond (10, 0) FAR  w(0) 47650. F 0.00
expand: main@_124 (11, 0) FAR  w(0) 47568. F 0.00
expand: main@NodeBlock91.i.i (12, 0) FAR  w(0) 38372. F 0.01
expand: main@NodeBlock91.i.i.backedge (13, 0) FAR  w(0) 38307. F 0.00
expand: main@_124!_Cond (14, 0) FAR  w(0) 38386. F 0.00
expand: main@_124 (15, 0) FAR  w(0) 38310. F 0.00
expand: main@NodeBlock91.i.i (16, 0) FAR  w(0) 38242. F 0.01
expand: main@NodeBlock91.i.i.backedge (17, 0) FAR  w(0) 38170. F 0.00
expand: main@_124!_Cond (18, 0) FAR  w(0) 37526. F 0.00
expand: main@_124 (19, 0) FAR  w(0) 37881. F 0.00
expand: main@NodeBlock91.i.i (20, 0) FAR  w(0) 37955. F 0.01
expand: main@empty.loop (21, 0) FAR  w(0) 37628. F 0.00
expand: main@entry (22, 0) FAR  w(0) 1. F 0.00
expand: main@entry!_BAD (23, 0) FAR  w(0) 1. F 0.00
expand: query!0 (24, 0) FAR  w(0) 1. F 0.00
(spacer::context::check_reachability :time 0.20 :before-memory 29.26 :after-memory 33.46)
Propagating: 1 2 3 4 5 6 7 8 9 10 11 12 13 14 15 16 17 18 19 20 21 22 23 24  ! 25 
(spacer::context::propagate :time 0.06 :before-memory 33.46 :after-memory 33.65)
Entering level 25
expand: query!0 (25, 0) FAR  w(0) 1.
	create_child: main@entry!_BAD (24, 25) FAR 1 U 0.00
expand: main@entry!_BAD (24, 0) FAR  w(0) 1.
	create_child: main@entry (23, 25) FAR 1 U 0.00
expand: main@entry (23, 0) FAR  w(0) 1.
	create_child: main@empty.loop (22, 25) FAR 37628 U 0.00
expand: main@empty.loop (22, 0) FAR  w(0) 37628.
	create_child: main@NodeBlock91.i.i (21, 25) FAR 37955 U 0.00
expand: main@NodeBlock91.i.i (21, 0) FAR  w(0) 37955.
	create_child: main@_124 (20, 25) FAR 37881 U 0.00
expand: main@_124 (20, 0) FAR  w(0) 37881.
	create_child: main@_124!_Cond (19, 25) FAR 37526 U 0.00
expand: main@_124!_Cond (19, 0) FAR  w(0) 37526.
	create_child: main@NodeBlock91.i.i.backedge (18, 25) FAR 38170 U 0.00
expand: main@NodeBlock91.i.i.backedge (18, 0) FAR  w(0) 38170.
	create_child: main@NodeBlock91.i.i (17, 25) FAR 38242 U 0.00
expand: main@NodeBlock91.i.i (17, 0) FAR  w(0) 38242.
	create_child: main@_124 (16, 25) FAR 38310 UNDEF 0.00
expand: main@_124 (16, 0) FAR  w(0) 38310.
	create_child: main@_124!_Cond (15, 25) FAR 38386 U 0.00
expand: main@_124!_Cond (15, 0) FAR  w(0) 38386.
	create_child: main@NodeBlock91.i.i.backedge (14, 25) FAR 38307 U 0.00
expand: main@NodeBlock91.i.i.backedge (14, 0) FAR  w(0) 38307.
	create_child: main@NodeBlock91.i.i (13, 25) FAR 38372 U 0.00
expand: main@NodeBlock91.i.i (13, 0) FAR  w(0) 38372.
	create_child: main@_124 (12, 25) FAR 38312 UNDEF 0.00
expand: main@_124 (12, 0) FAR  w(0) 38312.
	create_child: main@_124!_Cond (11, 25) FAR 38361 U 0.00
expand: main@_124!_Cond (11, 0) FAR  w(0) 38361.
	create_child: main@NodeBlock91.i.i.backedge (10, 25) FAR 38363 U 0.00
expand: main@NodeBlock91.i.i.backedge (10, 0) FAR  w(0) 38363.
	create_child: main@NodeBlock91.i.i (9, 25) FAR 38334 U 0.00
expand: main@NodeBlock91.i.i (9, 0) FAR  w(0) 38334.
	create_child: main@_124 (8, 25) FAR 46395 UNDEF 0.00
expand: main@_124 (8, 0) FAR  w(0) 46395.
	create_child: main@_124!_Cond (7, 25) FAR 46504 U 0.00
expand: main@_124!_Cond (7, 0) FAR  w(0) 46504.
	create_child: main@NodeBlock91.i.i.backedge (6, 25) FAR 46413 U 0.00
expand: main@NodeBlock91.i.i.backedge (6, 0) FAR  w(0) 46413.
	create_child: main@NodeBlock91.i.i (5, 25) FAR 46410 U 0.00
expand: main@NodeBlock91.i.i (5, 0) FAR  w(0) 46410.
	create_child: main@_124 (4, 25) FAR 57603 UNDEF 0.00
expand: main@_124 (4, 0) FAR  w(0) 57603.
	create_child: main@_124!_Cond (3, 25) FAR 57769 U 0.00
expand: main@_124!_Cond (3, 0) FAR  w(0) 57769.
	create_child: main@_127 (2, 25) FAR 57611 U 0.00
expand: main@_127 (2, 0) FAR  w(0) 57611. T 0.00
is-reachable: main@_124!_Cond (3, 0) FAR 57769 T 0.00
is-reachable: main@_124 (4, 0) FAR 57603 T 0.00
is-reachable: main@NodeBlock91.i.i (5, 0) FAR 46410 F 0.00
Deleting closed node: main@_124!_Cond(3, 25) 57769
Deleting closed node: main@_124(4, 25) 57603
expand: main@NodeBlock91.i.i (5, 0) FAR  w(1) 46410. T 0.00
is-reachable: main@NodeBlock91.i.i.backedge (6, 0) FAR 46413 F 0.00
expand: main@NodeBlock91.i.i.backedge (6, 0) FAR  w(1) 46413.
	create_child: main@_127 (6, 25) FAR 66994 X 0.00
expand: main@_127 (6, 0) FAR  w(0) 66994. F 0.00
expand: main@_124!_Cond (7, 0) FAR  w(0) 46504. F 0.00
expand: main@_124 (8, 0) FAR  w(0) 46395. F 0.00
expand: main@NodeBlock91.i.i (9, 0) FAR  w(0) 38334. F 0.01
expand: main@NodeBlock91.i.i.backedge (10, 0) FAR  w(0) 38363. F 0.00
expand: main@_124!_Cond (11, 0) FAR  w(0) 38361. F 0.00
expand: main@_124 (12, 0) FAR  w(0) 38312. F 0.00
expand: main@NodeBlock91.i.i (13, 0) FAR  w(0) 38372.
	create_child: main@_124 (12, 25) FAR 47568 U 0.01
expand: main@_124 (12, 0) FAR  w(0) 47568.
	create_child: main@_124!_Cond (11, 25) FAR 47650 U 0.00
expand: main@_124!_Cond (11, 0) FAR  w(0) 47650.
	create_child: main@NodeBlock91.i.i.backedge (10, 25) FAR 47630 U 0.00
expand: main@NodeBlock91.i.i.backedge (10, 0) FAR  w(0) 47630.
	create_child: main@NodeBlock91.i.i (9, 25) FAR 47687 U 0.00
expand: main@NodeBlock91.i.i (9, 0) FAR  w(0) 47687.
	create_child: main@_124 (8, 25) FAR 47724 U 0.00
expand: main@_124 (8, 0) FAR  w(0) 47724.
	create_child: main@_124!_Cond (7, 25) FAR 47816 U 0.00
expand: main@_124!_Cond (7, 0) FAR  w(0) 47816.
	create_child: main@NodeBlock91.i.i.backedge (6, 25) FAR 47700 U 0.00
expand: main@NodeBlock91.i.i.backedge (6, 0) FAR  w(0) 47700.
	create_child: main@NodeBlock91.i.i (5, 25) FAR 47786 U 0.00
expand: main@NodeBlock91.i.i (5, 0) FAR  w(0) 47786. F 0.02
expand: main@NodeBlock91.i.i.backedge (6, 0) FAR  w(0) 47700. F 0.01
expand: main@_124!_Cond (7, 0) FAR  w(0) 47816. F 0.01
expand: main@_124 (8, 0) FAR  w(0) 47724. F 0.00
expand: main@NodeBlock91.i.i (9, 0) FAR  w(0) 47687. F 0.01
expand: main@NodeBlock91.i.i.backedge (10, 0) FAR  w(0) 47630. F 0.00
expand: main@_124!_Cond (11, 0) FAR  w(0) 47650. F 0.00
expand: main@_124 (12, 0) FAR  w(0) 47568. F 0.00
expand: main@NodeBlock91.i.i (13, 0) FAR  w(0) 38372. F 0.01
expand: main@NodeBlock91.i.i.backedge (14, 0) FAR  w(0) 38307. F 0.00
expand: main@_124!_Cond (15, 0) FAR  w(0) 38386. F 0.00
expand: main@_124 (16, 0) FAR  w(0) 38310. F 0.00
expand: main@NodeBlock91.i.i (17, 0) FAR  w(0) 38242. F 0.01
expand: main@NodeBlock91.i.i.backedge (18, 0) FAR  w(0) 38170. F 0.01
expand: main@_124!_Cond (19, 0) FAR  w(0) 37526. F 0.00
expand: main@_124 (20, 0) FAR  w(0) 37881. F 0.00
expand: main@NodeBlock91.i.i (21, 0) FAR  w(0) 37955. F 0.02
expand: main@empty.loop (22, 0) FAR  w(0) 37628. F 0.00
expand: main@entry (23, 0) FAR  w(0) 1. F 0.00
expand: main@entry!_BAD (24, 0) FAR  w(0) 1. F 0.00
expand: query!0 (25, 0) FAR  w(0) 1. F 0.00
(spacer::context::check_reachability :time 0.25 :before-memory 33.65 :after-memory 35.34)
Propagating: 5 6 7 8 9 10 11 12 13 14 15 16 17 18 19 20 21 22 23 24 25  ! 26 
(spacer::context::propagate :time 0.04 :before-memory 35.34 :after-memory 35.43)
Entering level 26
expand: query!0 (26, 0) FAR  w(0) 1.
	create_child: main@entry!_BAD (25, 26) FAR 1 U 0.00
expand: main@entry!_BAD (25, 0) FAR  w(0) 1.
	create_child: main@entry (24, 26) FAR 1 U 0.00
expand: main@entry (24, 0) FAR  w(0) 1.
	create_child: main@empty.loop (23, 26) FAR 37628 U 0.00
expand: main@empty.loop (23, 0) FAR  w(0) 37628.
	create_child: main@NodeBlock91.i.i (22, 26) FAR 37955 U 0.00
expand: main@NodeBlock91.i.i (22, 0) FAR  w(0) 37955.
	create_child: main@_124 (21, 26) FAR 37881 U 0.00
expand: main@_124 (21, 0) FAR  w(0) 37881.
	create_child: main@_124!_Cond (20, 26) FAR 37526 U 0.00
expand: main@_124!_Cond (20, 0) FAR  w(0) 37526.
	create_child: main@NodeBlock91.i.i.backedge (19, 26) FAR 38170 U 0.00
expand: main@NodeBlock91.i.i.backedge (19, 0) FAR  w(0) 38170.
	create_child: main@NodeBlock91.i.i (18, 26) FAR 38242 U 0.00
expand: main@NodeBlock91.i.i (18, 0) FAR  w(0) 38242.
	create_child: main@_124 (17, 26) FAR 38310 U 0.00
expand: main@_124 (17, 0) FAR  w(0) 38310.
	create_child: main@_124!_Cond (16, 26) FAR 38386 U 0.00
expand: main@_124!_Cond (16, 0) FAR  w(0) 38386.
	create_child: main@NodeBlock91.i.i.backedge (15, 26) FAR 38307 U 0.00
expand: main@NodeBlock91.i.i.backedge (15, 0) FAR  w(0) 38307.
	create_child: main@NodeBlock91.i.i (14, 26) FAR 38372 U 0.00
expand: main@NodeBlock91.i.i (14, 0) FAR  w(0) 38372.
	create_child: main@_124 (13, 26) FAR 38312 U 0.00
expand: main@_124 (13, 0) FAR  w(0) 38312.
	create_child: main@_124!_Cond (12, 26) FAR 38361 U 0.00
expand: main@_124!_Cond (12, 0) FAR  w(0) 38361.
	create_child: main@NodeBlock91.i.i.backedge (11, 26) FAR 38363 U 0.00
expand: main@NodeBlock91.i.i.backedge (11, 0) FAR  w(0) 38363.
	create_child: main@NodeBlock91.i.i (10, 26) FAR 38334 U 0.00
expand: main@NodeBlock91.i.i (10, 0) FAR  w(0) 38334.
	create_child: main@_124 (9, 26) FAR 46395 U 0.01
expand: main@_124 (9, 0) FAR  w(0) 46395.
	create_child: main@_124!_Cond (8, 26) FAR 46504 U 0.00
expand: main@_124!_Cond (8, 0) FAR  w(0) 46504.
	create_child: main@_127 (7, 26) FAR 66994 U 0.00
expand: main@_127 (7, 0) FAR  w(0) 66994. T 0.00
is-reachable: main@_124!_Cond (8, 0) FAR 46504 T 0.00
is-reachable: main@_124 (9, 0) FAR 46395 T 0.00
is-reachable: main@NodeBlock91.i.i (10, 0) FAR 38334 F 0.00
Deleting closed node: main@_124!_Cond(8, 26) 46504
Deleting closed node: main@_124(9, 26) 46395
expand: main@NodeBlock91.i.i (10, 0) FAR  w(1) 38334. T 0.00
is-reachable: main@NodeBlock91.i.i.backedge (11, 0) FAR 38363 F 0.00
expand: main@NodeBlock91.i.i.backedge (11, 0) FAR  w(1) 38363.
	create_child: main@_127 (11, 26) FAR 72537 X 0.00
expand: main@_127 (11, 0) FAR  w(0) 72537. F 0.00
expand: main@_124!_Cond (12, 0) FAR  w(0) 38361. F 0.00
expand: main@_124 (13, 0) FAR  w(0) 38312. F 0.00
expand: main@NodeBlock91.i.i (14, 0) FAR  w(0) 38372. F 0.01
expand: main@NodeBlock91.i.i.backedge (15, 0) FAR  w(0) 38307. F 0.00
expand: main@_124!_Cond (16, 0) FAR  w(0) 38386. F 0.00
expand: main@_124 (17, 0) FAR  w(0) 38310. F 0.00
expand: main@NodeBlock91.i.i (18, 0) FAR  w(0) 38242. F 0.01
expand: main@NodeBlock91.i.i.backedge (19, 0) FAR  w(0) 38170. F 0.00
expand: main@_124!_Cond (20, 0) FAR  w(0) 37526. F 0.00
expand: main@_124 (21, 0) FAR  w(0) 37881. F 0.00
expand: main@NodeBlock91.i.i (22, 0) FAR  w(0) 37955. F 0.01
expand: main@empty.loop (23, 0) FAR  w(0) 37628. F 0.00
expand: main@entry (24, 0) FAR  w(0) 1. F 0.00
expand: main@entry!_BAD (25, 0) FAR  w(0) 1. F 0.00
expand: query!0 (26, 0) FAR  w(0) 1. F 0.00
(spacer::context::check_reachability :time 0.13 :before-memory 35.43 :after-memory 35.72)
Propagating: 11 12 13 14 15 16 17 18 19 20 21 22 23 24 25 26  ! 27 
(spacer::context::propagate :time 0.01 :before-memory 35.72 :after-memory 35.72)
Entering level 27
expand: query!0 (27, 0) FAR  w(0) 1.
	create_child: main@entry!_BAD (26, 27) FAR 1 U 0.00
expand: main@entry!_BAD (26, 0) FAR  w(0) 1.
	create_child: main@entry (25, 27) FAR 1 U 0.00
expand: main@entry (25, 0) FAR  w(0) 1.
	create_child: main@empty.loop (24, 27) FAR 37628 U 0.00
expand: main@empty.loop (24, 0) FAR  w(0) 37628.
	create_child: main@NodeBlock91.i.i (23, 27) FAR 37955 U 0.00
expand: main@NodeBlock91.i.i (23, 0) FAR  w(0) 37955.
	create_child: main@_124 (22, 27) FAR 37881 U 0.00
expand: main@_124 (22, 0) FAR  w(0) 37881.
	create_child: main@_124!_Cond (21, 27) FAR 37526 U 0.00
expand: main@_124!_Cond (21, 0) FAR  w(0) 37526.
	create_child: main@NodeBlock91.i.i.backedge (20, 27) FAR 38170 U 0.00
expand: main@NodeBlock91.i.i.backedge (20, 0) FAR  w(0) 38170.
	create_child: main@NodeBlock91.i.i (19, 27) FAR 38242 U 0.00
expand: main@NodeBlock91.i.i (19, 0) FAR  w(0) 38242.
	create_child: main@_124 (18, 27) FAR 38310 U 0.00
expand: main@_124 (18, 0) FAR  w(0) 38310.
	create_child: main@_124!_Cond (17, 27) FAR 38386 U 0.00
expand: main@_124!_Cond (17, 0) FAR  w(0) 38386.
	create_child: main@NodeBlock91.i.i.backedge (16, 27) FAR 38307 U 0.00
expand: main@NodeBlock91.i.i.backedge (16, 0) FAR  w(0) 38307.
	create_child: main@NodeBlock91.i.i (15, 27) FAR 38372 U 0.00
expand: main@NodeBlock91.i.i (15, 0) FAR  w(0) 38372.
	create_child: main@_124 (14, 27) FAR 38312 U 0.00
expand: main@_124 (14, 0) FAR  w(0) 38312.
	create_child: main@_124!_Cond (13, 27) FAR 38361 U 0.00
expand: main@_124!_Cond (13, 0) FAR  w(0) 38361.
	create_child: main@_127 (12, 27) FAR 72537 U 0.00
expand: main@_127 (12, 0) FAR  w(0) 72537. T 0.00
is-reachable: main@_124!_Cond (13, 0) FAR 38361 T 0.00
is-reachable: main@_124 (14, 0) FAR 38312 T 0.00
is-reachable: main@NodeBlock91.i.i (15, 0) FAR 38372 F 0.00
Deleting closed node: main@_124!_Cond(13, 27) 38361
Deleting closed node: main@_124(14, 27) 38312
expand: main@NodeBlock91.i.i (15, 0) FAR  w(1) 38372. T 0.00
is-reachable: main@NodeBlock91.i.i.backedge (16, 0) FAR 38307 F 0.00
expand: main@NodeBlock91.i.i.backedge (16, 0) FAR  w(1) 38307.
	create_child: main@_127 (16, 27) FAR 75118 X 0.00
expand: main@_127 (16, 0) FAR  w(0) 75118. F 0.00
expand: main@_124!_Cond (17, 0) FAR  w(0) 38386. F 0.00
expand: main@_124 (18, 0) FAR  w(0) 38310. F 0.00
expand: main@NodeBlock91.i.i (19, 0) FAR  w(0) 38242. F 0.01
expand: main@NodeBlock91.i.i.backedge (20, 0) FAR  w(0) 38170. F 0.01
expand: main@_124!_Cond (21, 0) FAR  w(0) 37526. F 0.00
expand: main@_124 (22, 0) FAR  w(0) 37881. F 0.00
expand: main@NodeBlock91.i.i (23, 0) FAR  w(0) 37955. F 0.01
expand: main@empty.loop (24, 0) FAR  w(0) 37628. F 0.00
expand: main@entry (25, 0) FAR  w(0) 1. F 0.00
expand: main@entry!_BAD (26, 0) FAR  w(0) 1. F 0.00
expand: query!0 (27, 0) FAR  w(0) 1. F 0.00
(spacer::context::check_reachability :time 0.09 :before-memory 35.72 :after-memory 36.02)
Propagating: 16 17 18 19 20 21 22 23 24 25 26 27  ! 28 
(spacer::context::propagate :time 0.01 :before-memory 36.02 :after-memory 36.02)
Entering level 28
expand: query!0 (28, 0) FAR  w(0) 1.
	create_child: main@entry!_BAD (27, 28) FAR 1 U 0.00
expand: main@entry!_BAD (27, 0) FAR  w(0) 1.
	create_child: main@entry (26, 28) FAR 1 U 0.00
expand: main@entry (26, 0) FAR  w(0) 1.
	create_child: main@empty.loop (25, 28) FAR 37628 U 0.00
expand: main@empty.loop (25, 0) FAR  w(0) 37628.
	create_child: main@NodeBlock91.i.i (24, 28) FAR 37955 U 0.00
expand: main@NodeBlock91.i.i (24, 0) FAR  w(0) 37955.
	create_child: main@_124 (23, 28) FAR 37881 U 0.00
expand: main@_124 (23, 0) FAR  w(0) 37881.
	create_child: main@_124!_Cond (22, 28) FAR 37526 U 0.00
expand: main@_124!_Cond (22, 0) FAR  w(0) 37526.
	create_child: main@NodeBlock91.i.i.backedge (21, 28) FAR 38170 U 0.00
expand: main@NodeBlock91.i.i.backedge (21, 0) FAR  w(0) 38170.
	create_child: main@NodeBlock91.i.i (20, 28) FAR 38242 U 0.00
expand: main@NodeBlock91.i.i (20, 0) FAR  w(0) 38242.
	create_child: main@_124 (19, 28) FAR 38310 U 0.00
expand: main@_124 (19, 0) FAR  w(0) 38310.
	create_child: main@_124!_Cond (18, 28) FAR 38386 U 0.00
expand: main@_124!_Cond (18, 0) FAR  w(0) 38386.
	create_child: main@_127 (17, 28) FAR 75118 U 0.00
expand: main@_127 (17, 0) FAR  w(0) 75118. T 0.00
is-reachable: main@_124!_Cond (18, 0) FAR 38386 T 0.00
is-reachable: main@_124 (19, 0) FAR 38310 T 0.00
is-reachable: main@NodeBlock91.i.i (20, 0) FAR 38242 F 0.00
Deleting closed node: main@_124!_Cond(18, 28) 38386
Deleting closed node: main@_124(19, 28) 38310
expand: main@NodeBlock91.i.i (20, 0) FAR  w(1) 38242. T 0.00
is-reachable: main@NodeBlock91.i.i.backedge (21, 0) FAR 38170 F 0.00
expand: main@NodeBlock91.i.i.backedge (21, 0) FAR  w(1) 38170.
	create_child: main@_127 (21, 28) FAR 77214 X 0.00
expand: main@_127 (21, 0) FAR  w(0) 77214. F 0.00
expand: main@_124!_Cond (22, 0) FAR  w(0) 37526. F 0.00
expand: main@_124 (23, 0) FAR  w(0) 37881. F 0.00
expand: main@NodeBlock91.i.i (24, 0) FAR  w(0) 37955. F 0.02
expand: main@empty.loop (25, 0) FAR  w(0) 37628. F 0.00
expand: main@entry (26, 0) FAR  w(0) 1. F 0.00
expand: main@entry!_BAD (27, 0) FAR  w(0) 1. F 0.00
expand: query!0 (28, 0) FAR  w(0) 1. F 0.00
(spacer::context::check_reachability :time 0.06 :before-memory 36.02 :after-memory 36.34)
Propagating: 21 22 23 24 25 26 27 28  ! 29 
(spacer::context::propagate :time 0.00 :before-memory 36.34 :after-memory 36.34)
Entering level 29
expand: query!0 (29, 0) FAR  w(0) 1.
	create_child: main@entry!_BAD (28, 29) FAR 1 U 0.00
expand: main@entry!_BAD (28, 0) FAR  w(0) 1.
	create_child: main@entry (27, 29) FAR 1 U 0.00
expand: main@entry (27, 0) FAR  w(0) 1.
	create_child: main@empty.loop (26, 29) FAR 37628 U 0.00
expand: main@empty.loop (26, 0) FAR  w(0) 37628.
	create_child: main@NodeBlock91.i.i (25, 29) FAR 37955 U 0.00
expand: main@NodeBlock91.i.i (25, 0) FAR  w(0) 37955.
	create_child: main@_124 (24, 29) FAR 37881 U 0.00
expand: main@_124 (24, 0) FAR  w(0) 37881.
	create_child: main@_124!_Cond (23, 29) FAR 37526 U 0.00
expand: main@_124!_Cond (23, 0) FAR  w(0) 37526.
	create_child: main@_127 (22, 29) FAR 77214 U 0.00
expand: main@_127 (22, 0) FAR  w(0) 77214. T 0.00
is-reachable: main@_124!_Cond (23, 0) FAR 37526 T 0.00
is-reachable: main@_124 (24, 0) FAR 37881 T 0.00
is-reachable: main@NodeBlock91.i.i (25, 0) FAR 37955 F 0.00
Deleting closed node: main@_124!_Cond(23, 29) 37526
Deleting closed node: main@_124(24, 29) 37881
expand: main@NodeBlock91.i.i (25, 0) FAR  w(1) 37955. T 0.00
is-reachable: main@empty.loop (26, 0) FAR 37628 F 0.00
expand: main@empty.loop (26, 0) FAR  w(1) 37628. T 0.00
is-reachable: main@entry (27, 0) FAR 1 T 0.00
is-reachable: main@entry!_BAD (28, 0) FAR 1 T 0.00
is-reachable: query!0 (29, 0) FAR 1 T 0.00
(spacer::context::check_reachability :time 0.02 :before-memory 36.34 :after-memory 36.60)
