/host/s3_clnt_1_cil-1.sk:40:17: unexpected token: tmp
/host/s3_clnt_1_cil-1.sk:41:17: unexpected token: l
/host/s3_clnt_1_cil-1.sk:103:9: unexpected token: while_0_continue
/host/s3_clnt_1_cil-1.sk:308:77: unexpected token: switch_1_12292
/host/s3_clnt_1_cil-1.sk:313:77: unexpected token: switch_1_16384
/host/s3_clnt_1_cil-1.sk:316:77: unexpected token: switch_1_4096
/host/s3_clnt_1_cil-1.sk:319:77: unexpected token: switch_1_20480
/host/s3_clnt_1_cil-1.sk:322:77: unexpected token: switch_1_4099
/host/s3_clnt_1_cil-1.sk:373:77: unexpected token: switch_1_4368
/host/s3_clnt_1_cil-1.sk:376:77: unexpected token: switch_1_4369
/host/s3_clnt_1_cil-1.sk:397:77: unexpected token: switch_1_4384
/host/s3_clnt_1_cil-1.sk:400:77: unexpected token: switch_1_4385
/host/s3_clnt_1_cil-1.sk:424:77: unexpected token: switch_1_4400
/host/s3_clnt_1_cil-1.sk:427:77: unexpected token: switch_1_4401
/host/s3_clnt_1_cil-1.sk:452:77: unexpected token: switch_1_4416
/host/s3_clnt_1_cil-1.sk:455:77: unexpected token: switch_1_4417
/host/s3_clnt_1_cil-1.sk:477:77: unexpected token: switch_1_4432
/host/s3_clnt_1_cil-1.sk:480:77: unexpected token: switch_1_4433
/host/s3_clnt_1_cil-1.sk:496:77: unexpected token: switch_1_4448
/host/s3_clnt_1_cil-1.sk:499:77: unexpected token: switch_1_4449
/host/s3_clnt_1_cil-1.sk:523:77: unexpected token: switch_1_4464
/host/s3_clnt_1_cil-1.sk:526:77: unexpected token: switch_1_4465
/host/s3_clnt_1_cil-1.sk:529:77: unexpected token: switch_1_4466
/host/s3_clnt_1_cil-1.sk:532:77: unexpected token: switch_1_4467
/host/s3_clnt_1_cil-1.sk:543:77: unexpected token: switch_1_4480
/host/s3_clnt_1_cil-1.sk:546:77: unexpected token: switch_1_4481
/host/s3_clnt_1_cil-1.sk:554:77: unexpected token: l
/host/s3_clnt_1_cil-1.sk:554:81: unexpected token: (
/host/s3_clnt_1_cil-1.sk:554:95: unexpected token: )
/host/s3_clnt_1_cil-1.sk:567:77: unexpected token: switch_1_4496
/host/s3_clnt_1_cil-1.sk:570:77: unexpected token: switch_1_4497
/host/s3_clnt_1_cil-1.sk:582:77: unexpected token: switch_1_4512
/host/s3_clnt_1_cil-1.sk:585:77: unexpected token: switch_1_4513
/host/s3_clnt_1_cil-1.sk:618:77: unexpected token: switch_1_4528
/host/s3_clnt_1_cil-1.sk:621:77: unexpected token: switch_1_4529
/host/s3_clnt_1_cil-1.sk:638:106: unexpected token: 2
/host/s3_clnt_1_cil-1.sk:642:83: unexpected token: __cil_tmp60
/host/s3_clnt_1_cil-1.sk:642:97: unexpected token: __cil_tmp59
/host/s3_clnt_1_cil-1.sk:642:111: unexpected token: 4
/host/s3_clnt_1_cil-1.sk:656:77: unexpected token: switch_1_4560
/host/s3_clnt_1_cil-1.sk:659:77: unexpected token: switch_1_4561
/host/s3_clnt_1_cil-1.sk:679:77: unexpected token: switch_1_4352
/host/s3_clnt_1_cil-1.sk:682:97: unexpected token: 0
/host/s3_clnt_1_cil-1.sk:688:102: unexpected token: 0
/host/s3_clnt_1_cil-1.sk:702:77: unexpected token: switch_1_3
/host/s3_clnt_1_cil-1.sk:711:79: unexpected token: __cil_tmp64
/host/s3_clnt_1_cil-1.sk:711:93: unexpected token: __cil_tmp63
/host/s3_clnt_1_cil-1.sk:711:105: unexpected token: -
/host/s3_clnt_1_cil-1.sk:711:107: unexpected token: 4
/host/s3_clnt_1_cil-1.sk:731:77: unexpected token: switch_1_default
/host/s3_clnt_1_cil-1.sk:738:77: unexpected token: switch_1_break
/host/s3_clnt_1_cil-1.sk:841:7: unexpected token: while_0_break
/host/s3_clnt_1_cil-1.sk:845:5: unexpected token: end
/host/s3_clnt_1_cil-1.sk:853:5: unexpected token: ERROR
/host/s3_clnt_1_cil-1.sk:860:22: expecting an identifier, found ')'
/host/s3_clnt_1_cil-1.sk:862:8: expecting RPAREN, found ';'
/host/s3_clnt_1_cil-1.sk:870:3: expecting EOF, found 'return'
    [0;31m[1659424376.1960 - ERROR] [SKETCH] Program Parse Error: could not parse program[0m
    [0;32m[1659424376.2000 - DEBUG] [SKETCH] stack trace written to file: /root/.sketch/tmp/stacktrace.txt[0m
SKETCH version 1.7.6
Benchmark = /host/s3_clnt_1_cil-1.sk
Total time = 202
