/host/s3_srvr_6_cil-1.sk:34:17: unexpected token: l
/host/s3_srvr_6_cil-1.sk:35:17: unexpected token: Time
/host/s3_srvr_6_cil-1.sk:36:17: unexpected token: tmp
/host/s3_srvr_6_cil-1.sk:56:17: unexpected token: __cil_tmp56
/host/s3_srvr_6_cil-1.sk:57:17: unexpected token: __cil_tmp57
/host/s3_srvr_6_cil-1.sk:58:17: unexpected token: __cil_tmp58
/host/s3_srvr_6_cil-1.sk:59:17: unexpected token: __cil_tmp59
/host/s3_srvr_6_cil-1.sk:61:17: unexpected token: __cil_tmp61
/host/s3_srvr_6_cil-1.sk:107:9: unexpected token: while_0_continue
/host/s3_srvr_6_cil-1.sk:324:81: unexpected token: switch_1_12292
/host/s3_srvr_6_cil-1.sk:327:81: unexpected token: switch_1_16384
/host/s3_srvr_6_cil-1.sk:330:81: unexpected token: switch_1_8192
/host/s3_srvr_6_cil-1.sk:333:81: unexpected token: switch_1_24576
/host/s3_srvr_6_cil-1.sk:336:81: unexpected token: switch_1_8195
/host/s3_srvr_6_cil-1.sk:395:81: unexpected token: switch_1_8480
/host/s3_srvr_6_cil-1.sk:398:81: unexpected token: switch_1_8481
/host/s3_srvr_6_cil-1.sk:411:81: unexpected token: switch_1_8482
/host/s3_srvr_6_cil-1.sk:415:81: unexpected token: switch_1_8464
/host/s3_srvr_6_cil-1.sk:418:81: unexpected token: switch_1_8465
/host/s3_srvr_6_cil-1.sk:421:81: unexpected token: switch_1_8466
/host/s3_srvr_6_cil-1.sk:439:81: unexpected token: switch_1_8496
/host/s3_srvr_6_cil-1.sk:442:81: unexpected token: switch_1_8497
/host/s3_srvr_6_cil-1.sk:466:81: unexpected token: switch_1_8512
/host/s3_srvr_6_cil-1.sk:469:81: unexpected token: switch_1_8513
/host/s3_srvr_6_cil-1.sk:473:83: unexpected token: __cil_tmp56
/host/s3_srvr_6_cil-1.sk:473:97: unexpected token: (
/host/s3_srvr_6_cil-1.sk:473:111: unexpected token: )
/host/s3_srvr_6_cil-1.sk:474:108: unexpected token: 256
/host/s3_srvr_6_cil-1.sk:497:81: unexpected token: switch_1_8528
/host/s3_srvr_6_cil-1.sk:500:81: unexpected token: switch_1_8529
/host/s3_srvr_6_cil-1.sk:501:81: unexpected token: l
/host/s3_srvr_6_cil-1.sk:501:85: unexpected token: (
/host/s3_srvr_6_cil-1.sk:501:99: unexpected token: )
/host/s3_srvr_6_cil-1.sk:504:83: unexpected token: __cil_tmp57
/host/s3_srvr_6_cil-1.sk:504:97: unexpected token: (
/host/s3_srvr_6_cil-1.sk:504:111: unexpected token: )
/host/s3_srvr_6_cil-1.sk:505:108: unexpected token: 2097152
/host/s3_srvr_6_cil-1.sk:521:98: unexpected token: 30
/host/s3_srvr_6_cil-1.sk:527:100: unexpected token: 1
/host/s3_srvr_6_cil-1.sk:536:91: unexpected token: __cil_tmp58
/host/s3_srvr_6_cil-1.sk:536:105: unexpected token: (
/host/s3_srvr_6_cil-1.sk:536:119: unexpected token: )
/host/s3_srvr_6_cil-1.sk:537:116: unexpected token: 2
/host/s3_srvr_6_cil-1.sk:540:95: unexpected token: __cil_tmp59
/host/s3_srvr_6_cil-1.sk:540:109: unexpected token: (
/host/s3_srvr_6_cil-1.sk:540:123: unexpected token: )
/host/s3_srvr_6_cil-1.sk:541:120: unexpected token: 4
/host/s3_srvr_6_cil-1.sk:555:97: unexpected token: _L___0
/host/s3_srvr_6_cil-1.sk:597:81: unexpected token: switch_1_8544
/host/s3_srvr_6_cil-1.sk:600:81: unexpected token: switch_1_8545
/host/s3_srvr_6_cil-1.sk:621:85: unexpected token: _L___2
/host/s3_srvr_6_cil-1.sk:623:87: unexpected token: __cil_tmp61
/host/s3_srvr_6_cil-1.sk:623:101: unexpected token: (
/host/s3_srvr_6_cil-1.sk:623:115: unexpected token: )
/host/s3_srvr_6_cil-1.sk:624:112: unexpected token: 256
/host/s3_srvr_6_cil-1.sk:640:89: unexpected token: _L___1
/host/s3_srvr_6_cil-1.sk:672:81: unexpected token: switch_1_8560
/host/s3_srvr_6_cil-1.sk:675:81: unexpected token: switch_1_8561
/host/s3_srvr_6_cil-1.sk:687:81: unexpected token: switch_1_8448
/host/s3_srvr_6_cil-1.sk:688:92: unexpected token: 0
/host/s3_srvr_6_cil-1.sk:692:95: unexpected token: 0
/host/s3_srvr_6_cil-1.sk:704:81: unexpected token: switch_1_8576
/host/s3_srvr_6_cil-1.sk:707:81: unexpected token: switch_1_8577
/host/s3_srvr_6_cil-1.sk:742:81: unexpected token: switch_1_8592
/host/s3_srvr_6_cil-1.sk:745:81: unexpected token: switch_1_8593
/host/s3_srvr_6_cil-1.sk:761:81: unexpected token: switch_1_8608
/host/s3_srvr_6_cil-1.sk:764:81: unexpected token: switch_1_8609
/host/s3_srvr_6_cil-1.sk:780:81: unexpected token: switch_1_8640
/host/s3_srvr_6_cil-1.sk:783:81: unexpected token: switch_1_8641
/host/s3_srvr_6_cil-1.sk:839:81: unexpected token: switch_1_8656
/host/s3_srvr_6_cil-1.sk:842:81: unexpected token: switch_1_8657
/host/s3_srvr_6_cil-1.sk:895:81: unexpected token: switch_1_8672
/host/s3_srvr_6_cil-1.sk:898:81: unexpected token: switch_1_8673
/host/s3_srvr_6_cil-1.sk:947:81: unexpected token: switch_1_3
/host/s3_srvr_6_cil-1.sk:963:81: unexpected token: switch_1_default
/host/s3_srvr_6_cil-1.sk:970:81: unexpected token: switch_1_break
/host/s3_srvr_6_cil-1.sk:1077:7: unexpected token: while_0_break
/host/s3_srvr_6_cil-1.sk:1081:5: unexpected token: end
/host/s3_srvr_6_cil-1.sk:1089:5: unexpected token: ERROR
/host/s3_srvr_6_cil-1.sk:1096:22: expecting an identifier, found ')'
/host/s3_srvr_6_cil-1.sk:1098:8: expecting RPAREN, found ';'
/host/s3_srvr_6_cil-1.sk:1100:3: expecting EOF, found '{'
    [0;31m[1659417222.2000 - ERROR] [SKETCH] Program Parse Error: could not parse program[0m
    [0;32m[1659417222.2050 - DEBUG] [SKETCH] stack trace written to file: /root/.sketch/tmp/stacktrace.txt[0m
SKETCH version 1.7.6
Benchmark = /host/s3_srvr_6_cil-1.sk
Total time = 309
