/host/s3_srvr_2_cil-1.sk:34:17: unexpected token: l
/host/s3_srvr_2_cil-1.sk:35:17: unexpected token: Time
/host/s3_srvr_2_cil-1.sk:36:17: unexpected token: tmp
/host/s3_srvr_2_cil-1.sk:56:17: unexpected token: __cil_tmp56
/host/s3_srvr_2_cil-1.sk:57:17: unexpected token: __cil_tmp57
/host/s3_srvr_2_cil-1.sk:58:17: unexpected token: __cil_tmp58
/host/s3_srvr_2_cil-1.sk:59:17: unexpected token: __cil_tmp59
/host/s3_srvr_2_cil-1.sk:61:17: unexpected token: __cil_tmp61
/host/s3_srvr_2_cil-1.sk:102:9: unexpected token: while_0_continue
/host/s3_srvr_2_cil-1.sk:319:81: unexpected token: switch_1_12292
/host/s3_srvr_2_cil-1.sk:322:81: unexpected token: switch_1_16384
/host/s3_srvr_2_cil-1.sk:325:81: unexpected token: switch_1_8192
/host/s3_srvr_2_cil-1.sk:328:81: unexpected token: switch_1_24576
/host/s3_srvr_2_cil-1.sk:331:81: unexpected token: switch_1_8195
/host/s3_srvr_2_cil-1.sk:390:81: unexpected token: switch_1_8480
/host/s3_srvr_2_cil-1.sk:393:81: unexpected token: switch_1_8481
/host/s3_srvr_2_cil-1.sk:406:81: unexpected token: switch_1_8482
/host/s3_srvr_2_cil-1.sk:410:81: unexpected token: switch_1_8464
/host/s3_srvr_2_cil-1.sk:413:81: unexpected token: switch_1_8465
/host/s3_srvr_2_cil-1.sk:416:81: unexpected token: switch_1_8466
/host/s3_srvr_2_cil-1.sk:434:81: unexpected token: switch_1_8496
/host/s3_srvr_2_cil-1.sk:437:81: unexpected token: switch_1_8497
/host/s3_srvr_2_cil-1.sk:469:81: unexpected token: switch_1_8512
/host/s3_srvr_2_cil-1.sk:472:81: unexpected token: switch_1_8513
/host/s3_srvr_2_cil-1.sk:476:83: unexpected token: __cil_tmp56
/host/s3_srvr_2_cil-1.sk:476:97: unexpected token: (
/host/s3_srvr_2_cil-1.sk:476:111: unexpected token: )
/host/s3_srvr_2_cil-1.sk:477:108: unexpected token: 256
/host/s3_srvr_2_cil-1.sk:495:81: unexpected token: switch_1_8528
/host/s3_srvr_2_cil-1.sk:498:81: unexpected token: switch_1_8529
/host/s3_srvr_2_cil-1.sk:499:81: unexpected token: l
/host/s3_srvr_2_cil-1.sk:499:85: unexpected token: (
/host/s3_srvr_2_cil-1.sk:499:99: unexpected token: )
/host/s3_srvr_2_cil-1.sk:502:83: unexpected token: __cil_tmp57
/host/s3_srvr_2_cil-1.sk:502:97: unexpected token: (
/host/s3_srvr_2_cil-1.sk:502:111: unexpected token: )
/host/s3_srvr_2_cil-1.sk:503:108: unexpected token: 2097152
/host/s3_srvr_2_cil-1.sk:519:98: unexpected token: 30
/host/s3_srvr_2_cil-1.sk:525:100: unexpected token: 1
/host/s3_srvr_2_cil-1.sk:534:91: unexpected token: __cil_tmp58
/host/s3_srvr_2_cil-1.sk:534:105: unexpected token: (
/host/s3_srvr_2_cil-1.sk:534:119: unexpected token: )
/host/s3_srvr_2_cil-1.sk:535:116: unexpected token: 2
/host/s3_srvr_2_cil-1.sk:538:95: unexpected token: __cil_tmp59
/host/s3_srvr_2_cil-1.sk:538:109: unexpected token: (
/host/s3_srvr_2_cil-1.sk:538:123: unexpected token: )
/host/s3_srvr_2_cil-1.sk:539:120: unexpected token: 4
/host/s3_srvr_2_cil-1.sk:553:97: unexpected token: _L___0
/host/s3_srvr_2_cil-1.sk:590:81: unexpected token: switch_1_8544
/host/s3_srvr_2_cil-1.sk:593:81: unexpected token: switch_1_8545
/host/s3_srvr_2_cil-1.sk:614:85: unexpected token: _L___2
/host/s3_srvr_2_cil-1.sk:616:87: unexpected token: __cil_tmp61
/host/s3_srvr_2_cil-1.sk:616:101: unexpected token: (
/host/s3_srvr_2_cil-1.sk:616:115: unexpected token: )
/host/s3_srvr_2_cil-1.sk:617:112: unexpected token: 256
/host/s3_srvr_2_cil-1.sk:633:89: unexpected token: _L___1
/host/s3_srvr_2_cil-1.sk:660:81: unexpected token: switch_1_8560
/host/s3_srvr_2_cil-1.sk:663:81: unexpected token: switch_1_8561
/host/s3_srvr_2_cil-1.sk:675:81: unexpected token: switch_1_8448
/host/s3_srvr_2_cil-1.sk:676:92: unexpected token: 0
/host/s3_srvr_2_cil-1.sk:680:95: unexpected token: 0
/host/s3_srvr_2_cil-1.sk:692:81: unexpected token: switch_1_8576
/host/s3_srvr_2_cil-1.sk:695:81: unexpected token: switch_1_8577
/host/s3_srvr_2_cil-1.sk:720:81: unexpected token: switch_1_8592
/host/s3_srvr_2_cil-1.sk:723:81: unexpected token: switch_1_8593
/host/s3_srvr_2_cil-1.sk:734:81: unexpected token: switch_1_8608
/host/s3_srvr_2_cil-1.sk:737:81: unexpected token: switch_1_8609
/host/s3_srvr_2_cil-1.sk:748:81: unexpected token: switch_1_8640
/host/s3_srvr_2_cil-1.sk:751:81: unexpected token: switch_1_8641
/host/s3_srvr_2_cil-1.sk:770:81: unexpected token: switch_1_8656
/host/s3_srvr_2_cil-1.sk:773:81: unexpected token: switch_1_8657
/host/s3_srvr_2_cil-1.sk:802:81: unexpected token: switch_1_8672
/host/s3_srvr_2_cil-1.sk:805:81: unexpected token: switch_1_8673
/host/s3_srvr_2_cil-1.sk:830:81: unexpected token: switch_1_3
/host/s3_srvr_2_cil-1.sk:846:81: unexpected token: switch_1_default
/host/s3_srvr_2_cil-1.sk:853:81: unexpected token: switch_1_break
/host/s3_srvr_2_cil-1.sk:960:7: unexpected token: while_0_break
/host/s3_srvr_2_cil-1.sk:964:5: unexpected token: end
/host/s3_srvr_2_cil-1.sk:972:5: unexpected token: ERROR
/host/s3_srvr_2_cil-1.sk:979:22: expecting an identifier, found ')'
/host/s3_srvr_2_cil-1.sk:981:8: expecting RPAREN, found ';'
/host/s3_srvr_2_cil-1.sk:983:3: expecting EOF, found '{'
    [0;31m[1659417220.6990 - ERROR] [SKETCH] Program Parse Error: could not parse program[0m
    [0;32m[1659417220.7040 - DEBUG] [SKETCH] stack trace written to file: /root/.sketch/tmp/stacktrace.txt[0m
SKETCH version 1.7.6
Benchmark = /host/s3_srvr_2_cil-1.sk
Total time = 289
