/host/s3_srvr_10_cil.sk:34:17: unexpected token: l
/host/s3_srvr_10_cil.sk:35:17: unexpected token: Time
/host/s3_srvr_10_cil.sk:36:17: unexpected token: tmp
/host/s3_srvr_10_cil.sk:56:17: unexpected token: __cil_tmp56
/host/s3_srvr_10_cil.sk:57:17: unexpected token: __cil_tmp57
/host/s3_srvr_10_cil.sk:58:17: unexpected token: __cil_tmp58
/host/s3_srvr_10_cil.sk:59:17: unexpected token: __cil_tmp59
/host/s3_srvr_10_cil.sk:61:17: unexpected token: __cil_tmp61
/host/s3_srvr_10_cil.sk:108:9: unexpected token: while_0_continue
/host/s3_srvr_10_cil.sk:325:81: unexpected token: switch_1_12292
/host/s3_srvr_10_cil.sk:328:81: unexpected token: switch_1_16384
/host/s3_srvr_10_cil.sk:331:81: unexpected token: switch_1_8192
/host/s3_srvr_10_cil.sk:334:81: unexpected token: switch_1_24576
/host/s3_srvr_10_cil.sk:337:81: unexpected token: switch_1_8195
/host/s3_srvr_10_cil.sk:392:81: unexpected token: switch_1_8480
/host/s3_srvr_10_cil.sk:395:81: unexpected token: switch_1_8481
/host/s3_srvr_10_cil.sk:408:81: unexpected token: switch_1_8482
/host/s3_srvr_10_cil.sk:412:81: unexpected token: switch_1_8464
/host/s3_srvr_10_cil.sk:415:81: unexpected token: switch_1_8465
/host/s3_srvr_10_cil.sk:418:81: unexpected token: switch_1_8466
/host/s3_srvr_10_cil.sk:436:81: unexpected token: switch_1_8496
/host/s3_srvr_10_cil.sk:439:81: unexpected token: switch_1_8497
/host/s3_srvr_10_cil.sk:463:81: unexpected token: switch_1_8512
/host/s3_srvr_10_cil.sk:466:81: unexpected token: switch_1_8513
/host/s3_srvr_10_cil.sk:470:83: unexpected token: __cil_tmp56
/host/s3_srvr_10_cil.sk:470:97: unexpected token: (
/host/s3_srvr_10_cil.sk:470:111: unexpected token: )
/host/s3_srvr_10_cil.sk:471:108: unexpected token: 256
/host/s3_srvr_10_cil.sk:489:81: unexpected token: switch_1_8528
/host/s3_srvr_10_cil.sk:492:81: unexpected token: switch_1_8529
/host/s3_srvr_10_cil.sk:493:81: unexpected token: l
/host/s3_srvr_10_cil.sk:493:85: unexpected token: (
/host/s3_srvr_10_cil.sk:493:99: unexpected token: )
/host/s3_srvr_10_cil.sk:496:83: unexpected token: __cil_tmp57
/host/s3_srvr_10_cil.sk:496:97: unexpected token: (
/host/s3_srvr_10_cil.sk:496:111: unexpected token: )
/host/s3_srvr_10_cil.sk:497:108: unexpected token: 2097152
/host/s3_srvr_10_cil.sk:513:98: unexpected token: 30
/host/s3_srvr_10_cil.sk:519:100: unexpected token: 1
/host/s3_srvr_10_cil.sk:528:91: unexpected token: __cil_tmp58
/host/s3_srvr_10_cil.sk:528:105: unexpected token: (
/host/s3_srvr_10_cil.sk:528:119: unexpected token: )
/host/s3_srvr_10_cil.sk:529:116: unexpected token: 2
/host/s3_srvr_10_cil.sk:533:95: unexpected token: __cil_tmp59
/host/s3_srvr_10_cil.sk:533:109: unexpected token: (
/host/s3_srvr_10_cil.sk:533:123: unexpected token: )
/host/s3_srvr_10_cil.sk:534:120: unexpected token: 4
/host/s3_srvr_10_cil.sk:548:97: unexpected token: _L___0
/host/s3_srvr_10_cil.sk:585:81: unexpected token: switch_1_8544
/host/s3_srvr_10_cil.sk:588:81: unexpected token: switch_1_8545
/host/s3_srvr_10_cil.sk:609:85: unexpected token: _L___2
/host/s3_srvr_10_cil.sk:611:87: unexpected token: __cil_tmp61
/host/s3_srvr_10_cil.sk:611:101: unexpected token: (
/host/s3_srvr_10_cil.sk:611:115: unexpected token: )
/host/s3_srvr_10_cil.sk:612:112: unexpected token: 256
/host/s3_srvr_10_cil.sk:628:89: unexpected token: _L___1
/host/s3_srvr_10_cil.sk:655:81: unexpected token: switch_1_8560
/host/s3_srvr_10_cil.sk:658:81: unexpected token: switch_1_8561
/host/s3_srvr_10_cil.sk:670:81: unexpected token: switch_1_8448
/host/s3_srvr_10_cil.sk:673:92: unexpected token: 0
/host/s3_srvr_10_cil.sk:677:95: unexpected token: 0
/host/s3_srvr_10_cil.sk:688:81: unexpected token: switch_1_8576
/host/s3_srvr_10_cil.sk:691:81: unexpected token: switch_1_8577
/host/s3_srvr_10_cil.sk:716:81: unexpected token: switch_1_8592
/host/s3_srvr_10_cil.sk:719:81: unexpected token: switch_1_8593
/host/s3_srvr_10_cil.sk:730:81: unexpected token: switch_1_8608
/host/s3_srvr_10_cil.sk:733:81: unexpected token: switch_1_8609
/host/s3_srvr_10_cil.sk:744:81: unexpected token: switch_1_8640
/host/s3_srvr_10_cil.sk:747:81: unexpected token: switch_1_8641
/host/s3_srvr_10_cil.sk:771:81: unexpected token: switch_1_8656
/host/s3_srvr_10_cil.sk:774:81: unexpected token: switch_1_8657
/host/s3_srvr_10_cil.sk:805:81: unexpected token: switch_1_8672
/host/s3_srvr_10_cil.sk:808:81: unexpected token: switch_1_8673
/host/s3_srvr_10_cil.sk:841:81: unexpected token: switch_1_3
/host/s3_srvr_10_cil.sk:857:81: unexpected token: switch_1_default
/host/s3_srvr_10_cil.sk:864:81: unexpected token: switch_1_break
/host/s3_srvr_10_cil.sk:988:7: unexpected token: while_0_break
/host/s3_srvr_10_cil.sk:992:5: unexpected token: end
/host/s3_srvr_10_cil.sk:1000:5: unexpected token: ERROR
/host/s3_srvr_10_cil.sk:1007:22: expecting an identifier, found ')'
/host/s3_srvr_10_cil.sk:1009:8: expecting RPAREN, found ';'
/host/s3_srvr_10_cil.sk:1011:3: expecting EOF, found '{'
    [0;31m[1659424383.8550 - ERROR] [SKETCH] Program Parse Error: could not parse program[0m
    [0;32m[1659424383.8590 - DEBUG] [SKETCH] stack trace written to file: /root/.sketch/tmp/stacktrace.txt[0m
SKETCH version 1.7.6
Benchmark = /host/s3_srvr_10_cil.sk
Total time = 230
