(transform N7datalog13mk_coi_filterE...no-op 0s)
(transform N7datalog25mk_interp_tail_simplifierE...10 rules 0.248s)
(transform N7datalog27mk_quantifier_instantiationE...no-op 0s)
(transform N7datalog8mk_scaleE...no-op 0s)
(transform N7datalog18mk_karr_invariantsE...no-op 0s)
(transform N7datalog14mk_array_blastE...no-op 0s)
(transform N7datalog16mk_elim_term_iteE...no-op 0s)
(transform N7datalog22mk_subsumption_checkerE...9 rules 0.105s)
(transform N7datalog12mk_bit_blastE...no-op 0s)
(transform N7datalog15mk_rule_inlinerE...no-op 0s)
(transform N7datalog13mk_coi_filterE...no-op 0s)
(transform N7datalog25mk_interp_tail_simplifierE...9 rules 0.009s)
(transform N7datalog22mk_subsumption_checkerE...no-op 0s)
(transform N7datalog15mk_rule_inlinerE...no-op 0s)
(transform N7datalog13mk_coi_filterE...no-op 0s)
(transform N7datalog25mk_interp_tail_simplifierE...9 rules 0.009s)
(transform N7datalog22mk_subsumption_checkerE...no-op 0s)
(transform N7datalog15mk_rule_inlinerE...no-op 0s)
(transform N7datalog22mk_subsumption_checkerE...no-op 0s)
(transform N7datalog15mk_rule_inlinerE...no-op 0s)
(transform N7datalog22mk_subsumption_checkerE...no-op 0s)
(transform N7datalog15mk_rule_inlinerE...no-op 0s)
(transform N7datalog22mk_subsumption_checkerE...no-op 0s)
expand: query!0 (0, 0) FAR  w(0) 1. F 0.00
(spacer::context::check_reachability :time 0.00 :before-memory 22.00 :after-memory 22.30)
Entering level 1
expand: query!0 (1, 0) FAR  w(0) 1.
	create_child: main@entry!_BAD (0, 1) FAR 1 U 0.00
expand: main@entry!_BAD (0, 0) FAR  w(0) 1. F 0.07
expand: query!0 (1, 0) FAR  w(0) 1. F 0.00
(spacer::context::check_reachability :time 0.07 :before-memory 22.30 :after-memory 36.88)
Propagating: 0 (smt.stats :restarts  :decisions  :clauses/bin     :simplify   :memory)
(smt.stats      :conflicts  :propagations   :lemmas     :deletions   )
(smt.stats    0    102   3387  48951 22997/0   201     0    0   37.92)
1  ! 2 
(spacer::context::propagate :time 0.04 :before-memory 36.88 :after-memory 40.05)
Entering level 2
expand: query!0 (2, 0) FAR  w(0) 1.
	create_child: main@entry!_BAD (1, 2) FAR 1 U 0.00
expand: main@entry!_BAD (1, 0) FAR  w(0) 1(smt.stats    1    204   8278  99417 23015/0   376     0    0   41.82)
(smt.stats    2    305   8762 140345 23067/0   503     0    0   44.15)
(smt.stats    3    416  11650 199791 23126/0   632     0    0   45.64)
(smt.stats    4    517  14923 243149 23231/0   813     0    0   46.16)
(smt.stats    5    628  20065 303297 23296/0   990     0    0   47.32)
(smt.stats    6    750  21113 366876 23331/0  1124     0    0   49.18)
.
	create_child: main@entry (0, 2) FAR 1 U 0.35
expand: main@entry (0, 0) FAR  w(0) 1(smt.stats :restarts  :decisions  :clauses/bin     :simplify   :memory)
(smt.stats      :conflicts  :propagations   :lemmas     :deletions   )
(smt.stats    0    101   2789  41800 22572/0   102     0    0   69.85)
(smt.stats    1    202   9490  77717 22578/0   203     0    0   70.18)
(smt.stats    2    316  13505 124481 22586/0   317     0    0   70.99)
(smt.stats    3    417  15933 156336 22590/0   420     0    0   71.78)
(smt.stats    4    528  23485 211636 22594/0   531     0    0   72.08)
(smt.stats    5    650  24531 266871 22629/0   653     0    0   72.81)
(smt.stats    6    758  25128 324813 22630/0   761     0    0   73.51)
. F 0.45
expand: main@entry!_BAD (1, 0) FAR  w(0) 1. F 0.00
expand: query!0 (2, 0) FAR  w(0) 1. F 0.00
(spacer::context::check_reachability :time 0.80 :before-memory 40.05 :after-memory 74.09)
Propagating: 0 1 2  ! 3 
(spacer::context::propagate :time 0.03 :before-memory 74.09 :after-memory 75.30)
Entering level 3
expand: query!0 (3, 0) FAR  w(0) 1.
	create_child: main@entry!_BAD (2, 3) FAR 1 U 0.00
expand: main@entry!_BAD (2, 0) FAR  w(0) 1(smt.stats    7    962  42413 534047 23087/0  1333     0    0   76.52)
.
	create_child: main@entry (1, 3) FAR 1 U 0.05
expand: main@entry (1, 0) FAR  w(0) 1(smt.stats    7    944  44610 448449 22573/0   943     0    0   76.55)
(smt.stats :restarts :decisions   :clauses/bin     :simplify   :memory)
(smt.stats     :conflicts  :propagations   :lemmas      :deletions   )
(smt.stats    8   1045  64020 541128 22578/0  1076     0    0   76.76)
.
	create_child: main@_314 (0, 3) FAR 253863 U 0.52
expand: main@_314 (0, 0) FAR  w(0) 253863. F 0.00
expand: main@entry (1, 0) FAR  w(0) 1.
	create_child: main@_567 (0, 3) FAR 259003 U 0.09
expand: main@_567 (0, 0) FAR  w(0) 259003. F 0.02
expand: main@entry (1, 0) FAR  w(0) 1.
	create_child: main@_567 (0, 3) FAR 261849 U 0.03
expand: main@_567 (0, 0) FAR  w(0) 261849. F 0.00
expand: main@entry (1, 0) FAR  w(0) 1.
	create_child: main@_567 (0, 3) FAR 262023 U 0.07
expand: main@_567 (0, 0) FAR  w(0) 262023. F 0.00
expand: main@entry (1, 0) FAR  w(0) 1. F 0.32
expand: main@entry!_BAD (2, 0) FAR  w(0) 1. F 0.00
expand: query!0 (3, 0) FAR  w(0) 1. F 0.00
(spacer::context::check_reachability :time 1.12 :before-memory 75.30 :after-memory 85.02)
Propagating: 0 1 2 3  ! 4 
(spacer::context::propagate :time 0.03 :before-memory 85.02 :after-memory 85.16)
Entering level 4
expand: query!0 (4, 0) FAR  w(0) 1.
	create_child: main@entry!_BAD (3, 4) FAR 1 U 0.00
expand: main@entry!_BAD (3, 0) FAR  w(0) 1.
	create_child: main@entry (2, 4) FAR 1 U 0.02
expand: main@entry (2, 0) FAR  w(0) 1.
	create_child: main@_314 (1, 4) FAR 253863 U 0.04
expand: main@_314 (1, 0) FAR  w(0) 253863.
	create_child: main@_314!_Cond (0, 4) FAR 262477 U 0.00
expand: main@_314!_Cond (0, 0) FAR  w(0) 262477. F 0.01
expand: main@_314 (1, 0) FAR  w(0) 253863. F 0.00
expand: main@entry (2, 0) FAR  w(0) 1. F 0.10
expand: main@entry!_BAD (3, 0) FAR  w(0) 1. F 0.00
expand: query!0 (4, 0) FAR  w(0) 1. F 0.00
(spacer::context::check_reachability :time 0.17 :before-memory 85.16 :after-memory 89.81)
Propagating: 0 1 2 3 4  ! 5 
(spacer::context::propagate :time 0.02 :before-memory 89.81 :after-memory 90.14)
Entering level 5
expand: query!0 (5, 0) FAR  w(0) 1.
	create_child: main@entry!_BAD (4, 5) FAR 1 U 0.00
expand: main@entry!_BAD (4, 0) FAR  w(0) 1.
	create_child: main@entry (3, 5) FAR 1 U 0.01
expand: main@entry (3, 0) FAR  w(0) 1.
	create_child: main@_314 (2, 5) FAR 253863 U 0.02
expand: main@_314 (2, 0) FAR  w(0) 253863.
	create_child: main@_314!_Cond (1, 5) FAR 262477 U 0.00
expand: main@_314!_Cond (1, 0) FAR  w(0) 262477.
	create_child: main@_567 (0, 5) FAR 266608 U 0.00
expand: main@_567 (0, 0) FAR  w(0) 266608. F 0.00
expand: main@_314!_Cond (1, 0) FAR  w(0) 262477. F 0.00
expand: main@_314 (2, 0) FAR  w(0) 253863. F 0.00
expand: main@entry (3, 0) FAR  w(0) 1. F 0.13
expand: main@entry!_BAD (4, 0) FAR  w(0) 1. F 0.00
expand: query!0 (5, 0) FAR  w(0) 1. F 0.00
(spacer::context::check_reachability :time 0.18 :before-memory 90.14 :after-memory 90.13)
Propagating: 0 1 2 
(spacer::context::propagate :time 0.00 :before-memory 90.13 :after-memory 90.13)
(define-fun main@entry!_BAD () Bool
  false)
(define-fun main@_314!_Cond ((x!0 Int)
 (x!1 Int)
 (x!2 Int)
 (x!3 Int)
 (x!4 Int)
 (x!5 Int)
 (x!6 Int)
 (x!7 Int)
 (x!8 Int)
 (x!9 Int)
 (x!10 (Array Int Int))
 (x!11 (Array Int Int))
 (x!12 (Array Int Int))
 (x!13 (Array Int Int))
 (x!14 (Array Int Int))
 (x!15 (Array Int Int))
 (x!16 (Array Int Int))
 (x!17 (Array Int Int))
 (x!18 (Array Int Int))
 (x!19 (Array Int Int))
 (x!20 Int)) Bool
  (or (not (<= x!20 0)) (not (= (select x!19 x!5) 1)) (<= (select x!10 x!0) 0)))
(define-fun main@_314 ((x!0 Int)
 (x!1 (Array Int Int))
 (x!2 Int)
 (x!3 (Array Int Int))
 (x!4 Int)
 (x!5 (Array Int Int))
 (x!6 Int)
 (x!7 (Array Int Int))
 (x!8 Int)
 (x!9 (Array Int Int))
 (x!10 Int)
 (x!11 Int)
 (x!12 Int)
 (x!13 Int)
 (x!14 (Array Int Int))
 (x!15 (Array Int Int))
 (x!16 (Array Int Int))
 (x!17 Int)
 (x!18 (Array Int Int))
 (x!19 Int)) Bool
  (or (not (= (select x!18 x!12) 1)) (<= (select x!7 x!8) 0)))
(define-fun main@entry ((x!0 Int)) Bool
  false)
(define-fun main@_320 ((x!0 Int)
 (x!1 (Array Int Int))
 (x!2 Int)
 (x!3 (Array Int Int))
 (x!4 Int)
 (x!5 (Array Int Int))
 (x!6 Int)
 (x!7 (Array Int Int))
 (x!8 Int)
 (x!9 (Array Int Int))
 (x!10 Int)
 (x!11 Int)
 (x!12 Int)
 (x!13 Int)
 (x!14 (Array Int Int))
 (x!15 (Array Int Int))
 (x!16 (Array Int Int))
 (x!17 Int)
 (x!18 (Array Int Int))) Bool
  true)
(define-fun main@_567 ((x!0 Int)
 (x!1 (Array Int Int))
 (x!2 Int)
 (x!3 (Array Int Int))
 (x!4 Int)
 (x!5 (Array Int Int))
 (x!6 Int)
 (x!7 (Array Int Int))
 (x!8 Int)
 (x!9 (Array Int Int))
 (x!10 Int)
 (x!11 Int)
 (x!12 Int)
 (x!13 Int)
 (x!14 (Array Int Int))
 (x!15 (Array Int Int))
 (x!16 (Array Int Int))
 (x!17 Int)
 (x!18 (Array Int Int))
 (x!19 Int)) Bool
  (or (= (select x!7 x!8) 0) (not (= (select x!18 x!12) 1)) (not (<= x!19 0))))
