(transform N7datalog13mk_coi_filterE...no-op 0s)
(transform N7datalog25mk_interp_tail_simplifierE...10 rules 0.115s)
(transform N7datalog27mk_quantifier_instantiationE...no-op 0s)
(transform N7datalog8mk_scaleE...no-op 0s)
(transform N7datalog18mk_karr_invariantsE...no-op 0s)
(transform N7datalog14mk_array_blastE...no-op 0s)
(transform N7datalog16mk_elim_term_iteE...no-op 0s)
(transform N7datalog22mk_subsumption_checkerE...9 rules 0.035s)
(transform N7datalog12mk_bit_blastE...no-op 0s)
(transform N7datalog15mk_rule_inlinerE...no-op 0s)
(transform N7datalog13mk_coi_filterE...no-op 0s)
(transform N7datalog25mk_interp_tail_simplifierE...9 rules 0.008s)
(transform N7datalog22mk_subsumption_checkerE...no-op 0s)
(transform N7datalog15mk_rule_inlinerE...no-op 0s)
(transform N7datalog13mk_coi_filterE...no-op 0s)
(transform N7datalog25mk_interp_tail_simplifierE...9 rules 0.007s)
(transform N7datalog22mk_subsumption_checkerE...no-op 0s)
(transform N7datalog15mk_rule_inlinerE...no-op 0s)
(transform N7datalog22mk_subsumption_checkerE...no-op 0s)
(transform N7datalog15mk_rule_inlinerE...no-op 0s)
(transform N7datalog22mk_subsumption_checkerE...no-op 0s)
(transform N7datalog15mk_rule_inlinerE...no-op 0s)
(transform N7datalog22mk_subsumption_checkerE...no-op 0s)
expand: query!0 (0, 0) FAR  w(0) 1. F 0.00
(spacer::context::check_reachability :time 0.00 :before-memory 19.44 :after-memory 19.64)
Entering level 1
expand: query!0 (1, 0) FAR  w(0) 1.
	create_child: main@entry!_BAD (0, 1) FAR 1 U 0.00
expand: main@entry!_BAD (0, 0) FAR  w(0) 1. F 0.03
expand: query!0 (1, 0) FAR  w(0) 1. F 0.00
(spacer::context::check_reachability :time 0.03 :before-memory 19.64 :after-memory 27.02)
Propagating: 0 (smt.stats :restarts  :decisions  :clauses/bin     :simplify   :memory)
(smt.stats      :conflicts  :propagations   :lemmas     :deletions   )
(smt.stats    0    102   3355  27029 13202/0   191     0    0   27.90)
1  ! 2 
(spacer::context::propagate :time 0.03 :before-memory 27.02 :after-memory 28.76)
Entering level 2
expand: query!0 (2, 0) FAR  w(0) 1.
	create_child: main@entry!_BAD (1, 2) FAR 1 U 0.00
expand: main@entry!_BAD (1, 0) FAR  w(0) 1.
	create_child: main@entry (0, 2) FAR 1 U 0.05
expand: main@entry (0, 0) FAR  w(0) 1(smt.stats :restarts  :decisions  :clauses/bin     :simplify   :memory)
(smt.stats      :conflicts  :propagations   :lemmas     :deletions   )
(smt.stats    0    101   2488  32416 19522/0   101     0    0   43.19)
(smt.stats    1    203   7479  61375 19533/0   204     0    0   44.67)
. F 0.13
expand: main@entry!_BAD (1, 0) FAR  w(0) 1. F 0.00
expand: query!0 (2, 0) FAR  w(0) 1. F 0.00
(spacer::context::check_reachability :time 0.17 :before-memory 28.76 :after-memory 45.00)
Propagating: 0 1 2  ! 3 
(spacer::context::propagate :time 0.02 :before-memory 45.00 :after-memory 46.21)
Entering level 3
expand: query!0 (3, 0) FAR  w(0) 1.
	create_child: main@entry!_BAD (2, 3) FAR 1 U 0.00
expand: main@entry!_BAD (2, 0) FAR  w(0) 1.
	create_child: main@entry (1, 3) FAR 1 U 0.01
expand: main@entry (1, 0) FAR  w(0) 1(smt.stats    2    398  23999 111382 19573/0   428     0    0   48.35)
.
	create_child: main@_721 (0, 3) FAR 153915 U 0.06
expand: main@_721 (0, 0) FAR  w(0) 153915. F 0.00
expand: main@entry (1, 0) FAR  w(0) 1.
	create_child: main@IofCallDriver.exit52.i.i (0, 3) FAR 155591 U 0.02
expand: main@IofCallDriver.exit52.i.i (0, 0) FAR  w(0) 155591. F 0.01
expand: main@entry (1, 0) FAR  w(0) 1.
	create_child: main@IofCallDriver.exit52.i.i (0, 3) FAR 158016 U 0.02
expand: main@IofCallDriver.exit52.i.i (0, 0) FAR  w(0) 158016. F 0.01
expand: main@entry (1, 0) FAR  w(0) 1.
	create_child: main@IofCallDriver.exit52.i.i (0, 3) FAR 159036 U 0.03
expand: main@IofCallDriver.exit52.i.i (0, 0) FAR  w(0) 159036. F 0.00
expand: main@entry (1, 0) FAR  w(0) 1.
	create_child: main@IofCallDriver.exit52.i.i (0, 3) FAR 159999 U 0.02
expand: main@IofCallDriver.exit52.i.i (0, 0) FAR  w(0) 159999. F 0.00
expand: main@entry (1, 0) FAR  w(0) 1.
	create_child: main@IofCallDriver.exit52.i.i (0, 3) FAR 160295 U 0.02
expand: main@IofCallDriver.exit52.i.i (0, 0) FAR  w(0) 160295. F 0.00
expand: main@entry (1, 0) FAR  w(0) 1.
	create_child: main@IofCallDriver.exit52.i.i (0, 3) FAR 160497 U 0.02
expand: main@IofCallDriver.exit52.i.i (0, 0) FAR  w(0) 160497. F 0.00
expand: main@entry (1, 0) FAR  w(0) 1.
	create_child: main@IofCallDriver.exit52.i.i (0, 3) FAR 160784 U 0.03
expand: main@IofCallDriver.exit52.i.i (0, 0) FAR  w(0) 160784. F 0.01
expand: main@entry (1, 0) FAR  w(0) 1. F 0.04
expand: main@entry!_BAD (2, 0) FAR  w(0) 1. F 0.00
expand: query!0 (3, 0) FAR  w(0) 1. F 0.00
(spacer::context::check_reachability :time 0.31 :before-memory 46.21 :after-memory 54.77)
Propagating: 0 1 2 3  ! 4 
(spacer::context::propagate :time 0.01 :before-memory 54.77 :after-memory 54.78)
Entering level 4
expand: query!0 (4, 0) FAR  w(0) 1.
	create_child: main@entry!_BAD (3, 4) FAR 1 U 0.00
expand: main@entry!_BAD (3, 0) FAR  w(0) 1.
	create_child: main@entry (2, 4) FAR 1 U 0.01
expand: main@entry (2, 0) FAR  w(0) 1.
	create_child: main@_721 (1, 4) FAR 153915 U 0.01
expand: main@_721 (1, 0) FAR  w(0) 153915.
	create_child: main@_721!_Cond (0, 4) FAR 161951 U 0.00
expand: main@_721!_Cond (0, 0) FAR  w(0) 161951. F 0.00
expand: main@_721 (1, 0) FAR  w(0) 153915. F 0.00
expand: main@entry (2, 0) FAR  w(0) 1. F 0.04
expand: main@entry!_BAD (3, 0) FAR  w(0) 1. F 0.00
expand: query!0 (4, 0) FAR  w(0) 1. F 0.00
(spacer::context::check_reachability :time 0.06 :before-memory 54.78 :after-memory 57.88)
Propagating: 0 1 2 3 4  ! 5 
(spacer::context::propagate :time 0.01 :before-memory 57.88 :after-memory 57.99)
Entering level 5
expand: query!0 (5, 0) FAR  w(0) 1.
	create_child: main@entry!_BAD (4, 5) FAR 1 U 0.00
expand: main@entry!_BAD (4, 0) FAR  w(0) 1.
	create_child: main@entry (3, 5) FAR 1 U 0.01
expand: main@entry (3, 0) FAR  w(0) 1.
	create_child: main@_721 (2, 5) FAR 153915 U 0.01
expand: main@_721 (2, 0) FAR  w(0) 153915.
	create_child: main@_721!_Cond (1, 5) FAR 161951 U 0.00
expand: main@_721!_Cond (1, 0) FAR  w(0) 161951. F 0.01
expand: main@_721 (2, 0) FAR  w(0) 153915. F 0.00
expand: main@entry (3, 0) FAR  w(0) 1.
	create_child: main@_721 (2, 5) FAR 163805 U 0.01
expand: main@_721 (2, 0) FAR  w(0) 163805.
	create_child: main@_721!_Cond (1, 5) FAR 163858 U 0.00
expand: main@_721!_Cond (1, 0) FAR  w(0) 163858. F 0.01
expand: main@_721 (2, 0) FAR  w(0) 163805. F 0.00
expand: main@entry (3, 0) FAR  w(0) 1.
	create_child: main@_721 (2, 5) FAR 161484 U 0.03
expand: main@_721 (2, 0) FAR  w(0) 161484.
	create_child: main@_721!_Cond (1, 5) FAR 161141 U 0.00
expand: main@_721!_Cond (1, 0) FAR  w(0) 161141. F 0.01
expand: main@_721 (2, 0) FAR  w(0) 161484. F 0.00
expand: main@entry (3, 0) FAR  w(0) 1. F 0.04
expand: main@entry!_BAD (4, 0) FAR  w(0) 1. F 0.00
expand: query!0 (5, 0) FAR  w(0) 1. F 0.00
(spacer::context::check_reachability :time 0.15 :before-memory 57.99 :after-memory 58.19)
Propagating: 1 2 
(spacer::context::propagate :time 0.00 :before-memory 58.19 :after-memory 58.19)
(define-fun main@entry!_BAD () Bool
  false)
(define-fun main@_724 ((x!0 Int)
 (x!1 (Array Int Int))
 (x!2 Int)
 (x!3 (Array Int Int))
 (x!4 Int)
 (x!5 (Array Int Int))
 (x!6 Int)
 (x!7 Int)
 (x!8 (Array Int Int))
 (x!9 Int)
 (x!10 (Array Int Int))
 (x!11 Int)
 (x!12 Int)
 (x!13 (Array Int Int))
 (x!14 Int)
 (x!15 (Array Int Int))
 (x!16 (Array Int Int))
 (x!17 (Array Int Int))
 (x!18 Int)) Bool
  true)
(define-fun main@IofCallDriver.exit52.i.i ((x!0 Int)
 (x!1 (Array Int Int))
 (x!2 Int)
 (x!3 (Array Int Int))
 (x!4 Int)
 (x!5 (Array Int Int))
 (x!6 Int)
 (x!7 Int)
 (x!8 (Array Int Int))
 (x!9 Int)
 (x!10 (Array Int Int))
 (x!11 Int)
 (x!12 Int)
 (x!13 Int)
 (x!14 (Array Int Int))
 (x!15 (Array Int Int))
 (x!16 (Array Int Int))
 (x!17 (Array Int Int))
 (x!18 Int)) Bool
  (let ((a!1 (or (= (select x!1 x!2) 0)
                 (not (<= x!18 0))
                 (not (= (select x!17 x!7) 2))))
        (a!2 (or (<= (select x!5 x!6) 0)
                 (not (= (select x!17 x!7) 4))
                 (not (= x!18 0))
                 (not (= (select x!16 x!0) 0))))
        (a!3 (or (not (= x!18 (- 1073741823)))
                 (<= (select x!5 x!6) 0)
                 (not (= (select x!17 x!7) 4))
                 (not (= (select x!16 x!0) (- 1073741823)))))
        (a!4 (or (<= (select x!5 x!6) 0)
                 (not (= (select x!17 x!7) 4))
                 (not (= (select x!16 x!0) 259))
                 (not (= x!18 259)))))
    (and a!1 a!2 a!3 a!4)))
(define-fun main@entry ((x!0 Int)) Bool
  false)
(define-fun main@_721 ((x!0 Int)
 (x!1 (Array Int Int))
 (x!2 Int)
 (x!3 (Array Int Int))
 (x!4 Int)
 (x!5 (Array Int Int))
 (x!6 Int)
 (x!7 Int)
 (x!8 (Array Int Int))
 (x!9 Int)
 (x!10 (Array Int Int))
 (x!11 Int)
 (x!12 Int)
 (x!13 (Array Int Int))
 (x!14 Int)
 (x!15 (Array Int Int))
 (x!16 (Array Int Int))
 (x!17 (Array Int Int))
 (x!18 Int)
 (x!19 Int)) Bool
  (let ((a!1 (or (not (= x!18 259))
                 (not (= (select x!17 x!7) 4))
                 (<= (select x!5 x!6) 0)
                 (not (= (select x!16 x!0) 259))))
        (a!2 (or (not (= x!18 0))
                 (not (= (select x!16 x!0) 0))
                 (not (= (select x!17 x!7) 4))
                 (<= (select x!5 x!6) 0)))
        (a!3 (or (not (= (select x!17 x!7) 4))
                 (not (= (select x!16 x!0) (- 1073741823)))
                 (not (= x!18 (- 1073741823)))
                 (<= (select x!5 x!6) 0))))
    (and a!1 a!2 a!3)))
(define-fun main@_721!_Cond ((x!0 Int)
 (x!1 Int)
 (x!2 Int)
 (x!3 Int)
 (x!4 Int)
 (x!5 Int)
 (x!6 Int)
 (x!7 Int)
 (x!8 Int)
 (x!9 (Array Int Int))
 (x!10 (Array Int Int))
 (x!11 (Array Int Int))
 (x!12 (Array Int Int))
 (x!13 (Array Int Int))
 (x!14 (Array Int Int))
 (x!15 (Array Int Int))
 (x!16 Int)
 (x!17 (Array Int Int))
 (x!18 (Array Int Int))
 (x!19 (Array Int Int))
 (x!20 (Array Int Int))
 (x!21 (Array Int Int))
 (x!22 (Array Int Int))
 (x!23 Int)) Bool
  (let ((a!1 (or (<= (select x!11 x!2) 0)
                 (not (= (select x!22 x!5) 4))
                 (not (= x!23 259))
                 (not (= (select x!20 x!7) 259))))
        (a!2 (or (not (= x!23 (- 1073741823)))
                 (not (= (select x!20 x!7) (- 1073741823)))
                 (not (= (select x!22 x!5) 4))
                 (<= (select x!11 x!2) 0)))
        (a!3 (or (not (= x!23 0))
                 (not (= (select x!20 x!7) 0))
                 (<= (select x!11 x!2) 0)
                 (not (= (select x!22 x!5) 4)))))
    (and a!1 a!2 a!3)))
