(transform N7datalog13mk_coi_filterE...no-op 0s)
(transform N7datalog25mk_interp_tail_simplifierE...11 rules 0.001s)
(transform N7datalog27mk_quantifier_instantiationE...no-op 0s)
(transform N7datalog8mk_scaleE...no-op 0s)
(transform N7datalog18mk_karr_invariantsE...no-op 0s)
(transform N7datalog14mk_array_blastE...no-op 0s)
(transform N7datalog16mk_elim_term_iteE...no-op 0s)
(transform N7datalog22mk_subsumption_checkerE...9 rules 0s)
(transform N7datalog12mk_bit_blastE...no-op 0s)
(transform N7datalog15mk_rule_inlinerE...no-op 0s)
(transform N7datalog13mk_coi_filterE...no-op 0s)
(transform N7datalog25mk_interp_tail_simplifierE...9 rules 0s)
(transform N7datalog22mk_subsumption_checkerE...no-op 0s)
(transform N7datalog15mk_rule_inlinerE...no-op 0s)
(transform N7datalog13mk_coi_filterE...no-op 0s)
(transform N7datalog25mk_interp_tail_simplifierE...9 rules 0s)
(transform N7datalog22mk_subsumption_checkerE...no-op 0s)
(transform N7datalog15mk_rule_inlinerE...no-op 0s)
(transform N7datalog22mk_subsumption_checkerE...no-op 0s)
(transform N7datalog15mk_rule_inlinerE...no-op 0s)
(transform N7datalog22mk_subsumption_checkerE...no-op 0s)
(transform N7datalog15mk_rule_inlinerE...no-op 0s)
(transform N7datalog22mk_subsumption_checkerE...no-op 0s)
expand: query!0 (0, 0) FAR  w(0) 1. F 0.00
(spacer::context::check_reachability :time 0.00 :before-memory 12.35 :after-memory 12.45)
Entering level 1
expand: query!0 (1, 0) FAR  w(0) 1.
	create_child: main@entry!_BAD (0, 1) FAR 1 U 0.00
expand: main@entry!_BAD (0, 0) FAR  w(0) 1. F 0.00
expand: query!0 (1, 0) FAR  w(0) 1. F 0.00
(spacer::context::check_reachability :time 0.00 :before-memory 12.45 :after-memory 12.65)
Propagating: 0 1  ! 2 
(spacer::context::propagate :time 0.00 :before-memory 12.65 :after-memory 12.65)
Entering level 2
expand: query!0 (2, 0) FAR  w(0) 1.
	create_child: main@entry!_BAD (1, 2) FAR 1 U 0.00
expand: main@entry!_BAD (1, 0) FAR  w(0) 1.
	create_child: main@entry (0, 2) FAR 1 U 0.00
expand: main@entry (0, 0) FAR  w(0) 1. F 0.00
expand: main@entry!_BAD (1, 0) FAR  w(0) 1. F 0.00
expand: query!0 (2, 0) FAR  w(0) 1. F 0.00
(spacer::context::check_reachability :time 0.00 :before-memory 12.65 :after-memory 12.98)
Propagating: 0 1 2  ! 3 
(spacer::context::propagate :time 0.00 :before-memory 12.98 :after-memory 13.07)
Entering level 3
expand: query!0 (3, 0) FAR  w(0) 1.
	create_child: main@entry!_BAD (2, 3) FAR 1 U 0.00
expand: main@entry!_BAD (2, 0) FAR  w(0) 1.
	create_child: main@entry (1, 3) FAR 1 U 0.00
expand: main@entry (1, 0) FAR  w(0) 1.
	create_child: main@empty.loop (0, 3) FAR 2658 U 0.00
expand: main@empty.loop (0, 0) FAR  w(0) 2658. F 0.00
expand: main@entry (1, 0) FAR  w(0) 1. F 0.00
expand: main@entry!_BAD (2, 0) FAR  w(0) 1. F 0.00
expand: query!0 (3, 0) FAR  w(0) 1. F 0.00
(spacer::context::check_reachability :time 0.00 :before-memory 13.07 :after-memory 13.36)
Propagating: 0 1 2 3  ! 4 
(spacer::context::propagate :time 0.00 :before-memory 13.36 :after-memory 13.36)
Entering level 4
expand: query!0 (4, 0) FAR  w(0) 1.
	create_child: main@entry!_BAD (3, 4) FAR 1 U 0.00
expand: main@entry!_BAD (3, 0) FAR  w(0) 1.
	create_child: main@entry (2, 4) FAR 1 U 0.00
expand: main@entry (2, 0) FAR  w(0) 1.
	create_child: main@empty.loop (1, 4) FAR 2658 U 0.00
expand: main@empty.loop (1, 0) FAR  w(0) 2658.
	create_child: main@.preheader (0, 4) FAR 3378 U 0.00
expand: main@.preheader (0, 0) FAR  w(0) 3378. F 0.00
expand: main@empty.loop (1, 0) FAR  w(0) 2658. F 0.00
expand: main@entry (2, 0) FAR  w(0) 1. F 0.00
expand: main@entry!_BAD (3, 0) FAR  w(0) 1. F 0.00
expand: query!0 (4, 0) FAR  w(0) 1. F 0.00
(spacer::context::check_reachability :time 0.00 :before-memory 13.36 :after-memory 13.65)
Propagating: 0 1 2 3 4  ! 5 
(spacer::context::propagate :time 0.00 :before-memory 13.65 :after-memory 13.65)
Entering level 5
expand: query!0 (5, 0) FAR  w(0) 1.
	create_child: main@entry!_BAD (4, 5) FAR 1 U 0.00
expand: main@entry!_BAD (4, 0) FAR  w(0) 1.
	create_child: main@entry (3, 5) FAR 1 U 0.00
expand: main@entry (3, 0) FAR  w(0) 1.
	create_child: main@empty.loop (2, 5) FAR 2658 U 0.00
expand: main@empty.loop (2, 0) FAR  w(0) 2658.
	create_child: main@.preheader (1, 5) FAR 3378 U 0.00
expand: main@.preheader (1, 0) FAR  w(0) 3378.
	create_child: main@.preheader!_Cond (0, 5) FAR 4118 U 0.00
expand: main@.preheader!_Cond (0, 0) FAR  w(0) 4118. F 0.00
expand: main@.preheader (1, 0) FAR  w(0) 3378. F 0.00
expand: main@empty.loop (2, 0) FAR  w(0) 2658. F 0.00
expand: main@entry (3, 0) FAR  w(0) 1. F 0.00
expand: main@entry!_BAD (4, 0) FAR  w(0) 1. F 0.00
expand: query!0 (5, 0) FAR  w(0) 1. F 0.00
(spacer::context::check_reachability :time 0.01 :before-memory 13.65 :after-memory 14.43)
Propagating: 0 1 2 3 4 5  ! 6 
(spacer::context::propagate :time 0.00 :before-memory 14.43 :after-memory 14.62)
Entering level 6
expand: query!0 (6, 0) FAR  w(0) 1.
	create_child: main@entry!_BAD (5, 6) FAR 1 U 0.00
expand: main@entry!_BAD (5, 0) FAR  w(0) 1.
	create_child: main@entry (4, 6) FAR 1 U 0.00
expand: main@entry (4, 0) FAR  w(0) 1.
	create_child: main@empty.loop (3, 6) FAR 2658 U 0.00
expand: main@empty.loop (3, 0) FAR  w(0) 2658.
	create_child: main@.preheader (2, 6) FAR 3378 U 0.00
expand: main@.preheader (2, 0) FAR  w(0) 3378.
	create_child: main@.preheader!_Cond (1, 6) FAR 4118 U 0.00
expand: main@.preheader!_Cond (1, 0) FAR  w(0) 4118.
	create_child: main@_39 (0, 6) FAR 5724 U 0.00
expand: main@_39 (0, 0) FAR  w(0) 5724. F 0.00
expand: main@.preheader!_Cond (1, 0) FAR  w(0) 4118. F 0.00
expand: main@.preheader (2, 0) FAR  w(0) 3378. F 0.00
expand: main@empty.loop (3, 0) FAR  w(0) 2658. F 0.00
expand: main@entry (4, 0) FAR  w(0) 1. F 0.00
expand: main@entry!_BAD (5, 0) FAR  w(0) 1. F 0.00
expand: query!0 (6, 0) FAR  w(0) 1. F 0.00
(spacer::context::check_reachability :time 0.01 :before-memory 14.62 :after-memory 15.50)
Propagating: 0 1 2 3 4 5 6  ! 7 8 9 
(spacer::context::propagate :time 0.00 :before-memory 15.50 :after-memory 15.69)
Entering level 7
expand: query!0 (7, 0) FAR  w(0) 1. F 0.00
(spacer::context::check_reachability :time 0.00 :before-memory 15.69 :after-memory 15.69)
Propagating: 7  ! 8 9 
(spacer::context::propagate :time 0.00 :before-memory 15.69 :after-memory 15.69)
Entering level 8
expand: query!0 (8, 0) FAR  w(0) 1. F 0.00
(spacer::context::check_reachability :time 0.00 :before-memory 15.69 :after-memory 15.69)
Propagating: 8  ! 9 
(spacer::context::propagate :time 0.00 :before-memory 15.69 :after-memory 15.69)
Entering level 9
expand: query!0 (9, 0) FAR  w(0) 1.
	create_child: main@entry!_BAD (8, 9) FAR 1 U 0.00
expand: main@entry!_BAD (8, 0) FAR  w(0) 1.
	create_child: main@entry (7, 9) FAR 1 U 0.00
expand: main@entry (7, 0) FAR  w(0) 1.
	create_child: main@empty.loop (6, 9) FAR 2658 U 0.00
expand: main@empty.loop (6, 0) FAR  w(0) 2658.
	create_child: main@.preheader (5, 9) FAR 3378 U 0.00
expand: main@.preheader (5, 0) FAR  w(0) 3378.
	create_child: main@.preheader!_Cond (4, 9) FAR 4118 U 0.00
expand: main@.preheader!_Cond (4, 0) FAR  w(0) 4118.
	create_child: main@_39 (3, 9) FAR 5724 U 0.00
expand: main@_39 (3, 0) FAR  w(0) 5724.
	create_child: main@.preheader (2, 9) FAR 8710 U 0.00
expand: main@.preheader (2, 0) FAR  w(0) 8710.
	create_child: main@.preheader!_Cond (1, 9) FAR 8865 U 0.00
expand: main@.preheader!_Cond (1, 0) FAR  w(0) 8865.
	create_child: main@_39 (0, 9) FAR 8917 U 0.00
expand: main@_39 (0, 0) FAR  w(0) 8917. F 0.00
expand: main@.preheader!_Cond (1, 0) FAR  w(0) 8865. F 0.00
expand: main@.preheader (2, 0) FAR  w(0) 8710. F 0.00
expand: main@_39 (3, 0) FAR  w(0) 5724. F 0.00
expand: main@.preheader!_Cond (4, 0) FAR  w(0) 4118. F 0.00
expand: main@.preheader (5, 0) FAR  w(0) 3378. F 0.00
expand: main@empty.loop (6, 0) FAR  w(0) 2658. F 0.00
expand: main@entry (7, 0) FAR  w(0) 1. F 0.00
expand: main@entry!_BAD (8, 0) FAR  w(0) 1. F 0.00
expand: query!0 (9, 0) FAR  w(0) 1. F 0.00
(spacer::context::check_reachability :time 0.02 :before-memory 15.69 :after-memory 16.07)
Propagating: 0 1 2 3 4 5 6 7 8 9  ! 10 11 12 
(spacer::context::propagate :time 0.01 :before-memory 16.07 :after-memory 16.07)
Entering level 10
expand: query!0 (10, 0) FAR  w(0) 1. F 0.00
(spacer::context::check_reachability :time 0.00 :before-memory 16.07 :after-memory 16.17)
Propagating: 10  ! 11 12 
(spacer::context::propagate :time 0.00 :before-memory 16.17 :after-memory 16.17)
Entering level 11
expand: query!0 (11, 0) FAR  w(0) 1. F 0.00
(spacer::context::check_reachability :time 0.00 :before-memory 16.17 :after-memory 16.17)
Propagating: 11  ! 12 
(spacer::context::propagate :time 0.00 :before-memory 16.17 :after-memory 16.17)
Entering level 12
expand: query!0 (12, 0) FAR  w(0) 1.
	create_child: main@entry!_BAD (11, 12) FAR 1 U 0.00
expand: main@entry!_BAD (11, 0) FAR  w(0) 1.
	create_child: main@entry (10, 12) FAR 1 U 0.00
expand: main@entry (10, 0) FAR  w(0) 1.
	create_child: main@empty.loop (9, 12) FAR 2658 U 0.00
expand: main@empty.loop (9, 0) FAR  w(0) 2658.
	create_child: main@.preheader (8, 12) FAR 3378 U 0.00
expand: main@.preheader (8, 0) FAR  w(0) 3378.
	create_child: main@.preheader!_Cond (7, 12) FAR 4118 U 0.00
expand: main@.preheader!_Cond (7, 0) FAR  w(0) 4118.
	create_child: main@_39 (6, 12) FAR 5724 U 0.00
expand: main@_39 (6, 0) FAR  w(0) 5724.
	create_child: main@.preheader (5, 12) FAR 8710 U 0.00
expand: main@.preheader (5, 0) FAR  w(0) 8710.
	create_child: main@.preheader!_Cond (4, 12) FAR 8865 U 0.00
expand: main@.preheader!_Cond (4, 0) FAR  w(0) 8865.
	create_child: main@_39 (3, 12) FAR 8917 U 0.00
expand: main@_39 (3, 0) FAR  w(0) 8917.
	create_child: main@.preheader (2, 12) FAR 10878 U 0.00
expand: main@.preheader (2, 0) FAR  w(0) 10878.
	create_child: main@.preheader!_Cond (1, 12) FAR 10801 U 0.00
expand: main@.preheader!_Cond (1, 0) FAR  w(0) 10801.
	create_child: main@_39 (0, 12) FAR 10915 U 0.00
expand: main@_39 (0, 0) FAR  w(0) 10915. F 0.00
expand: main@.preheader!_Cond (1, 0) FAR  w(0) 10801. F 0.00
expand: main@.preheader (2, 0) FAR  w(0) 10878. F 0.00
expand: main@_39 (3, 0) FAR  w(0) 8917. F 0.00
expand: main@.preheader!_Cond (4, 0) FAR  w(0) 8865. F 0.00
expand: main@.preheader (5, 0) FAR  w(0) 8710. F 0.00
expand: main@_39 (6, 0) FAR  w(0) 5724. F 0.00
expand: main@.preheader!_Cond (7, 0) FAR  w(0) 4118. F 0.00
expand: main@.preheader (8, 0) FAR  w(0) 3378. F 0.00
expand: main@empty.loop (9, 0) FAR  w(0) 2658. F 0.00
expand: main@entry (10, 0) FAR  w(0) 1. F 0.00
expand: main@entry!_BAD (11, 0) FAR  w(0) 1. F 0.00
expand: query!0 (12, 0) FAR  w(0) 1. F 0.00
(spacer::context::check_reachability :time 0.03 :before-memory 16.17 :after-memory 16.27)
Propagating: 0 1 2 3 4 5 6 7 8 9 10 11 12  ! 13 14 15 
(spacer::context::propagate :time 0.01 :before-memory 16.27 :after-memory 16.88)
Entering level 13
expand: query!0 (13, 0) FAR  w(0) 1. F 0.00
(spacer::context::check_reachability :time 0.00 :before-memory 16.88 :after-memory 16.88)
Propagating: 13  ! 14 15 
(spacer::context::propagate :time 0.00 :before-memory 16.88 :after-memory 16.88)
Entering level 14
expand: query!0 (14, 0) FAR  w(0) 1. F 0.00
(spacer::context::check_reachability :time 0.00 :before-memory 16.88 :after-memory 16.88)
Propagating: 14  ! 15 
(spacer::context::propagate :time 0.00 :before-memory 16.88 :after-memory 16.88)
Entering level 15
expand: query!0 (15, 0) FAR  w(0) 1.
	create_child: main@entry!_BAD (14, 15) FAR 1 U 0.00
expand: main@entry!_BAD (14, 0) FAR  w(0) 1.
	create_child: main@entry (13, 15) FAR 1 U 0.00
expand: main@entry (13, 0) FAR  w(0) 1.
	create_child: main@empty.loop (12, 15) FAR 2658 U 0.00
expand: main@empty.loop (12, 0) FAR  w(0) 2658.
	create_child: main@.preheader (11, 15) FAR 3378 U 0.00
expand: main@.preheader (11, 0) FAR  w(0) 3378.
	create_child: main@.preheader!_Cond (10, 15) FAR 4118 U 0.00
expand: main@.preheader!_Cond (10, 0) FAR  w(0) 4118.
	create_child: main@_39 (9, 15) FAR 5724 U 0.00
expand: main@_39 (9, 0) FAR  w(0) 5724.
	create_child: main@.preheader (8, 15) FAR 8710 U 0.00
expand: main@.preheader (8, 0) FAR  w(0) 8710.
	create_child: main@.preheader!_Cond (7, 15) FAR 8865 U 0.00
expand: main@.preheader!_Cond (7, 0) FAR  w(0) 8865.
	create_child: main@_39 (6, 15) FAR 8917 U 0.00
expand: main@_39 (6, 0) FAR  w(0) 8917.
	create_child: main@.preheader (5, 15) FAR 10878 U 0.00
expand: main@.preheader (5, 0) FAR  w(0) 10878.
	create_child: main@.preheader!_Cond (4, 15) FAR 10801 U 0.00
expand: main@.preheader!_Cond (4, 0) FAR  w(0) 10801.
	create_child: main@_39 (3, 15) FAR 10915 U 0.00
expand: main@_39 (3, 0) FAR  w(0) 10915.
	create_child: main@.preheader (2, 15) FAR 13474 U 0.00
expand: main@.preheader (2, 0) FAR  w(0) 13474.
	create_child: main@.preheader!_Cond (1, 15) FAR 13471 U 0.00
expand: main@.preheader!_Cond (1, 0) FAR  w(0) 13471.
	create_child: main@_39 (0, 15) FAR 13483 U 0.00
expand: main@_39 (0, 0) FAR  w(0) 13483. F 0.00
expand: main@.preheader!_Cond (1, 0) FAR  w(0) 13471. F 0.00
expand: main@.preheader (2, 0) FAR  w(0) 13474. F 0.00
expand: main@_39 (3, 0) FAR  w(0) 10915. F 0.00
expand: main@.preheader!_Cond (4, 0) FAR  w(0) 10801. F 0.00
expand: main@.preheader (5, 0) FAR  w(0) 10878. F 0.00
expand: main@_39 (6, 0) FAR  w(0) 8917. F 0.00
expand: main@.preheader!_Cond (7, 0) FAR  w(0) 8865. F 0.00
expand: main@.preheader (8, 0) FAR  w(0) 8710. F 0.00
expand: main@_39 (9, 0) FAR  w(0) 5724. F 0.00
expand: main@.preheader!_Cond (10, 0) FAR  w(0) 4118. F 0.00
expand: main@.preheader (11, 0) FAR  w(0) 3378. F 0.00
expand: main@empty.loop (12, 0) FAR  w(0) 2658. F 0.00
expand: main@entry (13, 0) FAR  w(0) 1. F 0.00
expand: main@entry!_BAD (14, 0) FAR  w(0) 1. F 0.00
expand: query!0 (15, 0) FAR  w(0) 1. F 0.00
(spacer::context::check_reachability :time 0.04 :before-memory 16.88 :after-memory 17.18)
Propagating: 0 1 2 3 4 5 6 7 8 9 10 11 12 13 14 15  ! 16 17 18 
(spacer::context::propagate :time 0.01 :before-memory 17.18 :after-memory 17.28)
Entering level 16
expand: query!0 (16, 0) FAR  w(0) 1. F 0.00
(spacer::context::check_reachability :time 0.00 :before-memory 17.28 :after-memory 17.28)
Propagating: 16  ! 17 18 
(spacer::context::propagate :time 0.00 :before-memory 17.28 :after-memory 17.28)
Entering level 17
expand: query!0 (17, 0) FAR  w(0) 1. F 0.00
(spacer::context::check_reachability :time 0.00 :before-memory 17.28 :after-memory 17.28)
Propagating: 17  ! 18 
(spacer::context::propagate :time 0.00 :before-memory 17.28 :after-memory 17.28)
Entering level 18
expand: query!0 (18, 0) FAR  w(0) 1.
	create_child: main@entry!_BAD (17, 18) FAR 1 U 0.00
expand: main@entry!_BAD (17, 0) FAR  w(0) 1.
	create_child: main@entry (16, 18) FAR 1 U 0.00
expand: main@entry (16, 0) FAR  w(0) 1.
	create_child: main@empty.loop (15, 18) FAR 2658 U 0.00
expand: main@empty.loop (15, 0) FAR  w(0) 2658.
	create_child: main@.preheader (14, 18) FAR 3378 U 0.00
expand: main@.preheader (14, 0) FAR  w(0) 3378.
	create_child: main@.preheader!_Cond (13, 18) FAR 4118 U 0.00
expand: main@.preheader!_Cond (13, 0) FAR  w(0) 4118.
	create_child: main@_39 (12, 18) FAR 5724 U 0.00
expand: main@_39 (12, 0) FAR  w(0) 5724.
	create_child: main@.preheader (11, 18) FAR 8710 U 0.00
expand: main@.preheader (11, 0) FAR  w(0) 8710.
	create_child: main@.preheader!_Cond (10, 18) FAR 8865 U 0.00
expand: main@.preheader!_Cond (10, 0) FAR  w(0) 8865.
	create_child: main@_39 (9, 18) FAR 8917 U 0.00
expand: main@_39 (9, 0) FAR  w(0) 8917.
	create_child: main@.preheader (8, 18) FAR 10878 U 0.00
expand: main@.preheader (8, 0) FAR  w(0) 10878.
	create_child: main@.preheader!_Cond (7, 18) FAR 10801 U 0.00
expand: main@.preheader!_Cond (7, 0) FAR  w(0) 10801.
	create_child: main@_39 (6, 18) FAR 10915 U 0.00
expand: main@_39 (6, 0) FAR  w(0) 10915.
	create_child: main@.preheader (5, 18) FAR 13474 U 0.00
expand: main@.preheader (5, 0) FAR  w(0) 13474.
	create_child: main@.preheader!_Cond (4, 18) FAR 13471 U 0.00
expand: main@.preheader!_Cond (4, 0) FAR  w(0) 13471.
	create_child: main@_39 (3, 18) FAR 13483 U 0.00
expand: main@_39 (3, 0) FAR  w(0) 13483.
	create_child: main@.preheader (2, 18) FAR 16644 U 0.00
expand: main@.preheader (2, 0) FAR  w(0) 16644.
	create_child: main@.preheader!_Cond (1, 18) FAR 16646 U 0.00
expand: main@.preheader!_Cond (1, 0) FAR  w(0) 16646.
	create_child: main@_39 (0, 18) FAR 16674 U 0.00
expand: main@_39 (0, 0) FAR  w(0) 16674. F 0.00
expand: main@.preheader!_Cond (1, 0) FAR  w(0) 16646. F 0.00
expand: main@.preheader (2, 0) FAR  w(0) 16644. F 0.00
expand: main@_39 (3, 0) FAR  w(0) 13483. F 0.00
expand: main@.preheader!_Cond (4, 0) FAR  w(0) 13471. F 0.00
expand: main@.preheader (5, 0) FAR  w(0) 13474. F 0.00
expand: main@_39 (6, 0) FAR  w(0) 10915. F 0.00
expand: main@.preheader!_Cond (7, 0) FAR  w(0) 10801. F 0.00
expand: main@.preheader (8, 0) FAR  w(0) 10878. F 0.00
expand: main@_39 (9, 0) FAR  w(0) 8917. F 0.00
expand: main@.preheader!_Cond (10, 0) FAR  w(0) 8865. F 0.00
expand: main@.preheader (11, 0) FAR  w(0) 8710. F 0.00
expand: main@_39 (12, 0) FAR  w(0) 5724. F 0.00
expand: main@.preheader!_Cond (13, 0) FAR  w(0) 4118. F 0.00
expand: main@.preheader (14, 0) FAR  w(0) 3378. F 0.00
expand: main@empty.loop (15, 0) FAR  w(0) 2658. F 0.00
expand: main@entry (16, 0) FAR  w(0) 1. F 0.00
expand: main@entry!_BAD (17, 0) FAR  w(0) 1. F 0.00
expand: query!0 (18, 0) FAR  w(0) 1. F 0.00
(spacer::context::check_reachability :time 0.04 :before-memory 17.28 :after-memory 17.47)
Propagating: 0 1 2 3 4 5 6 7 8 9 10 11 12 13 14 15 16 17 18  ! 19 20 21 
(spacer::context::propagate :time 0.01 :before-memory 17.47 :after-memory 17.92)
Entering level 19
expand: query!0 (19, 0) FAR  w(0) 1. F 0.00
(spacer::context::check_reachability :time 0.00 :before-memory 17.92 :after-memory 17.92)
Propagating: 19  ! 20 21 
(spacer::context::propagate :time 0.00 :before-memory 17.92 :after-memory 17.92)
Entering level 20
expand: query!0 (20, 0) FAR  w(0) 1. F 0.00
(spacer::context::check_reachability :time 0.00 :before-memory 17.92 :after-memory 17.92)
Propagating: 20  ! 21 
(spacer::context::propagate :time 0.00 :before-memory 17.92 :after-memory 17.92)
Entering level 21
expand: query!0 (21, 0) FAR  w(0) 1.
	create_child: main@entry!_BAD (20, 21) FAR 1 U 0.00
expand: main@entry!_BAD (20, 0) FAR  w(0) 1.
	create_child: main@entry (19, 21) FAR 1 U 0.00
expand: main@entry (19, 0) FAR  w(0) 1.
	create_child: main@empty.loop (18, 21) FAR 2658 U 0.00
expand: main@empty.loop (18, 0) FAR  w(0) 2658.
	create_child: main@.preheader (17, 21) FAR 3378 U 0.00
expand: main@.preheader (17, 0) FAR  w(0) 3378.
	create_child: main@.preheader!_Cond (16, 21) FAR 4118 U 0.00
expand: main@.preheader!_Cond (16, 0) FAR  w(0) 4118.
	create_child: main@_39 (15, 21) FAR 5724 U 0.00
expand: main@_39 (15, 0) FAR  w(0) 5724.
	create_child: main@.preheader (14, 21) FAR 8710 U 0.00
expand: main@.preheader (14, 0) FAR  w(0) 8710.
	create_child: main@.preheader!_Cond (13, 21) FAR 8865 U 0.00
expand: main@.preheader!_Cond (13, 0) FAR  w(0) 8865.
	create_child: main@_39 (12, 21) FAR 8917 U 0.00
expand: main@_39 (12, 0) FAR  w(0) 8917.
	create_child: main@.preheader (11, 21) FAR 10878 U 0.00
expand: main@.preheader (11, 0) FAR  w(0) 10878.
	create_child: main@.preheader!_Cond (10, 21) FAR 10801 U 0.00
expand: main@.preheader!_Cond (10, 0) FAR  w(0) 10801.
	create_child: main@_39 (9, 21) FAR 10915 U 0.00
expand: main@_39 (9, 0) FAR  w(0) 10915.
	create_child: main@.preheader (8, 21) FAR 13474 U 0.00
expand: main@.preheader (8, 0) FAR  w(0) 13474.
	create_child: main@.preheader!_Cond (7, 21) FAR 13471 U 0.03
expand: main@.preheader!_Cond (7, 0) FAR  w(0) 13471.
	create_child: main@_39 (6, 21) FAR 13483 U 0.00
expand: main@_39 (6, 0) FAR  w(0) 13483.
	create_child: main@.preheader (5, 21) FAR 16644 U 0.00
expand: main@.preheader (5, 0) FAR  w(0) 16644.
	create_child: main@.preheader!_Cond (4, 21) FAR 16646 U 0.00
expand: main@.preheader!_Cond (4, 0) FAR  w(0) 16646.
	create_child: main@_39 (3, 21) FAR 16674 U 0.00
expand: main@_39 (3, 0) FAR  w(0) 16674.
	create_child: main@.preheader (2, 21) FAR 20374 U 0.00
expand: main@.preheader (2, 0) FAR  w(0) 20374.
	create_child: main@.preheader!_Cond (1, 21) FAR 20294 U 0.00
expand: main@.preheader!_Cond (1, 0) FAR  w(0) 20294.
	create_child: main@_39 (0, 21) FAR 20386 U 0.00
expand: main@_39 (0, 0) FAR  w(0) 20386. F 0.00
expand: main@.preheader!_Cond (1, 0) FAR  w(0) 20294. F 0.00
expand: main@.preheader (2, 0) FAR  w(0) 20374. F 0.00
expand: main@_39 (3, 0) FAR  w(0) 16674. F 0.00
expand: main@.preheader!_Cond (4, 0) FAR  w(0) 16646. F 0.00
expand: main@.preheader (5, 0) FAR  w(0) 16644. F 0.00
expand: main@_39 (6, 0) FAR  w(0) 13483. F 0.00
expand: main@.preheader!_Cond (7, 0) FAR  w(0) 13471. F 0.00
expand: main@.preheader (8, 0) FAR  w(0) 13474. F 0.00
expand: main@_39 (9, 0) FAR  w(0) 10915. F 0.00
expand: main@.preheader!_Cond (10, 0) FAR  w(0) 10801. F 0.00
expand: main@.preheader (11, 0) FAR  w(0) 10878. F 0.00
expand: main@_39 (12, 0) FAR  w(0) 8917. F 0.00
expand: main@.preheader!_Cond (13, 0) FAR  w(0) 8865. F 0.00
expand: main@.preheader (14, 0) FAR  w(0) 8710. F 0.00
expand: main@_39 (15, 0) FAR  w(0) 5724. F 0.00
expand: main@.preheader!_Cond (16, 0) FAR  w(0) 4118. F 0.00
expand: main@.preheader (17, 0) FAR  w(0) 3378. F 0.00
expand: main@empty.loop (18, 0) FAR  w(0) 2658. F 0.00
expand: main@entry (19, 0) FAR  w(0) 1. F 0.00
expand: main@entry!_BAD (20, 0) FAR  w(0) 1. F 0.00
expand: query!0 (21, 0) FAR  w(0) 1. F 0.00
(spacer::context::check_reachability :time 0.07 :before-memory 17.92 :after-memory 18.30)
Propagating: 0 1 2 3 4 5 6 7 8 9 10 11 12 13 14 15 16 17 18 19 20 21  ! 22 23 24 
(spacer::context::propagate :time 0.02 :before-memory 18.30 :after-memory 18.50)
Entering level 22
expand: query!0 (22, 0) FAR  w(0) 1. F 0.00
(spacer::context::check_reachability :time 0.00 :before-memory 18.50 :after-memory 18.50)
Propagating: 22  ! 23 24 
(spacer::context::propagate :time 0.00 :before-memory 18.50 :after-memory 18.50)
Entering level 23
expand: query!0 (23, 0) FAR  w(0) 1. F 0.00
(spacer::context::check_reachability :time 0.00 :before-memory 18.50 :after-memory 18.50)
Propagating: 23  ! 24 
(spacer::context::propagate :time 0.00 :before-memory 18.50 :after-memory 18.50)
Entering level 24
expand: query!0 (24, 0) FAR  w(0) 1.
	create_child: main@entry!_BAD (23, 24) FAR 1 U 0.00
expand: main@entry!_BAD (23, 0) FAR  w(0) 1.
	create_child: main@entry (22, 24) FAR 1 U 0.00
expand: main@entry (22, 0) FAR  w(0) 1.
	create_child: main@empty.loop (21, 24) FAR 2658 U 0.00
expand: main@empty.loop (21, 0) FAR  w(0) 2658.
	create_child: main@.preheader (20, 24) FAR 3378 U 0.00
expand: main@.preheader (20, 0) FAR  w(0) 3378.
	create_child: main@.preheader!_Cond (19, 24) FAR 4118 U 0.00
expand: main@.preheader!_Cond (19, 0) FAR  w(0) 4118.
	create_child: main@_39 (18, 24) FAR 5724 U 0.00
expand: main@_39 (18, 0) FAR  w(0) 5724.
	create_child: main@.preheader (17, 24) FAR 8710 U 0.00
expand: main@.preheader (17, 0) FAR  w(0) 8710.
	create_child: main@.preheader!_Cond (16, 24) FAR 8865 U 0.00
expand: main@.preheader!_Cond (16, 0) FAR  w(0) 8865.
	create_child: main@_39 (15, 24) FAR 8917 U 0.00
expand: main@_39 (15, 0) FAR  w(0) 8917.
	create_child: main@.preheader (14, 24) FAR 10878 U 0.00
expand: main@.preheader (14, 0) FAR  w(0) 10878.
	create_child: main@.preheader!_Cond (13, 24) FAR 10801 U 0.00
expand: main@.preheader!_Cond (13, 0) FAR  w(0) 10801.
	create_child: main@_39 (12, 24) FAR 10915 U 0.00
expand: main@_39 (12, 0) FAR  w(0) 10915.
	create_child: main@.preheader (11, 24) FAR 13474 U 0.00
expand: main@.preheader (11, 0) FAR  w(0) 13474.
	create_child: main@.preheader!_Cond (10, 24) FAR 13471 U 0.00
expand: main@.preheader!_Cond (10, 0) FAR  w(0) 13471.
	create_child: main@_39 (9, 24) FAR 13483 U 0.00
expand: main@_39 (9, 0) FAR  w(0) 13483.
	create_child: main@.preheader (8, 24) FAR 16644 U 0.00
expand: main@.preheader (8, 0) FAR  w(0) 16644.
	create_child: main@.preheader!_Cond (7, 24) FAR 16646 U 0.00
expand: main@.preheader!_Cond (7, 0) FAR  w(0) 16646.
	create_child: main@_39 (6, 24) FAR 16674 U 0.00
expand: main@_39 (6, 0) FAR  w(0) 16674.
	create_child: main@.preheader (5, 24) FAR 20374 U 0.00
expand: main@.preheader (5, 0) FAR  w(0) 20374.
	create_child: main@.preheader!_Cond (4, 24) FAR 20294 U 0.00
expand: main@.preheader!_Cond (4, 0) FAR  w(0) 20294.
	create_child: main@_39 (3, 24) FAR 20386 U 0.00
expand: main@_39 (3, 0) FAR  w(0) 20386.
	create_child: main@.preheader (2, 24) FAR 24658 U 0.00
expand: main@.preheader (2, 0) FAR  w(0) 24658.
	create_child: main@.preheader!_Cond (1, 24) FAR 24613 U 0.00
expand: main@.preheader!_Cond (1, 0) FAR  w(0) 24613.
	create_child: main@_34 (0, 24) FAR 25520 U 0.00
expand: main@_34 (0, 0) FAR  w(0) 25520. F 0.00
expand: main@.preheader!_Cond (1, 0) FAR  w(0) 24613. F 0.00
expand: main@.preheader (2, 0) FAR  w(0) 24658. F 0.00
expand: main@_39 (3, 0) FAR  w(0) 20386. F 0.00
expand: main@.preheader!_Cond (4, 0) FAR  w(0) 20294. F 0.00
expand: main@.preheader (5, 0) FAR  w(0) 20374. F 0.00
expand: main@_39 (6, 0) FAR  w(0) 16674. F 0.00
expand: main@.preheader!_Cond (7, 0) FAR  w(0) 16646. F 0.00
expand: main@.preheader (8, 0) FAR  w(0) 16644. F 0.00
expand: main@_39 (9, 0) FAR  w(0) 13483. F 0.00
expand: main@.preheader!_Cond (10, 0) FAR  w(0) 13471. F 0.00
expand: main@.preheader (11, 0) FAR  w(0) 13474. F 0.00
expand: main@_39 (12, 0) FAR  w(0) 10915. F 0.00
expand: main@.preheader!_Cond (13, 0) FAR  w(0) 10801. F 0.00
expand: main@.preheader (14, 0) FAR  w(0) 10878. F 0.00
expand: main@_39 (15, 0) FAR  w(0) 8917. F 0.00
expand: main@.preheader!_Cond (16, 0) FAR  w(0) 8865. F 0.00
expand: main@.preheader (17, 0) FAR  w(0) 8710. F 0.00
expand: main@_39 (18, 0) FAR  w(0) 5724. F 0.00
expand: main@.preheader!_Cond (19, 0) FAR  w(0) 4118. F 0.00
expand: main@.preheader (20, 0) FAR  w(0) 3378. F 0.00
expand: main@empty.loop (21, 0) FAR  w(0) 2658. F 0.00
expand: main@entry (22, 0) FAR  w(0) 1. F 0.00
expand: main@entry!_BAD (23, 0) FAR  w(0) 1. F 0.00
expand: query!0 (24, 0) FAR  w(0) 1. F 0.00
(spacer::context::check_reachability :time 0.06 :before-memory 18.50 :after-memory 21.01)
Propagating: 0 1 2 3 4 5 6 7 8 9 10 11 12 13 14 15 16 17 18 19 20 21 22 23 24  ! 25 
(spacer::context::propagate :time 0.00 :before-memory 21.01 :after-memory 21.31)
Entering level 25
expand: query!0 (25, 0) FAR  w(0) 1.
	create_child: main@entry!_BAD (24, 25) FAR 1 U 0.00
expand: main@entry!_BAD (24, 0) FAR  w(0) 1.
	create_child: main@entry (23, 25) FAR 1 U 0.00
expand: main@entry (23, 0) FAR  w(0) 1.
	create_child: main@empty.loop (22, 25) FAR 2658 U 0.00
expand: main@empty.loop (22, 0) FAR  w(0) 2658.
	create_child: main@.preheader (21, 25) FAR 3378 U 0.00
expand: main@.preheader (21, 0) FAR  w(0) 3378.
	create_child: main@.preheader!_Cond (20, 25) FAR 4118 U 0.00
expand: main@.preheader!_Cond (20, 0) FAR  w(0) 4118.
	create_child: main@_39 (19, 25) FAR 5724 U 0.00
expand: main@_39 (19, 0) FAR  w(0) 5724.
	create_child: main@.preheader (18, 25) FAR 8710 U 0.00
expand: main@.preheader (18, 0) FAR  w(0) 8710.
	create_child: main@.preheader!_Cond (17, 25) FAR 8865 U 0.00
expand: main@.preheader!_Cond (17, 0) FAR  w(0) 8865.
	create_child: main@_39 (16, 25) FAR 8917 U 0.00
expand: main@_39 (16, 0) FAR  w(0) 8917.
	create_child: main@.preheader (15, 25) FAR 10878 U 0.00
expand: main@.preheader (15, 0) FAR  w(0) 10878.
	create_child: main@.preheader!_Cond (14, 25) FAR 10801 U 0.00
expand: main@.preheader!_Cond (14, 0) FAR  w(0) 10801.
	create_child: main@_39 (13, 25) FAR 10915 U 0.00
expand: main@_39 (13, 0) FAR  w(0) 10915.
	create_child: main@.preheader (12, 25) FAR 13474 U 0.00
expand: main@.preheader (12, 0) FAR  w(0) 13474.
	create_child: main@.preheader!_Cond (11, 25) FAR 13471 U 0.00
expand: main@.preheader!_Cond (11, 0) FAR  w(0) 13471.
	create_child: main@_39 (10, 25) FAR 13483 U 0.00
expand: main@_39 (10, 0) FAR  w(0) 13483.
	create_child: main@.preheader (9, 25) FAR 16644 U 0.00
expand: main@.preheader (9, 0) FAR  w(0) 16644.
	create_child: main@.preheader!_Cond (8, 25) FAR 16646 U 0.00
expand: main@.preheader!_Cond (8, 0) FAR  w(0) 16646.
	create_child: main@_39 (7, 25) FAR 16674 U 0.00
expand: main@_39 (7, 0) FAR  w(0) 16674.
	create_child: main@.preheader (6, 25) FAR 20374 U 0.00
expand: main@.preheader (6, 0) FAR  w(0) 20374.
	create_child: main@.preheader!_Cond (5, 25) FAR 20294 U 0.00
expand: main@.preheader!_Cond (5, 0) FAR  w(0) 20294.
	create_child: main@_39 (4, 25) FAR 20386 U 0.00
expand: main@_39 (4, 0) FAR  w(0) 20386.
	create_child: main@.preheader (3, 25) FAR 24658 U 0.00
expand: main@.preheader (3, 0) FAR  w(0) 24658.
	create_child: main@.preheader!_Cond (2, 25) FAR 24613 U 0.00
expand: main@.preheader!_Cond (2, 0) FAR  w(0) 24613.
	create_child: main@_34 (1, 25) FAR 25520 U 0.00
expand: main@_34 (1, 0) FAR  w(0) 25520. T 0.00
is-reachable: main@.preheader!_Cond (2, 0) FAR 24613 T 0.00
is-reachable: main@.preheader (3, 0) FAR 24658 T 0.00
is-reachable: main@_39 (4, 0) FAR 20386
	create_child: main@_34 (4, 25) FAR 32940 X 0.00
is-reachable: main@_34 (4, 0) FAR 32940 T 0.00
is-reachable: main@.preheader!_Cond (5, 0) FAR 20294 T 0.00
is-reachable: main@.preheader (6, 0) FAR 20374 T 0.00
is-reachable: main@_39 (7, 0) FAR 16674
	create_child: main@_34 (7, 25) FAR 34591 X 0.00
is-reachable: main@_34 (7, 0) FAR 34591 T 0.00
is-reachable: main@.preheader!_Cond (8, 0) FAR 16646 T 0.00
is-reachable: main@.preheader (9, 0) FAR 16644 T 0.00
is-reachable: main@_39 (10, 0) FAR 13483
	create_child: main@_34 (10, 25) FAR 35593 X 0.00
is-reachable: main@_34 (10, 0) FAR 35593 T 0.00
is-reachable: main@.preheader!_Cond (11, 0) FAR 13471 T 0.00
is-reachable: main@.preheader (12, 0) FAR 13474 T 0.00
is-reachable: main@_39 (13, 0) FAR 10915
	create_child: main@_34 (13, 25) FAR 37500 X 0.01
is-reachable: main@_34 (13, 0) FAR 37500 T 0.00
is-reachable: main@.preheader!_Cond (14, 0) FAR 10801 T 0.00
is-reachable: main@.preheader (15, 0) FAR 10878 T 0.00
is-reachable: main@_39 (16, 0) FAR 8917
	create_child: main@_34 (16, 25) FAR 40050 X 0.01
is-reachable: main@_34 (16, 0) FAR 40050 T 0.00
is-reachable: main@.preheader!_Cond (17, 0) FAR 8865 T 0.01
is-reachable: main@.preheader (18, 0) FAR 8710 T 0.01
is-reachable: main@_39 (19, 0) FAR 5724
	create_child: main@_34 (19, 25) FAR 44313 X 0.01
is-reachable: main@_34 (19, 0) FAR 44313 T 0.01
is-reachable: main@.preheader!_Cond (20, 0) FAR 4118 T 0.01
is-reachable: main@.preheader (21, 0) FAR 3378 T 0.01
is-reachable: main@empty.loop (22, 0) FAR 2658 T 0.01
is-reachable: main@entry (23, 0) FAR 1 F 0.00
Deleting closed node: main@.preheader!_Cond(2, 25) 24613
Deleting closed node: main@.preheader(3, 25) 24658
Deleting closed node: main@_39(4, 25) 20386
Deleting closed node: main@_34(4, 25) 32940
Deleting closed node: main@.preheader!_Cond(5, 25) 20294
Deleting closed node: main@.preheader(6, 25) 20374
Deleting closed node: main@_39(7, 25) 16674
Deleting closed node: main@_34(7, 25) 34591
Deleting closed node: main@.preheader!_Cond(8, 25) 16646
Deleting closed node: main@.preheader(9, 25) 16644
Deleting closed node: main@_39(10, 25) 13483
Deleting closed node: main@_34(10, 25) 35593
Deleting closed node: main@.preheader!_Cond(11, 25) 13471
Deleting closed node: main@.preheader(12, 25) 13474
Deleting closed node: main@_39(13, 25) 10915
Deleting closed node: main@_34(13, 25) 37500
Deleting closed node: main@.preheader!_Cond(14, 25) 10801
Deleting closed node: main@.preheader(15, 25) 10878
Deleting closed node: main@_39(16, 25) 8917
Deleting closed node: main@_34(16, 25) 40050
Deleting closed node: main@.preheader!_Cond(17, 25) 8865
Deleting closed node: main@.preheader(18, 25) 8710
Deleting closed node: main@_39(19, 25) 5724
Deleting closed node: main@_34(19, 25) 44313
Deleting closed node: main@.preheader!_Cond(20, 25) 4118
Deleting closed node: main@.preheader(21, 25) 3378
Deleting closed node: main@empty.loop(22, 25) 2658
expand: main@entry (23, 0) FAR  w(1) 1. T 0.01
is-reachable: main@entry!_BAD (24, 0) FAR 1 T 0.00
is-reachable: query!0 (25, 0) FAR 1 T 0.00
(spacer::context::check_reachability :time 0.17 :before-memory 21.31 :after-memory 33.56)
