(transform N7datalog13mk_coi_filterE...no-op 0s)
(transform N7datalog25mk_interp_tail_simplifierE...11 rules 0.001s)
(transform N7datalog27mk_quantifier_instantiationE...no-op 0s)
(transform N7datalog8mk_scaleE...no-op 0s)
(transform N7datalog18mk_karr_invariantsE...no-op 0s)
(transform N7datalog14mk_array_blastE...no-op 0s)
(transform N7datalog16mk_elim_term_iteE...no-op 0s)
(transform N7datalog22mk_subsumption_checkerE...10 rules 0s)
(transform N7datalog12mk_bit_blastE...no-op 0s)
(transform N7datalog15mk_rule_inlinerE...no-op 0s)
(transform N7datalog13mk_coi_filterE...no-op 0s)
(transform N7datalog25mk_interp_tail_simplifierE...10 rules 0s)
(transform N7datalog22mk_subsumption_checkerE...no-op 0s)
(transform N7datalog15mk_rule_inlinerE...no-op 0s)
(transform N7datalog13mk_coi_filterE...no-op 0s)
(transform N7datalog25mk_interp_tail_simplifierE...10 rules 0s)
(transform N7datalog22mk_subsumption_checkerE...no-op 0s)
(transform N7datalog15mk_rule_inlinerE...no-op 0s)
(transform N7datalog22mk_subsumption_checkerE...no-op 0s)
(transform N7datalog15mk_rule_inlinerE...no-op 0s)
(transform N7datalog22mk_subsumption_checkerE...no-op 0s)
(transform N7datalog15mk_rule_inlinerE...no-op 0s)
(transform N7datalog22mk_subsumption_checkerE...no-op 0s)
expand: query!0 (0, 0) FAR  w(0) 1. F 0.00
(spacer::context::check_reachability :time 0.00 :before-memory 12.14 :after-memory 12.34)
Entering level 1
expand: query!0 (1, 0) FAR  w(0) 1.
	create_child: main@entry!_BAD (0, 1) FAR 1 U 0.00
expand: main@entry!_BAD (0, 0) FAR  w(0) 1. F 0.00
expand: query!0 (1, 0) FAR  w(0) 1. F 0.00
(spacer::context::check_reachability :time 0.00 :before-memory 12.34 :after-memory 12.53)
Propagating: 0 1  ! 2 
(spacer::context::propagate :time 0.00 :before-memory 12.53 :after-memory 12.53)
Entering level 2
expand: query!0 (2, 0) FAR  w(0) 1.
	create_child: main@entry!_BAD (1, 2) FAR 1 U 0.00
expand: main@entry!_BAD (1, 0) FAR  w(0) 1.
	create_child: main@entry (0, 2) FAR 1 U 0.00
expand: main@entry (0, 0) FAR  w(0) 1. F 0.00
expand: main@entry!_BAD (1, 0) FAR  w(0) 1. F 0.00
expand: query!0 (2, 0) FAR  w(0) 1. F 0.00
(spacer::context::check_reachability :time 0.00 :before-memory 12.53 :after-memory 12.72)
Propagating: 0 1 2  ! 3 
(spacer::context::propagate :time 0.00 :before-memory 12.72 :after-memory 12.72)
Entering level 3
expand: query!0 (3, 0) FAR  w(0) 1.
	create_child: main@entry!_BAD (2, 3) FAR 1 U 0.00
expand: main@entry!_BAD (2, 0) FAR  w(0) 1.
	create_child: main@entry (1, 3) FAR 1 U 0.00
expand: main@entry (1, 0) FAR  w(0) 1.
	create_child: main@.lr.ph (0, 3) FAR 1545 U 0.00
expand: main@.lr.ph (0, 0) FAR  w(0) 1545. F 0.00
expand: main@entry (1, 0) FAR  w(0) 1.
	create_child: main@._crit_edge (0, 3) FAR 1973 U 0.00
expand: main@._crit_edge (0, 0) FAR  w(0) 1973. F 0.00
expand: main@entry (1, 0) FAR  w(0) 1. F 0.00
expand: main@entry!_BAD (2, 0) FAR  w(0) 1. F 0.00
expand: query!0 (3, 0) FAR  w(0) 1. F 0.00
(spacer::context::check_reachability :time 0.00 :before-memory 12.72 :after-memory 13.11)
Propagating: 0 1 2 3  ! 4 
(spacer::context::propagate :time 0.00 :before-memory 13.11 :after-memory 13.20)
Entering level 4
expand: query!0 (4, 0) FAR  w(0) 1.
	create_child: main@entry!_BAD (3, 4) FAR 1 U 0.00
expand: main@entry!_BAD (3, 0) FAR  w(0) 1.
	create_child: main@entry (2, 4) FAR 1 U 0.00
expand: main@entry (2, 0) FAR  w(0) 1.
	create_child: main@._crit_edge (1, 4) FAR 1973 U 0.00
expand: main@._crit_edge (1, 0) FAR  w(0) 1973.
	create_child: main@._crit_edge!_Cond (0, 4) FAR 2027 U 0.00
expand: main@._crit_edge!_Cond (0, 0) FAR  w(0) 2027. F 0.00
expand: main@._crit_edge (1, 0) FAR  w(0) 1973. F 0.00
expand: main@entry (2, 0) FAR  w(0) 1. F 0.00
expand: main@entry!_BAD (3, 0) FAR  w(0) 1. F 0.00
expand: query!0 (4, 0) FAR  w(0) 1. F 0.00
(spacer::context::check_reachability :time 0.00 :before-memory 13.20 :after-memory 13.40)
Propagating: 0 1 2 3 4  ! 5 
(spacer::context::propagate :time 0.00 :before-memory 13.40 :after-memory 13.60)
Entering level 5
expand: query!0 (5, 0) FAR  w(0) 1.
	create_child: main@entry!_BAD (4, 5) FAR 1 U 0.00
expand: main@entry!_BAD (4, 0) FAR  w(0) 1.
	create_child: main@entry (3, 5) FAR 1 U 0.00
expand: main@entry (3, 0) FAR  w(0) 1.
	create_child: main@._crit_edge (2, 5) FAR 1973 U 0.00
expand: main@._crit_edge (2, 0) FAR  w(0) 1973.
	create_child: main@._crit_edge!_Cond (1, 5) FAR 2027 U 0.00
expand: main@._crit_edge!_Cond (1, 0) FAR  w(0) 2027.
	create_child: main@verifier.error (0, 5) FAR 2818 U 0.00
expand: main@verifier.error (0, 0) FAR  w(0) 2818. F 0.00
expand: main@._crit_edge!_Cond (1, 0) FAR  w(0) 2027. F 0.00
expand: main@._crit_edge (2, 0) FAR  w(0) 1973. F 0.00
expand: main@entry (3, 0) FAR  w(0) 1. F 0.00
expand: main@entry!_BAD (4, 0) FAR  w(0) 1. F 0.00
expand: query!0 (5, 0) FAR  w(0) 1. F 0.00
(spacer::context::check_reachability :time 0.01 :before-memory 13.60 :after-memory 13.79)
Propagating: 0 1 2 3 4 5  ! 6 
(spacer::context::propagate :time 0.00 :before-memory 13.79 :after-memory 13.79)
Entering level 6
expand: query!0 (6, 0) FAR  w(0) 1.
	create_child: main@entry!_BAD (5, 6) FAR 1 U 0.00
expand: main@entry!_BAD (5, 0) FAR  w(0) 1.
	create_child: main@entry (4, 6) FAR 1 U 0.00
expand: main@entry (4, 0) FAR  w(0) 1.
	create_child: main@.lr.ph (3, 6) FAR 1545 U 0.00
expand: main@.lr.ph (3, 0) FAR  w(0) 1545. F 0.00
expand: main@entry (4, 0) FAR  w(0) 1. F 0.00
expand: main@entry!_BAD (5, 0) FAR  w(0) 1. F 0.00
expand: query!0 (6, 0) FAR  w(0) 1. F 0.00
(spacer::context::check_reachability :time 0.00 :before-memory 13.79 :after-memory 13.79)
Propagating: 3 4 5 6  ! 7 
(spacer::context::propagate :time 0.00 :before-memory 13.79 :after-memory 13.79)
Entering level 7
expand: query!0 (7, 0) FAR  w(0) 1.
	create_child: main@entry!_BAD (6, 7) FAR 1 U 0.00
expand: main@entry!_BAD (6, 0) FAR  w(0) 1.
	create_child: main@entry (5, 7) FAR 1 U 0.00
expand: main@entry (5, 0) FAR  w(0) 1.
	create_child: main@.lr.ph (4, 7) FAR 3258 U 0.00
expand: main@.lr.ph (4, 0) FAR  w(0) 3258. F 0.00
expand: main@entry (5, 0) FAR  w(0) 1. F 0.00
expand: main@entry!_BAD (6, 0) FAR  w(0) 1. F 0.00
expand: query!0 (7, 0) FAR  w(0) 1. F 0.00
(spacer::context::check_reachability :time 0.01 :before-memory 13.79 :after-memory 13.89)
Propagating: 4 
(spacer::context::propagate :time 0.00 :before-memory 13.89 :after-memory 13.89)
(define-fun main@entry!_BAD () Bool
  false)
(define-fun main@verifier.error ((x!0 Int)) Bool
  (not (>= x!0 9)))
(define-fun main@._crit_edge ((x!0 Int) (x!1 Int) (x!2 Int)) Bool
  (not (>= x!1 9)))
(define-fun main@.lr.ph ((x!0 Int) (x!1 Int) (x!2 Int) (x!3 Int) (x!4 Int)) Bool
  (or (not (>= x!3 0)) (not (>= x!4 3)) (not (>= x!2 9))))
(define-fun main@entry ((x!0 Int) (x!1 Int) (x!2 Int)) Bool
  false)
(define-fun main@_17 ((x!0 Int) (x!1 Int)) Bool
  true)
(define-fun main@._crit_edge!_Cond ((x!0 Int) (x!1 Int) (x!2 Int)) Bool
  (not (>= x!2 9)))
