(transform N7datalog13mk_coi_filterE...no-op 0s)
(transform N7datalog25mk_interp_tail_simplifierE...10 rules 0.001s)
(transform N7datalog27mk_quantifier_instantiationE...no-op 0s)
(transform N7datalog8mk_scaleE...no-op 0s)
(transform N7datalog18mk_karr_invariantsE...no-op 0s)
(transform N7datalog14mk_array_blastE...no-op 0s)
(transform N7datalog16mk_elim_term_iteE...no-op 0s)
(transform N7datalog22mk_subsumption_checkerE...9 rules 0s)
(transform N7datalog12mk_bit_blastE...no-op 0s)
(transform N7datalog15mk_rule_inlinerE...no-op 0s)
(transform N7datalog13mk_coi_filterE...no-op 0s)
(transform N7datalog25mk_interp_tail_simplifierE...9 rules 0s)
(transform N7datalog22mk_subsumption_checkerE...no-op 0s)
(transform N7datalog15mk_rule_inlinerE...no-op 0s)
(transform N7datalog13mk_coi_filterE...no-op 0s)
(transform N7datalog25mk_interp_tail_simplifierE...9 rules 0s)
(transform N7datalog22mk_subsumption_checkerE...no-op 0s)
(transform N7datalog15mk_rule_inlinerE...no-op 0s)
(transform N7datalog22mk_subsumption_checkerE...no-op 0s)
(transform N7datalog15mk_rule_inlinerE...no-op 0s)
(transform N7datalog22mk_subsumption_checkerE...no-op 0s)
(transform N7datalog15mk_rule_inlinerE...no-op 0s)
(transform N7datalog22mk_subsumption_checkerE...no-op 0s)
expand: query!0 (0, 0) FAR  w(0) 1. F 0.00
(spacer::context::check_reachability :time 0.00 :before-memory 12.28 :after-memory 12.38)
Entering level 1
expand: query!0 (1, 0) FAR  w(0) 1.
	create_child: main@entry!_BAD (0, 1) FAR 1 U 0.00
expand: main@entry!_BAD (0, 0) FAR  w(0) 1. F 0.00
expand: query!0 (1, 0) FAR  w(0) 1. F 0.00
(spacer::context::check_reachability :time 0.00 :before-memory 12.38 :after-memory 12.48)
Propagating: 0 1  ! 2 
(spacer::context::propagate :time 0.00 :before-memory 12.48 :after-memory 12.48)
Entering level 2
expand: query!0 (2, 0) FAR  w(0) 1.
	create_child: main@entry!_BAD (1, 2) FAR 1 U 0.00
expand: main@entry!_BAD (1, 0) FAR  w(0) 1.
	create_child: main@entry (0, 2) FAR 1 U 0.00
expand: main@entry (0, 0) FAR  w(0) 1. F 0.00
expand: main@entry!_BAD (1, 0) FAR  w(0) 1. F 0.00
expand: query!0 (2, 0) FAR  w(0) 1. F 0.00
(spacer::context::check_reachability :time 0.00 :before-memory 12.48 :after-memory 12.76)
Propagating: 0 1 2  ! 3 
(spacer::context::propagate :time 0.00 :before-memory 12.76 :after-memory 12.76)
Entering level 3
expand: query!0 (3, 0) FAR  w(0) 1.
	create_child: main@entry!_BAD (2, 3) FAR 1 U 0.00
expand: main@entry!_BAD (2, 0) FAR  w(0) 1.
	create_child: main@entry (1, 3) FAR 1 U 0.00
expand: main@entry (1, 0) FAR  w(0) 1.
	create_child: main@entry!_Cond (0, 3) FAR 1709 U 0.00
expand: main@entry!_Cond (0, 0) FAR  w(0) 1709. F 0.00
expand: main@entry (1, 0) FAR  w(0) 1. F 0.00
expand: main@entry!_BAD (2, 0) FAR  w(0) 1. F 0.00
expand: query!0 (3, 0) FAR  w(0) 1. F 0.00
(spacer::context::check_reachability :time 0.00 :before-memory 12.76 :after-memory 13.06)
Propagating: 0 1 2 3  ! 4 
(spacer::context::propagate :time 0.00 :before-memory 13.06 :after-memory 13.06)
Entering level 4
expand: query!0 (4, 0) FAR  w(0) 1.
	create_child: main@entry!_BAD (3, 4) FAR 1 U 0.00
expand: main@entry!_BAD (3, 0) FAR  w(0) 1.
	create_child: main@entry (2, 4) FAR 1 U 0.00
expand: main@entry (2, 0) FAR  w(0) 1.
	create_child: main@entry!_Cond (1, 4) FAR 1709 U 0.00
expand: main@entry!_Cond (1, 0) FAR  w(0) 1709.
	create_child: main@.lr.ph (0, 4) FAR 2398 U 0.00
expand: main@.lr.ph (0, 0) FAR  w(0) 2398. F 0.00
expand: main@entry!_Cond (1, 0) FAR  w(0) 1709. F 0.00
expand: main@entry (2, 0) FAR  w(0) 1. F 0.00
expand: main@entry!_BAD (3, 0) FAR  w(0) 1. F 0.00
expand: query!0 (4, 0) FAR  w(0) 1. F 0.00
(spacer::context::check_reachability :time 0.00 :before-memory 13.06 :after-memory 13.55)
Propagating: 0 1 2 3 4  ! 5 
(spacer::context::propagate :time 0.00 :before-memory 13.55 :after-memory 13.65)
Entering level 5
expand: query!0 (5, 0) FAR  w(0) 1.
	create_child: main@entry!_BAD (4, 5) FAR 1 U 0.00
expand: main@entry!_BAD (4, 0) FAR  w(0) 1.
	create_child: main@entry (3, 5) FAR 1 U 0.00
expand: main@entry (3, 0) FAR  w(0) 1.
	create_child: main@entry!_Cond (2, 5) FAR 1709 U 0.00
expand: main@entry!_Cond (2, 0) FAR  w(0) 1709.
	create_child: main@.lr.ph (1, 5) FAR 2398 U 0.00
expand: main@.lr.ph (1, 0) FAR  w(0) 2398.
	create_child: main@_21 (0, 5) FAR 3590 U 0.00
expand: main@_21 (0, 0) FAR  w(0) 3590. F 0.00
expand: main@.lr.ph (1, 0) FAR  w(0) 2398. F 0.00
expand: main@entry!_Cond (2, 0) FAR  w(0) 1709. F 0.00
expand: main@entry (3, 0) FAR  w(0) 1. F 0.00
expand: main@entry!_BAD (4, 0) FAR  w(0) 1. F 0.00
expand: query!0 (5, 0) FAR  w(0) 1. F 0.00
(spacer::context::check_reachability :time 0.01 :before-memory 13.65 :after-memory 14.13)
Propagating: 0 1 2 3 4 5  ! 6 
(spacer::context::propagate :time 0.00 :before-memory 14.13 :after-memory 14.23)
Entering level 6
expand: query!0 (6, 0) FAR  w(0) 1.
	create_child: main@entry!_BAD (5, 6) FAR 1 U 0.00
expand: main@entry!_BAD (5, 0) FAR  w(0) 1.
	create_child: main@entry (4, 6) FAR 1 U 0.00
expand: main@entry (4, 0) FAR  w(0) 1.
	create_child: main@entry!_Cond (3, 6) FAR 1709 U 0.00
expand: main@entry!_Cond (3, 0) FAR  w(0) 1709.
	create_child: main@.lr.ph (2, 6) FAR 2398 U 0.00
expand: main@.lr.ph (2, 0) FAR  w(0) 2398.
	create_child: main@_21 (1, 6) FAR 4783 U 0.00
expand: main@_21 (1, 0) FAR  w(0) 4783.
	create_child: main@_21!_Cond (0, 6) FAR 4835 U 0.00
expand: main@_21!_Cond (0, 0) FAR  w(0) 4835. F 0.00
expand: main@_21 (1, 0) FAR  w(0) 4783. F 0.00
expand: main@.lr.ph (2, 0) FAR  w(0) 2398. F 0.00
expand: main@entry!_Cond (3, 0) FAR  w(0) 1709. F 0.00
expand: main@entry (4, 0) FAR  w(0) 1. F 0.00
expand: main@entry!_BAD (5, 0) FAR  w(0) 1. F 0.00
expand: query!0 (6, 0) FAR  w(0) 1. F 0.00
(spacer::context::check_reachability :time 0.01 :before-memory 14.23 :after-memory 14.61)
Propagating: 0 1 2 3 4 5 6  ! 7 8 
(spacer::context::propagate :time 0.00 :before-memory 14.61 :after-memory 15.05)
Entering level 7
expand: query!0 (7, 0) FAR  w(0) 1. F 0.00
(spacer::context::check_reachability :time 0.00 :before-memory 15.05 :after-memory 15.05)
Propagating: 7  ! 8 
(spacer::context::propagate :time 0.00 :before-memory 15.05 :after-memory 15.05)
Entering level 8
expand: query!0 (8, 0) FAR  w(0) 1.
	create_child: main@entry!_BAD (7, 8) FAR 1 U 0.00
expand: main@entry!_BAD (7, 0) FAR  w(0) 1.
	create_child: main@entry (6, 8) FAR 1 U 0.00
expand: main@entry (6, 0) FAR  w(0) 1.
	create_child: main@entry!_Cond (5, 8) FAR 1709 U 0.00
expand: main@entry!_Cond (5, 0) FAR  w(0) 1709.
	create_child: main@.lr.ph (4, 8) FAR 2398 U 0.00
expand: main@.lr.ph (4, 0) FAR  w(0) 2398.
	create_child: main@_21 (3, 8) FAR 4783 U 0.00
expand: main@_21 (3, 0) FAR  w(0) 4783.
	create_child: main@_21!_Cond (2, 8) FAR 4835 U 0.00
expand: main@_21!_Cond (2, 0) FAR  w(0) 4835.
	create_child: main@.lr.ph (1, 8) FAR 6110 U 0.00
expand: main@.lr.ph (1, 0) FAR  w(0) 6110. T 0.00
is-reachable: main@_21!_Cond (2, 0) FAR 4835 T 0.00
is-reachable: main@_21 (3, 0) FAR 4783 T 0.00
is-reachable: main@.lr.ph (4, 0) FAR 2398 T 0.00
is-reachable: main@entry!_Cond (5, 0) FAR 1709 T 0.00
is-reachable: main@entry (6, 0) FAR 1 F 0.00
Deleting closed node: main@_21!_Cond(2, 8) 4835
Deleting closed node: main@_21(3, 8) 4783
Deleting closed node: main@.lr.ph(4, 8) 2398
Deleting closed node: main@entry!_Cond(5, 8) 1709
expand: main@entry (6, 0) FAR  w(1) 1. T 0.00
is-reachable: main@entry!_BAD (7, 0) FAR 1 T 0.00
is-reachable: query!0 (8, 0) FAR 1 T 0.00
(spacer::context::check_reachability :time 0.01 :before-memory 15.05 :after-memory 15.53)
