(transform N7datalog13mk_coi_filterE...no-op 0s)
(transform N7datalog25mk_interp_tail_simplifierE...11 rules 0.001s)
(transform N7datalog27mk_quantifier_instantiationE...no-op 0s)
(transform N7datalog8mk_scaleE...no-op 0s)
(transform N7datalog18mk_karr_invariantsE...no-op 0s)
(transform N7datalog14mk_array_blastE...no-op 0s)
(transform N7datalog16mk_elim_term_iteE...no-op 0s)
(transform N7datalog22mk_subsumption_checkerE...10 rules 0s)
(transform N7datalog12mk_bit_blastE...no-op 0s)
(transform N7datalog15mk_rule_inlinerE...no-op 0s)
(transform N7datalog13mk_coi_filterE...no-op 0s)
(transform N7datalog25mk_interp_tail_simplifierE...10 rules 0s)
(transform N7datalog22mk_subsumption_checkerE...no-op 0s)
(transform N7datalog15mk_rule_inlinerE...no-op 0s)
(transform N7datalog13mk_coi_filterE...no-op 0s)
(transform N7datalog25mk_interp_tail_simplifierE...10 rules 0s)
(transform N7datalog22mk_subsumption_checkerE...no-op 0s)
(transform N7datalog15mk_rule_inlinerE...no-op 0s)
(transform N7datalog22mk_subsumption_checkerE...no-op 0s)
(transform N7datalog15mk_rule_inlinerE...no-op 0s)
(transform N7datalog22mk_subsumption_checkerE...no-op 0s)
(transform N7datalog15mk_rule_inlinerE...no-op 0s)
(transform N7datalog22mk_subsumption_checkerE...no-op 0s)
expand: query!0 (0, 0) FAR  w(0) 1. F 0.00
(spacer::context::check_reachability :time 0.00 :before-memory 11.19 :after-memory 11.38)
Entering level 1
expand: query!0 (1, 0) FAR  w(0) 1.
	create_child: main@entry!_BAD (0, 1) FAR 1 U 0.00
expand: main@entry!_BAD (0, 0) FAR  w(0) 1. F 0.00
expand: query!0 (1, 0) FAR  w(0) 1. F 0.00
(spacer::context::check_reachability :time 0.00 :before-memory 11.38 :after-memory 11.48)
Propagating: 0 1  ! 2 
(spacer::context::propagate :time 0.00 :before-memory 11.48 :after-memory 11.57)
Entering level 2
expand: query!0 (2, 0) FAR  w(0) 1.
	create_child: main@entry!_BAD (1, 2) FAR 1 U 0.00
expand: main@entry!_BAD (1, 0) FAR  w(0) 1.
	create_child: main@entry (0, 2) FAR 1 U 0.00
expand: main@entry (0, 0) FAR  w(0) 1. F 0.00
expand: main@entry!_BAD (1, 0) FAR  w(0) 1. F 0.00
expand: query!0 (2, 0) FAR  w(0) 1. F 0.00
(spacer::context::check_reachability :time 0.00 :before-memory 11.57 :after-memory 11.77)
Propagating: 0 1 2  ! 3 
(spacer::context::propagate :time 0.00 :before-memory 11.77 :after-memory 11.77)
Entering level 3
expand: query!0 (3, 0) FAR  w(0) 1.
	create_child: main@entry!_BAD (2, 3) FAR 1 U 0.00
expand: main@entry!_BAD (2, 0) FAR  w(0) 1.
	create_child: main@entry (1, 3) FAR 1 U 0.00
expand: main@entry (1, 0) FAR  w(0) 1.
	create_child: main@.lr.ph (0, 3) FAR 1423 U 0.00
expand: main@.lr.ph (0, 0) FAR  w(0) 1423. F 0.00
expand: main@entry (1, 0) FAR  w(0) 1. F 0.00
expand: main@entry!_BAD (2, 0) FAR  w(0) 1. F 0.00
expand: query!0 (3, 0) FAR  w(0) 1. F 0.00
(spacer::context::check_reachability :time 0.00 :before-memory 11.77 :after-memory 11.96)
Propagating: 0 1 2 3  ! 4 
(spacer::context::propagate :time 0.00 :before-memory 11.96 :after-memory 11.96)
Entering level 4
expand: query!0 (4, 0) FAR  w(0) 1.
	create_child: main@entry!_BAD (3, 4) FAR 1 U 0.00
expand: main@entry!_BAD (3, 0) FAR  w(0) 1.
	create_child: main@entry (2, 4) FAR 1 U 0.00
expand: main@entry (2, 0) FAR  w(0) 1.
	create_child: main@.lr.ph (1, 4) FAR 1423 U 0.00
expand: main@.lr.ph (1, 0) FAR  w(0) 1423.
	create_child: main@.lr.ph!_Cond (0, 4) FAR 1736 U 0.00
expand: main@.lr.ph!_Cond (0, 0) FAR  w(0) 1736. F 0.00
expand: main@.lr.ph (1, 0) FAR  w(0) 1423. F 0.00
expand: main@entry (2, 0) FAR  w(0) 1. F 0.00
expand: main@entry!_BAD (3, 0) FAR  w(0) 1. F 0.00
expand: query!0 (4, 0) FAR  w(0) 1. F 0.00
(spacer::context::check_reachability :time 0.00 :before-memory 11.96 :after-memory 12.25)
Propagating: 0 1 2 3 4  ! 5 
(spacer::context::propagate :time 0.00 :before-memory 12.25 :after-memory 12.25)
Entering level 5
expand: query!0 (5, 0) FAR  w(0) 1.
	create_child: main@entry!_BAD (4, 5) FAR 1 U 0.00
expand: main@entry!_BAD (4, 0) FAR  w(0) 1.
	create_child: main@entry (3, 5) FAR 1 U 0.00
expand: main@entry (3, 0) FAR  w(0) 1.
	create_child: main@.lr.ph (2, 5) FAR 1423 U 0.00
expand: main@.lr.ph (2, 0) FAR  w(0) 1423.
	create_child: main@.lr.ph!_Cond (1, 5) FAR 1736 U 0.00
expand: main@.lr.ph!_Cond (1, 0) FAR  w(0) 1736.
	create_child: main@_10 (0, 5) FAR 2266 U 0.00
expand: main@_10 (0, 0) FAR  w(0) 2266. F 0.00
expand: main@.lr.ph!_Cond (1, 0) FAR  w(0) 1736. F 0.00
expand: main@.lr.ph (2, 0) FAR  w(0) 1423. F 0.00
expand: main@entry (3, 0) FAR  w(0) 1. F 0.00
expand: main@entry!_BAD (4, 0) FAR  w(0) 1. F 0.00
expand: query!0 (5, 0) FAR  w(0) 1. F 0.00
(spacer::context::check_reachability :time 0.00 :before-memory 12.25 :after-memory 12.70)
Propagating: 0 1 2 
(spacer::context::propagate :time 0.00 :before-memory 12.70 :after-memory 12.70)
(define-fun main@entry!_BAD () Bool
  false)
(define-fun main@_14 ((x!0 Int) (x!1 Int) (x!2 Int) (x!3 Int) (x!4 Int)) Bool
  true)
(define-fun main@_10 ((x!0 Int) (x!1 Int) (x!2 Int) (x!3 Int) (x!4 Int)) Bool
  (not (>= x!0 0)))
(define-fun main@entry ((x!0 Int) (x!1 Int) (x!2 Int)) Bool
  false)
(define-fun main@.lr.ph!_Cond ((x!0 Int)
 (x!1 Int)
 (x!2 Int)
 (x!3 Int)
 (x!4 Int)) Bool
  (not (>= x!3 0)))
(define-fun main@.lr.ph ((x!0 Int) (x!1 Int) (x!2 Int) (x!3 Int) (x!4 Int)) Bool
  (not (>= x!0 0)))
