(transform N7datalog13mk_coi_filterE...no-op 0s)
(transform N7datalog25mk_interp_tail_simplifierE...10 rules 0.109s)
(transform N7datalog27mk_quantifier_instantiationE...no-op 0s)
(transform N7datalog8mk_scaleE...no-op 0s)
(transform N7datalog18mk_karr_invariantsE...no-op 0s)
(transform N7datalog14mk_array_blastE...no-op 0s)
(transform N7datalog16mk_elim_term_iteE...no-op 0s)
(transform N7datalog22mk_subsumption_checkerE...9 rules 0.034s)
(transform N7datalog12mk_bit_blastE...no-op 0s)
(transform N7datalog15mk_rule_inlinerE...no-op 0s)
(transform N7datalog13mk_coi_filterE...no-op 0s)
(transform N7datalog25mk_interp_tail_simplifierE...9 rules 0.007s)
(transform N7datalog22mk_subsumption_checkerE...no-op 0s)
(transform N7datalog15mk_rule_inlinerE...no-op 0s)
(transform N7datalog13mk_coi_filterE...no-op 0s)
(transform N7datalog25mk_interp_tail_simplifierE...9 rules 0.006s)
(transform N7datalog22mk_subsumption_checkerE...no-op 0s)
(transform N7datalog15mk_rule_inlinerE...no-op 0s)
(transform N7datalog22mk_subsumption_checkerE...no-op 0s)
(transform N7datalog15mk_rule_inlinerE...no-op 0s)
(transform N7datalog22mk_subsumption_checkerE...no-op 0s)
(transform N7datalog15mk_rule_inlinerE...no-op 0s)
(transform N7datalog22mk_subsumption_checkerE...no-op 0s)
expand: query!0 (0, 0) FAR  w(0) 1. F 0.00
(spacer::context::check_reachability :time 0.00 :before-memory 19.44 :after-memory 19.74)
Entering level 1
expand: query!0 (1, 0) FAR  w(0) 1.
	create_child: main@entry!_BAD (0, 1) FAR 1 U 0.00
expand: main@entry!_BAD (0, 0) FAR  w(0) 1. F 0.03
expand: query!0 (1, 0) FAR  w(0) 1. F 0.00
(spacer::context::check_reachability :time 0.03 :before-memory 19.74 :after-memory 27.09)
Propagating: 0 (smt.stats :restarts  :decisions  :clauses/bin     :simplify   :memory)
(smt.stats      :conflicts  :propagations   :lemmas     :deletions   )
(smt.stats    0    102   1899  29117 13195/0   164     0    0   28.30)
1  ! 2 
(spacer::context::propagate :time 0.02 :before-memory 27.09 :after-memory 29.12)
Entering level 2
expand: query!0 (2, 0) FAR  w(0) 1.
	create_child: main@entry!_BAD (1, 2) FAR 1 U 0.00
expand: main@entry!_BAD (1, 0) FAR  w(0) 1(smt.stats    1    206   6463  64341 13233/0   353     0    0   32.91)
.
	create_child: main@entry (0, 2) FAR 1 U 0.05
expand: main@entry (0, 0) FAR  w(0) 1(smt.stats :restarts  :decisions  :clauses/bin     :simplify   :memory)
(smt.stats      :conflicts  :propagations   :lemmas     :deletions   )
(smt.stats    0    101   2796  33363 19527/0   101     0    0   45.13)
(smt.stats    1    202   8250  60978 19533/0   203     0    0   45.83)
. F 0.12
expand: main@entry!_BAD (1, 0) FAR  w(0) 1. F 0.00
expand: query!0 (2, 0) FAR  w(0) 1. F 0.00
(spacer::context::check_reachability :time 0.17 :before-memory 29.12 :after-memory 46.48)
Propagating: 0 1 2  ! 3 
(spacer::context::propagate :time 0.02 :before-memory 46.48 :after-memory 47.40)
Entering level 3
expand: query!0 (3, 0) FAR  w(0) 1.
	create_child: main@entry!_BAD (2, 3) FAR 1 U 0.00
expand: main@entry!_BAD (2, 0) FAR  w(0) 1.
	create_child: main@entry (1, 3) FAR 1 U 0.01
expand: main@entry (1, 0) FAR  w(0) 1(smt.stats    2    411  33467 131909 19582/0   472     0    0   48.82)
.
	create_child: main@_721 (0, 3) FAR 159837 U 0.07
expand: main@_721 (0, 0) FAR  w(0) 159837. F 0.00
expand: main@entry (1, 0) FAR  w(0) 1.
	create_child: main@IofCallDriver.exit52.i.i (0, 3) FAR 158062 U 0.02
expand: main@IofCallDriver.exit52.i.i (0, 0) FAR  w(0) 158062. F 0.01
expand: main@entry (1, 0) FAR  w(0) 1.
	create_child: main@IofCallDriver.exit52.i.i (0, 3) FAR 162099 U 0.02
expand: main@IofCallDriver.exit52.i.i (0, 0) FAR  w(0) 162099. F 0.01
expand: main@entry (1, 0) FAR  w(0) 1.
	create_child: main@IofCallDriver.exit52.i.i (0, 3) FAR 162917 U 0.02
expand: main@IofCallDriver.exit52.i.i (0, 0) FAR  w(0) 162917. F 0.01
expand: main@entry (1, 0) FAR  w(0) 1.
	create_child: main@IofCallDriver.exit52.i.i (0, 3) FAR 162642 U 0.02
expand: main@IofCallDriver.exit52.i.i (0, 0) FAR  w(0) 162642. F 0.00
expand: main@entry (1, 0) FAR  w(0) 1.
	create_child: main@IofCallDriver.exit52.i.i (0, 3) FAR 163799 U 0.02
expand: main@IofCallDriver.exit52.i.i (0, 0) FAR  w(0) 163799. F 0.00
expand: main@entry (1, 0) FAR  w(0) 1.
	create_child: main@IofCallDriver.exit52.i.i (0, 3) FAR 164277 U 0.02
expand: main@IofCallDriver.exit52.i.i (0, 0) FAR  w(0) 164277. F 0.00
expand: main@entry (1, 0) FAR  w(0) 1. F 0.05
expand: main@entry!_BAD (2, 0) FAR  w(0) 1. F 0.00
expand: query!0 (3, 0) FAR  w(0) 1. F 0.00
(spacer::context::check_reachability :time 0.28 :before-memory 47.40 :after-memory 55.33)
Propagating: 0 1 2 3  ! 4 
(spacer::context::propagate :time 0.02 :before-memory 55.33 :after-memory 55.49)
Entering level 4
expand: query!0 (4, 0) FAR  w(0) 1.
	create_child: main@entry!_BAD (3, 4) FAR 1 U 0.00
expand: main@entry!_BAD (3, 0) FAR  w(0) 1.
	create_child: main@entry (2, 4) FAR 1 U 0.01
expand: main@entry (2, 0) FAR  w(0) 1.
	create_child: main@_721 (1, 4) FAR 159837 U 0.01
expand: main@_721 (1, 0) FAR  w(0) 159837.
	create_child: main@_721!_Cond (0, 4) FAR 165745 U 0.00
expand: main@_721!_Cond (0, 0) FAR  w(0) 165745. F 0.00
expand: main@_721 (1, 0) FAR  w(0) 159837. F 0.00
expand: main@entry (2, 0) FAR  w(0) 1. F 0.03
expand: main@entry!_BAD (3, 0) FAR  w(0) 1. F 0.00
expand: query!0 (4, 0) FAR  w(0) 1. F 0.00
(spacer::context::check_reachability :time 0.06 :before-memory 55.49 :after-memory 58.48)
Propagating: 0 1 2 3 4  ! 5 
(spacer::context::propagate :time 0.01 :before-memory 58.48 :after-memory 58.74)
Entering level 5
expand: query!0 (5, 0) FAR  w(0) 1.
	create_child: main@entry!_BAD (4, 5) FAR 1 U 0.00
expand: main@entry!_BAD (4, 0) FAR  w(0) 1.
	create_child: main@entry (3, 5) FAR 1 U 0.01
expand: main@entry (3, 0) FAR  w(0) 1.
	create_child: main@_721 (2, 5) FAR 159837 U 0.01
expand: main@_721 (2, 0) FAR  w(0) 159837.
	create_child: main@_721!_Cond (1, 5) FAR 165745 U 0.00
expand: main@_721!_Cond (1, 0) FAR  w(0) 165745. F 0.00
expand: main@_721 (2, 0) FAR  w(0) 159837. F 0.00
expand: main@entry (3, 0) FAR  w(0) 1.
	create_child: main@_721 (2, 5) FAR 168451 U 0.01
expand: main@_721 (2, 0) FAR  w(0) 168451.
	create_child: main@_721!_Cond (1, 5) FAR 167716 U 0.00
expand: main@_721!_Cond (1, 0) FAR  w(0) 167716. F 0.01
expand: main@_721 (2, 0) FAR  w(0) 168451. F 0.00
expand: main@entry (3, 0) FAR  w(0) 1.
	create_child: main@_721 (2, 5) FAR 168661 U 0.01
expand: main@_721 (2, 0) FAR  w(0) 168661.
	create_child: main@_721!_Cond (1, 5) FAR 168732 U 0.00
expand: main@_721!_Cond (1, 0) FAR  w(0) 168732. F 0.01
expand: main@_721 (2, 0) FAR  w(0) 168661. F 0.00
expand: main@entry (3, 0) FAR  w(0) 1. F 0.03
expand: main@entry!_BAD (4, 0) FAR  w(0) 1. F 0.00
expand: query!0 (5, 0) FAR  w(0) 1. F 0.00
(spacer::context::check_reachability :time 0.11 :before-memory 58.74 :after-memory 58.77)
Propagating: 1 2 
(spacer::context::propagate :time 0.00 :before-memory 58.77 :after-memory 58.77)
(define-fun main@entry!_BAD () Bool
  false)
(define-fun main@_724 ((x!0 Int)
 (x!1 (Array Int Int))
 (x!2 Int)
 (x!3 (Array Int Int))
 (x!4 Int)
 (x!5 (Array Int Int))
 (x!6 Int)
 (x!7 Int)
 (x!8 (Array Int Int))
 (x!9 Int)
 (x!10 (Array Int Int))
 (x!11 Int)
 (x!12 Int)
 (x!13 (Array Int Int))
 (x!14 Int)
 (x!15 (Array Int Int))
 (x!16 (Array Int Int))
 (x!17 (Array Int Int))
 (x!18 Int)) Bool
  true)
(define-fun main@IofCallDriver.exit52.i.i ((x!0 Int)
 (x!1 (Array Int Int))
 (x!2 Int)
 (x!3 (Array Int Int))
 (x!4 Int)
 (x!5 (Array Int Int))
 (x!6 Int)
 (x!7 Int)
 (x!8 (Array Int Int))
 (x!9 Int)
 (x!10 (Array Int Int))
 (x!11 Int)
 (x!12 Int)
 (x!13 Int)
 (x!14 (Array Int Int))
 (x!15 (Array Int Int))
 (x!16 (Array Int Int))
 (x!17 (Array Int Int))
 (x!18 Int)) Bool
  (let ((a!1 (or (= (select x!1 x!2) 0)
                 (not (<= x!18 0))
                 (not (= (select x!17 x!7) 2))))
        (a!2 (or (not (= x!18 259))
                 (not (= (select x!16 x!0) 259))
                 (<= (select x!5 x!6) 0)
                 (not (= (select x!17 x!7) 4))))
        (a!3 (or (<= (select x!5 x!6) 0)
                 (not (= (select x!17 x!7) 4))
                 (not (= (select x!16 x!0) 0))
                 (not (= x!18 0))))
        (a!4 (or (not (= x!18 (- 1073741823)))
                 (<= (select x!5 x!6) 0)
                 (not (= (select x!16 x!0) (- 1073741823)))
                 (not (= (select x!17 x!7) 4)))))
    (and a!1 a!2 a!3 a!4)))
(define-fun main@entry ((x!0 Int)) Bool
  false)
(define-fun main@_721 ((x!0 Int)
 (x!1 (Array Int Int))
 (x!2 Int)
 (x!3 (Array Int Int))
 (x!4 Int)
 (x!5 (Array Int Int))
 (x!6 Int)
 (x!7 Int)
 (x!8 (Array Int Int))
 (x!9 Int)
 (x!10 (Array Int Int))
 (x!11 Int)
 (x!12 Int)
 (x!13 (Array Int Int))
 (x!14 Int)
 (x!15 (Array Int Int))
 (x!16 (Array Int Int))
 (x!17 (Array Int Int))
 (x!18 Int)
 (x!19 Int)) Bool
  (let ((a!1 (or (<= (select x!5 x!6) 0)
                 (not (= (select x!17 x!7) 4))
                 (not (= (select x!16 x!0) 0))
                 (not (= x!18 0))))
        (a!2 (or (not (= x!18 259))
                 (not (= (select x!16 x!0) 259))
                 (<= (select x!5 x!6) 0)
                 (not (= (select x!17 x!7) 4))))
        (a!3 (or (<= (select x!5 x!6) 0)
                 (not (= (select x!17 x!7) 4))
                 (not (= x!18 (- 1073741823)))
                 (not (= (select x!16 x!0) (- 1073741823))))))
    (and a!1 a!2 a!3)))
(define-fun main@_721!_Cond ((x!0 Int)
 (x!1 Int)
 (x!2 Int)
 (x!3 Int)
 (x!4 Int)
 (x!5 Int)
 (x!6 Int)
 (x!7 Int)
 (x!8 Int)
 (x!9 (Array Int Int))
 (x!10 (Array Int Int))
 (x!11 (Array Int Int))
 (x!12 (Array Int Int))
 (x!13 (Array Int Int))
 (x!14 (Array Int Int))
 (x!15 (Array Int Int))
 (x!16 Int)
 (x!17 (Array Int Int))
 (x!18 (Array Int Int))
 (x!19 (Array Int Int))
 (x!20 (Array Int Int))
 (x!21 (Array Int Int))
 (x!22 (Array Int Int))
 (x!23 Int)) Bool
  (let ((a!1 (or (<= (select x!11 x!2) 0)
                 (not (= (select x!22 x!5) 4))
                 (not (= x!23 0))
                 (not (= (select x!21 x!7) 0))))
        (a!2 (or (<= (select x!11 x!2) 0)
                 (not (= (select x!22 x!5) 4))
                 (not (= (select x!21 x!7) (- 1073741823)))
                 (not (= x!23 (- 1073741823)))))
        (a!3 (or (<= (select x!11 x!2) 0)
                 (not (= (select x!22 x!5) 4))
                 (not (= x!23 259))
                 (not (= (select x!21 x!7) 259)))))
    (and a!1 a!2 a!3)))
