(transform N7datalog13mk_coi_filterE...no-op 0s)
(transform N7datalog25mk_interp_tail_simplifierE...8 rules 0.091s)
(transform N7datalog27mk_quantifier_instantiationE...no-op 0s)
(transform N7datalog8mk_scaleE...no-op 0s)
(transform N7datalog18mk_karr_invariantsE...no-op 0s)
(transform N7datalog14mk_array_blastE...no-op 0s)
(transform N7datalog16mk_elim_term_iteE...no-op 0s)
(transform N7datalog22mk_subsumption_checkerE...6 rules 0s)
(transform N7datalog12mk_bit_blastE...no-op 0s)
(transform N7datalog15mk_rule_inlinerE...no-op 0s)
(transform N7datalog13mk_coi_filterE...no-op 0s)
(transform N7datalog25mk_interp_tail_simplifierE...6 rules 0.003s)
(transform N7datalog22mk_subsumption_checkerE...no-op 0s)
(transform N7datalog15mk_rule_inlinerE...no-op 0s)
(transform N7datalog13mk_coi_filterE...no-op 0s)
(transform N7datalog25mk_interp_tail_simplifierE...6 rules 0.002s)
(transform N7datalog22mk_subsumption_checkerE...no-op 0s)
(transform N7datalog15mk_rule_inlinerE...no-op 0s)
(transform N7datalog22mk_subsumption_checkerE...no-op 0s)
(transform N7datalog15mk_rule_inlinerE...no-op 0s)
(transform N7datalog22mk_subsumption_checkerE...no-op 0s)
(transform N7datalog15mk_rule_inlinerE...no-op 0s)
(transform N7datalog22mk_subsumption_checkerE...no-op 0s)
expand: query!0 (0, 0) FAR  w(0) 1. F 0.00
(spacer::context::check_reachability :time 0.00 :before-memory 14.05 :after-memory 14.30)
Entering level 1
expand: query!0 (1, 0) FAR  w(0) 1.
	create_child: main@entry!_BAD (0, 1) FAR 1 U 0.00
expand: main@entry!_BAD (0, 0) FAR  w(0) 1. F 0.00
expand: query!0 (1, 0) FAR  w(0) 1. F 0.00
(spacer::context::check_reachability :time 0.00 :before-memory 14.30 :after-memory 14.61)
Propagating: 0 1  ! 2 
(spacer::context::propagate :time 0.00 :before-memory 14.61 :after-memory 14.61)
Entering level 2
expand: query!0 (2, 0) FAR  w(0) 1.
	create_child: main@entry!_BAD (1, 2) FAR 1 U 0.00
expand: main@entry!_BAD (1, 0) FAR  w(0) 1.
	create_child: main@entry (0, 2) FAR 1 U 0.00
expand: main@entry (0, 0) FAR  w(0) 1. F 0.00
expand: main@entry!_BAD (1, 0) FAR  w(0) 1. F 0.00
expand: query!0 (2, 0) FAR  w(0) 1. F 0.00
(spacer::context::check_reachability :time 0.00 :before-memory 14.61 :after-memory 15.27)
Propagating: 0 1 2  ! 3 
(spacer::context::propagate :time 0.00 :before-memory 15.27 :after-memory 15.27)
Entering level 3
expand: query!0 (3, 0) FAR  w(0) 1.
	create_child: main@entry!_BAD (2, 3) FAR 1 U 0.00
expand: main@entry!_BAD (2, 0) FAR  w(0) 1.
	create_child: main@entry (1, 3) FAR 1 U 0.00
expand: main@entry (1, 0) FAR  w(0) 1.
	create_child: main@empty.loop (0, 3) FAR 32619 U 0.00
expand: main@empty.loop (0, 0) FAR  w(0) 32619. F 0.00
expand: main@entry (1, 0) FAR  w(0) 1. F 0.00
expand: main@entry!_BAD (2, 0) FAR  w(0) 1. F 0.00
expand: query!0 (3, 0) FAR  w(0) 1. F 0.00
(spacer::context::check_reachability :time 0.00 :before-memory 15.27 :after-memory 16.03)
Propagating: 0 1 2 3  ! 4 
(spacer::context::propagate :time 0.00 :before-memory 16.03 :after-memory 16.03)
Entering level 4
expand: query!0 (4, 0) FAR  w(0) 1.
	create_child: main@entry!_BAD (3, 4) FAR 1 U 0.00
expand: main@entry!_BAD (3, 0) FAR  w(0) 1.
	create_child: main@entry (2, 4) FAR 1 U 0.00
expand: main@entry (2, 0) FAR  w(0) 1.
	create_child: main@empty.loop (1, 4) FAR 32619 U 0.00
expand: main@empty.loop (1, 0) FAR  w(0) 32619.
	create_child: main@_3 (0, 4) FAR 33528 U 0.00
expand: main@_3 (0, 0) FAR  w(0) 33528. F 0.03
expand: main@empty.loop (1, 0) FAR  w(0) 32619. F 0.00
expand: main@entry (2, 0) FAR  w(0) 1. F 0.00
expand: main@entry!_BAD (3, 0) FAR  w(0) 1. F 0.00
expand: query!0 (4, 0) FAR  w(0) 1. F 0.00
(spacer::context::check_reachability :time 0.04 :before-memory 16.03 :after-memory 23.94)
Propagating: 0 1 2 3 4  ! 5 
(spacer::context::propagate :time 0.01 :before-memory 23.94 :after-memory 24.32)
Entering level 5
expand: query!0 (5, 0) FAR  w(0) 1.
	create_child: main@entry!_BAD (4, 5) FAR 1 U 0.00
expand: main@entry!_BAD (4, 0) FAR  w(0) 1.
	create_child: main@entry (3, 5) FAR 1 U 0.00
expand: main@entry (3, 0) FAR  w(0) 1.
	create_child: main@empty.loop (2, 5) FAR 32619 U 0.00
expand: main@empty.loop (2, 0) FAR  w(0) 32619.
	create_child: main@_3 (1, 5) FAR 33528 U 0.00
expand: main@_3 (1, 0) FAR  w(0) 33528.
	create_child: main@_3 (0, 5) FAR 66002 U 0.02
expand: main@_3 (0, 0) FAR  w(0) 66002. F 0.01
expand: main@_3 (1, 0) FAR  w(0) 33528.
	create_child: main@_3 (0, 5) FAR 65506 U 0.01
expand: main@_3 (0, 0) FAR  w(0) 65506. F 0.01
expand: main@_3 (1, 0) FAR  w(0) 33528. F 0.08
expand: main@empty.loop (2, 0) FAR  w(0) 32619. F 0.00
expand: main@entry (3, 0) FAR  w(0) 1. F 0.00
expand: main@entry!_BAD (4, 0) FAR  w(0) 1. F 0.00
expand: query!0 (5, 0) FAR  w(0) 1. F 0.00
(spacer::context::check_reachability :time 0.13 :before-memory 24.32 :after-memory 27.56)
Propagating: 0 1 2 3 4 5  ! 6 
(spacer::context::propagate :time 0.02 :before-memory 27.56 :after-memory 27.65)
Entering level 6
expand: query!0 (6, 0) FAR  w(0) 1.
	create_child: main@entry!_BAD (5, 6) FAR 1 U 0.00
expand: main@entry!_BAD (5, 0) FAR  w(0) 1.
	create_child: main@entry (4, 6) FAR 1 U 0.00
expand: main@entry (4, 0) FAR  w(0) 1.
	create_child: main@empty.loop (3, 6) FAR 32619 U 0.00
expand: main@empty.loop (3, 0) FAR  w(0) 32619.
	create_child: main@_3 (2, 6) FAR 33528 U 0.00
expand: main@_3 (2, 0) FAR  w(0) 33528.
	create_child: main@_3 (1, 6) FAR 66002 U 0.01
expand: main@_3 (1, 0) FAR  w(0) 66002. F 0.07
expand: main@_3 (2, 0) FAR  w(0) 33528.
	create_child: main@_3 (1, 6) FAR 77638 UNDEF 0.01
expand: main@_3 (1, 0) FAR  w(0) 77638. F 0.03
expand: main@_3 (2, 0) FAR  w(0) 33528.
	create_child: main@_3 (1, 6) FAR 80198 UNDEF 0.01
expand: main@_3 (1, 0) FAR  w(0) 80198. F 0.07
expand: main@_3 (2, 0) FAR  w(0) 33528.
	create_child: main@_3 (1, 6) FAR 82493 UNDEF 0.01
expand: main@_3 (1, 0) FAR  w(0) 82493. T 0.01
is-reachable: main@_3 (2, 0) FAR 33528 F 0.01
expand: main@_3 (2, 0) FAR  w(1) 33528.
	create_child: main@_3 (1, 6) FAR 83056 U 0.01
expand: main@_3 (1, 0) FAR  w(0) 83056. F 0.09
expand: main@_3 (2, 0) FAR  w(1) 33528.
	create_child: main@_3 (1, 6) FAR 85721 U 0.01
expand: main@_3 (1, 0) FAR  w(0) 85721. F 0.10
expand: main@_3 (2, 0) FAR  w(1) 33528. F 0.14
expand: main@empty.loop (3, 0) FAR  w(0) 32619. F 0.01
expand: main@entry (4, 0) FAR  w(0) 1. F 0.00
expand: main@entry!_BAD (5, 0) FAR  w(0) 1. F 0.00
expand: query!0 (6, 0) FAR  w(0) 1. F 0.00
(spacer::context::check_reachability :time 0.58 :before-memory 27.65 :after-memory 33.17)
Propagating: 1 2 3 4 5 6  ! 7 
(spacer::context::propagate :time 0.06 :before-memory 33.17 :after-memory 36.22)
Entering level 7
expand: query!0 (7, 0) FAR  w(0) 1.
	create_child: main@entry!_BAD (6, 7) FAR 1 U 0.00
expand: main@entry!_BAD (6, 0) FAR  w(0) 1.
	create_child: main@entry (5, 7) FAR 1 U 0.00
expand: main@entry (5, 0) FAR  w(0) 1.
	create_child: main@empty.loop (4, 7) FAR 32619 U 0.00
expand: main@empty.loop (4, 0) FAR  w(0) 32619.
	create_child: main@_3 (3, 7) FAR 33528 U 0.00
expand: main@_3 (3, 0) FAR  w(0) 33528.
	create_child: main@_3 (2, 7) FAR 98288 U 0.01
expand: main@_3 (2, 0) FAR  w(0) 98288. F 0.05
expand: main@_3 (3, 0) FAR  w(0) 33528.
	create_child: main@_3 (2, 7) FAR 66002 U 0.01
expand: main@_3 (2, 0) FAR  w(0) 66002.
	create_child: main@_3 (1, 7) FAR 100881 UNDEF 0.01
expand: main@_3 (1, 0) FAR  w(0) 100881.
	create_child: main@_3 (0, 7) FAR 101181 UNDEF 0.01
expand: main@_3 (0, 0) FAR  w(0) 101181. F 0.01
expand: main@_3 (1, 0) FAR  w(0) 100881. F 0.07
expand: main@_3 (2, 0) FAR  w(0) 66002.
	create_child: main@_3 (1, 7) FAR 103505 UNDEF 0.01
expand: main@_3 (1, 0) FAR  w(0) 103505. F 0.06
expand: main@_3 (2, 0) FAR  w(0) 66002.
	create_child: main@_3 (1, 7) FAR 105196 UNDEF 0.01
expand: main@_3 (1, 0) FAR  w(0) 105196. F 0.06
expand: main@_3 (2, 0) FAR  w(0) 66002.
	create_child: main@_3 (1, 7) FAR 107306 UNDEF 0.01
expand: main@_3 (1, 0) FAR  w(0) 107306. T 0.01
is-reachable: main@_3 (2, 0) FAR 66002 F 0.01
expand: main@_3 (2, 0) FAR  w(1) 66002.
	create_child: main@_3 (1, 7) FAR 107931 U 0.04
expand: main@_3 (1, 0) FAR  w(0) 107931. F 0.05
expand: main@_3 (2, 0) FAR  w(1) 66002. F 0.14
expand: main@_3 (3, 0) FAR  w(0) 33528.
	create_child: main@_3 (2, 7) FAR 83056 U 0.01
expand: main@_3 (2, 0) FAR  w(0) 83056.
	create_child: main@_3 (1, 7) FAR 116238 UNDEF 0.01
expand: main@_3 (1, 0) FAR  w(0) 116238.
	create_child: main@_3 (0, 7) FAR 116569 UNDEF 0.01
expand: main@_3 (0, 0) FAR  w(0) 116569. T 0.00
is-reachable: main@_3 (1, 0) FAR 116238 F 0.01
expand: main@_3 (1, 0) FAR  w(1) 116238.
	create_child: main@_3 (0, 7) FAR 119455 U 0.05
expand: main@_3 (0, 0) FAR  w(0) 119455. F 0.01
expand: main@_3 (1, 0) FAR  w(1) 116238.
	create_child: main@_3 (0, 7) FAR 119333 U 0.01
expand: main@_3 (0, 0) FAR  w(0) 119333. F 0.01
expand: main@_3 (1, 0) FAR  w(1) 116238.
	create_child: main@_3 (0, 7) FAR 120888 U 0.02
expand: main@_3 (0, 0) FAR  w(0) 120888. F 0.01
expand: main@_3 (1, 0) FAR  w(1) 116238.
	create_child: main@_3 (0, 7) FAR 123184 U 0.03
expand: main@_3 (0, 0) FAR  w(0) 123184. F 0.01
expand: main@_3 (1, 0) FAR  w(1) 116238.
	create_child: main@_3 (0, 7) FAR 126228 U 0.04
expand: main@_3 (0, 0) FAR  w(0) 126228. F 0.01
expand: main@_3 (1, 0) FAR  w(1) 116238.
	create_child: main@_3 (0, 7) FAR 126477 U 0.01
expand: main@_3 (0, 0) FAR  w(0) 126477. F 0.01
expand: main@_3 (1, 0) FAR  w(1) 116238.
	create_child: main@_3 (0, 7) FAR 126333 U 0.01
expand: main@_3 (0, 0) FAR  w(0) 126333. F 0.01
expand: main@_3 (1, 0) FAR  w(1) 116238.
	create_child: main@_3 (0, 7) FAR 128551 U 0.02
expand: main@_3 (0, 0) FAR  w(0) 128551. F 0.01
expand: main@_3 (1, 0) FAR  w(1) 116238.
	create_child: main@_3 (0, 7) FAR 128964 U 0.01
expand: main@_3 (0, 0) FAR  w(0) 128964. F 0.01
expand: main@_3 (1, 0) FAR  w(1) 116238.
	create_child: main@_3 (0, 7) FAR 128684 U 0.01
expand: main@_3 (0, 0) FAR  w(0) 128684. F 0.01
expand: main@_3 (1, 0) FAR  w(1) 116238.
	create_child: main@_3 (0, 7) FAR 128928 U 0.01
expand: main@_3 (0, 0) FAR  w(0) 128928. F 0.01
expand: main@_3 (1, 0) FAR  w(1) 116238.
	create_child: main@_3 (0, 7) FAR 132593 U 0.04
expand: main@_3 (0, 0) FAR  w(0) 132593. F 0.01
expand: main@_3 (1, 0) FAR  w(1) 116238.
	create_child: main@_3 (0, 7) FAR 132726 U 0.01
expand: main@_3 (0, 0) FAR  w(0) 132726. F 0.01
expand: main@_3 (1, 0) FAR  w(1) 116238.
	create_child: main@_3 (0, 7) FAR 134068 U 0.02
expand: main@_3 (0, 0) FAR  w(0) 134068. F 0.01
expand: main@_3 (1, 0) FAR  w(1) 116238.
	create_child: main@_3 (0, 7) FAR 135326 U 0.02
expand: main@_3 (0, 0) FAR  w(0) 135326. F 0.01
expand: main@_3 (1, 0) FAR  w(1) 116238.
	create_child: main@_3 (0, 7) FAR 136496 U 0.02
expand: main@_3 (0, 0) FAR  w(0) 136496. F 0.01
expand: main@_3 (1, 0) FAR  w(1) 116238.
	create_child: main@_3 (0, 7) FAR 138119 U 0.03
expand: main@_3 (0, 0) FAR  w(0) 138119. F 0.01
expand: main@_3 (1, 0) FAR  w(1) 116238.
	create_child: main@_3 (0, 7) FAR 138992 U 0.02
expand: main@_3 (0, 0) FAR  w(0) 138992. F 0.01
expand: main@_3 (1, 0) FAR  w(1) 116238.
	create_child: main@_3 (0, 7) FAR 139027 U 0.01
expand: main@_3 (0, 0) FAR  w(0) 139027. F 0.01
expand: main@_3 (1, 0) FAR  w(1) 116238.
	create_child: main@_3 (0, 7) FAR 139911 U 0.01
expand: main@_3 (0, 0) FAR  w(0) 139911. F 0.01
expand: main@_3 (1, 0) FAR  w(1) 116238.
	create_child: main@_3 (0, 7) FAR 141120 U 0.01
expand: main@_3 (0, 0) FAR  w(0) 141120. F 0.01
expand: main@_3 (1, 0) FAR  w(1) 116238.
	create_child: main@_3 (0, 7) FAR 141308 U 0.01
expand: main@_3 (0, 0) FAR  w(0) 141308. F 0.01
expand: main@_3 (1, 0) FAR  w(1) 116238.
	create_child: main@_3 (0, 7) FAR 141221 U 0.01
expand: main@_3 (0, 0) FAR  w(0) 141221. F 0.01
expand: main@_3 (1, 0) FAR  w(1) 116238.
	create_child: main@_3 (0, 7) FAR 142565 U 0.01
expand: main@_3 (0, 0) FAR  w(0) 142565. F 0.01
expand: main@_3 (1, 0) FAR  w(1) 116238.
	create_child: main@_3 (0, 7) FAR 141234 U 0.01
expand: main@_3 (0, 0) FAR  w(0) 141234. F 0.01
expand: main@_3 (1, 0) FAR  w(1) 116238.
	create_child: main@_3 (0, 7) FAR 143562 U 0.01
expand: main@_3 (0, 0) FAR  w(0) 143562. F 0.01
expand: main@_3 (1, 0) FAR  w(1) 116238.
	create_child: main@_3 (0, 7) FAR 141328 U 0.01
expand: main@_3 (0, 0) FAR  w(0) 141328. F 0.01
expand: main@_3 (1, 0) FAR  w(1) 116238.
	create_child: main@_3 (0, 7) FAR 141304 U 0.02
expand: main@_3 (0, 0) FAR  w(0) 141304. F 0.01
expand: main@_3 (1, 0) FAR  w(1) 116238.
	create_child: main@_3 (0, 7) FAR 141285 U 0.03
expand: main@_3 (0, 0) FAR  w(0) 141285. F 0.01
expand: main@_3 (1, 0) FAR  w(1) 116238.
	create_child: main@_3 (0, 7) FAR 145830 U 0.01
expand: main@_3 (0, 0) FAR  w(0) 145830. F 0.01
expand: main@_3 (1, 0) FAR  w(1) 116238. F 0.06
expand: main@_3 (2, 0) FAR  w(0) 83056. F 0.07
expand: main@_3 (3, 0) FAR  w(0) 33528.
	create_child: main@_3 (2, 7) FAR 82493 UNDEF 0.01
expand: main@_3 (2, 0) FAR  w(0) 82493. T 0.01
is-reachable: main@_3 (3, 0) FAR 33528 F 0.01
expand: main@_3 (3, 0) FAR  w(1) 33528. T 0.04
is-reachable: main@empty.loop (4, 0) FAR 32619 F 0.00
expand: main@empty.loop (4, 0) FAR  w(1) 32619. T 0.00
is-reachable: main@entry (5, 0) FAR 1 F 0.00
expand: main@entry (5, 0) FAR  w(1) 1. T 0.00
is-reachable: main@entry!_BAD (6, 0) FAR 1 T 0.00
is-reachable: query!0 (7, 0) FAR 1 T 0.00
(spacer::context::check_reachability :time 1.71 :before-memory 36.22 :after-memory 48.12)
