(transform N7datalog13mk_coi_filterE...no-op 0s)
(transform N7datalog25mk_interp_tail_simplifierE...10 rules 0.238s)
(transform N7datalog27mk_quantifier_instantiationE...no-op 0s)
(transform N7datalog8mk_scaleE...no-op 0s)
(transform N7datalog18mk_karr_invariantsE...no-op 0s)
(transform N7datalog14mk_array_blastE...no-op 0s)
(transform N7datalog16mk_elim_term_iteE...no-op 0s)
(transform N7datalog22mk_subsumption_checkerE...9 rules 0.103s)
(transform N7datalog12mk_bit_blastE...no-op 0s)
(transform N7datalog15mk_rule_inlinerE...no-op 0s)
(transform N7datalog13mk_coi_filterE...no-op 0s)
(transform N7datalog25mk_interp_tail_simplifierE...9 rules 0.009s)
(transform N7datalog22mk_subsumption_checkerE...no-op 0s)
(transform N7datalog15mk_rule_inlinerE...no-op 0s)
(transform N7datalog13mk_coi_filterE...no-op 0s)
(transform N7datalog25mk_interp_tail_simplifierE...9 rules 0.009s)
(transform N7datalog22mk_subsumption_checkerE...no-op 0s)
(transform N7datalog15mk_rule_inlinerE...no-op 0s)
(transform N7datalog22mk_subsumption_checkerE...no-op 0s)
(transform N7datalog15mk_rule_inlinerE...no-op 0s)
(transform N7datalog22mk_subsumption_checkerE...no-op 0s)
(transform N7datalog15mk_rule_inlinerE...no-op 0s)
(transform N7datalog22mk_subsumption_checkerE...no-op 0s)
expand: query!0 (0, 0) FAR  w(0) 1. F 0.00
(spacer::context::check_reachability :time 0.00 :before-memory 22.00 :after-memory 22.40)
Entering level 1
expand: query!0 (1, 0) FAR  w(0) 1.
	create_child: main@entry!_BAD (0, 1) FAR 1 U 0.00
expand: main@entry!_BAD (0, 0) FAR  w(0) 1. F 0.06
expand: query!0 (1, 0) FAR  w(0) 1. F 0.00
(spacer::context::check_reachability :time 0.06 :before-memory 22.40 :after-memory 36.97)
Propagating: 0 (smt.stats :restarts  :decisions  :clauses/bin     :simplify   :memory)
(smt.stats      :conflicts  :propagations   :lemmas     :deletions   )
(smt.stats    0    102   5082  50929 23000/0   214     0    0   38.07)
1  ! 2 
(spacer::context::propagate :time 0.04 :before-memory 36.97 :after-memory 40.02)
Entering level 2
expand: query!0 (2, 0) FAR  w(0) 1.
	create_child: main@entry!_BAD (1, 2) FAR 1 U 0.00
expand: main@entry!_BAD (1, 0) FAR  w(0) 1(smt.stats    1    206  15526  98391 23048/0   418     0    0   40.54)
(smt.stats    2    309  16651 135960 23158/0   550     0    0   42.09)
(smt.stats    3    420  18166 182010 23203/0   703     0    0   42.69)
(smt.stats    4    521  19556 235641 23253/0   837     0    0   43.29)
(smt.stats    5    687  26602 293437 23070/0  1007     0    0   44.49)
.
	create_child: main@entry (0, 2) FAR 1 U 0.17
expand: main@entry (0, 0) FAR  w(0) 1(smt.stats :restarts  :decisions  :clauses/bin     :simplify   :memory)
(smt.stats      :conflicts  :propagations   :lemmas     :deletions   )
(smt.stats    0    101   1724  42312 22572/0   102     0    0   63.91)
(smt.stats    1    202   3866  79085 22582/0   204     0    0   64.37)
(smt.stats    2    313   7411 111519 22606/0   315     0    0   66.40)
(smt.stats    3    414   9903 156340 22615/0   416     0    0   68.24)
(smt.stats    4    525  17132 205418 22615/0   527     0    0   68.65)
(smt.stats    5    647  20977 267059 22624/0   650     0    0   70.11)
(smt.stats    6    748  21337 317927 22647/0   751     0    0   72.10)
. F 0.67
expand: main@entry!_BAD (1, 0) FAR  w(0) 1. F 0.00
expand: query!0 (2, 0) FAR  w(0) 1. F 0.00
(spacer::context::check_reachability :time 0.83 :before-memory 40.02 :after-memory 73.88)
Propagating: 0 (smt.stats    7    914  26470 384272 22573/0   914     0    0   73.78)
(smt.stats :restarts :decisions   :clauses/bin     :simplify   :memory)
(smt.stats     :conflicts  :propagations   :lemmas      :deletions   )
(smt.stats    8   1015  37271 459665 22574/0  1015     0    0   73.89)
1 2  ! 3 
(spacer::context::propagate :time 0.09 :before-memory 73.88 :after-memory 75.49)
Entering level 3
expand: query!0 (3, 0) FAR  w(0) 1.
	create_child: main@entry!_BAD (2, 3) FAR 1 U 0.00
expand: main@entry!_BAD (2, 0) FAR  w(0) 1.
	create_child: main@entry (1, 3) FAR 1 U 0.04
expand: main@entry (1, 0) FAR  w(0) 1(smt.stats    9   1126  60061 567630 22574/0  1155     0    0   76.80)
.
	create_child: main@_314 (0, 3) FAR 246182 U 0.24
expand: main@_314 (0, 0) FAR  w(0) 246182. F 0.00
expand: main@entry (1, 0) FAR  w(0) 1.
	create_child: main@_567 (0, 3) FAR 246874 U 0.06
expand: main@_567 (0, 0) FAR  w(0) 246874. F 0.01
expand: main@entry (1, 0) FAR  w(0) 1. F 0.55
expand: main@entry!_BAD (2, 0) FAR  w(0) 1. F 0.00
expand: query!0 (3, 0) FAR  w(0) 1. F 0.00
(spacer::context::check_reachability :time 0.91 :before-memory 75.49 :after-memory 84.90)
Propagating: 0 1 2 3  ! 4 
(spacer::context::propagate :time 0.09 :before-memory 84.90 :after-memory 85.11)
Entering level 4
expand: query!0 (4, 0) FAR  w(0) 1.
	create_child: main@entry!_BAD (3, 4) FAR 1 U 0.00
expand: main@entry!_BAD (3, 0) FAR  w(0) 1.
	create_child: main@entry (2, 4) FAR 1 U 0.03
expand: main@entry (2, 0) FAR  w(0) 1.
	create_child: main@_314 (1, 4) FAR 246182 U 0.09
expand: main@_314 (1, 0) FAR  w(0) 246182.
	create_child: main@_314!_Cond (0, 4) FAR 250460 U 0.00
expand: main@_314!_Cond (0, 0) FAR  w(0) 250460. F 0.01
expand: main@_314 (1, 0) FAR  w(0) 246182. F 0.00
expand: main@entry (2, 0) FAR  w(0) 1. F 0.29
expand: main@entry!_BAD (3, 0) FAR  w(0) 1. F 0.00
expand: query!0 (4, 0) FAR  w(0) 1. F 0.00
(spacer::context::check_reachability :time 0.41 :before-memory 85.11 :after-memory 89.70)
Propagating: 0 1 2 3 4  ! 5 
(spacer::context::propagate :time 0.07 :before-memory 89.70 :after-memory 90.03)
Entering level 5
expand: query!0 (5, 0) FAR  w(0) 1.
	create_child: main@entry!_BAD (4, 5) FAR 1 U 0.00
expand: main@entry!_BAD (4, 0) FAR  w(0) 1.
	create_child: main@entry (3, 5) FAR 1 U 0.02
expand: main@entry (3, 0) FAR  w(0) 1.
	create_child: main@_314 (2, 5) FAR 246182 U 0.03
expand: main@_314 (2, 0) FAR  w(0) 246182.
	create_child: main@_314!_Cond (1, 5) FAR 250460 U 0.00
expand: main@_314!_Cond (1, 0) FAR  w(0) 250460.
	create_child: main@_567 (0, 5) FAR 254567 U 0.01
expand: main@_567 (0, 0) FAR  w(0) 254567. F 0.00
expand: main@_314!_Cond (1, 0) FAR  w(0) 250460. F 0.00
expand: main@_314 (2, 0) FAR  w(0) 246182. F 0.00
expand: main@entry (3, 0) FAR  w(0) 1. F 0.30
expand: main@entry!_BAD (4, 0) FAR  w(0) 1. F 0.00
expand: query!0 (5, 0) FAR  w(0) 1. F 0.00
(spacer::context::check_reachability :time 0.36 :before-memory 90.03 :after-memory 90.11)
Propagating: 0 1 2 
(spacer::context::propagate :time 0.00 :before-memory 90.11 :after-memory 90.11)
(define-fun main@entry!_BAD () Bool
  false)
(define-fun main@_314!_Cond ((x!0 Int)
 (x!1 Int)
 (x!2 Int)
 (x!3 Int)
 (x!4 Int)
 (x!5 Int)
 (x!6 Int)
 (x!7 Int)
 (x!8 Int)
 (x!9 Int)
 (x!10 (Array Int Int))
 (x!11 (Array Int Int))
 (x!12 (Array Int Int))
 (x!13 (Array Int Int))
 (x!14 (Array Int Int))
 (x!15 (Array Int Int))
 (x!16 (Array Int Int))
 (x!17 (Array Int Int))
 (x!18 (Array Int Int))
 (x!19 (Array Int Int))
 (x!20 Int)) Bool
  (or (not (= (select x!19 x!5) 1)) (not (<= x!20 0)) (<= (select x!10 x!0) 0)))
(define-fun main@_314 ((x!0 Int)
 (x!1 (Array Int Int))
 (x!2 Int)
 (x!3 (Array Int Int))
 (x!4 Int)
 (x!5 (Array Int Int))
 (x!6 Int)
 (x!7 (Array Int Int))
 (x!8 Int)
 (x!9 (Array Int Int))
 (x!10 Int)
 (x!11 Int)
 (x!12 Int)
 (x!13 Int)
 (x!14 (Array Int Int))
 (x!15 (Array Int Int))
 (x!16 (Array Int Int))
 (x!17 Int)
 (x!18 (Array Int Int))
 (x!19 Int)) Bool
  (or (not (= (select x!18 x!12) 1)) (<= (select x!7 x!8) 0)))
(define-fun main@entry ((x!0 Int)) Bool
  false)
(define-fun main@_320 ((x!0 Int)
 (x!1 (Array Int Int))
 (x!2 Int)
 (x!3 (Array Int Int))
 (x!4 Int)
 (x!5 (Array Int Int))
 (x!6 Int)
 (x!7 (Array Int Int))
 (x!8 Int)
 (x!9 (Array Int Int))
 (x!10 Int)
 (x!11 Int)
 (x!12 Int)
 (x!13 Int)
 (x!14 (Array Int Int))
 (x!15 (Array Int Int))
 (x!16 (Array Int Int))
 (x!17 Int)
 (x!18 (Array Int Int))) Bool
  true)
(define-fun main@_567 ((x!0 Int)
 (x!1 (Array Int Int))
 (x!2 Int)
 (x!3 (Array Int Int))
 (x!4 Int)
 (x!5 (Array Int Int))
 (x!6 Int)
 (x!7 (Array Int Int))
 (x!8 Int)
 (x!9 (Array Int Int))
 (x!10 Int)
 (x!11 Int)
 (x!12 Int)
 (x!13 Int)
 (x!14 (Array Int Int))
 (x!15 (Array Int Int))
 (x!16 (Array Int Int))
 (x!17 Int)
 (x!18 (Array Int Int))
 (x!19 Int)) Bool
  (or (not (<= x!19 0)) (not (= (select x!18 x!12) 1)) (= (select x!7 x!8) 0)))
