(transform N7datalog13mk_coi_filterE...no-op 0s)
(transform N7datalog25mk_interp_tail_simplifierE...13 rules 0.026s)
(transform N7datalog27mk_quantifier_instantiationE...no-op 0s)
(transform N7datalog8mk_scaleE...no-op 0s)
(transform N7datalog18mk_karr_invariantsE...no-op 0s)
(transform N7datalog14mk_array_blastE...no-op 0s)
(transform N7datalog16mk_elim_term_iteE...no-op 0s)
(transform N7datalog22mk_subsumption_checkerE...12 rules 0.003s)
(transform N7datalog12mk_bit_blastE...no-op 0s)
(transform N7datalog15mk_rule_inlinerE...no-op 0s)
(transform N7datalog13mk_coi_filterE...no-op 0s)
(transform N7datalog25mk_interp_tail_simplifierE...12 rules 0.002s)
(transform N7datalog22mk_subsumption_checkerE...no-op 0s)
(transform N7datalog15mk_rule_inlinerE...no-op 0s)
(transform N7datalog13mk_coi_filterE...no-op 0s)
(transform N7datalog25mk_interp_tail_simplifierE...12 rules 0.002s)
(transform N7datalog22mk_subsumption_checkerE...no-op 0s)
(transform N7datalog15mk_rule_inlinerE...no-op 0s)
(transform N7datalog22mk_subsumption_checkerE...no-op 0s)
(transform N7datalog15mk_rule_inlinerE...no-op 0s)
(transform N7datalog22mk_subsumption_checkerE...no-op 0s)
(transform N7datalog15mk_rule_inlinerE...no-op 0s)
(transform N7datalog22mk_subsumption_checkerE...no-op 0s)
expand: query!0 (0, 0) FAR  w(0) 1. F 0.00
(spacer::context::check_reachability :time 0.00 :before-memory 17.68 :after-memory 17.88)
Entering level 1
expand: query!0 (1, 0) FAR  w(0) 1.
	create_child: main@entry!_BAD (0, 1) FAR 1 U 0.00
expand: main@entry!_BAD (0, 0) FAR  w(0) 1. F 0.01
expand: query!0 (1, 0) FAR  w(0) 1. F 0.00
(spacer::context::check_reachability :time 0.01 :before-memory 17.88 :after-memory 19.68)
Propagating: 0 1  ! 2 
(spacer::context::propagate :time 0.00 :before-memory 19.68 :after-memory 19.87)
Entering level 2
expand: query!0 (2, 0) FAR  w(0) 1.
	create_child: main@entry!_BAD (1, 2) FAR 1 U 0.00
expand: main@entry!_BAD (1, 0) FAR  w(0) 1.
	create_child: main@entry (0, 2) FAR 1 U 0.00
expand: main@entry (0, 0) FAR  w(0) 1. F 0.01
expand: main@entry!_BAD (1, 0) FAR  w(0) 1. F 0.00
expand: query!0 (2, 0) FAR  w(0) 1. F 0.00
(spacer::context::check_reachability :time 0.01 :before-memory 19.87 :after-memory 21.23)
Propagating: 0 1 2  ! 3 
(spacer::context::propagate :time 0.00 :before-memory 21.23 :after-memory 21.33)
Entering level 3
expand: query!0 (3, 0) FAR  w(0) 1.
	create_child: main@entry!_BAD (2, 3) FAR 1 U 0.00
expand: main@entry!_BAD (2, 0) FAR  w(0) 1.
	create_child: main@entry (1, 3) FAR 1 U 0.00
expand: main@entry (1, 0) FAR  w(0) 1.
	create_child: main@_58 (0, 3) FAR 26391 U 0.00
expand: main@_58 (0, 0) FAR  w(0) 26391. F 0.00
expand: main@entry (1, 0) FAR  w(0) 1. F 0.00
expand: main@entry!_BAD (2, 0) FAR  w(0) 1. F 0.00
expand: query!0 (3, 0) FAR  w(0) 1. F 0.00
(spacer::context::check_reachability :time 0.01 :before-memory 21.33 :after-memory 22.05)
Propagating: 0 1 2 3  ! 4 
(spacer::context::propagate :time 0.00 :before-memory 22.05 :after-memory 22.14)
Entering level 4
expand: query!0 (4, 0) FAR  w(0) 1.
	create_child: main@entry!_BAD (3, 4) FAR 1 U 0.00
expand: main@entry!_BAD (3, 0) FAR  w(0) 1.
	create_child: main@entry (2, 4) FAR 1 U 0.00
expand: main@entry (2, 0) FAR  w(0) 1.
	create_child: main@_58 (1, 4) FAR 26391 U 0.00
expand: main@_58 (1, 0) FAR  w(0) 26391.
	create_child: main@_58!_Cond (0, 4) FAR 27780 U 0.00
expand: main@_58!_Cond (0, 0) FAR  w(0) 27780. F 0.00
expand: main@_58 (1, 0) FAR  w(0) 26391. F 0.00
expand: main@entry (2, 0) FAR  w(0) 1. F 0.00
expand: main@entry!_BAD (3, 0) FAR  w(0) 1. F 0.00
expand: query!0 (4, 0) FAR  w(0) 1. F 0.00
(spacer::context::check_reachability :time 0.01 :before-memory 22.14 :after-memory 23.31)
Propagating: 0 1 2 3 4  ! 5 
(spacer::context::propagate :time 0.00 :before-memory 23.31 :after-memory 23.31)
Entering level 5
expand: query!0 (5, 0) FAR  w(0) 1.
	create_child: main@entry!_BAD (4, 5) FAR 1 U 0.00
expand: main@entry!_BAD (4, 0) FAR  w(0) 1.
	create_child: main@entry (3, 5) FAR 1 U 0.00
expand: main@entry (3, 0) FAR  w(0) 1.
	create_child: main@_58 (2, 5) FAR 26391 U 0.01
expand: main@_58 (2, 0) FAR  w(0) 26391.
	create_child: main@_58!_Cond (1, 5) FAR 27780 U 0.00
expand: main@_58!_Cond (1, 0) FAR  w(0) 27780.
	create_child: main@_61 (0, 5) FAR 29006 U 0.00
expand: main@_61 (0, 0) FAR  w(0) 29006. F 0.00
expand: main@_58!_Cond (1, 0) FAR  w(0) 27780. F 0.00
expand: main@_58 (2, 0) FAR  w(0) 26391. F 0.00
expand: main@entry (3, 0) FAR  w(0) 1. F 0.00
expand: main@entry!_BAD (4, 0) FAR  w(0) 1. F 0.00
expand: query!0 (5, 0) FAR  w(0) 1. F 0.00
(spacer::context::check_reachability :time 0.02 :before-memory 23.31 :after-memory 24.64)
Propagating: 0 1 2 3 4 5  ! 6 
(spacer::context::propagate :time 0.00 :before-memory 24.64 :after-memory 24.64)
Entering level 6
expand: query!0 (6, 0) FAR  w(0) 1.
	create_child: main@entry!_BAD (5, 6) FAR 1 U 0.00
expand: main@entry!_BAD (5, 0) FAR  w(0) 1.
	create_child: main@entry (4, 6) FAR 1 U 0.00
expand: main@entry (4, 0) FAR  w(0) 1.
	create_child: main@_58 (3, 6) FAR 26391 U 0.00
expand: main@_58 (3, 0) FAR  w(0) 26391.
	create_child: main@_58!_Cond (2, 6) FAR 27780 U 0.00
expand: main@_58!_Cond (2, 0) FAR  w(0) 27780.
	create_child: main@_61 (1, 6) FAR 29006 U 0.00
expand: main@_61 (1, 0) FAR  w(0) 29006.
	create_child: main@.critedge1 (0, 6) FAR 31323 U 0.00
expand: main@.critedge1 (0, 0) FAR  w(0) 31323. F 0.00
expand: main@_61 (1, 0) FAR  w(0) 29006. F 0.00
expand: main@_58!_Cond (2, 0) FAR  w(0) 27780. F 0.00
expand: main@_58 (3, 0) FAR  w(0) 26391. F 0.00
expand: main@entry (4, 0) FAR  w(0) 1. F 0.00
expand: main@entry!_BAD (5, 0) FAR  w(0) 1. F 0.00
expand: query!0 (6, 0) FAR  w(0) 1. F 0.00
(spacer::context::check_reachability :time 0.02 :before-memory 24.64 :after-memory 25.57)
Propagating: 0 1 2 3 4 5 6  ! 7 
(spacer::context::propagate :time 0.00 :before-memory 25.57 :after-memory 25.57)
Entering level 7
expand: query!0 (7, 0) FAR  w(0) 1.
	create_child: main@entry!_BAD (6, 7) FAR 1 U 0.00
expand: main@entry!_BAD (6, 0) FAR  w(0) 1.
	create_child: main@entry (5, 7) FAR 1 U 0.00
expand: main@entry (5, 0) FAR  w(0) 1.
	create_child: main@_58 (4, 7) FAR 26391 U 0.00
expand: main@_58 (4, 0) FAR  w(0) 26391.
	create_child: main@_58!_Cond (3, 7) FAR 27780 U 0.00
expand: main@_58!_Cond (3, 0) FAR  w(0) 27780.
	create_child: main@_61 (2, 7) FAR 29006 U 0.00
expand: main@_61 (2, 0) FAR  w(0) 29006.
	create_child: main@.critedge1 (1, 7) FAR 31323 U 0.00
expand: main@.critedge1 (1, 0) FAR  w(0) 31323.
	create_child: main@.critedge1!_Cond (0, 7) FAR 32828 U 0.00
expand: main@.critedge1!_Cond (0, 0) FAR  w(0) 32828. F 0.01
expand: main@.critedge1 (1, 0) FAR  w(0) 31323. F 0.00
expand: main@_61 (2, 0) FAR  w(0) 29006. F 0.00
expand: main@_58!_Cond (3, 0) FAR  w(0) 27780. F 0.00
expand: main@_58 (4, 0) FAR  w(0) 26391. F 0.00
expand: main@entry (5, 0) FAR  w(0) 1. F 0.00
expand: main@entry!_BAD (6, 0) FAR  w(0) 1. F 0.00
expand: query!0 (7, 0) FAR  w(0) 1. F 0.00
(spacer::context::check_reachability :time 0.03 :before-memory 25.57 :after-memory 28.92)
Propagating: 0 1 2 3 4 5 6 7  ! 8 
(spacer::context::propagate :time 0.01 :before-memory 28.92 :after-memory 29.80)
Entering level 8
expand: query!0 (8, 0) FAR  w(0) 1.
	create_child: main@entry!_BAD (7, 8) FAR 1 U 0.00
expand: main@entry!_BAD (7, 0) FAR  w(0) 1.
	create_child: main@entry (6, 8) FAR 1 U 0.00
expand: main@entry (6, 0) FAR  w(0) 1.
	create_child: main@_58 (5, 8) FAR 26391 U 0.00
expand: main@_58 (5, 0) FAR  w(0) 26391.
	create_child: main@_58!_Cond (4, 8) FAR 27780 U 0.00
expand: main@_58!_Cond (4, 0) FAR  w(0) 27780.
	create_child: main@_61 (3, 8) FAR 29006 U 0.00
expand: main@_61 (3, 0) FAR  w(0) 29006.
	create_child: main@.critedge1 (2, 8) FAR 31323 U 0.00
expand: main@.critedge1 (2, 0) FAR  w(0) 31323.
	create_child: main@.critedge1!_Cond (1, 8) FAR 32828 U 0.00
expand: main@.critedge1!_Cond (1, 0) FAR  w(0) 32828. T 0.04
is-reachable: main@.critedge1 (2, 0) FAR 31323 T 0.00
is-reachable: main@_61 (3, 0) FAR 29006
	create_child: main@_65 (3, 8) FAR 46862 X 0.01
is-reachable: main@_65 (3, 0) FAR 46862 T 0.01
is-reachable: main@_58!_Cond (4, 0) FAR 27780 F 0.00
Deleting closed node: main@.critedge1(2, 8) 31323
Deleting closed node: main@_61(3, 8) 29006
Deleting closed node: main@_65(3, 8) 46862
expand: main@_58!_Cond (4, 0) FAR  w(1) 27780. T 0.00
is-reachable: main@_58 (5, 0) FAR 26391 T 0.00
is-reachable: main@entry (6, 0) FAR 1 F 0.00
Deleting closed node: main@_58(5, 8) 26391
expand: main@entry (6, 0) FAR  w(1) 1. T 0.00
is-reachable: main@entry!_BAD (7, 0) FAR 1 T 0.00
is-reachable: query!0 (8, 0) FAR 1 T 0.00
(spacer::context::check_reachability :time 0.08 :before-memory 29.80 :after-memory 36.44)
