(transform N7datalog13mk_coi_filterE...no-op 0s)
(transform N7datalog25mk_interp_tail_simplifierE...11 rules 0.042s)
(transform N7datalog27mk_quantifier_instantiationE...no-op 0s)
(transform N7datalog8mk_scaleE...no-op 0s)
(transform N7datalog18mk_karr_invariantsE...no-op 0s)
(transform N7datalog14mk_array_blastE...no-op 0s)
(transform N7datalog16mk_elim_term_iteE...no-op 0s)
(transform N7datalog22mk_subsumption_checkerE...10 rules 0.004s)
(transform N7datalog12mk_bit_blastE...no-op 0s)
(transform N7datalog15mk_rule_inlinerE...no-op 0s)
(transform N7datalog13mk_coi_filterE...no-op 0s)
(transform N7datalog25mk_interp_tail_simplifierE...10 rules 0.002s)
(transform N7datalog22mk_subsumption_checkerE...no-op 0s)
(transform N7datalog15mk_rule_inlinerE...no-op 0s)
(transform N7datalog13mk_coi_filterE...no-op 0s)
(transform N7datalog25mk_interp_tail_simplifierE...10 rules 0.002s)
(transform N7datalog22mk_subsumption_checkerE...no-op 0s)
(transform N7datalog15mk_rule_inlinerE...no-op 0s)
(transform N7datalog22mk_subsumption_checkerE...no-op 0s)
(transform N7datalog15mk_rule_inlinerE...no-op 0s)
(transform N7datalog22mk_subsumption_checkerE...no-op 0s)
(transform N7datalog15mk_rule_inlinerE...no-op 0s)
(transform N7datalog22mk_subsumption_checkerE...no-op 0s)
expand: query!0 (0, 0) FAR  w(0) 1. F 0.00
(spacer::context::check_reachability :time 0.00 :before-memory 13.95 :after-memory 14.14)
Entering level 1
expand: query!0 (1, 0) FAR  w(0) 1.
	create_child: main@entry!_BAD (0, 1) FAR 1 U 0.00
expand: main@entry!_BAD (0, 0) FAR  w(0) 1. F 0.01
expand: query!0 (1, 0) FAR  w(0) 1. F 0.00
(spacer::context::check_reachability :time 0.01 :before-memory 14.14 :after-memory 16.33)
Propagating: 0 1  ! 2 
(spacer::context::propagate :time 0.01 :before-memory 16.33 :after-memory 16.62)
Entering level 2
expand: query!0 (2, 0) FAR  w(0) 1.
	create_child: main@entry!_BAD (1, 2) FAR 1 U 0.00
expand: main@entry!_BAD (1, 0) FAR  w(0) 1.
	create_child: main@entry (0, 2) FAR 1 U 0.00
expand: main@entry (0, 0) FAR  w(0) 1. F 0.02
expand: main@entry!_BAD (1, 0) FAR  w(0) 1. F 0.00
expand: query!0 (2, 0) FAR  w(0) 1. F 0.00
(spacer::context::check_reachability :time 0.03 :before-memory 16.62 :after-memory 19.80)
Propagating: 0 1 2  ! 3 
(spacer::context::propagate :time 0.02 :before-memory 19.80 :after-memory 20.48)
Entering level 3
expand: query!0 (3, 0) FAR  w(0) 1.
	create_child: main@entry!_BAD (2, 3) FAR 1 U 0.00
expand: main@entry!_BAD (2, 0) FAR  w(0) 1.
	create_child: main@entry (1, 3) FAR 1 U 0.00
expand: main@entry (1, 0) FAR  w(0) 1.
	create_child: main@_84 (0, 3) FAR 38818 UNDEF 0.04
expand: main@_84 (0, 0) FAR  w(0) 38818. F 0.00
expand: main@entry (1, 0) FAR  w(0) 1.
	create_child: main@.critedge4.thread (0, 3) FAR 38567 U 0.01
expand: main@.critedge4.thread (0, 0) FAR  w(0) 38567. F 0.04
expand: main@entry (1, 0) FAR  w(0) 1.
	create_child: main@.critedge4.thread (0, 3) FAR 45948 U 0.02
expand: main@.critedge4.thread (0, 0) FAR  w(0) 45948. F 0.03
expand: main@entry (1, 0) FAR  w(0) 1.
	create_child: main@.critedge4.thread (0, 3) FAR 46531 U 0.01
expand: main@.critedge4.thread (0, 0) FAR  w(0) 46531. F 0.03
expand: main@entry (1, 0) FAR  w(0) 1.
	create_child: main@.critedge4.thread (0, 3) FAR 47443 U 0.02
expand: main@.critedge4.thread (0, 0) FAR  w(0) 47443. F 0.03
expand: main@entry (1, 0) FAR  w(0) 1.
	create_child: main@.critedge4.thread (0, 3) FAR 48369 U 0.01
expand: main@.critedge4.thread (0, 0) FAR  w(0) 48369. F 0.02
expand: main@entry (1, 0) FAR  w(0) 1.
	create_child: main@.critedge4.thread (0, 3) FAR 48175 UNDEF 0.01
expand: main@.critedge4.thread (0, 0) FAR  w(0) 48175. T 0.00
is-reachable: main@entry (1, 0) FAR 1 F 0.01
expand: main@entry (1, 0) FAR  w(1) 1.
	create_child: main@.critedge4.thread (0, 3) FAR 49276 U 0.01
expand: main@.critedge4.thread (0, 0) FAR  w(0) 49276. F 0.04
expand: main@entry (1, 0) FAR  w(1) 1.
	create_child: main@.critedge4.thread (0, 3) FAR 49718 U 0.02
expand: main@.critedge4.thread (0, 0) FAR  w(0) 49718. F 0.02
expand: main@entry (1, 0) FAR  w(1) 1.
	create_child: main@.critedge4.thread (0, 3) FAR 50397 U 0.01
expand: main@.critedge4.thread (0, 0) FAR  w(0) 50397. F 0.03
expand: main@entry (1, 0) FAR  w(1) 1. F 0.01
expand: main@entry!_BAD (2, 0) FAR  w(0) 1. F 0.00
expand: query!0 (3, 0) FAR  w(0) 1. F 0.00
(spacer::context::check_reachability :time 0.46 :before-memory 20.48 :after-memory 26.44)
Propagating: 0 1 2 3  ! 4 
(spacer::context::propagate :time 0.01 :before-memory 26.44 :after-memory 26.44)
Entering level 4
expand: query!0 (4, 0) FAR  w(0) 1.
	create_child: main@entry!_BAD (3, 4) FAR 1 U 0.00
expand: main@entry!_BAD (3, 0) FAR  w(0) 1.
	create_child: main@entry (2, 4) FAR 1 U 0.00
expand: main@entry (2, 0) FAR  w(0) 1.
	create_child: main@_84 (1, 4) FAR 51467 U 0.01
expand: main@_84 (1, 0) FAR  w(0) 51467.
	create_child: main@_84!_Cond (0, 4) FAR 49706 U 0.00
expand: main@_84!_Cond (0, 0) FAR  w(0) 49706. F 0.01
expand: main@_84 (1, 0) FAR  w(0) 51467. F 0.00
expand: main@entry (2, 0) FAR  w(0) 1. F 0.01
expand: main@entry!_BAD (3, 0) FAR  w(0) 1. F 0.00
expand: query!0 (4, 0) FAR  w(0) 1. F 0.00
(spacer::context::check_reachability :time 0.04 :before-memory 26.44 :after-memory 29.46)
Propagating: 0 1 2 3 4  ! 5 
(spacer::context::propagate :time 0.01 :before-memory 29.46 :after-memory 29.76)
Entering level 5
expand: query!0 (5, 0) FAR  w(0) 1.
	create_child: main@entry!_BAD (4, 5) FAR 1 U 0.00
expand: main@entry!_BAD (4, 0) FAR  w(0) 1.
	create_child: main@entry (3, 5) FAR 1 U 0.00
expand: main@entry (3, 0) FAR  w(0) 1.
	create_child: main@_84 (2, 5) FAR 51467 U 0.01
expand: main@_84 (2, 0) FAR  w(0) 51467.
	create_child: main@_84!_Cond (1, 5) FAR 49706 U 0.00
expand: main@_84!_Cond (1, 0) FAR  w(0) 49706.
	create_child: main@.critedge4.thread (0, 5) FAR 56714 UNDEF 0.01
expand: main@.critedge4.thread (0, 0) FAR  w(0) 56714. UNDEF 0.00
expand: main@.critedge4.thread (0, 0) FAR  w(1) 56714.
	create_child: main@.critedge3 (0, 5) FAR 57514 X 0.02
expand: main@.critedge3 (0, 0) FAR  w(0) 57514. F 0.03
expand: main@_84!_Cond (1, 0) FAR  w(0) 49706. F 0.01
expand: main@_84 (2, 0) FAR  w(0) 51467. F 0.00
expand: main@entry (3, 0) FAR  w(0) 1. F 0.01
expand: main@entry!_BAD (4, 0) FAR  w(0) 1. F 0.00
expand: query!0 (5, 0) FAR  w(0) 1. F 0.00
(spacer::context::check_reachability :time 0.10 :before-memory 29.76 :after-memory 35.25)
Propagating: 0 1 2 3 4 5  ! 6 
(spacer::context::propagate :time 0.01 :before-memory 35.25 :after-memory 35.73)
Entering level 6
expand: query!0 (6, 0) FAR  w(0) 1.
	create_child: main@entry!_BAD (5, 6) FAR 1 U 0.00
expand: main@entry!_BAD (5, 0) FAR  w(0) 1.
	create_child: main@entry (4, 6) FAR 1 U 0.00
expand: main@entry (4, 0) FAR  w(0) 1.
	create_child: main@_84 (3, 6) FAR 62394 U 0.02
expand: main@_84 (3, 0) FAR  w(0) 62394.
	create_child: main@_84!_Cond (2, 6) FAR 63223 U 0.02
expand: main@_84!_Cond (2, 0) FAR  w(0) 63223.
	create_child: main@.critedge4.thread (1, 6) FAR 62788 U 0.03
expand: main@.critedge4.thread (1, 0) FAR  w(0) 62788. F 0.03
expand: main@_84!_Cond (2, 0) FAR  w(0) 63223. F 0.03
expand: main@_84 (3, 0) FAR  w(0) 62394. F 0.01
expand: main@entry (4, 0) FAR  w(0) 1.
	create_child: main@_84 (3, 6) FAR 63975 U 0.01
expand: main@_84 (3, 0) FAR  w(0) 63975.
	create_child: main@_84!_Cond (2, 6) FAR 64032 U 0.00
expand: main@_84!_Cond (2, 0) FAR  w(0) 64032.
	create_child: main@.critedge4.thread (1, 6) FAR 64434 U 0.01
expand: main@.critedge4.thread (1, 0) FAR  w(0) 64434. F 0.02
expand: main@_84!_Cond (2, 0) FAR  w(0) 64032. F 0.02
expand: main@_84 (3, 0) FAR  w(0) 63975. F 0.01
expand: main@entry (4, 0) FAR  w(0) 1.
	create_child: main@_84 (3, 6) FAR 64931 U 0.01
expand: main@_84 (3, 0) FAR  w(0) 64931.
	create_child: main@_84!_Cond (2, 6) FAR 64981 U 0.00
expand: main@_84!_Cond (2, 0) FAR  w(0) 64981.
	create_child: main@.critedge3 (1, 6) FAR 64827 U 0.01
expand: main@.critedge3 (1, 0) FAR  w(0) 64827.
	create_child: main@.critedge4.thread (0, 6) FAR 66184 U 0.01
expand: main@.critedge4.thread (0, 0) FAR  w(0) 66184. F 0.02
expand: main@.critedge3 (1, 0) FAR  w(0) 64827. F 0.03
expand: main@_84!_Cond (2, 0) FAR  w(0) 64981.
	create_child: main@.critedge4.thread (1, 6) FAR 67168 UNDEF 0.01
expand: main@.critedge4.thread (1, 0) FAR  w(0) 67168. T 0.00
is-reachable: main@_84!_Cond (2, 0) FAR 64981 F 0.00
expand: main@_84!_Cond (2, 0) FAR  w(1) 64981.
	create_child: main@.critedge3 (1, 6) FAR 67314 U 0.01
expand: main@.critedge3 (1, 0) FAR  w(0) 67314.
	create_child: main@.critedge4.thread (0, 6) FAR 67658 U 0.01
expand: main@.critedge4.thread (0, 0) FAR  w(0) 67658. F 0.03
expand: main@.critedge3 (1, 0) FAR  w(0) 67314. F 0.04
expand: main@_84!_Cond (2, 0) FAR  w(1) 64981.
	create_child: main@.critedge3 (1, 6) FAR 68253 U 0.01
expand: main@.critedge3 (1, 0) FAR  w(0) 68253.
	create_child: main@.critedge4.thread (0, 6) FAR 68206 U 0.01
expand: main@.critedge4.thread (0, 0) FAR  w(0) 68206. F 0.03
expand: main@.critedge3 (1, 0) FAR  w(0) 68253. F 0.03
expand: main@_84!_Cond (2, 0) FAR  w(1) 64981.
	create_child: main@.critedge3 (1, 6) FAR 69102 U 0.01
expand: main@.critedge3 (1, 0) FAR  w(0) 69102.
	create_child: main@.critedge4.thread (0, 6) FAR 69130 U 0.01
expand: main@.critedge4.thread (0, 0) FAR  w(0) 69130


FAILED TO FIND COEFFICIENT


. F 0.03
expand: main@.critedge3 (1, 0) FAR  w(0) 69102. F 0.03
expand: main@_84!_Cond (2, 0) FAR  w(1) 64981


FAILED TO FIND COEFFICIENT


. F 0.05
expand: main@_84 (3, 0) FAR  w(0) 64931


FAILED TO FIND COEFFICIENT





FAILED TO FIND COEFFICIENT


. F 0.01
expand: main@entry (4, 0) FAR  w(0) 1.
	create_child: main@_84 (3, 6) FAR 71630 U 0.02
expand: main@_84 (3, 0) FAR  w(0) 71630.
	create_child: main@_84!_Cond (2, 6) FAR 71798 U 0.01
expand: main@_84!_Cond (2, 0) FAR  w(0) 71798.
	create_child: main@.critedge3 (1, 6) FAR 71986 U 0.01
expand: main@.critedge3 (1, 0) FAR  w(0) 71986.
	create_child: main@.critedge4.thread (0, 6) FAR 72240 U 0.01
expand: main@.critedge4.thread (0, 0) FAR  w(0) 72240. F 0.03
expand: main@.critedge3 (1, 0) FAR  w(0) 71986. F 0.03
expand: main@_84!_Cond (2, 0) FAR  w(0) 71798.
	create_child: main@.critedge3 (1, 6) FAR 72898 U 0.01
expand: main@.critedge3 (1, 0) FAR  w(0) 72898.
	create_child: main@.critedge4.thread (0, 6) FAR 72514 U 0.01
expand: main@.critedge4.thread (0, 0) FAR  w(0) 72514


FAILED TO FIND COEFFICIENT


. F 0.03
expand: main@.critedge3 (1, 0) FAR  w(0) 72898. F 0.03
expand: main@_84!_Cond (2, 0) FAR  w(0) 71798.
	create_child: main@.critedge3 (1, 6) FAR 73631 U 0.01
expand: main@.critedge3 (1, 0) FAR  w(0) 73631.
	create_child: main@.critedge4.thread (0, 6) FAR 72128 U 0.01
expand: main@.critedge4.thread (0, 0) FAR  w(0) 72128. F 0.03
expand: main@.critedge3 (1, 0) FAR  w(0) 73631. F 0.03
expand: main@_84!_Cond (2, 0) FAR  w(0) 71798.
	create_child: main@.critedge3 (1, 6) FAR 73314 U 0.01
expand: main@.critedge3 (1, 0) FAR  w(0) 73314.
	create_child: main@.critedge4.thread (0, 6) FAR 73697 U 0.01
expand: main@.critedge4.thread (0, 0) FAR  w(0) 73697


FAILED TO FIND COEFFICIENT


. F 0.03
expand: main@.critedge3 (1, 0) FAR  w(0) 73314. F 0.04
expand: main@_84!_Cond (2, 0) FAR  w(0) 71798


FAILED TO FIND COEFFICIENT





FAILED TO FIND COEFFICIENT





FAILED TO FIND COEFFICIENT





FAILED TO FIND COEFFICIENT





FAILED TO FIND COEFFICIENT


. F 0.05
expand: main@_84 (3, 0) FAR  w(0) 71630


FAILED TO FIND COEFFICIENT





FAILED TO FIND COEFFICIENT


. F 0.01
expand: main@entry (4, 0) FAR  w(0) 1.
	create_child: main@_84 (3, 6) FAR 75041 UNDEF 0.02
expand: main@_84 (3, 0) FAR  w(0) 75041.
	create_child: main@_84!_Cond (2, 6) FAR 75002 U 0.00
expand: main@_84!_Cond (2, 0) FAR  w(0) 75002.
	create_child: main@.critedge3 (1, 6) FAR 75421 U 0.01
expand: main@.critedge3 (1, 0) FAR  w(0) 75421.
	create_child: main@.critedge4.thread (0, 6) FAR 75786 U 0.01
expand: main@.critedge4.thread (0, 0) FAR  w(0) 75786. F 0.02
expand: main@.critedge3 (1, 0) FAR  w(0) 75421. F 0.03
expand: main@_84!_Cond (2, 0) FAR  w(0) 75002.
	create_child: main@.critedge3 (1, 6) FAR 76169 U 0.01
expand: main@.critedge3 (1, 0) FAR  w(0) 76169.
	create_child: main@.critedge4.thread (0, 6) FAR 76350 U 0.01
expand: main@.critedge4.thread (0, 0) FAR  w(0) 76350. F 0.03
expand: main@.critedge3 (1, 0) FAR  w(0) 76169. F 0.03
expand: main@_84!_Cond (2, 0) FAR  w(0) 75002.
	create_child: main@.critedge3 (1, 6) FAR 76782 U 0.01
expand: main@.critedge3 (1, 0) FAR  w(0) 76782.
	create_child: main@.critedge4.thread (0, 6) FAR 76578 U 0.01
expand: main@.critedge4.thread (0, 0) FAR  w(0) 76578. F 0.02
expand: main@.critedge3 (1, 0) FAR  w(0) 76782. F 0.03
expand: main@_84!_Cond (2, 0) FAR  w(0) 75002.
	create_child: main@.critedge3 (1, 6) FAR 76712 U 0.01
expand: main@.critedge3 (1, 0) FAR  w(0) 76712.
	create_child: main@.critedge4.thread (0, 6) FAR 76890 U 0.01
expand: main@.critedge4.thread (0, 0) FAR  w(0) 76890


FAILED TO FIND COEFFICIENT


. F 0.02
expand: main@.critedge3 (1, 0) FAR  w(0) 76712. F 0.03
expand: main@_84!_Cond (2, 0) FAR  w(0) 75002.
	create_child: main@.critedge4.thread (1, 6) FAR 77617 U 0.01
expand: main@.critedge4.thread (1, 0) FAR  w(0) 77617. F 0.02
expand: main@_84!_Cond (2, 0) FAR  w(0) 75002.
	create_child: main@.critedge4.thread (1, 6) FAR 78366 U 0.01
expand: main@.critedge4.thread (1, 0) FAR  w(0) 78366


FAILED TO FIND COEFFICIENT


. F 0.02
expand: main@_84!_Cond (2, 0) FAR  w(0) 75002.
	create_child: main@.critedge4.thread (1, 6) FAR 78979 U 0.01
expand: main@.critedge4.thread (1, 0) FAR  w(0) 78979. F 0.02
expand: main@_84!_Cond (2, 0) FAR  w(0) 75002.
	create_child: main@.critedge4.thread (1, 6) FAR 78897 U 0.01
expand: main@.critedge4.thread (1, 0) FAR  w(0) 78897. F 0.02
expand: main@_84!_Cond (2, 0) FAR  w(0) 75002. F 0.03
expand: main@_84 (3, 0) FAR  w(0) 75041. F 0.01
expand: main@entry (4, 0) FAR  w(0) 1.
	create_child: main@_84 (3, 6) FAR 79137 UNDEF 0.01
expand: main@_84 (3, 0) FAR  w(0) 79137.
	create_child: main@_84!_Cond (2, 6) FAR 79230 U 0.00
expand: main@_84!_Cond (2, 0) FAR  w(0) 79230.
	create_child: main@.critedge3 (1, 6) FAR 79741 U 0.01
expand: main@.critedge3 (1, 0) FAR  w(0) 79741.
	create_child: main@.critedge4.thread (0, 6) FAR 80109 U 0.01
expand: main@.critedge4.thread (0, 0) FAR  w(0) 80109. F 0.02
expand: main@.critedge3 (1, 0) FAR  w(0) 79741. F 0.03
expand: main@_84!_Cond (2, 0) FAR  w(0) 79230.
	create_child: main@.critedge3 (1, 6) FAR 77803 U 0.01
expand: main@.critedge3 (1, 0) FAR  w(0) 77803.
	create_child: main@.critedge4.thread (0, 6) FAR 80500 U 0.01
expand: main@.critedge4.thread (0, 0) FAR  w(0) 80500. F 0.03
expand: main@.critedge3 (1, 0) FAR  w(0) 77803. F 0.03
expand: main@_84!_Cond (2, 0) FAR  w(0) 79230.
	create_child: main@.critedge3 (1, 6) FAR 80901 U 0.01
expand: main@.critedge3 (1, 0) FAR  w(0) 80901.
	create_child: main@.critedge4.thread (0, 6) FAR 80778 U 0.01
expand: main@.critedge4.thread (0, 0) FAR  w(0) 80778. F 0.02
expand: main@.critedge3 (1, 0) FAR  w(0) 80901. F 0.03
expand: main@_84!_Cond (2, 0) FAR  w(0) 79230.
	create_child: main@.critedge3 (1, 6) FAR 81141 U 0.02
expand: main@.critedge3 (1, 0) FAR  w(0) 81141.
	create_child: main@.critedge4.thread (0, 6) FAR 81250 U 0.01
expand: main@.critedge4.thread (0, 0) FAR  w(0) 81250


FAILED TO FIND COEFFICIENT


. F 0.03
expand: main@.critedge3 (1, 0) FAR  w(0) 81141. F 0.03
expand: main@_84!_Cond (2, 0) FAR  w(0) 79230. F 0.05
expand: main@_84 (3, 0) FAR  w(0) 79137. F 0.01
expand: main@entry (4, 0) FAR  w(0) 1.
	create_child: main@_84 (3, 6) FAR 81535 UNDEF 0.01
expand: main@_84 (3, 0) FAR  w(0) 81535.
	create_child: main@_84!_Cond (2, 6) FAR 81808 U 0.00
expand: main@_84!_Cond (2, 0) FAR  w(0) 81808.
	create_child: main@.critedge4.thread (1, 6) FAR 80243 U 0.01
expand: main@.critedge4.thread (1, 0) FAR  w(0) 80243


FAILED TO FIND COEFFICIENT


. F 0.03
expand: main@_84!_Cond (2, 0) FAR  w(0) 81808. F 0.04
expand: main@_84 (3, 0) FAR  w(0) 81535. F 0.01
expand: main@entry (4, 0) FAR  w(0) 1.
	create_child: main@_84 (3, 6) FAR 82096 UNDEF 0.02
expand: main@_84 (3, 0) FAR  w(0) 82096.
	create_child: main@_84!_Cond (2, 6) FAR 82165 U 0.00
expand: main@_84!_Cond (2, 0) FAR  w(0) 82165. F 0.03
expand: main@_84 (3, 0) FAR  w(0) 82096. F 0.01
expand: main@entry (4, 0) FAR  w(0) 1. F 0.01
expand: main@entry!_BAD (5, 0) FAR  w(0) 1. F 0.00
expand: query!0 (6, 0) FAR  w(0) 1. F 0.00
(spacer::context::check_reachability :time 1.96 :before-memory 35.73 :after-memory 40.18)
Propagating: 0 1 2 3 
(spacer::context::propagate :time 0.01 :before-memory 40.18 :after-memory 40.18)
(define-fun main@entry!_BAD () Bool
  false)
(define-fun main@.critedge4.thread ((x!0 (Array Int Int))
 (x!1 Int)
 (x!2 Int)
 (x!3 (Array Int Int))
 (x!4 Int)
 (x!5 (Array Int Int))
 (x!6 Int)
 (x!7 (Array Int Int))
 (x!8 Int)
 (x!9 (Array Int Int))
 (x!10 Int)
 (x!11 (Array Int Int))
 (x!12 Int)
 (x!13 (Array Int Int))
 (x!14 Int)
 (x!15 (Array Int Int))
 (x!16 Int)
 (x!17 (Array Int Int))
 (x!18 Int)
 (x!19 (Array Int Int))
 (x!20 (Array Int Int))
 (x!21 Int)
 (x!22 (Array Int Int))
 (x!23 Int)
 (x!24 (Array Int Int))
 (x!25 Int)
 (x!26 Int)
 (x!27 Int)) Bool
  (let ((a!1 (>= (+ (select x!11 x!12) (* (- 1) (select x!9 x!10))) 0))
        (a!3 (select x!19 (+ x!2 (* 4 (select x!0 x!1)))))
        (a!4 (<= (+ (select x!5 x!6) (* (- 1) (select x!3 x!4))) 0))
        (a!5 (>= (+ (select x!9 x!10) (* (- 1) (select x!11 x!12))) (- 99)))
        (a!6 (not (<= (select x!19 (+ 8 x!2)) 640)))
        (a!7 (not (<= (select x!19 (+ 12 x!2)) 740)))
        (a!8 (not (<= (select x!19 (+ 4 x!2)) 500)))
        (a!10 (<= (+ (select x!9 x!10) (* (- 1) (select x!11 x!12))) 0))
        (a!13 (>= (+ (select x!3 x!4) (* (- 1) (select x!5 x!6))) 0))
        (a!15 (not (>= (select x!19 (+ 8 x!2)) 640)))
        (a!16 (not (>= (select x!19 (+ 4 x!2)) 500)))
        (a!17 (not (>= (select x!19 (+ 12 x!2)) 740)))
        (a!21 (>= (+ (select x!5 x!6) (* (- 1) (select x!3 x!4))) 0))
        (a!22 (>= (+ (select x!11 x!12) (* (- 1) (select x!9 x!10))) 100))
        (a!24 (<= (+ (select x!3 x!4) (* (- 1) (select x!5 x!6))) 0)))
  (let ((a!2 (or (not (= x!27 0))
                 (not (= x!26 0))
                 (not (= (select x!7 x!8) 0))
                 (not a!1)
                 (not (= (select x!0 x!1) 0))
                 (not (<= (select x!9 x!10) 399))))
        (a!9 (or (<= (select x!20 x!21) 0)
                 (<= (select x!7 x!8) 0)
                 (not (<= (select x!13 x!14) 0))
                 (>= (+ (select x!11 x!12) (* (- 1) a!3)) 0)
                 a!4
                 (not a!5)
                 (not (>= (select x!24 x!25) 601))
                 (not (<= (select x!22 x!23) 600))
                 a!6
                 (not (<= (select x!19 x!2) 400))
                 a!7
                 a!8
                 (<= x!27 0)))
        (a!11 (or (= x!27 0)
                  (<= (select x!17 x!18) 0)
                  (<= (select x!20 x!21) 0)
                  (>= (+ (select x!11 x!12) (* (- 1) a!3)) 0)
                  a!4
                  (not (>= (select x!24 x!25) 601))
                  (not (<= (select x!22 x!23) 600))
                  a!6
                  (not (<= (select x!19 x!2) 400))
                  a!7
                  a!8
                  (not (= (select x!15 x!16) 0))
                  a!10))
        (a!12 (or (<= (select x!17 x!18) 0)
                  (<= (select x!20 x!21) 0)
                  (<= (select x!7 x!8) 0)
                  (>= (+ (select x!11 x!12) (* (- 1) a!3)) 0)
                  a!4
                  (not a!5)
                  (not (>= (select x!24 x!25) 601))
                  (not (<= (select x!22 x!23) 600))
                  a!6
                  (not (<= (select x!19 x!2) 400))
                  a!7
                  a!8
                  (<= x!27 0)
                  (not (= (select x!15 x!16) 0))))
        (a!14 (not (>= (+ (select x!11 x!12) (* (- 1) a!3)) 0)))
        (a!19 (or (<= (select x!20 x!21) 0)
                  (not (<= (select x!13 x!14) 0))
                  (>= (+ (select x!11 x!12) (* (- 1) a!3)) 0)
                  a!4
                  (not (>= (select x!24 x!25) 601))
                  (not (<= (select x!22 x!23) 600))
                  a!6
                  (not (<= (select x!19 x!2) 400))
                  a!7
                  a!8
                  (<= x!27 0)
                  a!10))
        (a!23 (or (not (= x!27 0))
                  (not (= x!26 0))
                  (not a!21)
                  (not (= (select x!7 x!8) 0))
                  (not a!1)))
        (a!25 (or (= x!26 0)
                  (not (= x!27 0))
                  (<= (select x!20 x!21) 0)
                  (not (<= (select x!13 x!14) 0))
                  (not (>= (select x!24 x!25) 601))
                  (not (<= (select x!22 x!23) 600))
                  a!24
                  (not (= (select x!7 x!8) 0))
                  (not a!1)
                  (not (>= (select x!9 x!10) 740))
                  (not (= (select x!0 x!1) 3))))
        (a!26 (or (= x!26 0)
                  (not (= x!27 0))
                  (<= (select x!20 x!21) 0)
                  (not (<= (select x!13 x!14) 0))
                  (not (>= (select x!24 x!25) 601))
                  (not (<= (select x!22 x!23) 600))
                  a!24
                  (not (= (select x!7 x!8) 0))
                  (not a!1)
                  (not (= (select x!0 x!1) 2))
                  (not (>= (select x!9 x!10) 640))))
        (a!27 (or (= x!26 0)
                  (not (= x!27 0))
                  (<= (select x!20 x!21) 0)
                  (not (<= (select x!13 x!14) 0))
                  (not (>= (select x!24 x!25) 601))
                  (not (<= (select x!22 x!23) 600))
                  a!24
                  (not (= (select x!7 x!8) 0))
                  (not a!1)
                  (not (= (select x!0 x!1) 1))
                  (not (>= (select x!9 x!10) 500))))
        (a!28 (not (>= (+ (select x!9 x!10) (* (- 1) a!3)) 0)))
        (a!30 (or (= x!26 0)
                  (not (= x!27 0))
                  (<= (select x!17 x!18) 0)
                  (<= (select x!20 x!21) 0)
                  (not (>= (select x!24 x!25) 601))
                  (not (<= (select x!22 x!23) 600))
                  (not (= (select x!15 x!16) 0))
                  a!24
                  (not (= (select x!7 x!8) 0))
                  (not a!1)
                  (not (= (select x!0 x!1) 1))
                  (not (>= (select x!9 x!10) 500))))
        (a!31 (or (= x!26 0)
                  (not (= x!27 0))
                  (<= (select x!17 x!18) 0)
                  (<= (select x!20 x!21) 0)
                  (not (>= (select x!24 x!25) 601))
                  (not (<= (select x!22 x!23) 600))
                  (not (= (select x!15 x!16) 0))
                  a!24
                  (not (= (select x!7 x!8) 0))
                  (not a!1)
                  (not (>= (select x!9 x!10) 740))
                  (not (= (select x!0 x!1) 3))))
        (a!32 (or (= x!26 0)
                  (not (= x!27 0))
                  (<= (select x!17 x!18) 0)
                  (<= (select x!20 x!21) 0)
                  (not (>= (select x!24 x!25) 601))
                  (not (<= (select x!22 x!23) 600))
                  (not (= (select x!15 x!16) 0))
                  a!24
                  (not (= (select x!7 x!8) 0))
                  (not a!1)
                  (not (= (select x!0 x!1) 2))
                  (not (>= (select x!9 x!10) 640))))
        (a!34 (or (= x!26 0)
                  (not (= x!27 0))
                  (<= (select x!20 x!21) 0)
                  (not (<= (select x!13 x!14) 0))
                  (not (>= (select x!24 x!25) 601))
                  (not (<= (select x!22 x!23) 600))
                  a!24
                  (not a!22)
                  (not (>= (select x!9 x!10) 740))
                  (not (= (select x!0 x!1) 3))))
        (a!35 (or (= x!26 0)
                  (not (= x!27 0))
                  (<= (select x!20 x!21) 0)
                  (not (<= (select x!13 x!14) 0))
                  (not (>= (select x!24 x!25) 601))
                  (not (<= (select x!22 x!23) 600))
                  a!24
                  (not a!22)
                  (not (= (select x!0 x!1) 1))
                  (not (>= (select x!9 x!10) 500))))
        (a!36 (or (= x!26 0)
                  (not (= x!27 0))
                  (<= (select x!20 x!21) 0)
                  (not (<= (select x!13 x!14) 0))
                  (not (>= (select x!24 x!25) 601))
                  (not (<= (select x!22 x!23) 600))
                  a!24
                  (not a!22)
                  (not (= (select x!0 x!1) 2))
                  (not (>= (select x!9 x!10) 640))))
        (a!37 (or (= x!26 0)
                  (not (= x!27 0))
                  (<= (select x!20 x!21) 0)
                  (not (<= (select x!13 x!14) 0))
                  (not (>= (select x!24 x!25) 601))
                  (not (<= (select x!22 x!23) 600))
                  a!24
                  (not a!22)
                  (not (= (select x!0 x!1) 0))
                  (not (>= (select x!9 x!10) 400))))
        (a!38 (or (not (= x!27 0))
                  (not (= x!26 0))
                  (not (= (select x!0 x!1) 3))
                  (not a!4)
                  (not (<= (select x!9 x!10) 739))))
        (a!39 (or (not (= x!27 0))
                  (not (= x!26 0))
                  (not a!22)
                  (not (= (select x!0 x!1) 0))
                  (not (<= (select x!9 x!10) 399))))
        (a!40 (or (not (= x!27 0))
                  (not (= x!26 0))
                  (not (= (select x!0 x!1) 1))
                  (not a!4)
                  (not (<= (select x!9 x!10) 499))))
        (a!41 (or (not (= x!27 0))
                  (not (= x!26 0))
                  (not (= (select x!0 x!1) 2))
                  (not a!4)
                  (not (<= (select x!9 x!10) 639))))
        (a!42 (or (= x!26 0)
                  (not (= x!27 0))
                  (<= (select x!17 x!18) 0)
                  (<= (select x!20 x!21) 0)
                  (not (>= (select x!24 x!25) 601))
                  (not (<= (select x!22 x!23) 600))
                  (not (= (select x!15 x!16) 0))
                  a!24
                  (not a!22)
                  (not (>= (select x!9 x!10) 740))
                  (not (= (select x!0 x!1) 3))))
        (a!43 (or (= x!26 0)
                  (not (= x!27 0))
                  (<= (select x!17 x!18) 0)
                  (<= (select x!20 x!21) 0)
                  (not (>= (select x!24 x!25) 601))
                  (not (<= (select x!22 x!23) 600))
                  (not (= (select x!15 x!16) 0))
                  a!24
                  (not a!22)
                  (not (= (select x!0 x!1) 1))
                  (not (>= (select x!9 x!10) 500))))
        (a!44 (or (= x!26 0)
                  (not (= x!27 0))
                  (<= (select x!17 x!18) 0)
                  (<= (select x!20 x!21) 0)
                  (not (>= (select x!24 x!25) 601))
                  (not (<= (select x!22 x!23) 600))
                  (not (= (select x!15 x!16) 0))
                  a!24
                  (not a!22)
                  (not (= (select x!0 x!1) 2))
                  (not (>= (select x!9 x!10) 640))))
        (a!45 (or (= x!26 0)
                  (not (= x!27 0))
                  (<= (select x!17 x!18) 0)
                  (<= (select x!20 x!21) 0)
                  (not (>= (select x!24 x!25) 601))
                  (not (<= (select x!22 x!23) 600))
                  (not (= (select x!15 x!16) 0))
                  a!24
                  (not a!22)
                  (not (= (select x!0 x!1) 0))
                  (not (>= (select x!9 x!10) 400)))))
  (let ((a!18 (or (not (= x!27 0))
                  (not (= x!26 0))
                  (<= (select x!7 x!8) 0)
                  (not a!5)
                  a!14
                  a!15
                  a!16
                  a!17
                  (not (>= (select x!19 x!2) 400))))
        (a!20 (or (not (= x!27 0))
                  (not (= x!26 0))
                  a!14
                  a!10
                  a!15
                  a!16
                  a!17
                  (not (>= (select x!19 x!2) 400))))
        (a!29 (or (= x!26 0)
                  (not (= x!27 0))
                  (<= (select x!20 x!21) 0)
                  (not (<= (select x!13 x!14) 0))
                  (not (>= (select x!24 x!25) 601))
                  (not (<= (select x!22 x!23) 600))
                  (not (>= (select x!19 x!2) 400))
                  a!24
                  (not (= (select x!7 x!8) 0))
                  (not a!1)
                  a!28
                  (not (<= (select x!0 x!1) 0))))
        (a!33 (or (= x!26 0)
                  (not (= x!27 0))
                  (<= (select x!17 x!18) 0)
                  (<= (select x!20 x!21) 0)
                  (not (>= (select x!24 x!25) 601))
                  (not (<= (select x!22 x!23) 600))
                  (not (= (select x!15 x!16) 0))
                  (not (>= (select x!19 x!2) 400))
                  a!24
                  (not (= (select x!7 x!8) 0))
                  (not a!1)
                  a!28
                  (not (<= (select x!0 x!1) 0)))))
    (and a!2
         a!9
         a!11
         a!12
         (or (not (= x!27 0))
             (not (= x!26 0))
             (<= (select x!7 x!8) 0)
             (not a!5)
             (not a!13))
         (or (not (= x!27 0)) (not (= x!26 0)) (not a!13) a!10)
         a!18
         a!19
         a!20
         (or (not (= x!27 0)) (not (= x!26 0)) (not a!21) (not a!22))
         a!23
         a!25
         a!26
         a!27
         a!29
         a!30
         a!31
         a!32
         a!33
         a!34
         a!35
         a!36
         a!37
         a!38
         a!39
         a!40
         a!41
         a!42
         a!43
         a!44
         a!45)))))
(define-fun main@entry ((x!0 Int) (x!1 Int) (x!2 (Array Int Int)) (x!3 Int)) Bool
  false)
(define-fun main@.critedge3 ((x!0 (Array Int Int))
 (x!1 Int)
 (x!2 Int)
 (x!3 (Array Int Int))
 (x!4 Int)
 (x!5 (Array Int Int))
 (x!6 Int)
 (x!7 (Array Int Int))
 (x!8 Int)
 (x!9 (Array Int Int))
 (x!10 Int)
 (x!11 (Array Int Int))
 (x!12 Int)
 (x!13 (Array Int Int))
 (x!14 Int)
 (x!15 (Array Int Int))
 (x!16 Int)
 (x!17 (Array Int Int))
 (x!18 Int)
 (x!19 (Array Int Int))
 (x!20 (Array Int Int))
 (x!21 Int)
 (x!22 (Array Int Int))
 (x!23 Int)
 (x!24 (Array Int Int))
 (x!25 Int)
 (x!26 Int)
 (x!27 Int)) Bool
  (let ((a!1 (>= (+ (select x!11 x!12) (* (- 1) (select x!9 x!10))) 100))
        (a!3 (>= (+ (select x!11 x!12) (* (- 1) (select x!9 x!10))) 0)))
  (let ((a!2 (or (not (= (select x!0 x!1) 0))
                 (not (>= (select x!24 x!25) 601))
                 (<= (select x!17 x!18) 0)
                 (not (= x!26 0))
                 (not a!1)
                 (not (<= (select x!22 x!23) 600))
                 (<= (select x!20 x!21) 0)
                 (not (= (select x!15 x!16) 0))
                 (not (>= (select x!9 x!10) 400))))
        (a!4 (or (not (>= (select x!24 x!25) 601))
                 (not (= (select x!7 x!8) 0))
                 (not (<= (select x!13 x!14) 0))
                 (not (= (select x!0 x!1) 3))
                 (not (= x!26 0))
                 (not (<= (select x!22 x!23) 600))
                 (<= (select x!20 x!21) 0)
                 (not a!3)
                 (not (>= (select x!9 x!10) 740))))
        (a!5 (or (not (= (select x!0 x!1) 2))
                 (not (>= (select x!24 x!25) 601))
                 (not (= (select x!7 x!8) 0))
                 (not (<= (select x!13 x!14) 0))
                 (not (= x!26 0))
                 (not (>= (select x!9 x!10) 640))
                 (not (<= (select x!22 x!23) 600))
                 (<= (select x!20 x!21) 0)
                 (not a!3)))
        (a!6 (or (not (>= (select x!24 x!25) 601))
                 (not (= (select x!7 x!8) 0))
                 (not (>= (select x!9 x!10) 500))
                 (not (<= (select x!13 x!14) 0))
                 (not (= (select x!0 x!1) 1))
                 (not (= x!26 0))
                 (not (<= (select x!22 x!23) 600))
                 (<= (select x!20 x!21) 0)
                 (not a!3)))
        (a!7 (or (not (= (select x!0 x!1) 0))
                 (not (>= (select x!24 x!25) 601))
                 (not (= (select x!7 x!8) 0))
                 (not (<= (select x!13 x!14) 0))
                 (not (= (select x!19 x!2) 400))
                 (not (= x!26 0))
                 (not (<= (select x!22 x!23) 600))
                 (<= (select x!20 x!21) 0)
                 (not a!3)
                 (not (>= (select x!9 x!10) 400))))
        (a!8 (or (not (>= (select x!24 x!25) 601))
                 (not (= (select x!7 x!8) 0))
                 (<= (select x!17 x!18) 0)
                 (not (>= (select x!9 x!10) 500))
                 (not (= (select x!0 x!1) 1))
                 (not (= x!26 0))
                 (not (<= (select x!22 x!23) 600))
                 (<= (select x!20 x!21) 0)
                 (not (= (select x!15 x!16) 0))
                 (not a!3)))
        (a!9 (or (not (= (select x!0 x!1) 2))
                 (not (>= (select x!24 x!25) 601))
                 (not (= (select x!7 x!8) 0))
                 (<= (select x!17 x!18) 0)
                 (not (= x!26 0))
                 (not (>= (select x!9 x!10) 640))
                 (not (<= (select x!22 x!23) 600))
                 (<= (select x!20 x!21) 0)
                 (not (= (select x!15 x!16) 0))
                 (not a!3)))
        (a!10 (or (not (>= (select x!24 x!25) 601))
                  (not (= (select x!7 x!8) 0))
                  (<= (select x!17 x!18) 0)
                  (not (= (select x!0 x!1) 3))
                  (not (= x!26 0))
                  (not (<= (select x!22 x!23) 600))
                  (<= (select x!20 x!21) 0)
                  (not (= (select x!15 x!16) 0))
                  (not a!3)
                  (not (>= (select x!9 x!10) 740))))
        (a!11 (or (not (= (select x!0 x!1) 0))
                  (not (>= (select x!24 x!25) 601))
                  (not (= (select x!7 x!8) 0))
                  (<= (select x!17 x!18) 0)
                  (not (= (select x!19 x!2) 400))
                  (not (= x!26 0))
                  (not (<= (select x!22 x!23) 600))
                  (<= (select x!20 x!21) 0)
                  (not (= (select x!15 x!16) 0))
                  (not a!3)
                  (not (>= (select x!9 x!10) 400))))
        (a!12 (or (not (>= (select x!24 x!25) 601))
                  (not (>= (select x!9 x!10) 500))
                  (not (<= (select x!13 x!14) 0))
                  (not (= (select x!0 x!1) 1))
                  (not (= x!26 0))
                  (not a!1)
                  (not (<= (select x!22 x!23) 600))
                  (<= (select x!20 x!21) 0)))
        (a!13 (or (not (= (select x!0 x!1) 2))
                  (not (>= (select x!24 x!25) 601))
                  (not (<= (select x!13 x!14) 0))
                  (not (= x!26 0))
                  (not (>= (select x!9 x!10) 640))
                  (not a!1)
                  (not (<= (select x!22 x!23) 600))
                  (<= (select x!20 x!21) 0)))
        (a!14 (or (not (>= (select x!24 x!25) 601))
                  (not (<= (select x!13 x!14) 0))
                  (not (= (select x!0 x!1) 3))
                  (not (= x!26 0))
                  (not a!1)
                  (not (<= (select x!22 x!23) 600))
                  (<= (select x!20 x!21) 0)
                  (not (>= (select x!9 x!10) 740))))
        (a!15 (or (not (= (select x!0 x!1) 0))
                  (not (>= (select x!24 x!25) 601))
                  (not (<= (select x!13 x!14) 0))
                  (not (= x!26 0))
                  (not a!1)
                  (not (<= (select x!22 x!23) 600))
                  (<= (select x!20 x!21) 0)
                  (not (>= (select x!9 x!10) 400))))
        (a!16 (or (not (= (select x!0 x!1) 2))
                  (not (>= (select x!24 x!25) 601))
                  (<= (select x!17 x!18) 0)
                  (not (= x!26 0))
                  (not (>= (select x!9 x!10) 640))
                  (not a!1)
                  (not (<= (select x!22 x!23) 600))
                  (<= (select x!20 x!21) 0)
                  (not (= (select x!15 x!16) 0))))
        (a!17 (or (not (>= (select x!24 x!25) 601))
                  (<= (select x!17 x!18) 0)
                  (not (= (select x!0 x!1) 3))
                  (not (= x!26 0))
                  (not a!1)
                  (not (<= (select x!22 x!23) 600))
                  (<= (select x!20 x!21) 0)
                  (not (= (select x!15 x!16) 0))
                  (not (>= (select x!9 x!10) 740))))
        (a!18 (or (not (>= (select x!24 x!25) 601))
                  (<= (select x!17 x!18) 0)
                  (not (>= (select x!9 x!10) 500))
                  (not (= (select x!0 x!1) 1))
                  (not (= x!26 0))
                  (not a!1)
                  (not (<= (select x!22 x!23) 600))
                  (<= (select x!20 x!21) 0)
                  (not (= (select x!15 x!16) 0)))))
    (and a!2
         a!4
         a!5
         a!6
         a!7
         a!8
         a!9
         a!10
         a!11
         a!12
         a!13
         a!14
         a!15
         a!16
         a!17
         a!18))))
(define-fun main@_84 ((x!0 (Array Int Int))
 (x!1 Int)
 (x!2 Int)
 (x!3 (Array Int Int))
 (x!4 Int)
 (x!5 (Array Int Int))
 (x!6 Int)
 (x!7 (Array Int Int))
 (x!8 Int)
 (x!9 (Array Int Int))
 (x!10 Int)
 (x!11 (Array Int Int))
 (x!12 Int)
 (x!13 (Array Int Int))
 (x!14 Int)
 (x!15 (Array Int Int))
 (x!16 Int)
 (x!17 (Array Int Int))
 (x!18 Int)
 (x!19 (Array Int Int))
 (x!20 (Array Int Int))
 (x!21 Int)
 (x!22 (Array Int Int))
 (x!23 Int)
 (x!24 (Array Int Int))
 (x!25 Int)
 (x!26 Int)
 (x!27 Int)
 (x!28 Int)) Bool
  (let ((a!1 (<= (+ (select x!3 x!4) (* (- 1) (select x!5 x!6))) 0))
        (a!3 (>= (+ (select x!5 x!6) (* (- 1) (select x!3 x!4))) 0))
        (a!4 (>= (+ (select x!11 x!12) (* (- 1) (select x!9 x!10))) 100))
        (a!5 (>= (+ (select x!11 x!12) (* (- 1) (select x!9 x!10))) 0)))
  (let ((a!2 (or (<= (select x!20 x!21) 0)
                 a!1
                 (not (= x!26 0))
                 (not (<= (select x!22 x!23) 600))
                 (not (<= (select x!0 x!1) 3))
                 (not (= (select x!19 x!2) 400))
                 (not (>= (select x!24 x!25) 601))
                 (not (>= (select x!0 x!1) 0))
                 (<= (select x!17 x!18) 0)
                 (not (= (select x!15 x!16) 0))
                 (not (>= (select x!7 x!8) 0))))
        (a!6 (or (not (= x!26 0))
                 (not a!3)
                 (not (= (select x!7 x!8) 0))
                 (not a!5)))
        (a!7 (or (<= (select x!20 x!21) 0)
                 (not (= x!26 0))
                 (not a!4)
                 (not (<= (select x!22 x!23) 600))
                 (not (<= (select x!0 x!1) 3))
                 (not (<= (select x!13 x!14) 0))
                 (not (>= (select x!24 x!25) 601))
                 (not (>= (select x!0 x!1) 0))))
        (a!8 (or (<= (select x!20 x!21) 0)
                 (not (= x!26 0))
                 (not a!4)
                 (not (<= (select x!22 x!23) 600))
                 (not (<= (select x!0 x!1) 3))
                 (not (>= (select x!24 x!25) 601))
                 (not (>= (select x!0 x!1) 0))
                 (<= (select x!17 x!18) 0)
                 (not (= (select x!15 x!16) 0))))
        (a!9 (or (<= (select x!20 x!21) 0)
                 (not (= x!26 0))
                 (not (= (select x!7 x!8) 0))
                 (not a!5)
                 (not (<= (select x!22 x!23) 600))
                 (not (<= (select x!0 x!1) 3))
                 (not (= (select x!19 x!2) 400))
                 (not (<= (select x!13 x!14) 0))
                 (not (>= (select x!24 x!25) 601))
                 (not (>= (select x!0 x!1) 0)))))
    (and a!2 (or (not (= x!26 0)) (not a!3) (not a!4)) a!6 a!7 a!8 a!9))))
(define-fun main@_84!_Cond ((x!0 Int)
 (x!1 Int)
 (x!2 Int)
 (x!3 Int)
 (x!4 Int)
 (x!5 Int)
 (x!6 Int)
 (x!7 Int)
 (x!8 Int)
 (x!9 Int)
 (x!10 Int)
 (x!11 Int)
 (x!12 Int)
 (x!13 Int)
 (x!14 (Array Int Int))
 (x!15 (Array Int Int))
 (x!16 (Array Int Int))
 (x!17 (Array Int Int))
 (x!18 (Array Int Int))
 (x!19 (Array Int Int))
 (x!20 (Array Int Int))
 (x!21 (Array Int Int))
 (x!22 (Array Int Int))
 (x!23 (Array Int Int))
 (x!24 (Array Int Int))
 (x!25 (Array Int Int))
 (x!26 (Array Int Int))
 (x!27 Int)
 (x!28 Int)) Bool
  (let ((a!1 (>= (+ (select x!22 x!5) (* (- 1) (select x!21 x!4))) 0))
        (a!3 (>= (+ (select x!22 x!5) (* (- 1) (select x!21 x!4))) 100))
        (a!4 (>= (+ (select x!19 x!8) (* (- 1) (select x!17 x!7))) 0))
        (a!6 (not (>= (select x!26 (+ 8 x!1)) 640)))
        (a!7 (not (>= (select x!26 (+ 4 x!1)) 500)))
        (a!8 (select x!26 (+ x!1 (* 4 (select x!20 x!2)))))
        (a!10 (not (>= (select x!26 (+ 12 x!1)) 740)))
        (a!15 (>= (+ (select x!17 x!7) (* (- 1) (select x!19 x!8))) 0)))
  (let ((a!2 (or (not (= x!28 0))
                 (<= (select x!15 x!9) 0)
                 (not (= x!27 0))
                 (not (= (select x!25 x!3) 0))
                 (not a!1)
                 (not (>= (select x!14 x!6) 601))
                 (not (<= (select x!18 x!10) 600))
                 (not (>= (select x!20 x!2) 0))
                 (not (<= (select x!20 x!2) 3))
                 (not (<= (select x!24 x!11) 0))
                 (not (= (select x!26 x!1) 400))))
        (a!5 (or (not (= x!28 0))
                 (not (= x!27 0))
                 (not a!4)
                 (not (= (select x!25 x!3) 0))
                 (not a!1)))
        (a!9 (not (>= (+ (select x!21 x!4) (* (- 1) a!8)) 0)))
        (a!13 (or (not (= x!28 0))
                  (<= (select x!15 x!9) 0)
                  (not (= x!27 0))
                  (not a!3)
                  (not (>= (select x!14 x!6) 601))
                  (not (<= (select x!18 x!10) 600))
                  (not (>= (select x!20 x!2) 0))
                  (not (<= (select x!20 x!2) 3))
                  (not (<= (select x!24 x!11) 0))))
        (a!14 (or (not (= x!28 0))
                  (<= (select x!15 x!9) 0)
                  (not (= x!27 0))
                  (not a!3)
                  (not (>= (select x!14 x!6) 601))
                  (not (<= (select x!18 x!10) 600))
                  (not (>= (select x!20 x!2) 0))
                  (not (<= (select x!20 x!2) 3))
                  (<= (select x!16 x!12) 0)
                  (not (= (select x!23 x!13) 0))))
        (a!16 (or (not (= x!28 0))
                  (<= (select x!15 x!9) 0)
                  (not (= x!27 0))
                  (not (>= (select x!14 x!6) 601))
                  (not (<= (select x!18 x!10) 600))
                  (not (>= (select x!20 x!2) 0))
                  (not (<= (select x!20 x!2) 3))
                  (not (= (select x!26 x!1) 400))
                  (<= (select x!16 x!12) 0)
                  (not (= (select x!23 x!13) 0))
                  (not a!15)
                  (not (>= (select x!25 x!3) 0)))))
  (let ((a!11 (or (<= (select x!15 x!9) 0)
                  (not (= x!27 0))
                  (not (= (select x!25 x!3) 0))
                  (not a!1)
                  a!6
                  (not (>= (select x!14 x!6) 601))
                  (not (<= (select x!18 x!10) 600))
                  (not (>= (select x!20 x!2) 0))
                  (not (<= (select x!20 x!2) 3))
                  a!7
                  (not (<= (select x!24 x!11) 0))
                  a!9
                  (not (= (select x!26 x!1) 400))
                  a!10))
        (a!12 (or (<= (select x!15 x!9) 0)
                  (not (= x!27 0))
                  (not (= (select x!25 x!3) 0))
                  (not a!1)
                  a!6
                  (not (>= (select x!14 x!6) 601))
                  (not (<= (select x!18 x!10) 600))
                  (not (>= (select x!20 x!2) 0))
                  (not (<= (select x!20 x!2) 3))
                  a!7
                  a!9
                  (not (= (select x!26 x!1) 400))
                  a!10
                  (<= (select x!16 x!12) 0)
                  (not (= (select x!23 x!13) 0)))))
    (and a!2
         (or (not (= x!28 0)) (not (= x!27 0)) (not a!3) (not a!4))
         a!5
         a!11
         a!12
         a!13
         a!14
         a!16)))))
