(transform N7datalog13mk_coi_filterE...no-op 0s)
(transform N7datalog25mk_interp_tail_simplifierE...9 rules 0.001s)
(transform N7datalog27mk_quantifier_instantiationE...no-op 0s)
(transform N7datalog8mk_scaleE...no-op 0s)
(transform N7datalog18mk_karr_invariantsE...no-op 0s)
(transform N7datalog14mk_array_blastE...no-op 0s)
(transform N7datalog16mk_elim_term_iteE...no-op 0s)
(transform N7datalog22mk_subsumption_checkerE...8 rules 0s)
(transform N7datalog12mk_bit_blastE...no-op 0s)
(transform N7datalog15mk_rule_inlinerE...no-op 0s)
(transform N7datalog13mk_coi_filterE...no-op 0s)
(transform N7datalog25mk_interp_tail_simplifierE...8 rules 0s)
(transform N7datalog22mk_subsumption_checkerE...no-op 0s)
(transform N7datalog15mk_rule_inlinerE...no-op 0s)
(transform N7datalog13mk_coi_filterE...no-op 0s)
(transform N7datalog25mk_interp_tail_simplifierE...8 rules 0s)
(transform N7datalog22mk_subsumption_checkerE...no-op 0s)
(transform N7datalog15mk_rule_inlinerE...no-op 0s)
(transform N7datalog22mk_subsumption_checkerE...no-op 0s)
(transform N7datalog15mk_rule_inlinerE...no-op 0s)
(transform N7datalog22mk_subsumption_checkerE...no-op 0s)
(transform N7datalog15mk_rule_inlinerE...no-op 0s)
(transform N7datalog22mk_subsumption_checkerE...no-op 0s)
expand: query!0 (0, 0) FAR  w(0) 1. F 0.00
(spacer::context::check_reachability :time 0.00 :before-memory 11.36 :after-memory 11.46)
Entering level 1
expand: query!0 (1, 0) FAR  w(0) 1.
	create_child: main@entry!_BAD (0, 1) FAR 1 U 0.00
expand: main@entry!_BAD (0, 0) FAR  w(0) 1. F 0.00
expand: query!0 (1, 0) FAR  w(0) 1. F 0.00
(spacer::context::check_reachability :time 0.00 :before-memory 11.46 :after-memory 11.56)
Propagating: 0 1  ! 2 
(spacer::context::propagate :time 0.00 :before-memory 11.56 :after-memory 11.66)
Entering level 2
expand: query!0 (2, 0) FAR  w(0) 1.
	create_child: main@entry!_BAD (1, 2) FAR 1 U 0.00
expand: main@entry!_BAD (1, 0) FAR  w(0) 1.
	create_child: main@entry (0, 2) FAR 1 U 0.00
expand: main@entry (0, 0) FAR  w(0) 1. F 0.00
expand: main@entry!_BAD (1, 0) FAR  w(0) 1. F 0.00
expand: query!0 (2, 0) FAR  w(0) 1. F 0.00
(spacer::context::check_reachability :time 0.00 :before-memory 11.66 :after-memory 11.85)
Propagating: 0 1 2  ! 3 
(spacer::context::propagate :time 0.00 :before-memory 11.85 :after-memory 11.85)
Entering level 3
expand: query!0 (3, 0) FAR  w(0) 1.
	create_child: main@entry!_BAD (2, 3) FAR 1 U 0.00
expand: main@entry!_BAD (2, 0) FAR  w(0) 1.
	create_child: main@entry (1, 3) FAR 1 U 0.00
expand: main@entry (1, 0) FAR  w(0) 1.
	create_child: main@_15 (0, 3) FAR 1721 U 0.00
expand: main@_15 (0, 0) FAR  w(0) 1721. F 0.00
expand: main@entry (1, 0) FAR  w(0) 1. F 0.00
expand: main@entry!_BAD (2, 0) FAR  w(0) 1. F 0.00
expand: query!0 (3, 0) FAR  w(0) 1. F 0.00
(spacer::context::check_reachability :time 0.00 :before-memory 11.85 :after-memory 12.04)
Propagating: 0 1 2 3  ! 4 
(spacer::context::propagate :time 0.00 :before-memory 12.04 :after-memory 12.04)
Entering level 4
expand: query!0 (4, 0) FAR  w(0) 1.
	create_child: main@entry!_BAD (3, 4) FAR 1 U 0.00
expand: main@entry!_BAD (3, 0) FAR  w(0) 1.
	create_child: main@entry (2, 4) FAR 1 U 0.00
expand: main@entry (2, 0) FAR  w(0) 1.
	create_child: main@_15 (1, 4) FAR 1721 U 0.00
expand: main@_15 (1, 0) FAR  w(0) 1721.
	create_child: main@_15!_Cond (0, 4) FAR 2091 U 0.00
expand: main@_15!_Cond (0, 0) FAR  w(0) 2091. F 0.00
expand: main@_15 (1, 0) FAR  w(0) 1721. F 0.00
expand: main@entry (2, 0) FAR  w(0) 1. F 0.00
expand: main@entry!_BAD (3, 0) FAR  w(0) 1. F 0.00
expand: query!0 (4, 0) FAR  w(0) 1. F 0.00
(spacer::context::check_reachability :time 0.00 :before-memory 12.04 :after-memory 12.51)
Propagating: 0 1 2 3 4  ! 5 
(spacer::context::propagate :time 0.00 :before-memory 12.51 :after-memory 12.51)
Entering level 5
expand: query!0 (5, 0) FAR  w(0) 1.
	create_child: main@entry!_BAD (4, 5) FAR 1 U 0.00
expand: main@entry!_BAD (4, 0) FAR  w(0) 1.
	create_child: main@entry (3, 5) FAR 1 U 0.00
expand: main@entry (3, 0) FAR  w(0) 1.
	create_child: main@_15 (2, 5) FAR 1721 U 0.00
expand: main@_15 (2, 0) FAR  w(0) 1721.
	create_child: main@_15!_Cond (1, 5) FAR 2091 U 0.00
expand: main@_15!_Cond (1, 0) FAR  w(0) 2091.
	create_child: main@_22 (0, 5) FAR 2862 U 0.00
expand: main@_22 (0, 0) FAR  w(0) 2862. F 0.00
expand: main@_15!_Cond (1, 0) FAR  w(0) 2091. F 0.00
expand: main@_15 (2, 0) FAR  w(0) 1721. F 0.00
expand: main@entry (3, 0) FAR  w(0) 1.
	create_child: main@_15 (2, 5) FAR 3574 U 0.00
expand: main@_15 (2, 0) FAR  w(0) 3574.
	create_child: main@_15!_Cond (1, 5) FAR 3587 U 0.00
expand: main@_15!_Cond (1, 0) FAR  w(0) 3587.
	create_child: main@_18 (0, 5) FAR 3636 U 0.00
expand: main@_18 (0, 0) FAR  w(0) 3636. F 0.00
expand: main@_15!_Cond (1, 0) FAR  w(0) 3587. F 0.00
expand: main@_15 (2, 0) FAR  w(0) 3574. F 0.00
expand: main@entry (3, 0) FAR  w(0) 1. F 0.00
expand: main@entry!_BAD (4, 0) FAR  w(0) 1. F 0.00
expand: query!0 (5, 0) FAR  w(0) 1. F 0.00
(spacer::context::check_reachability :time 0.01 :before-memory 12.51 :after-memory 13.08)
Propagating: 0 1 2 3 4 5  ! 6 
(spacer::context::propagate :time 0.00 :before-memory 13.08 :after-memory 13.28)
Entering level 6
expand: query!0 (6, 0) FAR  w(0) 1.
	create_child: main@entry!_BAD (5, 6) FAR 1 U 0.00
expand: main@entry!_BAD (5, 0) FAR  w(0) 1.
	create_child: main@entry (4, 6) FAR 1 U 0.00
expand: main@entry (4, 0) FAR  w(0) 1.
	create_child: main@_15 (3, 6) FAR 3574 U 0.00
expand: main@_15 (3, 0) FAR  w(0) 3574.
	create_child: main@_15!_Cond (2, 6) FAR 3587 U 0.00
expand: main@_15!_Cond (2, 0) FAR  w(0) 3587.
	create_child: main@_18 (1, 6) FAR 3636 U 0.00
expand: main@_18 (1, 0) FAR  w(0) 3636. F 0.00
expand: main@_15!_Cond (2, 0) FAR  w(0) 3587. F 0.00
expand: main@_15 (3, 0) FAR  w(0) 3574. F 0.00
expand: main@entry (4, 0) FAR  w(0) 1. F 0.00
expand: main@entry!_BAD (5, 0) FAR  w(0) 1. F 0.00
expand: query!0 (6, 0) FAR  w(0) 1. F 0.00
(spacer::context::check_reachability :time 0.01 :before-memory 13.28 :after-memory 13.65)
Propagating: 1 2 3 
(spacer::context::propagate :time 0.00 :before-memory 13.65 :after-memory 13.65)
(define-fun main@entry!_BAD () Bool
  false)
(define-fun main@_18 ((x!0 Int)
 (x!1 Int)
 (x!2 Int)
 (x!3 Int)
 (x!4 Int)
 (x!5 Int)) Bool
  (or (not (>= x!3 8)) (<= x!4 0)))
(define-fun main@_22 ((x!0 Int)
 (x!1 Int)
 (x!2 Int)
 (x!3 Int)
 (x!4 Int)
 (x!5 Int)) Bool
  (not (>= x!1 9)))
(define-fun main@entry ((x!0 Int) (x!1 Int) (x!2 Int)) Bool
  false)
(define-fun main@_15!_Cond ((x!0 Int)
 (x!1 Int)
 (x!2 Int)
 (x!3 Int)
 (x!4 Int)
 (x!5 Int)
 (x!6 Int)
 (x!7 Int)) Bool
  (and (or (not (>= x!4 8)) (<= x!5 0)) (not (>= x!6 9))))
(define-fun main@_15 ((x!0 Int)
 (x!1 Int)
 (x!2 Int)
 (x!3 Int)
 (x!4 Int)
 (x!5 Int)) Bool
  (and (or (not (>= x!3 8)) (<= x!4 0)) (not (>= x!3 9))))
