(transform N7datalog13mk_coi_filterE...no-op 0s)
(transform N7datalog25mk_interp_tail_simplifierE...46 rules 0.069s)
(transform N7datalog27mk_quantifier_instantiationE...no-op 0s)
(transform N7datalog8mk_scaleE...no-op 0s)
(transform N7datalog18mk_karr_invariantsE...no-op 0s)
(transform N7datalog14mk_array_blastE...no-op 0s)
(transform N7datalog16mk_elim_term_iteE...no-op 0s)
(transform N7datalog22mk_subsumption_checkerE...44 rules 0.002s)
(transform N7datalog12mk_bit_blastE...no-op 0s)
(transform N7datalog15mk_rule_inlinerE...no-op 0s)
(transform N7datalog13mk_coi_filterE...no-op 0s)
(transform N7datalog25mk_interp_tail_simplifierE...44 rules 0.003s)
(transform N7datalog22mk_subsumption_checkerE...no-op 0s)
(transform N7datalog15mk_rule_inlinerE...no-op 0s)
(transform N7datalog13mk_coi_filterE...no-op 0s)
(transform N7datalog25mk_interp_tail_simplifierE...44 rules 0.003s)
(transform N7datalog22mk_subsumption_checkerE...no-op 0s)
(transform N7datalog15mk_rule_inlinerE...no-op 0s)
(transform N7datalog22mk_subsumption_checkerE...no-op 0s)
(transform N7datalog15mk_rule_inlinerE...no-op 0s)
(transform N7datalog22mk_subsumption_checkerE...no-op 0s)
(transform N7datalog15mk_rule_inlinerE...no-op 0s)
(transform N7datalog22mk_subsumption_checkerE...no-op 0s)
expand: query!0 (0, 0) FAR  w(0) 1. F 0.00
(spacer::context::check_reachability :time 0.00 :before-memory 29.54 :after-memory 29.86)
Entering level 1
expand: query!0 (1, 0) FAR  w(0) 1.
	create_child: main@entry!_BAD (0, 1) FAR 1 U 0.00
expand: main@entry!_BAD (0, 0) FAR  w(0) 1. F 0.00
expand: query!0 (1, 0) FAR  w(0) 1. F 0.00
(spacer::context::check_reachability :time 0.00 :before-memory 29.86 :after-memory 30.11)
Propagating: 0 1  ! 2 
(spacer::context::propagate :time 0.00 :before-memory 30.11 :after-memory 30.11)
Entering level 2
expand: query!0 (2, 0) FAR  w(0) 1.
	create_child: main@entry!_BAD (1, 2) FAR 1 U 0.00
expand: main@entry!_BAD (1, 0) FAR  w(0) 1.
	create_child: main@entry (0, 2) FAR 1 U 0.00
expand: main@entry (0, 0) FAR  w(0) 1. F 0.00
expand: main@entry!_BAD (1, 0) FAR  w(0) 1. F 0.00
expand: query!0 (2, 0) FAR  w(0) 1. F 0.00
(spacer::context::check_reachability :time 0.00 :before-memory 30.11 :after-memory 30.83)
Propagating: 0 1 2  ! 3 
(spacer::context::propagate :time 0.00 :before-memory 30.83 :after-memory 30.83)
Entering level 3
expand: query!0 (3, 0) FAR  w(0) 1.
	create_child: main@entry!_BAD (2, 3) FAR 1 U 0.00
expand: main@entry!_BAD (2, 0) FAR  w(0) 1.
	create_child: main@entry (1, 3) FAR 1 U 0.00
expand: main@entry (1, 0) FAR  w(0) 1.
	create_child: main@empty.loop (0, 3) FAR 32252 U 0.00
expand: main@empty.loop (0, 0) FAR  w(0) 32252. F 0.00
expand: main@entry (1, 0) FAR  w(0) 1. F 0.00
expand: main@entry!_BAD (2, 0) FAR  w(0) 1. F 0.00
expand: query!0 (3, 0) FAR  w(0) 1. F 0.00
(spacer::context::check_reachability :time 0.00 :before-memory 30.83 :after-memory 31.71)
Propagating: 0 1 2 3  ! 4 
(spacer::context::propagate :time 0.00 :before-memory 31.71 :after-memory 31.71)
Entering level 4
expand: query!0 (4, 0) FAR  w(0) 1.
	create_child: main@entry!_BAD (3, 4) FAR 1 U 0.00
expand: main@entry!_BAD (3, 0) FAR  w(0) 1.
	create_child: main@entry (2, 4) FAR 1 U 0.00
expand: main@entry (2, 0) FAR  w(0) 1.
	create_child: main@empty.loop (1, 4) FAR 32252 U 0.00
expand: main@empty.loop (1, 0) FAR  w(0) 32252.
	create_child: main@.lr.ph13 (0, 4) FAR 33436 U 0.00
expand: main@.lr.ph13 (0, 0) FAR  w(0) 33436. F 0.00
expand: main@empty.loop (1, 0) FAR  w(0) 32252. F 0.00
expand: main@entry (2, 0) FAR  w(0) 1. F 0.00
expand: main@entry!_BAD (3, 0) FAR  w(0) 1. F 0.00
expand: query!0 (4, 0) FAR  w(0) 1. F 0.00
(spacer::context::check_reachability :time 0.01 :before-memory 31.71 :after-memory 32.60)
Propagating: 0 1 2 3 4  ! 5 
(spacer::context::propagate :time 0.00 :before-memory 32.60 :after-memory 32.60)
Entering level 5
expand: query!0 (5, 0) FAR  w(0) 1.
	create_child: main@entry!_BAD (4, 5) FAR 1 U 0.00
expand: main@entry!_BAD (4, 0) FAR  w(0) 1.
	create_child: main@entry (3, 5) FAR 1 U 0.00
expand: main@entry (3, 0) FAR  w(0) 1.
	create_child: main@empty.loop (2, 5) FAR 32252 U 0.00
expand: main@empty.loop (2, 0) FAR  w(0) 32252.
	create_child: main@.lr.ph13 (1, 5) FAR 33436 U 0.00
expand: main@.lr.ph13 (1, 0) FAR  w(0) 33436.
	create_child: main@.lr.ph13!_Cond (0, 5) FAR 34393 U 0.00
expand: main@.lr.ph13!_Cond (0, 0) FAR  w(0) 34393. F 0.01
expand: main@.lr.ph13 (1, 0) FAR  w(0) 33436. F 0.00
expand: main@empty.loop (2, 0) FAR  w(0) 32252. F 0.00
expand: main@entry (3, 0) FAR  w(0) 1. F 0.00
expand: main@entry!_BAD (4, 0) FAR  w(0) 1. F 0.00
expand: query!0 (5, 0) FAR  w(0) 1. F 0.00
(spacer::context::check_reachability :time 0.01 :before-memory 32.60 :after-memory 34.74)
Propagating: 0 1 2 3 4 5  ! 6 
(spacer::context::propagate :time 0.02 :before-memory 34.74 :after-memory 37.24)
Entering level 6
expand: query!0 (6, 0) FAR  w(0) 1.
	create_child: main@entry!_BAD (5, 6) FAR 1 U 0.00
expand: main@entry!_BAD (5, 0) FAR  w(0) 1.
	create_child: main@entry (4, 6) FAR 1 U 0.00
expand: main@entry (4, 0) FAR  w(0) 1.
	create_child: main@empty.loop (3, 6) FAR 32252 U 0.00
expand: main@empty.loop (3, 0) FAR  w(0) 32252.
	create_child: main@.lr.ph13 (2, 6) FAR 33436 U 0.00
expand: main@.lr.ph13 (2, 0) FAR  w(0) 33436.
	create_child: main@.lr.ph13!_Cond (1, 6) FAR 34393 U 0.00
expand: main@.lr.ph13!_Cond (1, 0) FAR  w(0) 34393.
	create_child: main@_39 (0, 6) FAR 41663 U 0.00
expand: main@_39 (0, 0) FAR  w(0) 41663. F 0.01
expand: main@.lr.ph13!_Cond (1, 0) FAR  w(0) 34393. F 0.00
expand: main@.lr.ph13 (2, 0) FAR  w(0) 33436. F 0.00
expand: main@empty.loop (3, 0) FAR  w(0) 32252. F 0.00
expand: main@entry (4, 0) FAR  w(0) 1. F 0.00
expand: main@entry!_BAD (5, 0) FAR  w(0) 1. F 0.00
expand: query!0 (6, 0) FAR  w(0) 1. F 0.00
(spacer::context::check_reachability :time 0.02 :before-memory 37.24 :after-memory 40.28)
Propagating: 0 1 2 3 4 5 6  ! 7 
(spacer::context::propagate :time 0.00 :before-memory 40.28 :after-memory 40.38)
Entering level 7
expand: query!0 (7, 0) FAR  w(0) 1.
	create_child: main@entry!_BAD (6, 7) FAR 1 U 0.00
expand: main@entry!_BAD (6, 0) FAR  w(0) 1.
	create_child: main@entry (5, 7) FAR 1 U 0.00
expand: main@entry (5, 0) FAR  w(0) 1.
	create_child: main@empty.loop (4, 7) FAR 32252 U 0.00
expand: main@empty.loop (4, 0) FAR  w(0) 32252.
	create_child: main@.lr.ph13 (3, 7) FAR 33436 U 0.00
expand: main@.lr.ph13 (3, 0) FAR  w(0) 33436.
	create_child: main@.lr.ph13!_Cond (2, 7) FAR 34393 U 0.00
expand: main@.lr.ph13!_Cond (2, 0) FAR  w(0) 34393.
	create_child: main@_39 (1, 7) FAR 41663 U 0.00
expand: main@_39 (1, 0) FAR  w(0) 41663. F 0.00
expand: main@.lr.ph13!_Cond (2, 0) FAR  w(0) 34393. F 0.00
expand: main@.lr.ph13 (3, 0) FAR  w(0) 33436. F 0.00
expand: main@empty.loop (4, 0) FAR  w(0) 32252. F 0.00
expand: main@entry (5, 0) FAR  w(0) 1. F 0.00
expand: main@entry!_BAD (6, 0) FAR  w(0) 1. F 0.00
expand: query!0 (7, 0) FAR  w(0) 1. F 0.00
(spacer::context::check_reachability :time 0.02 :before-memory 40.38 :after-memory 40.63)
Propagating: 1 2 3 4 5 6 7  ! 8 9 
(spacer::context::propagate :time 0.01 :before-memory 40.63 :after-memory 40.72)
Entering level 8
expand: query!0 (8, 0) FAR  w(0) 1. F 0.00
(spacer::context::check_reachability :time 0.00 :before-memory 40.72 :after-memory 40.72)
Propagating: 8  ! 9 
(spacer::context::propagate :time 0.00 :before-memory 40.72 :after-memory 40.72)
Entering level 9
expand: query!0 (9, 0) FAR  w(0) 1.
	create_child: main@entry!_BAD (8, 9) FAR 1 U 0.00
expand: main@entry!_BAD (8, 0) FAR  w(0) 1.
	create_child: main@entry (7, 9) FAR 1 U 0.00
expand: main@entry (7, 0) FAR  w(0) 1.
	create_child: main@empty.loop (6, 9) FAR 32252 U 0.00
expand: main@empty.loop (6, 0) FAR  w(0) 32252.
	create_child: main@.lr.ph13 (5, 9) FAR 33436 U 0.00
expand: main@.lr.ph13 (5, 0) FAR  w(0) 33436.
	create_child: main@.lr.ph13!_Cond (4, 9) FAR 34393 U 0.00
expand: main@.lr.ph13!_Cond (4, 0) FAR  w(0) 34393.
	create_child: main@_39 (3, 9) FAR 41663 U 0.00
expand: main@_39 (3, 0) FAR  w(0) 41663. F 0.00
expand: main@.lr.ph13!_Cond (4, 0) FAR  w(0) 34393. F 0.01
expand: main@.lr.ph13 (5, 0) FAR  w(0) 33436. F 0.00
expand: main@empty.loop (6, 0) FAR  w(0) 32252. F 0.00
expand: main@entry (7, 0) FAR  w(0) 1. F 0.00
expand: main@entry!_BAD (8, 0) FAR  w(0) 1. F 0.00
expand: query!0 (9, 0) FAR  w(0) 1. F 0.00
(spacer::context::check_reachability :time 0.02 :before-memory 40.72 :after-memory 40.82)
Propagating: 3 4 5 6 7 8 9  ! 10 
(spacer::context::propagate :time 0.00 :before-memory 40.82 :after-memory 40.82)
Entering level 10
expand: query!0 (10, 0) FAR  w(0) 1.
	create_child: main@entry!_BAD (9, 10) FAR 1 U 0.00
expand: main@entry!_BAD (9, 0) FAR  w(0) 1.
	create_child: main@entry (8, 10) FAR 1 U 0.00
expand: main@entry (8, 0) FAR  w(0) 1.
	create_child: main@empty.loop (7, 10) FAR 32252 U 0.00
expand: main@empty.loop (7, 0) FAR  w(0) 32252.
	create_child: main@.lr.ph13 (6, 10) FAR 33436 U 0.00
expand: main@.lr.ph13 (6, 0) FAR  w(0) 33436.
	create_child: main@.lr.ph13!_Cond (5, 10) FAR 34393 U 0.00
expand: main@.lr.ph13!_Cond (5, 0) FAR  w(0) 34393.
	create_child: main@_39 (4, 10) FAR 41663 U 0.00
expand: main@_39 (4, 0) FAR  w(0) 41663.
	create_child: main@.lr.ph13 (3, 10) FAR 49123 U 0.00
expand: main@.lr.ph13 (3, 0) FAR  w(0) 49123.
	create_child: main@.lr.ph13!_Cond (2, 10) FAR 49462 U 0.00
expand: main@.lr.ph13!_Cond (2, 0) FAR  w(0) 49462.
	create_child: main@_39 (1, 10) FAR 49837 U 0.00
expand: main@_39 (1, 0) FAR  w(0) 49837. F 0.00
expand: main@.lr.ph13!_Cond (2, 0) FAR  w(0) 49462. F 0.00
expand: main@.lr.ph13 (3, 0) FAR  w(0) 49123. F 0.00
expand: main@_39 (4, 0) FAR  w(0) 41663.(smt.stats :restarts :decisions    :clauses/bin    :simplify   :memory)
(smt.stats      :conflicts  :propagations   :lemmas     :deletions   )
(smt.stats    0    150  10744  20391  1991/0   644     0    0   42.18)
 F 0.05
expand: main@.lr.ph13!_Cond (5, 0) FAR  w(0) 34393. F 0.00
expand: main@.lr.ph13 (6, 0) FAR  w(0) 33436. F 0.00
expand: main@empty.loop (7, 0) FAR  w(0) 32252. F 0.00
expand: main@entry (8, 0) FAR  w(0) 1. F 0.00
expand: main@entry!_BAD (9, 0) FAR  w(0) 1. F 0.00
expand: query!0 (10, 0) FAR  w(0) 1. F 0.00
(spacer::context::check_reachability :time 0.09 :before-memory 40.82 :after-memory 42.38)
Propagating: 1 2 3 4 5 6 7 8 9 10  ! 11 12 
(spacer::context::propagate :time 0.01 :before-memory 42.38 :after-memory 42.48)
Entering level 11
expand: query!0 (11, 0) FAR  w(0) 1. F 0.00
(spacer::context::check_reachability :time 0.00 :before-memory 42.48 :after-memory 42.58)
Propagating: 11  ! 12 
(spacer::context::propagate :time 0.00 :before-memory 42.58 :after-memory 42.58)
Entering level 12
expand: query!0 (12, 0) FAR  w(0) 1.
	create_child: main@entry!_BAD (11, 12) FAR 1 U 0.00
expand: main@entry!_BAD (11, 0) FAR  w(0) 1.
	create_child: main@entry (10, 12) FAR 1 U 0.00
expand: main@entry (10, 0) FAR  w(0) 1.
	create_child: main@empty.loop (9, 12) FAR 32252 U 0.00
expand: main@empty.loop (9, 0) FAR  w(0) 32252.
	create_child: main@.lr.ph13 (8, 12) FAR 33436 U 0.00
expand: main@.lr.ph13 (8, 0) FAR  w(0) 33436.
	create_child: main@.lr.ph13!_Cond (7, 12) FAR 34393 U 0.00
expand: main@.lr.ph13!_Cond (7, 0) FAR  w(0) 34393.
	create_child: main@_39 (6, 12) FAR 41663 U 0.00
expand: main@_39 (6, 0) FAR  w(0) 41663.
	create_child: main@.lr.ph13 (5, 12) FAR 49123 U 0.00
expand: main@.lr.ph13 (5, 0) FAR  w(0) 49123.
	create_child: main@.lr.ph13!_Cond (4, 12) FAR 49462 U 0.00
expand: main@.lr.ph13!_Cond (4, 0) FAR  w(0) 49462.
	create_child: main@_39 (3, 12) FAR 49837 U 0.00
expand: main@_39 (3, 0) FAR  w(0) 49837. F 0.01
expand: main@.lr.ph13!_Cond (4, 0) FAR  w(0) 49462. F 0.01
expand: main@.lr.ph13 (5, 0) FAR  w(0) 49123. F 0.00
expand: main@_39 (6, 0) FAR  w(0) 41663. F 0.01
expand: main@.lr.ph13!_Cond (7, 0) FAR  w(0) 34393. F 0.01
expand: main@.lr.ph13 (8, 0) FAR  w(0) 33436. F 0.00
expand: main@empty.loop (9, 0) FAR  w(0) 32252. F 0.00
expand: main@entry (10, 0) FAR  w(0) 1. F 0.00
expand: main@entry!_BAD (11, 0) FAR  w(0) 1. F 0.00
expand: query!0 (12, 0) FAR  w(0) 1. F 0.00
(spacer::context::check_reachability :time 0.05 :before-memory 42.58 :after-memory 42.58)
Propagating: 3 4 5 6 7 8 9 10 11 12  ! 13 
(spacer::context::propagate :time 0.01 :before-memory 42.58 :after-memory 42.68)
Entering level 13
expand: query!0 (13, 0) FAR  w(0) 1.
	create_child: main@entry!_BAD (12, 13) FAR 1 U 0.00
expand: main@entry!_BAD (12, 0) FAR  w(0) 1.
	create_child: main@entry (11, 13) FAR 1 U 0.00
expand: main@entry (11, 0) FAR  w(0) 1.
	create_child: main@empty.loop (10, 13) FAR 32252 U 0.00
expand: main@empty.loop (10, 0) FAR  w(0) 32252.
	create_child: main@.lr.ph13 (9, 13) FAR 33436 U 0.00
expand: main@.lr.ph13 (9, 0) FAR  w(0) 33436.
	create_child: main@.lr.ph13!_Cond (8, 13) FAR 34393 U 0.00
expand: main@.lr.ph13!_Cond (8, 0) FAR  w(0) 34393.
	create_child: main@_39 (7, 13) FAR 41663 U 0.00
expand: main@_39 (7, 0) FAR  w(0) 41663.
	create_child: main@.lr.ph13 (6, 13) FAR 49123 U 0.00
expand: main@.lr.ph13 (6, 0) FAR  w(0) 49123.
	create_child: main@.lr.ph13!_Cond (5, 13) FAR 49462 U 0.00
expand: main@.lr.ph13!_Cond (5, 0) FAR  w(0) 49462.
	create_child: main@_39 (4, 13) FAR 49837 U 0.00
expand: main@_39 (4, 0) FAR  w(0) 49837.
	create_child: main@.lr.ph13 (3, 13) FAR 56389 U 0.00
expand: main@.lr.ph13 (3, 0) FAR  w(0) 56389.
	create_child: main@.lr.ph13!_Cond (2, 13) FAR 56722 U 0.00
expand: main@.lr.ph13!_Cond (2, 0) FAR  w(0) 56722.
	create_child: main@_39 (1, 13) FAR 57033 U 0.00
expand: main@_39 (1, 0) FAR  w(0) 57033. F 0.01
expand: main@.lr.ph13!_Cond (2, 0) FAR  w(0) 56722. F 0.00
expand: main@.lr.ph13 (3, 0) FAR  w(0) 56389. F 0.00
expand: main@_39 (4, 0) FAR  w(0) 49837. F 0.01
expand: main@.lr.ph13!_Cond (5, 0) FAR  w(0) 49462. F 0.00
expand: main@.lr.ph13 (6, 0) FAR  w(0) 49123. F 0.00
expand: main@_39 (7, 0) FAR  w(0) 41663. F 0.01
expand: main@.lr.ph13!_Cond (8, 0) FAR  w(0) 34393. F 0.00
expand: main@.lr.ph13 (9, 0) FAR  w(0) 33436. F 0.00
expand: main@empty.loop (10, 0) FAR  w(0) 32252. F 0.00
expand: main@entry (11, 0) FAR  w(0) 1. F 0.00
expand: main@entry!_BAD (12, 0) FAR  w(0) 1. F 0.00
expand: query!0 (13, 0) FAR  w(0) 1. F 0.00
(spacer::context::check_reachability :time 0.07 :before-memory 42.68 :after-memory 43.08)
Propagating: 1 2 3 4 5 6 7 8 9 10 11 12 13  ! 14 15 
(spacer::context::propagate :time 0.03 :before-memory 43.08 :after-memory 43.17)
Entering level 14
expand: query!0 (14, 0) FAR  w(0) 1. F 0.00
(spacer::context::check_reachability :time 0.00 :before-memory 43.17 :after-memory 43.17)
Propagating: 14  ! 15 
(spacer::context::propagate :time 0.00 :before-memory 43.17 :after-memory 43.17)
Entering level 15
expand: query!0 (15, 0) FAR  w(0) 1.
	create_child: main@entry!_BAD (14, 15) FAR 1 U 0.00
expand: main@entry!_BAD (14, 0) FAR  w(0) 1.
	create_child: main@entry (13, 15) FAR 1 U 0.00
expand: main@entry (13, 0) FAR  w(0) 1.
	create_child: main@empty.loop (12, 15) FAR 32252 U 0.00
expand: main@empty.loop (12, 0) FAR  w(0) 32252.
	create_child: main@.lr.ph13 (11, 15) FAR 33436 U 0.00
expand: main@.lr.ph13 (11, 0) FAR  w(0) 33436.
	create_child: main@.lr.ph13!_Cond (10, 15) FAR 34393 U 0.00
expand: main@.lr.ph13!_Cond (10, 0) FAR  w(0) 34393.
	create_child: main@_39 (9, 15) FAR 41663 U 0.00
expand: main@_39 (9, 0) FAR  w(0) 41663.
	create_child: main@.lr.ph13 (8, 15) FAR 49123 U 0.00
expand: main@.lr.ph13 (8, 0) FAR  w(0) 49123.
	create_child: main@.lr.ph13!_Cond (7, 15) FAR 49462 U 0.00
expand: main@.lr.ph13!_Cond (7, 0) FAR  w(0) 49462.
	create_child: main@_39 (6, 15) FAR 49837 U 0.00
expand: main@_39 (6, 0) FAR  w(0) 49837.
	create_child: main@.lr.ph13 (5, 15) FAR 56389 U 0.00
expand: main@.lr.ph13 (5, 0) FAR  w(0) 56389.
	create_child: main@.lr.ph13!_Cond (4, 15) FAR 56722 U 0.00
expand: main@.lr.ph13!_Cond (4, 0) FAR  w(0) 56722.
	create_child: main@_39 (3, 15) FAR 57033 U 0.00
expand: main@_39 (3, 0) FAR  w(0) 57033. F 0.01
expand: main@.lr.ph13!_Cond (4, 0) FAR  w(0) 56722. F 0.01
expand: main@.lr.ph13 (5, 0) FAR  w(0) 56389. F 0.00
expand: main@_39 (6, 0) FAR  w(0) 49837. F 0.01
expand: main@.lr.ph13!_Cond (7, 0) FAR  w(0) 49462. F 0.01
expand: main@.lr.ph13 (8, 0) FAR  w(0) 49123. F 0.00
expand: main@_39 (9, 0) FAR  w(0) 41663. F 0.01
expand: main@.lr.ph13!_Cond (10, 0) FAR  w(0) 34393. F 0.01
expand: main@.lr.ph13 (11, 0) FAR  w(0) 33436. F 0.00
expand: main@empty.loop (12, 0) FAR  w(0) 32252. F 0.00
expand: main@entry (13, 0) FAR  w(0) 1. F 0.00
expand: main@entry!_BAD (14, 0) FAR  w(0) 1. F 0.00
expand: query!0 (15, 0) FAR  w(0) 1. F 0.00
(spacer::context::check_reachability :time 0.07 :before-memory 43.17 :after-memory 43.27)
Propagating: 3 4 5 6 7 8 9 10 11 12 13 14 15  ! 16 
(spacer::context::propagate :time 0.02 :before-memory 43.27 :after-memory 43.27)
Entering level 16
expand: query!0 (16, 0) FAR  w(0) 1.
	create_child: main@entry!_BAD (15, 16) FAR 1 U 0.00
expand: main@entry!_BAD (15, 0) FAR  w(0) 1.
	create_child: main@entry (14, 16) FAR 1 U 0.00
expand: main@entry (14, 0) FAR  w(0) 1.
	create_child: main@empty.loop (13, 16) FAR 32252 U 0.00
expand: main@empty.loop (13, 0) FAR  w(0) 32252.
	create_child: main@.lr.ph13 (12, 16) FAR 33436 U 0.00
expand: main@.lr.ph13 (12, 0) FAR  w(0) 33436.
	create_child: main@.lr.ph13!_Cond (11, 16) FAR 34393 U 0.00
expand: main@.lr.ph13!_Cond (11, 0) FAR  w(0) 34393.
	create_child: main@_39 (10, 16) FAR 41663 U 0.00
expand: main@_39 (10, 0) FAR  w(0) 41663.
	create_child: main@.lr.ph13 (9, 16) FAR 49123 U 0.00
expand: main@.lr.ph13 (9, 0) FAR  w(0) 49123.
	create_child: main@.lr.ph13!_Cond (8, 16) FAR 49462 U 0.00
expand: main@.lr.ph13!_Cond (8, 0) FAR  w(0) 49462.
	create_child: main@_39 (7, 16) FAR 49837 U 0.00
expand: main@_39 (7, 0) FAR  w(0) 49837.
	create_child: main@.lr.ph13 (6, 16) FAR 56389 U 0.00
expand: main@.lr.ph13 (6, 0) FAR  w(0) 56389.
	create_child: main@.lr.ph13!_Cond (5, 16) FAR 56722 U 0.00
expand: main@.lr.ph13!_Cond (5, 0) FAR  w(0) 56722.
	create_child: main@_39 (4, 16) FAR 57033 U 0.00
expand: main@_39 (4, 0) FAR  w(0) 57033.
	create_child: main@.lr.ph13 (3, 16) FAR 60915 U 0.00
expand: main@.lr.ph13 (3, 0) FAR  w(0) 60915.
	create_child: main@.lr.ph13!_Cond (2, 16) FAR 61016 U 0.00
expand: main@.lr.ph13!_Cond (2, 0) FAR  w(0) 61016.
	create_child: main@_39 (1, 16) FAR 61320 U 0.00
expand: main@_39 (1, 0) FAR  w(0) 61320.
	create_child: main@.lr.ph13.1 (0, 16) FAR 61166 U 0.00
expand: main@.lr.ph13.1 (0, 0) FAR  w(0) 61166. F 0.00
expand: main@_39 (1, 0) FAR  w(0) 61320. F 0.02
expand: main@.lr.ph13!_Cond (2, 0) FAR  w(0) 61016. F 0.00
expand: main@.lr.ph13 (3, 0) FAR  w(0) 60915. F 0.00
expand: main@_39 (4, 0) FAR  w(0) 57033. F 0.01
expand: main@.lr.ph13!_Cond (5, 0) FAR  w(0) 56722. F 0.01
expand: main@.lr.ph13 (6, 0) FAR  w(0) 56389. F 0.00
expand: main@_39 (7, 0) FAR  w(0) 49837. F 0.01
expand: main@.lr.ph13!_Cond (8, 0) FAR  w(0) 49462. F 0.01
expand: main@.lr.ph13 (9, 0) FAR  w(0) 49123. F 0.00
expand: main@_39 (10, 0) FAR  w(0) 41663. F 0.01
expand: main@.lr.ph13!_Cond (11, 0) FAR  w(0) 34393. F 0.01
expand: main@.lr.ph13 (12, 0) FAR  w(0) 33436. F 0.00
expand: main@empty.loop (13, 0) FAR  w(0) 32252. F 0.00
expand: main@entry (14, 0) FAR  w(0) 1. F 0.00
expand: main@entry!_BAD (15, 0) FAR  w(0) 1. F 0.00
expand: query!0 (16, 0) FAR  w(0) 1. F 0.00
(spacer::context::check_reachability :time 0.12 :before-memory 43.27 :after-memory 46.23)
Propagating: 0 1 2 3 4 5 6 7 8 9 10 11 12 13 14 15 16  ! 17 
(spacer::context::propagate :time 0.03 :before-memory 46.23 :after-memory 46.48)
Entering level 17
expand: query!0 (17, 0) FAR  w(0) 1.
	create_child: main@entry!_BAD (16, 17) FAR 1 U 0.00
expand: main@entry!_BAD (16, 0) FAR  w(0) 1.
	create_child: main@entry (15, 17) FAR 1 U 0.00
expand: main@entry (15, 0) FAR  w(0) 1.
	create_child: main@empty.loop (14, 17) FAR 32252 U 0.00
expand: main@empty.loop (14, 0) FAR  w(0) 32252.
	create_child: main@.lr.ph13 (13, 17) FAR 33436 U 0.00
expand: main@.lr.ph13 (13, 0) FAR  w(0) 33436.
	create_child: main@.lr.ph13!_Cond (12, 17) FAR 34393 U 0.00
expand: main@.lr.ph13!_Cond (12, 0) FAR  w(0) 34393.
	create_child: main@_39 (11, 17) FAR 41663 U 0.00
expand: main@_39 (11, 0) FAR  w(0) 41663.
	create_child: main@.lr.ph13 (10, 17) FAR 49123 U 0.00
expand: main@.lr.ph13 (10, 0) FAR  w(0) 49123.
	create_child: main@.lr.ph13!_Cond (9, 17) FAR 49462 U 0.00
expand: main@.lr.ph13!_Cond (9, 0) FAR  w(0) 49462.
	create_child: main@_39 (8, 17) FAR 49837 U 0.00
expand: main@_39 (8, 0) FAR  w(0) 49837.
	create_child: main@.lr.ph13 (7, 17) FAR 56389 U 0.00
expand: main@.lr.ph13 (7, 0) FAR  w(0) 56389.
	create_child: main@.lr.ph13!_Cond (6, 17) FAR 56722 U 0.00
expand: main@.lr.ph13!_Cond (6, 0) FAR  w(0) 56722.
	create_child: main@_39 (5, 17) FAR 57033 U 0.00
expand: main@_39 (5, 0) FAR  w(0) 57033.
	create_child: main@.lr.ph13 (4, 17) FAR 60915 U 0.00
expand: main@.lr.ph13 (4, 0) FAR  w(0) 60915.
	create_child: main@.lr.ph13!_Cond (3, 17) FAR 61016 U 0.00
expand: main@.lr.ph13!_Cond (3, 0) FAR  w(0) 61016.
	create_child: main@_39 (2, 17) FAR 61320 U 0.00
expand: main@_39 (2, 0) FAR  w(0) 61320.
	create_child: main@.lr.ph13.1 (1, 17) FAR 61166 U 0.00
expand: main@.lr.ph13.1 (1, 0) FAR  w(0) 61166.
	create_child: main@.lr.ph13.1!_Cond (0, 17) FAR 64193 U 0.00
expand: main@.lr.ph13.1!_Cond (0, 0) FAR  w(0) 64193. F 0.01
expand: main@.lr.ph13.1 (1, 0) FAR  w(0) 61166. F 0.00
expand: main@_39 (2, 0) FAR  w(0) 61320. F 0.02
expand: main@.lr.ph13!_Cond (3, 0) FAR  w(0) 61016. F 0.00
expand: main@.lr.ph13 (4, 0) FAR  w(0) 60915. F 0.00
expand: main@_39 (5, 0) FAR  w(0) 57033. F 0.01
expand: main@.lr.ph13!_Cond (6, 0) FAR  w(0) 56722. F 0.01
expand: main@.lr.ph13 (7, 0) FAR  w(0) 56389. F 0.00
expand: main@_39 (8, 0) FAR  w(0) 49837. F 0.01
expand: main@.lr.ph13!_Cond (9, 0) FAR  w(0) 49462. F 0.01
expand: main@.lr.ph13 (10, 0) FAR  w(0) 49123. F 0.00
expand: main@_39 (11, 0) FAR  w(0) 41663. F 0.01
expand: main@.lr.ph13!_Cond (12, 0) FAR  w(0) 34393. F 0.01
expand: main@.lr.ph13 (13, 0) FAR  w(0) 33436. F 0.00
expand: main@empty.loop (14, 0) FAR  w(0) 32252. F 0.00
expand: main@entry (15, 0) FAR  w(0) 1. F 0.00
expand: main@entry!_BAD (16, 0) FAR  w(0) 1. F 0.00
expand: query!0 (17, 0) FAR  w(0) 1. F 0.00
(spacer::context::check_reachability :time 0.12 :before-memory 46.48 :after-memory 49.74)
Propagating: 0 1 2 3 4 5 6 7 8 9 10 11 12 13 14 15 16 17  ! 18 
(spacer::context::propagate :time 0.03 :before-memory 49.74 :after-memory 50.12)
Entering level 18
expand: query!0 (18, 0) FAR  w(0) 1.
	create_child: main@entry!_BAD (17, 18) FAR 1 U 0.00
expand: main@entry!_BAD (17, 0) FAR  w(0) 1.
	create_child: main@entry (16, 18) FAR 1 U 0.00
expand: main@entry (16, 0) FAR  w(0) 1.
	create_child: main@empty.loop (15, 18) FAR 32252 U 0.00
expand: main@empty.loop (15, 0) FAR  w(0) 32252.
	create_child: main@.lr.ph13 (14, 18) FAR 33436 U 0.00
expand: main@.lr.ph13 (14, 0) FAR  w(0) 33436.
	create_child: main@.lr.ph13!_Cond (13, 18) FAR 34393 U 0.00
expand: main@.lr.ph13!_Cond (13, 0) FAR  w(0) 34393.
	create_child: main@_39 (12, 18) FAR 41663 U 0.00
expand: main@_39 (12, 0) FAR  w(0) 41663.
	create_child: main@.lr.ph13 (11, 18) FAR 49123 U 0.00
expand: main@.lr.ph13 (11, 0) FAR  w(0) 49123.
	create_child: main@.lr.ph13!_Cond (10, 18) FAR 49462 U 0.00
expand: main@.lr.ph13!_Cond (10, 0) FAR  w(0) 49462.
	create_child: main@_39 (9, 18) FAR 49837 U 0.00
expand: main@_39 (9, 0) FAR  w(0) 49837.
	create_child: main@.lr.ph13 (8, 18) FAR 56389 U 0.00
expand: main@.lr.ph13 (8, 0) FAR  w(0) 56389.
	create_child: main@.lr.ph13!_Cond (7, 18) FAR 56722 U 0.00
expand: main@.lr.ph13!_Cond (7, 0) FAR  w(0) 56722.
	create_child: main@_39 (6, 18) FAR 57033 U 0.00
expand: main@_39 (6, 0) FAR  w(0) 57033.
	create_child: main@.lr.ph13 (5, 18) FAR 60915 U 0.00
expand: main@.lr.ph13 (5, 0) FAR  w(0) 60915.
	create_child: main@.lr.ph13!_Cond (4, 18) FAR 61016 U 0.00
expand: main@.lr.ph13!_Cond (4, 0) FAR  w(0) 61016.
	create_child: main@_39 (3, 18) FAR 61320 U 0.00
expand: main@_39 (3, 0) FAR  w(0) 61320.
	create_child: main@.lr.ph13.1 (2, 18) FAR 61166 U 0.00
expand: main@.lr.ph13.1 (2, 0) FAR  w(0) 61166.
	create_child: main@.lr.ph13.1!_Cond (1, 18) FAR 64193 U 0.00
expand: main@.lr.ph13.1!_Cond (1, 0) FAR  w(0) 64193.
	create_child: main@_109 (0, 18) FAR 72906 U 0.00
expand: main@_109 (0, 0) FAR  w(0) 72906. F 0.01
expand: main@.lr.ph13.1!_Cond (1, 0) FAR  w(0) 64193. F 0.00
expand: main@.lr.ph13.1 (2, 0) FAR  w(0) 61166. F 0.00
expand: main@_39 (3, 0) FAR  w(0) 61320. F 0.03
expand: main@.lr.ph13!_Cond (4, 0) FAR  w(0) 61016. F 0.00
expand: main@.lr.ph13 (5, 0) FAR  w(0) 60915. F 0.00
expand: main@_39 (6, 0) FAR  w(0) 57033. F 0.01
expand: main@.lr.ph13!_Cond (7, 0) FAR  w(0) 56722. F 0.01
expand: main@.lr.ph13 (8, 0) FAR  w(0) 56389. F 0.00
expand: main@_39 (9, 0) FAR  w(0) 49837. F 0.01
expand: main@.lr.ph13!_Cond (10, 0) FAR  w(0) 49462. F 0.01
expand: main@.lr.ph13 (11, 0) FAR  w(0) 49123. F 0.00
expand: main@_39 (12, 0) FAR  w(0) 41663. F 0.01
expand: main@.lr.ph13!_Cond (13, 0) FAR  w(0) 34393. F 0.01
expand: main@.lr.ph13 (14, 0) FAR  w(0) 33436. F 0.00
expand: main@empty.loop (15, 0) FAR  w(0) 32252. F 0.00
expand: main@entry (16, 0) FAR  w(0) 1. F 0.00
expand: main@entry!_BAD (17, 0) FAR  w(0) 1. F 0.00
expand: query!0 (18, 0) FAR  w(0) 1. F 0.00
(spacer::context::check_reachability :time 0.14 :before-memory 50.12 :after-memory 53.41)
Propagating: 0 1 2 3 4 5 6 7 8 9 10 11 12 13 14 15 16 17 18  ! 19 
(spacer::context::propagate :time 0.03 :before-memory 53.41 :after-memory 53.70)
Entering level 19
expand: query!0 (19, 0) FAR  w(0) 1.
	create_child: main@entry!_BAD (18, 19) FAR 1 U 0.00
expand: main@entry!_BAD (18, 0) FAR  w(0) 1.
	create_child: main@entry (17, 19) FAR 1 U 0.00
expand: main@entry (17, 0) FAR  w(0) 1.
	create_child: main@empty.loop (16, 19) FAR 32252 U 0.00
expand: main@empty.loop (16, 0) FAR  w(0) 32252.
	create_child: main@.lr.ph13 (15, 19) FAR 33436 U 0.00
expand: main@.lr.ph13 (15, 0) FAR  w(0) 33436.
	create_child: main@.lr.ph13!_Cond (14, 19) FAR 34393 U 0.00
expand: main@.lr.ph13!_Cond (14, 0) FAR  w(0) 34393.
	create_child: main@_39 (13, 19) FAR 41663 U 0.00
expand: main@_39 (13, 0) FAR  w(0) 41663.
	create_child: main@.lr.ph13 (12, 19) FAR 49123 U 0.00
expand: main@.lr.ph13 (12, 0) FAR  w(0) 49123.
	create_child: main@.lr.ph13!_Cond (11, 19) FAR 49462 U 0.00
expand: main@.lr.ph13!_Cond (11, 0) FAR  w(0) 49462.
	create_child: main@_39 (10, 19) FAR 49837 U 0.00
expand: main@_39 (10, 0) FAR  w(0) 49837.
	create_child: main@.lr.ph13 (9, 19) FAR 56389 U 0.00
expand: main@.lr.ph13 (9, 0) FAR  w(0) 56389.
	create_child: main@.lr.ph13!_Cond (8, 19) FAR 56722 U 0.00
expand: main@.lr.ph13!_Cond (8, 0) FAR  w(0) 56722.
	create_child: main@_39 (7, 19) FAR 57033 U 0.00
expand: main@_39 (7, 0) FAR  w(0) 57033.
	create_child: main@.lr.ph13 (6, 19) FAR 60915 U 0.00
expand: main@.lr.ph13 (6, 0) FAR  w(0) 60915.
	create_child: main@.lr.ph13!_Cond (5, 19) FAR 61016 U 0.00
expand: main@.lr.ph13!_Cond (5, 0) FAR  w(0) 61016.
	create_child: main@_39 (4, 19) FAR 61320 U 0.00
expand: main@_39 (4, 0) FAR  w(0) 61320.
	create_child: main@.lr.ph13.1 (3, 19) FAR 61166 U 0.00
expand: main@.lr.ph13.1 (3, 0) FAR  w(0) 61166.
	create_child: main@.lr.ph13.1!_Cond (2, 19) FAR 64193 U 0.00
expand: main@.lr.ph13.1!_Cond (2, 0) FAR  w(0) 64193.
	create_child: main@_109 (1, 19) FAR 72906 U 0.00
expand: main@_109 (1, 0) FAR  w(0) 72906. F 0.00
expand: main@.lr.ph13.1!_Cond (2, 0) FAR  w(0) 64193. F 0.00
expand: main@.lr.ph13.1 (3, 0) FAR  w(0) 61166. F 0.00
expand: main@_39 (4, 0) FAR  w(0) 61320. F 0.02
expand: main@.lr.ph13!_Cond (5, 0) FAR  w(0) 61016. F 0.01
expand: main@.lr.ph13 (6, 0) FAR  w(0) 60915. F 0.00
expand: main@_39 (7, 0) FAR  w(0) 57033. F 0.01
expand: main@.lr.ph13!_Cond (8, 0) FAR  w(0) 56722. F 0.01
expand: main@.lr.ph13 (9, 0) FAR  w(0) 56389. F 0.00
expand: main@_39 (10, 0) FAR  w(0) 49837. F 0.01
expand: main@.lr.ph13!_Cond (11, 0) FAR  w(0) 49462. F 0.01
expand: main@.lr.ph13 (12, 0) FAR  w(0) 49123. F 0.00
expand: main@_39 (13, 0) FAR  w(0) 41663. F 0.01
expand: main@.lr.ph13!_Cond (14, 0) FAR  w(0) 34393. F 0.01
expand: main@.lr.ph13 (15, 0) FAR  w(0) 33436. F 0.00
expand: main@empty.loop (16, 0) FAR  w(0) 32252. F 0.00
expand: main@entry (17, 0) FAR  w(0) 1. F 0.00
expand: main@entry!_BAD (18, 0) FAR  w(0) 1. F 0.00
expand: query!0 (19, 0) FAR  w(0) 1. F 0.00
(spacer::context::check_reachability :time 0.15 :before-memory 53.70 :after-memory 54.14)
Propagating: 1 2 3 4 5 6 7 8 9 10 11 12 13 14 15 16 17 18 19  ! 20 21 
(spacer::context::propagate :time 0.05 :before-memory 54.14 :after-memory 54.43)
Entering level 20
expand: query!0 (20, 0) FAR  w(0) 1. F 0.00
(spacer::context::check_reachability :time 0.00 :before-memory 54.43 :after-memory 54.53)
Propagating: 20  ! 21 
(spacer::context::propagate :time 0.00 :before-memory 54.53 :after-memory 54.53)
Entering level 21
expand: query!0 (21, 0) FAR  w(0) 1.
	create_child: main@entry!_BAD (20, 21) FAR 1 U 0.00
expand: main@entry!_BAD (20, 0) FAR  w(0) 1.
	create_child: main@entry (19, 21) FAR 1 U 0.00
expand: main@entry (19, 0) FAR  w(0) 1.
	create_child: main@empty.loop (18, 21) FAR 32252 U 0.00
expand: main@empty.loop (18, 0) FAR  w(0) 32252.
	create_child: main@.lr.ph13 (17, 21) FAR 33436 U 0.00
expand: main@.lr.ph13 (17, 0) FAR  w(0) 33436.
	create_child: main@.lr.ph13!_Cond (16, 21) FAR 34393 U 0.00
expand: main@.lr.ph13!_Cond (16, 0) FAR  w(0) 34393.
	create_child: main@_39 (15, 21) FAR 41663 U 0.00
expand: main@_39 (15, 0) FAR  w(0) 41663.
	create_child: main@.lr.ph13 (14, 21) FAR 49123 U 0.00
expand: main@.lr.ph13 (14, 0) FAR  w(0) 49123.
	create_child: main@.lr.ph13!_Cond (13, 21) FAR 49462 U 0.00
expand: main@.lr.ph13!_Cond (13, 0) FAR  w(0) 49462.
	create_child: main@_39 (12, 21) FAR 49837 U 0.00
expand: main@_39 (12, 0) FAR  w(0) 49837.
	create_child: main@.lr.ph13 (11, 21) FAR 56389 U 0.00
expand: main@.lr.ph13 (11, 0) FAR  w(0) 56389.
	create_child: main@.lr.ph13!_Cond (10, 21) FAR 56722 U 0.00
expand: main@.lr.ph13!_Cond (10, 0) FAR  w(0) 56722.
	create_child: main@_39 (9, 21) FAR 57033 U 0.00
expand: main@_39 (9, 0) FAR  w(0) 57033.
	create_child: main@.lr.ph13 (8, 21) FAR 60915 U 0.00
expand: main@.lr.ph13 (8, 0) FAR  w(0) 60915.
	create_child: main@.lr.ph13!_Cond (7, 21) FAR 61016 U 0.00
expand: main@.lr.ph13!_Cond (7, 0) FAR  w(0) 61016.
	create_child: main@_39 (6, 21) FAR 61320 U 0.00
expand: main@_39 (6, 0) FAR  w(0) 61320.
	create_child: main@.lr.ph13.1 (5, 21) FAR 61166 U 0.00
expand: main@.lr.ph13.1 (5, 0) FAR  w(0) 61166.
	create_child: main@.lr.ph13.1!_Cond (4, 21) FAR 64193 U 0.00
expand: main@.lr.ph13.1!_Cond (4, 0) FAR  w(0) 64193.
	create_child: main@_109 (3, 21) FAR 72906 U 0.00
expand: main@_109 (3, 0) FAR  w(0) 72906. F 0.01
expand: main@.lr.ph13.1!_Cond (4, 0) FAR  w(0) 64193. F 0.01
expand: main@.lr.ph13.1 (5, 0) FAR  w(0) 61166. F 0.00
expand: main@_39 (6, 0) FAR  w(0) 61320. F 0.01
expand: main@.lr.ph13!_Cond (7, 0) FAR  w(0) 61016. F 0.01
expand: main@.lr.ph13 (8, 0) FAR  w(0) 60915. F 0.00
expand: main@_39 (9, 0) FAR  w(0) 57033. F 0.01
expand: main@.lr.ph13!_Cond (10, 0) FAR  w(0) 56722. F 0.01
expand: main@.lr.ph13 (11, 0) FAR  w(0) 56389. F 0.00
expand: main@_39 (12, 0) FAR  w(0) 49837. F 0.01
expand: main@.lr.ph13!_Cond (13, 0) FAR  w(0) 49462. F 0.01
expand: main@.lr.ph13 (14, 0) FAR  w(0) 49123. F 0.00
expand: main@_39 (15, 0) FAR  w(0) 41663. F 0.01
expand: main@.lr.ph13!_Cond (16, 0) FAR  w(0) 34393. F 0.01
expand: main@.lr.ph13 (17, 0) FAR  w(0) 33436. F 0.00
expand: main@empty.loop (18, 0) FAR  w(0) 32252. F 0.00
expand: main@entry (19, 0) FAR  w(0) 1. F 0.00
expand: main@entry!_BAD (20, 0) FAR  w(0) 1. F 0.00
expand: query!0 (21, 0) FAR  w(0) 1. F 0.00
(spacer::context::check_reachability :time 0.14 :before-memory 54.53 :after-memory 54.54)
Propagating: 3 4 5 6 7 8 9 10 11 12 13 14 15 16 17 18 19 20 21  ! 22 
(spacer::context::propagate :time 0.04 :before-memory 54.54 :after-memory 54.64)
Entering level 22
expand: query!0 (22, 0) FAR  w(0) 1.
	create_child: main@entry!_BAD (21, 22) FAR 1 U 0.00
expand: main@entry!_BAD (21, 0) FAR  w(0) 1.
	create_child: main@entry (20, 22) FAR 1 U 0.00
expand: main@entry (20, 0) FAR  w(0) 1.
	create_child: main@empty.loop (19, 22) FAR 32252 U 0.00
expand: main@empty.loop (19, 0) FAR  w(0) 32252.
	create_child: main@.lr.ph13 (18, 22) FAR 33436 U 0.00
expand: main@.lr.ph13 (18, 0) FAR  w(0) 33436.
	create_child: main@.lr.ph13!_Cond (17, 22) FAR 34393 U 0.00
expand: main@.lr.ph13!_Cond (17, 0) FAR  w(0) 34393.
	create_child: main@_39 (16, 22) FAR 41663 U 0.00
expand: main@_39 (16, 0) FAR  w(0) 41663.
	create_child: main@.lr.ph13 (15, 22) FAR 49123 U 0.00
expand: main@.lr.ph13 (15, 0) FAR  w(0) 49123.
	create_child: main@.lr.ph13!_Cond (14, 22) FAR 49462 U 0.00
expand: main@.lr.ph13!_Cond (14, 0) FAR  w(0) 49462.
	create_child: main@_39 (13, 22) FAR 49837 U 0.00
expand: main@_39 (13, 0) FAR  w(0) 49837.
	create_child: main@.lr.ph13 (12, 22) FAR 56389 U 0.00
expand: main@.lr.ph13 (12, 0) FAR  w(0) 56389.
	create_child: main@.lr.ph13!_Cond (11, 22) FAR 56722 U 0.00
expand: main@.lr.ph13!_Cond (11, 0) FAR  w(0) 56722.
	create_child: main@_39 (10, 22) FAR 57033 U 0.00
expand: main@_39 (10, 0) FAR  w(0) 57033.
	create_child: main@.lr.ph13 (9, 22) FAR 60915 U 0.00
expand: main@.lr.ph13 (9, 0) FAR  w(0) 60915.
	create_child: main@.lr.ph13!_Cond (8, 22) FAR 61016 U 0.00
expand: main@.lr.ph13!_Cond (8, 0) FAR  w(0) 61016.
	create_child: main@_39 (7, 22) FAR 61320 U 0.00
expand: main@_39 (7, 0) FAR  w(0) 61320.
	create_child: main@.lr.ph13.1 (6, 22) FAR 61166 U 0.00
expand: main@.lr.ph13.1 (6, 0) FAR  w(0) 61166.
	create_child: main@.lr.ph13.1!_Cond (5, 22) FAR 64193 U 0.00
expand: main@.lr.ph13.1!_Cond (5, 0) FAR  w(0) 64193.
	create_child: main@_109 (4, 22) FAR 72906 U 0.00
expand: main@_109 (4, 0) FAR  w(0) 72906.
	create_child: main@.lr.ph13.1 (3, 22) FAR 86029 U 0.00
expand: main@.lr.ph13.1 (3, 0) FAR  w(0) 86029.
	create_child: main@.lr.ph13.1!_Cond (2, 22) FAR 86131 U 0.00
expand: main@.lr.ph13.1!_Cond (2, 0) FAR  w(0) 86131.
	create_child: main@_109 (1, 22) FAR 86272 U 0.00
expand: main@_109 (1, 0) FAR  w(0) 86272


FAILED TO FIND COEFFICIENT





FAILED TO FIND COEFFICIENT


. F 0.00
expand: main@.lr.ph13.1!_Cond (2, 0) FAR  w(0) 86131. F 0.02
expand: main@.lr.ph13.1 (3, 0) FAR  w(0) 86029. F 0.00
expand: main@_109 (4, 0) FAR  w(0) 72906. F 0.00
expand: main@.lr.ph13.1!_Cond (5, 0) FAR  w(0) 64193. F 0.01
expand: main@.lr.ph13.1 (6, 0) FAR  w(0) 61166. F 0.00
expand: main@_39 (7, 0) FAR  w(0) 61320. F 0.01
expand: main@.lr.ph13!_Cond (8, 0) FAR  w(0) 61016. F 0.01
expand: main@.lr.ph13 (9, 0) FAR  w(0) 60915. F 0.00
expand: main@_39 (10, 0) FAR  w(0) 57033. F 0.01
expand: main@.lr.ph13!_Cond (11, 0) FAR  w(0) 56722. F 0.01
expand: main@.lr.ph13 (12, 0) FAR  w(0) 56389. F 0.00
expand: main@_39 (13, 0) FAR  w(0) 49837. F 0.01
expand: main@.lr.ph13!_Cond (14, 0) FAR  w(0) 49462. F 0.01
expand: main@.lr.ph13 (15, 0) FAR  w(0) 49123. F 0.00
expand: main@_39 (16, 0) FAR  w(0) 41663. F 0.01
expand: main@.lr.ph13!_Cond (17, 0) FAR  w(0) 34393. F 0.01
expand: main@.lr.ph13 (18, 0) FAR  w(0) 33436. F 0.00
expand: main@empty.loop (19, 0) FAR  w(0) 32252. F 0.00
expand: main@entry (20, 0) FAR  w(0) 1. F 0.00
expand: main@entry!_BAD (21, 0) FAR  w(0) 1. F 0.00
expand: query!0 (22, 0) FAR  w(0) 1. F 0.00
(spacer::context::check_reachability :time 0.18 :before-memory 54.64 :after-memory 55.33)
Propagating: 1 2 3 4 5 6 7 8 9 10 11 12 13 14 15 16 17 18 19 20 21 22  ! 23 24 
(spacer::context::propagate :time 0.06 :before-memory 55.33 :after-memory 55.62)
Entering level 23
expand: query!0 (23, 0) FAR  w(0) 1. F 0.00
(spacer::context::check_reachability :time 0.00 :before-memory 55.62 :after-memory 55.72)
Propagating: 23  ! 24 
(spacer::context::propagate :time 0.00 :before-memory 55.72 :after-memory 55.72)
Entering level 24
expand: query!0 (24, 0) FAR  w(0) 1.
	create_child: main@entry!_BAD (23, 24) FAR 1 U 0.00
expand: main@entry!_BAD (23, 0) FAR  w(0) 1.
	create_child: main@entry (22, 24) FAR 1 U 0.00
expand: main@entry (22, 0) FAR  w(0) 1.
	create_child: main@empty.loop (21, 24) FAR 32252 U 0.00
expand: main@empty.loop (21, 0) FAR  w(0) 32252.
	create_child: main@.lr.ph13 (20, 24) FAR 33436 U 0.00
expand: main@.lr.ph13 (20, 0) FAR  w(0) 33436.
	create_child: main@.lr.ph13!_Cond (19, 24) FAR 34393 U 0.00
expand: main@.lr.ph13!_Cond (19, 0) FAR  w(0) 34393.
	create_child: main@_39 (18, 24) FAR 41663 U 0.00
expand: main@_39 (18, 0) FAR  w(0) 41663.
	create_child: main@.lr.ph13 (17, 24) FAR 49123 U 0.00
expand: main@.lr.ph13 (17, 0) FAR  w(0) 49123.
	create_child: main@.lr.ph13!_Cond (16, 24) FAR 49462 U 0.00
expand: main@.lr.ph13!_Cond (16, 0) FAR  w(0) 49462.
	create_child: main@_39 (15, 24) FAR 49837 U 0.00
expand: main@_39 (15, 0) FAR  w(0) 49837.
	create_child: main@.lr.ph13 (14, 24) FAR 56389 U 0.00
expand: main@.lr.ph13 (14, 0) FAR  w(0) 56389.
	create_child: main@.lr.ph13!_Cond (13, 24) FAR 56722 U 0.00
expand: main@.lr.ph13!_Cond (13, 0) FAR  w(0) 56722.
	create_child: main@_39 (12, 24) FAR 57033 U 0.00
expand: main@_39 (12, 0) FAR  w(0) 57033.
	create_child: main@.lr.ph13 (11, 24) FAR 60915 U 0.00
expand: main@.lr.ph13 (11, 0) FAR  w(0) 60915.
	create_child: main@.lr.ph13!_Cond (10, 24) FAR 61016 U 0.00
expand: main@.lr.ph13!_Cond (10, 0) FAR  w(0) 61016.
	create_child: main@_39 (9, 24) FAR 61320 U 0.00
expand: main@_39 (9, 0) FAR  w(0) 61320.
	create_child: main@.lr.ph13.1 (8, 24) FAR 61166 U 0.00
expand: main@.lr.ph13.1 (8, 0) FAR  w(0) 61166.
	create_child: main@.lr.ph13.1!_Cond (7, 24) FAR 64193 U 0.00
expand: main@.lr.ph13.1!_Cond (7, 0) FAR  w(0) 64193.
	create_child: main@_109 (6, 24) FAR 72906 U 0.00
expand: main@_109 (6, 0) FAR  w(0) 72906.
	create_child: main@.lr.ph13.1 (5, 24) FAR 86029 U 0.00
expand: main@.lr.ph13.1 (5, 0) FAR  w(0) 86029.
	create_child: main@.lr.ph13.1!_Cond (4, 24) FAR 86131 U 0.00
expand: main@.lr.ph13.1!_Cond (4, 0) FAR  w(0) 86131.
	create_child: main@_109 (3, 24) FAR 86272 U 0.00
expand: main@_109 (3, 0) FAR  w(0) 86272


FAILED TO FIND COEFFICIENT





FAILED TO FIND COEFFICIENT


. F 0.01
expand: main@.lr.ph13.1!_Cond (4, 0) FAR  w(0) 86131. F 0.01
expand: main@.lr.ph13.1 (5, 0) FAR  w(0) 86029. F 0.00
expand: main@_109 (6, 0) FAR  w(0) 72906. F 0.01
expand: main@.lr.ph13.1!_Cond (7, 0) FAR  w(0) 64193. F 0.01
expand: main@.lr.ph13.1 (8, 0) FAR  w(0) 61166. F 0.00
expand: main@_39 (9, 0) FAR  w(0) 61320. F 0.01
expand: main@.lr.ph13!_Cond (10, 0) FAR  w(0) 61016. F 0.01
expand: main@.lr.ph13 (11, 0) FAR  w(0) 60915. F 0.00
expand: main@_39 (12, 0) FAR  w(0) 57033. F 0.01
expand: main@.lr.ph13!_Cond (13, 0) FAR  w(0) 56722. F 0.01
expand: main@.lr.ph13 (14, 0) FAR  w(0) 56389. F 0.00
expand: main@_39 (15, 0) FAR  w(0) 49837. F 0.01
expand: main@.lr.ph13!_Cond (16, 0) FAR  w(0) 49462. F 0.01
expand: main@.lr.ph13 (17, 0) FAR  w(0) 49123. F 0.00
expand: main@_39 (18, 0) FAR  w(0) 41663. F 0.01
expand: main@.lr.ph13!_Cond (19, 0) FAR  w(0) 34393. F 0.01
expand: main@.lr.ph13 (20, 0) FAR  w(0) 33436. F 0.00
expand: main@empty.loop (21, 0) FAR  w(0) 32252. F 0.00
expand: main@entry (22, 0) FAR  w(0) 1. F 0.00
expand: main@entry!_BAD (23, 0) FAR  w(0) 1. F 0.00
expand: query!0 (24, 0) FAR  w(0) 1. F 0.00
(spacer::context::check_reachability :time 0.17 :before-memory 55.72 :after-memory 55.73)
Propagating: 3 4 5 6 7 8 9 10 11 12 13 14 15 16 17 18 19 20 21 22 23 24  ! 25 
(spacer::context::propagate :time 0.05 :before-memory 55.73 :after-memory 55.83)
Entering level 25
expand: query!0 (25, 0) FAR  w(0) 1.
	create_child: main@entry!_BAD (24, 25) FAR 1 U 0.00
expand: main@entry!_BAD (24, 0) FAR  w(0) 1.
	create_child: main@entry (23, 25) FAR 1 U 0.00
expand: main@entry (23, 0) FAR  w(0) 1.
	create_child: main@empty.loop (22, 25) FAR 32252 U 0.01
expand: main@empty.loop (22, 0) FAR  w(0) 32252.
	create_child: main@.lr.ph13 (21, 25) FAR 33436 U 0.00
expand: main@.lr.ph13 (21, 0) FAR  w(0) 33436.
	create_child: main@.lr.ph13!_Cond (20, 25) FAR 34393 U 0.00
expand: main@.lr.ph13!_Cond (20, 0) FAR  w(0) 34393.
	create_child: main@_39 (19, 25) FAR 41663 U 0.00
expand: main@_39 (19, 0) FAR  w(0) 41663.
	create_child: main@.lr.ph13 (18, 25) FAR 49123 U 0.00
expand: main@.lr.ph13 (18, 0) FAR  w(0) 49123.
	create_child: main@.lr.ph13!_Cond (17, 25) FAR 49462 U 0.00
expand: main@.lr.ph13!_Cond (17, 0) FAR  w(0) 49462.
	create_child: main@_39 (16, 25) FAR 49837 U 0.00
expand: main@_39 (16, 0) FAR  w(0) 49837.
	create_child: main@.lr.ph13 (15, 25) FAR 56389 U 0.00
expand: main@.lr.ph13 (15, 0) FAR  w(0) 56389.
	create_child: main@.lr.ph13!_Cond (14, 25) FAR 56722 U 0.00
expand: main@.lr.ph13!_Cond (14, 0) FAR  w(0) 56722.
	create_child: main@_39 (13, 25) FAR 57033 U 0.00
expand: main@_39 (13, 0) FAR  w(0) 57033.
	create_child: main@.lr.ph13 (12, 25) FAR 60915 U 0.00
expand: main@.lr.ph13 (12, 0) FAR  w(0) 60915.
	create_child: main@.lr.ph13!_Cond (11, 25) FAR 61016 U 0.00
expand: main@.lr.ph13!_Cond (11, 0) FAR  w(0) 61016.
	create_child: main@_39 (10, 25) FAR 61320 U 0.00
expand: main@_39 (10, 0) FAR  w(0) 61320.
	create_child: main@.lr.ph13.1 (9, 25) FAR 61166 U 0.00
expand: main@.lr.ph13.1 (9, 0) FAR  w(0) 61166.
	create_child: main@.lr.ph13.1!_Cond (8, 25) FAR 64193 U 0.00
expand: main@.lr.ph13.1!_Cond (8, 0) FAR  w(0) 64193.
	create_child: main@_109 (7, 25) FAR 72906 U 0.00
expand: main@_109 (7, 0) FAR  w(0) 72906.
	create_child: main@.lr.ph13.1 (6, 25) FAR 86029 U 0.00
expand: main@.lr.ph13.1 (6, 0) FAR  w(0) 86029.
	create_child: main@.lr.ph13.1!_Cond (5, 25) FAR 86131 U 0.00
expand: main@.lr.ph13.1!_Cond (5, 0) FAR  w(0) 86131.
	create_child: main@_109 (4, 25) FAR 86272 U 0.00
expand: main@_109 (4, 0) FAR  w(0) 86272.
	create_child: main@.lr.ph13.1 (3, 25) FAR 92243 U 0.00
expand: main@.lr.ph13.1 (3, 0) FAR  w(0) 92243.
	create_child: main@.lr.ph13.1!_Cond (2, 25) FAR 92216 U 0.00
expand: main@.lr.ph13.1!_Cond (2, 0) FAR  w(0) 92216.
	create_child: main@_109 (1, 25) FAR 92386 U 0.00
expand: main@_109 (1, 0) FAR  w(0) 92386.
	create_child: main@.lr.ph13.2 (0, 25) FAR 92376 U 0.00
expand: main@.lr.ph13.2 (0, 0) FAR  w(0) 92376. F 0.00
expand: main@_109 (1, 0) FAR  w(0) 92386. F 0.01
expand: main@.lr.ph13.1!_Cond (2, 0) FAR  w(0) 92216. F 0.00
expand: main@.lr.ph13.1 (3, 0) FAR  w(0) 92243. F 0.00
expand: main@_109 (4, 0) FAR  w(0) 86272


FAILED TO FIND COEFFICIENT





FAILED TO FIND COEFFICIENT


. F 0.01
expand: main@.lr.ph13.1!_Cond (5, 0) FAR  w(0) 86131. F 0.01
expand: main@.lr.ph13.1 (6, 0) FAR  w(0) 86029. F 0.00
expand: main@_109 (7, 0) FAR  w(0) 72906. F 0.01
expand: main@.lr.ph13.1!_Cond (8, 0) FAR  w(0) 64193. F 0.01
expand: main@.lr.ph13.1 (9, 0) FAR  w(0) 61166. F 0.00
expand: main@_39 (10, 0) FAR  w(0) 61320. F 0.07
expand: main@.lr.ph13!_Cond (11, 0) FAR  w(0) 61016. F 0.01
expand: main@.lr.ph13 (12, 0) FAR  w(0) 60915. F 0.00
expand: main@_39 (13, 0) FAR  w(0) 57033. F 0.01
expand: main@.lr.ph13!_Cond (14, 0) FAR  w(0) 56722. F 0.01
expand: main@.lr.ph13 (15, 0) FAR  w(0) 56389. F 0.00
expand: main@_39 (16, 0) FAR  w(0) 49837. F 0.01
expand: main@.lr.ph13!_Cond (17, 0) FAR  w(0) 49462. F 0.01
expand: main@.lr.ph13 (18, 0) FAR  w(0) 49123. F 0.00
expand: main@_39 (19, 0) FAR  w(0) 41663. F 0.01
expand: main@.lr.ph13!_Cond (20, 0) FAR  w(0) 34393. F 0.01
expand: main@.lr.ph13 (21, 0) FAR  w(0) 33436. F 0.00
expand: main@empty.loop (22, 0) FAR  w(0) 32252. F 0.00
expand: main@entry (23, 0) FAR  w(0) 1. F 0.00
expand: main@entry!_BAD (24, 0) FAR  w(0) 1. F 0.00
expand: query!0 (25, 0) FAR  w(0) 1. F 0.00
(spacer::context::check_reachability :time 0.27 :before-memory 55.83 :after-memory 64.86)
Propagating: 0 1 2 3 4 5 6 7 8 9 10 11 12 13 14 15 16 17 18 19 20 21 22 23 24 25  ! 26 
(spacer::context::propagate :time 0.07 :before-memory 64.86 :after-memory 65.29)
Entering level 26
expand: query!0 (26, 0) FAR  w(0) 1.
	create_child: main@entry!_BAD (25, 26) FAR 1 U 0.00
expand: main@entry!_BAD (25, 0) FAR  w(0) 1.
	create_child: main@entry (24, 26) FAR 1 U 0.00
expand: main@entry (24, 0) FAR  w(0) 1.
	create_child: main@empty.loop (23, 26) FAR 32252 U 0.00
expand: main@empty.loop (23, 0) FAR  w(0) 32252.
	create_child: main@.lr.ph13 (22, 26) FAR 33436 U 0.00
expand: main@.lr.ph13 (22, 0) FAR  w(0) 33436.
	create_child: main@.lr.ph13!_Cond (21, 26) FAR 34393 U 0.00
expand: main@.lr.ph13!_Cond (21, 0) FAR  w(0) 34393.
	create_child: main@_39 (20, 26) FAR 41663 U 0.00
expand: main@_39 (20, 0) FAR  w(0) 41663.
	create_child: main@.lr.ph13 (19, 26) FAR 49123 U 0.00
expand: main@.lr.ph13 (19, 0) FAR  w(0) 49123.
	create_child: main@.lr.ph13!_Cond (18, 26) FAR 49462 U 0.00
expand: main@.lr.ph13!_Cond (18, 0) FAR  w(0) 49462.
	create_child: main@_39 (17, 26) FAR 49837 U 0.00
expand: main@_39 (17, 0) FAR  w(0) 49837.
	create_child: main@.lr.ph13 (16, 26) FAR 56389 U 0.00
expand: main@.lr.ph13 (16, 0) FAR  w(0) 56389.
	create_child: main@.lr.ph13!_Cond (15, 26) FAR 56722 U 0.00
expand: main@.lr.ph13!_Cond (15, 0) FAR  w(0) 56722.
	create_child: main@_39 (14, 26) FAR 57033 U 0.00
expand: main@_39 (14, 0) FAR  w(0) 57033.
	create_child: main@.lr.ph13 (13, 26) FAR 60915 U 0.00
expand: main@.lr.ph13 (13, 0) FAR  w(0) 60915.
	create_child: main@.lr.ph13!_Cond (12, 26) FAR 61016 U 0.00
expand: main@.lr.ph13!_Cond (12, 0) FAR  w(0) 61016.
	create_child: main@_39 (11, 26) FAR 61320 U 0.00
expand: main@_39 (11, 0) FAR  w(0) 61320.
	create_child: main@.lr.ph13.1 (10, 26) FAR 61166 U 0.00
expand: main@.lr.ph13.1 (10, 0) FAR  w(0) 61166.
	create_child: main@.lr.ph13.1!_Cond (9, 26) FAR 64193 U 0.00
expand: main@.lr.ph13.1!_Cond (9, 0) FAR  w(0) 64193.
	create_child: main@_109 (8, 26) FAR 72906 U 0.00
expand: main@_109 (8, 0) FAR  w(0) 72906.
	create_child: main@.lr.ph13.1 (7, 26) FAR 86029 U 0.00
expand: main@.lr.ph13.1 (7, 0) FAR  w(0) 86029.
	create_child: main@.lr.ph13.1!_Cond (6, 26) FAR 86131 U 0.00
expand: main@.lr.ph13.1!_Cond (6, 0) FAR  w(0) 86131.
	create_child: main@_109 (5, 26) FAR 86272 U 0.00
expand: main@_109 (5, 0) FAR  w(0) 86272.
	create_child: main@.lr.ph13.1 (4, 26) FAR 92243 U 0.00
expand: main@.lr.ph13.1 (4, 0) FAR  w(0) 92243.
	create_child: main@.lr.ph13.1!_Cond (3, 26) FAR 92216 U 0.00
expand: main@.lr.ph13.1!_Cond (3, 0) FAR  w(0) 92216.
	create_child: main@_109 (2, 26) FAR 92386 U 0.00
expand: main@_109 (2, 0) FAR  w(0) 92386.
	create_child: main@.lr.ph13.2 (1, 26) FAR 92376 U 0.00
expand: main@.lr.ph13.2 (1, 0) FAR  w(0) 92376.
	create_child: main@.lr.ph13.2!_Cond (0, 26) FAR 98336 U 0.00
expand: main@.lr.ph13.2!_Cond (0, 0) FAR  w(0) 98336. F 0.01
expand: main@.lr.ph13.2 (1, 0) FAR  w(0) 92376. F 0.00
expand: main@_109 (2, 0) FAR  w(0) 92386. F 0.01
expand: main@.lr.ph13.1!_Cond (3, 0) FAR  w(0) 92216. F 0.00
expand: main@.lr.ph13.1 (4, 0) FAR  w(0) 92243. F 0.00
expand: main@_109 (5, 0) FAR  w(0) 86272


FAILED TO FIND COEFFICIENT





FAILED TO FIND COEFFICIENT


. F 0.01
expand: main@.lr.ph13.1!_Cond (6, 0) FAR  w(0) 86131. F 0.01
expand: main@.lr.ph13.1 (7, 0) FAR  w(0) 86029. F 0.00
expand: main@_109 (8, 0) FAR  w(0) 72906. F 0.01
expand: main@.lr.ph13.1!_Cond (9, 0) FAR  w(0) 64193. F 0.01
expand: main@.lr.ph13.1 (10, 0) FAR  w(0) 61166. F 0.00
expand: main@_39 (11, 0) FAR  w(0) 61320. F 0.02
expand: main@.lr.ph13!_Cond (12, 0) FAR  w(0) 61016. F 0.01
expand: main@.lr.ph13 (13, 0) FAR  w(0) 60915. F 0.00
expand: main@_39 (14, 0) FAR  w(0) 57033. F 0.01
expand: main@.lr.ph13!_Cond (15, 0) FAR  w(0) 56722. F 0.01
expand: main@.lr.ph13 (16, 0) FAR  w(0) 56389. F 0.00
expand: main@_39 (17, 0) FAR  w(0) 49837. F 0.01
expand: main@.lr.ph13!_Cond (18, 0) FAR  w(0) 49462. F 0.01
expand: main@.lr.ph13 (19, 0) FAR  w(0) 49123. F 0.00
expand: main@_39 (20, 0) FAR  w(0) 41663. F 0.01
expand: main@.lr.ph13!_Cond (21, 0) FAR  w(0) 34393. F 0.01
expand: main@.lr.ph13 (22, 0) FAR  w(0) 33436. F 0.00
expand: main@empty.loop (23, 0) FAR  w(0) 32252. F 0.00
expand: main@entry (24, 0) FAR  w(0) 1. F 0.00
expand: main@entry!_BAD (25, 0) FAR  w(0) 1. F 0.00
expand: query!0 (26, 0) FAR  w(0) 1. F 0.00
(spacer::context::check_reachability :time 0.22 :before-memory 65.29 :after-memory 69.14)
Propagating: 0 1 2 3 4 5 6 7 8 9 10 11 12 13 14 15 16 17 18 19 20 21 22 23 24 25 26  ! 27 
(spacer::context::propagate :time 0.08 :before-memory 69.14 :after-memory 69.63)
Entering level 27
expand: query!0 (27, 0) FAR  w(0) 1.
	create_child: main@entry!_BAD (26, 27) FAR 1 U 0.00
expand: main@entry!_BAD (26, 0) FAR  w(0) 1.
	create_child: main@entry (25, 27) FAR 1 U 0.00
expand: main@entry (25, 0) FAR  w(0) 1.
	create_child: main@empty.loop (24, 27) FAR 32252 U 0.00
expand: main@empty.loop (24, 0) FAR  w(0) 32252.
	create_child: main@.lr.ph13 (23, 27) FAR 33436 U 0.00
expand: main@.lr.ph13 (23, 0) FAR  w(0) 33436.
	create_child: main@.lr.ph13!_Cond (22, 27) FAR 34393 U 0.00
expand: main@.lr.ph13!_Cond (22, 0) FAR  w(0) 34393.
	create_child: main@_39 (21, 27) FAR 41663 U 0.00
expand: main@_39 (21, 0) FAR  w(0) 41663.
	create_child: main@.lr.ph13 (20, 27) FAR 49123 U 0.00
expand: main@.lr.ph13 (20, 0) FAR  w(0) 49123.
	create_child: main@.lr.ph13!_Cond (19, 27) FAR 49462 U 0.00
expand: main@.lr.ph13!_Cond (19, 0) FAR  w(0) 49462.
	create_child: main@_39 (18, 27) FAR 49837 U 0.00
expand: main@_39 (18, 0) FAR  w(0) 49837.
	create_child: main@.lr.ph13 (17, 27) FAR 56389 U 0.00
expand: main@.lr.ph13 (17, 0) FAR  w(0) 56389.
	create_child: main@.lr.ph13!_Cond (16, 27) FAR 56722 U 0.00
expand: main@.lr.ph13!_Cond (16, 0) FAR  w(0) 56722.
	create_child: main@_39 (15, 27) FAR 57033 U 0.00
expand: main@_39 (15, 0) FAR  w(0) 57033.
	create_child: main@.lr.ph13 (14, 27) FAR 60915 U 0.00
expand: main@.lr.ph13 (14, 0) FAR  w(0) 60915.
	create_child: main@.lr.ph13!_Cond (13, 27) FAR 61016 U 0.00
expand: main@.lr.ph13!_Cond (13, 0) FAR  w(0) 61016.
	create_child: main@_39 (12, 27) FAR 61320 U 0.00
expand: main@_39 (12, 0) FAR  w(0) 61320.
	create_child: main@.lr.ph13.1 (11, 27) FAR 61166 U 0.00
expand: main@.lr.ph13.1 (11, 0) FAR  w(0) 61166.
	create_child: main@.lr.ph13.1!_Cond (10, 27) FAR 64193 U 0.00
expand: main@.lr.ph13.1!_Cond (10, 0) FAR  w(0) 64193.
	create_child: main@_109 (9, 27) FAR 72906 U 0.00
expand: main@_109 (9, 0) FAR  w(0) 72906.
	create_child: main@.lr.ph13.1 (8, 27) FAR 86029 U 0.00
expand: main@.lr.ph13.1 (8, 0) FAR  w(0) 86029.
	create_child: main@.lr.ph13.1!_Cond (7, 27) FAR 86131 U 0.00
expand: main@.lr.ph13.1!_Cond (7, 0) FAR  w(0) 86131.
	create_child: main@_109 (6, 27) FAR 86272 U 0.00
expand: main@_109 (6, 0) FAR  w(0) 86272.
	create_child: main@.lr.ph13.1 (5, 27) FAR 92243 U 0.00
expand: main@.lr.ph13.1 (5, 0) FAR  w(0) 92243.
	create_child: main@.lr.ph13.1!_Cond (4, 27) FAR 92216 U 0.00
expand: main@.lr.ph13.1!_Cond (4, 0) FAR  w(0) 92216.
	create_child: main@_109 (3, 27) FAR 92386 U 0.00
expand: main@_109 (3, 0) FAR  w(0) 92386.
	create_child: main@.lr.ph13.2 (2, 27) FAR 92376 U 0.00
expand: main@.lr.ph13.2 (2, 0) FAR  w(0) 92376.
	create_child: main@.lr.ph13.2!_Cond (1, 27) FAR 98336 U 0.00
expand: main@.lr.ph13.2!_Cond (1, 0) FAR  w(0) 98336.
	create_child: main@_121 (0, 27) FAR 108069 U 0.00
expand: main@_121 (0, 0) FAR  w(0) 108069. F 0.01
expand: main@.lr.ph13.2!_Cond (1, 0) FAR  w(0) 98336. F 0.00
expand: main@.lr.ph13.2 (2, 0) FAR  w(0) 92376. F 0.00
expand: main@_109 (3, 0) FAR  w(0) 92386. F 0.00
expand: main@.lr.ph13.1!_Cond (4, 0) FAR  w(0) 92216. F 0.00
expand: main@.lr.ph13.1 (5, 0) FAR  w(0) 92243. F 0.00
expand: main@_109 (6, 0) FAR  w(0) 86272


FAILED TO FIND COEFFICIENT





FAILED TO FIND COEFFICIENT


. F 0.01
expand: main@.lr.ph13.1!_Cond (7, 0) FAR  w(0) 86131. F 0.01
expand: main@.lr.ph13.1 (8, 0) FAR  w(0) 86029. F 0.00
expand: main@_109 (9, 0) FAR  w(0) 72906. F 0.01
expand: main@.lr.ph13.1!_Cond (10, 0) FAR  w(0) 64193. F 0.01
expand: main@.lr.ph13.1 (11, 0) FAR  w(0) 61166. F 0.00
expand: main@_39 (12, 0) FAR  w(0) 61320. F 0.01
expand: main@.lr.ph13!_Cond (13, 0) FAR  w(0) 61016. F 0.01
expand: main@.lr.ph13 (14, 0) FAR  w(0) 60915. F 0.00
expand: main@_39 (15, 0) FAR  w(0) 57033. F 0.01
expand: main@.lr.ph13!_Cond (16, 0) FAR  w(0) 56722. F 0.01
expand: main@.lr.ph13 (17, 0) FAR  w(0) 56389. F 0.00
expand: main@_39 (18, 0) FAR  w(0) 49837. F 0.01
expand: main@.lr.ph13!_Cond (19, 0) FAR  w(0) 49462. F 0.01
expand: main@.lr.ph13 (20, 0) FAR  w(0) 49123. F 0.00
expand: main@_39 (21, 0) FAR  w(0) 41663. F 0.01
expand: main@.lr.ph13!_Cond (22, 0) FAR  w(0) 34393. F 0.01
expand: main@.lr.ph13 (23, 0) FAR  w(0) 33436. F 0.00
expand: main@empty.loop (24, 0) FAR  w(0) 32252. F 0.00
expand: main@entry (25, 0) FAR  w(0) 1. F 0.00
expand: main@entry!_BAD (26, 0) FAR  w(0) 1. F 0.00
expand: query!0 (27, 0) FAR  w(0) 1. F 0.00
(spacer::context::check_reachability :time 0.22 :before-memory 69.63 :after-memory 73.29)
Propagating: 0 1 2 3 4 5 6 7 8 9 10 11 12 13 14 15 16 17 18 19 20 21 22 23 24 25 26 27  ! 28 
(spacer::context::propagate :time 0.08 :before-memory 73.29 :after-memory 73.69)
Entering level 28
expand: query!0 (28, 0) FAR  w(0) 1.
	create_child: main@entry!_BAD (27, 28) FAR 1 U 0.00
expand: main@entry!_BAD (27, 0) FAR  w(0) 1.
	create_child: main@entry (26, 28) FAR 1 U 0.00
expand: main@entry (26, 0) FAR  w(0) 1.
	create_child: main@empty.loop (25, 28) FAR 32252 U 0.00
expand: main@empty.loop (25, 0) FAR  w(0) 32252.
	create_child: main@.lr.ph13 (24, 28) FAR 33436 U 0.00
expand: main@.lr.ph13 (24, 0) FAR  w(0) 33436.
	create_child: main@.lr.ph13!_Cond (23, 28) FAR 34393 U 0.00
expand: main@.lr.ph13!_Cond (23, 0) FAR  w(0) 34393.
	create_child: main@_39 (22, 28) FAR 41663 U 0.00
expand: main@_39 (22, 0) FAR  w(0) 41663.
	create_child: main@.lr.ph13 (21, 28) FAR 49123 U 0.00
expand: main@.lr.ph13 (21, 0) FAR  w(0) 49123.
	create_child: main@.lr.ph13!_Cond (20, 28) FAR 49462 U 0.00
expand: main@.lr.ph13!_Cond (20, 0) FAR  w(0) 49462.
	create_child: main@_39 (19, 28) FAR 49837 U 0.00
expand: main@_39 (19, 0) FAR  w(0) 49837.
	create_child: main@.lr.ph13 (18, 28) FAR 56389 U 0.00
expand: main@.lr.ph13 (18, 0) FAR  w(0) 56389.
	create_child: main@.lr.ph13!_Cond (17, 28) FAR 56722 U 0.00
expand: main@.lr.ph13!_Cond (17, 0) FAR  w(0) 56722.
	create_child: main@_39 (16, 28) FAR 57033 U 0.00
expand: main@_39 (16, 0) FAR  w(0) 57033.
	create_child: main@.lr.ph13 (15, 28) FAR 60915 U 0.00
expand: main@.lr.ph13 (15, 0) FAR  w(0) 60915.
	create_child: main@.lr.ph13!_Cond (14, 28) FAR 61016 U 0.00
expand: main@.lr.ph13!_Cond (14, 0) FAR  w(0) 61016.
	create_child: main@_39 (13, 28) FAR 61320 U 0.00
expand: main@_39 (13, 0) FAR  w(0) 61320.
	create_child: main@.lr.ph13.1 (12, 28) FAR 61166 U 0.00
expand: main@.lr.ph13.1 (12, 0) FAR  w(0) 61166.
	create_child: main@.lr.ph13.1!_Cond (11, 28) FAR 64193 U 0.00
expand: main@.lr.ph13.1!_Cond (11, 0) FAR  w(0) 64193.
	create_child: main@_109 (10, 28) FAR 72906 U 0.00
expand: main@_109 (10, 0) FAR  w(0) 72906.
	create_child: main@.lr.ph13.1 (9, 28) FAR 86029 U 0.00
expand: main@.lr.ph13.1 (9, 0) FAR  w(0) 86029.
	create_child: main@.lr.ph13.1!_Cond (8, 28) FAR 86131 U 0.00
expand: main@.lr.ph13.1!_Cond (8, 0) FAR  w(0) 86131.
	create_child: main@_109 (7, 28) FAR 86272 U 0.00
expand: main@_109 (7, 0) FAR  w(0) 86272.
	create_child: main@.lr.ph13.1 (6, 28) FAR 92243 U 0.00
expand: main@.lr.ph13.1 (6, 0) FAR  w(0) 92243.
	create_child: main@.lr.ph13.1!_Cond (5, 28) FAR 92216 U 0.00
expand: main@.lr.ph13.1!_Cond (5, 0) FAR  w(0) 92216.
	create_child: main@_109 (4, 28) FAR 92386 U 0.00
expand: main@_109 (4, 0) FAR  w(0) 92386.
	create_child: main@.lr.ph13.2 (3, 28) FAR 92376 U 0.00
expand: main@.lr.ph13.2 (3, 0) FAR  w(0) 92376.
	create_child: main@.lr.ph13.2!_Cond (2, 28) FAR 98336 U 0.00
expand: main@.lr.ph13.2!_Cond (2, 0) FAR  w(0) 98336.
	create_child: main@_121 (1, 28) FAR 108069 U 0.00
expand: main@_121 (1, 0) FAR  w(0) 108069. F 0.00
expand: main@.lr.ph13.2!_Cond (2, 0) FAR  w(0) 98336. F 0.00
expand: main@.lr.ph13.2 (3, 0) FAR  w(0) 92376. F 0.00
expand: main@_109 (4, 0) FAR  w(0) 92386. F 0.01
expand: main@.lr.ph13.1!_Cond (5, 0) FAR  w(0) 92216. F 0.01
expand: main@.lr.ph13.1 (6, 0) FAR  w(0) 92243. F 0.00
expand: main@_109 (7, 0) FAR  w(0) 86272


FAILED TO FIND COEFFICIENT





FAILED TO FIND COEFFICIENT


. F 0.01
expand: main@.lr.ph13.1!_Cond (8, 0) FAR  w(0) 86131. F 0.01
expand: main@.lr.ph13.1 (9, 0) FAR  w(0) 86029. F 0.00
expand: main@_109 (10, 0) FAR  w(0) 72906. F 0.01
expand: main@.lr.ph13.1!_Cond (11, 0) FAR  w(0) 64193. F 0.01
expand: main@.lr.ph13.1 (12, 0) FAR  w(0) 61166. F 0.00
expand: main@_39 (13, 0) FAR  w(0) 61320. F 0.02
expand: main@.lr.ph13!_Cond (14, 0) FAR  w(0) 61016. F 0.01
expand: main@.lr.ph13 (15, 0) FAR  w(0) 60915. F 0.00
expand: main@_39 (16, 0) FAR  w(0) 57033. F 0.01
expand: main@.lr.ph13!_Cond (17, 0) FAR  w(0) 56722. F 0.01
expand: main@.lr.ph13 (18, 0) FAR  w(0) 56389. F 0.00
expand: main@_39 (19, 0) FAR  w(0) 49837. F 0.01
expand: main@.lr.ph13!_Cond (20, 0) FAR  w(0) 49462. F 0.01
expand: main@.lr.ph13 (21, 0) FAR  w(0) 49123. F 0.00
expand: main@_39 (22, 0) FAR  w(0) 41663. F 0.01
expand: main@.lr.ph13!_Cond (23, 0) FAR  w(0) 34393. F 0.01
expand: main@.lr.ph13 (24, 0) FAR  w(0) 33436. F 0.00
expand: main@empty.loop (25, 0) FAR  w(0) 32252. F 0.00
expand: main@entry (26, 0) FAR  w(0) 1. F 0.00
expand: main@entry!_BAD (27, 0) FAR  w(0) 1. F 0.00
expand: query!0 (28, 0) FAR  w(0) 1. F 0.00
(spacer::context::check_reachability :time 0.26 :before-memory 73.69 :after-memory 74.23)
Propagating: 1 2 3 4 5 6 7 8 9 10 11 12 13 14 15 16 17 18 19 20 21 22 23 24 25 26 27 28  ! 29 30 
(spacer::context::propagate :time 0.11 :before-memory 74.23 :after-memory 74.73)
Entering level 29
expand: query!0 (29, 0) FAR  w(0) 1. F 0.00
(spacer::context::check_reachability :time 0.00 :before-memory 74.73 :after-memory 74.74)
Propagating: 29  ! 30 
(spacer::context::propagate :time 0.00 :before-memory 74.74 :after-memory 74.74)
Entering level 30
expand: query!0 (30, 0) FAR  w(0) 1.
	create_child: main@entry!_BAD (29, 30) FAR 1 U 0.00
expand: main@entry!_BAD (29, 0) FAR  w(0) 1.
	create_child: main@entry (28, 30) FAR 1 U 0.00
expand: main@entry (28, 0) FAR  w(0) 1.
	create_child: main@empty.loop (27, 30) FAR 32252 U 0.00
expand: main@empty.loop (27, 0) FAR  w(0) 32252.
	create_child: main@.lr.ph13 (26, 30) FAR 33436 U 0.00
expand: main@.lr.ph13 (26, 0) FAR  w(0) 33436.
	create_child: main@.lr.ph13!_Cond (25, 30) FAR 34393 U 0.00
expand: main@.lr.ph13!_Cond (25, 0) FAR  w(0) 34393.
	create_child: main@_39 (24, 30) FAR 41663 U 0.00
expand: main@_39 (24, 0) FAR  w(0) 41663.
	create_child: main@.lr.ph13 (23, 30) FAR 49123 U 0.00
expand: main@.lr.ph13 (23, 0) FAR  w(0) 49123.
	create_child: main@.lr.ph13!_Cond (22, 30) FAR 49462 U 0.00
expand: main@.lr.ph13!_Cond (22, 0) FAR  w(0) 49462.
	create_child: main@_39 (21, 30) FAR 49837 U 0.00
expand: main@_39 (21, 0) FAR  w(0) 49837.
	create_child: main@.lr.ph13 (20, 30) FAR 56389 U 0.00
expand: main@.lr.ph13 (20, 0) FAR  w(0) 56389.
	create_child: main@.lr.ph13!_Cond (19, 30) FAR 56722 U 0.00
expand: main@.lr.ph13!_Cond (19, 0) FAR  w(0) 56722.
	create_child: main@_39 (18, 30) FAR 57033 U 0.00
expand: main@_39 (18, 0) FAR  w(0) 57033.
	create_child: main@.lr.ph13 (17, 30) FAR 60915 U 0.00
expand: main@.lr.ph13 (17, 0) FAR  w(0) 60915.
	create_child: main@.lr.ph13!_Cond (16, 30) FAR 61016 U 0.00
expand: main@.lr.ph13!_Cond (16, 0) FAR  w(0) 61016.
	create_child: main@_39 (15, 30) FAR 61320 U 0.00
expand: main@_39 (15, 0) FAR  w(0) 61320.
	create_child: main@.lr.ph13.1 (14, 30) FAR 61166 U 0.00
expand: main@.lr.ph13.1 (14, 0) FAR  w(0) 61166.
	create_child: main@.lr.ph13.1!_Cond (13, 30) FAR 64193 U 0.00
expand: main@.lr.ph13.1!_Cond (13, 0) FAR  w(0) 64193.
	create_child: main@_109 (12, 30) FAR 72906 U 0.00
expand: main@_109 (12, 0) FAR  w(0) 72906.
	create_child: main@.lr.ph13.1 (11, 30) FAR 86029 U 0.00
expand: main@.lr.ph13.1 (11, 0) FAR  w(0) 86029.
	create_child: main@.lr.ph13.1!_Cond (10, 30) FAR 86131 U 0.00
expand: main@.lr.ph13.1!_Cond (10, 0) FAR  w(0) 86131.
	create_child: main@_109 (9, 30) FAR 86272 U 0.00
expand: main@_109 (9, 0) FAR  w(0) 86272.
	create_child: main@.lr.ph13.1 (8, 30) FAR 92243 U 0.00
expand: main@.lr.ph13.1 (8, 0) FAR  w(0) 92243.
	create_child: main@.lr.ph13.1!_Cond (7, 30) FAR 92216 U 0.00
expand: main@.lr.ph13.1!_Cond (7, 0) FAR  w(0) 92216.
	create_child: main@_109 (6, 30) FAR 92386 U 0.00
expand: main@_109 (6, 0) FAR  w(0) 92386.
	create_child: main@.lr.ph13.2 (5, 30) FAR 92376 U 0.00
expand: main@.lr.ph13.2 (5, 0) FAR  w(0) 92376.
	create_child: main@.lr.ph13.2!_Cond (4, 30) FAR 98336 U 0.00
expand: main@.lr.ph13.2!_Cond (4, 0) FAR  w(0) 98336.
	create_child: main@_121 (3, 30) FAR 108069 U 0.00
expand: main@_121 (3, 0) FAR  w(0) 108069. F 0.01
expand: main@.lr.ph13.2!_Cond (4, 0) FAR  w(0) 98336. F 0.01
expand: main@.lr.ph13.2 (5, 0) FAR  w(0) 92376. F 0.00
expand: main@_109 (6, 0) FAR  w(0) 92386. F 0.01
expand: main@.lr.ph13.1!_Cond (7, 0) FAR  w(0) 92216. F 0.01
expand: main@.lr.ph13.1 (8, 0) FAR  w(0) 92243. F 0.00
expand: main@_109 (9, 0) FAR  w(0) 86272


FAILED TO FIND COEFFICIENT





FAILED TO FIND COEFFICIENT


. F 0.01
expand: main@.lr.ph13.1!_Cond (10, 0) FAR  w(0) 86131. F 0.01
expand: main@.lr.ph13.1 (11, 0) FAR  w(0) 86029. F 0.00
expand: main@_109 (12, 0) FAR  w(0) 72906. F 0.01
expand: main@.lr.ph13.1!_Cond (13, 0) FAR  w(0) 64193. F 0.01
expand: main@.lr.ph13.1 (14, 0) FAR  w(0) 61166. F 0.00
expand: main@_39 (15, 0) FAR  w(0) 61320. F 0.02
expand: main@.lr.ph13!_Cond (16, 0) FAR  w(0) 61016. F 0.01
expand: main@.lr.ph13 (17, 0) FAR  w(0) 60915. F 0.00
expand: main@_39 (18, 0) FAR  w(0) 57033. F 0.01
expand: main@.lr.ph13!_Cond (19, 0) FAR  w(0) 56722. F 0.01
expand: main@.lr.ph13 (20, 0) FAR  w(0) 56389. F 0.00
expand: main@_39 (21, 0) FAR  w(0) 49837. F 0.01
expand: main@.lr.ph13!_Cond (22, 0) FAR  w(0) 49462. F 0.01
expand: main@.lr.ph13 (23, 0) FAR  w(0) 49123. F 0.00
expand: main@_39 (24, 0) FAR  w(0) 41663. F 0.01
expand: main@.lr.ph13!_Cond (25, 0) FAR  w(0) 34393. F 0.01
expand: main@.lr.ph13 (26, 0) FAR  w(0) 33436. F 0.00
expand: main@empty.loop (27, 0) FAR  w(0) 32252. F 0.00
expand: main@entry (28, 0) FAR  w(0) 1. F 0.00
expand: main@entry!_BAD (29, 0) FAR  w(0) 1. F 0.00
expand: query!0 (30, 0) FAR  w(0) 1. F 0.00
(spacer::context::check_reachability :time 0.26 :before-memory 74.74 :after-memory 74.79)
Propagating: 3 4 5 6 7 8 9 10 11 12 13 14 15 16 17 18 19 20 21 22 23 24 25 26 27 28 29 30  ! 31 
(spacer::context::propagate :time 0.09 :before-memory 74.79 :after-memory 74.99)
Entering level 31
expand: query!0 (31, 0) FAR  w(0) 1.
	create_child: main@entry!_BAD (30, 31) FAR 1 U 0.00
expand: main@entry!_BAD (30, 0) FAR  w(0) 1.
	create_child: main@entry (29, 31) FAR 1 U 0.00
expand: main@entry (29, 0) FAR  w(0) 1.
	create_child: main@empty.loop (28, 31) FAR 32252 U 0.00
expand: main@empty.loop (28, 0) FAR  w(0) 32252.
	create_child: main@.lr.ph13 (27, 31) FAR 33436 U 0.00
expand: main@.lr.ph13 (27, 0) FAR  w(0) 33436.
	create_child: main@.lr.ph13!_Cond (26, 31) FAR 34393 U 0.00
expand: main@.lr.ph13!_Cond (26, 0) FAR  w(0) 34393.
	create_child: main@_39 (25, 31) FAR 41663 U 0.00
expand: main@_39 (25, 0) FAR  w(0) 41663.
	create_child: main@.lr.ph13 (24, 31) FAR 49123 U 0.00
expand: main@.lr.ph13 (24, 0) FAR  w(0) 49123.
	create_child: main@.lr.ph13!_Cond (23, 31) FAR 49462 U 0.00
expand: main@.lr.ph13!_Cond (23, 0) FAR  w(0) 49462.
	create_child: main@_39 (22, 31) FAR 49837 U 0.00
expand: main@_39 (22, 0) FAR  w(0) 49837.
	create_child: main@.lr.ph13 (21, 31) FAR 56389 U 0.00
expand: main@.lr.ph13 (21, 0) FAR  w(0) 56389.
	create_child: main@.lr.ph13!_Cond (20, 31) FAR 56722 U 0.00
expand: main@.lr.ph13!_Cond (20, 0) FAR  w(0) 56722.
	create_child: main@_39 (19, 31) FAR 57033 U 0.00
expand: main@_39 (19, 0) FAR  w(0) 57033.
	create_child: main@.lr.ph13 (18, 31) FAR 60915 U 0.00
expand: main@.lr.ph13 (18, 0) FAR  w(0) 60915.
	create_child: main@.lr.ph13!_Cond (17, 31) FAR 61016 U 0.00
expand: main@.lr.ph13!_Cond (17, 0) FAR  w(0) 61016.
	create_child: main@_39 (16, 31) FAR 61320 U 0.00
expand: main@_39 (16, 0) FAR  w(0) 61320.
	create_child: main@.lr.ph13.1 (15, 31) FAR 61166 U 0.00
expand: main@.lr.ph13.1 (15, 0) FAR  w(0) 61166.
	create_child: main@.lr.ph13.1!_Cond (14, 31) FAR 64193 U 0.00
expand: main@.lr.ph13.1!_Cond (14, 0) FAR  w(0) 64193.
	create_child: main@_109 (13, 31) FAR 72906 U 0.00
expand: main@_109 (13, 0) FAR  w(0) 72906.
	create_child: main@.lr.ph13.1 (12, 31) FAR 86029 U 0.00
expand: main@.lr.ph13.1 (12, 0) FAR  w(0) 86029.
	create_child: main@.lr.ph13.1!_Cond (11, 31) FAR 86131 U 0.00
expand: main@.lr.ph13.1!_Cond (11, 0) FAR  w(0) 86131.
	create_child: main@_109 (10, 31) FAR 86272 U 0.00
expand: main@_109 (10, 0) FAR  w(0) 86272.
	create_child: main@.lr.ph13.1 (9, 31) FAR 92243 U 0.00
expand: main@.lr.ph13.1 (9, 0) FAR  w(0) 92243.
	create_child: main@.lr.ph13.1!_Cond (8, 31) FAR 92216 U 0.00
expand: main@.lr.ph13.1!_Cond (8, 0) FAR  w(0) 92216.
	create_child: main@_109 (7, 31) FAR 92386 U 0.00
expand: main@_109 (7, 0) FAR  w(0) 92386.
	create_child: main@.lr.ph13.2 (6, 31) FAR 92376 U 0.00
expand: main@.lr.ph13.2 (6, 0) FAR  w(0) 92376.
	create_child: main@.lr.ph13.2!_Cond (5, 31) FAR 98336 U 0.00
expand: main@.lr.ph13.2!_Cond (5, 0) FAR  w(0) 98336.
	create_child: main@_121 (4, 31) FAR 108069 U 0.00
expand: main@_121 (4, 0) FAR  w(0) 108069.
	create_child: main@.lr.ph13.2 (3, 31) FAR 123325 U 0.00
expand: main@.lr.ph13.2 (3, 0) FAR  w(0) 123325.
	create_child: main@.lr.ph13.2!_Cond (2, 31) FAR 123762 U 0.00
expand: main@.lr.ph13.2!_Cond (2, 0) FAR  w(0) 123762.
	create_child: main@_121 (1, 31) FAR 123723 U 0.00
expand: main@_121 (1, 0) FAR  w(0) 123723.
	create_child: main@.lr.ph13.3 (0, 31) FAR 123907 U 0.00
expand: main@.lr.ph13.3 (0, 0) FAR  w(0) 123907. F 0.00
expand: main@_121 (1, 0) FAR  w(0) 123723. F 0.01
expand: main@.lr.ph13.2!_Cond (2, 0) FAR  w(0) 123762. F 0.00
expand: main@.lr.ph13.2 (3, 0) FAR  w(0) 123325. F 0.00
expand: main@_121 (4, 0) FAR  w(0) 108069. F 0.01
expand: main@.lr.ph13.2!_Cond (5, 0) FAR  w(0) 98336. F 0.01
expand: main@.lr.ph13.2 (6, 0) FAR  w(0) 92376. F 0.00
expand: main@_109 (7, 0) FAR  w(0) 92386. F 0.01
expand: main@.lr.ph13.1!_Cond (8, 0) FAR  w(0) 92216. F 0.01
expand: main@.lr.ph13.1 (9, 0) FAR  w(0) 92243. F 0.00
expand: main@_109 (10, 0) FAR  w(0) 86272


FAILED TO FIND COEFFICIENT





FAILED TO FIND COEFFICIENT


. F 0.01
expand: main@.lr.ph13.1!_Cond (11, 0) FAR  w(0) 86131. F 0.01
expand: main@.lr.ph13.1 (12, 0) FAR  w(0) 86029. F 0.00
expand: main@_109 (13, 0) FAR  w(0) 72906. F 0.01
expand: main@.lr.ph13.1!_Cond (14, 0) FAR  w(0) 64193. F 0.01
expand: main@.lr.ph13.1 (15, 0) FAR  w(0) 61166. F 0.00
expand: main@_39 (16, 0) FAR  w(0) 61320. F 0.02
expand: main@.lr.ph13!_Cond (17, 0) FAR  w(0) 61016. F 0.01
expand: main@.lr.ph13 (18, 0) FAR  w(0) 60915. F 0.00
expand: main@_39 (19, 0) FAR  w(0) 57033. F 0.01
expand: main@.lr.ph13!_Cond (20, 0) FAR  w(0) 56722. F 0.01
expand: main@.lr.ph13 (21, 0) FAR  w(0) 56389. F 0.00
expand: main@_39 (22, 0) FAR  w(0) 49837. F 0.01
expand: main@.lr.ph13!_Cond (23, 0) FAR  w(0) 49462. F 0.01
expand: main@.lr.ph13 (24, 0) FAR  w(0) 49123. F 0.00
expand: main@_39 (25, 0) FAR  w(0) 41663. F 0.01
expand: main@.lr.ph13!_Cond (26, 0) FAR  w(0) 34393. F 0.01
expand: main@.lr.ph13 (27, 0) FAR  w(0) 33436. F 0.00
expand: main@empty.loop (28, 0) FAR  w(0) 32252. F 0.00
expand: main@entry (29, 0) FAR  w(0) 1. F 0.00
expand: main@entry!_BAD (30, 0) FAR  w(0) 1. F 0.00
expand: query!0 (31, 0) FAR  w(0) 1. F 0.00
(spacer::context::check_reachability :time 0.30 :before-memory 74.99 :after-memory 77.47)
Propagating: 0 1 2 3 4 5 6 7 8 9 10 11 12 13 14 15 16 17 18 19 20 21 22 23 24 25 26 27 28 29 30 31  ! 32 
(spacer::context::propagate :time 0.13 :before-memory 77.47 :after-memory 77.89)
Entering level 32
expand: query!0 (32, 0) FAR  w(0) 1.
	create_child: main@entry!_BAD (31, 32) FAR 1 U 0.00
expand: main@entry!_BAD (31, 0) FAR  w(0) 1.
	create_child: main@entry (30, 32) FAR 1 U 0.00
expand: main@entry (30, 0) FAR  w(0) 1.
	create_child: main@empty.loop (29, 32) FAR 32252 U 0.00
expand: main@empty.loop (29, 0) FAR  w(0) 32252.
	create_child: main@.lr.ph13 (28, 32) FAR 33436 U 0.00
expand: main@.lr.ph13 (28, 0) FAR  w(0) 33436.
	create_child: main@.lr.ph13!_Cond (27, 32) FAR 34393 U 0.00
expand: main@.lr.ph13!_Cond (27, 0) FAR  w(0) 34393.
	create_child: main@_39 (26, 32) FAR 41663 U 0.00
expand: main@_39 (26, 0) FAR  w(0) 41663.
	create_child: main@.lr.ph13 (25, 32) FAR 49123 U 0.00
expand: main@.lr.ph13 (25, 0) FAR  w(0) 49123.
	create_child: main@.lr.ph13!_Cond (24, 32) FAR 49462 U 0.00
expand: main@.lr.ph13!_Cond (24, 0) FAR  w(0) 49462.
	create_child: main@_39 (23, 32) FAR 49837 U 0.00
expand: main@_39 (23, 0) FAR  w(0) 49837.
	create_child: main@.lr.ph13 (22, 32) FAR 56389 U 0.00
expand: main@.lr.ph13 (22, 0) FAR  w(0) 56389.
	create_child: main@.lr.ph13!_Cond (21, 32) FAR 56722 U 0.00
expand: main@.lr.ph13!_Cond (21, 0) FAR  w(0) 56722.
	create_child: main@_39 (20, 32) FAR 57033 U 0.00
expand: main@_39 (20, 0) FAR  w(0) 57033.
	create_child: main@.lr.ph13 (19, 32) FAR 60915 U 0.00
expand: main@.lr.ph13 (19, 0) FAR  w(0) 60915.
	create_child: main@.lr.ph13!_Cond (18, 32) FAR 61016 U 0.00
expand: main@.lr.ph13!_Cond (18, 0) FAR  w(0) 61016.
	create_child: main@_39 (17, 32) FAR 61320 U 0.00
expand: main@_39 (17, 0) FAR  w(0) 61320.
	create_child: main@.lr.ph13.1 (16, 32) FAR 61166 U 0.00
expand: main@.lr.ph13.1 (16, 0) FAR  w(0) 61166.
	create_child: main@.lr.ph13.1!_Cond (15, 32) FAR 64193 U 0.00
expand: main@.lr.ph13.1!_Cond (15, 0) FAR  w(0) 64193.
	create_child: main@_109 (14, 32) FAR 72906 U 0.00
expand: main@_109 (14, 0) FAR  w(0) 72906.
	create_child: main@.lr.ph13.1 (13, 32) FAR 86029 U 0.00
expand: main@.lr.ph13.1 (13, 0) FAR  w(0) 86029.
	create_child: main@.lr.ph13.1!_Cond (12, 32) FAR 86131 U 0.00
expand: main@.lr.ph13.1!_Cond (12, 0) FAR  w(0) 86131.
	create_child: main@_109 (11, 32) FAR 86272 U 0.00
expand: main@_109 (11, 0) FAR  w(0) 86272.
	create_child: main@.lr.ph13.1 (10, 32) FAR 92243 U 0.00
expand: main@.lr.ph13.1 (10, 0) FAR  w(0) 92243.
	create_child: main@.lr.ph13.1!_Cond (9, 32) FAR 92216 U 0.00
expand: main@.lr.ph13.1!_Cond (9, 0) FAR  w(0) 92216.
	create_child: main@_109 (8, 32) FAR 92386 U 0.00
expand: main@_109 (8, 0) FAR  w(0) 92386.
	create_child: main@.lr.ph13.2 (7, 32) FAR 92376 U 0.00
expand: main@.lr.ph13.2 (7, 0) FAR  w(0) 92376.
	create_child: main@.lr.ph13.2!_Cond (6, 32) FAR 98336 U 0.00
expand: main@.lr.ph13.2!_Cond (6, 0) FAR  w(0) 98336.
	create_child: main@_121 (5, 32) FAR 108069 U 0.00
expand: main@_121 (5, 0) FAR  w(0) 108069.
	create_child: main@.lr.ph13.2 (4, 32) FAR 123325 U 0.00
expand: main@.lr.ph13.2 (4, 0) FAR  w(0) 123325.
	create_child: main@.lr.ph13.2!_Cond (3, 32) FAR 123762 U 0.00
expand: main@.lr.ph13.2!_Cond (3, 0) FAR  w(0) 123762.
	create_child: main@_121 (2, 32) FAR 123723 U 0.00
expand: main@_121 (2, 0) FAR  w(0) 123723.
	create_child: main@.lr.ph13.3 (1, 32) FAR 123907 U 0.00
expand: main@.lr.ph13.3 (1, 0) FAR  w(0) 123907.
	create_child: main@.lr.ph13.3!_Cond (0, 32) FAR 130637 U 0.00
expand: main@.lr.ph13.3!_Cond (0, 0) FAR  w(0) 130637. F 0.01
expand: main@.lr.ph13.3 (1, 0) FAR  w(0) 123907. F 0.00
expand: main@_121 (2, 0) FAR  w(0) 123723. F 0.01
expand: main@.lr.ph13.2!_Cond (3, 0) FAR  w(0) 123762. F 0.01
expand: main@.lr.ph13.2 (4, 0) FAR  w(0) 123325. F 0.00
expand: main@_121 (5, 0) FAR  w(0) 108069. F 0.01
expand: main@.lr.ph13.2!_Cond (6, 0) FAR  w(0) 98336. F 0.01
expand: main@.lr.ph13.2 (7, 0) FAR  w(0) 92376. F 0.00
expand: main@_109 (8, 0) FAR  w(0) 92386


FAILED TO FIND COEFFICIENT





FAILED TO FIND COEFFICIENT


. F 0.01
expand: main@.lr.ph13.1!_Cond (9, 0) FAR  w(0) 92216. F 0.01
expand: main@.lr.ph13.1 (10, 0) FAR  w(0) 92243. F 0.00
expand: main@_109 (11, 0) FAR  w(0) 86272


FAILED TO FIND COEFFICIENT





FAILED TO FIND COEFFICIENT


. F 0.01
expand: main@.lr.ph13.1!_Cond (12, 0) FAR  w(0) 86131. F 0.01
expand: main@.lr.ph13.1 (13, 0) FAR  w(0) 86029. F 0.00
expand: main@_109 (14, 0) FAR  w(0) 72906. F 0.01
expand: main@.lr.ph13.1!_Cond (15, 0) FAR  w(0) 64193. F 0.01
expand: main@.lr.ph13.1 (16, 0) FAR  w(0) 61166. F 0.00
expand: main@_39 (17, 0) FAR  w(0) 61320. F 0.01
expand: main@.lr.ph13!_Cond (18, 0) FAR  w(0) 61016. F 0.01
expand: main@.lr.ph13 (19, 0) FAR  w(0) 60915. F 0.00
expand: main@_39 (20, 0) FAR  w(0) 57033. F 0.01
expand: main@.lr.ph13!_Cond (21, 0) FAR  w(0) 56722. F 0.01
expand: main@.lr.ph13 (22, 0) FAR  w(0) 56389. F 0.00
expand: main@_39 (23, 0) FAR  w(0) 49837. F 0.01
expand: main@.lr.ph13!_Cond (24, 0) FAR  w(0) 49462. F 0.01
expand: main@.lr.ph13 (25, 0) FAR  w(0) 49123. F 0.00
expand: main@_39 (26, 0) FAR  w(0) 41663. F 0.01
expand: main@.lr.ph13!_Cond (27, 0) FAR  w(0) 34393. F 0.01
expand: main@.lr.ph13 (28, 0) FAR  w(0) 33436. F 0.00
expand: main@empty.loop (29, 0) FAR  w(0) 32252. F 0.00
expand: main@entry (30, 0) FAR  w(0) 1. F 0.00
expand: main@entry!_BAD (31, 0) FAR  w(0) 1. F 0.00
expand: query!0 (32, 0) FAR  w(0) 1. F 0.00
(spacer::context::check_reachability :time 0.31 :before-memory 77.89 :after-memory 81.88)
Propagating: 0 1 2 3 4 5 6 7 8 9 10 11 12 13 14 15 16 17 18 19 20 21 22 23 24 25 26 27 28 29 30 31 32  ! 33 
(spacer::context::propagate :time 0.15 :before-memory 81.88 :after-memory 91.20)
Entering level 33
expand: query!0 (33, 0) FAR  w(0) 1.
	create_child: main@entry!_BAD (32, 33) FAR 1 U 0.00
expand: main@entry!_BAD (32, 0) FAR  w(0) 1.
	create_child: main@entry (31, 33) FAR 1 U 0.00
expand: main@entry (31, 0) FAR  w(0) 1.
	create_child: main@empty.loop (30, 33) FAR 32252 U 0.00
expand: main@empty.loop (30, 0) FAR  w(0) 32252.
	create_child: main@.lr.ph13 (29, 33) FAR 33436 U 0.00
expand: main@.lr.ph13 (29, 0) FAR  w(0) 33436.
	create_child: main@.lr.ph13!_Cond (28, 33) FAR 34393 U 0.00
expand: main@.lr.ph13!_Cond (28, 0) FAR  w(0) 34393.
	create_child: main@_39 (27, 33) FAR 41663 U 0.00
expand: main@_39 (27, 0) FAR  w(0) 41663.
	create_child: main@.lr.ph13 (26, 33) FAR 49123 U 0.00
expand: main@.lr.ph13 (26, 0) FAR  w(0) 49123.
	create_child: main@.lr.ph13!_Cond (25, 33) FAR 49462 U 0.00
expand: main@.lr.ph13!_Cond (25, 0) FAR  w(0) 49462.
	create_child: main@_39 (24, 33) FAR 49837 U 0.00
expand: main@_39 (24, 0) FAR  w(0) 49837.
	create_child: main@.lr.ph13 (23, 33) FAR 56389 U 0.00
expand: main@.lr.ph13 (23, 0) FAR  w(0) 56389.
	create_child: main@.lr.ph13!_Cond (22, 33) FAR 56722 U 0.00
expand: main@.lr.ph13!_Cond (22, 0) FAR  w(0) 56722.
	create_child: main@_39 (21, 33) FAR 57033 U 0.00
expand: main@_39 (21, 0) FAR  w(0) 57033.
	create_child: main@.lr.ph13 (20, 33) FAR 60915 U 0.00
expand: main@.lr.ph13 (20, 0) FAR  w(0) 60915.
	create_child: main@.lr.ph13!_Cond (19, 33) FAR 61016 U 0.00
expand: main@.lr.ph13!_Cond (19, 0) FAR  w(0) 61016.
	create_child: main@_39 (18, 33) FAR 61320 U 0.00
expand: main@_39 (18, 0) FAR  w(0) 61320.
	create_child: main@.lr.ph13.1 (17, 33) FAR 61166 U 0.00
expand: main@.lr.ph13.1 (17, 0) FAR  w(0) 61166.
	create_child: main@.lr.ph13.1!_Cond (16, 33) FAR 64193 U 0.00
expand: main@.lr.ph13.1!_Cond (16, 0) FAR  w(0) 64193.
	create_child: main@_109 (15, 33) FAR 72906 U 0.00
expand: main@_109 (15, 0) FAR  w(0) 72906.
	create_child: main@.lr.ph13.1 (14, 33) FAR 86029 U 0.00
expand: main@.lr.ph13.1 (14, 0) FAR  w(0) 86029.
	create_child: main@.lr.ph13.1!_Cond (13, 33) FAR 86131 U 0.00
expand: main@.lr.ph13.1!_Cond (13, 0) FAR  w(0) 86131.
	create_child: main@_109 (12, 33) FAR 86272 U 0.00
expand: main@_109 (12, 0) FAR  w(0) 86272.
	create_child: main@.lr.ph13.1 (11, 33) FAR 92243 U 0.00
expand: main@.lr.ph13.1 (11, 0) FAR  w(0) 92243.
	create_child: main@.lr.ph13.1!_Cond (10, 33) FAR 92216 U 0.00
expand: main@.lr.ph13.1!_Cond (10, 0) FAR  w(0) 92216.
	create_child: main@_109 (9, 33) FAR 92386 U 0.00
expand: main@_109 (9, 0) FAR  w(0) 92386.
	create_child: main@.lr.ph13.2 (8, 33) FAR 92376 U 0.00
expand: main@.lr.ph13.2 (8, 0) FAR  w(0) 92376.
	create_child: main@.lr.ph13.2!_Cond (7, 33) FAR 98336 U 0.00
expand: main@.lr.ph13.2!_Cond (7, 0) FAR  w(0) 98336.
	create_child: main@_121 (6, 33) FAR 108069 U 0.00
expand: main@_121 (6, 0) FAR  w(0) 108069.
	create_child: main@.lr.ph13.2 (5, 33) FAR 123325 U 0.00
expand: main@.lr.ph13.2 (5, 0) FAR  w(0) 123325.
	create_child: main@.lr.ph13.2!_Cond (4, 33) FAR 123762 U 0.00
expand: main@.lr.ph13.2!_Cond (4, 0) FAR  w(0) 123762.
	create_child: main@_121 (3, 33) FAR 123723 U 0.00
expand: main@_121 (3, 0) FAR  w(0) 123723.
	create_child: main@.lr.ph13.3 (2, 33) FAR 123907 U 0.00
expand: main@.lr.ph13.3 (2, 0) FAR  w(0) 123907.
	create_child: main@.lr.ph13.3!_Cond (1, 33) FAR 130637 U 0.00
expand: main@.lr.ph13.3!_Cond (1, 0) FAR  w(0) 130637. T 0.04
is-reachable: main@.lr.ph13.3 (2, 0) FAR 123907 F 0.00
expand: main@.lr.ph13.3 (2, 0) FAR  w(1) 123907. T 0.00
is-reachable: main@_121 (3, 0) FAR 123723 F 0.00
expand: main@_121 (3, 0) FAR  w(1) 123723.
	create_child: main@.lr.ph13._crit_edge.2 (3, 33) FAR 148027 X 0.01
expand: main@.lr.ph13._crit_edge.2 (3, 0) FAR  w(0) 148027.
	create_child: main@.lr.ph13.3 (2, 33) FAR 153826 U 0.01
expand: main@.lr.ph13.3 (2, 0) FAR  w(0) 153826.
	create_child: main@.lr.ph13.3!_Cond (1, 33) FAR 154405 U 0.01
expand: main@.lr.ph13.3!_Cond (1, 0) FAR  w(0) 154405. T 0.02
is-reachable: main@.lr.ph13.3 (2, 0) FAR 153826 F 0.00
expand: main@.lr.ph13.3 (2, 0) FAR  w(1) 153826. T 0.00
is-reachable: main@.lr.ph13._crit_edge.2 (3, 0) FAR 148027 F 0.00
expand: main@.lr.ph13._crit_edge.2 (3, 0) FAR  w(1) 148027. T 0.00
is-reachable: main@.lr.ph13.2!_Cond (4, 0) FAR 123762 F 0.01
expand: main@.lr.ph13.2!_Cond (4, 0) FAR  w(1) 123762. T 0.00
is-reachable: main@.lr.ph13.2 (5, 0) FAR 123325 F 0.00
expand: main@.lr.ph13.2 (5, 0) FAR  w(1) 123325. T 0.00
is-reachable: main@_121 (6, 0) FAR 108069 F 0.01
expand: main@_121 (6, 0) FAR  w(1) 108069.
	create_child: main@.lr.ph13._crit_edge.2 (6, 33) FAR 159380 X 0.01
expand: main@.lr.ph13._crit_edge.2 (6, 0) FAR  w(0) 159380.
	create_child: main@.lr.ph13.2 (5, 33) FAR 160188 U 0.01
expand: main@.lr.ph13.2 (5, 0) FAR  w(0) 160188.
	create_child: main@.lr.ph13.2!_Cond (4, 33) FAR 161059 U 0.01
expand: main@.lr.ph13.2!_Cond (4, 0) FAR  w(0) 161059.
	create_child: main@_121 (3, 33) FAR 163516 U 0.02
expand: main@_121 (3, 0) FAR  w(0) 163516.
	create_child: main@.lr.ph13.3 (2, 33) FAR 164720 U 0.01
expand: main@.lr.ph13.3 (2, 0) FAR  w(0) 164720.
	create_child: main@.lr.ph13.3!_Cond (1, 33) FAR 164824 U 0.01
expand: main@.lr.ph13.3!_Cond (1, 0) FAR  w(0) 164824. T 0.02
is-reachable: main@.lr.ph13.3 (2, 0) FAR 164720 F 0.00
expand: main@.lr.ph13.3 (2, 0) FAR  w(1) 164720. T 0.00
is-reachable: main@_121 (3, 0) FAR 163516 F 0.00
expand: main@_121 (3, 0) FAR  w(1) 163516. T 0.02
is-reachable: main@.lr.ph13.2!_Cond (4, 0) FAR 161059 F 0.01
expand: main@.lr.ph13.2!_Cond (4, 0) FAR  w(1) 161059. T 0.01
is-reachable: main@.lr.ph13.2 (5, 0) FAR 160188 F 0.00
expand: main@.lr.ph13.2 (5, 0) FAR  w(1) 160188. T 0.00
is-reachable: main@.lr.ph13._crit_edge.2 (6, 0) FAR 159380 F 0.01
expand: main@.lr.ph13._crit_edge.2 (6, 0) FAR  w(1) 159380. T 0.00
is-reachable: main@.lr.ph13.2!_Cond (7, 0) FAR 98336 F 0.01
expand: main@.lr.ph13.2!_Cond (7, 0) FAR  w(1) 98336. T 0.01
is-reachable: main@.lr.ph13.2 (8, 0) FAR 92376 F 0.00
expand: main@.lr.ph13.2 (8, 0) FAR  w(1) 92376. T 0.00
is-reachable: main@_109 (9, 0) FAR 92386 F 0.01
expand: main@_109 (9, 0) FAR  w(1) 92386.
	create_child: main@.lr.ph13._crit_edge.1 (9, 33) FAR 169573 X 0.02
expand: main@.lr.ph13._crit_edge.1 (9, 0) FAR  w(0) 169573.
	create_child: main@.lr.ph13.2 (8, 33) FAR 177087 U 0.02
expand: main@.lr.ph13.2 (8, 0) FAR  w(0) 177087.
	create_child: main@.lr.ph13.2!_Cond (7, 33) FAR 178155 U 0.01
expand: main@.lr.ph13.2!_Cond (7, 0) FAR  w(0) 178155.
	create_child: main@_121 (6, 33) FAR 179821 U 0.02
expand: main@_121 (6, 0) FAR  w(0) 179821.
	create_child: main@.lr.ph13.2 (5, 33) FAR 181005 U 0.03
expand: main@.lr.ph13.2 (5, 0) FAR  w(0) 181005.
	create_child: main@.lr.ph13.2!_Cond (4, 33) FAR 181911 U 0.01
expand: main@.lr.ph13.2!_Cond (4, 0) FAR  w(0) 181911.
	create_child: main@_121 (3, 33) FAR 182471 U 0.01
expand: main@_121 (3, 0) FAR  w(0) 182471. T 0.02
is-reachable: main@.lr.ph13.2!_Cond (4, 0) FAR 181911 F 0.01
expand: main@.lr.ph13.2!_Cond (4, 0) FAR  w(1) 181911. T 0.01
is-reachable: main@.lr.ph13.2 (5, 0) FAR 181005 F 0.00
expand: main@.lr.ph13.2 (5, 0) FAR  w(1) 181005. T 0.00
is-reachable: main@_121 (6, 0) FAR 179821 F 0.01
expand: main@_121 (6, 0) FAR  w(1) 179821. T 0.01
is-reachable: main@.lr.ph13.2!_Cond (7, 0) FAR 178155 F 0.01
expand: main@.lr.ph13.2!_Cond (7, 0) FAR  w(1) 178155. T 0.01
is-reachable: main@.lr.ph13.2 (8, 0) FAR 177087 F 0.01
expand: main@.lr.ph13.2 (8, 0) FAR  w(1) 177087. T 0.00
is-reachable: main@.lr.ph13._crit_edge.1 (9, 0) FAR 169573 F 0.00
expand: main@.lr.ph13._crit_edge.1 (9, 0) FAR  w(1) 169573. T 0.00
is-reachable: main@.lr.ph13.1!_Cond (10, 0) FAR 92216 F 0.01
expand: main@.lr.ph13.1!_Cond (10, 0) FAR  w(1) 92216. T 0.01
is-reachable: main@.lr.ph13.1 (11, 0) FAR 92243 F 0.00
expand: main@.lr.ph13.1 (11, 0) FAR  w(1) 92243. T 0.00
is-reachable: main@_109 (12, 0) FAR 86272 F 0.02
expand: main@_109 (12, 0) FAR  w(1) 86272.
	create_child: main@.lr.ph13._crit_edge.1 (12, 33) FAR 86283 X 0.02
expand: main@.lr.ph13._crit_edge.1 (12, 0) FAR  w(0) 86283.
	create_child: main@.lr.ph13.1 (11, 33) FAR 189954 U 0.01
expand: main@.lr.ph13.1 (11, 0) FAR  w(0) 189954.
	create_child: main@.lr.ph13.1!_Cond (10, 33) FAR 190936 U 0.01
expand: main@.lr.ph13.1!_Cond (10, 0) FAR  w(0) 190936.
	create_child: main@_109 (9, 33) FAR 193910 U 0.04
expand: main@_109 (9, 0) FAR  w(0) 193910.
	create_child: main@.lr.ph13.2 (8, 33) FAR 194214 U 0.02
expand: main@.lr.ph13.2 (8, 0) FAR  w(0) 194214.
	create_child: main@.lr.ph13.2!_Cond (7, 33) FAR 194860 U 0.01
expand: main@.lr.ph13.2!_Cond (7, 0) FAR  w(0) 194860.
	create_child: main@_121 (6, 33) FAR 196277 U 0.01
expand: main@_121 (6, 0) FAR  w(0) 196277.
	create_child: main@.lr.ph13.2 (5, 33) FAR 196571 U 0.01
expand: main@.lr.ph13.2 (5, 0) FAR  w(0) 196571.
	create_child: main@.lr.ph13.2!_Cond (4, 33) FAR 196952 U 0.01
expand: main@.lr.ph13.2!_Cond (4, 0) FAR  w(0) 196952.
	create_child: main@.lr.ph13._crit_edge.2 (3, 33) FAR 195751 U 0.01
expand: main@.lr.ph13._crit_edge.2 (3, 0) FAR  w(0) 195751. T 0.01
is-reachable: main@.lr.ph13.2!_Cond (4, 0) FAR 196952 F 0.01
expand: main@.lr.ph13.2!_Cond (4, 0) FAR  w(1) 196952. T 0.01
is-reachable: main@.lr.ph13.2 (5, 0) FAR 196571 F 0.00
expand: main@.lr.ph13.2 (5, 0) FAR  w(1) 196571. T 0.00
is-reachable: main@_121 (6, 0) FAR 196277 F 0.01
expand: main@_121 (6, 0) FAR  w(1) 196277. T 0.01
is-reachable: main@.lr.ph13.2!_Cond (7, 0) FAR 194860 F 0.01
expand: main@.lr.ph13.2!_Cond (7, 0) FAR  w(1) 194860. T 0.01
is-reachable: main@.lr.ph13.2 (8, 0) FAR 194214 F 0.00
expand: main@.lr.ph13.2 (8, 0) FAR  w(1) 194214. T 0.00
is-reachable: main@_109 (9, 0) FAR 193910 F 0.01
expand: main@_109 (9, 0) FAR  w(1) 193910.
	create_child: main@.lr.ph13._crit_edge.1 (9, 33) FAR 199397 X 0.02
expand: main@.lr.ph13._crit_edge.1 (9, 0) FAR  w(0) 199397.
	create_child: main@.lr.ph13.2 (8, 33) FAR 199620 U 0.01
expand: main@.lr.ph13.2 (8, 0) FAR  w(0) 199620.
	create_child: main@.lr.ph13.2!_Cond (7, 33) FAR 200455 U 0.01
expand: main@.lr.ph13.2!_Cond (7, 0) FAR  w(0) 200455.
	create_child: main@_121 (6, 33) FAR 201216 U 0.02
expand: main@_121 (6, 0) FAR  w(0) 201216.
	create_child: main@.lr.ph13.2 (5, 33) FAR 201706 U 0.02
expand: main@.lr.ph13.2 (5, 0) FAR  w(0) 201706.
	create_child: main@.lr.ph13.2!_Cond (4, 33) FAR 200163 U 0.01
expand: main@.lr.ph13.2!_Cond (4, 0) FAR  w(0) 200163.
	create_child: main@_121 (3, 33) FAR 201944 U 0.02
expand: main@_121 (3, 0) FAR  w(0) 201944.
	create_child: main@.lr.ph13.3 (2, 33) FAR 202334 U 0.02
expand: main@.lr.ph13.3 (2, 0) FAR  w(0) 202334.
	create_child: main@.lr.ph13.3!_Cond (1, 33) FAR 202577 U 0.01
expand: main@.lr.ph13.3!_Cond (1, 0) FAR  w(0) 202577. T 0.03
is-reachable: main@.lr.ph13.3 (2, 0) FAR 202334 F 0.00
expand: main@.lr.ph13.3 (2, 0) FAR  w(1) 202334. T 0.00
is-reachable: main@_121 (3, 0) FAR 201944 F 0.01
expand: main@_121 (3, 0) FAR  w(1) 201944. T 0.02
is-reachable: main@.lr.ph13.2!_Cond (4, 0) FAR 200163 F 0.01
expand: main@.lr.ph13.2!_Cond (4, 0) FAR  w(1) 200163. T 0.01
is-reachable: main@.lr.ph13.2 (5, 0) FAR 201706 F 0.00
expand: main@.lr.ph13.2 (5, 0) FAR  w(1) 201706. T 0.00
is-reachable: main@_121 (6, 0) FAR 201216 F 0.01
expand: main@_121 (6, 0) FAR  w(1) 201216.
	create_child: main@.lr.ph13._crit_edge.2 (6, 33) FAR 205627 X 0.01
expand: main@.lr.ph13._crit_edge.2 (6, 0) FAR  w(0) 205627.
	create_child: main@.lr.ph13.2 (5, 33) FAR 205682 U 0.01
expand: main@.lr.ph13.2 (5, 0) FAR  w(0) 205682.
	create_child: main@.lr.ph13.2!_Cond (4, 33) FAR 204956 U 0.01
expand: main@.lr.ph13.2!_Cond (4, 0) FAR  w(0) 204956. T 0.01
is-reachable: main@.lr.ph13.2 (5, 0) FAR 205682 F 0.00
expand: main@.lr.ph13.2 (5, 0) FAR  w(1) 205682. T 0.00
is-reachable: main@.lr.ph13._crit_edge.2 (6, 0) FAR 205627 F 0.00
expand: main@.lr.ph13._crit_edge.2 (6, 0) FAR  w(1) 205627. T 0.00
is-reachable: main@.lr.ph13.2!_Cond (7, 0) FAR 200455 F 0.01
expand: main@.lr.ph13.2!_Cond (7, 0) FAR  w(1) 200455. T 0.01
is-reachable: main@.lr.ph13.2 (8, 0) FAR 199620 F 0.01
expand: main@.lr.ph13.2 (8, 0) FAR  w(1) 199620. T 0.00
is-reachable: main@.lr.ph13._crit_edge.1 (9, 0) FAR 199397 F 0.01
expand: main@.lr.ph13._crit_edge.1 (9, 0) FAR  w(1) 199397. T 0.00
is-reachable: main@.lr.ph13.1!_Cond (10, 0) FAR 190936 F 0.01
expand: main@.lr.ph13.1!_Cond (10, 0) FAR  w(1) 190936. T 0.01
is-reachable: main@.lr.ph13.1 (11, 0) FAR 189954 F 0.01
expand: main@.lr.ph13.1 (11, 0) FAR  w(1) 189954. T 0.01
is-reachable: main@.lr.ph13._crit_edge.1 (12, 0) FAR 86283 F 0.01
expand: main@.lr.ph13._crit_edge.1 (12, 0) FAR  w(1) 86283. T 0.01
is-reachable: main@.lr.ph13.1!_Cond (13, 0) FAR 86131 F 0.01
expand: main@.lr.ph13.1!_Cond (13, 0) FAR  w(1) 86131. T 0.01
is-reachable: main@.lr.ph13.1 (14, 0) FAR 86029 F 0.01
expand: main@.lr.ph13.1 (14, 0) FAR  w(1) 86029. T 0.01
is-reachable: main@_109 (15, 0) FAR 72906 F 0.01
expand: main@_109 (15, 0) FAR  w(1) 72906.
	create_child: main@.lr.ph13._crit_edge.1 (15, 33) FAR 214487 X 0.03
expand: main@.lr.ph13._crit_edge.1 (15, 0) FAR  w(0) 214487.
	create_child: main@.lr.ph13.1 (14, 33) FAR 188835 U 0.02
expand: main@.lr.ph13.1 (14, 0) FAR  w(0) 188835.
	create_child: main@.lr.ph13.1!_Cond (13, 33) FAR 211072 U 0.01
expand: main@.lr.ph13.1!_Cond (13, 0) FAR  w(0) 211072.
	create_child: main@_109 (12, 33) FAR 216606 U 0.03
expand: main@_109 (12, 0) FAR  w(0) 216606.
	create_child: main@.lr.ph13.1 (11, 33) FAR 217494 U 0.02
expand: main@.lr.ph13.1 (11, 0) FAR  w(0) 217494.
	create_child: main@.lr.ph13.1!_Cond (10, 33) FAR 217837 U 0.01
expand: main@.lr.ph13.1!_Cond (10, 0) FAR  w(0) 217837.
	create_child: main@_109 (9, 33) FAR 218916 U 0.03
expand: main@_109 (9, 0) FAR  w(0) 218916.
	create_child: main@.lr.ph13.2 (8, 33) FAR 219561 U 0.02
expand: main@.lr.ph13.2 (8, 0) FAR  w(0) 219561.
	create_child: main@.lr.ph13.2!_Cond (7, 33) FAR 220195 U 0.01
expand: main@.lr.ph13.2!_Cond (7, 0) FAR  w(0) 220195.
	create_child: main@_121 (6, 33) FAR 221073 U 0.02
expand: main@_121 (6, 0) FAR  w(0) 221073.
	create_child: main@.lr.ph13.2 (5, 33) FAR 202294 U 0.02
expand: main@.lr.ph13.2 (5, 0) FAR  w(0) 202294.
	create_child: main@.lr.ph13.2!_Cond (4, 33) FAR 206848 U 0.01
expand: main@.lr.ph13.2!_Cond (4, 0) FAR  w(0) 206848.
	create_child: main@_121 (3, 33) FAR 222379 U 0.02
expand: main@_121 (3, 0) FAR  w(0) 222379.
	create_child: main@.lr.ph13.3 (2, 33) FAR 222070 U 0.01
expand: main@.lr.ph13.3 (2, 0) FAR  w(0) 222070.
	create_child: main@.lr.ph13.3!_Cond (1, 33) FAR 223068 U 0.01
expand: main@.lr.ph13.3!_Cond (1, 0) FAR  w(0) 223068.
	create_child: main@.lr.ph13._crit_edge.3 (0, 33) FAR 225746 U 0.04
expand: main@.lr.ph13._crit_edge.3 (0, 0) FAR  w(0) 225746. F 0.16
expand: main@.lr.ph13.3!_Cond (1, 0) FAR  w(0) 223068. F 0.16
expand: main@.lr.ph13.3 (2, 0) FAR  w(0) 222070. F 0.10
expand: main@_121 (3, 0) FAR  w(0) 222379


FAILED TO FIND COEFFICIENT





FAILED TO FIND COEFFICIENT





FAILED TO FIND COEFFICIENT





FAILED TO FIND COEFFICIENT





FAILED TO FIND COEFFICIENT





FAILED TO FIND COEFFICIENT





FAILED TO FIND COEFFICIENT





FAILED TO FIND COEFFICIENT





FAILED TO FIND COEFFICIENT





FAILED TO FIND COEFFICIENT





FAILED TO FIND COEFFICIENT


. F 0.30
expand: main@.lr.ph13.2!_Cond (4, 0) FAR  w(0) 206848


FAILED TO FIND COEFFICIENT





FAILED TO FIND COEFFICIENT





FAILED TO FIND COEFFICIENT





FAILED TO FIND COEFFICIENT





FAILED TO FIND COEFFICIENT





FAILED TO FIND COEFFICIENT


. F 0.25
expand: main@.lr.ph13.2 (5, 0) FAR  w(0) 202294


FAILED TO FIND COEFFICIENT





FAILED TO FIND COEFFICIENT





FAILED TO FIND COEFFICIENT





FAILED TO FIND COEFFICIENT





FAILED TO FIND COEFFICIENT


. F 0.18
expand: main@_121 (6, 0) FAR  w(0) 221073


FAILED TO FIND COEFFICIENT





FAILED TO FIND COEFFICIENT





FAILED TO FIND COEFFICIENT





FAILED TO FIND COEFFICIENT





FAILED TO FIND COEFFICIENT





FAILED TO FIND COEFFICIENT





FAILED TO FIND COEFFICIENT





FAILED TO FIND COEFFICIENT





FAILED TO FIND COEFFICIENT





FAILED TO FIND COEFFICIENT





FAILED TO FIND COEFFICIENT





FAILED TO FIND COEFFICIENT





FAILED TO FIND COEFFICIENT





FAILED TO FIND COEFFICIENT


. F 0.33
expand: main@.lr.ph13.2!_Cond (7, 0) FAR  w(0) 220195


FAILED TO FIND COEFFICIENT





FAILED TO FIND COEFFICIENT





FAILED TO FIND COEFFICIENT





FAILED TO FIND COEFFICIENT





FAILED TO FIND COEFFICIENT





FAILED TO FIND COEFFICIENT





FAILED TO FIND COEFFICIENT





FAILED TO FIND COEFFICIENT





FAILED TO FIND COEFFICIENT


. F 0.33
expand: main@.lr.ph13.2 (8, 0) FAR  w(0) 219561


FAILED TO FIND COEFFICIENT





FAILED TO FIND COEFFICIENT





FAILED TO FIND COEFFICIENT





FAILED TO FIND COEFFICIENT





FAILED TO FIND COEFFICIENT





FAILED TO FIND COEFFICIENT





FAILED TO FIND COEFFICIENT





FAILED TO FIND COEFFICIENT





FAILED TO FIND COEFFICIENT





FAILED TO FIND COEFFICIENT


. F 0.18
expand: main@_109 (9, 0) FAR  w(0) 218916


FAILED TO FIND COEFFICIENT





FAILED TO FIND COEFFICIENT





FAILED TO FIND COEFFICIENT





FAILED TO FIND COEFFICIENT





FAILED TO FIND COEFFICIENT





FAILED TO FIND COEFFICIENT





FAILED TO FIND COEFFICIENT





FAILED TO FIND COEFFICIENT





FAILED TO FIND COEFFICIENT





FAILED TO FIND COEFFICIENT





FAILED TO FIND COEFFICIENT


. F 0.34
expand: main@.lr.ph13.1!_Cond (10, 0) FAR  w(0) 217837


FAILED TO FIND COEFFICIENT





FAILED TO FIND COEFFICIENT





FAILED TO FIND COEFFICIENT





FAILED TO FIND COEFFICIENT





FAILED TO FIND COEFFICIENT





FAILED TO FIND COEFFICIENT





FAILED TO FIND COEFFICIENT





FAILED TO FIND COEFFICIENT


. F 0.32
expand: main@.lr.ph13.1 (11, 0) FAR  w(0) 217494


FAILED TO FIND COEFFICIENT





FAILED TO FIND COEFFICIENT





FAILED TO FIND COEFFICIENT





FAILED TO FIND COEFFICIENT





FAILED TO FIND COEFFICIENT





FAILED TO FIND COEFFICIENT





FAILED TO FIND COEFFICIENT





FAILED TO FIND COEFFICIENT


. F 0.24
expand: main@_109 (12, 0) FAR  w(0) 216606


FAILED TO FIND COEFFICIENT





FAILED TO FIND COEFFICIENT





FAILED TO FIND COEFFICIENT





FAILED TO FIND COEFFICIENT





FAILED TO FIND COEFFICIENT





FAILED TO FIND COEFFICIENT





FAILED TO FIND COEFFICIENT





FAILED TO FIND COEFFICIENT





FAILED TO FIND COEFFICIENT





FAILED TO FIND COEFFICIENT





FAILED TO FIND COEFFICIENT


. F 0.39
expand: main@.lr.ph13.1!_Cond (13, 0) FAR  w(0) 211072


FAILED TO FIND COEFFICIENT





FAILED TO FIND COEFFICIENT





FAILED TO FIND COEFFICIENT





FAILED TO FIND COEFFICIENT





FAILED TO FIND COEFFICIENT





FAILED TO FIND COEFFICIENT


. F 0.36
expand: main@.lr.ph13.1 (14, 0) FAR  w(0) 188835


FAILED TO FIND COEFFICIENT





FAILED TO FIND COEFFICIENT





FAILED TO FIND COEFFICIENT





FAILED TO FIND COEFFICIENT





FAILED TO FIND COEFFICIENT





FAILED TO FIND COEFFICIENT





FAILED TO FIND COEFFICIENT





FAILED TO FIND COEFFICIENT





FAILED TO FIND COEFFICIENT





FAILED TO FIND COEFFICIENT


.