/host/s3_clnt_3_cil-2.sk:44:17: unexpected token: tmp
/host/s3_clnt_3_cil-2.sk:45:17: unexpected token: l
/host/s3_clnt_3_cil-2.sk:64:3: unexpected token: void
/host/s3_clnt_3_cil-2.sk:65:17: unexpected token: __cil_tmp57
/host/s3_clnt_3_cil-2.sk:66:17: unexpected token: __cil_tmp58
/host/s3_clnt_3_cil-2.sk:67:3: unexpected token: void
/host/s3_clnt_3_cil-2.sk:68:17: unexpected token: __cil_tmp60
/host/s3_clnt_3_cil-2.sk:69:17: unexpected token: __cil_tmp61
/host/s3_clnt_3_cil-2.sk:70:17: unexpected token: __cil_tmp62
/host/s3_clnt_3_cil-2.sk:71:17: unexpected token: __cil_tmp63
/host/s3_clnt_3_cil-2.sk:72:17: unexpected token: __cil_tmp64
/host/s3_clnt_3_cil-2.sk:119:9: unexpected token: while_0_continue
/host/s3_clnt_3_cil-2.sk:324:77: unexpected token: switch_1_12292
/host/s3_clnt_3_cil-2.sk:329:77: unexpected token: switch_1_16384
/host/s3_clnt_3_cil-2.sk:332:77: unexpected token: switch_1_4096
/host/s3_clnt_3_cil-2.sk:335:77: unexpected token: switch_1_20480
/host/s3_clnt_3_cil-2.sk:338:77: unexpected token: switch_1_4099
/host/s3_clnt_3_cil-2.sk:356:79: unexpected token: __cil_tmp56
/host/s3_clnt_3_cil-2.sk:356:93: unexpected token: (
/host/s3_clnt_3_cil-2.sk:356:94: unexpected token: void
/host/s3_clnt_3_cil-2.sk:357:79: unexpected token: __cil_tmp57
/host/s3_clnt_3_cil-2.sk:357:93: unexpected token: (
/host/s3_clnt_3_cil-2.sk:357:107: unexpected token: )
/host/s3_clnt_3_cil-2.sk:358:79: unexpected token: __cil_tmp58
/host/s3_clnt_3_cil-2.sk:358:93: unexpected token: (
/host/s3_clnt_3_cil-2.sk:358:107: unexpected token: )
/host/s3_clnt_3_cil-2.sk:363:83: unexpected token: __cil_tmp59
/host/s3_clnt_3_cil-2.sk:363:97: unexpected token: (
/host/s3_clnt_3_cil-2.sk:363:98: unexpected token: void
/host/s3_clnt_3_cil-2.sk:364:83: unexpected token: __cil_tmp60
/host/s3_clnt_3_cil-2.sk:364:97: unexpected token: (
/host/s3_clnt_3_cil-2.sk:364:111: unexpected token: )
/host/s3_clnt_3_cil-2.sk:365:83: unexpected token: __cil_tmp61
/host/s3_clnt_3_cil-2.sk:365:97: unexpected token: (
/host/s3_clnt_3_cil-2.sk:365:111: unexpected token: )
/host/s3_clnt_3_cil-2.sk:399:77: unexpected token: switch_1_4368
/host/s3_clnt_3_cil-2.sk:402:77: unexpected token: switch_1_4369
/host/s3_clnt_3_cil-2.sk:419:79: unexpected token: __cil_tmp62
/host/s3_clnt_3_cil-2.sk:419:93: unexpected token: (
/host/s3_clnt_3_cil-2.sk:419:107: unexpected token: )
/host/s3_clnt_3_cil-2.sk:420:79: unexpected token: __cil_tmp63
/host/s3_clnt_3_cil-2.sk:420:93: unexpected token: (
/host/s3_clnt_3_cil-2.sk:420:107: unexpected token: )
/host/s3_clnt_3_cil-2.sk:427:77: unexpected token: switch_1_4384
/host/s3_clnt_3_cil-2.sk:430:77: unexpected token: switch_1_4385
/host/s3_clnt_3_cil-2.sk:462:77: unexpected token: switch_1_4400
/host/s3_clnt_3_cil-2.sk:465:77: unexpected token: switch_1_4401
/host/s3_clnt_3_cil-2.sk:469:79: unexpected token: __cil_tmp64
/host/s3_clnt_3_cil-2.sk:469:93: unexpected token: (
/host/s3_clnt_3_cil-2.sk:469:107: unexpected token: )
/host/s3_clnt_3_cil-2.sk:470:104: unexpected token: 256
/host/s3_clnt_3_cil-2.sk:493:77: unexpected token: switch_1_4416
/host/s3_clnt_3_cil-2.sk:496:77: unexpected token: switch_1_4417
/host/s3_clnt_3_cil-2.sk:518:77: unexpected token: switch_1_4432
/host/s3_clnt_3_cil-2.sk:521:77: unexpected token: switch_1_4433
/host/s3_clnt_3_cil-2.sk:537:77: unexpected token: switch_1_4448
/host/s3_clnt_3_cil-2.sk:540:77: unexpected token: switch_1_4449
/host/s3_clnt_3_cil-2.sk:559:77: unexpected token: switch_1_4464
/host/s3_clnt_3_cil-2.sk:562:77: unexpected token: switch_1_4465
/host/s3_clnt_3_cil-2.sk:565:77: unexpected token: switch_1_4466
/host/s3_clnt_3_cil-2.sk:568:77: unexpected token: switch_1_4467
/host/s3_clnt_3_cil-2.sk:579:77: unexpected token: switch_1_4480
/host/s3_clnt_3_cil-2.sk:582:77: unexpected token: switch_1_4481
/host/s3_clnt_3_cil-2.sk:590:77: unexpected token: l
/host/s3_clnt_3_cil-2.sk:590:81: unexpected token: (
/host/s3_clnt_3_cil-2.sk:590:95: unexpected token: )
/host/s3_clnt_3_cil-2.sk:603:77: unexpected token: switch_1_4496
/host/s3_clnt_3_cil-2.sk:606:77: unexpected token: switch_1_4497
/host/s3_clnt_3_cil-2.sk:618:77: unexpected token: switch_1_4512
/host/s3_clnt_3_cil-2.sk:621:77: unexpected token: switch_1_4513
/host/s3_clnt_3_cil-2.sk:654:77: unexpected token: switch_1_4528
/host/s3_clnt_3_cil-2.sk:657:77: unexpected token: switch_1_4529
/host/s3_clnt_3_cil-2.sk:674:106: unexpected token: 2
/host/s3_clnt_3_cil-2.sk:678:83: unexpected token: __cil_tmp69
/host/s3_clnt_3_cil-2.sk:678:97: unexpected token: __cil_tmp68
/host/s3_clnt_3_cil-2.sk:678:111: unexpected token: 4
/host/s3_clnt_3_cil-2.sk:692:77: unexpected token: switch_1_4560
/host/s3_clnt_3_cil-2.sk:695:77: unexpected token: switch_1_4561
/host/s3_clnt_3_cil-2.sk:714:77: unexpected token: switch_1_4352
/host/s3_clnt_3_cil-2.sk:717:97: unexpected token: 0
/host/s3_clnt_3_cil-2.sk:724:102: unexpected token: 0
/host/s3_clnt_3_cil-2.sk:738:77: unexpected token: switch_1_3
/host/s3_clnt_3_cil-2.sk:747:79: unexpected token: __cil_tmp74
/host/s3_clnt_3_cil-2.sk:747:93: unexpected token: __cil_tmp73
/host/s3_clnt_3_cil-2.sk:747:107: unexpected token: 4
/host/s3_clnt_3_cil-2.sk:767:77: unexpected token: switch_1_default
/host/s3_clnt_3_cil-2.sk:774:77: unexpected token: switch_1_break
/host/s3_clnt_3_cil-2.sk:877:7: unexpected token: while_0_break
/host/s3_clnt_3_cil-2.sk:881:5: unexpected token: end
/host/s3_clnt_3_cil-2.sk:889:5: unexpected token: ERROR
/host/s3_clnt_3_cil-2.sk:896:22: expecting an identifier, found ')'
/host/s3_clnt_3_cil-2.sk:898:8: expecting RPAREN, found ';'
/host/s3_clnt_3_cil-2.sk:906:3: expecting EOF, found 'return'
    [0;31m[1659406335.5960 - ERROR] [SKETCH] Program Parse Error: could not parse program[0m
    [0;32m[1659406335.6000 - DEBUG] [SKETCH] stack trace written to file: /root/.sketch/tmp/stacktrace.txt[0m
SKETCH version 1.7.6
Benchmark = /host/s3_clnt_3_cil-2.sk
Total time = 246
