/host/s3_clnt_3_cil-3.sk:40:17: unexpected token: tmp
/host/s3_clnt_3_cil-3.sk:41:17: unexpected token: l
/host/s3_clnt_3_cil-3.sk:60:3: unexpected token: void
/host/s3_clnt_3_cil-3.sk:61:17: unexpected token: __cil_tmp57
/host/s3_clnt_3_cil-3.sk:62:17: unexpected token: __cil_tmp58
/host/s3_clnt_3_cil-3.sk:63:3: unexpected token: void
/host/s3_clnt_3_cil-3.sk:64:17: unexpected token: __cil_tmp60
/host/s3_clnt_3_cil-3.sk:65:17: unexpected token: __cil_tmp61
/host/s3_clnt_3_cil-3.sk:66:17: unexpected token: __cil_tmp62
/host/s3_clnt_3_cil-3.sk:67:17: unexpected token: __cil_tmp63
/host/s3_clnt_3_cil-3.sk:68:17: unexpected token: __cil_tmp64
/host/s3_clnt_3_cil-3.sk:113:9: unexpected token: while_0_continue
/host/s3_clnt_3_cil-3.sk:318:77: unexpected token: switch_1_12292
/host/s3_clnt_3_cil-3.sk:323:77: unexpected token: switch_1_16384
/host/s3_clnt_3_cil-3.sk:326:77: unexpected token: switch_1_4096
/host/s3_clnt_3_cil-3.sk:329:77: unexpected token: switch_1_20480
/host/s3_clnt_3_cil-3.sk:332:77: unexpected token: switch_1_4099
/host/s3_clnt_3_cil-3.sk:350:79: unexpected token: __cil_tmp56
/host/s3_clnt_3_cil-3.sk:350:93: unexpected token: (
/host/s3_clnt_3_cil-3.sk:350:94: unexpected token: void
/host/s3_clnt_3_cil-3.sk:351:79: unexpected token: __cil_tmp57
/host/s3_clnt_3_cil-3.sk:351:93: unexpected token: (
/host/s3_clnt_3_cil-3.sk:351:107: unexpected token: )
/host/s3_clnt_3_cil-3.sk:352:79: unexpected token: __cil_tmp58
/host/s3_clnt_3_cil-3.sk:352:93: unexpected token: (
/host/s3_clnt_3_cil-3.sk:352:107: unexpected token: )
/host/s3_clnt_3_cil-3.sk:357:83: unexpected token: __cil_tmp59
/host/s3_clnt_3_cil-3.sk:357:97: unexpected token: (
/host/s3_clnt_3_cil-3.sk:357:98: unexpected token: void
/host/s3_clnt_3_cil-3.sk:358:83: unexpected token: __cil_tmp60
/host/s3_clnt_3_cil-3.sk:358:97: unexpected token: (
/host/s3_clnt_3_cil-3.sk:358:111: unexpected token: )
/host/s3_clnt_3_cil-3.sk:359:83: unexpected token: __cil_tmp61
/host/s3_clnt_3_cil-3.sk:359:97: unexpected token: (
/host/s3_clnt_3_cil-3.sk:359:111: unexpected token: )
/host/s3_clnt_3_cil-3.sk:393:77: unexpected token: switch_1_4368
/host/s3_clnt_3_cil-3.sk:396:77: unexpected token: switch_1_4369
/host/s3_clnt_3_cil-3.sk:413:79: unexpected token: __cil_tmp62
/host/s3_clnt_3_cil-3.sk:413:93: unexpected token: (
/host/s3_clnt_3_cil-3.sk:413:107: unexpected token: )
/host/s3_clnt_3_cil-3.sk:414:79: unexpected token: __cil_tmp63
/host/s3_clnt_3_cil-3.sk:414:93: unexpected token: (
/host/s3_clnt_3_cil-3.sk:414:107: unexpected token: )
/host/s3_clnt_3_cil-3.sk:421:77: unexpected token: switch_1_4384
/host/s3_clnt_3_cil-3.sk:424:77: unexpected token: switch_1_4385
/host/s3_clnt_3_cil-3.sk:456:77: unexpected token: switch_1_4400
/host/s3_clnt_3_cil-3.sk:459:77: unexpected token: switch_1_4401
/host/s3_clnt_3_cil-3.sk:463:79: unexpected token: __cil_tmp64
/host/s3_clnt_3_cil-3.sk:463:93: unexpected token: (
/host/s3_clnt_3_cil-3.sk:463:107: unexpected token: )
/host/s3_clnt_3_cil-3.sk:464:104: unexpected token: 256
/host/s3_clnt_3_cil-3.sk:487:77: unexpected token: switch_1_4416
/host/s3_clnt_3_cil-3.sk:490:77: unexpected token: switch_1_4417
/host/s3_clnt_3_cil-3.sk:512:77: unexpected token: switch_1_4432
/host/s3_clnt_3_cil-3.sk:515:77: unexpected token: switch_1_4433
/host/s3_clnt_3_cil-3.sk:531:77: unexpected token: switch_1_4448
/host/s3_clnt_3_cil-3.sk:534:77: unexpected token: switch_1_4449
/host/s3_clnt_3_cil-3.sk:553:77: unexpected token: switch_1_4464
/host/s3_clnt_3_cil-3.sk:556:77: unexpected token: switch_1_4465
/host/s3_clnt_3_cil-3.sk:559:77: unexpected token: switch_1_4466
/host/s3_clnt_3_cil-3.sk:562:77: unexpected token: switch_1_4467
/host/s3_clnt_3_cil-3.sk:573:77: unexpected token: switch_1_4480
/host/s3_clnt_3_cil-3.sk:576:77: unexpected token: switch_1_4481
/host/s3_clnt_3_cil-3.sk:584:77: unexpected token: l
/host/s3_clnt_3_cil-3.sk:584:81: unexpected token: (
/host/s3_clnt_3_cil-3.sk:584:95: unexpected token: )
/host/s3_clnt_3_cil-3.sk:597:77: unexpected token: switch_1_4496
/host/s3_clnt_3_cil-3.sk:600:77: unexpected token: switch_1_4497
/host/s3_clnt_3_cil-3.sk:612:77: unexpected token: switch_1_4512
/host/s3_clnt_3_cil-3.sk:615:77: unexpected token: switch_1_4513
/host/s3_clnt_3_cil-3.sk:648:77: unexpected token: switch_1_4528
/host/s3_clnt_3_cil-3.sk:651:77: unexpected token: switch_1_4529
/host/s3_clnt_3_cil-3.sk:669:106: unexpected token: 2
/host/s3_clnt_3_cil-3.sk:673:83: unexpected token: __cil_tmp69
/host/s3_clnt_3_cil-3.sk:673:97: unexpected token: __cil_tmp68
/host/s3_clnt_3_cil-3.sk:673:111: unexpected token: 4
/host/s3_clnt_3_cil-3.sk:687:77: unexpected token: switch_1_4560
/host/s3_clnt_3_cil-3.sk:690:77: unexpected token: switch_1_4561
/host/s3_clnt_3_cil-3.sk:709:77: unexpected token: switch_1_4352
/host/s3_clnt_3_cil-3.sk:712:97: unexpected token: 0
/host/s3_clnt_3_cil-3.sk:719:102: unexpected token: 0
/host/s3_clnt_3_cil-3.sk:733:77: unexpected token: switch_1_3
/host/s3_clnt_3_cil-3.sk:742:79: unexpected token: __cil_tmp74
/host/s3_clnt_3_cil-3.sk:742:93: unexpected token: __cil_tmp73
/host/s3_clnt_3_cil-3.sk:742:107: unexpected token: 4
/host/s3_clnt_3_cil-3.sk:762:77: unexpected token: switch_1_default
/host/s3_clnt_3_cil-3.sk:769:77: unexpected token: switch_1_break
/host/s3_clnt_3_cil-3.sk:872:7: unexpected token: while_0_break
/host/s3_clnt_3_cil-3.sk:876:5: unexpected token: end
/host/s3_clnt_3_cil-3.sk:884:5: unexpected token: ERROR
/host/s3_clnt_3_cil-3.sk:891:22: expecting an identifier, found ')'
/host/s3_clnt_3_cil-3.sk:893:8: expecting RPAREN, found ';'
/host/s3_clnt_3_cil-3.sk:901:3: expecting EOF, found 'return'
    [0;31m[1659406334.1240 - ERROR] [SKETCH] Program Parse Error: could not parse program[0m
    [0;32m[1659406334.1290 - DEBUG] [SKETCH] stack trace written to file: /root/.sketch/tmp/stacktrace.txt[0m
SKETCH version 1.7.6
Benchmark = /host/s3_clnt_3_cil-3.sk
Total time = 301
