/host/s3_srvr_13_cil.sk:34:17: unexpected token: l
/host/s3_srvr_13_cil.sk:35:17: unexpected token: Time
/host/s3_srvr_13_cil.sk:36:17: unexpected token: tmp
/host/s3_srvr_13_cil.sk:56:17: unexpected token: __cil_tmp56
/host/s3_srvr_13_cil.sk:57:17: unexpected token: __cil_tmp57
/host/s3_srvr_13_cil.sk:58:17: unexpected token: __cil_tmp58
/host/s3_srvr_13_cil.sk:59:17: unexpected token: __cil_tmp59
/host/s3_srvr_13_cil.sk:61:17: unexpected token: __cil_tmp61
/host/s3_srvr_13_cil.sk:101:9: unexpected token: while_0_continue
/host/s3_srvr_13_cil.sk:318:81: unexpected token: switch_1_12292
/host/s3_srvr_13_cil.sk:321:81: unexpected token: switch_1_16384
/host/s3_srvr_13_cil.sk:324:81: unexpected token: switch_1_8192
/host/s3_srvr_13_cil.sk:327:81: unexpected token: switch_1_24576
/host/s3_srvr_13_cil.sk:330:81: unexpected token: switch_1_8195
/host/s3_srvr_13_cil.sk:389:81: unexpected token: switch_1_8480
/host/s3_srvr_13_cil.sk:392:81: unexpected token: switch_1_8481
/host/s3_srvr_13_cil.sk:405:81: unexpected token: switch_1_8482
/host/s3_srvr_13_cil.sk:409:81: unexpected token: switch_1_8464
/host/s3_srvr_13_cil.sk:412:81: unexpected token: switch_1_8465
/host/s3_srvr_13_cil.sk:415:81: unexpected token: switch_1_8466
/host/s3_srvr_13_cil.sk:433:81: unexpected token: switch_1_8496
/host/s3_srvr_13_cil.sk:436:81: unexpected token: switch_1_8497
/host/s3_srvr_13_cil.sk:460:81: unexpected token: switch_1_8512
/host/s3_srvr_13_cil.sk:463:81: unexpected token: switch_1_8513
/host/s3_srvr_13_cil.sk:468:83: unexpected token: __cil_tmp56
/host/s3_srvr_13_cil.sk:468:97: unexpected token: (
/host/s3_srvr_13_cil.sk:468:111: unexpected token: )
/host/s3_srvr_13_cil.sk:469:108: unexpected token: 256
/host/s3_srvr_13_cil.sk:492:81: unexpected token: switch_1_8528
/host/s3_srvr_13_cil.sk:495:81: unexpected token: switch_1_8529
/host/s3_srvr_13_cil.sk:498:81: unexpected token: l
/host/s3_srvr_13_cil.sk:498:85: unexpected token: (
/host/s3_srvr_13_cil.sk:498:99: unexpected token: )
/host/s3_srvr_13_cil.sk:500:83: unexpected token: __cil_tmp57
/host/s3_srvr_13_cil.sk:500:97: unexpected token: (
/host/s3_srvr_13_cil.sk:500:111: unexpected token: )
/host/s3_srvr_13_cil.sk:501:108: unexpected token: 2097152
/host/s3_srvr_13_cil.sk:523:100: unexpected token: 1
/host/s3_srvr_13_cil.sk:533:91: unexpected token: __cil_tmp58
/host/s3_srvr_13_cil.sk:533:105: unexpected token: (
/host/s3_srvr_13_cil.sk:533:119: unexpected token: )
/host/s3_srvr_13_cil.sk:534:116: unexpected token: 2
/host/s3_srvr_13_cil.sk:538:95: unexpected token: __cil_tmp59
/host/s3_srvr_13_cil.sk:538:109: unexpected token: (
/host/s3_srvr_13_cil.sk:538:123: unexpected token: )
/host/s3_srvr_13_cil.sk:539:120: unexpected token: 4
/host/s3_srvr_13_cil.sk:553:97: unexpected token: _L___0
/host/s3_srvr_13_cil.sk:595:81: unexpected token: switch_1_8544
/host/s3_srvr_13_cil.sk:598:81: unexpected token: switch_1_8545
/host/s3_srvr_13_cil.sk:619:85: unexpected token: _L___2
/host/s3_srvr_13_cil.sk:622:87: unexpected token: __cil_tmp61
/host/s3_srvr_13_cil.sk:622:101: unexpected token: (
/host/s3_srvr_13_cil.sk:622:115: unexpected token: )
/host/s3_srvr_13_cil.sk:623:112: unexpected token: 256
/host/s3_srvr_13_cil.sk:639:89: unexpected token: _L___1
/host/s3_srvr_13_cil.sk:671:81: unexpected token: switch_1_8560
/host/s3_srvr_13_cil.sk:674:81: unexpected token: switch_1_8561
/host/s3_srvr_13_cil.sk:686:81: unexpected token: switch_1_8448
/host/s3_srvr_13_cil.sk:687:92: unexpected token: 0
/host/s3_srvr_13_cil.sk:691:95: unexpected token: 0
/host/s3_srvr_13_cil.sk:703:81: unexpected token: switch_1_8576
/host/s3_srvr_13_cil.sk:706:81: unexpected token: switch_1_8577
/host/s3_srvr_13_cil.sk:731:81: unexpected token: switch_1_8592
/host/s3_srvr_13_cil.sk:734:81: unexpected token: switch_1_8593
/host/s3_srvr_13_cil.sk:745:81: unexpected token: switch_1_8608
/host/s3_srvr_13_cil.sk:748:81: unexpected token: switch_1_8609
/host/s3_srvr_13_cil.sk:759:81: unexpected token: switch_1_8640
/host/s3_srvr_13_cil.sk:762:81: unexpected token: switch_1_8641
/host/s3_srvr_13_cil.sk:786:81: unexpected token: switch_1_8656
/host/s3_srvr_13_cil.sk:789:81: unexpected token: switch_1_8657
/host/s3_srvr_13_cil.sk:834:81: unexpected token: switch_1_8672
/host/s3_srvr_13_cil.sk:837:81: unexpected token: switch_1_8673
/host/s3_srvr_13_cil.sk:862:81: unexpected token: switch_1_3
/host/s3_srvr_13_cil.sk:878:81: unexpected token: switch_1_default
/host/s3_srvr_13_cil.sk:885:81: unexpected token: switch_1_break
/host/s3_srvr_13_cil.sk:1018:7: unexpected token: while_0_break
/host/s3_srvr_13_cil.sk:1022:5: unexpected token: end
/host/s3_srvr_13_cil.sk:1030:5: unexpected token: ERROR
/host/s3_srvr_13_cil.sk:1037:22: expecting an identifier, found ')'
/host/s3_srvr_13_cil.sk:1039:8: expecting RPAREN, found ';'
/host/s3_srvr_13_cil.sk:1041:3: expecting EOF, found '{'
    [0;31m[1659406340.7010 - ERROR] [SKETCH] Program Parse Error: could not parse program[0m
    [0;32m[1659406340.7060 - DEBUG] [SKETCH] stack trace written to file: /root/.sketch/tmp/stacktrace.txt[0m
SKETCH version 1.7.6
Benchmark = /host/s3_srvr_13_cil.sk
Total time = 252
