/host/s3_srvr_12_cil.sk:34:17: unexpected token: l
/host/s3_srvr_12_cil.sk:35:17: unexpected token: Time
/host/s3_srvr_12_cil.sk:36:17: unexpected token: tmp
/host/s3_srvr_12_cil.sk:56:17: unexpected token: __cil_tmp56
/host/s3_srvr_12_cil.sk:57:17: unexpected token: __cil_tmp57
/host/s3_srvr_12_cil.sk:58:17: unexpected token: __cil_tmp58
/host/s3_srvr_12_cil.sk:59:17: unexpected token: __cil_tmp59
/host/s3_srvr_12_cil.sk:61:17: unexpected token: __cil_tmp61
/host/s3_srvr_12_cil.sk:101:9: unexpected token: while_0_continue
/host/s3_srvr_12_cil.sk:318:81: unexpected token: switch_1_12292
/host/s3_srvr_12_cil.sk:321:81: unexpected token: switch_1_16384
/host/s3_srvr_12_cil.sk:324:81: unexpected token: switch_1_8192
/host/s3_srvr_12_cil.sk:327:81: unexpected token: switch_1_24576
/host/s3_srvr_12_cil.sk:330:81: unexpected token: switch_1_8195
/host/s3_srvr_12_cil.sk:389:81: unexpected token: switch_1_8480
/host/s3_srvr_12_cil.sk:392:81: unexpected token: switch_1_8481
/host/s3_srvr_12_cil.sk:405:81: unexpected token: switch_1_8482
/host/s3_srvr_12_cil.sk:409:81: unexpected token: switch_1_8464
/host/s3_srvr_12_cil.sk:412:81: unexpected token: switch_1_8465
/host/s3_srvr_12_cil.sk:415:81: unexpected token: switch_1_8466
/host/s3_srvr_12_cil.sk:433:81: unexpected token: switch_1_8496
/host/s3_srvr_12_cil.sk:436:81: unexpected token: switch_1_8497
/host/s3_srvr_12_cil.sk:460:81: unexpected token: switch_1_8512
/host/s3_srvr_12_cil.sk:463:81: unexpected token: switch_1_8513
/host/s3_srvr_12_cil.sk:468:83: unexpected token: __cil_tmp56
/host/s3_srvr_12_cil.sk:468:97: unexpected token: (
/host/s3_srvr_12_cil.sk:468:111: unexpected token: )
/host/s3_srvr_12_cil.sk:469:108: unexpected token: 256
/host/s3_srvr_12_cil.sk:493:81: unexpected token: switch_1_8528
/host/s3_srvr_12_cil.sk:496:81: unexpected token: switch_1_8529
/host/s3_srvr_12_cil.sk:499:81: unexpected token: l
/host/s3_srvr_12_cil.sk:499:85: unexpected token: (
/host/s3_srvr_12_cil.sk:499:99: unexpected token: )
/host/s3_srvr_12_cil.sk:501:83: unexpected token: __cil_tmp57
/host/s3_srvr_12_cil.sk:501:97: unexpected token: (
/host/s3_srvr_12_cil.sk:501:111: unexpected token: )
/host/s3_srvr_12_cil.sk:502:108: unexpected token: 2097152
/host/s3_srvr_12_cil.sk:518:98: unexpected token: 30
/host/s3_srvr_12_cil.sk:524:100: unexpected token: 1
/host/s3_srvr_12_cil.sk:535:91: unexpected token: __cil_tmp58
/host/s3_srvr_12_cil.sk:535:105: unexpected token: (
/host/s3_srvr_12_cil.sk:535:119: unexpected token: )
/host/s3_srvr_12_cil.sk:536:116: unexpected token: 2
/host/s3_srvr_12_cil.sk:540:95: unexpected token: __cil_tmp59
/host/s3_srvr_12_cil.sk:540:109: unexpected token: (
/host/s3_srvr_12_cil.sk:540:123: unexpected token: )
/host/s3_srvr_12_cil.sk:541:120: unexpected token: 4
/host/s3_srvr_12_cil.sk:555:97: unexpected token: _L___0
/host/s3_srvr_12_cil.sk:597:81: unexpected token: switch_1_8544
/host/s3_srvr_12_cil.sk:600:81: unexpected token: switch_1_8545
/host/s3_srvr_12_cil.sk:622:85: unexpected token: _L___2
/host/s3_srvr_12_cil.sk:625:87: unexpected token: __cil_tmp61
/host/s3_srvr_12_cil.sk:625:101: unexpected token: (
/host/s3_srvr_12_cil.sk:625:115: unexpected token: )
/host/s3_srvr_12_cil.sk:626:112: unexpected token: 256
/host/s3_srvr_12_cil.sk:644:89: unexpected token: _L___1
/host/s3_srvr_12_cil.sk:676:81: unexpected token: switch_1_8560
/host/s3_srvr_12_cil.sk:679:81: unexpected token: switch_1_8561
/host/s3_srvr_12_cil.sk:691:81: unexpected token: switch_1_8448
/host/s3_srvr_12_cil.sk:692:92: unexpected token: 0
/host/s3_srvr_12_cil.sk:696:95: unexpected token: 0
/host/s3_srvr_12_cil.sk:708:81: unexpected token: switch_1_8576
/host/s3_srvr_12_cil.sk:711:81: unexpected token: switch_1_8577
/host/s3_srvr_12_cil.sk:746:81: unexpected token: switch_1_8592
/host/s3_srvr_12_cil.sk:749:81: unexpected token: switch_1_8593
/host/s3_srvr_12_cil.sk:765:81: unexpected token: switch_1_8608
/host/s3_srvr_12_cil.sk:768:81: unexpected token: switch_1_8609
/host/s3_srvr_12_cil.sk:784:81: unexpected token: switch_1_8640
/host/s3_srvr_12_cil.sk:787:81: unexpected token: switch_1_8641
/host/s3_srvr_12_cil.sk:843:81: unexpected token: switch_1_8656
/host/s3_srvr_12_cil.sk:846:81: unexpected token: switch_1_8657
/host/s3_srvr_12_cil.sk:899:81: unexpected token: switch_1_8672
/host/s3_srvr_12_cil.sk:902:81: unexpected token: switch_1_8673
/host/s3_srvr_12_cil.sk:951:81: unexpected token: switch_1_3
/host/s3_srvr_12_cil.sk:967:81: unexpected token: switch_1_default
/host/s3_srvr_12_cil.sk:974:81: unexpected token: switch_1_break
/host/s3_srvr_12_cil.sk:1115:7: unexpected token: while_0_break
/host/s3_srvr_12_cil.sk:1119:5: unexpected token: end
/host/s3_srvr_12_cil.sk:1127:5: unexpected token: ERROR
/host/s3_srvr_12_cil.sk:1134:22: expecting an identifier, found ')'
/host/s3_srvr_12_cil.sk:1136:8: expecting RPAREN, found ';'
/host/s3_srvr_12_cil.sk:1138:3: expecting EOF, found '{'
    [0;31m[1659402808.7230 - ERROR] [SKETCH] Program Parse Error: could not parse program[0m
    [0;32m[1659402808.7270 - DEBUG] [SKETCH] stack trace written to file: /root/.sketch/tmp/stacktrace.txt[0m
SKETCH version 1.7.6
Benchmark = /host/s3_srvr_12_cil.sk
Total time = 263
