/host/s3_srvr_8_cil.sk:38:17: unexpected token: l
/host/s3_srvr_8_cil.sk:39:17: unexpected token: Time
/host/s3_srvr_8_cil.sk:40:17: unexpected token: tmp
/host/s3_srvr_8_cil.sk:60:17: unexpected token: __cil_tmp56
/host/s3_srvr_8_cil.sk:61:17: unexpected token: __cil_tmp57
/host/s3_srvr_8_cil.sk:62:17: unexpected token: __cil_tmp58
/host/s3_srvr_8_cil.sk:63:17: unexpected token: __cil_tmp59
/host/s3_srvr_8_cil.sk:65:17: unexpected token: __cil_tmp61
/host/s3_srvr_8_cil.sk:106:9: unexpected token: while_0_continue
/host/s3_srvr_8_cil.sk:323:81: unexpected token: switch_1_12292
/host/s3_srvr_8_cil.sk:326:81: unexpected token: switch_1_16384
/host/s3_srvr_8_cil.sk:329:81: unexpected token: switch_1_8192
/host/s3_srvr_8_cil.sk:332:81: unexpected token: switch_1_24576
/host/s3_srvr_8_cil.sk:335:81: unexpected token: switch_1_8195
/host/s3_srvr_8_cil.sk:394:81: unexpected token: switch_1_8480
/host/s3_srvr_8_cil.sk:397:81: unexpected token: switch_1_8481
/host/s3_srvr_8_cil.sk:410:81: unexpected token: switch_1_8482
/host/s3_srvr_8_cil.sk:414:81: unexpected token: switch_1_8464
/host/s3_srvr_8_cil.sk:417:81: unexpected token: switch_1_8465
/host/s3_srvr_8_cil.sk:420:81: unexpected token: switch_1_8466
/host/s3_srvr_8_cil.sk:438:81: unexpected token: switch_1_8496
/host/s3_srvr_8_cil.sk:441:81: unexpected token: switch_1_8497
/host/s3_srvr_8_cil.sk:465:81: unexpected token: switch_1_8512
/host/s3_srvr_8_cil.sk:468:81: unexpected token: switch_1_8513
/host/s3_srvr_8_cil.sk:472:83: unexpected token: __cil_tmp56
/host/s3_srvr_8_cil.sk:472:97: unexpected token: (
/host/s3_srvr_8_cil.sk:472:111: unexpected token: )
/host/s3_srvr_8_cil.sk:473:108: unexpected token: 256
/host/s3_srvr_8_cil.sk:491:81: unexpected token: switch_1_8528
/host/s3_srvr_8_cil.sk:494:81: unexpected token: switch_1_8529
/host/s3_srvr_8_cil.sk:495:81: unexpected token: l
/host/s3_srvr_8_cil.sk:495:85: unexpected token: (
/host/s3_srvr_8_cil.sk:495:99: unexpected token: )
/host/s3_srvr_8_cil.sk:498:83: unexpected token: __cil_tmp57
/host/s3_srvr_8_cil.sk:498:97: unexpected token: (
/host/s3_srvr_8_cil.sk:498:111: unexpected token: )
/host/s3_srvr_8_cil.sk:499:108: unexpected token: 2097152
/host/s3_srvr_8_cil.sk:515:98: unexpected token: 30
/host/s3_srvr_8_cil.sk:521:100: unexpected token: 1
/host/s3_srvr_8_cil.sk:530:91: unexpected token: __cil_tmp58
/host/s3_srvr_8_cil.sk:530:105: unexpected token: (
/host/s3_srvr_8_cil.sk:530:119: unexpected token: )
/host/s3_srvr_8_cil.sk:531:116: unexpected token: 2
/host/s3_srvr_8_cil.sk:534:95: unexpected token: __cil_tmp59
/host/s3_srvr_8_cil.sk:534:109: unexpected token: (
/host/s3_srvr_8_cil.sk:534:123: unexpected token: )
/host/s3_srvr_8_cil.sk:535:120: unexpected token: 4
/host/s3_srvr_8_cil.sk:549:97: unexpected token: _L___0
/host/s3_srvr_8_cil.sk:586:81: unexpected token: switch_1_8544
/host/s3_srvr_8_cil.sk:589:81: unexpected token: switch_1_8545
/host/s3_srvr_8_cil.sk:610:85: unexpected token: _L___2
/host/s3_srvr_8_cil.sk:612:87: unexpected token: __cil_tmp61
/host/s3_srvr_8_cil.sk:612:101: unexpected token: (
/host/s3_srvr_8_cil.sk:612:115: unexpected token: )
/host/s3_srvr_8_cil.sk:613:112: unexpected token: 256
/host/s3_srvr_8_cil.sk:629:89: unexpected token: _L___1
/host/s3_srvr_8_cil.sk:656:81: unexpected token: switch_1_8560
/host/s3_srvr_8_cil.sk:659:81: unexpected token: switch_1_8561
/host/s3_srvr_8_cil.sk:671:81: unexpected token: switch_1_8448
/host/s3_srvr_8_cil.sk:677:95: unexpected token: 0
/host/s3_srvr_8_cil.sk:689:81: unexpected token: switch_1_8576
/host/s3_srvr_8_cil.sk:692:81: unexpected token: switch_1_8577
/host/s3_srvr_8_cil.sk:717:81: unexpected token: switch_1_8592
/host/s3_srvr_8_cil.sk:720:81: unexpected token: switch_1_8593
/host/s3_srvr_8_cil.sk:731:81: unexpected token: switch_1_8608
/host/s3_srvr_8_cil.sk:734:81: unexpected token: switch_1_8609
/host/s3_srvr_8_cil.sk:745:81: unexpected token: switch_1_8640
/host/s3_srvr_8_cil.sk:748:81: unexpected token: switch_1_8641
/host/s3_srvr_8_cil.sk:788:81: unexpected token: switch_1_8656
/host/s3_srvr_8_cil.sk:791:81: unexpected token: switch_1_8657
/host/s3_srvr_8_cil.sk:836:81: unexpected token: switch_1_8672
/host/s3_srvr_8_cil.sk:839:81: unexpected token: switch_1_8673
/host/s3_srvr_8_cil.sk:880:81: unexpected token: switch_1_3
/host/s3_srvr_8_cil.sk:896:81: unexpected token: switch_1_default
/host/s3_srvr_8_cil.sk:903:81: unexpected token: switch_1_break
/host/s3_srvr_8_cil.sk:1010:7: unexpected token: while_0_break
/host/s3_srvr_8_cil.sk:1014:5: unexpected token: end
/host/s3_srvr_8_cil.sk:1022:5: unexpected token: ERROR
/host/s3_srvr_8_cil.sk:1029:22: expecting an identifier, found ')'
/host/s3_srvr_8_cil.sk:1031:8: expecting RPAREN, found ';'
/host/s3_srvr_8_cil.sk:1033:3: expecting EOF, found '{'
    [0;31m[1659402990.6810 - ERROR] [SKETCH] Program Parse Error: could not parse program[0m
    [0;32m[1659402990.6860 - DEBUG] [SKETCH] stack trace written to file: /root/.sketch/tmp/stacktrace.txt[0m
SKETCH version 1.7.6
Benchmark = /host/s3_srvr_8_cil.sk
Total time = 285
