/host/s3_srvr_7_cil.sk:34:17: unexpected token: l
/host/s3_srvr_7_cil.sk:35:17: unexpected token: Time
/host/s3_srvr_7_cil.sk:36:17: unexpected token: tmp
/host/s3_srvr_7_cil.sk:56:17: unexpected token: __cil_tmp56
/host/s3_srvr_7_cil.sk:57:17: unexpected token: __cil_tmp57
/host/s3_srvr_7_cil.sk:58:17: unexpected token: __cil_tmp58
/host/s3_srvr_7_cil.sk:59:17: unexpected token: __cil_tmp59
/host/s3_srvr_7_cil.sk:61:17: unexpected token: __cil_tmp61
/host/s3_srvr_7_cil.sk:102:9: unexpected token: while_0_continue
/host/s3_srvr_7_cil.sk:319:81: unexpected token: switch_1_12292
/host/s3_srvr_7_cil.sk:322:81: unexpected token: switch_1_16384
/host/s3_srvr_7_cil.sk:325:81: unexpected token: switch_1_8192
/host/s3_srvr_7_cil.sk:328:81: unexpected token: switch_1_24576
/host/s3_srvr_7_cil.sk:331:81: unexpected token: switch_1_8195
/host/s3_srvr_7_cil.sk:390:81: unexpected token: switch_1_8480
/host/s3_srvr_7_cil.sk:393:81: unexpected token: switch_1_8481
/host/s3_srvr_7_cil.sk:406:81: unexpected token: switch_1_8482
/host/s3_srvr_7_cil.sk:410:81: unexpected token: switch_1_8464
/host/s3_srvr_7_cil.sk:413:81: unexpected token: switch_1_8465
/host/s3_srvr_7_cil.sk:416:81: unexpected token: switch_1_8466
/host/s3_srvr_7_cil.sk:434:81: unexpected token: switch_1_8496
/host/s3_srvr_7_cil.sk:437:81: unexpected token: switch_1_8497
/host/s3_srvr_7_cil.sk:461:81: unexpected token: switch_1_8512
/host/s3_srvr_7_cil.sk:464:81: unexpected token: switch_1_8513
/host/s3_srvr_7_cil.sk:468:83: unexpected token: __cil_tmp56
/host/s3_srvr_7_cil.sk:468:97: unexpected token: (
/host/s3_srvr_7_cil.sk:468:111: unexpected token: )
/host/s3_srvr_7_cil.sk:469:108: unexpected token: 256
/host/s3_srvr_7_cil.sk:492:81: unexpected token: switch_1_8528
/host/s3_srvr_7_cil.sk:495:81: unexpected token: switch_1_8529
/host/s3_srvr_7_cil.sk:496:81: unexpected token: l
/host/s3_srvr_7_cil.sk:496:85: unexpected token: (
/host/s3_srvr_7_cil.sk:496:99: unexpected token: )
/host/s3_srvr_7_cil.sk:499:83: unexpected token: __cil_tmp57
/host/s3_srvr_7_cil.sk:499:97: unexpected token: (
/host/s3_srvr_7_cil.sk:499:111: unexpected token: )
/host/s3_srvr_7_cil.sk:500:108: unexpected token: 2097152
/host/s3_srvr_7_cil.sk:516:98: unexpected token: 30
/host/s3_srvr_7_cil.sk:522:100: unexpected token: 1
/host/s3_srvr_7_cil.sk:531:91: unexpected token: __cil_tmp58
/host/s3_srvr_7_cil.sk:531:105: unexpected token: (
/host/s3_srvr_7_cil.sk:531:119: unexpected token: )
/host/s3_srvr_7_cil.sk:532:116: unexpected token: 2
/host/s3_srvr_7_cil.sk:535:95: unexpected token: __cil_tmp59
/host/s3_srvr_7_cil.sk:535:109: unexpected token: (
/host/s3_srvr_7_cil.sk:535:123: unexpected token: )
/host/s3_srvr_7_cil.sk:536:120: unexpected token: 4
/host/s3_srvr_7_cil.sk:550:97: unexpected token: _L___0
/host/s3_srvr_7_cil.sk:592:81: unexpected token: switch_1_8544
/host/s3_srvr_7_cil.sk:595:81: unexpected token: switch_1_8545
/host/s3_srvr_7_cil.sk:616:85: unexpected token: _L___2
/host/s3_srvr_7_cil.sk:618:87: unexpected token: __cil_tmp61
/host/s3_srvr_7_cil.sk:618:101: unexpected token: (
/host/s3_srvr_7_cil.sk:618:115: unexpected token: )
/host/s3_srvr_7_cil.sk:619:112: unexpected token: 256
/host/s3_srvr_7_cil.sk:635:89: unexpected token: _L___1
/host/s3_srvr_7_cil.sk:667:81: unexpected token: switch_1_8560
/host/s3_srvr_7_cil.sk:670:81: unexpected token: switch_1_8561
/host/s3_srvr_7_cil.sk:682:81: unexpected token: switch_1_8448
/host/s3_srvr_7_cil.sk:683:92: unexpected token: 0
/host/s3_srvr_7_cil.sk:687:95: unexpected token: 0
/host/s3_srvr_7_cil.sk:699:81: unexpected token: switch_1_8576
/host/s3_srvr_7_cil.sk:702:81: unexpected token: switch_1_8577
/host/s3_srvr_7_cil.sk:727:81: unexpected token: switch_1_8592
/host/s3_srvr_7_cil.sk:730:81: unexpected token: switch_1_8593
/host/s3_srvr_7_cil.sk:741:81: unexpected token: switch_1_8608
/host/s3_srvr_7_cil.sk:744:81: unexpected token: switch_1_8609
/host/s3_srvr_7_cil.sk:755:81: unexpected token: switch_1_8640
/host/s3_srvr_7_cil.sk:758:81: unexpected token: switch_1_8641
/host/s3_srvr_7_cil.sk:782:81: unexpected token: switch_1_8656
/host/s3_srvr_7_cil.sk:785:81: unexpected token: switch_1_8657
/host/s3_srvr_7_cil.sk:830:81: unexpected token: switch_1_8672
/host/s3_srvr_7_cil.sk:833:81: unexpected token: switch_1_8673
/host/s3_srvr_7_cil.sk:858:81: unexpected token: switch_1_3
/host/s3_srvr_7_cil.sk:874:81: unexpected token: switch_1_default
/host/s3_srvr_7_cil.sk:881:81: unexpected token: switch_1_break
/host/s3_srvr_7_cil.sk:988:7: unexpected token: while_0_break
/host/s3_srvr_7_cil.sk:992:5: unexpected token: end
/host/s3_srvr_7_cil.sk:1000:5: unexpected token: ERROR
/host/s3_srvr_7_cil.sk:1007:22: expecting an identifier, found ')'
/host/s3_srvr_7_cil.sk:1009:8: expecting RPAREN, found ';'
/host/s3_srvr_7_cil.sk:1011:3: expecting EOF, found '{'
    [0;31m[1659402754.9190 - ERROR] [SKETCH] Program Parse Error: could not parse program[0m
    [0;32m[1659402754.9370 - DEBUG] [SKETCH] stack trace written to file: /root/.sketch/tmp/stacktrace.txt[0m
SKETCH version 1.7.6
Benchmark = /host/s3_srvr_7_cil.sk
Total time = 292
