(transform N7datalog13mk_coi_filterE...no-op 0s)
(transform N7datalog25mk_interp_tail_simplifierE...10 rules 0.238s)
(transform N7datalog27mk_quantifier_instantiationE...no-op 0s)
(transform N7datalog8mk_scaleE...no-op 0s)
(transform N7datalog18mk_karr_invariantsE...no-op 0s)
(transform N7datalog14mk_array_blastE...no-op 0s)
(transform N7datalog16mk_elim_term_iteE...no-op 0s)
(transform N7datalog22mk_subsumption_checkerE...9 rules 0.102s)
(transform N7datalog12mk_bit_blastE...no-op 0s)
(transform N7datalog15mk_rule_inlinerE...no-op 0s)
(transform N7datalog13mk_coi_filterE...no-op 0s)
(transform N7datalog25mk_interp_tail_simplifierE...9 rules 0.009s)
(transform N7datalog22mk_subsumption_checkerE...no-op 0s)
(transform N7datalog15mk_rule_inlinerE...no-op 0s)
(transform N7datalog13mk_coi_filterE...no-op 0s)
(transform N7datalog25mk_interp_tail_simplifierE...9 rules 0.009s)
(transform N7datalog22mk_subsumption_checkerE...no-op 0s)
(transform N7datalog15mk_rule_inlinerE...no-op 0s)
(transform N7datalog22mk_subsumption_checkerE...no-op 0s)
(transform N7datalog15mk_rule_inlinerE...no-op 0s)
(transform N7datalog22mk_subsumption_checkerE...no-op 0s)
(transform N7datalog15mk_rule_inlinerE...no-op 0s)
(transform N7datalog22mk_subsumption_checkerE...no-op 0s)
expand: query!0 (0, 0) FAR  w(0) 1. F 0.00
(spacer::context::check_reachability :time 0.00 :before-memory 22.00 :after-memory 22.34)
Entering level 1
expand: query!0 (1, 0) FAR  w(0) 1.
	create_child: main@entry!_BAD (0, 1) FAR 1 U 0.00
expand: main@entry!_BAD (0, 0) FAR  w(0) 1. F 0.05
expand: query!0 (1, 0) FAR  w(0) 1. F 0.00
(spacer::context::check_reachability :time 0.05 :before-memory 22.34 :after-memory 36.88)
Propagating: 0 (smt.stats :restarts  :decisions  :clauses/bin     :simplify   :memory)
(smt.stats      :conflicts  :propagations   :lemmas     :deletions   )
(smt.stats    0    102   3354  47789 22995/0   218     0    0   38.00)
1  ! 2 
(spacer::context::propagate :time 0.04 :before-memory 36.88 :after-memory 40.01)
Entering level 2
expand: query!0 (2, 0) FAR  w(0) 1.
	create_child: main@entry!_BAD (1, 2) FAR 1 U 0.00
expand: main@entry!_BAD (1, 0) FAR  w(0) 1(smt.stats    1    208  12480 105197 23039/0   407     0    0   40.45)
(smt.stats    2    309  17936 158162 23145/0   566     0    0   40.99)
(smt.stats    3    420  21782 200696 23184/0   731     0    0   42.66)
(smt.stats    4    521  23307 260190 23288/0   846     0    0   43.31)
.
	create_child: main@entry (0, 2) FAR 1 U 0.19
expand: main@entry (0, 0) FAR  w(0) 1(smt.stats :restarts  :decisions  :clauses/bin     :simplify   :memory)
(smt.stats      :conflicts  :propagations   :lemmas     :deletions   )
(smt.stats    0    101   2603  29318 22578/0   101     0    0   64.44)
(smt.stats    1    202   7129  84279 22578/0   203     0    0   64.76)
(smt.stats    2    313  11401 132459 22582/0   314     0    0   65.18)
(smt.stats    3    414  12657 158586 22624/0   415     0    0   66.10)
(smt.stats    4    525  17008 218142 22624/0   526     0    0   66.42)
(smt.stats    5    647  17572 274574 22624/0   649     0    0   67.74)
(smt.stats    6    748  17846 307591 22624/0   750     0    0   69.62)
. F 0.58
expand: main@entry!_BAD (1, 0) FAR  w(0) 1. F 0.00
expand: query!0 (2, 0) FAR  w(0) 1. F 0.00
(spacer::context::check_reachability :time 0.77 :before-memory 40.01 :after-memory 72.10)
Propagating: 0 (smt.stats    7    921  22588 372707 22578/0   921     0    0   71.99)
(smt.stats :restarts :decisions   :clauses/bin     :simplify   :memory)
(smt.stats     :conflicts  :propagations   :lemmas      :deletions   )
(smt.stats    8   1022  34555 474664 22579/0  1022     0    0   72.08)
1 2  ! 3 
(spacer::context::propagate :time 0.13 :before-memory 72.10 :after-memory 73.62)
Entering level 3
expand: query!0 (3, 0) FAR  w(0) 1.
	create_child: main@entry!_BAD (2, 3) FAR 1 U 0.00
expand: main@entry!_BAD (2, 0) FAR  w(0) 1.
	create_child: main@entry (1, 3) FAR 1 U 0.03
expand: main@entry (1, 0) FAR  w(0) 1.
	create_child: main@_314 (0, 3) FAR 241068 U 0.10
expand: main@_314 (0, 0) FAR  w(0) 241068. F 0.00
expand: main@entry (1, 0) FAR  w(0) 1.
	create_child: main@_567 (0, 3) FAR 241924 U 0.11
expand: main@_567 (0, 0) FAR  w(0) 241924. F 0.01
expand: main@entry (1, 0) FAR  w(0) 1.
	create_child: main@_567 (0, 3) FAR 244995 U 0.09
expand: main@_567 (0, 0) FAR  w(0) 244995. F 0.00
expand: main@entry (1, 0) FAR  w(0) 1.
	create_child: main@_567 (0, 3) FAR 245195 U 0.08
expand: main@_567 (0, 0) FAR  w(0) 245195. F 0.00
expand: main@entry (1, 0) FAR  w(0) 1. F 0.26
expand: main@entry!_BAD (2, 0) FAR  w(0) 1. F 0.00
expand: query!0 (3, 0) FAR  w(0) 1. F 0.00
(spacer::context::check_reachability :time 0.69 :before-memory 73.62 :after-memory 83.25)
Propagating: 0 1 2 3  ! 4 
(spacer::context::propagate :time 0.04 :before-memory 83.25 :after-memory 83.38)
Entering level 4
expand: query!0 (4, 0) FAR  w(0) 1.
	create_child: main@entry!_BAD (3, 4) FAR 1 U 0.00
expand: main@entry!_BAD (3, 0) FAR  w(0) 1.
	create_child: main@entry (2, 4) FAR 1 U 0.02
expand: main@entry (2, 0) FAR  w(0) 1.
	create_child: main@_314 (1, 4) FAR 241068 U 0.02
expand: main@_314 (1, 0) FAR  w(0) 241068.
	create_child: main@_314!_Cond (0, 4) FAR 248016 U 0.00
expand: main@_314!_Cond (0, 0) FAR  w(0) 248016. F 0.01
expand: main@_314 (1, 0) FAR  w(0) 241068. F 0.00
expand: main@entry (2, 0) FAR  w(0) 1. F 0.24
expand: main@entry!_BAD (3, 0) FAR  w(0) 1. F 0.00
expand: query!0 (4, 0) FAR  w(0) 1. F 0.00
(spacer::context::check_reachability :time 0.29 :before-memory 83.38 :after-memory 88.00)
Propagating: 0 1 2 3 4  ! 5 
(spacer::context::propagate :time 0.02 :before-memory 88.00 :after-memory 88.31)
Entering level 5
expand: query!0 (5, 0) FAR  w(0) 1.
	create_child: main@entry!_BAD (4, 5) FAR 1 U 0.00
expand: main@entry!_BAD (4, 0) FAR  w(0) 1.
	create_child: main@entry (3, 5) FAR 1 U 0.02
expand: main@entry (3, 0) FAR  w(0) 1.
	create_child: main@_314 (2, 5) FAR 241068 U 0.02
expand: main@_314 (2, 0) FAR  w(0) 241068.
	create_child: main@_314!_Cond (1, 5) FAR 248016 U 0.00
expand: main@_314!_Cond (1, 0) FAR  w(0) 248016.
	create_child: main@_567 (0, 5) FAR 248328 U 0.00
expand: main@_567 (0, 0) FAR  w(0) 248328. F 0.00
expand: main@_314!_Cond (1, 0) FAR  w(0) 248016. F 0.01
expand: main@_314 (2, 0) FAR  w(0) 241068. F 0.00
expand: main@entry (3, 0) FAR  w(0) 1. F 0.25
expand: main@entry!_BAD (4, 0) FAR  w(0) 1. F 0.00
expand: query!0 (5, 0) FAR  w(0) 1. F 0.00
(spacer::context::check_reachability :time 0.31 :before-memory 88.31 :after-memory 88.27)
Propagating: 0 1 2 
(spacer::context::propagate :time 0.00 :before-memory 88.27 :after-memory 88.27)
(define-fun main@entry!_BAD () Bool
  false)
(define-fun main@_314!_Cond ((x!0 Int)
 (x!1 Int)
 (x!2 Int)
 (x!3 Int)
 (x!4 Int)
 (x!5 Int)
 (x!6 Int)
 (x!7 Int)
 (x!8 Int)
 (x!9 Int)
 (x!10 (Array Int Int))
 (x!11 (Array Int Int))
 (x!12 (Array Int Int))
 (x!13 (Array Int Int))
 (x!14 (Array Int Int))
 (x!15 (Array Int Int))
 (x!16 (Array Int Int))
 (x!17 (Array Int Int))
 (x!18 (Array Int Int))
 (x!19 (Array Int Int))
 (x!20 Int)) Bool
  (or (<= (select x!10 x!0) 0) (not (<= x!20 0)) (not (= (select x!19 x!5) 1))))
(define-fun main@_314 ((x!0 Int)
 (x!1 (Array Int Int))
 (x!2 Int)
 (x!3 (Array Int Int))
 (x!4 Int)
 (x!5 (Array Int Int))
 (x!6 Int)
 (x!7 (Array Int Int))
 (x!8 Int)
 (x!9 (Array Int Int))
 (x!10 Int)
 (x!11 Int)
 (x!12 Int)
 (x!13 Int)
 (x!14 (Array Int Int))
 (x!15 (Array Int Int))
 (x!16 (Array Int Int))
 (x!17 Int)
 (x!18 (Array Int Int))
 (x!19 Int)) Bool
  (or (not (= (select x!18 x!12) 1)) (<= (select x!7 x!8) 0)))
(define-fun main@entry ((x!0 Int)) Bool
  false)
(define-fun main@_320 ((x!0 Int)
 (x!1 (Array Int Int))
 (x!2 Int)
 (x!3 (Array Int Int))
 (x!4 Int)
 (x!5 (Array Int Int))
 (x!6 Int)
 (x!7 (Array Int Int))
 (x!8 Int)
 (x!9 (Array Int Int))
 (x!10 Int)
 (x!11 Int)
 (x!12 Int)
 (x!13 Int)
 (x!14 (Array Int Int))
 (x!15 (Array Int Int))
 (x!16 (Array Int Int))
 (x!17 Int)
 (x!18 (Array Int Int))) Bool
  true)
(define-fun main@_567 ((x!0 Int)
 (x!1 (Array Int Int))
 (x!2 Int)
 (x!3 (Array Int Int))
 (x!4 Int)
 (x!5 (Array Int Int))
 (x!6 Int)
 (x!7 (Array Int Int))
 (x!8 Int)
 (x!9 (Array Int Int))
 (x!10 Int)
 (x!11 Int)
 (x!12 Int)
 (x!13 Int)
 (x!14 (Array Int Int))
 (x!15 (Array Int Int))
 (x!16 (Array Int Int))
 (x!17 Int)
 (x!18 (Array Int Int))
 (x!19 Int)) Bool
  (or (not (<= x!19 0)) (not (= (select x!18 x!12) 1)) (= (select x!7 x!8) 0)))
