(transform N7datalog13mk_coi_filterE...no-op 0s)
(transform N7datalog25mk_interp_tail_simplifierE...10 rules 0.109s)
(transform N7datalog27mk_quantifier_instantiationE...no-op 0s)
(transform N7datalog8mk_scaleE...no-op 0s)
(transform N7datalog18mk_karr_invariantsE...no-op 0s)
(transform N7datalog14mk_array_blastE...no-op 0s)
(transform N7datalog16mk_elim_term_iteE...no-op 0s)
(transform N7datalog22mk_subsumption_checkerE...9 rules 0.034s)
(transform N7datalog12mk_bit_blastE...no-op 0s)
(transform N7datalog15mk_rule_inlinerE...no-op 0s)
(transform N7datalog13mk_coi_filterE...no-op 0s)
(transform N7datalog25mk_interp_tail_simplifierE...9 rules 0.007s)
(transform N7datalog22mk_subsumption_checkerE...no-op 0s)
(transform N7datalog15mk_rule_inlinerE...no-op 0s)
(transform N7datalog13mk_coi_filterE...no-op 0s)
(transform N7datalog25mk_interp_tail_simplifierE...9 rules 0.006s)
(transform N7datalog22mk_subsumption_checkerE...no-op 0s)
(transform N7datalog15mk_rule_inlinerE...no-op 0s)
(transform N7datalog22mk_subsumption_checkerE...no-op 0s)
(transform N7datalog15mk_rule_inlinerE...no-op 0s)
(transform N7datalog22mk_subsumption_checkerE...no-op 0s)
(transform N7datalog15mk_rule_inlinerE...no-op 0s)
(transform N7datalog22mk_subsumption_checkerE...no-op 0s)
expand: query!0 (0, 0) FAR  w(0) 1. F 0.00
(spacer::context::check_reachability :time 0.00 :before-memory 19.44 :after-memory 19.64)
Entering level 1
expand: query!0 (1, 0) FAR  w(0) 1.
	create_child: main@entry!_BAD (0, 1) FAR 1 U 0.00
expand: main@entry!_BAD (0, 0) FAR  w(0) 1. F 0.03
expand: query!0 (1, 0) FAR  w(0) 1. F 0.00
(spacer::context::check_reachability :time 0.03 :before-memory 19.64 :after-memory 27.02)
Propagating: 0 (smt.stats :restarts  :decisions  :clauses/bin     :simplify   :memory)
(smt.stats      :conflicts  :propagations   :lemmas     :deletions   )
(smt.stats    0    102   1443  32344 13205/0   207     0    0   27.75)
1  ! 2 
(spacer::context::propagate :time 0.02 :before-memory 27.02 :after-memory 28.89)
Entering level 2
expand: query!0 (2, 0) FAR  w(0) 1.
	create_child: main@entry!_BAD (1, 2) FAR 1 U 0.00
expand: main@entry!_BAD (1, 0) FAR  w(0) 1(smt.stats    1    204   8054  66374 13226/0   390     0    0   31.90)
.
	create_child: main@entry (0, 2) FAR 1 U 0.04
expand: main@entry (0, 0) FAR  w(0) 1(smt.stats :restarts  :decisions  :clauses/bin     :simplify   :memory)
(smt.stats      :conflicts  :propagations   :lemmas     :deletions   )
(smt.stats    0    101   4951  26719 19522/0   101     0    0   44.64)
(smt.stats    1    203   6462  52197 19537/0   204     0    0   45.25)
. F 0.11
expand: main@entry!_BAD (1, 0) FAR  w(0) 1. F 0.00
expand: query!0 (2, 0) FAR  w(0) 1. F 0.00
(spacer::context::check_reachability :time 0.16 :before-memory 28.89 :after-memory 45.49)
Propagating: 0 1 2  ! 3 
(spacer::context::propagate :time 0.02 :before-memory 45.49 :after-memory 47.55)
Entering level 3
expand: query!0 (3, 0) FAR  w(0) 1.
	create_child: main@entry!_BAD (2, 3) FAR 1 U 0.00
expand: main@entry!_BAD (2, 0) FAR  w(0) 1.
	create_child: main@entry (1, 3) FAR 1 U 0.01
expand: main@entry (1, 0) FAR  w(0) 1(smt.stats    2    378  24916 104268 19574/0   437     0    0   48.34)
(smt.stats    3    523  37847 167029 19587/0   584     0    0   48.67)
.
	create_child: main@_721 (0, 3) FAR 155954 U 0.08
expand: main@_721 (0, 0) FAR  w(0) 155954. F 0.00
expand: main@entry (1, 0) FAR  w(0) 1.
	create_child: main@IofCallDriver.exit52.i.i (0, 3) FAR 154769 U 0.02
expand: main@IofCallDriver.exit52.i.i (0, 0) FAR  w(0) 154769. F 0.01
expand: main@entry (1, 0) FAR  w(0) 1.
	create_child: main@IofCallDriver.exit52.i.i (0, 3) FAR 154475 U 0.02
expand: main@IofCallDriver.exit52.i.i (0, 0) FAR  w(0) 154475. F 0.00
expand: main@entry (1, 0) FAR  w(0) 1.
	create_child: main@IofCallDriver.exit52.i.i (0, 3) FAR 159027 U 0.02
expand: main@IofCallDriver.exit52.i.i (0, 0) FAR  w(0) 159027. F 0.00
expand: main@entry (1, 0) FAR  w(0) 1.
	create_child: main@IofCallDriver.exit52.i.i (0, 3) FAR 160235 U 0.02
expand: main@IofCallDriver.exit52.i.i (0, 0) FAR  w(0) 160235. F 0.00
expand: main@entry (1, 0) FAR  w(0) 1.
	create_child: main@IofCallDriver.exit52.i.i (0, 3) FAR 160954 U 0.02
expand: main@IofCallDriver.exit52.i.i (0, 0) FAR  w(0) 160954. F 0.01
expand: main@entry (1, 0) FAR  w(0) 1.
	create_child: main@IofCallDriver.exit52.i.i (0, 3) FAR 162535 U 0.03
expand: main@IofCallDriver.exit52.i.i (0, 0) FAR  w(0) 162535. F 0.00
expand: main@entry (1, 0) FAR  w(0) 1. F 0.04
expand: main@entry!_BAD (2, 0) FAR  w(0) 1. F 0.00
expand: query!0 (3, 0) FAR  w(0) 1. F 0.00
(spacer::context::check_reachability :time 0.28 :before-memory 47.55 :after-memory 54.95)
Propagating: 0 1 2 3  ! 4 
(spacer::context::propagate :time 0.02 :before-memory 54.95 :after-memory 55.09)
Entering level 4
expand: query!0 (4, 0) FAR  w(0) 1.
	create_child: main@entry!_BAD (3, 4) FAR 1 U 0.00
expand: main@entry!_BAD (3, 0) FAR  w(0) 1.
	create_child: main@entry (2, 4) FAR 1 U 0.01
expand: main@entry (2, 0) FAR  w(0) 1.
	create_child: main@_721 (1, 4) FAR 155954 U 0.02
expand: main@_721 (1, 0) FAR  w(0) 155954.
	create_child: main@_721!_Cond (0, 4) FAR 163607 U 0.00
expand: main@_721!_Cond (0, 0) FAR  w(0) 163607. F 0.00
expand: main@_721 (1, 0) FAR  w(0) 155954. F 0.00
expand: main@entry (2, 0) FAR  w(0) 1. F 0.04
expand: main@entry!_BAD (3, 0) FAR  w(0) 1. F 0.00
expand: query!0 (4, 0) FAR  w(0) 1. F 0.00
(spacer::context::check_reachability :time 0.07 :before-memory 55.09 :after-memory 58.07)
Propagating: 0 1 2 3 4  ! 5 
(spacer::context::propagate :time 0.02 :before-memory 58.07 :after-memory 58.26)
Entering level 5
expand: query!0 (5, 0) FAR  w(0) 1.
	create_child: main@entry!_BAD (4, 5) FAR 1 U 0.00
expand: main@entry!_BAD (4, 0) FAR  w(0) 1.
	create_child: main@entry (3, 5) FAR 1 U 0.01
expand: main@entry (3, 0) FAR  w(0) 1.
	create_child: main@_721 (2, 5) FAR 155954 U 0.02
expand: main@_721 (2, 0) FAR  w(0) 155954.
	create_child: main@_721!_Cond (1, 5) FAR 163607 U 0.00
expand: main@_721!_Cond (1, 0) FAR  w(0) 163607. F 0.00
expand: main@_721 (2, 0) FAR  w(0) 155954. F 0.00
expand: main@entry (3, 0) FAR  w(0) 1.
	create_child: main@_721 (2, 5) FAR 164541 U 0.02
expand: main@_721 (2, 0) FAR  w(0) 164541.
	create_child: main@_721!_Cond (1, 5) FAR 164868 U 0.00
expand: main@_721!_Cond (1, 0) FAR  w(0) 164868. F 0.00
expand: main@_721 (2, 0) FAR  w(0) 164541. F 0.00
expand: main@entry (3, 0) FAR  w(0) 1.
	create_child: main@_721 (2, 5) FAR 165490 U 0.02
expand: main@_721 (2, 0) FAR  w(0) 165490.
	create_child: main@_721!_Cond (1, 5) FAR 165587 U 0.00
expand: main@_721!_Cond (1, 0) FAR  w(0) 165587. F 0.01
expand: main@_721 (2, 0) FAR  w(0) 165490. F 0.00
expand: main@entry (3, 0) FAR  w(0) 1. F 0.04
expand: main@entry!_BAD (4, 0) FAR  w(0) 1. F 0.00
expand: query!0 (5, 0) FAR  w(0) 1. F 0.00
(spacer::context::check_reachability :time 0.13 :before-memory 58.26 :after-memory 58.36)
Propagating: 1 2 
(spacer::context::propagate :time 0.00 :before-memory 58.36 :after-memory 58.36)
(define-fun main@entry!_BAD () Bool
  false)
(define-fun main@_724 ((x!0 Int)
 (x!1 (Array Int Int))
 (x!2 Int)
 (x!3 (Array Int Int))
 (x!4 Int)
 (x!5 (Array Int Int))
 (x!6 Int)
 (x!7 Int)
 (x!8 (Array Int Int))
 (x!9 Int)
 (x!10 (Array Int Int))
 (x!11 Int)
 (x!12 Int)
 (x!13 (Array Int Int))
 (x!14 Int)
 (x!15 (Array Int Int))
 (x!16 (Array Int Int))
 (x!17 (Array Int Int))
 (x!18 Int)) Bool
  true)
(define-fun main@IofCallDriver.exit52.i.i ((x!0 Int)
 (x!1 (Array Int Int))
 (x!2 Int)
 (x!3 (Array Int Int))
 (x!4 Int)
 (x!5 (Array Int Int))
 (x!6 Int)
 (x!7 Int)
 (x!8 (Array Int Int))
 (x!9 Int)
 (x!10 (Array Int Int))
 (x!11 Int)
 (x!12 Int)
 (x!13 Int)
 (x!14 (Array Int Int))
 (x!15 (Array Int Int))
 (x!16 (Array Int Int))
 (x!17 (Array Int Int))
 (x!18 Int)) Bool
  (let ((a!1 (or (= (select x!1 x!2) 0)
                 (not (= (select x!16 x!7) 2))
                 (not (<= x!18 0))))
        (a!2 (or (not (= x!18 (- 1073741823)))
                 (not (= (select x!15 x!0) (- 1073741823)))
                 (not (= (select x!16 x!7) 4))
                 (<= (select x!5 x!6) 0)))
        (a!3 (or (not (= x!18 0))
                 (<= (select x!5 x!6) 0)
                 (not (= (select x!16 x!7) 4))
                 (not (= (select x!15 x!0) 0))))
        (a!4 (or (<= (select x!5 x!6) 0)
                 (not (= (select x!16 x!7) 4))
                 (not (= (select x!15 x!0) 259))
                 (not (= x!18 259)))))
    (and a!1 a!2 a!3 a!4)))
(define-fun main@entry ((x!0 Int)) Bool
  false)
(define-fun main@_721 ((x!0 Int)
 (x!1 (Array Int Int))
 (x!2 Int)
 (x!3 (Array Int Int))
 (x!4 Int)
 (x!5 (Array Int Int))
 (x!6 Int)
 (x!7 Int)
 (x!8 (Array Int Int))
 (x!9 Int)
 (x!10 (Array Int Int))
 (x!11 Int)
 (x!12 Int)
 (x!13 (Array Int Int))
 (x!14 Int)
 (x!15 (Array Int Int))
 (x!16 (Array Int Int))
 (x!17 (Array Int Int))
 (x!18 Int)
 (x!19 Int)) Bool
  (let ((a!1 (or (not (= (select x!17 x!7) 4))
                 (<= (select x!5 x!6) 0)
                 (not (= x!18 0))
                 (not (= (select x!16 x!0) 0))))
        (a!2 (or (not (= (select x!16 x!0) (- 1073741823)))
                 (not (= x!18 (- 1073741823)))
                 (not (= (select x!17 x!7) 4))
                 (<= (select x!5 x!6) 0)))
        (a!3 (or (not (= x!18 259))
                 (not (= (select x!16 x!0) 259))
                 (not (= (select x!17 x!7) 4))
                 (<= (select x!5 x!6) 0))))
    (and a!1 a!2 a!3)))
(define-fun main@_721!_Cond ((x!0 Int)
 (x!1 Int)
 (x!2 Int)
 (x!3 Int)
 (x!4 Int)
 (x!5 Int)
 (x!6 Int)
 (x!7 Int)
 (x!8 Int)
 (x!9 (Array Int Int))
 (x!10 (Array Int Int))
 (x!11 (Array Int Int))
 (x!12 (Array Int Int))
 (x!13 (Array Int Int))
 (x!14 (Array Int Int))
 (x!15 (Array Int Int))
 (x!16 Int)
 (x!17 (Array Int Int))
 (x!18 (Array Int Int))
 (x!19 (Array Int Int))
 (x!20 (Array Int Int))
 (x!21 (Array Int Int))
 (x!22 (Array Int Int))
 (x!23 Int)) Bool
  (let ((a!1 (or (<= (select x!11 x!2) 0)
                 (not (= (select x!20 x!5) 4))
                 (not (= (select x!19 x!7) 0))
                 (not (= x!23 0))))
        (a!2 (or (<= (select x!11 x!2) 0)
                 (not (= x!23 259))
                 (not (= (select x!19 x!7) 259))
                 (not (= (select x!20 x!5) 4))))
        (a!3 (or (<= (select x!11 x!2) 0)
                 (not (= x!23 (- 1073741823)))
                 (not (= (select x!19 x!7) (- 1073741823)))
                 (not (= (select x!20 x!5) 4)))))
    (and a!1 a!2 a!3)))
