(transform N7datalog13mk_coi_filterE...no-op 0s)
(transform N7datalog25mk_interp_tail_simplifierE...11 rules 0.088s)
(transform N7datalog27mk_quantifier_instantiationE...no-op 0s)
(transform N7datalog8mk_scaleE...no-op 0s)
(transform N7datalog18mk_karr_invariantsE...no-op 0s)
(transform N7datalog14mk_array_blastE...no-op 0s)
(transform N7datalog16mk_elim_term_iteE...no-op 0s)
(transform N7datalog22mk_subsumption_checkerE...10 rules 0.017s)
(transform N7datalog12mk_bit_blastE...no-op 0s)
(transform N7datalog15mk_rule_inlinerE...no-op 0s)
(transform N7datalog13mk_coi_filterE...no-op 0s)
(transform N7datalog25mk_interp_tail_simplifierE...10 rules 0.009s)
(transform N7datalog22mk_subsumption_checkerE...no-op 0s)
(transform N7datalog15mk_rule_inlinerE...no-op 0s)
(transform N7datalog13mk_coi_filterE...no-op 0s)
(transform N7datalog25mk_interp_tail_simplifierE...10 rules 0.007s)
(transform N7datalog22mk_subsumption_checkerE...no-op 0s)
(transform N7datalog15mk_rule_inlinerE...no-op 0s)
(transform N7datalog22mk_subsumption_checkerE...no-op 0s)
(transform N7datalog15mk_rule_inlinerE...no-op 0s)
(transform N7datalog22mk_subsumption_checkerE...no-op 0s)
(transform N7datalog15mk_rule_inlinerE...no-op 0s)
(transform N7datalog22mk_subsumption_checkerE...no-op 0s)
expand: query!0 (0, 0) FAR  w(0) 1. F 0.00
(spacer::context::check_reachability :time 0.00 :before-memory 20.22 :after-memory 20.53)
Entering level 1
expand: query!0 (1, 0) FAR  w(0) 1.
	create_child: main@entry!_BAD (0, 1) FAR 1 U 0.00
expand: main@entry!_BAD (0, 0) FAR  w(0) 1. F 0.01
expand: query!0 (1, 0) FAR  w(0) 1. F 0.00
(spacer::context::check_reachability :time 0.01 :before-memory 20.53 :after-memory 23.21)
Propagating: 0 1  ! 2 
(spacer::context::propagate :time 0.00 :before-memory 23.21 :after-memory 23.76)
Entering level 2
expand: query!0 (2, 0) FAR  w(0) 1.
	create_child: main@entry!_BAD (1, 2) FAR 1 U 0.00
expand: main@entry!_BAD (1, 0) FAR  w(0) 1.
	create_child: main@entry (0, 2) FAR 1 U 0.00
expand: main@entry (0, 0) FAR  w(0) 1. F 0.02
expand: main@entry!_BAD (1, 0) FAR  w(0) 1. F 0.00
expand: query!0 (2, 0) FAR  w(0) 1. F 0.00
(spacer::context::check_reachability :time 0.02 :before-memory 23.76 :after-memory 28.28)
Propagating: 0 1 2  ! 3 
(spacer::context::propagate :time 0.00 :before-memory 28.28 :after-memory 28.99)
Entering level 3
expand: query!0 (3, 0) FAR  w(0) 1.
	create_child: main@entry!_BAD (2, 3) FAR 1 U 0.00
expand: main@entry!_BAD (2, 0) FAR  w(0) 1.
	create_child: main@entry (1, 3) FAR 1 U 0.00
expand: main@entry (1, 0) FAR  w(0) 1.
	create_child: main@_12 (0, 3) FAR 83066 U 0.03
expand: main@_12 (0, 0) FAR  w(0) 83066. F 0.00
expand: main@entry (1, 0) FAR  w(0) 1.
	create_child: main@FloppyDeviceControl.exit.i (0, 3) FAR 84023 U 0.01
expand: main@FloppyDeviceControl.exit.i (0, 0) FAR  w(0) 84023. F 0.02
expand: main@entry (1, 0) FAR  w(0) 1.
	create_child: main@FloppyDeviceControl.exit.i (0, 3) FAR 86573 U 0.01
expand: main@FloppyDeviceControl.exit.i (0, 0) FAR  w(0) 86573. F 0.00
expand: main@entry (1, 0) FAR  w(0) 1.
	create_child: main@FloppyDeviceControl.exit.i (0, 3) FAR 86747 U 0.01
expand: main@FloppyDeviceControl.exit.i (0, 0) FAR  w(0) 86747. F 0.00
expand: main@entry (1, 0) FAR  w(0) 1.
	create_child: main@FloppyDeviceControl.exit.i (0, 3) FAR 87480 U 0.01
expand: main@FloppyDeviceControl.exit.i (0, 0) FAR  w(0) 87480. F 0.01
expand: main@entry (1, 0) FAR  w(0) 1.
	create_child: main@FloppyDeviceControl.exit.i (0, 3) FAR 88064 U 0.01
expand: main@FloppyDeviceControl.exit.i (0, 0) FAR  w(0) 88064. F 0.01
expand: main@entry (1, 0) FAR  w(0) 1.
	create_child: main@FloppyDeviceControl.exit.i (0, 3) FAR 88289 U 0.01
expand: main@FloppyDeviceControl.exit.i (0, 0) FAR  w(0) 88289. F 0.01
expand: main@entry (1, 0) FAR  w(0) 1. F 0.01
expand: main@entry!_BAD (2, 0) FAR  w(0) 1. F 0.00
expand: query!0 (3, 0) FAR  w(0) 1. F 0.00
(spacer::context::check_reachability :time 0.14 :before-memory 28.99 :after-memory 35.00)
Propagating: 0 1 2 3  ! 4 
(spacer::context::propagate :time 0.00 :before-memory 35.00 :after-memory 35.10)
Entering level 4
expand: query!0 (4, 0) FAR  w(0) 1.
	create_child: main@entry!_BAD (3, 4) FAR 1 U 0.00
expand: main@entry!_BAD (3, 0) FAR  w(0) 1.
	create_child: main@entry (2, 4) FAR 1 U 0.00
expand: main@entry (2, 0) FAR  w(0) 1.
	create_child: main@_12 (1, 4) FAR 83066 U 0.00
expand: main@_12 (1, 0) FAR  w(0) 83066.
	create_child: main@_12!_Cond (0, 4) FAR 88195 U 0.00
expand: main@_12!_Cond (0, 0) FAR  w(0) 88195. F 0.02
expand: main@_12 (1, 0) FAR  w(0) 83066. F 0.00
expand: main@entry (2, 0) FAR  w(0) 1. F 0.01
expand: main@entry!_BAD (3, 0) FAR  w(0) 1. F 0.00
expand: query!0 (4, 0) FAR  w(0) 1. F 0.00
(spacer::context::check_reachability :time 0.04 :before-memory 35.10 :after-memory 41.17)
Propagating: 0 1 2 3 4  ! 5 
(spacer::context::propagate :time 0.01 :before-memory 41.17 :after-memory 41.88)
Entering level 5
expand: query!0 (5, 0) FAR  w(0) 1.
	create_child: main@entry!_BAD (4, 5) FAR 1 U 0.00
expand: main@entry!_BAD (4, 0) FAR  w(0) 1.
	create_child: main@entry (3, 5) FAR 1 U 0.00
expand: main@entry (3, 0) FAR  w(0) 1.
	create_child: main@_12 (2, 5) FAR 83066 U 0.01
expand: main@_12 (2, 0) FAR  w(0) 83066.
	create_child: main@_12!_Cond (1, 5) FAR 88195 U 0.00
expand: main@_12!_Cond (1, 0) FAR  w(0) 88195.
	create_child: main@FloppyDeviceControl.exit.i (0, 5) FAR 114132 U 0.02
expand: main@FloppyDeviceControl.exit.i (0, 0) FAR  w(0) 114132. F 0.00
expand: main@_12!_Cond (1, 0) FAR  w(0) 88195. F 0.00
expand: main@_12 (2, 0) FAR  w(0) 83066. F 0.00
expand: main@entry (3, 0) FAR  w(0) 1. F 0.01
expand: main@entry!_BAD (4, 0) FAR  w(0) 1. F 0.00
expand: query!0 (5, 0) FAR  w(0) 1. F 0.00
(spacer::context::check_reachability :time 0.04 :before-memory 41.88 :after-memory 43.16)
Propagating: 0 1 
(spacer::context::propagate :time 0.00 :before-memory 43.16 :after-memory 43.16)
(define-fun main@entry!_BAD () Bool
  false)
(define-fun main@FloppyDeviceControl.exit.i ((x!0 Int)
 (x!1 (Array Int Int))
 (x!2 Int)
 (x!3 (Array Int Int))
 (x!4 Int)
 (x!5 (Array Int Int))
 (x!6 Int)
 (x!7 Int)
 (x!8 (Array Int Int))
 (x!9 Int)
 (x!10 (Array Int Int))
 (x!11 Int)
 (x!12 (Array Int Int))
 (x!13 (Array Int Int))
 (x!14 Int)
 (x!15 (Array Int Int))
 (x!16 Int)
 (x!17 Bool)) Bool
  (let ((a!1 (or (= (select x!5 x!6) 0)
                 (not (= (select x!15 x!16) 0))
                 (not (= (select x!12 x!7) 4))
                 (not (= x!14 (- 1073741823)))
                 (not (= (select x!13 x!0) (- 1073741823)))))
        (a!2 (or (not (= (select x!15 x!16) 0))
                 (not (= (select x!12 x!7) 2))
                 (<= (select x!1 x!2) 0)
                 (not (<= x!14 0))))
        (a!3 (or (= (select x!5 x!6) 0)
                 (not (= x!14 259))
                 (not (= (select x!12 x!7) 4))
                 (not (= (select x!13 x!0) 259))))
        (a!4 (or (= (select x!5 x!6) 0)
                 (not (= (select x!15 x!16) 0))
                 (not (= (select x!12 x!7) 4))
                 (not (= x!14 0))
                 (not (= (select x!13 x!0) 0)))))
    (and a!1 x!17 a!2 a!3 a!4)))
(define-fun main@entry ((x!0 Int)) Bool
  false)
(define-fun main@_252 ((x!0 Int)
 (x!1 (Array Int Int))
 (x!2 Int)
 (x!3 (Array Int Int))
 (x!4 Int)
 (x!5 (Array Int Int))
 (x!6 Int)
 (x!7 Int)
 (x!8 (Array Int Int))
 (x!9 Int)
 (x!10 (Array Int Int))
 (x!11 Int)
 (x!12 Int)
 (x!13 (Array Int Int))
 (x!14 (Array Int Int))
 (x!15 (Array Int Int))
 (x!16 (Array Int Int))
 (x!17 Int)
 (x!18 (Array Int Int))
 (x!19 Int)
 (x!20 (Array Int Int))
 (x!21 Int)
 (x!22 (Array Int Int))
 (x!23 Int)
 (x!24 (Array Int Int))
 (x!25 Int)
 (x!26 Int)
 (x!27 (Array Int Int))
 (x!28 Int)
 (x!29 (Array Int Int))) Bool
  true)
(define-fun main@_12 ((x!0 Int)
 (x!1 (Array Int Int))
 (x!2 Int)
 (x!3 (Array Int Int))
 (x!4 Int)
 (x!5 (Array Int Int))
 (x!6 Int)
 (x!7 Int)
 (x!8 (Array Int Int))
 (x!9 Int)
 (x!10 (Array Int Int))
 (x!11 Int)
 (x!12 Int)
 (x!13 (Array Int Int))
 (x!14 (Array Int Int))
 (x!15 (Array Int Int))
 (x!16 (Array Int Int))
 (x!17 Int)
 (x!18 (Array Int Int))
 (x!19 Int)
 (x!20 (Array Int Int))
 (x!21 Int)
 (x!22 (Array Int Int))
 (x!23 Int)
 (x!24 (Array Int Int))
 (x!25 Int)
 (x!26 Int)
 (x!27 (Array Int Int))
 (x!28 Int)
 (x!29 (Array Int Int))
 (x!30 Int)) Bool
  false)
(define-fun main@_12!_Cond ((x!0 Int)
 (x!1 Int)
 (x!2 Int)
 (x!3 Int)
 (x!4 Int)
 (x!5 Int)
 (x!6 Int)
 (x!7 Int)
 (x!8 Int)
 (x!9 Int)
 (x!10 Int)
 (x!11 Int)
 (x!12 Int)
 (x!13 Int)
 (x!14 Int)
 (x!15 (Array Int Int))
 (x!16 (Array Int Int))
 (x!17 (Array Int Int))
 (x!18 (Array Int Int))
 (x!19 (Array Int Int))
 (x!20 (Array Int Int))
 (x!21 (Array Int Int))
 (x!22 (Array Int Int))
 (x!23 (Array Int Int))
 (x!24 (Array Int Int))
 (x!25 (Array Int Int))
 (x!26 (Array Int Int))
 (x!27 (Array Int Int))
 (x!28 (Array Int Int))
 (x!29 (Array Int Int))
 (x!30 (Array Int Int))
 (x!31 (Array Int Int))
 (x!32 (Array Int Int))
 (x!33 Bool)
 (x!34 Int)) Bool
  x!33)
